<?xml version="1.0" encoding="utf-8"?>
<TestRun id="72195bee-2104-48fa-b37a-b2b7cb1aaa86" name="BELGP3@PA_AP-3UINUHLUM 2025-02-28 10:34:03" runUser="PACONSULTING\BELGP3" xmlns="http://microsoft.com/schemas/VisualStudio/TeamTest/2010">
  <Times creation="2025-02-28T10:34:03.4139808+00:00" queuing="2025-02-28T10:34:03.4139810+00:00" start="2025-02-28T10:34:01.5245571+00:00" finish="2025-02-28T10:34:05.1766864+00:00" />
  <TestSettings name="default" id="cf69eb66-aaa3-4db6-ab94-5cf3b1adf553">
    <Deployment runDeploymentRoot="BELGP3_PA_AP-3UINUHLUM_2025-02-28_10_34_03" />
  </TestSettings>
  <Results>
    <UnitTestResult executionId="8d30cbc9-f65e-4434-8a65-7b80f0e8c364" testId="ac12df46-1dd9-ae4c-ac65-43789f18453d" testName="Dft.DTRO.Tests.CodeiumTests.Integration.BoundingBoxJsonConverterTests.WriteJson_ShouldSerializeBoundingBoxToJson" computerName="PA_AP-3UINUHLUM" duration="00:00:00.0064063" startTime="2025-02-28T10:34:03.3521605+00:00" endTime="2025-02-28T10:34:03.3738770+00:00" testType="13cdc9d9-ddb5-4fa4-a97d-d965ccfc6d4b" outcome="Passed" testListId="8c84fa94-04c1-424b-9868-57a2d4851a1d" relativeResultsDirectory="8d30cbc9-f65e-4434-8a65-7b80f0e8c364" />
    <UnitTestResult executionId="c720b27b-25e7-4019-bbb0-25e80f3f3d5d" testId="66c898e9-7c11-a046-a91e-0fd6ccc8277a" testName="Dft.DTRO.Tests.CodeiumTests.Metrics.Service.MetricsServiceTests.GetMetricsForTra_InvalidTraId_ReturnsNull" computerName="PA_AP-3UINUHLUM" duration="00:00:00.0030485" startTime="2025-02-28T10:34:03.4743402+00:00" endTime="2025-02-28T10:34:03.4744497+00:00" testType="13cdc9d9-ddb5-4fa4-a97d-d965ccfc6d4b" outcome="Passed" testListId="8c84fa94-04c1-424b-9868-57a2d4851a1d" relativeResultsDirectory="c720b27b-25e7-4019-bbb0-25e80f3f3d5d" />
    <UnitTestResult executionId="d455b01e-7c97-4719-b751-7c7df93573a5" testId="410b601d-0673-2f5e-b597-4eb411e4a282" testName="Dft.DTRO.Tests.ServicesTests.Validations.SourceValidationServiceTests.ValidateSourceActionType(version: &quot;3.2.4&quot;, actionType: &quot;errorFix&quot;, traCode: 1050, errorCount: 0)" computerName="PA_AP-3UINUHLUM" duration="00:00:00.0004171" startTime="2025-02-28T10:34:03.7478887+00:00" endTime="2025-02-28T10:34:03.7480631+00:00" testType="13cdc9d9-ddb5-4fa4-a97d-d965ccfc6d4b" outcome="Passed" testListId="8c84fa94-04c1-424b-9868-57a2d4851a1d" relativeResultsDirectory="d455b01e-7c97-4719-b751-7c7df93573a5" />
    <UnitTestResult executionId="1f55cf83-662e-42ff-aab1-23693391cc19" testId="e5c7784a-4659-b321-edce-14a7bbafc6f2" testName="Dft.DTRO.Tests.ServicesTests.Validations.GeometryValidationServiceTests.ValidatePointGeometryRepresentation(representation: &quot;centreLinePoint&quot;, schemaVersion: &quot;3.3.0&quot;, errorCount: 0)" computerName="PA_AP-3UINUHLUM" duration="00:00:00.0001552" startTime="2025-02-28T10:34:03.6755021+00:00" endTime="2025-02-28T10:34:03.6758778+00:00" testType="13cdc9d9-ddb5-4fa4-a97d-d965ccfc6d4b" outcome="Passed" testListId="8c84fa94-04c1-424b-9868-57a2d4851a1d" relativeResultsDirectory="1f55cf83-662e-42ff-aab1-23693391cc19" />
    <UnitTestResult executionId="f7005a0f-d553-414b-ae53-1a63e1f35a38" testId="568369f4-b86c-7e7e-0c90-63d6cad1ff1d" testName="Dft.DTRO.Tests.ServicesTests.Validations.JsonLogicValidationTests.AllowValidUsagePeriodEndMissing" computerName="PA_AP-3UINUHLUM" duration="00:00:00.0133819" startTime="2025-02-28T10:34:04.3772199+00:00" endTime="2025-02-28T10:34:04.3912266+00:00" testType="13cdc9d9-ddb5-4fa4-a97d-d965ccfc6d4b" outcome="Passed" testListId="8c84fa94-04c1-424b-9868-57a2d4851a1d" relativeResultsDirectory="f7005a0f-d553-414b-ae53-1a63e1f35a38" />
    <UnitTestResult executionId="c83a2d18-ec83-44dc-bd35-60555cb896d1" testId="6ded2ebe-4a9f-5891-1f86-16b931bfbdfd" testName="Dft.DTRO.Tests.ServicesTests.Validations.SourceValidationServiceTests.ValidateSourceActionType(version: &quot;3.3.0&quot;, actionType: &quot;new&quot;, traCode: 1050, errorCount: 0)" computerName="PA_AP-3UINUHLUM" duration="00:00:00.0003059" startTime="2025-02-28T10:34:03.7486886+00:00" endTime="2025-02-28T10:34:03.7488826+00:00" testType="13cdc9d9-ddb5-4fa4-a97d-d965ccfc6d4b" outcome="Passed" testListId="8c84fa94-04c1-424b-9868-57a2d4851a1d" relativeResultsDirectory="c83a2d18-ec83-44dc-bd35-60555cb896d1" />
    <UnitTestResult executionId="eb5dbf28-5da2-4feb-91d2-8cdbfabbfb0e" testId="127fe8b4-ed00-32dc-e636-3c1d4628ab72" testName="Dft.DTRO.Tests.ServicesTests.Validations.GeometryValidationServiceTests.ValidatePointGeometryPoint(point: &quot;ETR=S89;POINT(100 1000)&quot;, schemaVersion: &quot;3.3.0&quot;, errorCount: 1)" computerName="PA_AP-3UINUHLUM" duration="00:00:00.0001853" startTime="2025-02-28T10:34:03.6384145+00:00" endTime="2025-02-28T10:34:03.6402984+00:00" testType="13cdc9d9-ddb5-4fa4-a97d-d965ccfc6d4b" outcome="Passed" testListId="8c84fa94-04c1-424b-9868-57a2d4851a1d" relativeResultsDirectory="eb5dbf28-5da2-4feb-91d2-8cdbfabbfb0e" />
    <UnitTestResult executionId="bc2327c5-ddcd-4c7c-9bc1-c508bab0093e" testId="78f515b2-5e79-e56f-86ce-a9db10a4bb43" testName="Dft.DTRO.Tests.ServicesTests.Validations.RegulationValidationTests.ValidateGeneralRegulationRegulationType(regulationType: &quot;kerbsideTaxiRank&quot;, errorCount: 0)" computerName="PA_AP-3UINUHLUM" duration="00:00:00.0004574" startTime="2025-02-28T10:34:03.7785676+00:00" endTime="2025-02-28T10:34:03.7804669+00:00" testType="13cdc9d9-ddb5-4fa4-a97d-d965ccfc6d4b" outcome="Passed" testListId="8c84fa94-04c1-424b-9868-57a2d4851a1d" relativeResultsDirectory="bc2327c5-ddcd-4c7c-9bc1-c508bab0093e" />
    <UnitTestResult executionId="5220ed3e-d2c6-4c1d-afcf-af407d788d0f" testId="4124c041-389f-60da-6e08-7b3db34d8629" testName="Dft.DTRO.Tests.ServicesTests.Validations.JsonLogicValidationTests.AllowExternalReferenceLastUpdateDateInThePast" computerName="PA_AP-3UINUHLUM" duration="00:00:00.0154375" startTime="2025-02-28T10:34:04.7711144+00:00" endTime="2025-02-28T10:34:04.7870710+00:00" testType="13cdc9d9-ddb5-4fa4-a97d-d965ccfc6d4b" outcome="Passed" testListId="8c84fa94-04c1-424b-9868-57a2d4851a1d" relativeResultsDirectory="5220ed3e-d2c6-4c1d-afcf-af407d788d0f" />
    <UnitTestResult executionId="e8f8bad6-840c-476c-a59d-4a9b96b6e649" testId="887d079c-f12d-06bb-155b-26e5ab328a53" testName="Dft.DTRO.Tests.ServicesTests.Validations.JsonLogicValidationTests.AllowsUniqueApplicableInstanceOfDayWithinMonthInValidityPeriod" computerName="PA_AP-3UINUHLUM" duration="00:00:00.0100207" startTime="2025-02-28T10:34:04.3665908+00:00" endTime="2025-02-28T10:34:04.3770262+00:00" testType="13cdc9d9-ddb5-4fa4-a97d-d965ccfc6d4b" outcome="Passed" testListId="8c84fa94-04c1-424b-9868-57a2d4851a1d" relativeResultsDirectory="e8f8bad6-840c-476c-a59d-4a9b96b6e649" />
    <UnitTestResult executionId="d89a74e9-dc7f-4ef1-bbb4-e570820245e7" testId="270781d5-bcd1-7d6c-2fff-a08648da3352" testName="Dft.DTRO.Tests.UnitTests.MappingServiceTests.GetProvision_Returns_DtroHistoryProvision" computerName="PA_AP-3UINUHLUM" duration="00:00:00.0132271" startTime="2025-02-28T10:34:03.8981515+00:00" endTime="2025-02-28T10:34:03.8992316+00:00" testType="13cdc9d9-ddb5-4fa4-a97d-d965ccfc6d4b" outcome="Passed" testListId="8c84fa94-04c1-424b-9868-57a2d4851a1d" relativeResultsDirectory="d89a74e9-dc7f-4ef1-bbb4-e570820245e7" />
    <UnitTestResult executionId="84abb151-befb-45b6-a968-13f51f8205b6" testId="1183be4f-e060-ef59-0fc9-4e5f8d0c8376" testName="Dft.DTRO.Tests.ServicesTests.DTROs.GetDtrosTests.GenerateDtrosAsZipAsyncReturnsTrueWhenZipGeneratedSuccessfully" computerName="PA_AP-3UINUHLUM" duration="00:00:00.0010000" startTime="2025-02-28T10:34:03.8161697+00:00" endTime="2025-02-28T10:34:03.8171317+00:00" testType="13cdc9d9-ddb5-4fa4-a97d-d965ccfc6d4b" outcome="NotExecuted" testListId="8c84fa94-04c1-424b-9868-57a2d4851a1d" relativeResultsDirectory="84abb151-befb-45b6-a968-13f51f8205b6">
      <Output>
        <ErrorInfo>
          <Message>Needs refactoring</Message>
        </ErrorInfo>
      </Output>
    </UnitTestResult>
    <UnitTestResult executionId="192ebf1f-fc20-4805-8156-1093854ed3f2" testId="b54b5292-b5ae-21bb-befb-b0ab07043988" testName="Dft.DTRO.Tests.ServicesTests.Validations.RegulationValidationTests.ValidateSpeedLimitValueBasedSpeedValue(mphValue: 20, errorCount: 0)" computerName="PA_AP-3UINUHLUM" duration="00:00:00.0414970" startTime="2025-02-28T10:34:03.5890992+00:00" endTime="2025-02-28T10:34:03.7308608+00:00" testType="13cdc9d9-ddb5-4fa4-a97d-d965ccfc6d4b" outcome="Passed" testListId="8c84fa94-04c1-424b-9868-57a2d4851a1d" relativeResultsDirectory="192ebf1f-fc20-4805-8156-1093854ed3f2" />
    <UnitTestResult executionId="7217dba0-45ee-4643-bfa3-34dd665f3cba" testId="1e2a8714-2480-3d62-956d-fa48c9a99701" testName="Dft.DTRO.Tests.ControllerTests.DTROsControllerTests.GetAllReturnsRecords" computerName="PA_AP-3UINUHLUM" duration="00:00:00.0085409" startTime="2025-02-28T10:34:03.8741174+00:00" endTime="2025-02-28T10:34:03.8760736+00:00" testType="13cdc9d9-ddb5-4fa4-a97d-d965ccfc6d4b" outcome="Passed" testListId="8c84fa94-04c1-424b-9868-57a2d4851a1d" relativeResultsDirectory="7217dba0-45ee-4643-bfa3-34dd665f3cba" />
    <UnitTestResult executionId="3a86b8a2-eb25-43eb-af59-c47009731d23" testId="5175392e-1964-fac0-0535-afd36ea17d7c" testName="Dft.DTRO.Tests.UnitTests.MappingServiceTests.InferIndexFieldsReturnsSampleFiles(path: &quot;../../../TestFiles/D-TROs/3.3.0/JSON-3.3.0-example&quot;···, schemaVersion: &quot;3.3.0&quot;)" computerName="PA_AP-3UINUHLUM" duration="00:00:00.1607782" startTime="2025-02-28T10:34:03.5920417+00:00" endTime="2025-02-28T10:34:03.8787242+00:00" testType="13cdc9d9-ddb5-4fa4-a97d-d965ccfc6d4b" outcome="Passed" testListId="8c84fa94-04c1-424b-9868-57a2d4851a1d" relativeResultsDirectory="3a86b8a2-eb25-43eb-af59-c47009731d23" />
    <UnitTestResult executionId="2b3dfdd6-70a2-487d-8942-dfdbf9a2e9bd" testId="c9909a8a-44d9-96e9-890d-2df82cbd2be5" testName="Dft.DTRO.Tests.ServicesTests.Validations.RateLineValidationServiceTests.ValidateRateLineDurationEnd(conditionType: &quot;Condition&quot;, durationEnd: -10, errorCount: 1)" computerName="PA_AP-3UINUHLUM" duration="00:00:00.0001914" startTime="2025-02-28T10:34:03.3958398+00:00" endTime="2025-02-28T10:34:03.3959245+00:00" testType="13cdc9d9-ddb5-4fa4-a97d-d965ccfc6d4b" outcome="Passed" testListId="8c84fa94-04c1-424b-9868-57a2d4851a1d" relativeResultsDirectory="2b3dfdd6-70a2-487d-8942-dfdbf9a2e9bd" />
    <UnitTestResult executionId="ddfb3d6a-e817-4969-9f8a-217c081c3298" testId="770d934a-987b-8eee-64b6-8ac21a2fa408" testName="Dft.DTRO.Tests.ControllerTests.DTROsControllerTests.CreateFromFileThrowDtroValidationException" computerName="PA_AP-3UINUHLUM" duration="00:00:00.0072417" startTime="2025-02-28T10:34:03.8666575+00:00" endTime="2025-02-28T10:34:03.8694359+00:00" testType="13cdc9d9-ddb5-4fa4-a97d-d965ccfc6d4b" outcome="Passed" testListId="8c84fa94-04c1-424b-9868-57a2d4851a1d" relativeResultsDirectory="ddfb3d6a-e817-4969-9f8a-217c081c3298" />
    <UnitTestResult executionId="3f0763e1-3b79-4192-8ff3-96cf024b7454" testId="38351467-d512-261e-97b3-9069d023da67" testName="Dft.DTRO.Tests.CodeiumTests.Users.Controller.UserControllerSearchSwaCodesTests.SearchSwaCodes_ReturnsOk_WithListOfSwaCodeResponse" computerName="PA_AP-3UINUHLUM" duration="00:00:00.0034725" startTime="2025-02-28T10:34:03.5878438+00:00" endTime="2025-02-28T10:34:03.5935140+00:00" testType="13cdc9d9-ddb5-4fa4-a97d-d965ccfc6d4b" outcome="Passed" testListId="8c84fa94-04c1-424b-9868-57a2d4851a1d" relativeResultsDirectory="3f0763e1-3b79-4192-8ff3-96cf024b7454" />
    <UnitTestResult executionId="a1746319-7afe-412d-929a-bdd4a699994d" testId="af879690-5989-c1c8-8dad-55f54b799d3f" testName="Dft.DTRO.Tests.ServicesTests.Validations.SemanticValidationServiceTests.WhenVersionGeometryIsIntegerReturnsNoError(version: &quot;3.2.4&quot;)" computerName="PA_AP-3UINUHLUM" duration="00:00:00.0011791" startTime="2025-02-28T10:34:03.7523092+00:00" endTime="2025-02-28T10:34:03.7557069+00:00" testType="13cdc9d9-ddb5-4fa4-a97d-d965ccfc6d4b" outcome="Passed" testListId="8c84fa94-04c1-424b-9868-57a2d4851a1d" relativeResultsDirectory="a1746319-7afe-412d-929a-bdd4a699994d" />
    <UnitTestResult executionId="d8548f4a-a43a-4756-882e-a071935d90a4" testId="97072d34-e354-83ee-3b87-9602c598035d" testName="Dft.DTRO.Tests.ServicesTests.Validations.GeometryValidationServiceTests.ValidatePointGeometryRepresentation(representation: &quot;wrong&quot;, schemaVersion: &quot;3.3.0&quot;, errorCount: 1)" computerName="PA_AP-3UINUHLUM" duration="00:00:00.0002105" startTime="2025-02-28T10:34:03.6773298+00:00" endTime="2025-02-28T10:34:03.6775320+00:00" testType="13cdc9d9-ddb5-4fa4-a97d-d965ccfc6d4b" outcome="Passed" testListId="8c84fa94-04c1-424b-9868-57a2d4851a1d" relativeResultsDirectory="d8548f4a-a43a-4756-882e-a071935d90a4" />
    <UnitTestResult executionId="fc8ddcb1-8f21-4450-acd3-f72bbe2406f1" testId="699a6789-0f98-8684-73f7-be09990dfe67" testName="Dft.DTRO.Tests.ServicesTests.Validations.ConditionValidationServiceTests.ValidateConditionReturnsNoErrorsWhenNestedConditionSetItPresent" computerName="PA_AP-3UINUHLUM" duration="00:00:00.0037834" startTime="2025-02-28T10:34:03.4022299+00:00" endTime="2025-02-28T10:34:03.4044971+00:00" testType="13cdc9d9-ddb5-4fa4-a97d-d965ccfc6d4b" outcome="Passed" testListId="8c84fa94-04c1-424b-9868-57a2d4851a1d" relativeResultsDirectory="fc8ddcb1-8f21-4450-acd3-f72bbe2406f1" />
    <UnitTestResult executionId="fcaf966f-ffb7-4f3e-b290-950fc8038ae2" testId="d376d5d6-c61c-c621-ee61-bf16b26099b3" testName="Dft.DTRO.Tests.ServicesTests.Validations.RegulationValidationTests.ValidateRegulationOffListRegulationShortName(shortName: &quot;free text&quot;, errorCount: 0)" computerName="PA_AP-3UINUHLUM" duration="00:00:00.0003728" startTime="2025-02-28T10:34:03.8380278+00:00" endTime="2025-02-28T10:34:03.8382497+00:00" testType="13cdc9d9-ddb5-4fa4-a97d-d965ccfc6d4b" outcome="Passed" testListId="8c84fa94-04c1-424b-9868-57a2d4851a1d" relativeResultsDirectory="fcaf966f-ffb7-4f3e-b290-950fc8038ae2" />
    <UnitTestResult executionId="28193745-9a1e-4c5c-b75b-6dc14b437553" testId="f3a9aa7a-518a-5dfe-ca36-bc0dd5e5c494" testName="Dft.DTRO.Tests.CodeiumTests.Rules.Service.RuleTemplateServiceTests.GetRuleTemplateByIdAsync_NotFound" computerName="PA_AP-3UINUHLUM" duration="00:00:00.0030546" startTime="2025-02-28T10:34:03.5068194+00:00" endTime="2025-02-28T10:34:03.5097918+00:00" testType="13cdc9d9-ddb5-4fa4-a97d-d965ccfc6d4b" outcome="Passed" testListId="8c84fa94-04c1-424b-9868-57a2d4851a1d" relativeResultsDirectory="28193745-9a1e-4c5c-b75b-6dc14b437553" />
    <UnitTestResult executionId="721358bd-8a83-4f83-8ab6-cae615654c08" testId="29e46c4f-1e42-2c61-0d3c-64e97a08aeb4" testName="Dft.DTRO.Tests.UnitTests.Proj4SpatialProjectionTests.CoordinateProjection_ProducesResultsWithinErrorMargin(longitude: -0.12720000000000001, latitude: 51.507399999999997, expectedLongitude: 530068.10720960004, expectedLatitude: 180380.3079476)" computerName="PA_AP-3UINUHLUM" duration="00:00:00.0000110" startTime="2025-02-28T10:34:03.4705577+00:00" endTime="2025-02-28T10:34:03.4706325+00:00" testType="13cdc9d9-ddb5-4fa4-a97d-d965ccfc6d4b" outcome="Passed" testListId="8c84fa94-04c1-424b-9868-57a2d4851a1d" relativeResultsDirectory="721358bd-8a83-4f83-8ab6-cae615654c08" />
    <UnitTestResult executionId="b4e71389-11ce-472a-a0ca-4fab850124a6" testId="32951c26-6c11-4c37-5aca-0ebb7ab293f0" testName="Dft.DTRO.Tests.ServicesTests.Validations.ElementaryStreetUnitValidationServiceTests.ValidateSeveralElementStreetUnitsPresent" computerName="PA_AP-3UINUHLUM" duration="00:00:00.0004387" startTime="2025-02-28T10:34:03.4361820+00:00" endTime="2025-02-28T10:34:03.4381226+00:00" testType="13cdc9d9-ddb5-4fa4-a97d-d965ccfc6d4b" outcome="Passed" testListId="8c84fa94-04c1-424b-9868-57a2d4851a1d" relativeResultsDirectory="b4e71389-11ce-472a-a0ca-4fab850124a6" />
    <UnitTestResult executionId="37c9ebf4-f1ea-40a5-a298-8b12ba9210be" testId="2cc8fb43-7b60-0669-52be-57db8c6ae808" testName="Dft.DTRO.Tests.ServicesTests.Validations.GeometryValidationServiceTests.ValidateLinearGeometryDirection(direction: &quot;&quot;, schemaVersion: &quot;3.3.0&quot;, errorCount: 2)" computerName="PA_AP-3UINUHLUM" duration="00:00:00.0004691" startTime="2025-02-28T10:34:03.6159501+00:00" endTime="2025-02-28T10:34:03.6166450+00:00" testType="13cdc9d9-ddb5-4fa4-a97d-d965ccfc6d4b" outcome="Passed" testListId="8c84fa94-04c1-424b-9868-57a2d4851a1d" relativeResultsDirectory="37c9ebf4-f1ea-40a5-a298-8b12ba9210be" />
    <UnitTestResult executionId="f8473e9b-59a7-4cc9-a287-b2054ab1210d" testId="4a40900e-3b3b-841f-e46e-836b448e1e4b" testName="Dft.DTRO.Tests.ServicesTests.Validations.GeometryValidationServiceTests.ValidatePointGeometryRepresentation(representation: &quot;other&quot;, schemaVersion: &quot;3.3.0&quot;, errorCount: 0)" computerName="PA_AP-3UINUHLUM" duration="00:00:00.0001672" startTime="2025-02-28T10:34:03.6750240+00:00" endTime="2025-02-28T10:34:03.6752040+00:00" testType="13cdc9d9-ddb5-4fa4-a97d-d965ccfc6d4b" outcome="Passed" testListId="8c84fa94-04c1-424b-9868-57a2d4851a1d" relativeResultsDirectory="f8473e9b-59a7-4cc9-a287-b2054ab1210d" />
    <UnitTestResult executionId="ee3fdcaa-e114-4425-8762-1933c11c47f9" testId="fdf33367-4f47-8528-6443-6ac840f27098" testName="Dft.DTRO.Tests.DALTests.ApplicationDalTests.GetPendingApplications_ShouldReturnPendingApplicationForUserAdminUser" computerName="PA_AP-3UINUHLUM" duration="00:00:00.0229130" startTime="2025-02-28T10:34:05.0590993+00:00" endTime="2025-02-28T10:34:05.0819597+00:00" testType="13cdc9d9-ddb5-4fa4-a97d-d965ccfc6d4b" outcome="Passed" testListId="8c84fa94-04c1-424b-9868-57a2d4851a1d" relativeResultsDirectory="ee3fdcaa-e114-4425-8762-1933c11c47f9" />
    <UnitTestResult executionId="11d7d86d-3400-443d-8181-b13fd102b8af" testId="1b61d140-9a8f-c40b-b115-bb0b8d20afb4" testName="Dft.DTRO.Tests.ServicesTests.Validations.JsonLogicValidationTests.AllowsExceptionPeriodToBeMissing" computerName="PA_AP-3UINUHLUM" duration="00:00:00.0146984" startTime="2025-02-28T10:34:04.1624183+00:00" endTime="2025-02-28T10:34:04.1775233+00:00" testType="13cdc9d9-ddb5-4fa4-a97d-d965ccfc6d4b" outcome="Passed" testListId="8c84fa94-04c1-424b-9868-57a2d4851a1d" relativeResultsDirectory="11d7d86d-3400-443d-8181-b13fd102b8af" />
    <UnitTestResult executionId="7e0e55e1-2413-4e02-b6c7-46eec53b81dc" testId="356d35e7-8fce-f7af-0651-d7c31d707c70" testName="Dft.DTRO.Tests.ServicesTests.Validations.RateLineValidationServiceTests.ValidateRateLineDurationStart(conditionType: &quot;ConditionSet&quot;, durationStart: 1000, errorCount: 0)" computerName="PA_AP-3UINUHLUM" duration="00:00:00.0006156" startTime="2025-02-28T10:34:03.3966992+00:00" endTime="2025-02-28T10:34:03.3967505+00:00" testType="13cdc9d9-ddb5-4fa4-a97d-d965ccfc6d4b" outcome="Passed" testListId="8c84fa94-04c1-424b-9868-57a2d4851a1d" relativeResultsDirectory="7e0e55e1-2413-4e02-b6c7-46eec53b81dc" />
    <UnitTestResult executionId="0b0e1b4d-f612-482f-b8a4-167fb4c90b77" testId="d75c6977-b555-bf34-17e2-1fcec915d0c7" testName="Dft.DTRO.Tests.ServicesTests.Validations.GeometryValidationServiceTests.ValidateLinearGeometryRepresentation(representation: &quot;wrong&quot;, schemaVersion: &quot;3.3.0&quot;, errorCount: 1)" computerName="PA_AP-3UINUHLUM" duration="00:00:00.0008572" startTime="2025-02-28T10:34:03.7052979+00:00" endTime="2025-02-28T10:34:03.7104007+00:00" testType="13cdc9d9-ddb5-4fa4-a97d-d965ccfc6d4b" outcome="Passed" testListId="8c84fa94-04c1-424b-9868-57a2d4851a1d" relativeResultsDirectory="0b0e1b4d-f612-482f-b8a4-167fb4c90b77" />
    <UnitTestResult executionId="4ab31909-2108-466e-af7e-86b3b395b887" testId="9da55c81-a19a-05ec-f38f-236d61748204" testName="ApplicationControllerTests.ValidateApplicationNameInvalidNameReturnsBadRequest" computerName="PA_AP-3UINUHLUM" duration="00:00:00.0002738" startTime="2025-02-28T10:34:03.5738821+00:00" endTime="2025-02-28T10:34:03.5741626+00:00" testType="13cdc9d9-ddb5-4fa4-a97d-d965ccfc6d4b" outcome="Passed" testListId="8c84fa94-04c1-424b-9868-57a2d4851a1d" relativeResultsDirectory="4ab31909-2108-466e-af7e-86b3b395b887" />
    <UnitTestResult executionId="69555c79-7dd8-4032-898d-312839606c60" testId="72765f8f-353d-9e74-bdcd-3f552ca9fd98" testName="Dft.DTRO.Tests.CodeiumTests.Metrics.Controller.MetricsControllerTests.HealthDatabase_ReturnsStatusCode200_WhenDatabaseIsAvailable" computerName="PA_AP-3UINUHLUM" duration="00:00:00.0011307" startTime="2025-02-28T10:34:03.5968211+00:00" endTime="2025-02-28T10:34:03.6003242+00:00" testType="13cdc9d9-ddb5-4fa4-a97d-d965ccfc6d4b" outcome="Passed" testListId="8c84fa94-04c1-424b-9868-57a2d4851a1d" relativeResultsDirectory="69555c79-7dd8-4032-898d-312839606c60" />
    <UnitTestResult executionId="44e53415-ef90-43e5-99c9-cb226a1d0c00" testId="2d37c0bf-1307-ff25-e891-f581658311ab" testName="DfT.DTRO.Tests.CodeiumTests.Integration.SchemaController_Codeium_Tests.ActivateSchema_ThrowsNotFoundException_ReturnsNotFound" computerName="PA_AP-3UINUHLUM" duration="00:00:00.0076351" startTime="2025-02-28T10:34:03.9526263+00:00" endTime="2025-02-28T10:34:03.9601347+00:00" testType="13cdc9d9-ddb5-4fa4-a97d-d965ccfc6d4b" outcome="Passed" testListId="8c84fa94-04c1-424b-9868-57a2d4851a1d" relativeResultsDirectory="44e53415-ef90-43e5-99c9-cb226a1d0c00" />
    <UnitTestResult executionId="b459eefe-648e-4306-bb0d-d69cf7421798" testId="67e6dd0e-7d44-d82e-2f3b-aa8f66abf920" testName="Dft.DTRO.Tests.ServicesTests.Validations.RateLineCollectionValidationServiceTests.ValidateRateLineCollectionMaxValueCollection(conditionType: &quot;Condition&quot;, maxValueCollection: 20.989999999999998, errorCount: 0)" computerName="PA_AP-3UINUHLUM" duration="00:00:00.0004719" startTime="2025-02-28T10:34:03.6618539+00:00" endTime="2025-02-28T10:34:03.6628351+00:00" testType="13cdc9d9-ddb5-4fa4-a97d-d965ccfc6d4b" outcome="Passed" testListId="8c84fa94-04c1-424b-9868-57a2d4851a1d" relativeResultsDirectory="b459eefe-648e-4306-bb0d-d69cf7421798" />
    <UnitTestResult executionId="d46c5fd2-4af1-4a42-8cc8-071a87f44e3d" testId="89a12b9f-813a-4efb-f999-7b92b909759c" testName="Dft.DTRO.Tests.ServicesTests.Validations.ProvisionValidationServiceTests.ValidateMultipleProvisionReferencesForSchema330(references: [&quot;D5E7FBE5-5A7A-4A81-8E27-CDB008EC729D&quot;, &quot;0EE20392-DD08-416F-A5E6-3013DB40728C&quot;], errorCount: 0)" computerName="PA_AP-3UINUHLUM" duration="00:00:00.0041722" startTime="2025-02-28T10:34:03.4500428+00:00" endTime="2025-02-28T10:34:03.4501289+00:00" testType="13cdc9d9-ddb5-4fa4-a97d-d965ccfc6d4b" outcome="Passed" testListId="8c84fa94-04c1-424b-9868-57a2d4851a1d" relativeResultsDirectory="d46c5fd2-4af1-4a42-8cc8-071a87f44e3d" />
    <UnitTestResult executionId="1ac797a4-86ad-43e8-90ee-67c36d1eaf17" testId="448c73fd-f2ad-d5a5-835b-f6bc7cc155a0" testName="Dft.DTRO.Tests.ServicesTests.Validations.ProvisionValidationServiceTests.ValidateProvisionOrderReportingPointTypeForSchema324(orderReportingPointType: &quot;experimentalRevocation&quot;, errorCount: 0)" computerName="PA_AP-3UINUHLUM" duration="00:00:00.0001421" startTime="2025-02-28T10:34:03.4618685+00:00" endTime="2025-02-28T10:34:03.4619583+00:00" testType="13cdc9d9-ddb5-4fa4-a97d-d965ccfc6d4b" outcome="Passed" testListId="8c84fa94-04c1-424b-9868-57a2d4851a1d" relativeResultsDirectory="1ac797a4-86ad-43e8-90ee-67c36d1eaf17" />
    <UnitTestResult executionId="2e57883e-fc32-4584-9689-eeaf55d279e3" testId="e5b7f45d-e4d9-fdc0-29e5-75e0c3f35f91" testName="Dft.DTRO.Tests.CodeiumTests.Rules.Service.RuleTemplateServiceTests.GetRuleTemplateAsync_Found" computerName="PA_AP-3UINUHLUM" duration="00:00:00.0049149" startTime="2025-02-28T10:34:03.5101333+00:00" endTime="2025-02-28T10:34:03.5148044+00:00" testType="13cdc9d9-ddb5-4fa4-a97d-d965ccfc6d4b" outcome="Passed" testListId="8c84fa94-04c1-424b-9868-57a2d4851a1d" relativeResultsDirectory="2e57883e-fc32-4584-9689-eeaf55d279e3" />
    <UnitTestResult executionId="77bda583-0120-4aa3-b7df-e5c584365e1b" testId="5cd1d8b7-7caf-b2f8-9b00-016896313ebb" testName="Dft.DTRO.Tests.ServicesTests.Validations.ProvisionValidationServiceTests.ValidateProvisionOrderReportingPointTypeForSchema330(orderReportingPointType: &quot;experimentalMakingPermanent&quot;, errorCount: 0)" computerName="PA_AP-3UINUHLUM" duration="00:00:00.0002028" startTime="2025-02-28T10:34:03.4310236+00:00" endTime="2025-02-28T10:34:03.4311667+00:00" testType="13cdc9d9-ddb5-4fa4-a97d-d965ccfc6d4b" outcome="Passed" testListId="8c84fa94-04c1-424b-9868-57a2d4851a1d" relativeResultsDirectory="77bda583-0120-4aa3-b7df-e5c584365e1b" />
    <UnitTestResult executionId="483607c8-be7e-4c13-9920-d06b83bb3618" testId="4c8bee2c-f7ab-fe4e-e699-d6996204c2b9" testName="Dft.DTRO.Tests.ServicesTests.Validations.RegulationValidationTests.ValidateRegulationTimeZone(timeZone: &quot;Europe/London&quot;, errorCount: 0)" computerName="PA_AP-3UINUHLUM" duration="00:00:00.0003361" startTime="2025-02-28T10:34:03.8390953+00:00" endTime="2025-02-28T10:34:03.8393260+00:00" testType="13cdc9d9-ddb5-4fa4-a97d-d965ccfc6d4b" outcome="Passed" testListId="8c84fa94-04c1-424b-9868-57a2d4851a1d" relativeResultsDirectory="483607c8-be7e-4c13-9920-d06b83bb3618" />
    <UnitTestResult executionId="324b66fe-e89d-4801-9db4-0608dfa53888" testId="fd76fb09-8107-7e4d-8ea5-ec14cf078e04" testName="Dft.DTRO.Tests.ServicesTests.Validations.RateLineCollectionValidationServiceTests.ValidateRateLineCollectionMinTime(conditionType: &quot;Condition&quot;, minTime: 1, errorCount: 0)" computerName="PA_AP-3UINUHLUM" duration="00:00:00.0004006" startTime="2025-02-28T10:34:03.6745804+00:00" endTime="2025-02-28T10:34:03.6748228+00:00" testType="13cdc9d9-ddb5-4fa4-a97d-d965ccfc6d4b" outcome="Passed" testListId="8c84fa94-04c1-424b-9868-57a2d4851a1d" relativeResultsDirectory="324b66fe-e89d-4801-9db4-0608dfa53888" />
    <UnitTestResult executionId="c916eb56-706d-4b09-88b4-8d82e43fb243" testId="6dbbc32b-e9b1-4194-246c-6aae1ca78af1" testName="Dft.DTRO.Tests.ServicesTests.Validations.SemanticValidationServiceTests.AllowsCoordinatesWithinLinearGeometry(version: &quot;3.3.0&quot;)" computerName="PA_AP-3UINUHLUM" duration="00:00:00.0021283" startTime="2025-02-28T10:34:03.5999700+00:00" endTime="2025-02-28T10:34:03.6126463+00:00" testType="13cdc9d9-ddb5-4fa4-a97d-d965ccfc6d4b" outcome="Passed" testListId="8c84fa94-04c1-424b-9868-57a2d4851a1d" relativeResultsDirectory="c916eb56-706d-4b09-88b4-8d82e43fb243" />
    <UnitTestResult executionId="83fe7b17-4191-48cf-bc6e-ab7cdf2ad3fc" testId="082a2181-e386-d807-0758-be17984275ec" testName="Dft.DTRO.Tests.CodeiumTests.Metrics.Controller.MetricsControllerTests.HealthDatabase_ReturnsStatusCode500_OnException" computerName="PA_AP-3UINUHLUM" duration="00:00:00.0027434" startTime="2025-02-28T10:34:03.5887319+00:00" endTime="2025-02-28T10:34:03.5925251+00:00" testType="13cdc9d9-ddb5-4fa4-a97d-d965ccfc6d4b" outcome="Passed" testListId="8c84fa94-04c1-424b-9868-57a2d4851a1d" relativeResultsDirectory="83fe7b17-4191-48cf-bc6e-ab7cdf2ad3fc" />
    <UnitTestResult executionId="b8568282-60ba-4e90-91b6-58050bff45f1" testId="9434bb73-3e3b-db55-af87-7b78d4817295" testName="Dft.DTRO.Tests.ServicesTests.Validations.RateTableValidationServiceTests.ValidateRateTableAdditionalInformation(additionalInformation: &quot;ftp://loremipsum.co.uk&quot;, errorCount: 1)" computerName="PA_AP-3UINUHLUM" duration="00:00:00.0001080" startTime="2025-02-28T10:34:03.3725599+00:00" endTime="2025-02-28T10:34:03.3727109+00:00" testType="13cdc9d9-ddb5-4fa4-a97d-d965ccfc6d4b" outcome="Passed" testListId="8c84fa94-04c1-424b-9868-57a2d4851a1d" relativeResultsDirectory="b8568282-60ba-4e90-91b6-58050bff45f1" />
    <UnitTestResult executionId="f589ab9a-37be-4a4d-8bb3-6b641e8fe819" testId="87d54fdf-3407-c54a-9f00-45f1cd21f461" testName="Dft.DTRO.Tests.ServicesTests.Validations.RateLineValidationServiceTests.ValidateRateLineRateUsageConditionType(conditionType: &quot;ConditionSet&quot;, usageCondition: &quot;unlimited&quot;, errorCount: 0)" computerName="PA_AP-3UINUHLUM" duration="00:00:00.0002077" startTime="2025-02-28T10:34:03.3798913+00:00" endTime="2025-02-28T10:34:03.3810298+00:00" testType="13cdc9d9-ddb5-4fa4-a97d-d965ccfc6d4b" outcome="Passed" testListId="8c84fa94-04c1-424b-9868-57a2d4851a1d" relativeResultsDirectory="f589ab9a-37be-4a4d-8bb3-6b641e8fe819" />
    <UnitTestResult executionId="542b8719-5063-4a18-b635-fa701cf79c40" testId="66143ba8-e212-1bda-6771-8786861c33b4" testName="Dft.DTRO.Tests.ServicesTests.DTROs.GetDtrosTests.GetDtrosAsyncReturnsRecords(traCode: 3300, startDate: &quot;2025-01-21 16:21:26&quot;, endDate: &quot;2025-01-22 16:21:26&quot;, records: 2)" computerName="PA_AP-3UINUHLUM" duration="00:00:00.0012989" startTime="2025-02-28T10:34:03.8132884+00:00" endTime="2025-02-28T10:34:03.8158530+00:00" testType="13cdc9d9-ddb5-4fa4-a97d-d965ccfc6d4b" outcome="Passed" testListId="8c84fa94-04c1-424b-9868-57a2d4851a1d" relativeResultsDirectory="542b8719-5063-4a18-b635-fa701cf79c40" />
    <UnitTestResult executionId="1aa57f2d-0b30-435d-b893-d14896ef175f" testId="328626e2-2917-106d-f2b4-237f8365a302" testName="Dft.DTRO.Tests.ServicesTests.Validations.RegulationValidationTests.ValidateGeneralRegulationRegulationType(regulationType: &quot;kerbsideMotorcycleParkingPlace&quot;, errorCount: 0)" computerName="PA_AP-3UINUHLUM" duration="00:00:00.0003602" startTime="2025-02-28T10:34:03.7944535+00:00" endTime="2025-02-28T10:34:03.7949252+00:00" testType="13cdc9d9-ddb5-4fa4-a97d-d965ccfc6d4b" outcome="Passed" testListId="8c84fa94-04c1-424b-9868-57a2d4851a1d" relativeResultsDirectory="1aa57f2d-0b30-435d-b893-d14896ef175f" />
    <UnitTestResult executionId="63c1b6cd-da98-4ae2-95f2-37146273a960" testId="6fef3c26-d8a7-7128-d2f9-5121ba8a1750" testName="DfT.DTRO.Tests.CodeiumTests.Integration.DTROsController_Codeium_Tests.UpdateDtro_ReturnsNotFound_ForNonExistentDtro" computerName="PA_AP-3UINUHLUM" duration="00:00:00.0511115" startTime="2025-02-28T10:34:03.6759897+00:00" endTime="2025-02-28T10:34:03.7786817+00:00" testType="13cdc9d9-ddb5-4fa4-a97d-d965ccfc6d4b" outcome="Passed" testListId="8c84fa94-04c1-424b-9868-57a2d4851a1d" relativeResultsDirectory="63c1b6cd-da98-4ae2-95f2-37146273a960" />
    <UnitTestResult executionId="1cd89fd5-70fc-4968-b232-d3aba597ec9b" testId="db6a6bcb-535b-e75e-783b-84990807b65a" testName="Dft.DTRO.Tests.ServicesTests.Validations.RegulationValidationTests.ValidateGeneralRegulationRegulationType(regulationType: &quot;nonOrderKerbsidePedestrianCrossing&quot;, errorCount: 0)" computerName="PA_AP-3UINUHLUM" duration="00:00:00.0003119" startTime="2025-02-28T10:34:03.7778873+00:00" endTime="2025-02-28T10:34:03.7781602+00:00" testType="13cdc9d9-ddb5-4fa4-a97d-d965ccfc6d4b" outcome="Passed" testListId="8c84fa94-04c1-424b-9868-57a2d4851a1d" relativeResultsDirectory="1cd89fd5-70fc-4968-b232-d3aba597ec9b" />
    <UnitTestResult executionId="eb34e517-9107-48c9-869e-03dcab465bc2" testId="1fad0372-47f8-1265-31b2-2bc24b4e9351" testName="Dft.DTRO.Tests.ServicesTests.Validations.RegulationValidationTests.ValidateGeneralRegulationRegulationType(regulationType: &quot;kerbsideParkingPlace&quot;, errorCount: 0)" computerName="PA_AP-3UINUHLUM" duration="00:00:00.0002926" startTime="2025-02-28T10:34:03.7853332+00:00" endTime="2025-02-28T10:34:03.7854322+00:00" testType="13cdc9d9-ddb5-4fa4-a97d-d965ccfc6d4b" outcome="Passed" testListId="8c84fa94-04c1-424b-9868-57a2d4851a1d" relativeResultsDirectory="eb34e517-9107-48c9-869e-03dcab465bc2" />
    <UnitTestResult executionId="683ff5f4-64bb-45d9-a856-812351f0e898" testId="48923776-a0a2-271d-ce8e-e7308edc08b1" testName="Dft.DTRO.Tests.ServicesTests.Validations.JsonLogicValidationTests.AllowsUniqueApplicableInstanceOfDayWithinMonthInPeriods" computerName="PA_AP-3UINUHLUM" duration="00:00:00.0127022" startTime="2025-02-28T10:34:04.5922041+00:00" endTime="2025-02-28T10:34:04.6051477+00:00" testType="13cdc9d9-ddb5-4fa4-a97d-d965ccfc6d4b" outcome="Passed" testListId="8c84fa94-04c1-424b-9868-57a2d4851a1d" relativeResultsDirectory="683ff5f4-64bb-45d9-a856-812351f0e898" />
    <UnitTestResult executionId="325979a8-1019-4313-852d-914c28d7c923" testId="c87ec24b-6dfe-b51f-a90d-b76c779b286f" testName="Dft.DTRO.Tests.ServicesTests.Validations.RegulatedPlaceValidationServiceTests.ValidateRegulatedPlacesDescriptionForSchema324(description: &quot;some free text&quot;, errorCount: 0)" computerName="PA_AP-3UINUHLUM" duration="00:00:00.0142157" startTime="2025-02-28T10:34:03.3991424+00:00" endTime="2025-02-28T10:34:03.4189880+00:00" testType="13cdc9d9-ddb5-4fa4-a97d-d965ccfc6d4b" outcome="Passed" testListId="8c84fa94-04c1-424b-9868-57a2d4851a1d" relativeResultsDirectory="325979a8-1019-4313-852d-914c28d7c923" />
    <UnitTestResult executionId="a353135b-d163-496f-b148-e0d1542c3658" testId="61a77492-4915-40b9-90fe-7c54c4de7b37" testName="Dft.DTRO.Tests.ServicesTests.Validations.RegulationValidationTests.ValidateSpeedLimitValueBasedSpeedValue(mphValue: 50, errorCount: 0)" computerName="PA_AP-3UINUHLUM" duration="00:00:00.0003181" startTime="2025-02-28T10:34:03.7383758+00:00" endTime="2025-02-28T10:34:03.7385534+00:00" testType="13cdc9d9-ddb5-4fa4-a97d-d965ccfc6d4b" outcome="Passed" testListId="8c84fa94-04c1-424b-9868-57a2d4851a1d" relativeResultsDirectory="a353135b-d163-496f-b148-e0d1542c3658" />
    <UnitTestResult executionId="8ad2dbe3-149e-4d5b-bcbc-36fafc2ffcbc" testId="c0131109-df76-2fc5-f475-2686f4c42b4a" testName="Dft.DTRO.Tests.ServicesTests.Validations.ElementaryStreetUnitValidationServiceTests.ValidateNoElementStreetUnits" computerName="PA_AP-3UINUHLUM" duration="00:00:00.0006705" startTime="2025-02-28T10:34:03.4349847+00:00" endTime="2025-02-28T10:34:03.4359446+00:00" testType="13cdc9d9-ddb5-4fa4-a97d-d965ccfc6d4b" outcome="Passed" testListId="8c84fa94-04c1-424b-9868-57a2d4851a1d" relativeResultsDirectory="8ad2dbe3-149e-4d5b-bcbc-36fafc2ffcbc" />
    <UnitTestResult executionId="5031cccb-2c12-4b8f-9e47-56f879e13d74" testId="dee645e8-b85a-fe10-5138-068b12309c68" testName="Dft.DTRO.Tests.ServicesTests.Validations.RateLineValidationServiceTests.ValidateRateLineRateLineType(conditionType: &quot;ConditionSet&quot;, rateLineType: &quot;unknown&quot;, errorCount: 1)" computerName="PA_AP-3UINUHLUM" duration="00:00:00.0001541" startTime="2025-02-28T10:34:03.4119658+00:00" endTime="2025-02-28T10:34:03.4120950+00:00" testType="13cdc9d9-ddb5-4fa4-a97d-d965ccfc6d4b" outcome="Passed" testListId="8c84fa94-04c1-424b-9868-57a2d4851a1d" relativeResultsDirectory="5031cccb-2c12-4b8f-9e47-56f879e13d74" />
    <UnitTestResult executionId="7b736af4-0e5b-4de0-a1cf-ea23de99cf00" testId="6163e1f2-56fa-2b92-dc2f-cc1f2046bcab" testName="Dft.DTRO.Tests.CodeiumTests.Users.Controller.UserControllerGetSwaCodesTests.GetSwaCodes_ReturnsOk_WithListOfSwaCodeResponse" computerName="PA_AP-3UINUHLUM" duration="00:00:00.0101553" startTime="2025-02-28T10:34:03.6400897+00:00" endTime="2025-02-28T10:34:03.6625687+00:00" testType="13cdc9d9-ddb5-4fa4-a97d-d965ccfc6d4b" outcome="Passed" testListId="8c84fa94-04c1-424b-9868-57a2d4851a1d" relativeResultsDirectory="7b736af4-0e5b-4de0-a1cf-ea23de99cf00" />
    <UnitTestResult executionId="662e1fd2-c551-48fc-9bb4-a1757515a745" testId="41b302a8-308b-7808-e3a2-829387348a25" testName="Dft.DTRO.Tests.CodeiumTests.Rules.Service.RuleTemplateServiceTests.SaveRuleTemplateAsJsonAsync_AlreadyExists" computerName="PA_AP-3UINUHLUM" duration="00:00:00.0027819" startTime="2025-02-28T10:34:03.4930361+00:00" endTime="2025-02-28T10:34:03.4956164+00:00" testType="13cdc9d9-ddb5-4fa4-a97d-d965ccfc6d4b" outcome="Passed" testListId="8c84fa94-04c1-424b-9868-57a2d4851a1d" relativeResultsDirectory="662e1fd2-c551-48fc-9bb4-a1757515a745" />
    <UnitTestResult executionId="1f5855b0-2d82-4b9d-8104-3d882a30ae6b" testId="20b5d86b-929c-1bc6-3852-161ec92d4157" testName="Dft.DTRO.Tests.CodeiumTests.Rules.Controller.RulesControllerUpdateTests.UpdateRule_WithException_ReturnsInternalServerError" computerName="PA_AP-3UINUHLUM" duration="00:00:00.0058464" startTime="2025-02-28T10:34:03.5915067+00:00" endTime="2025-02-28T10:34:03.5975149+00:00" testType="13cdc9d9-ddb5-4fa4-a97d-d965ccfc6d4b" outcome="Passed" testListId="8c84fa94-04c1-424b-9868-57a2d4851a1d" relativeResultsDirectory="1f5855b0-2d82-4b9d-8104-3d882a30ae6b" />
    <UnitTestResult executionId="9f7943dc-174e-4024-8819-e1c53552b32f" testId="f236e674-f38d-ec03-bde4-0374d71b00e6" testName="Dft.DTRO.Tests.ServicesTests.Validations.ProvisionValidationServiceTests.ValidateProvisionOrderReportingPointTypeForSchema324(orderReportingPointType: &quot;permanentAmendment&quot;, errorCount: 0)" computerName="PA_AP-3UINUHLUM" duration="00:00:00.0003879" startTime="2025-02-28T10:34:03.4552432+00:00" endTime="2025-02-28T10:34:03.4553353+00:00" testType="13cdc9d9-ddb5-4fa4-a97d-d965ccfc6d4b" outcome="Passed" testListId="8c84fa94-04c1-424b-9868-57a2d4851a1d" relativeResultsDirectory="9f7943dc-174e-4024-8819-e1c53552b32f" />
    <UnitTestResult executionId="ea22dcd3-85b7-4913-950d-efd863ce2fc6" testId="ca88ddd1-d67a-3fd6-96b7-95639586d7ae" testName="Dft.DTRO.Tests.ServicesTests.Validations.RegulationValidationTests.ValidateSpeedLimitValueBasedSpeedType(type: &quot;minimumSpeedLimit&quot;, errorCount: 0)" computerName="PA_AP-3UINUHLUM" duration="00:00:00.0004361" startTime="2025-02-28T10:34:03.8648393+00:00" endTime="2025-02-28T10:34:03.8650629+00:00" testType="13cdc9d9-ddb5-4fa4-a97d-d965ccfc6d4b" outcome="Passed" testListId="8c84fa94-04c1-424b-9868-57a2d4851a1d" relativeResultsDirectory="ea22dcd3-85b7-4913-950d-efd863ce2fc6" />
    <UnitTestResult executionId="140cd619-402e-4efe-abd1-ea7ba274201c" testId="3da72b97-5d7c-0cae-8003-9bd7478d5f25" testName="Dft.DTRO.Tests.ServicesTests.Validations.GeometryValidationServiceTests.ValidateLinearGeometryVersion(version: 0, schemaVersion: &quot;3.3.0&quot;, errorCount: 1)" computerName="PA_AP-3UINUHLUM" duration="00:00:00.0005563" startTime="2025-02-28T10:34:03.6904973+00:00" endTime="2025-02-28T10:34:03.6911056+00:00" testType="13cdc9d9-ddb5-4fa4-a97d-d965ccfc6d4b" outcome="Passed" testListId="8c84fa94-04c1-424b-9868-57a2d4851a1d" relativeResultsDirectory="140cd619-402e-4efe-abd1-ea7ba274201c" />
    <UnitTestResult executionId="c4967737-f55c-4156-81d1-c549025231e1" testId="77e27fa6-0bdb-878e-05e9-7423b1852376" testName="Dft.DTRO.Tests.ServicesTests.Validations.RegulationValidationTests.ValidateSpeedLimitProfileBasedSpeedType(type: &quot;nationalSpeedLimitSingleCarriageway&quot;, errorCount: 0)" computerName="PA_AP-3UINUHLUM" duration="00:00:00.0001640" startTime="2025-02-28T10:34:03.8339809+00:00" endTime="2025-02-28T10:34:03.8341712+00:00" testType="13cdc9d9-ddb5-4fa4-a97d-d965ccfc6d4b" outcome="Passed" testListId="8c84fa94-04c1-424b-9868-57a2d4851a1d" relativeResultsDirectory="c4967737-f55c-4156-81d1-c549025231e1" />
    <UnitTestResult executionId="3c548731-645a-4daf-9460-137182046984" testId="ab4b4f51-8627-7f5e-ef7b-b3bb21a23b04" testName="Dft.DTRO.Tests.ServicesTests.Validations.JsonLogicValidationTests.AllowHeightCharacteristicValidForRegulationTypeDimensionMaximumHeightStructural" computerName="PA_AP-3UINUHLUM" duration="00:00:00.0103154" startTime="2025-02-28T10:34:04.8306213+00:00" endTime="2025-02-28T10:34:04.8413489+00:00" testType="13cdc9d9-ddb5-4fa4-a97d-d965ccfc6d4b" outcome="Passed" testListId="8c84fa94-04c1-424b-9868-57a2d4851a1d" relativeResultsDirectory="3c548731-645a-4daf-9460-137182046984" />
    <UnitTestResult executionId="7375676a-a329-410c-91da-77b206f05cb1" testId="abe91dd2-8471-d4cb-63c4-ccab2aefd83a" testName="Dft.DTRO.Tests.CodeiumTests.Rules.Mapping.RulesTemplateMappingServiceTests.MapToRuleTemplateResponse_NonEmptyList_ReturnsListOfResponses" computerName="PA_AP-3UINUHLUM" duration="00:00:00.0067646" startTime="2025-02-28T10:34:03.7281762+00:00" endTime="2025-02-28T10:34:03.7351413+00:00" testType="13cdc9d9-ddb5-4fa4-a97d-d965ccfc6d4b" outcome="Passed" testListId="8c84fa94-04c1-424b-9868-57a2d4851a1d" relativeResultsDirectory="7375676a-a329-410c-91da-77b206f05cb1" />
    <UnitTestResult executionId="e90ed88f-7d1f-4291-8b2b-25c0e2a89138" testId="a2e7c791-67a3-fceb-fd14-1aa4e462c60f" testName="Dft.DTRO.Tests.ServicesTests.Validations.JsonLogicValidationTests.AllowValueCollectionMinLessThanMax" computerName="PA_AP-3UINUHLUM" duration="00:00:00.0106575" startTime="2025-02-28T10:34:04.4893533+00:00" endTime="2025-02-28T10:34:04.5004253+00:00" testType="13cdc9d9-ddb5-4fa4-a97d-d965ccfc6d4b" outcome="Passed" testListId="8c84fa94-04c1-424b-9868-57a2d4851a1d" relativeResultsDirectory="e90ed88f-7d1f-4291-8b2b-25c0e2a89138" />
    <UnitTestResult executionId="059c7832-a39f-47c7-95e2-9cb88c39c3e0" testId="dd2d7910-ec57-5051-fd72-b67700324b92" testName="Dft.DTRO.Tests.ServicesTests.Validations.SourceValidationServiceTests.ValidateSourceTraAffected(version: &quot;3.3.0&quot;, traAffected: &quot;9999, 0, 10000&quot;, errorCount: 1)" computerName="PA_AP-3UINUHLUM" duration="00:00:00.0197057" startTime="2025-02-28T10:34:03.7567866+00:00" endTime="2025-02-28T10:34:03.7573794+00:00" testType="13cdc9d9-ddb5-4fa4-a97d-d965ccfc6d4b" outcome="Passed" testListId="8c84fa94-04c1-424b-9868-57a2d4851a1d" relativeResultsDirectory="059c7832-a39f-47c7-95e2-9cb88c39c3e0" />
    <UnitTestResult executionId="ad4f4bb6-a1d8-41b3-9080-03c7f21a87ce" testId="c80c7e33-25d0-b68a-2899-eb4622d44790" testName="Dft.DTRO.Tests.ServicesTests.Validations.SourceValidationServiceTests.ValidateSourceActionType(version: &quot;3.3.0&quot;, actionType: &quot;something&quot;, traCode: 1050, errorCount: 1)" computerName="PA_AP-3UINUHLUM" duration="00:00:00.0003253" startTime="2025-02-28T10:34:03.7515452+00:00" endTime="2025-02-28T10:34:03.7516656+00:00" testType="13cdc9d9-ddb5-4fa4-a97d-d965ccfc6d4b" outcome="Passed" testListId="8c84fa94-04c1-424b-9868-57a2d4851a1d" relativeResultsDirectory="ad4f4bb6-a1d8-41b3-9080-03c7f21a87ce" />
    <UnitTestResult executionId="fd48a12d-ecaa-46d5-8cf4-aacbfd8a58d0" testId="79297ac1-6d0b-47e4-0c82-9c50e396268b" testName="Dft.DTRO.Tests.ServicesTests.Validations.ExternalReferenceValidationServiceTests.ValidateMultipleExternalReferencesWithinMultipleGeometriesLastUpdatedDate(geometry: &quot;Polygon&quot;)" computerName="PA_AP-3UINUHLUM" duration="00:00:00.0111971" startTime="2025-02-28T10:34:03.5934461+00:00" endTime="2025-02-28T10:34:03.6253096+00:00" testType="13cdc9d9-ddb5-4fa4-a97d-d965ccfc6d4b" outcome="Passed" testListId="8c84fa94-04c1-424b-9868-57a2d4851a1d" relativeResultsDirectory="fd48a12d-ecaa-46d5-8cf4-aacbfd8a58d0" />
    <UnitTestResult executionId="de1a2024-3e57-4028-9323-450d192cd35c" testId="4c50dc2b-ccbf-2023-7f8e-d0c20b61e829" testName="Dft.DTRO.Tests.ServicesTests.Validations.JsonSchemaValidationTests.ValidateAgainstSchema311ProducesCorrectResults(schemaVersion: &quot;3.1.1&quot;, sourceJson: &quot;provision-empty&quot;, expectedResult: False)" computerName="PA_AP-3UINUHLUM" duration="00:00:00.0193649" startTime="2025-02-28T10:34:04.1092104+00:00" endTime="2025-02-28T10:34:04.1265319+00:00" testType="13cdc9d9-ddb5-4fa4-a97d-d965ccfc6d4b" outcome="Passed" testListId="8c84fa94-04c1-424b-9868-57a2d4851a1d" relativeResultsDirectory="de1a2024-3e57-4028-9323-450d192cd35c" />
    <UnitTestResult executionId="2a5b1ad0-5e7a-423e-a722-11a7ffc3588f" testId="91851dec-943d-8134-4ac6-bcb50da22a00" testName="DfT.DTRO.Tests.CodeiumTests.Integration.SchemaController_Codeium_Tests.DeleteSchema_WhenSchemaTemplateFound_ReturnsOk" computerName="PA_AP-3UINUHLUM" duration="00:00:00.0184118" startTime="2025-02-28T10:34:03.8693665+00:00" endTime="2025-02-28T10:34:03.8726610+00:00" testType="13cdc9d9-ddb5-4fa4-a97d-d965ccfc6d4b" outcome="Passed" testListId="8c84fa94-04c1-424b-9868-57a2d4851a1d" relativeResultsDirectory="2a5b1ad0-5e7a-423e-a722-11a7ffc3588f" />
    <UnitTestResult executionId="8596122c-55c5-43fd-9693-33c9b8cfcd72" testId="60852b35-3962-6786-5fa3-de0b7bcc0bae" testName="Dft.DTRO.Tests.ServicesTests.Validations.ElementaryStreetUnitValidationServiceTests.ValidateElementaryStreetUnitEsu(esu: 100000000000000, errorCount: 1)" computerName="PA_AP-3UINUHLUM" duration="00:00:00.0001341" startTime="2025-02-28T10:34:03.4262152+00:00" endTime="2025-02-28T10:34:03.4263996+00:00" testType="13cdc9d9-ddb5-4fa4-a97d-d965ccfc6d4b" outcome="Passed" testListId="8c84fa94-04c1-424b-9868-57a2d4851a1d" relativeResultsDirectory="8596122c-55c5-43fd-9693-33c9b8cfcd72" />
    <UnitTestResult executionId="0760623f-f82c-46a6-99da-ab688ca8e83c" testId="e38bbde7-7c32-13f2-8994-c802204d2549" testName="Dft.DTRO.Tests.ServicesTests.Validations.RegulationValidationTests.ValidateGeneralRegulationRegulationType(regulationType: &quot;kerbsideOtherYellowZigZagMandatory&quot;, errorCount: 0)" computerName="PA_AP-3UINUHLUM" duration="00:00:00.0003383" startTime="2025-02-28T10:34:03.7842063+00:00" endTime="2025-02-28T10:34:03.7843576+00:00" testType="13cdc9d9-ddb5-4fa4-a97d-d965ccfc6d4b" outcome="Passed" testListId="8c84fa94-04c1-424b-9868-57a2d4851a1d" relativeResultsDirectory="0760623f-f82c-46a6-99da-ab688ca8e83c" />
    <UnitTestResult executionId="009577a0-2222-4c96-ad1c-559a88b6a28b" testId="be1c9750-d504-a105-28fb-5d10cd02702f" testName="Dft.DTRO.Tests.CodeiumTests.Rules.Controller.RulesControllerUpdateTests.UpdateRule_WithEmptyFile_ReturnsBadRequest" computerName="PA_AP-3UINUHLUM" duration="00:00:00.0014171" startTime="2025-02-28T10:34:03.6165216+00:00" endTime="2025-02-28T10:34:03.6184488+00:00" testType="13cdc9d9-ddb5-4fa4-a97d-d965ccfc6d4b" outcome="Passed" testListId="8c84fa94-04c1-424b-9868-57a2d4851a1d" relativeResultsDirectory="009577a0-2222-4c96-ad1c-559a88b6a28b" />
    <UnitTestResult executionId="576d91fa-c4e4-4755-a7c2-3af3eab8f57e" testId="d85c4c8f-83fc-5445-99f8-ae65334bedf7" testName="Dft.DTRO.Tests.CodeiumTests.Metrics.Service.MetricsServiceTests.IncrementMetric_Failure_ReturnsFalse" computerName="PA_AP-3UINUHLUM" duration="00:00:00.0040574" startTime="2025-02-28T10:34:03.4735685+00:00" endTime="2025-02-28T10:34:03.4740956+00:00" testType="13cdc9d9-ddb5-4fa4-a97d-d965ccfc6d4b" outcome="Passed" testListId="8c84fa94-04c1-424b-9868-57a2d4851a1d" relativeResultsDirectory="576d91fa-c4e4-4755-a7c2-3af3eab8f57e" />
    <UnitTestResult executionId="4f7c5542-c2bc-4ec8-839f-b85e62ef632e" testId="fc06c3ad-fab1-b1e2-d0e0-1770e1c4b402" testName="Dft.DTRO.Tests.ServicesTests.Validations.RateLineValidationServiceTests.ValidateRateLineIncrementPeriod(conditionType: &quot;ConditionSet&quot;, incrementPeriod: 0, errorCount: 1)" computerName="PA_AP-3UINUHLUM" duration="00:00:00.0002617" startTime="2025-02-28T10:34:03.4063999+00:00" endTime="2025-02-28T10:34:03.4065106+00:00" testType="13cdc9d9-ddb5-4fa4-a97d-d965ccfc6d4b" outcome="Passed" testListId="8c84fa94-04c1-424b-9868-57a2d4851a1d" relativeResultsDirectory="4f7c5542-c2bc-4ec8-839f-b85e62ef632e" />
    <UnitTestResult executionId="4c40f4a2-22ab-415d-86f3-503044ec17cc" testId="bbedf32a-3796-74b1-19a9-10291cc20736" testName="Dft.DTRO.Tests.CodeiumTests.Rules.Service.RuleTemplateServiceTests.UpdateRuleTemplateAsJsonAsync_NotFound" computerName="PA_AP-3UINUHLUM" duration="00:00:00.0057337" startTime="2025-02-28T10:34:03.4885451+00:00" endTime="2025-02-28T10:34:03.4927647+00:00" testType="13cdc9d9-ddb5-4fa4-a97d-d965ccfc6d4b" outcome="Passed" testListId="8c84fa94-04c1-424b-9868-57a2d4851a1d" relativeResultsDirectory="4c40f4a2-22ab-415d-86f3-503044ec17cc" />
    <UnitTestResult executionId="e9a31122-fa33-4b75-9b00-1d2fa692b633" testId="7462b46d-340e-37a3-3422-34e06138e48d" testName="Dft.DTRO.Tests.ServicesTests.Validations.JsonLogicValidationTests.AllowGrossWeightCharacteristicValidForRegulationTypes(regulationType: &quot;dimensionMaximumWeightEnvironmental&quot;)" computerName="PA_AP-3UINUHLUM" duration="00:00:00.0110437" startTime="2025-02-28T10:34:04.3289290+00:00" endTime="2025-02-28T10:34:04.3404586+00:00" testType="13cdc9d9-ddb5-4fa4-a97d-d965ccfc6d4b" outcome="Passed" testListId="8c84fa94-04c1-424b-9868-57a2d4851a1d" relativeResultsDirectory="e9a31122-fa33-4b75-9b00-1d2fa692b633" />
    <UnitTestResult executionId="972b1f5e-4329-4649-b279-5a118c022a52" testId="fe9565f0-42b4-c9fd-bca4-8ca0416fa11e" testName="Dft.DTRO.Tests.ServicesTests.Validations.RegulationValidationTests.ValidateGeneralRegulationRegulationType(regulationType: &quot;kerbsideNoWaiting&quot;, errorCount: 0)" computerName="PA_AP-3UINUHLUM" duration="00:00:00.0003160" startTime="2025-02-28T10:34:03.7742847+00:00" endTime="2025-02-28T10:34:03.7747912+00:00" testType="13cdc9d9-ddb5-4fa4-a97d-d965ccfc6d4b" outcome="Passed" testListId="8c84fa94-04c1-424b-9868-57a2d4851a1d" relativeResultsDirectory="972b1f5e-4329-4649-b279-5a118c022a52" />
    <UnitTestResult executionId="2228c03d-cb98-4057-947b-27c8a15dda2e" testId="22a00502-cbda-eaec-78ec-36e4b24e2ea2" testName="Dft.DTRO.Tests.ServicesTests.Validations.GeometryValidationTests.ValidateAgainstCurrentSchemaVersionReturnsBoundingBox" computerName="PA_AP-3UINUHLUM" duration="00:00:00.1175365" startTime="2025-02-28T10:34:03.3043556+00:00" endTime="2025-02-28T10:34:03.4632249+00:00" testType="13cdc9d9-ddb5-4fa4-a97d-d965ccfc6d4b" outcome="Passed" testListId="8c84fa94-04c1-424b-9868-57a2d4851a1d" relativeResultsDirectory="2228c03d-cb98-4057-947b-27c8a15dda2e" />
    <UnitTestResult executionId="ac4a5999-d042-4b5f-825f-8f7266b21ee5" testId="80521eb1-f083-9fdb-1437-9c31c69a7908" testName="Dft.DTRO.Tests.ServicesTests.Validations.RegulationValidationTests.ValidateGeneralRegulationRegulationType(regulationType: &quot;bannedMovementNoUTurn&quot;, errorCount: 0)" computerName="PA_AP-3UINUHLUM" duration="00:00:00.0003200" startTime="2025-02-28T10:34:03.7891855+00:00" endTime="2025-02-28T10:34:03.7892728+00:00" testType="13cdc9d9-ddb5-4fa4-a97d-d965ccfc6d4b" outcome="Passed" testListId="8c84fa94-04c1-424b-9868-57a2d4851a1d" relativeResultsDirectory="ac4a5999-d042-4b5f-825f-8f7266b21ee5" />
    <UnitTestResult executionId="08491784-5643-4211-8e9d-d4954d718e06" testId="ffa2a26e-7d53-5546-a1bb-301f2b48b480" testName="Dft.DTRO.Tests.ServicesTests.Validations.SemanticValidationServiceTests.WhenBritishNationalGridSpatialReferenceIsNotPresentReturnsError(version: &quot;3.3.0&quot;)" computerName="PA_AP-3UINUHLUM" duration="00:00:00.0005954" startTime="2025-02-28T10:34:03.6623050+00:00" endTime="2025-02-28T10:34:03.6650606+00:00" testType="13cdc9d9-ddb5-4fa4-a97d-d965ccfc6d4b" outcome="Passed" testListId="8c84fa94-04c1-424b-9868-57a2d4851a1d" relativeResultsDirectory="08491784-5643-4211-8e9d-d4954d718e06" />
    <UnitTestResult executionId="4ddd4e9a-69db-4231-ac18-d78732639ef8" testId="2dced8d1-7e70-2c66-9aae-7825a4df21c3" testName="Dft.DTRO.Tests.ServicesTests.Validations.RegulatedPlaceValidationServiceTests.ValidateRegulatedPlacesDescriptionForSchema330(description: &quot;&quot;, errorCount: 1)" computerName="PA_AP-3UINUHLUM" duration="00:00:00.0003418" startTime="2025-02-28T10:34:03.4255402+00:00" endTime="2025-02-28T10:34:03.4269723+00:00" testType="13cdc9d9-ddb5-4fa4-a97d-d965ccfc6d4b" outcome="Passed" testListId="8c84fa94-04c1-424b-9868-57a2d4851a1d" relativeResultsDirectory="4ddd4e9a-69db-4231-ac18-d78732639ef8" />
    <UnitTestResult executionId="d4188c69-cc19-4688-ab9b-07aa9e5e678c" testId="4372bc1a-7706-ff33-e768-315e763e3424" testName="Dft.DTRO.Tests.ServicesTests.Validations.RateLineCollectionValidationServiceTests.ValidateRateLineCollectionResetTime(conditionType: &quot;ConditionSet&quot;, resetTime: &quot;10:00:00&quot;, errorCount: 0)" computerName="PA_AP-3UINUHLUM" duration="00:00:00.0001748" startTime="2025-02-28T10:34:03.7056611+00:00" endTime="2025-02-28T10:34:03.7058745+00:00" testType="13cdc9d9-ddb5-4fa4-a97d-d965ccfc6d4b" outcome="Passed" testListId="8c84fa94-04c1-424b-9868-57a2d4851a1d" relativeResultsDirectory="d4188c69-cc19-4688-ab9b-07aa9e5e678c" />
    <UnitTestResult executionId="20d409f4-e1fe-49a6-bc18-0f6116ea68dd" testId="ecabf59a-4538-fdab-ae33-676b7fd12454" testName="Dft.DTRO.Tests.CodeiumTests.Integration.BoundingBoxJsonConverterTests.ReadJson_ShouldDeserializeJsonToBoundingBox" computerName="PA_AP-3UINUHLUM" duration="00:00:00.0475015" startTime="2025-02-28T10:34:03.3046102+00:00" endTime="2025-02-28T10:34:03.3335136+00:00" testType="13cdc9d9-ddb5-4fa4-a97d-d965ccfc6d4b" outcome="Passed" testListId="8c84fa94-04c1-424b-9868-57a2d4851a1d" relativeResultsDirectory="20d409f4-e1fe-49a6-bc18-0f6116ea68dd" />
    <UnitTestResult executionId="8605ed9c-5667-4c6e-a990-c2516b9648db" testId="32a55c4b-56f8-5284-c7cb-c7f87a2a08ae" testName="Dft.DTRO.Tests.ServicesTests.Validations.RegulationValidationTests.ValidateSpeedLimitValueBasedSpeedType(type: &quot;unknown&quot;, errorCount: 1)" computerName="PA_AP-3UINUHLUM" duration="00:00:00.0002133" startTime="2025-02-28T10:34:03.8664047+00:00" endTime="2025-02-28T10:34:03.8665875+00:00" testType="13cdc9d9-ddb5-4fa4-a97d-d965ccfc6d4b" outcome="Passed" testListId="8c84fa94-04c1-424b-9868-57a2d4851a1d" relativeResultsDirectory="8605ed9c-5667-4c6e-a990-c2516b9648db" />
    <UnitTestResult executionId="32152bd9-ddb2-4e47-a39f-3e3562326002" testId="8308e547-c0ff-8abd-123d-5c0c7ab3246c" testName="Dft.DTRO.Tests.ServicesTests.Validations.RateLineValidationServiceTests.ValidateRateLineIncrementPeriod(conditionType: &quot;ConditionSet&quot;, incrementPeriod: 1, errorCount: 0)" computerName="PA_AP-3UINUHLUM" duration="00:00:00.0009298" startTime="2025-02-28T10:34:03.4039448+00:00" endTime="2025-02-28T10:34:03.4040269+00:00" testType="13cdc9d9-ddb5-4fa4-a97d-d965ccfc6d4b" outcome="Passed" testListId="8c84fa94-04c1-424b-9868-57a2d4851a1d" relativeResultsDirectory="32152bd9-ddb2-4e47-a39f-3e3562326002" />
    <UnitTestResult executionId="343d3e38-fff0-403f-9aad-f98a4563bb96" testId="7868f79c-2e29-93aa-c0ab-f4ef2134f009" testName="Dft.DTRO.Tests.ServicesTests.DTROs.GetDtrosTests.GetDtrosAsyncReturnsRecords(traCode: 3300, startDate: &quot;2025-01-21 16:21:26&quot;, endDate: &quot;2025-01-23 11:02:41&quot;, records: 2)" computerName="PA_AP-3UINUHLUM" duration="00:00:00.0022637" startTime="2025-02-28T10:34:03.8086400+00:00" endTime="2025-02-28T10:34:03.8130701+00:00" testType="13cdc9d9-ddb5-4fa4-a97d-d965ccfc6d4b" outcome="Passed" testListId="8c84fa94-04c1-424b-9868-57a2d4851a1d" relativeResultsDirectory="343d3e38-fff0-403f-9aad-f98a4563bb96" />
    <UnitTestResult executionId="09fc4f9f-8f63-4db7-bda9-e1b4fae79c12" testId="e2941846-faaa-6acf-15ad-928b7c4795a3" testName="Dft.DTRO.Tests.ServicesTests.Validations.JsonLogicValidationTests.DisallowHeaviestAxleWeightCharacteristicInvalidForRegulationTypes(regulationType: &quot;dimensionMaximumWeightEnvironmental&quot;)" computerName="PA_AP-3UINUHLUM" duration="00:00:00.0100118" startTime="2025-02-28T10:34:04.4408798+00:00" endTime="2025-02-28T10:34:04.4514873+00:00" testType="13cdc9d9-ddb5-4fa4-a97d-d965ccfc6d4b" outcome="Passed" testListId="8c84fa94-04c1-424b-9868-57a2d4851a1d" relativeResultsDirectory="09fc4f9f-8f63-4db7-bda9-e1b4fae79c12" />
    <UnitTestResult executionId="85b36baa-dd8d-4888-b619-34ab4270c0a4" testId="866e5ac6-7f3d-16e0-688d-33abc6d5cb08" testName="Dft.DTRO.Tests.ServicesTests.Validations.ProvisionValidationServiceTests.ValidateProvisionOrderReportingPointTypeForSchema330(orderReportingPointType: &quot;troOnRoadActiveStatus&quot;, errorCount: 0)" computerName="PA_AP-3UINUHLUM" duration="00:00:00.0001962" startTime="2025-02-28T10:34:03.4390039+00:00" endTime="2025-02-28T10:34:03.4390931+00:00" testType="13cdc9d9-ddb5-4fa4-a97d-d965ccfc6d4b" outcome="Passed" testListId="8c84fa94-04c1-424b-9868-57a2d4851a1d" relativeResultsDirectory="85b36baa-dd8d-4888-b619-34ab4270c0a4" />
    <UnitTestResult executionId="db3e69fd-d454-4763-abc7-8ea06f871942" testId="9056c162-5a24-a05d-e6e6-01dbe42c1251" testName="Dft.DTRO.Tests.ServicesTests.Validations.GeometryValidationServiceTests.ValidateLinearGeometryRepresentation(representation: &quot;&quot;, schemaVersion: &quot;3.3.0&quot;, errorCount: 2)" computerName="PA_AP-3UINUHLUM" duration="00:00:00.0002972" startTime="2025-02-28T10:34:03.7106250+00:00" endTime="2025-02-28T10:34:03.7107756+00:00" testType="13cdc9d9-ddb5-4fa4-a97d-d965ccfc6d4b" outcome="Passed" testListId="8c84fa94-04c1-424b-9868-57a2d4851a1d" relativeResultsDirectory="db3e69fd-d454-4763-abc7-8ea06f871942" />
    <UnitTestResult executionId="c430b204-b2a5-4048-8ebf-1bd604bc465c" testId="195c7a74-acd3-65f4-43c7-9ddb6e6b87b1" testName="Dft.DTRO.Tests.ServicesTests.Validations.RegulationValidationTests.ValidateGeneralRegulationRegulationType(regulationType: &quot;kerbsideNoLoading&quot;, errorCount: 0)" computerName="PA_AP-3UINUHLUM" duration="00:00:00.0003500" startTime="2025-02-28T10:34:03.8129834+00:00" endTime="2025-02-28T10:34:03.8133522+00:00" testType="13cdc9d9-ddb5-4fa4-a97d-d965ccfc6d4b" outcome="Passed" testListId="8c84fa94-04c1-424b-9868-57a2d4851a1d" relativeResultsDirectory="c430b204-b2a5-4048-8ebf-1bd604bc465c" />
    <UnitTestResult executionId="68bb3164-5687-4771-9d17-7be85bd18c5e" testId="19410f8d-3e98-122c-9368-4cdf120d0b7a" testName="DfT.DTRO.Tests.CodeiumTests.Integration.SchemaController_Codeium_Tests.GetSchemaVersion_ReturnsOkResult" computerName="PA_AP-3UINUHLUM" duration="00:00:00.0318916" startTime="2025-02-28T10:34:03.8977677+00:00" endTime="2025-02-28T10:34:03.8984679+00:00" testType="13cdc9d9-ddb5-4fa4-a97d-d965ccfc6d4b" outcome="Passed" testListId="8c84fa94-04c1-424b-9868-57a2d4851a1d" relativeResultsDirectory="68bb3164-5687-4771-9d17-7be85bd18c5e" />
    <UnitTestResult executionId="ce58e1cc-b9f4-452a-89ba-b72cc31ffd6d" testId="f5f7604d-a744-6e67-dc35-b7f43ec2ee0e" testName="Dft.DTRO.Tests.ServicesTests.Validations.SourceValidationServiceTests.ValidateSourceTraAffected(version: &quot;3.2.4&quot;, traAffected: &quot;&quot;, errorCount: 1)" computerName="PA_AP-3UINUHLUM" duration="00:00:00.0002175" startTime="2025-02-28T10:34:03.7555530+00:00" endTime="2025-02-28T10:34:03.7560462+00:00" testType="13cdc9d9-ddb5-4fa4-a97d-d965ccfc6d4b" outcome="Passed" testListId="8c84fa94-04c1-424b-9868-57a2d4851a1d" relativeResultsDirectory="ce58e1cc-b9f4-452a-89ba-b72cc31ffd6d" />
    <UnitTestResult executionId="4f30b558-7235-4dc7-9874-cdf85b17dba0" testId="170f0d25-66de-cab8-7c5b-df22fa8aae8e" testName="Dft.DTRO.Tests.ServicesTests.Validations.RateLineValidationServiceTests.ValidateRateLineRateLineType(conditionType: &quot;ConditionSet&quot;, rateLineType: &quot;incrementingRate&quot;, errorCount: 0)" computerName="PA_AP-3UINUHLUM" duration="00:00:00.0001786" startTime="2025-02-28T10:34:03.4147403+00:00" endTime="2025-02-28T10:34:03.4148854+00:00" testType="13cdc9d9-ddb5-4fa4-a97d-d965ccfc6d4b" outcome="Passed" testListId="8c84fa94-04c1-424b-9868-57a2d4851a1d" relativeResultsDirectory="4f30b558-7235-4dc7-9874-cdf85b17dba0" />
    <UnitTestResult executionId="31be9018-1afa-4b13-8f1f-1283b389d67f" testId="577fbd8e-a4b9-f591-1357-fbd8e3f56bc9" testName="DfT.DTRO.Tests.CodeiumTests.Integration.DTROsController_Codeium_Tests.CreateDtro_Returns_OK" computerName="PA_AP-3UINUHLUM" duration="00:00:00.0223153" startTime="2025-02-28T10:34:03.7803691+00:00" endTime="2025-02-28T10:34:03.8094015+00:00" testType="13cdc9d9-ddb5-4fa4-a97d-d965ccfc6d4b" outcome="Passed" testListId="8c84fa94-04c1-424b-9868-57a2d4851a1d" relativeResultsDirectory="31be9018-1afa-4b13-8f1f-1283b389d67f" />
    <UnitTestResult executionId="33792330-3f60-4ec9-9b28-8503afbafdd9" testId="19f73243-a66c-8183-0523-f8e6e1cbbf4e" testName="Dft.DTRO.Tests.ServicesTests.Validations.RegulationValidationTests.ValidateGeneralRegulationRegulationType(regulationType: &quot;kerbsideNoStopping&quot;, errorCount: 0)" computerName="PA_AP-3UINUHLUM" duration="00:00:00.0002910" startTime="2025-02-28T10:34:03.7783398+00:00" endTime="2025-02-28T10:34:03.7784157+00:00" testType="13cdc9d9-ddb5-4fa4-a97d-d965ccfc6d4b" outcome="Passed" testListId="8c84fa94-04c1-424b-9868-57a2d4851a1d" relativeResultsDirectory="33792330-3f60-4ec9-9b28-8503afbafdd9" />
    <UnitTestResult executionId="16a71559-e8d2-4e3b-ba0c-00a542a2c2eb" testId="c2cf6b44-23b0-a7d9-10e7-b3a1eef2d243" testName="Dft.DTRO.Tests.ServicesTests.Validations.JsonSchemaValidationTests.ValidateAgainstSchema311ProducesCorrectResults(schemaVersion: &quot;3.1.1&quot;, sourceJson: &quot;proper-data&quot;, expectedResult: True)" computerName="PA_AP-3UINUHLUM" duration="00:00:00.0188910" startTime="2025-02-28T10:34:04.0762397+00:00" endTime="2025-02-28T10:34:04.0949876+00:00" testType="13cdc9d9-ddb5-4fa4-a97d-d965ccfc6d4b" outcome="Passed" testListId="8c84fa94-04c1-424b-9868-57a2d4851a1d" relativeResultsDirectory="16a71559-e8d2-4e3b-ba0c-00a542a2c2eb" />
    <UnitTestResult executionId="050c2f5e-20a8-4a03-9d63-4e0211a8f47e" testId="f9b28fb8-34a4-ab1c-8410-ff0fd449dde2" testName="Dft.DTRO.Tests.ServicesTests.Validations.RateLineValidationServiceTests.ValidateRateLineDurationEnd(conditionType: &quot;ConditionSet&quot;, durationEnd: 1, errorCount: 0)" computerName="PA_AP-3UINUHLUM" duration="00:00:00.0001912" startTime="2025-02-28T10:34:03.3962937+00:00" endTime="2025-02-28T10:34:03.3963578+00:00" testType="13cdc9d9-ddb5-4fa4-a97d-d965ccfc6d4b" outcome="Passed" testListId="8c84fa94-04c1-424b-9868-57a2d4851a1d" relativeResultsDirectory="050c2f5e-20a8-4a03-9d63-4e0211a8f47e" />
    <UnitTestResult executionId="2e21c422-a1c2-45d9-8e7a-86871b1b6732" testId="d7208133-a589-45e3-ff44-627def45f557" testName="Dft.DTRO.Tests.ServicesTests.Validations.RateTableValidationServiceTests.ValidateRateTableRateType(rateType: &quot;unknown&quot;, errorCount: 1)" computerName="PA_AP-3UINUHLUM" duration="00:00:00.0001014" startTime="2025-02-28T10:34:03.3680559+00:00" endTime="2025-02-28T10:34:03.3682756+00:00" testType="13cdc9d9-ddb5-4fa4-a97d-d965ccfc6d4b" outcome="Passed" testListId="8c84fa94-04c1-424b-9868-57a2d4851a1d" relativeResultsDirectory="2e21c422-a1c2-45d9-8e7a-86871b1b6732" />
    <UnitTestResult executionId="3145a354-db10-4a05-8989-618e746eb109" testId="4f80e99f-44fb-4a96-7a0c-b8cafc25fd26" testName="Dft.DTRO.Tests.ServicesTests.Validations.RegulationValidationTests.ValidateGeneralRegulationRegulationType(regulationType: &quot;miscSuspensionOfWeightRestriction&quot;, errorCount: 0)" computerName="PA_AP-3UINUHLUM" duration="00:00:00.0002901" startTime="2025-02-28T10:34:03.7816602+00:00" endTime="2025-02-28T10:34:03.7817546+00:00" testType="13cdc9d9-ddb5-4fa4-a97d-d965ccfc6d4b" outcome="Passed" testListId="8c84fa94-04c1-424b-9868-57a2d4851a1d" relativeResultsDirectory="3145a354-db10-4a05-8989-618e746eb109" />
    <UnitTestResult executionId="d66909d9-bc80-48f3-86ad-e12c6b7e9e94" testId="645031d7-867b-1ee3-c541-d3d1f5fb462c" testName="Dft.DTRO.Tests.ServicesTests.Validations.GeometryValidationServiceTests.ValidateLinearGeometryLateralPosition(lateralPosition: &quot;far&quot;, schemaVersion: &quot;3.3.0&quot;, errorCount: 0)" computerName="PA_AP-3UINUHLUM" duration="00:00:00.0002715" startTime="2025-02-28T10:34:03.6115461+00:00" endTime="2025-02-28T10:34:03.6116635+00:00" testType="13cdc9d9-ddb5-4fa4-a97d-d965ccfc6d4b" outcome="Passed" testListId="8c84fa94-04c1-424b-9868-57a2d4851a1d" relativeResultsDirectory="d66909d9-bc80-48f3-86ad-e12c6b7e9e94" />
    <UnitTestResult executionId="e1912259-6481-4cb9-a471-38995f2d5b98" testId="de7366d4-3f24-1c0e-9643-aa6ab62cf820" testName="Dft.DTRO.Tests.ServicesTests.Validations.RegulationValidationTests.ValidateGeneralRegulationRegulationType(regulationType: &quot;kerbsideSchoolKeepClearYellowZigZagMandatory&quot;, errorCount: 0)" computerName="PA_AP-3UINUHLUM" duration="00:00:00.0003849" startTime="2025-02-28T10:34:03.7640762+00:00" endTime="2025-02-28T10:34:03.7730773+00:00" testType="13cdc9d9-ddb5-4fa4-a97d-d965ccfc6d4b" outcome="Passed" testListId="8c84fa94-04c1-424b-9868-57a2d4851a1d" relativeResultsDirectory="e1912259-6481-4cb9-a471-38995f2d5b98" />
    <UnitTestResult executionId="5248c12b-7cc2-41ee-b60f-bc0263db8af8" testId="ee320c22-1469-ca65-6c73-4c07f0f2d414" testName="Dft.DTRO.Tests.ServicesTests.Validations.RegulationValidationTests.ValidateGeneralRegulationRegulationType(regulationType: &quot;miscRoadClosure&quot;, errorCount: 0)" computerName="PA_AP-3UINUHLUM" duration="00:00:00.0003417" startTime="2025-02-28T10:34:03.8081718+00:00" endTime="2025-02-28T10:34:03.8087075+00:00" testType="13cdc9d9-ddb5-4fa4-a97d-d965ccfc6d4b" outcome="Passed" testListId="8c84fa94-04c1-424b-9868-57a2d4851a1d" relativeResultsDirectory="5248c12b-7cc2-41ee-b60f-bc0263db8af8" />
    <UnitTestResult executionId="bf200248-09ed-4dcf-b762-127c2a9c32b7" testId="22241649-4695-fbc7-3422-ad937115572d" testName="Dft.DTRO.Tests.ServicesTests.Validations.SourceValidationServiceTests.ValidateSourceActionType(version: &quot;3.2.4&quot;, actionType: &quot;something&quot;, traCode: 1050, errorCount: 1)" computerName="PA_AP-3UINUHLUM" duration="00:00:00.0005350" startTime="2025-02-28T10:34:03.7467173+00:00" endTime="2025-02-28T10:34:03.7469359+00:00" testType="13cdc9d9-ddb5-4fa4-a97d-d965ccfc6d4b" outcome="Passed" testListId="8c84fa94-04c1-424b-9868-57a2d4851a1d" relativeResultsDirectory="bf200248-09ed-4dcf-b762-127c2a9c32b7" />
    <UnitTestResult executionId="160426d8-c9ba-4abd-90a5-12e5c0b8efeb" testId="e7ac9988-7621-552a-c7ef-2f5d687cb30f" testName="Dft.DTRO.Tests.ControllerTests.DTROsControllerTests.CreateFromFileReturnsCreated" computerName="PA_AP-3UINUHLUM" duration="00:00:00.0047592" startTime="2025-02-28T10:34:03.8771610+00:00" endTime="2025-02-28T10:34:03.8783049+00:00" testType="13cdc9d9-ddb5-4fa4-a97d-d965ccfc6d4b" outcome="Passed" testListId="8c84fa94-04c1-424b-9868-57a2d4851a1d" relativeResultsDirectory="160426d8-c9ba-4abd-90a5-12e5c0b8efeb" />
    <UnitTestResult executionId="ba4f7c02-6aed-4470-9c0a-5be6d0706bd4" testId="929d068b-2bfa-4bf6-0e7a-85e3b03ac326" testName="Dft.DTRO.Tests.ServicesTests.Tra.TraServiceTests.GetTrasAsyncReturnsRecords(traName: &quot;tra1&quot;, records: 1)" computerName="PA_AP-3UINUHLUM" duration="00:00:00.0862571" startTime="2025-02-28T10:34:03.4790617+00:00" endTime="2025-02-28T10:34:03.5507684+00:00" testType="13cdc9d9-ddb5-4fa4-a97d-d965ccfc6d4b" outcome="Passed" testListId="8c84fa94-04c1-424b-9868-57a2d4851a1d" relativeResultsDirectory="ba4f7c02-6aed-4470-9c0a-5be6d0706bd4" />
    <UnitTestResult executionId="60c6cbfb-5c1e-407f-84aa-1075ec003816" testId="f8966c9b-7297-e10a-59fa-ccbee59cbb5a" testName="Dft.DTRO.Tests.ServicesTests.Validations.ExternalReferenceValidationServiceTests.ValidateMultipleExternalReferencesLastUpdatedDate" computerName="PA_AP-3UINUHLUM" duration="00:00:00.0004201" startTime="2025-02-28T10:34:03.6678722+00:00" endTime="2025-02-28T10:34:03.6683426+00:00" testType="13cdc9d9-ddb5-4fa4-a97d-d965ccfc6d4b" outcome="Passed" testListId="8c84fa94-04c1-424b-9868-57a2d4851a1d" relativeResultsDirectory="60c6cbfb-5c1e-407f-84aa-1075ec003816" />
    <UnitTestResult executionId="e170bdd1-65ce-43db-9c59-cd768e61f16a" testId="9395117e-85f9-d901-768a-95cc1d1379fe" testName="Dft.DTRO.Tests.ServicesTests.Validations.RegulationValidationTests.ValidateGeneralRegulationRegulationType(regulationType: &quot;kerbsideLimitedWaiting&quot;, errorCount: 0)" computerName="PA_AP-3UINUHLUM" duration="00:00:00.0003017" startTime="2025-02-28T10:34:03.7926435+00:00" endTime="2025-02-28T10:34:03.7927924+00:00" testType="13cdc9d9-ddb5-4fa4-a97d-d965ccfc6d4b" outcome="Passed" testListId="8c84fa94-04c1-424b-9868-57a2d4851a1d" relativeResultsDirectory="e170bdd1-65ce-43db-9c59-cd768e61f16a" />
    <UnitTestResult executionId="41e332da-aa3c-4393-af1b-62a3cbae621d" testId="71e39148-9c37-ae58-6d36-3d3e37edac56" testName="Dft.DTRO.Tests.ServicesTests.Validations.RegulationValidationTests.ValidateGeneralRegulationRegulationType(regulationType: &quot;movementOrderPriorityOverOncomingTraffic&quot;, errorCount: 0)" computerName="PA_AP-3UINUHLUM" duration="00:00:00.0003298" startTime="2025-02-28T10:34:03.8261569+00:00" endTime="2025-02-28T10:34:03.8263855+00:00" testType="13cdc9d9-ddb5-4fa4-a97d-d965ccfc6d4b" outcome="Passed" testListId="8c84fa94-04c1-424b-9868-57a2d4851a1d" relativeResultsDirectory="41e332da-aa3c-4393-af1b-62a3cbae621d" />
    <UnitTestResult executionId="5f12a0e0-18ab-4808-b89c-2cfc7c09d2b1" testId="149d90b1-87f3-e24d-ddb6-df271a8a4a44" testName="Dft.DTRO.Tests.ServicesTests.Validations.RateLineCollectionValidationServiceTests.ValidateRateLineCollectionMinTime(conditionType: &quot;Condition&quot;, minTime: 0, errorCount: 1)" computerName="PA_AP-3UINUHLUM" duration="00:00:00.0001655" startTime="2025-02-28T10:34:03.6755632+00:00" endTime="2025-02-28T10:34:03.6760189+00:00" testType="13cdc9d9-ddb5-4fa4-a97d-d965ccfc6d4b" outcome="Passed" testListId="8c84fa94-04c1-424b-9868-57a2d4851a1d" relativeResultsDirectory="5f12a0e0-18ab-4808-b89c-2cfc7c09d2b1" />
    <UnitTestResult executionId="c9d14910-f1be-4c9e-bdbe-71739e948749" testId="add83e04-1e76-3107-86f3-f7847e1cc757" testName="Dft.DTRO.Tests.ServicesTests.Validations.RateLineCollectionValidationServiceTests.ValidateRateLineCollectionStartValidUsagePeriod(conditionType: &quot;ConditionSet&quot;, startValidUsagePeriod: &quot;2024-12-10T09:00:00&quot;, errorCount: 0)" computerName="PA_AP-3UINUHLUM" duration="00:00:00.0004238" startTime="2025-02-28T10:34:03.6786591+00:00" endTime="2025-02-28T10:34:03.6787797+00:00" testType="13cdc9d9-ddb5-4fa4-a97d-d965ccfc6d4b" outcome="Passed" testListId="8c84fa94-04c1-424b-9868-57a2d4851a1d" relativeResultsDirectory="c9d14910-f1be-4c9e-bdbe-71739e948749" />
    <UnitTestResult executionId="d573fde0-5a61-4d7c-b118-9d163f3df8e7" testId="e81fb0a8-88ce-4535-49c2-b0978247710e" testName="Dft.DTRO.Tests.CodeiumTests.Rules.Service.RuleTemplateServiceTests.GetRuleTemplateByIdAsync_Found" computerName="PA_AP-3UINUHLUM" duration="00:00:00.0024936" startTime="2025-02-28T10:34:03.5183519+00:00" endTime="2025-02-28T10:34:03.5201154+00:00" testType="13cdc9d9-ddb5-4fa4-a97d-d965ccfc6d4b" outcome="Passed" testListId="8c84fa94-04c1-424b-9868-57a2d4851a1d" relativeResultsDirectory="d573fde0-5a61-4d7c-b118-9d163f3df8e7" />
    <UnitTestResult executionId="08912c9d-ef54-4f89-b74f-538bab09d0bc" testId="f03c2b9f-2c41-20e9-8d55-7a3e599e4962" testName="Dft.DTRO.Tests.ServicesTests.Validations.RateLineValidationServiceTests.ValidateRateLineValue(conditionType: &quot;ConditionSet&quot;, value: 1.01, errorCount: 0)" computerName="PA_AP-3UINUHLUM" duration="00:00:00.0574090" startTime="2025-02-28T10:34:03.3044681+00:00" endTime="2025-02-28T10:34:03.3681485+00:00" testType="13cdc9d9-ddb5-4fa4-a97d-d965ccfc6d4b" outcome="Passed" testListId="8c84fa94-04c1-424b-9868-57a2d4851a1d" relativeResultsDirectory="08912c9d-ef54-4f89-b74f-538bab09d0bc" />
    <UnitTestResult executionId="69b1bace-b809-47f9-a4c7-d660a5bb18f6" testId="cb1dec09-7a01-a46f-98f0-2acbddeba2c6" testName="DfT.DTRO.Tests.CodeiumTests.Integration.SchemaController_Codeium_Tests.GetSchemaById_UnexpectedException_ReturnsInternalServerError" computerName="PA_AP-3UINUHLUM" duration="00:00:00.0108921" startTime="2025-02-28T10:34:03.8372213+00:00" endTime="2025-02-28T10:34:03.8690791+00:00" testType="13cdc9d9-ddb5-4fa4-a97d-d965ccfc6d4b" outcome="Passed" testListId="8c84fa94-04c1-424b-9868-57a2d4851a1d" relativeResultsDirectory="69b1bace-b809-47f9-a4c7-d660a5bb18f6" />
    <UnitTestResult executionId="4dffbe5c-100f-4780-87a6-bb8d47177b16" testId="266780e5-46bd-0799-0fd8-9f45e518108f" testName="Dft.DTRO.Tests.ServicesTests.Validations.ProvisionValidationServiceTests.ValidateProvisionOrderReportingPointTypeForSchema330(orderReportingPointType: &quot;specialEventOrderNoticeOfMaking&quot;, errorCount: 0)" computerName="PA_AP-3UINUHLUM" duration="00:00:00.0001650" startTime="2025-02-28T10:34:03.4316220+00:00" endTime="2025-02-28T10:34:03.4317115+00:00" testType="13cdc9d9-ddb5-4fa4-a97d-d965ccfc6d4b" outcome="Passed" testListId="8c84fa94-04c1-424b-9868-57a2d4851a1d" relativeResultsDirectory="4dffbe5c-100f-4780-87a6-bb8d47177b16" />
    <UnitTestResult executionId="4baeba68-b9dd-45b4-acb1-c93872e55cfd" testId="53169a8b-a180-e250-3920-f4a43b761db8" testName="Dft.DTRO.Tests.ServicesTests.Validations.JsonLogicValidationTests.DisallowsValidPeriodEndTimeAfterOverallPeriodEndTime" computerName="PA_AP-3UINUHLUM" duration="00:00:00.0155832" startTime="2025-02-28T10:34:04.2875228+00:00" endTime="2025-02-28T10:34:04.3035093+00:00" testType="13cdc9d9-ddb5-4fa4-a97d-d965ccfc6d4b" outcome="Passed" testListId="8c84fa94-04c1-424b-9868-57a2d4851a1d" relativeResultsDirectory="4baeba68-b9dd-45b4-acb1-c93872e55cfd" />
    <UnitTestResult executionId="e383bdff-a5a5-44b6-a1ce-6177548cfc8b" testId="fb3af10d-50ff-1186-ac4a-4345762fb319" testName="Dft.DTRO.Tests.ServicesTests.Validations.RateLineValidationServiceTests.ValidateRateLineRateUsageConditionType(conditionType: &quot;ConditionSet&quot;, usageCondition: &quot;&quot;, errorCount: 1)" computerName="PA_AP-3UINUHLUM" duration="00:00:00.0007913" startTime="2025-02-28T10:34:03.3733013+00:00" endTime="2025-02-28T10:34:03.3734520+00:00" testType="13cdc9d9-ddb5-4fa4-a97d-d965ccfc6d4b" outcome="Passed" testListId="8c84fa94-04c1-424b-9868-57a2d4851a1d" relativeResultsDirectory="e383bdff-a5a5-44b6-a1ce-6177548cfc8b" />
    <UnitTestResult executionId="5c88fced-d047-4e64-8196-fd86f7f59436" testId="12cc7e13-dec9-8a97-4964-40bdb73f0d1a" testName="Dft.DTRO.Tests.ServicesTests.Validations.RateLineCollectionValidationServiceTests.ValidateRateLineCollectionEndValidUsagePeriod(conditionType: &quot;ConditionSet&quot;, endValidUsagePeriod: &quot;2024-12-10T09:00:00&quot;, errorCount: 0)" computerName="PA_AP-3UINUHLUM" duration="00:00:00.0002388" startTime="2025-02-28T10:34:03.6615285+00:00" endTime="2025-02-28T10:34:03.6616030+00:00" testType="13cdc9d9-ddb5-4fa4-a97d-d965ccfc6d4b" outcome="Passed" testListId="8c84fa94-04c1-424b-9868-57a2d4851a1d" relativeResultsDirectory="5c88fced-d047-4e64-8196-fd86f7f59436" />
    <UnitTestResult executionId="280a223b-56c7-4a2c-b711-75485701c39a" testId="a4752a16-dabb-a85f-b504-02000a44d1fb" testName="Dft.DTRO.Tests.ServicesTests.Validations.RateLineCollectionValidationServiceTests.ValidateRateLineCollectionMaxTime(conditionType: &quot;Condition&quot;, maxTime: 1, errorCount: 0)" computerName="PA_AP-3UINUHLUM" duration="00:00:00.0001689" startTime="2025-02-28T10:34:03.6280551+00:00" endTime="2025-02-28T10:34:03.6289073+00:00" testType="13cdc9d9-ddb5-4fa4-a97d-d965ccfc6d4b" outcome="Passed" testListId="8c84fa94-04c1-424b-9868-57a2d4851a1d" relativeResultsDirectory="280a223b-56c7-4a2c-b711-75485701c39a" />
    <UnitTestResult executionId="7ff88c87-d67d-4008-aed6-d9d926379e7f" testId="0eb773fd-ad2b-0a8f-4fea-dae0c1cd7006" testName="Dft.DTRO.Tests.ServicesTests.Validations.RegulationValidationTests.ValidateRegulationOffListRegulationShortName(shortName: &quot;&quot;, errorCount: 1)" computerName="PA_AP-3UINUHLUM" duration="00:00:00.0006662" startTime="2025-02-28T10:34:03.8346497+00:00" endTime="2025-02-28T10:34:03.8373708+00:00" testType="13cdc9d9-ddb5-4fa4-a97d-d965ccfc6d4b" outcome="Passed" testListId="8c84fa94-04c1-424b-9868-57a2d4851a1d" relativeResultsDirectory="7ff88c87-d67d-4008-aed6-d9d926379e7f" />
    <UnitTestResult executionId="d7b77d40-7d68-487e-a7d9-eaeb5abe19ac" testId="6dc63753-04e3-cc4e-238f-3edde2e40fc0" testName="Dft.DTRO.Tests.ServicesTests.Validations.RateLineValidationServiceTests.ValidateRateLineDurationStart(conditionType: &quot;Condition&quot;, durationStart: -10, errorCount: 1)" computerName="PA_AP-3UINUHLUM" duration="00:00:00.0005364" startTime="2025-02-28T10:34:03.3968647+00:00" endTime="2025-02-28T10:34:03.3969171+00:00" testType="13cdc9d9-ddb5-4fa4-a97d-d965ccfc6d4b" outcome="Passed" testListId="8c84fa94-04c1-424b-9868-57a2d4851a1d" relativeResultsDirectory="d7b77d40-7d68-487e-a7d9-eaeb5abe19ac" />
    <UnitTestResult executionId="10e2f1c4-806b-47bd-a5d6-8927e8ad9d5b" testId="b78956aa-a262-4294-0aed-15a8a068c722" testName="Dft.DTRO.Tests.CodeiumTests.Metrics.Service.MetricsServiceTests.CheckDataBase_InvalidConnection_ReturnsFalse" computerName="PA_AP-3UINUHLUM" duration="00:00:00.0013512" startTime="2025-02-28T10:34:03.4775328+00:00" endTime="2025-02-28T10:34:03.4780367+00:00" testType="13cdc9d9-ddb5-4fa4-a97d-d965ccfc6d4b" outcome="Passed" testListId="8c84fa94-04c1-424b-9868-57a2d4851a1d" relativeResultsDirectory="10e2f1c4-806b-47bd-a5d6-8927e8ad9d5b" />
    <UnitTestResult executionId="d3142f15-c9d2-49b1-b302-c1abbdf9d934" testId="4d25d56d-2bdb-bbce-03f1-78db85391da1" testName="Dft.DTRO.Tests.ControllerTests.AuthControllerTests.GetTokenReturnsAuthToken" computerName="PA_AP-3UINUHLUM" duration="00:00:00.3077590" startTime="2025-02-28T10:34:03.3042443+00:00" endTime="2025-02-28T10:34:03.5895118+00:00" testType="13cdc9d9-ddb5-4fa4-a97d-d965ccfc6d4b" outcome="Passed" testListId="8c84fa94-04c1-424b-9868-57a2d4851a1d" relativeResultsDirectory="d3142f15-c9d2-49b1-b302-c1abbdf9d934" />
    <UnitTestResult executionId="63023f92-4751-4d98-8665-85f2b370f4f6" testId="7a41630d-2138-f286-7852-3dd0b650bdb4" testName="Dft.DTRO.Tests.ServicesTests.Validations.GeometryValidationServiceTests.ValidateLinearGeometryLateralPosition(lateralPosition: &quot;centreline&quot;, schemaVersion: &quot;3.3.0&quot;, errorCount: 0)" computerName="PA_AP-3UINUHLUM" duration="00:00:00.0004133" startTime="2025-02-28T10:34:03.6118806+00:00" endTime="2025-02-28T10:34:03.6119687+00:00" testType="13cdc9d9-ddb5-4fa4-a97d-d965ccfc6d4b" outcome="Passed" testListId="8c84fa94-04c1-424b-9868-57a2d4851a1d" relativeResultsDirectory="63023f92-4751-4d98-8665-85f2b370f4f6" />
    <UnitTestResult executionId="2ffe7e25-2b54-4c4a-b6ad-746e7d337fbb" testId="e4943429-5f2c-1e44-c8a5-6c44e87109e2" testName="Dft.DTRO.Tests.ServicesTests.Validations.ExternalReferenceValidationServiceTests.ValidatedExternalReferenceLastUpdatedDate(lastUpdateDate: &quot;2034-01-01T00:00:00&quot;, version: &quot;3.3.0&quot;, errorCount: 1)" computerName="PA_AP-3UINUHLUM" duration="00:00:00.0100175" startTime="2025-02-28T10:34:03.6598080+00:00" endTime="2025-02-28T10:34:03.6645366+00:00" testType="13cdc9d9-ddb5-4fa4-a97d-d965ccfc6d4b" outcome="Passed" testListId="8c84fa94-04c1-424b-9868-57a2d4851a1d" relativeResultsDirectory="2ffe7e25-2b54-4c4a-b6ad-746e7d337fbb" />
    <UnitTestResult executionId="2682c52e-271f-4fae-b32d-f9a88272db7d" testId="17852aa4-45a8-826a-0ed9-1fbcdde06043" testName="Dft.DTRO.Tests.ServicesTests.Validations.ProvisionValidationServiceTests.ValidateProvisionDescriptionForSchema330(provisionDescription: &quot;&quot;, errorCount: 1)" computerName="PA_AP-3UINUHLUM" duration="00:00:00.0002775" startTime="2025-02-28T10:34:03.4692425+00:00" endTime="2025-02-28T10:34:03.4693600+00:00" testType="13cdc9d9-ddb5-4fa4-a97d-d965ccfc6d4b" outcome="Passed" testListId="8c84fa94-04c1-424b-9868-57a2d4851a1d" relativeResultsDirectory="2682c52e-271f-4fae-b32d-f9a88272db7d" />
    <UnitTestResult executionId="1f9f0d94-c4cc-463c-919e-5e101272e1aa" testId="32d1c10d-b25c-79a5-177d-d066a5cfd828" testName="Dft.DTRO.Tests.ServicesTests.Validations.RateLineValidationServiceTests.ValidateRateLineDurationEnd(conditionType: &quot;ConditionSet&quot;, durationEnd: 1000, errorCount: 0)" computerName="PA_AP-3UINUHLUM" duration="00:00:00.0002179" startTime="2025-02-28T10:34:03.3940402+00:00" endTime="2025-02-28T10:34:03.3941443+00:00" testType="13cdc9d9-ddb5-4fa4-a97d-d965ccfc6d4b" outcome="Passed" testListId="8c84fa94-04c1-424b-9868-57a2d4851a1d" relativeResultsDirectory="1f9f0d94-c4cc-463c-919e-5e101272e1aa" />
    <UnitTestResult executionId="2945f8e3-e64a-4b9c-916d-bf0f4861d0f7" testId="feb26464-7985-bb21-dac6-e28d4bf8481f" testName="Dft.DTRO.Tests.ServicesTests.Validations.RegulationValidationTests.ValidateGeneralRegulationRegulationType(regulationType: &quot;dimensionMaximumWidth&quot;, errorCount: 0)" computerName="PA_AP-3UINUHLUM" duration="00:00:00.0003995" startTime="2025-02-28T10:34:03.8156597+00:00" endTime="2025-02-28T10:34:03.8161029+00:00" testType="13cdc9d9-ddb5-4fa4-a97d-d965ccfc6d4b" outcome="Passed" testListId="8c84fa94-04c1-424b-9868-57a2d4851a1d" relativeResultsDirectory="2945f8e3-e64a-4b9c-916d-bf0f4861d0f7" />
    <UnitTestResult executionId="836cf064-6b71-4a2f-b429-71ea916a9acd" testId="34626241-c38f-af31-751d-ab5813594b69" testName="Dft.DTRO.Tests.ServicesTests.Validations.SourceValidationServiceTests.ValidateSourceCurrentTraOwner(version: &quot;3.2.4&quot;, traCode: 1050, errorCount: 0)" computerName="PA_AP-3UINUHLUM" duration="00:00:00.0422993" startTime="2025-02-28T10:34:03.5953091+00:00" endTime="2025-02-28T10:34:03.7409375+00:00" testType="13cdc9d9-ddb5-4fa4-a97d-d965ccfc6d4b" outcome="Passed" testListId="8c84fa94-04c1-424b-9868-57a2d4851a1d" relativeResultsDirectory="836cf064-6b71-4a2f-b429-71ea916a9acd" />
    <UnitTestResult executionId="63b35faf-7f87-47af-8f58-eda4b1423bed" testId="22ed2f61-a1e0-6fae-90a0-1f823e7f0e45" testName="Dft.DTRO.Tests.CodeiumTests.Users.Service.UserServiceTests.SaveDtroUserAsync_ShouldReturnGuidResponse(doesTraIdExists: True)" computerName="PA_AP-3UINUHLUM" duration="00:00:00.0025901" startTime="2025-02-28T10:34:03.5742528+00:00" endTime="2025-02-28T10:34:03.5779697+00:00" testType="13cdc9d9-ddb5-4fa4-a97d-d965ccfc6d4b" outcome="Passed" testListId="8c84fa94-04c1-424b-9868-57a2d4851a1d" relativeResultsDirectory="63b35faf-7f87-47af-8f58-eda4b1423bed" />
    <UnitTestResult executionId="52f885fe-ba79-4197-919b-f5128e216862" testId="0fb148d8-15fa-4413-315d-3df25bc00ce2" testName="Dft.DTRO.Tests.ServicesTests.Validations.JsonLogicValidationTests.AllowsUniqueWeekInMonthInValidityPeriod" computerName="PA_AP-3UINUHLUM" duration="00:00:00.0124155" startTime="2025-02-28T10:34:04.4026820+00:00" endTime="2025-02-28T10:34:04.4155334+00:00" testType="13cdc9d9-ddb5-4fa4-a97d-d965ccfc6d4b" outcome="Passed" testListId="8c84fa94-04c1-424b-9868-57a2d4851a1d" relativeResultsDirectory="52f885fe-ba79-4197-919b-f5128e216862" />
    <UnitTestResult executionId="b5590dec-8f57-49dd-b43a-4966b3183ce8" testId="2cc21eb5-ceab-0e8f-1730-725a5b609ea4" testName="Dft.DTRO.Tests.ServicesTests.Validations.RegulationValidationTests.ValidateRegulationTimeZone(timeZone: &quot;&quot;, errorCount: 1)" computerName="PA_AP-3UINUHLUM" duration="00:00:00.0004767" startTime="2025-02-28T10:34:03.8396221+00:00" endTime="2025-02-28T10:34:03.8398133+00:00" testType="13cdc9d9-ddb5-4fa4-a97d-d965ccfc6d4b" outcome="Passed" testListId="8c84fa94-04c1-424b-9868-57a2d4851a1d" relativeResultsDirectory="b5590dec-8f57-49dd-b43a-4966b3183ce8" />
    <UnitTestResult executionId="41a87b91-a3be-4169-8bef-42b0c3208142" testId="2878ec11-f19d-a252-fb97-8489b89749c2" testName="Dft.DTRO.Tests.CodeiumTests.Users.Service.UserServiceTests.UpdateDtroUserAsync_ShouldReturnGuidResponse_WhenUserExists" computerName="PA_AP-3UINUHLUM" duration="00:00:00.0068705" startTime="2025-02-28T10:34:03.5852966+00:00" endTime="2025-02-28T10:34:03.5971290+00:00" testType="13cdc9d9-ddb5-4fa4-a97d-d965ccfc6d4b" outcome="Passed" testListId="8c84fa94-04c1-424b-9868-57a2d4851a1d" relativeResultsDirectory="41a87b91-a3be-4169-8bef-42b0c3208142" />
    <UnitTestResult executionId="684bbe82-5e03-4239-9d5e-4d3d95cd4571" testId="5da07d8d-88b1-ce71-310a-cb1605338078" testName="Dft.DTRO.Tests.ServicesTests.Validations.GeometryValidationServiceTests.ValidateLinearGeometryVersion(version: null, schemaVersion: &quot;3.3.0&quot;, errorCount: 1)" computerName="PA_AP-3UINUHLUM" duration="00:00:00.0010026" startTime="2025-02-28T10:34:03.6777584+00:00" endTime="2025-02-28T10:34:03.6902283+00:00" testType="13cdc9d9-ddb5-4fa4-a97d-d965ccfc6d4b" outcome="Passed" testListId="8c84fa94-04c1-424b-9868-57a2d4851a1d" relativeResultsDirectory="684bbe82-5e03-4239-9d5e-4d3d95cd4571" />
    <UnitTestResult executionId="d88213e0-c7dc-4abd-ad9a-b3f39e3d41a2" testId="2d432634-9968-ffac-7c28-ca6fa6c5eaf6" testName="Dft.DTRO.Tests.ServicesTests.Validations.GeometryValidationServiceTests.ValidatePointGeometryVersion(version: null, schemaVersion: &quot;3.3.0&quot;, errorCount: 1)" computerName="PA_AP-3UINUHLUM" duration="00:00:00.0005718" startTime="2025-02-28T10:34:03.5778325+00:00" endTime="2025-02-28T10:34:03.5783431+00:00" testType="13cdc9d9-ddb5-4fa4-a97d-d965ccfc6d4b" outcome="Passed" testListId="8c84fa94-04c1-424b-9868-57a2d4851a1d" relativeResultsDirectory="d88213e0-c7dc-4abd-ad9a-b3f39e3d41a2" />
    <UnitTestResult executionId="37cb90fb-8bc8-47a7-a8bf-3c5112b8ad14" testId="89bb4e11-bd67-a017-f28b-a0452b3df9a1" testName="Dft.DTRO.Tests.ServicesTests.Application.ApplicationServiceTests.ValidateAppBelongsToUserShouldReturnFalseWhenUserDoesNotMatch" computerName="PA_AP-3UINUHLUM" duration="00:00:00.0019522" startTime="2025-02-28T10:34:03.4786477+00:00" endTime="2025-02-28T10:34:03.4791252+00:00" testType="13cdc9d9-ddb5-4fa4-a97d-d965ccfc6d4b" outcome="Passed" testListId="8c84fa94-04c1-424b-9868-57a2d4851a1d" relativeResultsDirectory="37cb90fb-8bc8-47a7-a8bf-3c5112b8ad14" />
    <UnitTestResult executionId="a0cce804-399e-4fe0-b7e7-2218a73105c2" testId="0ca1aead-f2d1-23ac-78df-b9bd46f37ce1" testName="Dft.DTRO.Tests.ServicesTests.Validations.RegulationValidationTests.ValidateGeneralRegulationRegulationType(regulationType: &quot;dimensionMaximumHeightStructural&quot;, errorCount: 0)" computerName="PA_AP-3UINUHLUM" duration="00:00:00.0002882" startTime="2025-02-28T10:34:03.7864253+00:00" endTime="2025-02-28T10:34:03.7864939+00:00" testType="13cdc9d9-ddb5-4fa4-a97d-d965ccfc6d4b" outcome="Passed" testListId="8c84fa94-04c1-424b-9868-57a2d4851a1d" relativeResultsDirectory="a0cce804-399e-4fe0-b7e7-2218a73105c2" />
    <UnitTestResult executionId="483cc3ad-aaf7-4ce1-9c89-6fa126f07827" testId="dc26829d-34d3-dc8f-49cb-5e7332af9dd9" testName="Dft.DTRO.Tests.ServicesTests.Validations.ProvisionValidationServiceTests.ValidateProvisionOrderReportingPointTypeForSchema330(orderReportingPointType: &quot;ttroTtmoNoticeOfIntention&quot;, errorCount: 0)" computerName="PA_AP-3UINUHLUM" duration="00:00:00.0001689" startTime="2025-02-28T10:34:03.4386035+00:00" endTime="2025-02-28T10:34:03.4388428+00:00" testType="13cdc9d9-ddb5-4fa4-a97d-d965ccfc6d4b" outcome="Passed" testListId="8c84fa94-04c1-424b-9868-57a2d4851a1d" relativeResultsDirectory="483cc3ad-aaf7-4ce1-9c89-6fa126f07827" />
    <UnitTestResult executionId="7070a6f3-05fc-4041-9418-f0563629f73c" testId="f2d18da3-f3a5-dcdb-3a6d-549a89b517ce" testName="Dft.DTRO.Tests.CodeiumTests.Metrics.Controller.MetricsControllerTests.HealthApi_ReturnsOkWithTrue" computerName="PA_AP-3UINUHLUM" duration="00:00:00.0030819" startTime="2025-02-28T10:34:03.5930509+00:00" endTime="2025-02-28T10:34:03.5959437+00:00" testType="13cdc9d9-ddb5-4fa4-a97d-d965ccfc6d4b" outcome="Passed" testListId="8c84fa94-04c1-424b-9868-57a2d4851a1d" relativeResultsDirectory="7070a6f3-05fc-4041-9418-f0563629f73c" />
    <UnitTestResult executionId="86b69043-61f9-44c7-a571-9796a2983bb9" testId="6ea98504-07b6-79b4-9267-d77e7ed1c073" testName="Dft.DTRO.Tests.ServicesTests.Validations.RateLineValidationServiceTests.ValidateRateLineRateUsageConditionType(conditionType: &quot;Condition&quot;, usageCondition: &quot;unknown&quot;, errorCount: 1)" computerName="PA_AP-3UINUHLUM" duration="00:00:00.0002356" startTime="2025-02-28T10:34:03.3813832+00:00" endTime="2025-02-28T10:34:03.3819671+00:00" testType="13cdc9d9-ddb5-4fa4-a97d-d965ccfc6d4b" outcome="Passed" testListId="8c84fa94-04c1-424b-9868-57a2d4851a1d" relativeResultsDirectory="86b69043-61f9-44c7-a571-9796a2983bb9" />
    <UnitTestResult executionId="f8abae6a-0536-40cf-9dae-b138e6a274a7" testId="0aa6b240-330d-2b1f-d264-18ddb4420e7f" testName="Dft.DTRO.Tests.ServicesTests.Validations.JsonSchemaValidationTests.ValidateAgainstSchema325ProducesCorrectResults(schemaVersion: &quot;3.3.0&quot;, sourceJson: &quot;JSON-3.3.0-example-TTRO-TempOneWayWithConditions&quot;, expectedResult: False)" computerName="PA_AP-3UINUHLUM" duration="00:00:00.0109911" startTime="2025-02-28T10:34:04.0312811+00:00" endTime="2025-02-28T10:34:04.0431457+00:00" testType="13cdc9d9-ddb5-4fa4-a97d-d965ccfc6d4b" outcome="Passed" testListId="8c84fa94-04c1-424b-9868-57a2d4851a1d" relativeResultsDirectory="f8abae6a-0536-40cf-9dae-b138e6a274a7" />
    <UnitTestResult executionId="730cfd3d-4b36-4288-9757-95a49c65f651" testId="20d51d60-9439-c0d4-b57d-2868650e5bc8" testName="DfT.DTRO.Tests.CodeiumTests.Integration.SchemaController_Codeium_Tests.DeActivateSchema_ThrowsNotFoundException_ReturnsNotFound" computerName="PA_AP-3UINUHLUM" duration="00:00:00.0102805" startTime="2025-02-28T10:34:03.8923956+00:00" endTime="2025-02-28T10:34:03.8972249+00:00" testType="13cdc9d9-ddb5-4fa4-a97d-d965ccfc6d4b" outcome="Passed" testListId="8c84fa94-04c1-424b-9868-57a2d4851a1d" relativeResultsDirectory="730cfd3d-4b36-4288-9757-95a49c65f651" />
    <UnitTestResult executionId="89be5c4c-d90a-4ef7-99c3-b18a6578be68" testId="8176aecd-c6f2-42eb-4695-cd457b880b79" testName="Dft.DTRO.Tests.ServicesTests.Validations.SemanticValidationServiceTests.AllowsLastUpdateDateInThePast(version: &quot;3.2.4&quot;)" computerName="PA_AP-3UINUHLUM" duration="00:00:00.0022548" startTime="2025-02-28T10:34:03.7414163+00:00" endTime="2025-02-28T10:34:03.7451168+00:00" testType="13cdc9d9-ddb5-4fa4-a97d-d965ccfc6d4b" outcome="Passed" testListId="8c84fa94-04c1-424b-9868-57a2d4851a1d" relativeResultsDirectory="89be5c4c-d90a-4ef7-99c3-b18a6578be68" />
    <UnitTestResult executionId="2dccd9d9-94a2-4096-be7e-5f174354d70e" testId="3f0b3a1b-4525-74e9-5bff-4c1071c6d7ce" testName="Dft.DTRO.Tests.ServicesTests.Validations.GeometryValidationTests.ValidateAgainstPreviousSchemaVersionsReturnsBoundingBox" computerName="PA_AP-3UINUHLUM" duration="00:00:00.0053819" startTime="2025-02-28T10:34:03.4647914+00:00" endTime="2025-02-28T10:34:03.4697629+00:00" testType="13cdc9d9-ddb5-4fa4-a97d-d965ccfc6d4b" outcome="Passed" testListId="8c84fa94-04c1-424b-9868-57a2d4851a1d" relativeResultsDirectory="2dccd9d9-94a2-4096-be7e-5f174354d70e" />
    <UnitTestResult executionId="9f0bc8c6-b21c-4bf4-b82d-741c4d5a1595" testId="62be7d6b-02cd-c0ec-4254-2532cbc87c8f" testName="Dft.DTRO.Tests.ServicesTests.Validations.JsonLogicValidationTests.DisallowsExceptionPeriodEndTimeBeforeStartTime" computerName="PA_AP-3UINUHLUM" duration="00:00:00.0144480" startTime="2025-02-28T10:34:04.5761439+00:00" endTime="2025-02-28T10:34:04.5918439+00:00" testType="13cdc9d9-ddb5-4fa4-a97d-d965ccfc6d4b" outcome="Passed" testListId="8c84fa94-04c1-424b-9868-57a2d4851a1d" relativeResultsDirectory="9f0bc8c6-b21c-4bf4-b82d-741c4d5a1595" />
    <UnitTestResult executionId="5395b153-942c-48af-b52d-7427310250bc" testId="5a496442-d837-3ea7-dc81-303e093c49a7" testName="Dft.DTRO.Tests.ServicesTests.Validations.ProvisionValidationServiceTests.ValidateProvisionActionTypeForSchema330(actionType: &quot;fullAmendment&quot;, errorCount: 0)" computerName="PA_AP-3UINUHLUM" duration="00:00:00.0004217" startTime="2025-02-28T10:34:03.4508897+00:00" endTime="2025-02-28T10:34:03.4509804+00:00" testType="13cdc9d9-ddb5-4fa4-a97d-d965ccfc6d4b" outcome="Passed" testListId="8c84fa94-04c1-424b-9868-57a2d4851a1d" relativeResultsDirectory="5395b153-942c-48af-b52d-7427310250bc" />
    <UnitTestResult executionId="086a46db-b927-4c32-b624-69a420cbcb94" testId="a168fdcf-1093-8ec2-c811-9e396971e8b2" testName="Dft.DTRO.Tests.ServicesTests.Validations.JsonLogicValidationTests.AllowsExceptionPeriodStartTimeAfterOverallPeriodStartTime" computerName="PA_AP-3UINUHLUM" duration="00:00:00.0177618" startTime="2025-02-28T10:34:04.0056243+00:00" endTime="2025-02-28T10:34:04.0238240+00:00" testType="13cdc9d9-ddb5-4fa4-a97d-d965ccfc6d4b" outcome="Passed" testListId="8c84fa94-04c1-424b-9868-57a2d4851a1d" relativeResultsDirectory="086a46db-b927-4c32-b624-69a420cbcb94" />
    <UnitTestResult executionId="56ddde7b-3a2e-4a83-a7b7-68c0fdec7937" testId="3210d6f4-03eb-8d4d-660c-d4abc44d9f10" testName="Dft.DTRO.Tests.ServicesTests.Tra.TraServiceTests.GetTrasAsyncReturnsRecords(traName: null, records: 5)" computerName="PA_AP-3UINUHLUM" duration="00:00:00.0018678" startTime="2025-02-28T10:34:03.5510475+00:00" endTime="2025-02-28T10:34:03.5527435+00:00" testType="13cdc9d9-ddb5-4fa4-a97d-d965ccfc6d4b" outcome="Passed" testListId="8c84fa94-04c1-424b-9868-57a2d4851a1d" relativeResultsDirectory="56ddde7b-3a2e-4a83-a7b7-68c0fdec7937" />
    <UnitTestResult executionId="a528059b-7851-49aa-8118-fc4ce01a6ef5" testId="b8e71c41-58cc-bb0c-668e-20a5b3e27a4e" testName="Dft.DTRO.Tests.DALTests.ApplicationDalTests.GetApplicationUserShouldReturnNullWhenAppDoesNotExist" computerName="PA_AP-3UINUHLUM" duration="00:00:00.0139043" startTime="2025-02-28T10:34:05.0027973+00:00" endTime="2025-02-28T10:34:05.0166902+00:00" testType="13cdc9d9-ddb5-4fa4-a97d-d965ccfc6d4b" outcome="Passed" testListId="8c84fa94-04c1-424b-9868-57a2d4851a1d" relativeResultsDirectory="a528059b-7851-49aa-8118-fc4ce01a6ef5" />
    <UnitTestResult executionId="8f5fde14-4182-4b02-b66a-667e5eb58c4b" testId="bce75c1f-6393-5e75-dbbe-de212a4dc098" testName="Dft.DTRO.Tests.ServicesTests.Validations.RegulationValidationTests.ValidateSpeedLimitValueBasedSpeedType(type: &quot;maximumSpeedLimit&quot;, errorCount: 0)" computerName="PA_AP-3UINUHLUM" duration="00:00:00.0001533" startTime="2025-02-28T10:34:03.8662148+00:00" endTime="2025-02-28T10:34:03.8662844+00:00" testType="13cdc9d9-ddb5-4fa4-a97d-d965ccfc6d4b" outcome="Passed" testListId="8c84fa94-04c1-424b-9868-57a2d4851a1d" relativeResultsDirectory="8f5fde14-4182-4b02-b66a-667e5eb58c4b" />
    <UnitTestResult executionId="7cc0704b-e4ca-443e-b4d4-8eb3a5074fbc" testId="392c52b0-1480-e21e-2bce-7364e2546100" testName="Dft.DTRO.Tests.ServicesTests.Validations.RateLineCollectionValidationServiceTests.ValidateRateLineCollectionResetTime(conditionType: &quot;ConditionSet&quot;, resetTime: &quot;badTime&quot;, errorCount: 1)" computerName="PA_AP-3UINUHLUM" duration="00:00:00.0001717" startTime="2025-02-28T10:34:03.6958067+00:00" endTime="2025-02-28T10:34:03.6964365+00:00" testType="13cdc9d9-ddb5-4fa4-a97d-d965ccfc6d4b" outcome="Passed" testListId="8c84fa94-04c1-424b-9868-57a2d4851a1d" relativeResultsDirectory="7cc0704b-e4ca-443e-b4d4-8eb3a5074fbc" />
    <UnitTestResult executionId="f842982e-45d2-46f4-89cd-ddb99afeee72" testId="6ed131d1-c90c-b81e-acc8-600a341c846f" testName="Dft.DTRO.Tests.ServicesTests.Validations.ProvisionValidationServiceTests.ValidateProvisionOrderReportingPointTypeForSchema330(orderReportingPointType: &quot;ttroTtmoByNotice&quot;, errorCount: 0)" computerName="PA_AP-3UINUHLUM" duration="00:00:00.0001844" startTime="2025-02-28T10:34:03.4355222+00:00" endTime="2025-02-28T10:34:03.4356056+00:00" testType="13cdc9d9-ddb5-4fa4-a97d-d965ccfc6d4b" outcome="Passed" testListId="8c84fa94-04c1-424b-9868-57a2d4851a1d" relativeResultsDirectory="f842982e-45d2-46f4-89cd-ddb99afeee72" />
    <UnitTestResult executionId="d8a104c8-db7f-4897-a0b8-90953b3d7cd2" testId="2c4979d1-dc0c-a5f4-9bbe-9b57c0a4993f" testName="Dft.DTRO.Tests.CodeiumTests.Metrics.Service.MetricsServiceTests.IncrementMetric_Submission_ReturnsTrue" computerName="PA_AP-3UINUHLUM" duration="00:00:00.0019478" startTime="2025-02-28T10:34:03.4755000+00:00" endTime="2025-02-28T10:34:03.4760130+00:00" testType="13cdc9d9-ddb5-4fa4-a97d-d965ccfc6d4b" outcome="Passed" testListId="8c84fa94-04c1-424b-9868-57a2d4851a1d" relativeResultsDirectory="d8a104c8-db7f-4897-a0b8-90953b3d7cd2" />
    <UnitTestResult executionId="bbf79b93-121a-4c90-b346-ff95317ec692" testId="f1c2a352-5617-b47a-1b59-56c3ce46cc47" testName="Dft.DTRO.Tests.ServicesTests.Validations.GeometryValidationServiceTests.ValidateLinearGeometryLinestring(linestring: &quot;SRID=27700;LINESTRING(323357 124578, 323338 124640&quot;···, schemaVersion: &quot;3.3.0&quot;, errorCount: 0)" computerName="PA_AP-3UINUHLUM" duration="00:00:00.0005199" startTime="2025-02-28T10:34:03.6203156+00:00" endTime="2025-02-28T10:34:03.6222218+00:00" testType="13cdc9d9-ddb5-4fa4-a97d-d965ccfc6d4b" outcome="Passed" testListId="8c84fa94-04c1-424b-9868-57a2d4851a1d" relativeResultsDirectory="bbf79b93-121a-4c90-b346-ff95317ec692" />
    <UnitTestResult executionId="b79bbd38-3e8b-4cf6-a8b6-21f31f96edd9" testId="86a80db5-891f-39f6-9def-f8d65936162b" testName="Dft.DTRO.Tests.UnitTests.MappingServiceTests.InferIndexFieldsReturnsSampleFiles(path: &quot;../../../TestFiles/D-TROs/3.3.0/JSON-3.3.0-example&quot;···, schemaVersion: &quot;3.3.0&quot;)" computerName="PA_AP-3UINUHLUM" duration="00:00:00.0052990" startTime="2025-02-28T10:34:03.8823282+00:00" endTime="2025-02-28T10:34:03.8917736+00:00" testType="13cdc9d9-ddb5-4fa4-a97d-d965ccfc6d4b" outcome="Passed" testListId="8c84fa94-04c1-424b-9868-57a2d4851a1d" relativeResultsDirectory="b79bbd38-3e8b-4cf6-a8b6-21f31f96edd9" />
    <UnitTestResult executionId="831aade1-e631-4e9d-b448-fb96ab56bada" testId="4fe09a41-5a93-0d98-4241-67495dd27e36" testName="Dft.DTRO.Tests.ServicesTests.Application.ApplicationServiceTests.ValidateAppBelongsToUserShouldReturnTrueWhenUserMatches" computerName="PA_AP-3UINUHLUM" duration="00:00:00.0035405" startTime="2025-02-28T10:34:03.4739925+00:00" endTime="2025-02-28T10:34:03.4747904+00:00" testType="13cdc9d9-ddb5-4fa4-a97d-d965ccfc6d4b" outcome="Passed" testListId="8c84fa94-04c1-424b-9868-57a2d4851a1d" relativeResultsDirectory="831aade1-e631-4e9d-b448-fb96ab56bada" />
    <UnitTestResult executionId="f13c2b63-2d89-481d-a730-027501eb5098" testId="5b4c9d42-6bf1-4941-1b2b-c27e099e6080" testName="Dft.DTRO.Tests.ServicesTests.Tra.TraServiceTests.GetDtrosAsyncReturnsNoRecords" computerName="PA_AP-3UINUHLUM" duration="00:00:00.0052829" startTime="2025-02-28T10:34:03.5532966+00:00" endTime="2025-02-28T10:34:03.5582232+00:00" testType="13cdc9d9-ddb5-4fa4-a97d-d965ccfc6d4b" outcome="Passed" testListId="8c84fa94-04c1-424b-9868-57a2d4851a1d" relativeResultsDirectory="f13c2b63-2d89-481d-a730-027501eb5098" />
    <UnitTestResult executionId="0e8516a2-3005-48f2-bd4b-a2005ab364c8" testId="aa33984a-b8fb-574b-3b75-4ed442e42f72" testName="Dft.DTRO.Tests.ServicesTests.Validations.SourceValidationServiceTests.ValidateSourceActionType(version: &quot;3.3.0&quot;, actionType: &quot;errorFix&quot;, traCode: 1050, errorCount: 0)" computerName="PA_AP-3UINUHLUM" duration="00:00:00.0002745" startTime="2025-02-28T10:34:03.7472085+00:00" endTime="2025-02-28T10:34:03.7476877+00:00" testType="13cdc9d9-ddb5-4fa4-a97d-d965ccfc6d4b" outcome="Passed" testListId="8c84fa94-04c1-424b-9868-57a2d4851a1d" relativeResultsDirectory="0e8516a2-3005-48f2-bd4b-a2005ab364c8" />
    <UnitTestResult executionId="fcd912e5-9600-47fe-89bd-f192205444aa" testId="890e0418-f8c3-9979-307d-56f29c5ae195" testName="Dft.DTRO.Tests.ServicesTests.Validations.RateLineCollectionValidationServiceTests.ValidateRateLineCollectionResetTime(conditionType: &quot;Condition&quot;, resetTime: &quot;badTime&quot;, errorCount: 1)" computerName="PA_AP-3UINUHLUM" duration="00:00:00.0001741" startTime="2025-02-28T10:34:03.7017112+00:00" endTime="2025-02-28T10:34:03.7019652+00:00" testType="13cdc9d9-ddb5-4fa4-a97d-d965ccfc6d4b" outcome="Passed" testListId="8c84fa94-04c1-424b-9868-57a2d4851a1d" relativeResultsDirectory="fcd912e5-9600-47fe-89bd-f192205444aa" />
    <UnitTestResult executionId="d0f82217-f362-4028-9ce4-e496367f9126" testId="1dca3f2c-8fe4-5aac-e21a-086a711e7314" testName="Dft.DTRO.Tests.ServicesTests.Validations.JsonLogicValidationTests.AllowGrossWeightCharacteristicValidForRegulationTypes(regulationType: &quot;dimensionMaximumWeightStructural&quot;)" computerName="PA_AP-3UINUHLUM" duration="00:00:00.0102500" startTime="2025-02-28T10:34:04.3187817+00:00" endTime="2025-02-28T10:34:04.3287466+00:00" testType="13cdc9d9-ddb5-4fa4-a97d-d965ccfc6d4b" outcome="Passed" testListId="8c84fa94-04c1-424b-9868-57a2d4851a1d" relativeResultsDirectory="d0f82217-f362-4028-9ce4-e496367f9126" />
    <UnitTestResult executionId="aee81fee-5721-4d18-b54d-2e516e8b069b" testId="00bff54e-7f18-ddf3-bc86-f287cbf6e72a" testName="Dft.DTRO.Tests.ServicesTests.Validations.RateLineValidationServiceTests.ValidateRateLineRateUsageConditionType(conditionType: &quot;Condition&quot;, usageCondition: &quot;fixedDuration&quot;, errorCount: 0)" computerName="PA_AP-3UINUHLUM" duration="00:00:00.0002114" startTime="2025-02-28T10:34:03.3770434+00:00" endTime="2025-02-28T10:34:03.3772244+00:00" testType="13cdc9d9-ddb5-4fa4-a97d-d965ccfc6d4b" outcome="Passed" testListId="8c84fa94-04c1-424b-9868-57a2d4851a1d" relativeResultsDirectory="aee81fee-5721-4d18-b54d-2e516e8b069b" />
    <UnitTestResult executionId="3392b995-93fb-4fdc-878b-16da5a95b21e" testId="abc92c35-87b4-07da-a074-e83be39f30c9" testName="Dft.DTRO.Tests.ServicesTests.Validations.JsonLogicValidationTests.DisallowsDuplicateApplicableWeekInValidityPeriod" computerName="PA_AP-3UINUHLUM" duration="00:00:00.0104140" startTime="2025-02-28T10:34:04.5117709+00:00" endTime="2025-02-28T10:34:04.5226450+00:00" testType="13cdc9d9-ddb5-4fa4-a97d-d965ccfc6d4b" outcome="Passed" testListId="8c84fa94-04c1-424b-9868-57a2d4851a1d" relativeResultsDirectory="3392b995-93fb-4fdc-878b-16da5a95b21e" />
    <UnitTestResult executionId="edd8a537-df75-4f9c-a737-200b3cb680e7" testId="da8cc568-a3f4-16e8-f287-ad03a6445b93" testName="Dft.DTRO.Tests.ServicesTests.Validations.RateLineValidationServiceTests.ValidateRateLineRateUsageConditionType(conditionType: &quot;ConditionSet&quot;, usageCondition: &quot;fixedNumber&quot;, errorCount: 0)" computerName="PA_AP-3UINUHLUM" duration="00:00:00.0002508" startTime="2025-02-28T10:34:03.3737449+00:00" endTime="2025-02-28T10:34:03.3740841+00:00" testType="13cdc9d9-ddb5-4fa4-a97d-d965ccfc6d4b" outcome="Passed" testListId="8c84fa94-04c1-424b-9868-57a2d4851a1d" relativeResultsDirectory="edd8a537-df75-4f9c-a737-200b3cb680e7" />
    <UnitTestResult executionId="4c63975b-90b1-4278-9173-57e1d7bada06" testId="00e5c958-be21-6743-94ba-60b70f6a3a24" testName="Dft.DTRO.Tests.ServicesTests.Validations.ProvisionValidationServiceTests.ValidateProvisionActionTypeForSchema330(actionType: &quot;partialAmendment&quot;, errorCount: 0)" computerName="PA_AP-3UINUHLUM" duration="00:00:00.0001508" startTime="2025-02-28T10:34:03.4533005+00:00" endTime="2025-02-28T10:34:03.4534165+00:00" testType="13cdc9d9-ddb5-4fa4-a97d-d965ccfc6d4b" outcome="Passed" testListId="8c84fa94-04c1-424b-9868-57a2d4851a1d" relativeResultsDirectory="4c63975b-90b1-4278-9173-57e1d7bada06" />
    <UnitTestResult executionId="e63000be-b922-4a44-ad85-bcabaef9fc43" testId="61b450b5-39b4-fb02-99de-fb2a3086c4f1" testName="Dft.DTRO.Tests.ServicesTests.Validations.SourceValidationServiceTests.ValidateSourceTraAffected(version: &quot;3.2.4&quot;, traAffected: &quot;9999, 0, 10000&quot;, errorCount: 1)" computerName="PA_AP-3UINUHLUM" duration="00:00:00.0004883" startTime="2025-02-28T10:34:03.7527605+00:00" endTime="2025-02-28T10:34:03.7533180+00:00" testType="13cdc9d9-ddb5-4fa4-a97d-d965ccfc6d4b" outcome="Passed" testListId="8c84fa94-04c1-424b-9868-57a2d4851a1d" relativeResultsDirectory="e63000be-b922-4a44-ad85-bcabaef9fc43" />
    <UnitTestResult executionId="eb45b7aa-0772-4b96-8dd5-7c959f8860a6" testId="b8892f75-c86d-8085-ef86-8e01eef462c3" testName="Dft.DTRO.Tests.ServicesTests.Validations.GeometryValidationServiceTests.ValidateLinearGeometryRepresentation(representation: &quot;linear&quot;, schemaVersion: &quot;3.3.0&quot;, errorCount: 0)" computerName="PA_AP-3UINUHLUM" duration="00:00:00.0006061" startTime="2025-02-28T10:34:03.7023729+00:00" endTime="2025-02-28T10:34:03.7038673+00:00" testType="13cdc9d9-ddb5-4fa4-a97d-d965ccfc6d4b" outcome="Passed" testListId="8c84fa94-04c1-424b-9868-57a2d4851a1d" relativeResultsDirectory="eb45b7aa-0772-4b96-8dd5-7c959f8860a6" />
    <UnitTestResult executionId="c6c9ac50-bcff-4a1e-a154-891b2b5888a0" testId="fe4d663b-63b3-c9e4-9fce-558c745dcd22" testName="Dft.DTRO.Tests.CodeiumTests.Rules.Controller.RulesControllerTests.GetRule_ReturnsInternalServerError_WhenExceptionIsThrown" computerName="PA_AP-3UINUHLUM" duration="00:00:00.0070166" startTime="2025-02-28T10:34:03.6654930+00:00" endTime="2025-02-28T10:34:03.6958539+00:00" testType="13cdc9d9-ddb5-4fa4-a97d-d965ccfc6d4b" outcome="Passed" testListId="8c84fa94-04c1-424b-9868-57a2d4851a1d" relativeResultsDirectory="c6c9ac50-bcff-4a1e-a154-891b2b5888a0" />
    <UnitTestResult executionId="cdb04b04-fe68-410c-8c61-8e7ca89228c4" testId="712ba21d-b04b-5e24-bfd1-a2681960a6f7" testName="Dft.DTRO.Tests.ServicesTests.Validations.SemanticValidationServiceTests.AllowsCoordinatesWithinPointGeometry(version: &quot;3.3.0&quot;)" computerName="PA_AP-3UINUHLUM" duration="00:00:00.0009722" startTime="2025-02-28T10:34:03.6715219+00:00" endTime="2025-02-28T10:34:03.6727982+00:00" testType="13cdc9d9-ddb5-4fa4-a97d-d965ccfc6d4b" outcome="Passed" testListId="8c84fa94-04c1-424b-9868-57a2d4851a1d" relativeResultsDirectory="cdb04b04-fe68-410c-8c61-8e7ca89228c4" />
    <UnitTestResult executionId="cd056cfe-92bb-4963-a48f-1d35e0d48013" testId="5a43bf05-5f4d-e430-1a26-67d256d0c993" testName="Dft.DTRO.Tests.ServicesTests.Validations.GeometryValidationServiceTests.ValidateDirectedLinear(directedLineString: &quot;ETR=S89;LINESTRING(529050 178750, 529157 178805, 5&quot;···, errorCount: 1)" computerName="PA_AP-3UINUHLUM" duration="00:00:00.0004442" startTime="2025-02-28T10:34:03.6952581+00:00" endTime="2025-02-28T10:34:03.6968663+00:00" testType="13cdc9d9-ddb5-4fa4-a97d-d965ccfc6d4b" outcome="Passed" testListId="8c84fa94-04c1-424b-9868-57a2d4851a1d" relativeResultsDirectory="cd056cfe-92bb-4963-a48f-1d35e0d48013" />
    <UnitTestResult executionId="48392b11-f265-438d-ad82-004439b6d5b9" testId="d62e8aa2-3e34-7c99-fc34-b810a2b76c85" testName="Dft.DTRO.Tests.ServicesTests.Validations.GeometryValidationServiceTests.ValidatePointGeometryPoint(point: &quot;SRID=27700;POINT(323544 124622)&quot;, schemaVersion: &quot;3.3.0&quot;, errorCount: 0)" computerName="PA_AP-3UINUHLUM" duration="00:00:00.0004156" startTime="2025-02-28T10:34:03.6247591+00:00" endTime="2025-02-28T10:34:03.6282139+00:00" testType="13cdc9d9-ddb5-4fa4-a97d-d965ccfc6d4b" outcome="Passed" testListId="8c84fa94-04c1-424b-9868-57a2d4851a1d" relativeResultsDirectory="48392b11-f265-438d-ad82-004439b6d5b9" />
    <UnitTestResult executionId="5412f08b-6a15-47f9-8376-e158eeba810f" testId="5f1ab1a0-57dd-04a4-3580-538b9267362b" testName="Dft.DTRO.Tests.ServicesTests.Validations.RegulationValidationTests.ValidateGeneralRegulationRegulationType(regulationType: &quot;miscSuspensionOfBusway&quot;, errorCount: 0)" computerName="PA_AP-3UINUHLUM" duration="00:00:00.0002922" startTime="2025-02-28T10:34:03.7888880+00:00" endTime="2025-02-28T10:34:03.7890192+00:00" testType="13cdc9d9-ddb5-4fa4-a97d-d965ccfc6d4b" outcome="Passed" testListId="8c84fa94-04c1-424b-9868-57a2d4851a1d" relativeResultsDirectory="5412f08b-6a15-47f9-8376-e158eeba810f" />
    <UnitTestResult executionId="7ceb2a27-c7f3-49a6-ba71-7ff3e2fbfde3" testId="9aa2db2f-c5a7-96a9-4028-8f86085fbd39" testName="Dft.DTRO.Tests.ServicesTests.Validations.RateLineCollectionValidationServiceTests.ValidateRateLineCollectionEndValidUsagePeriod(conditionType: &quot;Condition&quot;, endValidUsagePeriod: &quot;bad-date-time&quot;, errorCount: 1)" computerName="PA_AP-3UINUHLUM" duration="00:00:00.0089567" startTime="2025-02-28T10:34:03.6612022+00:00" endTime="2025-02-28T10:34:03.6613873+00:00" testType="13cdc9d9-ddb5-4fa4-a97d-d965ccfc6d4b" outcome="Passed" testListId="8c84fa94-04c1-424b-9868-57a2d4851a1d" relativeResultsDirectory="7ceb2a27-c7f3-49a6-ba71-7ff3e2fbfde3" />
    <UnitTestResult executionId="2ae602e9-dedb-42a1-8914-21431843ba3c" testId="a5353e3b-b3e5-0071-44f0-428f7f94dd12" testName="Dft.DTRO.Tests.ServicesTests.Validations.ProvisionValidationServiceTests.ValidateProvisionOrderReportingPointTypeForSchema330(orderReportingPointType: &quot;ttroTtmoNoticeAfterMaking&quot;, errorCount: 0)" computerName="PA_AP-3UINUHLUM" duration="00:00:00.0001764" startTime="2025-02-28T10:34:03.4313665+00:00" endTime="2025-02-28T10:34:03.4314567+00:00" testType="13cdc9d9-ddb5-4fa4-a97d-d965ccfc6d4b" outcome="Passed" testListId="8c84fa94-04c1-424b-9868-57a2d4851a1d" relativeResultsDirectory="2ae602e9-dedb-42a1-8914-21431843ba3c" />
    <UnitTestResult executionId="a3196cc7-ea4b-4baa-a2f9-c1da377a0296" testId="bb55b398-5265-726a-92b4-f6b83f675a74" testName="Dft.DTRO.Tests.CodeiumTests.Rules.Service.RuleTemplateServiceTests.RuleTemplateExistsAsync_ReturnsFalse" computerName="PA_AP-3UINUHLUM" duration="00:00:00.0034832" startTime="2025-02-28T10:34:03.4835933+00:00" endTime="2025-02-28T10:34:03.4882098+00:00" testType="13cdc9d9-ddb5-4fa4-a97d-d965ccfc6d4b" outcome="Passed" testListId="8c84fa94-04c1-424b-9868-57a2d4851a1d" relativeResultsDirectory="a3196cc7-ea4b-4baa-a2f9-c1da377a0296" />
    <UnitTestResult executionId="04757ae0-5f8b-45c8-8d65-8814f7a1615f" testId="c7dcdf51-041e-c48b-45c4-1eee0a929682" testName="Dft.DTRO.Tests.ServicesTests.Validations.RateLineCollectionValidationServiceTests.ValidateRateLineCollectionResetTime(conditionType: &quot;Condition&quot;, resetTime: &quot;24:00:00&quot;, errorCount: 1)" computerName="PA_AP-3UINUHLUM" duration="00:00:00.0001833" startTime="2025-02-28T10:34:03.7062734+00:00" endTime="2025-02-28T10:34:03.7064306+00:00" testType="13cdc9d9-ddb5-4fa4-a97d-d965ccfc6d4b" outcome="Passed" testListId="8c84fa94-04c1-424b-9868-57a2d4851a1d" relativeResultsDirectory="04757ae0-5f8b-45c8-8d65-8814f7a1615f" />
    <UnitTestResult executionId="4d35b391-a637-4a19-b88a-7cc0be456682" testId="1354295b-99ac-a3f1-e167-ec1dd8347d86" testName="Dft.DTRO.Tests.ServicesTests.Validations.RateLineCollectionValidationServiceTests.ValidateRateLineCollectionSequence(conditionType: &quot;Condition&quot;, sequence: 1, errorCount: 0)" computerName="PA_AP-3UINUHLUM" duration="00:00:00.0039962" startTime="2025-02-28T10:34:03.7271320+00:00" endTime="2025-02-28T10:34:03.7290443+00:00" testType="13cdc9d9-ddb5-4fa4-a97d-d965ccfc6d4b" outcome="Passed" testListId="8c84fa94-04c1-424b-9868-57a2d4851a1d" relativeResultsDirectory="4d35b391-a637-4a19-b88a-7cc0be456682" />
    <UnitTestResult executionId="2b3febda-9fe3-4a9d-a915-b7717c8d85f8" testId="53ecaabf-047d-a0cc-00a9-6cfaab65629f" testName="Dft.DTRO.Tests.ServicesTests.Validations.ProvisionValidationServiceTests.ValidateProvisionOrderReportingPointTypeForSchema324(orderReportingPointType: &quot;ttroTtmoNoticeAfterMaking&quot;, errorCount: 0)" computerName="PA_AP-3UINUHLUM" duration="00:00:00.0001284" startTime="2025-02-28T10:34:03.4606476+00:00" endTime="2025-02-28T10:34:03.4607516+00:00" testType="13cdc9d9-ddb5-4fa4-a97d-d965ccfc6d4b" outcome="Passed" testListId="8c84fa94-04c1-424b-9868-57a2d4851a1d" relativeResultsDirectory="2b3febda-9fe3-4a9d-a915-b7717c8d85f8" />
    <UnitTestResult executionId="239e3000-341c-4f77-83ed-63786896ff9c" testId="1f51fe46-c7e0-adfa-53f8-3a82417583f0" testName="Dft.DTRO.Tests.ServicesTests.Validations.SourceValidationServiceTests.ValidateSourceSection(version: &quot;3.2.4&quot;, section: &quot;some free text&quot;, errorCount: 0)" computerName="PA_AP-3UINUHLUM" duration="00:00:00.0007584" startTime="2025-02-28T10:34:03.7584034+00:00" endTime="2025-02-28T10:34:03.7611033+00:00" testType="13cdc9d9-ddb5-4fa4-a97d-d965ccfc6d4b" outcome="Passed" testListId="8c84fa94-04c1-424b-9868-57a2d4851a1d" relativeResultsDirectory="239e3000-341c-4f77-83ed-63786896ff9c" />
    <UnitTestResult executionId="a357106e-d95d-4c8e-a4d8-102aa2cbabd8" testId="f2f3da8d-10f8-d96b-a2b9-a4f31e6cad5c" testName="Dft.DTRO.Tests.ServicesTests.Validations.RegulatedPlaceValidationServiceTests.ValidateRegulatedPlacesType(type: &quot;diversionRoute&quot;, errorCount: 0)" computerName="PA_AP-3UINUHLUM" duration="00:00:00.0000913" startTime="2025-02-28T10:34:03.4207352+00:00" endTime="2025-02-28T10:34:03.4208153+00:00" testType="13cdc9d9-ddb5-4fa4-a97d-d965ccfc6d4b" outcome="Passed" testListId="8c84fa94-04c1-424b-9868-57a2d4851a1d" relativeResultsDirectory="a357106e-d95d-4c8e-a4d8-102aa2cbabd8" />
    <UnitTestResult executionId="20cfab86-b80d-47e8-9ea1-747eb2aca119" testId="80c5f92e-c8f3-51cc-f66f-409a1f90ef96" testName="Dft.DTRO.Tests.ServicesTests.Validations.ExternalReferenceValidationServiceTests.ValidateMultipleExternalReferencesWithinMultipleGeometriesLastUpdatedDate(geometry: &quot;LinearGeometry&quot;)" computerName="PA_AP-3UINUHLUM" duration="00:00:00.0001468" startTime="2025-02-28T10:34:03.6302413+00:00" endTime="2025-02-28T10:34:03.6311625+00:00" testType="13cdc9d9-ddb5-4fa4-a97d-d965ccfc6d4b" outcome="Passed" testListId="8c84fa94-04c1-424b-9868-57a2d4851a1d" relativeResultsDirectory="20cfab86-b80d-47e8-9ea1-747eb2aca119" />
    <UnitTestResult executionId="50b3e504-20f8-4ba9-90ae-927268d7fb55" testId="7e984f17-dd82-8aa5-2344-2982963c53e7" testName="Dft.DTRO.Tests.ServicesTests.Validations.JsonSchemaValidationTests.ValidateAgainstSchema320ProducesCorrectResults(schemaVersion: &quot;3.2.0&quot;, sourceJson: &quot;valid-fullAmendment&quot;, expectedResult: False)" computerName="PA_AP-3UINUHLUM" duration="00:00:00.2394859" startTime="2025-02-28T10:34:03.7358658+00:00" endTime="2025-02-28T10:34:03.8982109+00:00" testType="13cdc9d9-ddb5-4fa4-a97d-d965ccfc6d4b" outcome="Passed" testListId="8c84fa94-04c1-424b-9868-57a2d4851a1d" relativeResultsDirectory="50b3e504-20f8-4ba9-90ae-927268d7fb55" />
    <UnitTestResult executionId="c97c927b-3e00-43e8-97fd-afd3e782d7fb" testId="2b61daef-fccb-21c6-428c-5caf8f81a49c" testName="Dft.DTRO.Tests.ServicesTests.Validations.JsonLogicValidationTests.DisallowsDuplicateApplicableInstanceOfDayWithinMonthInValidityPeriod" computerName="PA_AP-3UINUHLUM" duration="00:00:00.0115088" startTime="2025-02-28T10:34:04.4517039+00:00" endTime="2025-02-28T10:34:04.4638302+00:00" testType="13cdc9d9-ddb5-4fa4-a97d-d965ccfc6d4b" outcome="Passed" testListId="8c84fa94-04c1-424b-9868-57a2d4851a1d" relativeResultsDirectory="c97c927b-3e00-43e8-97fd-afd3e782d7fb" />
    <UnitTestResult executionId="af6253e7-81ac-4623-bfed-874d0b816023" testId="d79d1f06-a592-222a-eb5b-25e1d3c740a8" testName="Dft.DTRO.Tests.ServicesTests.Validations.GeometryValidationServiceTests.ValidateLinearGeometryLateralPosition(lateralPosition: &quot;onKerb&quot;, schemaVersion: &quot;3.3.0&quot;, errorCount: 0)" computerName="PA_AP-3UINUHLUM" duration="00:00:00.0006504" startTime="2025-02-28T10:34:03.5994546+00:00" endTime="2025-02-28T10:34:03.6000650+00:00" testType="13cdc9d9-ddb5-4fa4-a97d-d965ccfc6d4b" outcome="Passed" testListId="8c84fa94-04c1-424b-9868-57a2d4851a1d" relativeResultsDirectory="af6253e7-81ac-4623-bfed-874d0b816023" />
    <UnitTestResult executionId="0489d1e9-b10a-4d6e-b5d5-a68a3c8bfd9d" testId="43000322-6c1e-1d6d-a34b-d5b6776c9399" testName="DfT.DTRO.Tests.CodeiumTests.Integration.SchemaController_Codeium_Tests.DeActivateSchema_ThrowsInvalidOperationException_ReturnsBadRequest" computerName="PA_AP-3UINUHLUM" duration="00:00:00.0181760" startTime="2025-02-28T10:34:03.6128082+00:00" endTime="2025-02-28T10:34:03.6688878+00:00" testType="13cdc9d9-ddb5-4fa4-a97d-d965ccfc6d4b" outcome="Passed" testListId="8c84fa94-04c1-424b-9868-57a2d4851a1d" relativeResultsDirectory="0489d1e9-b10a-4d6e-b5d5-a68a3c8bfd9d" />
    <UnitTestResult executionId="2f920e4a-6e49-477c-a74d-eb2ef6535b4a" testId="104a6191-95b3-d7f3-0db4-f81eafaa4516" testName="Dft.DTRO.Tests.ServicesTests.Validations.GeometryValidationServiceTests.ValidatePolygonPolygon(polygon: &quot;ETR=S89;POLYGON((529100 178750, 529200 178750, 529&quot;···, schemaVersion: &quot;3.3.0&quot;, errorCount: 1)" computerName="PA_AP-3UINUHLUM" duration="00:00:00.0002096" startTime="2025-02-28T10:34:03.5711443+00:00" endTime="2025-02-28T10:34:03.5713341+00:00" testType="13cdc9d9-ddb5-4fa4-a97d-d965ccfc6d4b" outcome="Passed" testListId="8c84fa94-04c1-424b-9868-57a2d4851a1d" relativeResultsDirectory="2f920e4a-6e49-477c-a74d-eb2ef6535b4a" />
    <UnitTestResult executionId="228563b1-a6c7-4f7a-9f15-674bf36efb32" testId="4426518b-d4b2-1333-5528-0632a9b24c46" testName="ApplicationControllerTests.GetPendingApplicationsValidUserReturnsOk" computerName="PA_AP-3UINUHLUM" duration="00:00:00.0018095" startTime="2025-02-28T10:34:03.5604610+00:00" endTime="2025-02-28T10:34:03.5608954+00:00" testType="13cdc9d9-ddb5-4fa4-a97d-d965ccfc6d4b" outcome="Passed" testListId="8c84fa94-04c1-424b-9868-57a2d4851a1d" relativeResultsDirectory="228563b1-a6c7-4f7a-9f15-674bf36efb32" />
    <UnitTestResult executionId="7b7b4be1-3822-454d-9d8a-b62b38259192" testId="3a60b339-e8c1-b9bc-2de7-652ebd990838" testName="Dft.DTRO.Tests.ServicesTests.Validations.RegulatedPlaceValidationServiceTests.ValidateRegulatedPlacesType(type: &quot;regulationLocation&quot;, errorCount: 0)" computerName="PA_AP-3UINUHLUM" duration="00:00:00.0003022" startTime="2025-02-28T10:34:03.4200116+00:00" endTime="2025-02-28T10:34:03.4200683+00:00" testType="13cdc9d9-ddb5-4fa4-a97d-d965ccfc6d4b" outcome="Passed" testListId="8c84fa94-04c1-424b-9868-57a2d4851a1d" relativeResultsDirectory="7b7b4be1-3822-454d-9d8a-b62b38259192" />
    <UnitTestResult executionId="6616ca69-9614-4b98-a4eb-eccc613da7b5" testId="13f0d8fd-3cff-9607-5466-47bb6220019f" testName="Dft.DTRO.Tests.ServicesTests.Validations.ConditionValidationServiceTests.ValidateConditionReturnsErrorWhenConditionSetItPresentAndOperatorIsNotPresent" computerName="PA_AP-3UINUHLUM" duration="00:00:00.0007061" startTime="2025-02-28T10:34:03.4071729+00:00" endTime="2025-02-28T10:34:03.4079541+00:00" testType="13cdc9d9-ddb5-4fa4-a97d-d965ccfc6d4b" outcome="Passed" testListId="8c84fa94-04c1-424b-9868-57a2d4851a1d" relativeResultsDirectory="6616ca69-9614-4b98-a4eb-eccc613da7b5" />
    <UnitTestResult executionId="f6718483-c842-4893-8b9c-eebd4758d7b8" testId="2dad7149-e6c4-c1fa-d1c5-611105089a77" testName="Dft.DTRO.Tests.ServicesTests.Validations.ProvisionValidationServiceTests.ValidateProvisionOrderReportingPointTypeForSchema324(orderReportingPointType: &quot;ttroTtmoNoticeOfIntention&quot;, errorCount: 0)" computerName="PA_AP-3UINUHLUM" duration="00:00:00.0001268" startTime="2025-02-28T10:34:03.4578058+00:00" endTime="2025-02-28T10:34:03.4579076+00:00" testType="13cdc9d9-ddb5-4fa4-a97d-d965ccfc6d4b" outcome="Passed" testListId="8c84fa94-04c1-424b-9868-57a2d4851a1d" relativeResultsDirectory="f6718483-c842-4893-8b9c-eebd4758d7b8" />
    <UnitTestResult executionId="a0d91db3-f61f-4d41-9e76-c3af40ffb42f" testId="3f4fb5d2-4690-e2f4-04e9-37137aca02f5" testName="Dft.DTRO.Tests.ServicesTests.Validations.JsonSchemaValidationTests.ValidateAgainstSchema311ProducesCorrectResults(schemaVersion: &quot;3.1.1&quot;, sourceJson: &quot;ha-missing&quot;, expectedResult: False)" computerName="PA_AP-3UINUHLUM" duration="00:00:00.0119614" startTime="2025-02-28T10:34:04.0951505+00:00" endTime="2025-02-28T10:34:04.1070569+00:00" testType="13cdc9d9-ddb5-4fa4-a97d-d965ccfc6d4b" outcome="Passed" testListId="8c84fa94-04c1-424b-9868-57a2d4851a1d" relativeResultsDirectory="a0d91db3-f61f-4d41-9e76-c3af40ffb42f" />
    <UnitTestResult executionId="8e2bd64e-15d5-46ba-a26d-f2ae34502fb0" testId="78cee225-fe07-5f82-24aa-31b32ec8dcda" testName="Dft.DTRO.Tests.ServicesTests.Validations.ProvisionValidationServiceTests.ValidateProvisionOrderReportingPointTypeForSchema324(orderReportingPointType: &quot;permanentRevocation&quot;, errorCount: 0)" computerName="PA_AP-3UINUHLUM" duration="00:00:00.0001682" startTime="2025-02-28T10:34:03.4615988+00:00" endTime="2025-02-28T10:34:03.4616956+00:00" testType="13cdc9d9-ddb5-4fa4-a97d-d965ccfc6d4b" outcome="Passed" testListId="8c84fa94-04c1-424b-9868-57a2d4851a1d" relativeResultsDirectory="8e2bd64e-15d5-46ba-a26d-f2ae34502fb0" />
    <UnitTestResult executionId="4e40ce25-ad67-41ae-a5f1-09186daba94c" testId="08bc12b0-6775-fb69-e4b2-465356d637f2" testName="Dft.DTRO.Tests.DALTests.ApplicationDalTests.GetApplicationListShouldReturnApplicationForUserWithSingleApp" computerName="PA_AP-3UINUHLUM" duration="00:00:00.0029788" startTime="2025-02-28T10:34:05.0176292+00:00" endTime="2025-02-28T10:34:05.0198331+00:00" testType="13cdc9d9-ddb5-4fa4-a97d-d965ccfc6d4b" outcome="Passed" testListId="8c84fa94-04c1-424b-9868-57a2d4851a1d" relativeResultsDirectory="4e40ce25-ad67-41ae-a5f1-09186daba94c" />
    <UnitTestResult executionId="af9552e0-7b8c-4c57-a586-7401e954309e" testId="7f538aba-29cb-35f8-5e74-e92b0ffc71d5" testName="Dft.DTRO.Tests.ServicesTests.Validations.RateLineValidationServiceTests.ValidateRateLineRateLineType(conditionType: &quot;Condition&quot;, rateLineType: &quot;flatRateTier&quot;, errorCount: 0)" computerName="PA_AP-3UINUHLUM" duration="00:00:00.0001182" startTime="2025-02-28T10:34:03.4134071+00:00" endTime="2025-02-28T10:34:03.4137827+00:00" testType="13cdc9d9-ddb5-4fa4-a97d-d965ccfc6d4b" outcome="Passed" testListId="8c84fa94-04c1-424b-9868-57a2d4851a1d" relativeResultsDirectory="af9552e0-7b8c-4c57-a586-7401e954309e" />
    <UnitTestResult executionId="2f21a2ac-5ffe-46a6-bbaa-f30473800a4d" testId="cf4510d3-32bf-acf4-c32d-94d7c6f72d7e" testName="Dft.DTRO.Tests.ServicesTests.Validations.JsonLogicValidationTests.AllowsUniqueWeekInMonthInPeriods" computerName="PA_AP-3UINUHLUM" duration="00:00:00.0235631" startTime="2025-02-28T10:34:03.9714226+00:00" endTime="2025-02-28T10:34:03.9946740+00:00" testType="13cdc9d9-ddb5-4fa4-a97d-d965ccfc6d4b" outcome="Passed" testListId="8c84fa94-04c1-424b-9868-57a2d4851a1d" relativeResultsDirectory="2f21a2ac-5ffe-46a6-bbaa-f30473800a4d" />
    <UnitTestResult executionId="5496ae35-8ad5-45f2-b5fe-057d30219a2b" testId="94c16b61-21cd-6065-58d9-19e1a8966487" testName="Dft.DTRO.Tests.ServicesTests.Validations.JsonLogicValidationTests.AllowValueCollectionMinAndOrMaxMissing" computerName="PA_AP-3UINUHLUM" duration="00:00:00.0119554" startTime="2025-02-28T10:34:04.5500891+00:00" endTime="2025-02-28T10:34:04.5625300+00:00" testType="13cdc9d9-ddb5-4fa4-a97d-d965ccfc6d4b" outcome="Passed" testListId="8c84fa94-04c1-424b-9868-57a2d4851a1d" relativeResultsDirectory="5496ae35-8ad5-45f2-b5fe-057d30219a2b" />
    <UnitTestResult executionId="a997e003-7381-4351-9c7f-ff584f34f25b" testId="be2ad591-bbe5-f67c-5876-676ee11eac85" testName="Dft.DTRO.Tests.ServicesTests.Validations.JsonLogicValidationTests.AllowHeightCharacteristicValidForRegulationTypeDimensionMaximumHeightWithTro" computerName="PA_AP-3UINUHLUM" duration="00:00:00.0128983" startTime="2025-02-28T10:34:04.4158885+00:00" endTime="2025-02-28T10:34:04.4292452+00:00" testType="13cdc9d9-ddb5-4fa4-a97d-d965ccfc6d4b" outcome="Passed" testListId="8c84fa94-04c1-424b-9868-57a2d4851a1d" relativeResultsDirectory="a997e003-7381-4351-9c7f-ff584f34f25b" />
    <UnitTestResult executionId="5de2502d-ba50-47ac-b26d-bc34961d5314" testId="2f3401cb-9e12-c50a-ee15-638c2d2e9226" testName="Dft.DTRO.Tests.ServicesTests.Validations.RateLineCollectionValidationServiceTests.ValidateRateLineCollectionResetTime(conditionType: &quot;ConditionSet&quot;, resetTime: &quot;24:00:00&quot;, errorCount: 1)" computerName="PA_AP-3UINUHLUM" duration="00:00:00.0007662" startTime="2025-02-28T10:34:03.6908698+00:00" endTime="2025-02-28T10:34:03.6921168+00:00" testType="13cdc9d9-ddb5-4fa4-a97d-d965ccfc6d4b" outcome="Passed" testListId="8c84fa94-04c1-424b-9868-57a2d4851a1d" relativeResultsDirectory="5de2502d-ba50-47ac-b26d-bc34961d5314" />
    <UnitTestResult executionId="ead07e24-2e31-4d5b-a375-24bb3926281f" testId="58aa9e81-5dc2-962d-a539-c4c5acfad102" testName="Dft.DTRO.Tests.ServicesTests.Validations.GeometryValidationServiceTests.ValidatePointGeometryPoint(point: &quot;SRID=27700;POINT(535595 184790)&quot;, schemaVersion: &quot;3.3.0&quot;, errorCount: 0)" computerName="PA_AP-3UINUHLUM" duration="00:00:00.0005189" startTime="2025-02-28T10:34:03.6285868+00:00" endTime="2025-02-28T10:34:03.6355839+00:00" testType="13cdc9d9-ddb5-4fa4-a97d-d965ccfc6d4b" outcome="Passed" testListId="8c84fa94-04c1-424b-9868-57a2d4851a1d" relativeResultsDirectory="ead07e24-2e31-4d5b-a375-24bb3926281f" />
    <UnitTestResult executionId="b97f0e4c-0585-4439-85ed-5f926f758f57" testId="8867a1ea-b5b0-abf8-8feb-a781f35262f3" testName="Dft.DTRO.Tests.ServicesTests.Validations.RateLineValidationServiceTests.ValidateRateLineMinAndMaxValue(conditionType: &quot;Condition&quot;, value: 1.01, errorCount: 0)" computerName="PA_AP-3UINUHLUM" duration="00:00:00.0006615" startTime="2025-02-28T10:34:03.4183625+00:00" endTime="2025-02-28T10:34:03.4184894+00:00" testType="13cdc9d9-ddb5-4fa4-a97d-d965ccfc6d4b" outcome="Passed" testListId="8c84fa94-04c1-424b-9868-57a2d4851a1d" relativeResultsDirectory="b97f0e4c-0585-4439-85ed-5f926f758f57" />
    <UnitTestResult executionId="a9f65898-cc92-4407-aead-7097cc19610f" testId="d5596ba1-58a2-e036-2213-2c791a2175c2" testName="Dft.DTRO.Tests.ServicesTests.Validations.ProvisionValidationServiceTests.ValidateProvisionOrderReportingPointTypeForSchema330(orderReportingPointType: &quot;permanentNoticeOfProposal&quot;, errorCount: 0)" computerName="PA_AP-3UINUHLUM" duration="00:00:00.0104712" startTime="2025-02-28T10:34:03.4142863+00:00" endTime="2025-02-28T10:34:03.4304704+00:00" testType="13cdc9d9-ddb5-4fa4-a97d-d965ccfc6d4b" outcome="Passed" testListId="8c84fa94-04c1-424b-9868-57a2d4851a1d" relativeResultsDirectory="a9f65898-cc92-4407-aead-7097cc19610f" />
    <UnitTestResult executionId="19b4a553-0d2f-4587-a219-3ddd0abce0c8" testId="a9b42851-3abb-a723-6277-b308a412f0ce" testName="Dft.DTRO.Tests.ServicesTests.Validations.RateLineCollectionValidationServiceTests.ValidateRateLineCollectionResetTime(conditionType: &quot;Condition&quot;, resetTime: &quot;00:00:00&quot;, errorCount: 0)" computerName="PA_AP-3UINUHLUM" duration="00:00:00.0001591" startTime="2025-02-28T10:34:03.7025889+00:00" endTime="2025-02-28T10:34:03.7027452+00:00" testType="13cdc9d9-ddb5-4fa4-a97d-d965ccfc6d4b" outcome="Passed" testListId="8c84fa94-04c1-424b-9868-57a2d4851a1d" relativeResultsDirectory="19b4a553-0d2f-4587-a219-3ddd0abce0c8" />
    <UnitTestResult executionId="61fcec6c-540b-49f5-9e8a-821541de9871" testId="5e404b86-511c-de91-e606-01a24d7424c9" testName="Dft.DTRO.Tests.ServicesTests.Validations.ProvisionValidationServiceTests.ValidateProvisionOrderReportingPointTypeForSchema324(orderReportingPointType: &quot;ttroTtmoByNotice&quot;, errorCount: 0)" computerName="PA_AP-3UINUHLUM" duration="00:00:00.0001363" startTime="2025-02-28T10:34:03.4583202+00:00" endTime="2025-02-28T10:34:03.4584052+00:00" testType="13cdc9d9-ddb5-4fa4-a97d-d965ccfc6d4b" outcome="Passed" testListId="8c84fa94-04c1-424b-9868-57a2d4851a1d" relativeResultsDirectory="61fcec6c-540b-49f5-9e8a-821541de9871" />
    <UnitTestResult executionId="03323500-ebf6-4f8e-8dad-0c85c3f46d40" testId="1f5b0f3b-cad3-bc46-f791-552947058f67" testName="Dft.DTRO.Tests.ServicesTests.Validations.ProvisionValidationServiceTests.ValidateProvisionOrderReportingPointTypeForSchema324(orderReportingPointType: &quot;experimentalMakingPermanent&quot;, errorCount: 0)" computerName="PA_AP-3UINUHLUM" duration="00:00:00.0001769" startTime="2025-02-28T10:34:03.4567140+00:00" endTime="2025-02-28T10:34:03.4568316+00:00" testType="13cdc9d9-ddb5-4fa4-a97d-d965ccfc6d4b" outcome="Passed" testListId="8c84fa94-04c1-424b-9868-57a2d4851a1d" relativeResultsDirectory="03323500-ebf6-4f8e-8dad-0c85c3f46d40" />
    <UnitTestResult executionId="172bd187-1d61-495f-bd8a-19b1b131b704" testId="c2718f1e-8d00-38b5-2ad6-539df98cecac" testName="Dft.DTRO.Tests.ServicesTests.Validations.ElementaryStreetUnitValidationServiceTests.ValidateElementaryStreetUnitEsu(esu: 99999999999, errorCount: 0)" computerName="PA_AP-3UINUHLUM" duration="00:00:00.0001379" startTime="2025-02-28T10:34:03.4236088+00:00" endTime="2025-02-28T10:34:03.4244038+00:00" testType="13cdc9d9-ddb5-4fa4-a97d-d965ccfc6d4b" outcome="Passed" testListId="8c84fa94-04c1-424b-9868-57a2d4851a1d" relativeResultsDirectory="172bd187-1d61-495f-bd8a-19b1b131b704" />
    <UnitTestResult executionId="5eca23d3-c049-4c2c-a12b-b7b2d87753ae" testId="6ba6fb3d-39a6-1dd8-aa0e-607ff7f0a981" testName="Dft.DTRO.Tests.ServicesTests.Validations.SourceValidationServiceTests.ValidateSourceTraAffected(version: &quot;3.3.0&quot;, traAffected: &quot;&quot;, errorCount: 1)" computerName="PA_AP-3UINUHLUM" duration="00:00:00.0006444" startTime="2025-02-28T10:34:03.7519467+00:00" endTime="2025-02-28T10:34:03.7524559+00:00" testType="13cdc9d9-ddb5-4fa4-a97d-d965ccfc6d4b" outcome="Passed" testListId="8c84fa94-04c1-424b-9868-57a2d4851a1d" relativeResultsDirectory="5eca23d3-c049-4c2c-a12b-b7b2d87753ae" />
    <UnitTestResult executionId="520266bd-c2d6-4ad4-8244-2d82fc0b58aa" testId="90342312-d6d3-e06d-f8df-ea70b88589af" testName="Dft.DTRO.Tests.ServicesTests.Validations.RegulationValidationTests.ValidateRegulationTimeZone(timeZone: null, errorCount: 1)" computerName="PA_AP-3UINUHLUM" duration="00:00:00.0001159" startTime="2025-02-28T10:34:03.8404438+00:00" endTime="2025-02-28T10:34:03.8409024+00:00" testType="13cdc9d9-ddb5-4fa4-a97d-d965ccfc6d4b" outcome="Passed" testListId="8c84fa94-04c1-424b-9868-57a2d4851a1d" relativeResultsDirectory="520266bd-c2d6-4ad4-8244-2d82fc0b58aa" />
    <UnitTestResult executionId="0712e68d-4688-45e7-a6c5-4a48f4f6135f" testId="cc2ee73f-9185-c957-b1a5-0f72a0bc7ff4" testName="ApplicationControllerTests.GetApplicationDetailsInvalidAppIdReturnsBadRequest" computerName="PA_AP-3UINUHLUM" duration="00:00:00.0037753" startTime="2025-02-28T10:34:03.5665844+00:00" endTime="2025-02-28T10:34:03.5717424+00:00" testType="13cdc9d9-ddb5-4fa4-a97d-d965ccfc6d4b" outcome="Passed" testListId="8c84fa94-04c1-424b-9868-57a2d4851a1d" relativeResultsDirectory="0712e68d-4688-45e7-a6c5-4a48f4f6135f" />
    <UnitTestResult executionId="cd810071-0399-4b18-a336-6188184f8ee9" testId="6b4d2a41-d157-3ec9-17e8-82efdd62f5c6" testName="DfT.DTRO.Tests.CodeiumTests.Integration.SchemaController_Codeium_Tests.GetSchema_ReturnsNotFoundResult" computerName="PA_AP-3UINUHLUM" duration="00:00:00.0173562" startTime="2025-02-28T10:34:03.7914649+00:00" endTime="2025-02-28T10:34:03.8213282+00:00" testType="13cdc9d9-ddb5-4fa4-a97d-d965ccfc6d4b" outcome="Passed" testListId="8c84fa94-04c1-424b-9868-57a2d4851a1d" relativeResultsDirectory="cd810071-0399-4b18-a336-6188184f8ee9" />
    <UnitTestResult executionId="995e1c21-8bd8-47b5-a155-9bf8d3fe1c13" testId="88a1f050-1b59-46f7-71cf-d1121f76a4b6" testName="Dft.DTRO.Tests.CodeiumTests.Rules.Controller.RulesControllerTests.GetRule_ReturnsBadRequest_WhenInvalidOperationExceptionIsThrown" computerName="PA_AP-3UINUHLUM" duration="00:00:00.0058258" startTime="2025-02-28T10:34:03.7130730+00:00" endTime="2025-02-28T10:34:03.7315330+00:00" testType="13cdc9d9-ddb5-4fa4-a97d-d965ccfc6d4b" outcome="Passed" testListId="8c84fa94-04c1-424b-9868-57a2d4851a1d" relativeResultsDirectory="995e1c21-8bd8-47b5-a155-9bf8d3fe1c13" />
    <UnitTestResult executionId="4c692230-ef0e-43e5-889b-e04f5a096ac1" testId="82952f94-6439-61cc-2565-5dd007792b12" testName="Dft.DTRO.Tests.CodeiumTests.Metrics.Service.MetricsServiceTests.IncrementMetric_SystemFailure_ReturnsTrue" computerName="PA_AP-3UINUHLUM" duration="00:00:00.0016233" startTime="2025-02-28T10:34:03.4783271+00:00" endTime="2025-02-28T10:34:03.4787444+00:00" testType="13cdc9d9-ddb5-4fa4-a97d-d965ccfc6d4b" outcome="Passed" testListId="8c84fa94-04c1-424b-9868-57a2d4851a1d" relativeResultsDirectory="4c692230-ef0e-43e5-889b-e04f5a096ac1" />
    <UnitTestResult executionId="59ee8712-26df-4d97-a95c-fdb125a4f69a" testId="56bb4ff6-93b1-f6ef-24e9-0b2a9ab2edd2" testName="DfT.DTRO.Tests.CodeiumTests.Integration.SchemaController_Codeium_Tests.UpdateSchema_ReturnsNotFound_SchemaVersionDoesNotExist" computerName="PA_AP-3UINUHLUM" duration="00:00:00.0096546" startTime="2025-02-28T10:34:03.8729029+00:00" endTime="2025-02-28T10:34:03.8758744+00:00" testType="13cdc9d9-ddb5-4fa4-a97d-d965ccfc6d4b" outcome="Passed" testListId="8c84fa94-04c1-424b-9868-57a2d4851a1d" relativeResultsDirectory="59ee8712-26df-4d97-a95c-fdb125a4f69a" />
    <UnitTestResult executionId="51cff752-66a0-496b-b21b-e163be807c1d" testId="7a69688c-bd46-93ee-37ce-64a700f75885" testName="Dft.DTRO.Tests.DALTests.ApplicationDalTests.CheckApplicationNameDoesNotExistShouldReturnTrueWhenNameDoesNotExist" computerName="PA_AP-3UINUHLUM" duration="00:00:00.0386241" startTime="2025-02-28T10:34:04.8862425+00:00" endTime="2025-02-28T10:34:04.9246043+00:00" testType="13cdc9d9-ddb5-4fa4-a97d-d965ccfc6d4b" outcome="Passed" testListId="8c84fa94-04c1-424b-9868-57a2d4851a1d" relativeResultsDirectory="51cff752-66a0-496b-b21b-e163be807c1d" />
    <UnitTestResult executionId="57ec496d-0d4c-45f3-9ace-189d0e5a823c" testId="5cad4048-ea24-adf1-124a-99b4dce23c92" testName="Dft.DTRO.Tests.ServicesTests.Validations.RegulationValidationTests.ValidateGeneralRegulationRegulationType(regulationType: &quot;kerbsideFootwayParking&quot;, errorCount: 0)" computerName="PA_AP-3UINUHLUM" duration="00:00:00.0002740" startTime="2025-02-28T10:34:03.7878940+00:00" endTime="2025-02-28T10:34:03.7880176+00:00" testType="13cdc9d9-ddb5-4fa4-a97d-d965ccfc6d4b" outcome="Passed" testListId="8c84fa94-04c1-424b-9868-57a2d4851a1d" relativeResultsDirectory="57ec496d-0d4c-45f3-9ace-189d0e5a823c" />
    <UnitTestResult executionId="a649291e-008b-4e7c-acc1-6e5bcf511f61" testId="3a7c79e8-7579-67f0-f6b5-e70d21fa205a" testName="Dft.DTRO.Tests.ServicesTests.Validations.RegulationValidationTests.ValidateGeneralRegulationRegulationType(regulationType: &quot;unknown&quot;, errorCount: 1)" computerName="PA_AP-3UINUHLUM" duration="00:00:00.0007767" startTime="2025-02-28T10:34:03.7936145+00:00" endTime="2025-02-28T10:34:03.7937029+00:00" testType="13cdc9d9-ddb5-4fa4-a97d-d965ccfc6d4b" outcome="Passed" testListId="8c84fa94-04c1-424b-9868-57a2d4851a1d" relativeResultsDirectory="a649291e-008b-4e7c-acc1-6e5bcf511f61" />
    <UnitTestResult executionId="e6eb5cd8-37dd-41df-bd8b-f3d6799d5996" testId="11bfbdb9-d143-3f6d-2802-dc493020cd48" testName="DfT.DTRO.Tests.CodeiumTests.Integration.SchemaController_Codeium_Tests.CreateSchema_ThrowsException_ReturnsInternalServerError" computerName="PA_AP-3UINUHLUM" duration="00:00:00.0078078" startTime="2025-02-28T10:34:03.9373397+00:00" endTime="2025-02-28T10:34:03.9449850+00:00" testType="13cdc9d9-ddb5-4fa4-a97d-d965ccfc6d4b" outcome="Passed" testListId="8c84fa94-04c1-424b-9868-57a2d4851a1d" relativeResultsDirectory="e6eb5cd8-37dd-41df-bd8b-f3d6799d5996" />
    <UnitTestResult executionId="88057e37-bcdc-45f6-a07e-20e0d8ed45ae" testId="9642b820-96f1-f01e-cf0e-4dee8fdde484" testName="Dft.DTRO.Tests.ServicesTests.Validations.ProvisionValidationServiceTests.ValidateProvisionDescriptionForSchema324(provisionDescription: &quot;&quot;, errorCount: 1)" computerName="PA_AP-3UINUHLUM" duration="00:00:00.0003129" startTime="2025-02-28T10:34:03.4664594+00:00" endTime="2025-02-28T10:34:03.4666158+00:00" testType="13cdc9d9-ddb5-4fa4-a97d-d965ccfc6d4b" outcome="Passed" testListId="8c84fa94-04c1-424b-9868-57a2d4851a1d" relativeResultsDirectory="88057e37-bcdc-45f6-a07e-20e0d8ed45ae" />
    <UnitTestResult executionId="e6304395-da62-4977-bbdd-ab5f31209c46" testId="90263296-bfdd-462c-aa1a-92f4fc18ca1b" testName="Dft.DTRO.Tests.ServicesTests.Validations.JsonLogicValidationTests.DisallowGrossWeightCharacteristicInvalidForRegulationTypes(regulationType: &quot;dimensionMaximumWeightEnvironmental&quot;)" computerName="PA_AP-3UINUHLUM" duration="00:00:00.0131803" startTime="2025-02-28T10:34:04.0643783+00:00" endTime="2025-02-28T10:34:04.0781435+00:00" testType="13cdc9d9-ddb5-4fa4-a97d-d965ccfc6d4b" outcome="Passed" testListId="8c84fa94-04c1-424b-9868-57a2d4851a1d" relativeResultsDirectory="e6304395-da62-4977-bbdd-ab5f31209c46" />
    <UnitTestResult executionId="0a31d2b0-db0c-401a-8e08-94bf8235f0c6" testId="8d206e16-1715-ae5e-65f0-f8f67a6144e3" testName="Dft.DTRO.Tests.ServicesTests.Validations.RateLineCollectionValidationServiceTests.ValidateRateLineCollectionResetTime(conditionType: &quot;Condition&quot;, resetTime: &quot;23:59:59&quot;, errorCount: 0)" computerName="PA_AP-3UINUHLUM" duration="00:00:00.0002670" startTime="2025-02-28T10:34:03.6967628+00:00" endTime="2025-02-28T10:34:03.6982412+00:00" testType="13cdc9d9-ddb5-4fa4-a97d-d965ccfc6d4b" outcome="Passed" testListId="8c84fa94-04c1-424b-9868-57a2d4851a1d" relativeResultsDirectory="0a31d2b0-db0c-401a-8e08-94bf8235f0c6" />
    <UnitTestResult executionId="f899c86f-f01f-4af9-bddf-ce485730e916" testId="5bdac0e3-e2e6-ae35-1395-88a49fa41a4e" testName="Dft.DTRO.Tests.ServicesTests.Validations.RegulationValidationTests.ValidateGeneralRegulationRegulationType(regulationType: &quot;bannedMovementNoEntry&quot;, errorCount: 0)" computerName="PA_AP-3UINUHLUM" duration="00:00:00.0003050" startTime="2025-02-28T10:34:03.7732869+00:00" endTime="2025-02-28T10:34:03.7737540+00:00" testType="13cdc9d9-ddb5-4fa4-a97d-d965ccfc6d4b" outcome="Passed" testListId="8c84fa94-04c1-424b-9868-57a2d4851a1d" relativeResultsDirectory="f899c86f-f01f-4af9-bddf-ce485730e916" />
    <UnitTestResult executionId="31f10add-899a-4d38-b435-fd5e857fdd73" testId="724bc388-807f-3806-a9ae-e92b6011ea9d" testName="Dft.DTRO.Tests.CodeiumTests.Rules.Controller.RulesControllerCreateTests.CreateRule_WithInvalidOperationException_ReturnsBadRequest" computerName="PA_AP-3UINUHLUM" duration="00:00:00.0146056" startTime="2025-02-28T10:34:03.8703377+00:00" endTime="2025-02-28T10:34:03.8723184+00:00" testType="13cdc9d9-ddb5-4fa4-a97d-d965ccfc6d4b" outcome="Passed" testListId="8c84fa94-04c1-424b-9868-57a2d4851a1d" relativeResultsDirectory="31f10add-899a-4d38-b435-fd5e857fdd73" />
    <UnitTestResult executionId="79fb48a6-8e86-409f-92c8-5eec1527bf48" testId="4240ae15-7000-e069-48a9-8f8132e50705" testName="Dft.DTRO.Tests.ServicesTests.DTROs.GetDtrosTests.GetDtrosAsyncReturnsNoRecords" computerName="PA_AP-3UINUHLUM" duration="00:00:00.0043792" startTime="2025-02-28T10:34:03.8209187+00:00" endTime="2025-02-28T10:34:03.8277554+00:00" testType="13cdc9d9-ddb5-4fa4-a97d-d965ccfc6d4b" outcome="Passed" testListId="8c84fa94-04c1-424b-9868-57a2d4851a1d" relativeResultsDirectory="79fb48a6-8e86-409f-92c8-5eec1527bf48" />
    <UnitTestResult executionId="362a79dc-75dd-4b33-ad45-8650346d6f62" testId="fd6b0272-a101-6e40-704f-453e31b65555" testName="Dft.DTRO.Tests.ServicesTests.Validations.RateLineValidationServiceTests.ValidateRateLineDurationEnd(conditionType: &quot;Condition&quot;, durationEnd: 1, errorCount: 0)" computerName="PA_AP-3UINUHLUM" duration="00:00:00.0002419" startTime="2025-02-28T10:34:03.3964589+00:00" endTime="2025-02-28T10:34:03.3965202+00:00" testType="13cdc9d9-ddb5-4fa4-a97d-d965ccfc6d4b" outcome="Passed" testListId="8c84fa94-04c1-424b-9868-57a2d4851a1d" relativeResultsDirectory="362a79dc-75dd-4b33-ad45-8650346d6f62" />
    <UnitTestResult executionId="f3ed778a-1f46-4984-9f1a-cbc64c6fe2a0" testId="ce854db8-214f-34be-c9b7-36f143c3549d" testName="Dft.DTRO.Tests.ServicesTests.Validations.GeometryValidationServiceTests.ValidateDirectedLinear(directedLineString: &quot;SRID=27700;LINESTRING(-117.12081232960351 33.91506&quot;···, errorCount: 1)" computerName="PA_AP-3UINUHLUM" duration="00:00:00.0001843" startTime="2025-02-28T10:34:03.6983721+00:00" endTime="2025-02-28T10:34:03.7018128+00:00" testType="13cdc9d9-ddb5-4fa4-a97d-d965ccfc6d4b" outcome="Passed" testListId="8c84fa94-04c1-424b-9868-57a2d4851a1d" relativeResultsDirectory="f3ed778a-1f46-4984-9f1a-cbc64c6fe2a0" />
    <UnitTestResult executionId="959711c8-3886-41e5-9271-6b4ab739ae49" testId="45babeb2-3253-8279-840d-6ff809b68586" testName="Dft.DTRO.Tests.ServicesTests.Validations.UniqueStreetReferenceNumberValidationServiceTests.ValidateUniqueStreetReferenceNumberUsrn(usrn: null, errorCount: 1)" computerName="PA_AP-3UINUHLUM" duration="00:00:00.0001613" startTime="2025-02-28T10:34:03.3821022+00:00" endTime="2025-02-28T10:34:03.3917493+00:00" testType="13cdc9d9-ddb5-4fa4-a97d-d965ccfc6d4b" outcome="Passed" testListId="8c84fa94-04c1-424b-9868-57a2d4851a1d" relativeResultsDirectory="959711c8-3886-41e5-9271-6b4ab739ae49" />
    <UnitTestResult executionId="17735d44-fa25-4147-893e-7965f8d7717b" testId="1c572578-df56-b0d2-428b-9556ff03aedb" testName="Dft.DTRO.Tests.ServicesTests.Validations.JsonLogicValidationTests.AllowsValidPeriodStartTimeBeforeEndTime" computerName="PA_AP-3UINUHLUM" duration="00:00:00.0104348" startTime="2025-02-28T10:34:04.3914262+00:00" endTime="2025-02-28T10:34:04.4023382+00:00" testType="13cdc9d9-ddb5-4fa4-a97d-d965ccfc6d4b" outcome="Passed" testListId="8c84fa94-04c1-424b-9868-57a2d4851a1d" relativeResultsDirectory="17735d44-fa25-4147-893e-7965f8d7717b" />
    <UnitTestResult executionId="9e3fa3cd-4cdb-45c2-a000-3ae76e95e4f9" testId="cc5697bb-fb09-f460-53df-95b59d6222c4" testName="Dft.DTRO.Tests.ServicesTests.Validations.SourceValidationServiceTests.ValidateSourceTraAffected(version: &quot;3.2.4&quot;, traAffected: &quot;1050, 4, 3300&quot;, errorCount: 0)" computerName="PA_AP-3UINUHLUM" duration="00:00:00.0002962" startTime="2025-02-28T10:34:03.7564533+00:00" endTime="2025-02-28T10:34:03.7565704+00:00" testType="13cdc9d9-ddb5-4fa4-a97d-d965ccfc6d4b" outcome="Passed" testListId="8c84fa94-04c1-424b-9868-57a2d4851a1d" relativeResultsDirectory="9e3fa3cd-4cdb-45c2-a000-3ae76e95e4f9" />
    <UnitTestResult executionId="ecd2d9f3-69f5-464f-8c6c-be6b85c3f586" testId="1df00054-a3a6-324e-3fe9-e6d9c1e30f8e" testName="Dft.DTRO.Tests.ServicesTests.Validations.JsonLogicValidationTests.AllowsRecurringTimePeriodOfDayToBeEmpty" computerName="PA_AP-3UINUHLUM" duration="00:00:00.0132872" startTime="2025-02-28T10:34:04.7346838+00:00" endTime="2025-02-28T10:34:04.7486692+00:00" testType="13cdc9d9-ddb5-4fa4-a97d-d965ccfc6d4b" outcome="Passed" testListId="8c84fa94-04c1-424b-9868-57a2d4851a1d" relativeResultsDirectory="ecd2d9f3-69f5-464f-8c6c-be6b85c3f586" />
    <UnitTestResult executionId="500873e9-ac10-48a7-97dc-df8e0854d209" testId="83a67981-84aa-6e11-1f24-26f6715350fd" testName="Dft.DTRO.Tests.ServicesTests.Validations.RegulationValidationTests.ValidateGeneralRegulationRegulationType(regulationType: &quot;mandatoryDirectionOneWay&quot;, errorCount: 0)" computerName="PA_AP-3UINUHLUM" duration="00:00:00.0003300" startTime="2025-02-28T10:34:03.7819458+00:00" endTime="2025-02-28T10:34:03.7820644+00:00" testType="13cdc9d9-ddb5-4fa4-a97d-d965ccfc6d4b" outcome="Passed" testListId="8c84fa94-04c1-424b-9868-57a2d4851a1d" relativeResultsDirectory="500873e9-ac10-48a7-97dc-df8e0854d209" />
    <UnitTestResult executionId="e8f6f24f-bb4a-4f08-90b8-f5ab58d1f3aa" testId="7f480b88-f816-bd49-7431-09f8aa5ec945" testName="Dft.DTRO.Tests.ServicesTests.Validations.JsonLogicValidationTests.AllowsOverallPeriodEndTimeToBeMissing" computerName="PA_AP-3UINUHLUM" duration="00:00:00.0138849" startTime="2025-02-28T10:34:04.6714546+00:00" endTime="2025-02-28T10:34:04.6860267+00:00" testType="13cdc9d9-ddb5-4fa4-a97d-d965ccfc6d4b" outcome="Passed" testListId="8c84fa94-04c1-424b-9868-57a2d4851a1d" relativeResultsDirectory="e8f6f24f-bb4a-4f08-90b8-f5ab58d1f3aa" />
    <UnitTestResult executionId="9b54b93b-e982-4112-9c3c-7968f912d43e" testId="4789e630-238b-d3d3-a18d-8eb6b6e47208" testName="Dft.DTRO.Tests.DALTests.ApplicationDalTests.GetApplicationList_ShouldReturnEmptyListWhenNoAppsForUser" computerName="PA_AP-3UINUHLUM" duration="00:00:00.0759225" startTime="2025-02-28T10:34:04.9247900+00:00" endTime="2025-02-28T10:34:05.0007101+00:00" testType="13cdc9d9-ddb5-4fa4-a97d-d965ccfc6d4b" outcome="Passed" testListId="8c84fa94-04c1-424b-9868-57a2d4851a1d" relativeResultsDirectory="9b54b93b-e982-4112-9c3c-7968f912d43e" />
    <UnitTestResult executionId="66af1eb9-8ef4-4b5c-a799-528ac5c92021" testId="11cde18c-5187-63b4-1697-ce1581e722cd" testName="Dft.DTRO.Tests.ServicesTests.Validations.GeometryValidationServiceTests.ValidatePointGeometryVersion(version: 0, schemaVersion: &quot;3.3.0&quot;, errorCount: 1)" computerName="PA_AP-3UINUHLUM" duration="00:00:00.0001658" startTime="2025-02-28T10:34:03.5785237+00:00" endTime="2025-02-28T10:34:03.5786123+00:00" testType="13cdc9d9-ddb5-4fa4-a97d-d965ccfc6d4b" outcome="Passed" testListId="8c84fa94-04c1-424b-9868-57a2d4851a1d" relativeResultsDirectory="66af1eb9-8ef4-4b5c-a799-528ac5c92021" />
    <UnitTestResult executionId="135da09c-fb5a-4f71-9418-3ba7a31ea480" testId="681833e7-6b24-2566-5525-42a679b5407e" testName="Dft.DTRO.Tests.ServicesTests.Validations.SemanticValidationServiceTests.AllowsCoordinatesWithinDirectedLinearGeometry(version: &quot;3.3.0&quot;)" computerName="PA_AP-3UINUHLUM" duration="00:00:00.0036401" startTime="2025-02-28T10:34:03.7275912+00:00" endTime="2025-02-28T10:34:03.7285967+00:00" testType="13cdc9d9-ddb5-4fa4-a97d-d965ccfc6d4b" outcome="Passed" testListId="8c84fa94-04c1-424b-9868-57a2d4851a1d" relativeResultsDirectory="135da09c-fb5a-4f71-9418-3ba7a31ea480" />
    <UnitTestResult executionId="00211cc7-5745-410b-b696-41d1b1682107" testId="613b1fae-53e6-2a78-2685-6af6eb087927" testName="Dft.DTRO.Tests.ServicesTests.Validations.ProvisionValidationServiceTests.ValidateProvisionOrderReportingPointTypeForSchema324(orderReportingPointType: &quot;troOnRoadActiveStatus&quot;, errorCount: 0)" computerName="PA_AP-3UINUHLUM" duration="00:00:00.0001074" startTime="2025-02-28T10:34:03.4587817+00:00" endTime="2025-02-28T10:34:03.4589191+00:00" testType="13cdc9d9-ddb5-4fa4-a97d-d965ccfc6d4b" outcome="Passed" testListId="8c84fa94-04c1-424b-9868-57a2d4851a1d" relativeResultsDirectory="00211cc7-5745-410b-b696-41d1b1682107" />
    <UnitTestResult executionId="3e8c4e1f-574f-43eb-9215-6ca90a6e3453" testId="95cfce05-342e-ee4f-215d-8a4f3f46ece8" testName="Dft.DTRO.Tests.ServicesTests.Validations.ProvisionValidationServiceTests.ValidateProvisionActionTypeForSchema330(actionType: &quot;fullRevoke&quot;, errorCount: 0)" computerName="PA_AP-3UINUHLUM" duration="00:00:00.0001957" startTime="2025-02-28T10:34:03.4529437+00:00" endTime="2025-02-28T10:34:03.4530324+00:00" testType="13cdc9d9-ddb5-4fa4-a97d-d965ccfc6d4b" outcome="Passed" testListId="8c84fa94-04c1-424b-9868-57a2d4851a1d" relativeResultsDirectory="3e8c4e1f-574f-43eb-9215-6ca90a6e3453" />
    <UnitTestResult executionId="a2488083-c327-4d64-a4d2-d6302294b47b" testId="e0f11ac8-0975-bd74-055b-2e474314632d" testName="Dft.DTRO.Tests.ServicesTests.Validations.SemanticValidationServiceTests.AllowsLastUpdateDateInThePast(version: &quot;3.3.0&quot;)" computerName="PA_AP-3UINUHLUM" duration="00:00:00.0014666" startTime="2025-02-28T10:34:03.7361816+00:00" endTime="2025-02-28T10:34:03.7395885+00:00" testType="13cdc9d9-ddb5-4fa4-a97d-d965ccfc6d4b" outcome="Passed" testListId="8c84fa94-04c1-424b-9868-57a2d4851a1d" relativeResultsDirectory="a2488083-c327-4d64-a4d2-d6302294b47b" />
    <UnitTestResult executionId="781232a7-6be4-47cc-b63e-d199688634b9" testId="509e3b73-5fc9-0d58-341d-adf4ecd3f36a" testName="Dft.DTRO.Tests.ServicesTests.Validations.ConditionValidationServiceTests.ValidateConditionReturnsErrorWhenConditionSetItPresentButHasMultipleWrongConditions" computerName="PA_AP-3UINUHLUM" duration="00:00:00.0006209" startTime="2025-02-28T10:34:03.4113033+00:00" endTime="2025-02-28T10:34:03.4134870+00:00" testType="13cdc9d9-ddb5-4fa4-a97d-d965ccfc6d4b" outcome="Passed" testListId="8c84fa94-04c1-424b-9868-57a2d4851a1d" relativeResultsDirectory="781232a7-6be4-47cc-b63e-d199688634b9" />
    <UnitTestResult executionId="b2d20c15-e7a3-48ee-9cd2-47e7d7725a5a" testId="b22e59ae-4df5-043b-650e-592fc781fe16" testName="Dft.DTRO.Tests.ServicesTests.Validations.SemanticValidationServiceTests.WhenBritishNationalGridSpatialReferenceIsIncorrectReturnsError(version: &quot;3.2.4&quot;)" computerName="PA_AP-3UINUHLUM" duration="00:00:00.0023979" startTime="2025-02-28T10:34:03.7288939+00:00" endTime="2025-02-28T10:34:03.7322249+00:00" testType="13cdc9d9-ddb5-4fa4-a97d-d965ccfc6d4b" outcome="Passed" testListId="8c84fa94-04c1-424b-9868-57a2d4851a1d" relativeResultsDirectory="b2d20c15-e7a3-48ee-9cd2-47e7d7725a5a" />
    <UnitTestResult executionId="efab2b4d-f4cc-4fae-a21a-960bf343c687" testId="916c0bb0-5b48-901c-544c-9cb86c8f069f" testName="Dft.DTRO.Tests.ServicesTests.Validations.RegulationValidationTests.ValidateSpeedLimitValueBasedSpeedValue(mphValue: 70, errorCount: 0)" computerName="PA_AP-3UINUHLUM" duration="00:00:00.0013487" startTime="2025-02-28T10:34:03.7312177+00:00" endTime="2025-02-28T10:34:03.7324838+00:00" testType="13cdc9d9-ddb5-4fa4-a97d-d965ccfc6d4b" outcome="Passed" testListId="8c84fa94-04c1-424b-9868-57a2d4851a1d" relativeResultsDirectory="efab2b4d-f4cc-4fae-a21a-960bf343c687" />
    <UnitTestResult executionId="65f223b3-4907-4613-9185-93389c4bc9fd" testId="0c392dfc-d8be-df7f-0175-42925e3478af" testName="DfT.DTRO.Tests.CodeiumTests.Integration.DTROsController_Codeium_Tests.UpdateDtro_ReturnsOk_ForExistingDtro" computerName="PA_AP-3UINUHLUM" duration="00:00:00.0108789" startTime="2025-02-28T10:34:03.8113219+00:00" endTime="2025-02-28T10:34:03.8283720+00:00" testType="13cdc9d9-ddb5-4fa4-a97d-d965ccfc6d4b" outcome="Passed" testListId="8c84fa94-04c1-424b-9868-57a2d4851a1d" relativeResultsDirectory="65f223b3-4907-4613-9185-93389c4bc9fd" />
    <UnitTestResult executionId="31be1f8c-6f3e-4a0a-8909-8192f4a8dda2" testId="19a3f722-2ce4-66c6-edd1-fcbfda5944cd" testName="Dft.DTRO.Tests.ServicesTests.Validations.RegulationValidationTests.ValidateGeneralRegulationRegulationType(regulationType: &quot;miscPROWClosure&quot;, errorCount: 0)" computerName="PA_AP-3UINUHLUM" duration="00:00:00.0004033" startTime="2025-02-28T10:34:03.8121264+00:00" endTime="2025-02-28T10:34:03.8122282+00:00" testType="13cdc9d9-ddb5-4fa4-a97d-d965ccfc6d4b" outcome="Passed" testListId="8c84fa94-04c1-424b-9868-57a2d4851a1d" relativeResultsDirectory="31be1f8c-6f3e-4a0a-8909-8192f4a8dda2" />
    <UnitTestResult executionId="f3420ce5-3414-464b-a48e-937acd2680ca" testId="df114e47-35be-e977-d119-8d294a4c8582" testName="Dft.DTRO.Tests.CodeiumTests.SystemConfig.Controller.SystemConfigControllerTests.GetSystemName_ReturnsInternalServerError_OnException" computerName="PA_AP-3UINUHLUM" duration="00:00:00.3070554" startTime="2025-02-28T10:34:03.3041383+00:00" endTime="2025-02-28T10:34:03.5859565+00:00" testType="13cdc9d9-ddb5-4fa4-a97d-d965ccfc6d4b" outcome="Passed" testListId="8c84fa94-04c1-424b-9868-57a2d4851a1d" relativeResultsDirectory="f3420ce5-3414-464b-a48e-937acd2680ca" />
    <UnitTestResult executionId="ea32aac2-534c-411c-a301-1e7fa98e786b" testId="39776ff8-8ed0-01fb-fe0d-f6e8d1f22040" testName="Dft.DTRO.Tests.ServicesTests.Validations.ProvisionValidationServiceTests.ValidateProvisionOrderReportingPointTypeForSchema324(orderReportingPointType: &quot;permanentNoticeOfMaking&quot;, errorCount: 0)" computerName="PA_AP-3UINUHLUM" duration="00:00:00.0001345" startTime="2025-02-28T10:34:03.4590889+00:00" endTime="2025-02-28T10:34:03.4591878+00:00" testType="13cdc9d9-ddb5-4fa4-a97d-d965ccfc6d4b" outcome="Passed" testListId="8c84fa94-04c1-424b-9868-57a2d4851a1d" relativeResultsDirectory="ea32aac2-534c-411c-a301-1e7fa98e786b" />
    <UnitTestResult executionId="668953fd-55d7-47df-b9d2-e611ebf77a90" testId="6221ffac-5cd5-bece-91be-14256b03f0c0" testName="Dft.DTRO.Tests.ServicesTests.Validations.ProvisionValidationServiceTests.ValidateProvisionOrderReportingPointTypeForSchema324(orderReportingPointType: &quot;specialEventOrderNoticeOfMaking&quot;, errorCount: 0)" computerName="PA_AP-3UINUHLUM" duration="00:00:00.0001485" startTime="2025-02-28T10:34:03.4621536+00:00" endTime="2025-02-28T10:34:03.4622510+00:00" testType="13cdc9d9-ddb5-4fa4-a97d-d965ccfc6d4b" outcome="Passed" testListId="8c84fa94-04c1-424b-9868-57a2d4851a1d" relativeResultsDirectory="668953fd-55d7-47df-b9d2-e611ebf77a90" />
    <UnitTestResult executionId="8dd8c9a2-bd6d-4e12-9e3d-521c8eb7d39e" testId="7e001697-4ed2-bb78-b407-43b11983cf4b" testName="Dft.DTRO.Tests.ServicesTests.Validations.GeometryValidationServiceTests.ValidatePolygonPolygon(polygon: &quot;SRID=27700;POLYGON((-3.692895967970722 40.58924629&quot;···, schemaVersion: &quot;3.3.0&quot;, errorCount: 1)" computerName="PA_AP-3UINUHLUM" duration="00:00:00.0100795" startTime="2025-02-28T10:34:03.5607712+00:00" endTime="2025-02-28T10:34:03.5690770+00:00" testType="13cdc9d9-ddb5-4fa4-a97d-d965ccfc6d4b" outcome="Passed" testListId="8c84fa94-04c1-424b-9868-57a2d4851a1d" relativeResultsDirectory="8dd8c9a2-bd6d-4e12-9e3d-521c8eb7d39e" />
    <UnitTestResult executionId="b4b5cd2e-6cee-4cb6-8cbe-99eccd0103ce" testId="0ff62c36-0d50-5c91-ceb2-3b4d9449dd60" testName="Dft.DTRO.Tests.ServicesTests.Validations.RegulationValidationTests.ValidateGeneralRegulationRegulationType(regulationType: &quot;kerbsideRedRouteClearway&quot;, errorCount: 0)" computerName="PA_AP-3UINUHLUM" duration="00:00:00.0003140" startTime="2025-02-28T10:34:03.7987532+00:00" endTime="2025-02-28T10:34:03.7989856+00:00" testType="13cdc9d9-ddb5-4fa4-a97d-d965ccfc6d4b" outcome="Passed" testListId="8c84fa94-04c1-424b-9868-57a2d4851a1d" relativeResultsDirectory="b4b5cd2e-6cee-4cb6-8cbe-99eccd0103ce" />
    <UnitTestResult executionId="42999bc6-40df-43ef-8640-25d2a7212358" testId="3f25603f-6b9e-f685-4b3c-fecf80d853b9" testName="Dft.DTRO.Tests.ServicesTests.Validations.RateLineValidationServiceTests.ValidateRateLineRateLineType(conditionType: &quot;Condition&quot;, rateLineType: &quot;incrementingRate&quot;, errorCount: 0)" computerName="PA_AP-3UINUHLUM" duration="00:00:00.0001963" startTime="2025-02-28T10:34:03.4151109+00:00" endTime="2025-02-28T10:34:03.4152237+00:00" testType="13cdc9d9-ddb5-4fa4-a97d-d965ccfc6d4b" outcome="Passed" testListId="8c84fa94-04c1-424b-9868-57a2d4851a1d" relativeResultsDirectory="42999bc6-40df-43ef-8640-25d2a7212358" />
    <UnitTestResult executionId="40bdfc34-24a6-456c-9884-7bae67de47ca" testId="96487fe5-4939-3f34-196f-59696b190f36" testName="Dft.DTRO.Tests.ServicesTests.DTROs.GetDtrosTests.GetDtrosAsyncReturnsRecords(traCode: 1000, startDate: &quot;2025-01-21 16:21:26&quot;, endDate: &quot;2025-01-23 11:02:41&quot;, records: 3)" computerName="PA_AP-3UINUHLUM" duration="00:00:00.0115111" startTime="2025-02-28T10:34:03.7933497+00:00" endTime="2025-02-28T10:34:03.8082876+00:00" testType="13cdc9d9-ddb5-4fa4-a97d-d965ccfc6d4b" outcome="Passed" testListId="8c84fa94-04c1-424b-9868-57a2d4851a1d" relativeResultsDirectory="40bdfc34-24a6-456c-9884-7bae67de47ca" />
    <UnitTestResult executionId="65df483c-2e9b-4e67-8174-c0e5d35c9951" testId="e470f79b-9e9f-5960-8cb5-84db82caf7e3" testName="Dft.DTRO.Tests.ServicesTests.Validations.SemanticValidationServiceTests.AllowsCoordinatesWithinPointGeometry(version: &quot;3.2.4&quot;)" computerName="PA_AP-3UINUHLUM" duration="00:00:00.0018282" startTime="2025-02-28T10:34:03.6655835+00:00" endTime="2025-02-28T10:34:03.6698263+00:00" testType="13cdc9d9-ddb5-4fa4-a97d-d965ccfc6d4b" outcome="Passed" testListId="8c84fa94-04c1-424b-9868-57a2d4851a1d" relativeResultsDirectory="65df483c-2e9b-4e67-8174-c0e5d35c9951" />
    <UnitTestResult executionId="4a0dc228-9931-43f8-a7a7-d6793dd80b03" testId="2ec9f28a-3e3f-3e8f-9412-835b14c17beb" testName="Dft.DTRO.Tests.ServicesTests.Validations.ProvisionValidationServiceTests.ValidateProvisionActionTypeForSchema330(actionType: &quot;errorFix&quot;, errorCount: 0)" computerName="PA_AP-3UINUHLUM" duration="00:00:00.0004642" startTime="2025-02-28T10:34:03.4525328+00:00" endTime="2025-02-28T10:34:03.4527025+00:00" testType="13cdc9d9-ddb5-4fa4-a97d-d965ccfc6d4b" outcome="Passed" testListId="8c84fa94-04c1-424b-9868-57a2d4851a1d" relativeResultsDirectory="4a0dc228-9931-43f8-a7a7-d6793dd80b03" />
    <UnitTestResult executionId="67e748f0-6257-44ae-bd51-1a9c4d0f42da" testId="80fce769-8eb0-a25b-42dd-dd0c98bcd568" testName="Dft.DTRO.Tests.ServicesTests.Validations.ProvisionValidationServiceTests.ValidateMultipleProvisionReferencesForSchema324(references: [&quot;9C88081C-FB1B-4E14-8E20-903DD9F08590&quot;, &quot;&quot;], errorCount: 1)" computerName="PA_AP-3UINUHLUM" duration="00:00:00.0002388" startTime="2025-02-28T10:34:03.4653808+00:00" endTime="2025-02-28T10:34:03.4654819+00:00" testType="13cdc9d9-ddb5-4fa4-a97d-d965ccfc6d4b" outcome="Passed" testListId="8c84fa94-04c1-424b-9868-57a2d4851a1d" relativeResultsDirectory="67e748f0-6257-44ae-bd51-1a9c4d0f42da" />
    <UnitTestResult executionId="6c192311-00cb-4d67-bce9-c826be4f135e" testId="4a2a6c00-f38b-03bd-489b-181d50add718" testName="Dft.DTRO.Tests.CodeiumTests.Rules.Controller.RulesControllerTests.GetRules_ReturnsOkResult_WithTemplates" computerName="PA_AP-3UINUHLUM" duration="00:00:00.0021136" startTime="2025-02-28T10:34:03.7380631+00:00" endTime="2025-02-28T10:34:03.7422876+00:00" testType="13cdc9d9-ddb5-4fa4-a97d-d965ccfc6d4b" outcome="Passed" testListId="8c84fa94-04c1-424b-9868-57a2d4851a1d" relativeResultsDirectory="6c192311-00cb-4d67-bce9-c826be4f135e" />
    <UnitTestResult executionId="9578a223-0129-4cf5-8ff1-8e72780325d0" testId="4d2ea24c-e317-8354-2aab-248a3713db73" testName="Dft.DTRO.Tests.ServicesTests.Validations.UniqueStreetReferenceNumberValidationServiceTests.ValidateUniqueStreetReferenceNumberUsrn(usrn: 100000000, errorCount: 1)" computerName="PA_AP-3UINUHLUM" duration="00:00:00.0619304" startTime="2025-02-28T10:34:03.3062932+00:00" endTime="2025-02-28T10:34:03.3795714+00:00" testType="13cdc9d9-ddb5-4fa4-a97d-d965ccfc6d4b" outcome="Passed" testListId="8c84fa94-04c1-424b-9868-57a2d4851a1d" relativeResultsDirectory="9578a223-0129-4cf5-8ff1-8e72780325d0" />
    <UnitTestResult executionId="5c33b33b-71f4-4c9f-b848-8d5a22a4386b" testId="c841fa2e-cb12-6175-4469-b105ff4b861e" testName="Dft.DTRO.Tests.CodeiumTests.Users.Controller.UserControllerSearchSwaCodesTests.SearchSwaCodes_ReturnsInternalServerError_WhenExceptionIsThrown" computerName="PA_AP-3UINUHLUM" duration="00:00:00.1801474" startTime="2025-02-28T10:34:03.4701086+00:00" endTime="2025-02-28T10:34:03.5860637+00:00" testType="13cdc9d9-ddb5-4fa4-a97d-d965ccfc6d4b" outcome="Passed" testListId="8c84fa94-04c1-424b-9868-57a2d4851a1d" relativeResultsDirectory="5c33b33b-71f4-4c9f-b848-8d5a22a4386b" />
    <UnitTestResult executionId="7967d4e6-6b25-4a6b-82b1-41c386335bc4" testId="5b7fc7b0-b5c4-8c50-2fef-5eccfb6cba07" testName="Dft.DTRO.Tests.UnitTests.MappingServiceTests.InferIndexFieldsReturnsSampleFiles(path: &quot;../../../TestFiles/D-TROs/3.3.0/JSON-3.3.0-example&quot;···, schemaVersion: &quot;3.3.0&quot;)" computerName="PA_AP-3UINUHLUM" duration="00:00:00.0089630" startTime="2025-02-28T10:34:03.8790668+00:00" endTime="2025-02-28T10:34:03.8799189+00:00" testType="13cdc9d9-ddb5-4fa4-a97d-d965ccfc6d4b" outcome="Passed" testListId="8c84fa94-04c1-424b-9868-57a2d4851a1d" relativeResultsDirectory="7967d4e6-6b25-4a6b-82b1-41c386335bc4" />
    <UnitTestResult executionId="d8ce7ef6-062c-4703-a9a1-7cb5d9e5f360" testId="19fbea96-a832-a008-9e2e-6bf0103deb7e" testName="Dft.DTRO.Tests.ServicesTests.Validations.JsonLogicValidationTests.DisallowsOverallPeriodEndTimeBeforeStartTime" computerName="PA_AP-3UINUHLUM" duration="00:00:00.0140486" startTime="2025-02-28T10:34:04.1902754+00:00" endTime="2025-02-28T10:34:04.2046642+00:00" testType="13cdc9d9-ddb5-4fa4-a97d-d965ccfc6d4b" outcome="Passed" testListId="8c84fa94-04c1-424b-9868-57a2d4851a1d" relativeResultsDirectory="d8ce7ef6-062c-4703-a9a1-7cb5d9e5f360" />
    <UnitTestResult executionId="b61af912-a2b1-4b98-ada9-746e36a024aa" testId="15655617-d461-7569-0af4-e77d8d0209be" testName="Dft.DTRO.Tests.ServicesTests.Validations.JsonLogicValidationTests.AllowsRecurringTimePeriodOfDayStartTimeBeforeEndTime" computerName="PA_AP-3UINUHLUM" duration="00:00:00.0140567" startTime="2025-02-28T10:34:04.7079846+00:00" endTime="2025-02-28T10:34:04.7225424+00:00" testType="13cdc9d9-ddb5-4fa4-a97d-d965ccfc6d4b" outcome="Passed" testListId="8c84fa94-04c1-424b-9868-57a2d4851a1d" relativeResultsDirectory="b61af912-a2b1-4b98-ada9-746e36a024aa" />
    <UnitTestResult executionId="50621177-8ef1-4944-8d93-f4e8bab148a7" testId="dd95dd3b-9a2c-382a-3c2a-573eed61ee3d" testName="Dft.DTRO.Tests.ServicesTests.Validations.ProvisionValidationServiceTests.ValidateMultipleProvisionReferencesForSchema330(references: [&quot;9C88081C-FB1B-4E14-8E20-903DD9F08590&quot;, &quot;&quot;], errorCount: 1)" computerName="PA_AP-3UINUHLUM" duration="00:00:00.0007441" startTime="2025-02-28T10:34:03.4503223+00:00" endTime="2025-02-28T10:34:03.4504336+00:00" testType="13cdc9d9-ddb5-4fa4-a97d-d965ccfc6d4b" outcome="Passed" testListId="8c84fa94-04c1-424b-9868-57a2d4851a1d" relativeResultsDirectory="50621177-8ef1-4944-8d93-f4e8bab148a7" />
    <UnitTestResult executionId="b133959b-3ef1-48d0-a6f4-be066217f8db" testId="f8ae11bd-dc78-9fde-93a8-2613eab674a3" testName="Dft.DTRO.Tests.ServicesTests.Validations.RegulatedPlaceValidationServiceTests.ValidateRegulatedPlacesDescriptionForSchema330(description: &quot;some free text&quot;, errorCount: 0)" computerName="PA_AP-3UINUHLUM" duration="00:00:00.0003755" startTime="2025-02-28T10:34:03.4273496+00:00" endTime="2025-02-28T10:34:03.4285024+00:00" testType="13cdc9d9-ddb5-4fa4-a97d-d965ccfc6d4b" outcome="Passed" testListId="8c84fa94-04c1-424b-9868-57a2d4851a1d" relativeResultsDirectory="b133959b-3ef1-48d0-a6f4-be066217f8db" />
    <UnitTestResult executionId="f5cf5323-194b-4104-9d95-5b0af5f04f0d" testId="ff9407fa-f0e9-500e-ed70-ed3d18e3ea90" testName="Dft.DTRO.Tests.UnitTests.Proj4SpatialProjectionTests.BoundingBoxProjection_Inverse_ProducesResultsWithinErrorMargin(westLongitude: 1398.2999115829, southLatitude: 21477.17948984, eastLongitude: 605500.21827800001, northLatitude: 1223378.4826372999, expectedWestLongitude: -7.5599999999999996, expectedSouthLatitude: 49.960000000000001, expectedEastLongitude: 1.78, expectedNorthLatitude: 60.840000000000003)" computerName="PA_AP-3UINUHLUM" duration="00:00:00.0015191" startTime="2025-02-28T10:34:03.4708538+00:00" endTime="2025-02-28T10:34:03.4709304+00:00" testType="13cdc9d9-ddb5-4fa4-a97d-d965ccfc6d4b" outcome="Passed" testListId="8c84fa94-04c1-424b-9868-57a2d4851a1d" relativeResultsDirectory="f5cf5323-194b-4104-9d95-5b0af5f04f0d" />
    <UnitTestResult executionId="2e9dc53c-9868-4d83-bb77-dc4d065e7917" testId="dc203da1-dc20-1037-a6e0-9aa54b7db4ce" testName="Dft.DTRO.Tests.ServicesTests.Validations.RateLineValidationServiceTests.ValidateRateLineDuration(conditionType: &quot;Condition&quot;, description: null, errorCount: 1)" computerName="PA_AP-3UINUHLUM" duration="00:00:00.0001800" startTime="2025-02-28T10:34:03.4177572+00:00" endTime="2025-02-28T10:34:03.4178069+00:00" testType="13cdc9d9-ddb5-4fa4-a97d-d965ccfc6d4b" outcome="Passed" testListId="8c84fa94-04c1-424b-9868-57a2d4851a1d" relativeResultsDirectory="2e9dc53c-9868-4d83-bb77-dc4d065e7917" />
    <UnitTestResult executionId="4bf267d6-1ea7-44c4-bd15-828b6c795870" testId="c0fc197b-2b86-02f2-f529-ab1ad6af4329" testName="Dft.DTRO.Tests.ServicesTests.Validations.RateLineValidationServiceTests.ValidateRateLineSequence(conditionType: &quot;ConditionSet&quot;, sequence: 1, errorCount: 0)" computerName="PA_AP-3UINUHLUM" duration="00:00:00.0002617" startTime="2025-02-28T10:34:03.4036120+00:00" endTime="2025-02-28T10:34:03.4036993+00:00" testType="13cdc9d9-ddb5-4fa4-a97d-d965ccfc6d4b" outcome="Passed" testListId="8c84fa94-04c1-424b-9868-57a2d4851a1d" relativeResultsDirectory="4bf267d6-1ea7-44c4-bd15-828b6c795870" />
    <UnitTestResult executionId="e89897b2-b736-4cc5-b807-65d1d2149de9" testId="1804ae83-28ca-698a-a154-ea05286519cb" testName="Dft.DTRO.Tests.ServicesTests.Validations.RegulationValidationTests.ValidateRegulationWhenIsDynamicIsFalseReturnsNoErrors" computerName="PA_AP-3UINUHLUM" duration="00:00:00.0003397" startTime="2025-02-28T10:34:03.8672651+00:00" endTime="2025-02-28T10:34:03.8673169+00:00" testType="13cdc9d9-ddb5-4fa4-a97d-d965ccfc6d4b" outcome="Passed" testListId="8c84fa94-04c1-424b-9868-57a2d4851a1d" relativeResultsDirectory="e89897b2-b736-4cc5-b807-65d1d2149de9" />
    <UnitTestResult executionId="efb4392f-2bc0-405f-b194-c853ea923540" testId="7fbff48e-e8fd-4413-b393-a8aa890f7daf" testName="Dft.DTRO.Tests.ServicesTests.Validations.ExternalReferenceValidationServiceTests.ValidateMultipleExternalReferencesWithinMultipleGeometriesLastUpdatedDate(geometry: &quot;DirectedLinear&quot;)" computerName="PA_AP-3UINUHLUM" duration="00:00:00.0003063" startTime="2025-02-28T10:34:03.6273961+00:00" endTime="2025-02-28T10:34:03.6293558+00:00" testType="13cdc9d9-ddb5-4fa4-a97d-d965ccfc6d4b" outcome="Passed" testListId="8c84fa94-04c1-424b-9868-57a2d4851a1d" relativeResultsDirectory="efb4392f-2bc0-405f-b194-c853ea923540" />
    <UnitTestResult executionId="09eb086e-9bd2-40d9-8d8d-3401c93d54f3" testId="b2447340-d774-7aee-df16-3659d952e1b1" testName="Dft.DTRO.Tests.ServicesTests.Validations.RateLineValidationServiceTests.ValidateRateLineRateUsageConditionType(conditionType: &quot;Condition&quot;, usageCondition: &quot;&quot;, errorCount: 1)" computerName="PA_AP-3UINUHLUM" duration="00:00:00.0002299" startTime="2025-02-28T10:34:03.3774190+00:00" endTime="2025-02-28T10:34:03.3775164+00:00" testType="13cdc9d9-ddb5-4fa4-a97d-d965ccfc6d4b" outcome="Passed" testListId="8c84fa94-04c1-424b-9868-57a2d4851a1d" relativeResultsDirectory="09eb086e-9bd2-40d9-8d8d-3401c93d54f3" />
    <UnitTestResult executionId="66c06341-db4a-4254-b317-c4d69df648df" testId="a8a57f7d-28f8-2626-30cf-2cad195a0948" testName="Dft.DTRO.Tests.ServicesTests.Validations.JsonLogicValidationTests.DisallowsRecurringTimePeriodOfDayEndTimeBeforeStartTime" computerName="PA_AP-3UINUHLUM" duration="00:00:00.0109005" startTime="2025-02-28T10:34:04.2759236+00:00" endTime="2025-02-28T10:34:04.2872254+00:00" testType="13cdc9d9-ddb5-4fa4-a97d-d965ccfc6d4b" outcome="Passed" testListId="8c84fa94-04c1-424b-9868-57a2d4851a1d" relativeResultsDirectory="66c06341-db4a-4254-b317-c4d69df648df" />
    <UnitTestResult executionId="d2ec9fac-bbb6-48ed-bfd7-d529133cd4bb" testId="20b6dc8d-29dc-9b68-c2b0-5770cefc9161" testName="Dft.DTRO.Tests.ServicesTests.Validations.RegulationValidationTests.ValidateGeneralRegulationRegulationType(regulationType: &quot;kerbsideRestrictedParkingZone&quot;, errorCount: 0)" computerName="PA_AP-3UINUHLUM" duration="00:00:00.0002921" startTime="2025-02-28T10:34:03.7894638+00:00" endTime="2025-02-28T10:34:03.7895588+00:00" testType="13cdc9d9-ddb5-4fa4-a97d-d965ccfc6d4b" outcome="Passed" testListId="8c84fa94-04c1-424b-9868-57a2d4851a1d" relativeResultsDirectory="d2ec9fac-bbb6-48ed-bfd7-d529133cd4bb" />
    <UnitTestResult executionId="5ff8cb8d-b5f0-418a-885f-2a12c4874e1c" testId="a9059311-7907-cea1-f7bc-d6e39a065c6c" testName="Dft.DTRO.Tests.ServicesTests.Validations.SourceValidationServiceTests.ValidateSourceReference(version: &quot;3.3.0&quot;, reference: &quot;&quot;, errorCount: 1)" computerName="PA_AP-3UINUHLUM" duration="00:00:00.0007932" startTime="2025-02-28T10:34:03.7747300+00:00" endTime="2025-02-28T10:34:03.7774232+00:00" testType="13cdc9d9-ddb5-4fa4-a97d-d965ccfc6d4b" outcome="Passed" testListId="8c84fa94-04c1-424b-9868-57a2d4851a1d" relativeResultsDirectory="5ff8cb8d-b5f0-418a-885f-2a12c4874e1c" />
    <UnitTestResult executionId="b2b0c807-f564-4935-980f-f38c479da9d5" testId="afbde5da-32c8-d25f-8580-837cca3bcfda" testName="Dft.DTRO.Tests.DALTests.ApplicationDalTests.CheckApplicationNameDoesNotExistShouldReturnFalseWhenNameExists" computerName="PA_AP-3UINUHLUM" duration="00:00:01.2677368" startTime="2025-02-28T10:34:03.6915632+00:00" endTime="2025-02-28T10:34:04.8860679+00:00" testType="13cdc9d9-ddb5-4fa4-a97d-d965ccfc6d4b" outcome="Passed" testListId="8c84fa94-04c1-424b-9868-57a2d4851a1d" relativeResultsDirectory="b2b0c807-f564-4935-980f-f38c479da9d5" />
    <UnitTestResult executionId="8f1b94e5-3b32-4838-9853-f113a652de49" testId="ff58f37c-9628-b814-9adb-2370f4ba54fb" testName="Dft.DTRO.Tests.ServicesTests.Validations.RegulatedPlaceValidationServiceTests.ValidateMultipleRegulatedPlacesTypes(types: [&quot;regulationLocation&quot;, &quot;diversionRoute&quot;], errorCount: 0)" computerName="PA_AP-3UINUHLUM" duration="00:00:00.0004162" startTime="2025-02-28T10:34:03.4215876+00:00" endTime="2025-02-28T10:34:03.4238219+00:00" testType="13cdc9d9-ddb5-4fa4-a97d-d965ccfc6d4b" outcome="Passed" testListId="8c84fa94-04c1-424b-9868-57a2d4851a1d" relativeResultsDirectory="8f1b94e5-3b32-4838-9853-f113a652de49" />
    <UnitTestResult executionId="37b6e934-b735-4c00-a713-f945b675650a" testId="c2d53477-a164-df70-78e1-f22a9fba59e7" testName="Dft.DTRO.Tests.ServicesTests.Validations.GeometryValidationServiceTests.ValidateLinearGeometryLateralPosition(lateralPosition: &quot;&quot;, schemaVersion: &quot;3.3.0&quot;, errorCount: 2)" computerName="PA_AP-3UINUHLUM" duration="00:00:00.0150104" startTime="2025-02-28T10:34:03.5789242+00:00" endTime="2025-02-28T10:34:03.5977848+00:00" testType="13cdc9d9-ddb5-4fa4-a97d-d965ccfc6d4b" outcome="Passed" testListId="8c84fa94-04c1-424b-9868-57a2d4851a1d" relativeResultsDirectory="37b6e934-b735-4c00-a713-f945b675650a" />
    <UnitTestResult executionId="d9aebfae-3ad7-4952-a1cd-65d0bd5055fb" testId="2fbf734f-879c-9d00-a4aa-c434bcaf28b4" testName="Dft.DTRO.Tests.ControllerTests.DTROsControllerTests.CreateFromFileThrowsInvalidOperationException" computerName="PA_AP-3UINUHLUM" duration="00:00:00.0119938" startTime="2025-02-28T10:34:03.8118474+00:00" endTime="2025-02-28T10:34:03.8313930+00:00" testType="13cdc9d9-ddb5-4fa4-a97d-d965ccfc6d4b" outcome="Passed" testListId="8c84fa94-04c1-424b-9868-57a2d4851a1d" relativeResultsDirectory="d9aebfae-3ad7-4952-a1cd-65d0bd5055fb" />
    <UnitTestResult executionId="3a6d3b20-73a4-4a65-8929-d424b9baa5c5" testId="84318e14-1d07-82a0-83e8-0ba09cd5a047" testName="Dft.DTRO.Tests.ServicesTests.Validations.RateLineCollectionValidationServiceTests.ValidateRateLineCollectionSequence(conditionType: &quot;ConditionSet&quot;, sequence: 1, errorCount: 0)" computerName="PA_AP-3UINUHLUM" duration="00:00:00.0002481" startTime="2025-02-28T10:34:03.7307203+00:00" endTime="2025-02-28T10:34:03.7310765+00:00" testType="13cdc9d9-ddb5-4fa4-a97d-d965ccfc6d4b" outcome="Passed" testListId="8c84fa94-04c1-424b-9868-57a2d4851a1d" relativeResultsDirectory="3a6d3b20-73a4-4a65-8929-d424b9baa5c5" />
    <UnitTestResult executionId="717bc8bb-f054-4a85-81a6-93ad8814d8e0" testId="286fce15-f575-44ae-2cf8-ed6629c6de8b" testName="Dft.DTRO.Tests.ServicesTests.Validations.ElementaryStreetUnitValidationServiceTests.ValidateElementaryStreetUnitMultipleEsu" computerName="PA_AP-3UINUHLUM" duration="00:00:00.0003925" startTime="2025-02-28T10:34:03.4268185+00:00" endTime="2025-02-28T10:34:03.4275817+00:00" testType="13cdc9d9-ddb5-4fa4-a97d-d965ccfc6d4b" outcome="Passed" testListId="8c84fa94-04c1-424b-9868-57a2d4851a1d" relativeResultsDirectory="717bc8bb-f054-4a85-81a6-93ad8814d8e0" />
    <UnitTestResult executionId="70df7fda-3822-4cbd-9c38-2ac3b0c6e49c" testId="a1fc2409-03e5-79f4-efe1-fd7b3951cc7a" testName="Dft.DTRO.Tests.ServicesTests.Validations.SemanticValidationServiceTests.WhenVersionGeometryIsIntegerReturnsNoError(version: &quot;3.3.0&quot;)" computerName="PA_AP-3UINUHLUM" duration="00:00:00.0045928" startTime="2025-02-28T10:34:03.7459252+00:00" endTime="2025-02-28T10:34:03.7520358+00:00" testType="13cdc9d9-ddb5-4fa4-a97d-d965ccfc6d4b" outcome="Passed" testListId="8c84fa94-04c1-424b-9868-57a2d4851a1d" relativeResultsDirectory="70df7fda-3822-4cbd-9c38-2ac3b0c6e49c" />
    <UnitTestResult executionId="766500b7-ee48-4469-9a7b-cac6ccf18826" testId="137641f6-b837-4c25-278f-c113ee60efd9" testName="Dft.DTRO.Tests.ServicesTests.Validations.RateLineValidationServiceTests.ValidateRateLineDuration(conditionType: &quot;ConditionSet&quot;, description: &quot;free text&quot;, errorCount: 0)" computerName="PA_AP-3UINUHLUM" duration="00:00:00.0002802" startTime="2025-02-28T10:34:03.4180308+00:00" endTime="2025-02-28T10:34:03.4181115+00:00" testType="13cdc9d9-ddb5-4fa4-a97d-d965ccfc6d4b" outcome="Passed" testListId="8c84fa94-04c1-424b-9868-57a2d4851a1d" relativeResultsDirectory="766500b7-ee48-4469-9a7b-cac6ccf18826" />
    <UnitTestResult executionId="33b57523-659e-4f3f-9099-2a35bacdc1ad" testId="0d676467-1a25-4b14-81af-b9274ece7016" testName="Dft.DTRO.Tests.ServicesTests.Validations.RateLineValidationServiceTests.ValidateRateLineRateLineType(conditionType: &quot;Condition&quot;, rateLineType: &quot;&quot;, errorCount: 1)" computerName="PA_AP-3UINUHLUM" duration="00:00:00.0002106" startTime="2025-02-28T10:34:03.4112307+00:00" endTime="2025-02-28T10:34:03.4114159+00:00" testType="13cdc9d9-ddb5-4fa4-a97d-d965ccfc6d4b" outcome="Passed" testListId="8c84fa94-04c1-424b-9868-57a2d4851a1d" relativeResultsDirectory="33b57523-659e-4f3f-9099-2a35bacdc1ad" />
    <UnitTestResult executionId="a524f96c-106c-4f4a-9152-7fc7e6bd3b54" testId="c8aad2f1-6fcf-0080-841f-8f37e9a45014" testName="Dft.DTRO.Tests.ServicesTests.Validations.UniqueStreetReferenceNumberValidationServiceTests.ValidateUniqueStreetReferenceNumberUsrn(usrn: 0, errorCount: 1)" computerName="PA_AP-3UINUHLUM" duration="00:00:00.0001663" startTime="2025-02-28T10:34:03.3919794+00:00" endTime="2025-02-28T10:34:03.3921292+00:00" testType="13cdc9d9-ddb5-4fa4-a97d-d965ccfc6d4b" outcome="Passed" testListId="8c84fa94-04c1-424b-9868-57a2d4851a1d" relativeResultsDirectory="a524f96c-106c-4f4a-9152-7fc7e6bd3b54" />
    <UnitTestResult executionId="52292b92-213f-48ed-8c9a-37afe5ab101a" testId="a45fdf4f-1cf6-92c8-a222-4c0b541907f0" testName="Dft.DTRO.Tests.ServicesTests.Validations.RegulationValidationTests.ValidateSpeedLimitProfileBasedSpeedType(type: &quot;nationalSpeedLimitMotorway&quot;, errorCount: 0)" computerName="PA_AP-3UINUHLUM" duration="00:00:00.0004803" startTime="2025-02-28T10:34:03.8329064+00:00" endTime="2025-02-28T10:34:03.8330572+00:00" testType="13cdc9d9-ddb5-4fa4-a97d-d965ccfc6d4b" outcome="Passed" testListId="8c84fa94-04c1-424b-9868-57a2d4851a1d" relativeResultsDirectory="52292b92-213f-48ed-8c9a-37afe5ab101a" />
    <UnitTestResult executionId="d2d6c3db-3e38-499a-a56f-6850dba5c952" testId="175302c6-5af5-4217-5724-13d5896119eb" testName="Dft.DTRO.Tests.ServicesTests.Validations.SourceValidationServiceTests.ValidateSourceActionType(version: &quot;3.3.0&quot;, actionType: &quot;amendment&quot;, traCode: 1050, errorCount: 0)" computerName="PA_AP-3UINUHLUM" duration="00:00:00.0009840" startTime="2025-02-28T10:34:03.7448302+00:00" endTime="2025-02-28T10:34:03.7462759+00:00" testType="13cdc9d9-ddb5-4fa4-a97d-d965ccfc6d4b" outcome="Passed" testListId="8c84fa94-04c1-424b-9868-57a2d4851a1d" relativeResultsDirectory="d2d6c3db-3e38-499a-a56f-6850dba5c952" />
    <UnitTestResult executionId="fb7fdb3f-9bd2-4538-8323-58cb16dbe803" testId="4ccc7d56-3296-a134-4c0f-c4b70021c9b8" testName="Dft.DTRO.Tests.ServicesTests.Validations.RegulationValidationTests.ValidateGeneralRegulationRegulationType(regulationType: &quot;bannedMovementNoLeftTurn&quot;, errorCount: 0)" computerName="PA_AP-3UINUHLUM" duration="00:00:00.0002922" startTime="2025-02-28T10:34:03.7856295+00:00" endTime="2025-02-28T10:34:03.7857306+00:00" testType="13cdc9d9-ddb5-4fa4-a97d-d965ccfc6d4b" outcome="Passed" testListId="8c84fa94-04c1-424b-9868-57a2d4851a1d" relativeResultsDirectory="fb7fdb3f-9bd2-4538-8323-58cb16dbe803" />
    <UnitTestResult executionId="4ba2655a-d0c0-4433-9853-0a2d22a6d3c5" testId="40cab126-c966-3a30-6cf3-844d5652f555" testName="Dft.DTRO.Tests.CodeiumTests.Rules.Controller.RulesControllerGetRuleByIdTests.GetRuleById_ReturnsInternalServerError_WhenExceptionOccurs" computerName="PA_AP-3UINUHLUM" duration="00:00:00.0042075" startTime="2025-02-28T10:34:03.5897270+00:00" endTime="2025-02-28T10:34:03.5954433+00:00" testType="13cdc9d9-ddb5-4fa4-a97d-d965ccfc6d4b" outcome="Passed" testListId="8c84fa94-04c1-424b-9868-57a2d4851a1d" relativeResultsDirectory="4ba2655a-d0c0-4433-9853-0a2d22a6d3c5" />
    <UnitTestResult executionId="1d386ca9-f128-4e1e-9190-9b3b48c12137" testId="19daab27-5df7-ee9f-3f66-8ef6cf710a18" testName="Dft.DTRO.Tests.ServicesTests.Validations.JsonLogicValidationTests.DisallowsDuplicateApplicableInstanceOfDayWithinMonthInPeriods" computerName="PA_AP-3UINUHLUM" duration="00:00:00.0326174" startTime="2025-02-28T10:34:04.1123212+00:00" endTime="2025-02-28T10:34:04.1450807+00:00" testType="13cdc9d9-ddb5-4fa4-a97d-d965ccfc6d4b" outcome="Passed" testListId="8c84fa94-04c1-424b-9868-57a2d4851a1d" relativeResultsDirectory="1d386ca9-f128-4e1e-9190-9b3b48c12137" />
    <UnitTestResult executionId="2a7b8deb-3873-4a6f-9887-fa4c2a36ca44" testId="15d9e632-4e86-470a-4a9e-c602af2311ec" testName="Dft.DTRO.Tests.ServicesTests.Validations.RegulationValidationTests.ValidateSpeedLimitValueBasedSpeedType(type: &quot;nationalSpeedLimitWellLitStreetDefault&quot;, errorCount: 0)" computerName="PA_AP-3UINUHLUM" duration="00:00:00.0003867" startTime="2025-02-28T10:34:03.8652333+00:00" endTime="2025-02-28T10:34:03.8652913+00:00" testType="13cdc9d9-ddb5-4fa4-a97d-d965ccfc6d4b" outcome="Passed" testListId="8c84fa94-04c1-424b-9868-57a2d4851a1d" relativeResultsDirectory="2a7b8deb-3873-4a6f-9887-fa4c2a36ca44" />
    <UnitTestResult executionId="975f9f82-9a28-47e7-b78e-2cf7202e892b" testId="891891e6-e60a-25e3-1000-9c0556ddbda2" testName="Dft.DTRO.Tests.ServicesTests.Validations.JsonSchemaValidationTests.ValidateAgainstSchema325ProducesCorrectResults(schemaVersion: &quot;3.3.0&quot;, sourceJson: &quot;JSON-3.3.0-example-TTRO-HeightRestrictionWithCondi&quot;···, expectedResult: False)" computerName="PA_AP-3UINUHLUM" duration="00:00:00.0198986" startTime="2025-02-28T10:34:04.0023735+00:00" endTime="2025-02-28T10:34:04.0222306+00:00" testType="13cdc9d9-ddb5-4fa4-a97d-d965ccfc6d4b" outcome="Passed" testListId="8c84fa94-04c1-424b-9868-57a2d4851a1d" relativeResultsDirectory="975f9f82-9a28-47e7-b78e-2cf7202e892b" />
    <UnitTestResult executionId="d710e3c5-02c7-437b-981e-dae761f93c43" testId="6cf8d12e-c15d-8d65-bf4b-e4a91e373185" testName="Dft.DTRO.Tests.ServicesTests.Validations.ElementaryStreetUnitValidationServiceTests.ValidateElementaryStreetUnitEsu(esu: 0, errorCount: 1)" computerName="PA_AP-3UINUHLUM" duration="00:00:00.0006826" startTime="2025-02-28T10:34:03.4212879+00:00" endTime="2025-02-28T10:34:03.4216814+00:00" testType="13cdc9d9-ddb5-4fa4-a97d-d965ccfc6d4b" outcome="Passed" testListId="8c84fa94-04c1-424b-9868-57a2d4851a1d" relativeResultsDirectory="d710e3c5-02c7-437b-981e-dae761f93c43" />
    <UnitTestResult executionId="33ebcb91-5a09-426e-a0ff-c8915478e31a" testId="3a23ce4f-6642-9caa-220b-1874b17b7742" testName="Dft.DTRO.Tests.ServicesTests.Validations.ProvisionValidationServiceTests.ValidateProvisionActionTypeForSchema324(actionType: &quot;new&quot;, errorCount: 0)" computerName="PA_AP-3UINUHLUM" duration="00:00:00.0001610" startTime="2025-02-28T10:34:03.4485750+00:00" endTime="2025-02-28T10:34:03.4486926+00:00" testType="13cdc9d9-ddb5-4fa4-a97d-d965ccfc6d4b" outcome="Passed" testListId="8c84fa94-04c1-424b-9868-57a2d4851a1d" relativeResultsDirectory="33ebcb91-5a09-426e-a0ff-c8915478e31a" />
    <UnitTestResult executionId="cee9e766-16f7-48cc-b5d0-7757f9bb3092" testId="809aba37-ac80-4028-c2e9-0fd5148000a6" testName="Dft.DTRO.Tests.ServicesTests.Validations.JsonLogicValidationTests.AllowsValidPeriodToBeEmpty" computerName="PA_AP-3UINUHLUM" duration="00:00:00.0140259" startTime="2025-02-28T10:34:04.4745804+00:00" endTime="2025-02-28T10:34:04.4891446+00:00" testType="13cdc9d9-ddb5-4fa4-a97d-d965ccfc6d4b" outcome="Passed" testListId="8c84fa94-04c1-424b-9868-57a2d4851a1d" relativeResultsDirectory="cee9e766-16f7-48cc-b5d0-7757f9bb3092" />
    <UnitTestResult executionId="35826b0b-8d7c-4b36-a64f-fe05bb444910" testId="388a90b3-0230-59b3-e51f-2543977a5ef1" testName="Dft.DTRO.Tests.CodeiumTests.Rules.Controller.RulesControllerTests.GetRules_ReturnsInternalServerError_OnException" computerName="PA_AP-3UINUHLUM" duration="00:00:00.0136564" startTime="2025-02-28T10:34:03.6194580+00:00" endTime="2025-02-28T10:34:03.6647647+00:00" testType="13cdc9d9-ddb5-4fa4-a97d-d965ccfc6d4b" outcome="Passed" testListId="8c84fa94-04c1-424b-9868-57a2d4851a1d" relativeResultsDirectory="35826b0b-8d7c-4b36-a64f-fe05bb444910" />
    <UnitTestResult executionId="04982499-b106-4e55-aaa5-36d82c80c6d2" testId="196be7ae-392d-9f1b-1501-a36ad25864e8" testName="Dft.DTRO.Tests.DALTests.ApplicationDalTests.GetApplicationUserShouldReturnUserEmailWhenAppExists" computerName="PA_AP-3UINUHLUM" duration="00:00:00.0057258" startTime="2025-02-28T10:34:05.0836508+00:00" endTime="2025-02-28T10:34:05.0893701+00:00" testType="13cdc9d9-ddb5-4fa4-a97d-d965ccfc6d4b" outcome="Passed" testListId="8c84fa94-04c1-424b-9868-57a2d4851a1d" relativeResultsDirectory="04982499-b106-4e55-aaa5-36d82c80c6d2" />
    <UnitTestResult executionId="b33da859-3a72-427d-8b7d-ab4b553233ad" testId="c038dd92-2b61-03cb-a735-8b10f888fd43" testName="Dft.DTRO.Tests.ServicesTests.Validations.RateLineValidationServiceTests.ValidateRateLineSequence(conditionType: &quot;ConditionSet&quot;, sequence: -1, errorCount: 1)" computerName="PA_AP-3UINUHLUM" duration="00:00:00.0003553" startTime="2025-02-28T10:34:03.4025752+00:00" endTime="2025-02-28T10:34:03.4026869+00:00" testType="13cdc9d9-ddb5-4fa4-a97d-d965ccfc6d4b" outcome="Passed" testListId="8c84fa94-04c1-424b-9868-57a2d4851a1d" relativeResultsDirectory="b33da859-3a72-427d-8b7d-ab4b553233ad" />
    <UnitTestResult executionId="93db1651-5bc2-4345-80c4-2a65f976bf3f" testId="54a0f674-cc2d-473a-7461-ae5a5cf117b1" testName="Dft.DTRO.Tests.CodeiumTests.Rules.Controller.RulesControllerGetRuleByIdTests.GetRuleById_ReturnsNotFound_WhenRuleDoesNotExist" computerName="PA_AP-3UINUHLUM" duration="00:00:00.1821283" startTime="2025-02-28T10:34:03.4697051+00:00" endTime="2025-02-28T10:34:03.5891814+00:00" testType="13cdc9d9-ddb5-4fa4-a97d-d965ccfc6d4b" outcome="Passed" testListId="8c84fa94-04c1-424b-9868-57a2d4851a1d" relativeResultsDirectory="93db1651-5bc2-4345-80c4-2a65f976bf3f" />
    <UnitTestResult executionId="933137bd-161d-4a19-a9af-42da9dbf0aa1" testId="e14df138-6d0c-0038-3a0e-dc3c41eddbd3" testName="Dft.DTRO.Tests.UnitTests.Proj4SpatialProjectionTests.CoordinateProjection_ProducesResultsWithinErrorMargin(longitude: 1.78, latitude: 60.840000000000003, expectedLongitude: 605500.21827800001, expectedLatitude: 1223378.4826372999)" computerName="PA_AP-3UINUHLUM" duration="00:00:00.0427556" startTime="2025-02-28T10:34:03.4303338+00:00" endTime="2025-02-28T10:34:03.4701819+00:00" testType="13cdc9d9-ddb5-4fa4-a97d-d965ccfc6d4b" outcome="Passed" testListId="8c84fa94-04c1-424b-9868-57a2d4851a1d" relativeResultsDirectory="933137bd-161d-4a19-a9af-42da9dbf0aa1" />
    <UnitTestResult executionId="b3a1a999-f434-4605-a2d9-2838dafa73da" testId="57a934ae-27e4-c459-6ef9-cc0e53404259" testName="Dft.DTRO.Tests.ServicesTests.Validations.ProvisionValidationServiceTests.ValidateProvisionOrderReportingPointTypeForSchema324(orderReportingPointType: &quot;ttroTtmoExtension&quot;, errorCount: 0)" computerName="PA_AP-3UINUHLUM" duration="00:00:00.0001454" startTime="2025-02-28T10:34:03.4609829+00:00" endTime="2025-02-28T10:34:03.4610782+00:00" testType="13cdc9d9-ddb5-4fa4-a97d-d965ccfc6d4b" outcome="Passed" testListId="8c84fa94-04c1-424b-9868-57a2d4851a1d" relativeResultsDirectory="b3a1a999-f434-4605-a2d9-2838dafa73da" />
    <UnitTestResult executionId="a6349045-98f5-4738-8cb3-7846d983e815" testId="a6917586-542d-0e49-ee22-b4cd9b65d55b" testName="Dft.DTRO.Tests.ControllerTests.DTROsControllerTests.CreateFromFileThrowsException" computerName="PA_AP-3UINUHLUM" duration="00:00:00.0108348" startTime="2025-02-28T10:34:03.8785038+00:00" endTime="2025-02-28T10:34:03.8791276+00:00" testType="13cdc9d9-ddb5-4fa4-a97d-d965ccfc6d4b" outcome="Passed" testListId="8c84fa94-04c1-424b-9868-57a2d4851a1d" relativeResultsDirectory="a6349045-98f5-4738-8cb3-7846d983e815" />
    <UnitTestResult executionId="49b7cf92-ebbc-4143-b46c-cff492bcba7d" testId="0a0a5b34-fcb7-9bb1-90cf-8b3bafe7111e" testName="DfT.DTRO.Tests.CodeiumTests.Integration.SchemaController_Codeium_Tests.UpdateSchema_ReturnsInternalServerError_UnexpectedException" computerName="PA_AP-3UINUHLUM" duration="00:00:00.0211011" startTime="2025-02-28T10:34:03.9165835+00:00" endTime="2025-02-28T10:34:03.9370114+00:00" testType="13cdc9d9-ddb5-4fa4-a97d-d965ccfc6d4b" outcome="Passed" testListId="8c84fa94-04c1-424b-9868-57a2d4851a1d" relativeResultsDirectory="49b7cf92-ebbc-4143-b46c-cff492bcba7d" />
    <UnitTestResult executionId="83e3e40e-7e2a-4688-a8e3-c9a919741eae" testId="0efeb7fd-dd2c-a734-308a-f8dcdbeb13ba" testName="Dft.DTRO.Tests.ServicesTests.Validations.ProvisionValidationServiceTests.ValidateProvisionReferenceForSchema324(reference: &quot;&quot;, errorCount: 1)" computerName="PA_AP-3UINUHLUM" duration="00:00:00.0004285" startTime="2025-02-28T10:34:03.4660377+00:00" endTime="2025-02-28T10:34:03.4661324+00:00" testType="13cdc9d9-ddb5-4fa4-a97d-d965ccfc6d4b" outcome="Passed" testListId="8c84fa94-04c1-424b-9868-57a2d4851a1d" relativeResultsDirectory="83e3e40e-7e2a-4688-a8e3-c9a919741eae" />
    <UnitTestResult executionId="ed4b6212-5373-49fc-92b3-407d9ac931ff" testId="196fda87-5a18-48a2-4dbe-5cdf7d590cf4" testName="Dft.DTRO.Tests.CodeiumTests.SystemConfig.Controller.SystemConfigControllerTests.GetSystemName_ReturnsOkResult_WithSystemName" computerName="PA_AP-3UINUHLUM" duration="00:00:00.0025986" startTime="2025-02-28T10:34:03.5878972+00:00" endTime="2025-02-28T10:34:03.5922002+00:00" testType="13cdc9d9-ddb5-4fa4-a97d-d965ccfc6d4b" outcome="Passed" testListId="8c84fa94-04c1-424b-9868-57a2d4851a1d" relativeResultsDirectory="ed4b6212-5373-49fc-92b3-407d9ac931ff" />
    <UnitTestResult executionId="0ab42e21-bfde-4cae-8520-5534a8eb4f05" testId="d3220fd2-47dd-3961-bffd-50653aacdc47" testName="DfT.DTRO.Tests.CodeiumTests.Integration.SchemaController_Codeium_Tests.GetSchemaById_InvalidOperationException_ReturnsBadRequest" computerName="PA_AP-3UINUHLUM" duration="00:00:00.0146521" startTime="2025-02-28T10:34:03.8991226+00:00" endTime="2025-02-28T10:34:03.8995682+00:00" testType="13cdc9d9-ddb5-4fa4-a97d-d965ccfc6d4b" outcome="Passed" testListId="8c84fa94-04c1-424b-9868-57a2d4851a1d" relativeResultsDirectory="0ab42e21-bfde-4cae-8520-5534a8eb4f05" />
    <UnitTestResult executionId="1f39ba23-0b6c-4640-b988-13230e4dafb0" testId="6f45b74e-be40-d250-7694-e37515641715" testName="Dft.DTRO.Tests.ControllerTests.DTROsControllerTests.UpdateFromFileReturnsCreated" computerName="PA_AP-3UINUHLUM" duration="00:00:00.0094318" startTime="2025-02-28T10:34:03.8722027+00:00" endTime="2025-02-28T10:34:03.8738735+00:00" testType="13cdc9d9-ddb5-4fa4-a97d-d965ccfc6d4b" outcome="Passed" testListId="8c84fa94-04c1-424b-9868-57a2d4851a1d" relativeResultsDirectory="1f39ba23-0b6c-4640-b988-13230e4dafb0" />
    <UnitTestResult executionId="e692d287-b2c6-4f9f-a888-3d81741fbc1b" testId="843b81cb-bdd1-cc9b-f0be-0887632fb2ec" testName="Dft.DTRO.Tests.UnitTests.MappingServiceTests.GetSource_Returns_DtroHistoryResponse" computerName="PA_AP-3UINUHLUM" duration="00:00:00.0138874" startTime="2025-02-28T10:34:03.8994768+00:00" endTime="2025-02-28T10:34:03.9014385+00:00" testType="13cdc9d9-ddb5-4fa4-a97d-d965ccfc6d4b" outcome="Passed" testListId="8c84fa94-04c1-424b-9868-57a2d4851a1d" relativeResultsDirectory="e692d287-b2c6-4f9f-a888-3d81741fbc1b" />
    <UnitTestResult executionId="99395293-f371-455c-9220-65203ac03f51" testId="88415652-1de9-0242-7065-dab2ca909d1d" testName="Dft.DTRO.Tests.ServicesTests.Validations.SourceValidationServiceTests.ValidateSourceTraAffected(version: &quot;3.3.0&quot;, traAffected: &quot;1050, 4, 3300&quot;, errorCount: 0)" computerName="PA_AP-3UINUHLUM" duration="00:00:00.0002291" startTime="2025-02-28T10:34:03.7578054+00:00" endTime="2025-02-28T10:34:03.7580416+00:00" testType="13cdc9d9-ddb5-4fa4-a97d-d965ccfc6d4b" outcome="Passed" testListId="8c84fa94-04c1-424b-9868-57a2d4851a1d" relativeResultsDirectory="99395293-f371-455c-9220-65203ac03f51" />
    <UnitTestResult executionId="444ddd9b-52bb-440e-9dbd-e8f2d44820ab" testId="76322a19-dc31-5d97-935c-b78f4fe219cd" testName="Dft.DTRO.Tests.ServicesTests.Validations.RateLineCollectionValidationServiceTests.ValidateRateLineCollectionApplicableCurrency(conditionType: &quot;Condition&quot;, currencyType: &quot;USD&quot;, errorCount: 1)" computerName="PA_AP-3UINUHLUM" duration="00:00:00.0002617" startTime="2025-02-28T10:34:03.6696928+00:00" endTime="2025-02-28T10:34:03.6716040+00:00" testType="13cdc9d9-ddb5-4fa4-a97d-d965ccfc6d4b" outcome="Passed" testListId="8c84fa94-04c1-424b-9868-57a2d4851a1d" relativeResultsDirectory="444ddd9b-52bb-440e-9dbd-e8f2d44820ab" />
    <UnitTestResult executionId="60be6621-ec38-479f-aa65-afdbd23b0d62" testId="5ff3fa57-7796-5a0f-81b7-72736761406a" testName="Dft.DTRO.Tests.ServicesTests.Validations.RateLineCollectionValidationServiceTests.ValidateRateLineCollectionMaxTime(conditionType: &quot;ConditionSet&quot;, maxTime: 0, errorCount: 1)" computerName="PA_AP-3UINUHLUM" duration="00:00:00.0246399" startTime="2025-02-28T10:34:03.5745569+00:00" endTime="2025-02-28T10:34:03.6204521+00:00" testType="13cdc9d9-ddb5-4fa4-a97d-d965ccfc6d4b" outcome="Passed" testListId="8c84fa94-04c1-424b-9868-57a2d4851a1d" relativeResultsDirectory="60be6621-ec38-479f-aa65-afdbd23b0d62" />
    <UnitTestResult executionId="ad7e5207-2437-478f-9db8-58846342db41" testId="14e69a2f-b615-8561-48b0-e6891385d4eb" testName="Dft.DTRO.Tests.ServicesTests.Validations.JsonLogicValidationTests.AllowSequentialRateLine" computerName="PA_AP-3UINUHLUM" duration="00:00:00.0111605" startTime="2025-02-28T10:34:04.7229005+00:00" endTime="2025-02-28T10:34:04.7344186+00:00" testType="13cdc9d9-ddb5-4fa4-a97d-d965ccfc6d4b" outcome="Passed" testListId="8c84fa94-04c1-424b-9868-57a2d4851a1d" relativeResultsDirectory="ad7e5207-2437-478f-9db8-58846342db41" />
    <UnitTestResult executionId="86ae2077-9800-4686-85a2-202ad9264d9f" testId="52930f70-f37f-9866-0741-600c27cea2d1" testName="Dft.DTRO.Tests.CodeiumTests.Rules.Controller.RulesControllerVersionTests.GetRulesVersions_ReturnsInternalServerError_OnException" computerName="PA_AP-3UINUHLUM" duration="00:00:00.0023483" startTime="2025-02-28T10:34:03.5918202+00:00" endTime="2025-02-28T10:34:03.5928503+00:00" testType="13cdc9d9-ddb5-4fa4-a97d-d965ccfc6d4b" outcome="Passed" testListId="8c84fa94-04c1-424b-9868-57a2d4851a1d" relativeResultsDirectory="86ae2077-9800-4686-85a2-202ad9264d9f" />
    <UnitTestResult executionId="2198530f-f87c-4519-b2e7-b4d9c55d3916" testId="fb2df4cd-689a-3f61-ff02-3edeec760d8f" testName="Dft.DTRO.Tests.ServicesTests.Validations.RateLineCollectionValidationServiceTests.ValidateRateLineCollectionResetTime(conditionType: &quot;Condition&quot;, resetTime: &quot;10:00:00&quot;, errorCount: 0)" computerName="PA_AP-3UINUHLUM" duration="00:00:00.0002302" startTime="2025-02-28T10:34:03.7029487+00:00" endTime="2025-02-28T10:34:03.7031708+00:00" testType="13cdc9d9-ddb5-4fa4-a97d-d965ccfc6d4b" outcome="Passed" testListId="8c84fa94-04c1-424b-9868-57a2d4851a1d" relativeResultsDirectory="2198530f-f87c-4519-b2e7-b4d9c55d3916" />
    <UnitTestResult executionId="18bd0f9d-004b-4214-8a7e-d8456ae33f09" testId="fe146c51-d1fb-7be6-c419-9b4be2082cd6" testName="Dft.DTRO.Tests.ServicesTests.Validations.RegulationValidationTests.ValidateGeneralRegulationRegulationType(regulationType: &quot;kerbsideLoadingBay&quot;, errorCount: 0)" computerName="PA_AP-3UINUHLUM" duration="00:00:00.0003191" startTime="2025-02-28T10:34:03.7827562+00:00" endTime="2025-02-28T10:34:03.7828636+00:00" testType="13cdc9d9-ddb5-4fa4-a97d-d965ccfc6d4b" outcome="Passed" testListId="8c84fa94-04c1-424b-9868-57a2d4851a1d" relativeResultsDirectory="18bd0f9d-004b-4214-8a7e-d8456ae33f09" />
    <UnitTestResult executionId="26689874-f216-4dfd-be1e-0f9a661d2011" testId="a6ead852-7be3-6bf7-418e-8f5da7746bb9" testName="Dft.DTRO.Tests.ServicesTests.Validations.RegulationValidationTests.ValidateRegulationOffListRegulationShortName(shortName: null, errorCount: 1)" computerName="PA_AP-3UINUHLUM" duration="00:00:00.0001893" startTime="2025-02-28T10:34:03.8386048+00:00" endTime="2025-02-28T10:34:03.8387222+00:00" testType="13cdc9d9-ddb5-4fa4-a97d-d965ccfc6d4b" outcome="Passed" testListId="8c84fa94-04c1-424b-9868-57a2d4851a1d" relativeResultsDirectory="26689874-f216-4dfd-be1e-0f9a661d2011" />
    <UnitTestResult executionId="818ad62c-009e-4216-93b3-9b0a8f62f48e" testId="8ee66d25-5d41-12e3-281c-36532776893b" testName="Dft.DTRO.Tests.ServicesTests.Validations.ProvisionValidationServiceTests.ValidateProvisionActionTypeForSchema324(actionType: &quot;something&quot;, errorCount: 1)" computerName="PA_AP-3UINUHLUM" duration="00:00:00.0001546" startTime="2025-02-28T10:34:03.4497347+00:00" endTime="2025-02-28T10:34:03.4498148+00:00" testType="13cdc9d9-ddb5-4fa4-a97d-d965ccfc6d4b" outcome="Passed" testListId="8c84fa94-04c1-424b-9868-57a2d4851a1d" relativeResultsDirectory="818ad62c-009e-4216-93b3-9b0a8f62f48e" />
    <UnitTestResult executionId="5d50fca6-aa50-4ff3-9531-b8bbebfc84a3" testId="d2afd7db-d395-6fa9-de1d-2c5422bd8198" testName="Dft.DTRO.Tests.ServicesTests.Validations.RegulationValidationTests.ValidateGeneralRegulationRegulationType(regulationType: &quot;miscBusGate&quot;, errorCount: 0)" computerName="PA_AP-3UINUHLUM" duration="00:00:00.0003197" startTime="2025-02-28T10:34:03.7847690+00:00" endTime="2025-02-28T10:34:03.7848811+00:00" testType="13cdc9d9-ddb5-4fa4-a97d-d965ccfc6d4b" outcome="Passed" testListId="8c84fa94-04c1-424b-9868-57a2d4851a1d" relativeResultsDirectory="5d50fca6-aa50-4ff3-9531-b8bbebfc84a3" />
    <UnitTestResult executionId="4e0433c7-db14-481d-b8de-75d686b4d138" testId="441dbd82-2bf1-75cd-ee75-a3a03afbe50d" testName="Dft.DTRO.Tests.ServicesTests.Validations.ProvisionValidationServiceTests.ValidateProvisionOrderReportingPointTypeForSchema330(orderReportingPointType: &quot;experimentalNoticeOfMaking&quot;, errorCount: 0)" computerName="PA_AP-3UINUHLUM" duration="00:00:00.0001978" startTime="2025-02-28T10:34:03.4376903+00:00" endTime="2025-02-28T10:34:03.4377972+00:00" testType="13cdc9d9-ddb5-4fa4-a97d-d965ccfc6d4b" outcome="Passed" testListId="8c84fa94-04c1-424b-9868-57a2d4851a1d" relativeResultsDirectory="4e0433c7-db14-481d-b8de-75d686b4d138" />
    <UnitTestResult executionId="05ec8654-7a28-41ec-8eee-2c8040ee7021" testId="9dcad8c1-a209-2f93-bc26-bac6be6f7657" testName="Dft.DTRO.Tests.ServicesTests.Validations.RateTableValidationServiceTests.ValidateRateTableAdditionalInformation(additionalInformation: &quot;http://loremipsum.co.uk&quot;, errorCount: 0)" computerName="PA_AP-3UINUHLUM" duration="00:00:00.0001345" startTime="2025-02-28T10:34:03.3691736+00:00" endTime="2025-02-28T10:34:03.3695599+00:00" testType="13cdc9d9-ddb5-4fa4-a97d-d965ccfc6d4b" outcome="Passed" testListId="8c84fa94-04c1-424b-9868-57a2d4851a1d" relativeResultsDirectory="05ec8654-7a28-41ec-8eee-2c8040ee7021" />
    <UnitTestResult executionId="8977499b-df9b-4200-98dc-a2b948c60c28" testId="df3d3fb1-8cac-666f-3a99-70bfed35de5b" testName="DfT.DTRO.Tests.CodeiumTests.Integration.SchemaController_Codeium_Tests.ActivateSchema_ThrowsInvalidOperationException_ReturnsBadRequest" computerName="PA_AP-3UINUHLUM" duration="00:00:00.0167758" startTime="2025-02-28T10:34:03.8782516+00:00" endTime="2025-02-28T10:34:03.8795768+00:00" testType="13cdc9d9-ddb5-4fa4-a97d-d965ccfc6d4b" outcome="Passed" testListId="8c84fa94-04c1-424b-9868-57a2d4851a1d" relativeResultsDirectory="8977499b-df9b-4200-98dc-a2b948c60c28" />
    <UnitTestResult executionId="cf9e47a8-3b62-4654-bc40-943ea72afdde" testId="501de793-6172-a716-aa5d-9bc9029eca7a" testName="Dft.DTRO.Tests.ServicesTests.Validations.RateLineCollectionValidationServiceTests.ValidateRateLineCollectionEndValidUsagePeriod(conditionType: &quot;Condition&quot;, endValidUsagePeriod: &quot;2024-12-10T09:00:00&quot;, errorCount: 0)" computerName="PA_AP-3UINUHLUM" duration="00:00:00.0004362" startTime="2025-02-28T10:34:03.6293059+00:00" endTime="2025-02-28T10:34:03.6391974+00:00" testType="13cdc9d9-ddb5-4fa4-a97d-d965ccfc6d4b" outcome="Passed" testListId="8c84fa94-04c1-424b-9868-57a2d4851a1d" relativeResultsDirectory="cf9e47a8-3b62-4654-bc40-943ea72afdde" />
    <UnitTestResult executionId="505ea1b9-2e78-454e-819b-b7aeb3440d0f" testId="2ca9eb52-a97a-5bdc-8ec7-f112d5a535f6" testName="Dft.DTRO.Tests.ServicesTests.Validations.JsonLogicValidationTests.AllowLengthCharacteristicValidForRegulationTypeDimensionMaximumLength" computerName="PA_AP-3UINUHLUM" duration="00:00:00.0806327" startTime="2025-02-28T10:34:03.8917071+00:00" endTime="2025-02-28T10:34:03.9040753+00:00" testType="13cdc9d9-ddb5-4fa4-a97d-d965ccfc6d4b" outcome="Passed" testListId="8c84fa94-04c1-424b-9868-57a2d4851a1d" relativeResultsDirectory="505ea1b9-2e78-454e-819b-b7aeb3440d0f" />
    <UnitTestResult executionId="c3c64330-ae7a-41c6-be5a-dae0a35972c4" testId="a343c4e4-b373-cc81-2fb5-c60a1075c3fb" testName="Dft.DTRO.Tests.ServicesTests.Validations.RegulationValidationTests.ValidateGeneralRegulationRegulationType(regulationType: &quot;miscLaneClosure&quot;, errorCount: 0)" computerName="PA_AP-3UINUHLUM" duration="00:00:00.0005124" startTime="2025-02-28T10:34:03.7808015+00:00" endTime="2025-02-28T10:34:03.7809968+00:00" testType="13cdc9d9-ddb5-4fa4-a97d-d965ccfc6d4b" outcome="Passed" testListId="8c84fa94-04c1-424b-9868-57a2d4851a1d" relativeResultsDirectory="c3c64330-ae7a-41c6-be5a-dae0a35972c4" />
    <UnitTestResult executionId="67957a30-d6dd-4604-8cd3-451f6b833069" testId="f9931163-421d-a150-12f6-4a0a1efa8ae3" testName="Dft.DTRO.Tests.CodeiumTests.Rules.Controller.RulesControllerTests.GetRule_ReturnsOk_WithValidVersion" computerName="PA_AP-3UINUHLUM" duration="00:00:00.0027028" startTime="2025-02-28T10:34:03.7317878+00:00" endTime="2025-02-28T10:34:03.7377888+00:00" testType="13cdc9d9-ddb5-4fa4-a97d-d965ccfc6d4b" outcome="Passed" testListId="8c84fa94-04c1-424b-9868-57a2d4851a1d" relativeResultsDirectory="67957a30-d6dd-4604-8cd3-451f6b833069" />
    <UnitTestResult executionId="c203f2ad-d5fa-4e82-a96a-62413df28538" testId="2a416a94-6b8d-1389-95a0-4dc5b6e17a77" testName="Dft.DTRO.Tests.ServicesTests.Validations.ProvisionValidationServiceTests.ValidateProvisionOrderReportingPointTypeForSchema324(orderReportingPointType: &quot;experimentalNoticeOfMaking&quot;, errorCount: 0)" computerName="PA_AP-3UINUHLUM" duration="00:00:00.0001313" startTime="2025-02-28T10:34:03.4571572+00:00" endTime="2025-02-28T10:34:03.4572504+00:00" testType="13cdc9d9-ddb5-4fa4-a97d-d965ccfc6d4b" outcome="Passed" testListId="8c84fa94-04c1-424b-9868-57a2d4851a1d" relativeResultsDirectory="c203f2ad-d5fa-4e82-a96a-62413df28538" />
    <UnitTestResult executionId="4e63ddff-2c22-4e99-a86a-ed177340459f" testId="e1463bf1-00fa-a759-409e-18aba5686603" testName="Dft.DTRO.Tests.ServicesTests.Validations.ProvisionValidationServiceTests.ValidateProvisionOrderReportingPointTypeForSchema330(orderReportingPointType: &quot;permanentRevocation&quot;, errorCount: 0)" computerName="PA_AP-3UINUHLUM" duration="00:00:00.0001836" startTime="2025-02-28T10:34:03.4358389+00:00" endTime="2025-02-28T10:34:03.4362696+00:00" testType="13cdc9d9-ddb5-4fa4-a97d-d965ccfc6d4b" outcome="Passed" testListId="8c84fa94-04c1-424b-9868-57a2d4851a1d" relativeResultsDirectory="4e63ddff-2c22-4e99-a86a-ed177340459f" />
    <UnitTestResult executionId="87838b0d-9d04-4160-9bbc-0f4c59b393ae" testId="45323b87-9094-68e3-5ac9-769566bf65c5" testName="Dft.DTRO.Tests.ServicesTests.Validations.ProvisionValidationServiceTests.ValidateProvisionActionTypeForSchema330(actionType: &quot;noChange&quot;, errorCount: 0)" computerName="PA_AP-3UINUHLUM" duration="00:00:00.0001307" startTime="2025-02-28T10:34:03.4544763+00:00" endTime="2025-02-28T10:34:03.4545826+00:00" testType="13cdc9d9-ddb5-4fa4-a97d-d965ccfc6d4b" outcome="Passed" testListId="8c84fa94-04c1-424b-9868-57a2d4851a1d" relativeResultsDirectory="87838b0d-9d04-4160-9bbc-0f4c59b393ae" />
    <UnitTestResult executionId="d96ddafc-33b3-492c-b088-152db338e8e0" testId="28c77280-6d37-f17c-03a1-c679f63b0cb2" testName="Dft.DTRO.Tests.ServicesTests.Validations.RateLineValidationServiceTests.ValidateRateLineDurationStart(conditionType: &quot;Condition&quot;, durationStart: 1000, errorCount: 0)" computerName="PA_AP-3UINUHLUM" duration="00:00:00.0001487" startTime="2025-02-28T10:34:03.3999975+00:00" endTime="2025-02-28T10:34:03.4000941+00:00" testType="13cdc9d9-ddb5-4fa4-a97d-d965ccfc6d4b" outcome="Passed" testListId="8c84fa94-04c1-424b-9868-57a2d4851a1d" relativeResultsDirectory="d96ddafc-33b3-492c-b088-152db338e8e0" />
    <UnitTestResult executionId="60a24620-72e5-4d56-bde3-e8859958efd9" testId="cd208545-947c-b588-7723-c30271adad40" testName="Dft.DTRO.Tests.ServicesTests.Validations.RateLineValidationServiceTests.ValidateRateLineRateUsageConditionType(conditionType: &quot;ConditionSet&quot;, usageCondition: &quot;unknown&quot;, errorCount: 1)" computerName="PA_AP-3UINUHLUM" duration="00:00:00.0002885" startTime="2025-02-28T10:34:03.3745647+00:00" endTime="2025-02-28T10:34:03.3767845+00:00" testType="13cdc9d9-ddb5-4fa4-a97d-d965ccfc6d4b" outcome="Passed" testListId="8c84fa94-04c1-424b-9868-57a2d4851a1d" relativeResultsDirectory="60a24620-72e5-4d56-bde3-e8859958efd9" />
    <UnitTestResult executionId="b758ed42-fb62-4620-912b-e5a6db5f259b" testId="2228b57a-4b43-fafe-1333-ebfb7460a795" testName="Dft.DTRO.Tests.ServicesTests.Validations.SemanticValidationServiceTests.AllowsCoordinatesWithinDirectedLinearGeometry(version: &quot;3.2.4&quot;)" computerName="PA_AP-3UINUHLUM" duration="00:00:00.0057840" startTime="2025-02-28T10:34:03.6897782+00:00" endTime="2025-02-28T10:34:03.7272718+00:00" testType="13cdc9d9-ddb5-4fa4-a97d-d965ccfc6d4b" outcome="Passed" testListId="8c84fa94-04c1-424b-9868-57a2d4851a1d" relativeResultsDirectory="b758ed42-fb62-4620-912b-e5a6db5f259b" />
    <UnitTestResult executionId="46437745-125a-4cf0-a0d0-e66b5e1777ab" testId="93d97dce-660e-c9a5-1429-d57d8250695d" testName="Dft.DTRO.Tests.ServicesTests.Validations.RateLineValidationServiceTests.ValidateRateLineDurationStart(conditionType: &quot;ConditionSet&quot;, durationStart: 0, errorCount: 1)" computerName="PA_AP-3UINUHLUM" duration="00:00:00.0001254" startTime="2025-02-28T10:34:03.3985961+00:00" endTime="2025-02-28T10:34:03.3987576+00:00" testType="13cdc9d9-ddb5-4fa4-a97d-d965ccfc6d4b" outcome="Passed" testListId="8c84fa94-04c1-424b-9868-57a2d4851a1d" relativeResultsDirectory="46437745-125a-4cf0-a0d0-e66b5e1777ab" />
    <UnitTestResult executionId="866d3bef-3ebd-48fa-9f1a-68127bc722c6" testId="f682192e-9120-4cf1-3523-5a612640d91f" testName="DfT.DTRO.Tests.CodeiumTests.Integration.SchemaController_Codeium_Tests.DeleteSchema_ThrowsUnexpectedException_ReturnsInternalServerError" computerName="PA_AP-3UINUHLUM" duration="00:00:00.0091271" startTime="2025-02-28T10:34:03.8805670+00:00" endTime="2025-02-28T10:34:03.8808808+00:00" testType="13cdc9d9-ddb5-4fa4-a97d-d965ccfc6d4b" outcome="Passed" testListId="8c84fa94-04c1-424b-9868-57a2d4851a1d" relativeResultsDirectory="866d3bef-3ebd-48fa-9f1a-68127bc722c6" />
    <UnitTestResult executionId="af406291-16e8-4960-b9f0-1b729ddc6968" testId="bb2eb309-9bd2-1029-09c9-0c8e5701f6d4" testName="Dft.DTRO.Tests.DALTests.ApplicationDalTests.GetApplicationListShouldReturnApplicationsForUserWithMultipleApps" computerName="PA_AP-3UINUHLUM" duration="00:00:00.0021178" startTime="2025-02-28T10:34:05.0201166+00:00" endTime="2025-02-28T10:34:05.0220034+00:00" testType="13cdc9d9-ddb5-4fa4-a97d-d965ccfc6d4b" outcome="Passed" testListId="8c84fa94-04c1-424b-9868-57a2d4851a1d" relativeResultsDirectory="af406291-16e8-4960-b9f0-1b729ddc6968" />
    <UnitTestResult executionId="0c5fcf9b-b74f-4b31-9229-8d43a3341117" testId="cf61205d-56a5-32a1-7f56-5effab49f780" testName="Dft.DTRO.Tests.ServicesTests.Validations.RegulatedPlaceValidationServiceTests.ValidateRegulatedPlacesDescriptionForSchema324(description: &quot;&quot;, errorCount: 1)" computerName="PA_AP-3UINUHLUM" duration="00:00:00.0007915" startTime="2025-02-28T10:34:03.4190875+00:00" endTime="2025-02-28T10:34:03.4191485+00:00" testType="13cdc9d9-ddb5-4fa4-a97d-d965ccfc6d4b" outcome="Passed" testListId="8c84fa94-04c1-424b-9868-57a2d4851a1d" relativeResultsDirectory="0c5fcf9b-b74f-4b31-9229-8d43a3341117" />
    <UnitTestResult executionId="d21616b7-39c1-4a18-b8ad-322c9cfdf0f8" testId="eae334e6-a1a5-6ca3-638c-d515f8a5dad8" testName="Dft.DTRO.Tests.ServicesTests.Validations.RegulationValidationTests.ValidateGeneralRegulationRegulationType(regulationType: &quot;kerbsidePermitParkingPlace&quot;, errorCount: 0)" computerName="PA_AP-3UINUHLUM" duration="00:00:00.0083503" startTime="2025-02-28T10:34:03.7992796+00:00" endTime="2025-02-28T10:34:03.8076299+00:00" testType="13cdc9d9-ddb5-4fa4-a97d-d965ccfc6d4b" outcome="Passed" testListId="8c84fa94-04c1-424b-9868-57a2d4851a1d" relativeResultsDirectory="d21616b7-39c1-4a18-b8ad-322c9cfdf0f8" />
    <UnitTestResult executionId="692cf18e-9f39-4313-8fd1-b967f134e798" testId="1b663aa9-0a92-6f11-2a4d-0a326f4399aa" testName="Dft.DTRO.Tests.ServicesTests.Validations.RateLineValidationServiceTests.ValidateRateLineRateLineType(conditionType: &quot;ConditionSet&quot;, rateLineType: &quot;flatRate&quot;, errorCount: 0)" computerName="PA_AP-3UINUHLUM" duration="00:00:00.0005096" startTime="2025-02-28T10:34:03.4099077+00:00" endTime="2025-02-28T10:34:03.4101737+00:00" testType="13cdc9d9-ddb5-4fa4-a97d-d965ccfc6d4b" outcome="Passed" testListId="8c84fa94-04c1-424b-9868-57a2d4851a1d" relativeResultsDirectory="692cf18e-9f39-4313-8fd1-b967f134e798" />
    <UnitTestResult executionId="07bd42db-ac85-4300-a222-0c72bc922ecf" testId="84662c29-2385-4ff5-e2bc-ddb4571f8a06" testName="Dft.DTRO.Tests.CodeiumTests.Rules.Service.RuleTemplateServiceTests.RuleTemplateExistsAsync_ReturnsTrue" computerName="PA_AP-3UINUHLUM" duration="00:00:00.0010770" startTime="2025-02-28T10:34:03.5149929+00:00" endTime="2025-02-28T10:34:03.5159445+00:00" testType="13cdc9d9-ddb5-4fa4-a97d-d965ccfc6d4b" outcome="Passed" testListId="8c84fa94-04c1-424b-9868-57a2d4851a1d" relativeResultsDirectory="07bd42db-ac85-4300-a222-0c72bc922ecf" />
    <UnitTestResult executionId="9df192c1-5b87-46ca-90be-015264f88346" testId="94c40f26-fb01-c841-bd9c-f0c72607b071" testName="Dft.DTRO.Tests.ServicesTests.Validations.ExternalReferenceValidationServiceTests.ValidateNoExternalReferencesWithDifferentGeometries" computerName="PA_AP-3UINUHLUM" duration="00:00:00.0034995" startTime="2025-02-28T10:34:03.6686066+00:00" endTime="2025-02-28T10:34:03.6778548+00:00" testType="13cdc9d9-ddb5-4fa4-a97d-d965ccfc6d4b" outcome="Passed" testListId="8c84fa94-04c1-424b-9868-57a2d4851a1d" relativeResultsDirectory="9df192c1-5b87-46ca-90be-015264f88346" />
    <UnitTestResult executionId="845b8020-7a2c-4db0-b94c-be10afae9642" testId="e105c4ab-cb87-8a46-b63a-573086118b70" testName="Dft.DTRO.Tests.ServicesTests.Validations.JsonSchemaValidationTests.ValidateAgainstSchema311ProducesCorrectResults(schemaVersion: &quot;3.1.1&quot;, sourceJson: &quot;section-missing&quot;, expectedResult: False)" computerName="PA_AP-3UINUHLUM" duration="00:00:00.0123259" startTime="2025-02-28T10:34:04.1523522+00:00" endTime="2025-02-28T10:34:04.1646434+00:00" testType="13cdc9d9-ddb5-4fa4-a97d-d965ccfc6d4b" outcome="Passed" testListId="8c84fa94-04c1-424b-9868-57a2d4851a1d" relativeResultsDirectory="845b8020-7a2c-4db0-b94c-be10afae9642" />
    <UnitTestResult executionId="354995cf-b36a-40da-a425-4299ca8fd36d" testId="165107ed-70aa-839a-72de-5d06c52128af" testName="Dft.DTRO.Tests.UnitTests.Proj4SpatialProjectionTests.BoundingBoxProjection_ProducesResultsWithinErrorMargin(westLongitude: -7.5599999999999996, southLatitude: 49.960000000000001, eastLongitude: 1.78, northLatitude: 60.840000000000003, expectedWestLongitude: 1398.2999115829, expectedSouthLatitude: 21477.17948984, expectedEastLongitude: 605500.21827800001, expectedNorthLatitude: 1223378.4826372999)" computerName="PA_AP-3UINUHLUM" duration="00:00:00.0002821" startTime="2025-02-28T10:34:03.4711468+00:00" endTime="2025-02-28T10:34:03.4712458+00:00" testType="13cdc9d9-ddb5-4fa4-a97d-d965ccfc6d4b" outcome="Passed" testListId="8c84fa94-04c1-424b-9868-57a2d4851a1d" relativeResultsDirectory="354995cf-b36a-40da-a425-4299ca8fd36d" />
    <UnitTestResult executionId="2f519ee6-e248-4496-a7ae-1cfc62035525" testId="d199f1e6-5816-7e20-f22d-7688ce45e3b4" testName="Dft.DTRO.Tests.ServicesTests.Validations.RateLineValidationServiceTests.ValidateRateLineDurationEnd(conditionType: &quot;Condition&quot;, durationEnd: 0, errorCount: 1)" computerName="PA_AP-3UINUHLUM" duration="00:00:00.0010578" startTime="2025-02-28T10:34:03.3930923+00:00" endTime="2025-02-28T10:34:03.3938393+00:00" testType="13cdc9d9-ddb5-4fa4-a97d-d965ccfc6d4b" outcome="Passed" testListId="8c84fa94-04c1-424b-9868-57a2d4851a1d" relativeResultsDirectory="2f519ee6-e248-4496-a7ae-1cfc62035525" />
    <UnitTestResult executionId="730dab5c-ece2-49a1-b5bf-4ca9ecfab511" testId="69b4f81e-5feb-c145-8911-a44f5fd4c9eb" testName="Dft.DTRO.Tests.ServicesTests.Validations.ProvisionValidationServiceTests.ValidateProvisionActionTypeForSchema324(actionType: &quot;fullRevoke&quot;, errorCount: 0)" computerName="PA_AP-3UINUHLUM" duration="00:00:00.0004713" startTime="2025-02-28T10:34:03.4465089+00:00" endTime="2025-02-28T10:34:03.4466309+00:00" testType="13cdc9d9-ddb5-4fa4-a97d-d965ccfc6d4b" outcome="Passed" testListId="8c84fa94-04c1-424b-9868-57a2d4851a1d" relativeResultsDirectory="730dab5c-ece2-49a1-b5bf-4ca9ecfab511" />
    <UnitTestResult executionId="3026753c-da30-4dff-8642-3af6e7d8b352" testId="314651ab-339c-c305-40cb-d2235f1359fa" testName="Dft.DTRO.Tests.ServicesTests.Validations.RegulationValidationTests.ValidateSpeedLimitProfileBasedSpeedType(type: &quot;nationalSpeedLimitDualCarriageway&quot;, errorCount: 0)" computerName="PA_AP-3UINUHLUM" duration="00:00:00.0062448" startTime="2025-02-28T10:34:03.8274801+00:00" endTime="2025-02-28T10:34:03.8323241+00:00" testType="13cdc9d9-ddb5-4fa4-a97d-d965ccfc6d4b" outcome="Passed" testListId="8c84fa94-04c1-424b-9868-57a2d4851a1d" relativeResultsDirectory="3026753c-da30-4dff-8642-3af6e7d8b352" />
    <UnitTestResult executionId="ffc7ee9e-2aa3-4984-8d28-8493d87870b7" testId="d6be6b87-bfa2-31c1-692f-4a9b4fe4bab3" testName="ApplicationControllerTests.GetApplicationDetailsValidRequestReturnsOk" computerName="PA_AP-3UINUHLUM" duration="00:00:00.0031609" startTime="2025-02-28T10:34:03.5719667+00:00" endTime="2025-02-28T10:34:03.5735008+00:00" testType="13cdc9d9-ddb5-4fa4-a97d-d965ccfc6d4b" outcome="Passed" testListId="8c84fa94-04c1-424b-9868-57a2d4851a1d" relativeResultsDirectory="ffc7ee9e-2aa3-4984-8d28-8493d87870b7" />
    <UnitTestResult executionId="0835a16d-f5ed-43cb-8178-71ae27de8285" testId="eb161d30-b9a2-910c-8445-4692c75e059a" testName="DfT.DTRO.Tests.CodeiumTests.Integration.SchemaController_Codeium_Tests.GetSchemas_ReturnsOk_WhenTemplatesExist" computerName="PA_AP-3UINUHLUM" duration="00:00:00.0072386" startTime="2025-02-28T10:34:03.9453236+00:00" endTime="2025-02-28T10:34:03.9523235+00:00" testType="13cdc9d9-ddb5-4fa4-a97d-d965ccfc6d4b" outcome="Passed" testListId="8c84fa94-04c1-424b-9868-57a2d4851a1d" relativeResultsDirectory="0835a16d-f5ed-43cb-8178-71ae27de8285" />
    <UnitTestResult executionId="f4813190-1999-426f-8873-b6bfe82b7ce9" testId="012d1873-d5d1-d2a8-c116-c220f0f59aa4" testName="Dft.DTRO.Tests.ServicesTests.Validations.RateLineValidationServiceTests.ValidateRateLineDuration(conditionType: &quot;ConditionSet&quot;, description: null, errorCount: 1)" computerName="PA_AP-3UINUHLUM" duration="00:00:00.0004520" startTime="2025-02-28T10:34:03.4155295+00:00" endTime="2025-02-28T10:34:03.4156558+00:00" testType="13cdc9d9-ddb5-4fa4-a97d-d965ccfc6d4b" outcome="Passed" testListId="8c84fa94-04c1-424b-9868-57a2d4851a1d" relativeResultsDirectory="f4813190-1999-426f-8873-b6bfe82b7ce9" />
    <UnitTestResult executionId="3bc7737f-ccae-4b39-a617-5added027810" testId="f0a8ea34-dcf1-0850-379a-7dbb510cdab3" testName="Dft.DTRO.Tests.ServicesTests.Validations.RateLineCollectionValidationServiceTests.ValidateRateLineCollectionMinTime(conditionType: &quot;ConditionSet&quot;, minTime: 0, errorCount: 1)" computerName="PA_AP-3UINUHLUM" duration="00:00:00.0001669" startTime="2025-02-28T10:34:03.6750875+00:00" endTime="2025-02-28T10:34:03.6752815+00:00" testType="13cdc9d9-ddb5-4fa4-a97d-d965ccfc6d4b" outcome="Passed" testListId="8c84fa94-04c1-424b-9868-57a2d4851a1d" relativeResultsDirectory="3bc7737f-ccae-4b39-a617-5added027810" />
    <UnitTestResult executionId="2eab6810-95ec-4379-9cef-75ec28df5953" testId="3f7370d9-6d5c-ccce-6275-768ad1059992" testName="Dft.DTRO.Tests.ServicesTests.Validations.JsonLogicValidationTests.AllowsExceptionPeriodStartTimeBeforeEndTime" computerName="PA_AP-3UINUHLUM" duration="00:00:00.0104088" startTime="2025-02-28T10:34:04.8195828+00:00" endTime="2025-02-28T10:34:04.8304165+00:00" testType="13cdc9d9-ddb5-4fa4-a97d-d965ccfc6d4b" outcome="Passed" testListId="8c84fa94-04c1-424b-9868-57a2d4851a1d" relativeResultsDirectory="2eab6810-95ec-4379-9cef-75ec28df5953" />
    <UnitTestResult executionId="23c4820e-d82e-43a4-9585-8d90bf59c850" testId="dd9cf29f-9b11-2bff-385e-6fe5f89235dd" testName="Dft.DTRO.Tests.ServicesTests.Validations.JsonLogicValidationTests.DisallowWidthCharacteristicInvalidForRegulationTypeDimensionMaximumWidth" computerName="PA_AP-3UINUHLUM" duration="00:00:00.0107618" startTime="2025-02-28T10:34:04.7490815+00:00" endTime="2025-02-28T10:34:04.7604009+00:00" testType="13cdc9d9-ddb5-4fa4-a97d-d965ccfc6d4b" outcome="Passed" testListId="8c84fa94-04c1-424b-9868-57a2d4851a1d" relativeResultsDirectory="23c4820e-d82e-43a4-9585-8d90bf59c850" />
    <UnitTestResult executionId="17066263-b4d2-45d1-bdeb-4256ee5ac77c" testId="e43760f3-fe72-d307-3cfd-f7abcd1380f3" testName="DfT.DTRO.Tests.CodeiumTests.Integration.SchemaController_Codeium_Tests.GetSchema_ReturnsInternalServerErrorResult" computerName="PA_AP-3UINUHLUM" duration="00:00:00.0056313" startTime="2025-02-28T10:34:03.9018151+00:00" endTime="2025-02-28T10:34:03.9050199+00:00" testType="13cdc9d9-ddb5-4fa4-a97d-d965ccfc6d4b" outcome="Passed" testListId="8c84fa94-04c1-424b-9868-57a2d4851a1d" relativeResultsDirectory="17066263-b4d2-45d1-bdeb-4256ee5ac77c" />
    <UnitTestResult executionId="2ee2368c-d22d-4c02-8ce5-36bd7400da25" testId="f27fca2c-2667-900a-7e7f-905dd0da564e" testName="Dft.DTRO.Tests.CodeiumTests.Rules.Service.RuleTemplateServiceTests.UpdateRuleTemplateAsJsonAsync_Success" computerName="PA_AP-3UINUHLUM" duration="00:00:00.0073628" startTime="2025-02-28T10:34:03.4958704+00:00" endTime="2025-02-28T10:34:03.5030908+00:00" testType="13cdc9d9-ddb5-4fa4-a97d-d965ccfc6d4b" outcome="Passed" testListId="8c84fa94-04c1-424b-9868-57a2d4851a1d" relativeResultsDirectory="2ee2368c-d22d-4c02-8ce5-36bd7400da25" />
    <UnitTestResult executionId="1b6c53e6-c2a0-48b1-97b5-23e6b483a605" testId="bf734327-be01-9850-c5e3-d99e322ce00d" testName="Dft.DTRO.Tests.ServicesTests.Validations.RegulationValidationTests.ValidateGeneralRegulationRegulationType(regulationType: &quot;miscTemporarySpeedLimit&quot;, errorCount: 0)" computerName="PA_AP-3UINUHLUM" duration="00:00:00.0003407" startTime="2025-02-28T10:34:03.7824899+00:00" endTime="2025-02-28T10:34:03.7825824+00:00" testType="13cdc9d9-ddb5-4fa4-a97d-d965ccfc6d4b" outcome="Passed" testListId="8c84fa94-04c1-424b-9868-57a2d4851a1d" relativeResultsDirectory="1b6c53e6-c2a0-48b1-97b5-23e6b483a605" />
    <UnitTestResult executionId="eb9c484a-1860-471b-b1c2-b49a2bea6e3f" testId="2ca00b2c-01f7-166b-2d07-66bd8aea5392" testName="Dft.DTRO.Tests.ServicesTests.Validations.ProvisionValidationServiceTests.ValidateProvisionActionTypeForSchema324(actionType: &quot;noChange&quot;, errorCount: 0)" computerName="PA_AP-3UINUHLUM" duration="00:00:00.0001618" startTime="2025-02-28T10:34:03.4491988+00:00" endTime="2025-02-28T10:34:03.4492975+00:00" testType="13cdc9d9-ddb5-4fa4-a97d-d965ccfc6d4b" outcome="Passed" testListId="8c84fa94-04c1-424b-9868-57a2d4851a1d" relativeResultsDirectory="eb9c484a-1860-471b-b1c2-b49a2bea6e3f" />
    <UnitTestResult executionId="8961449b-6e90-4297-9a1a-623fdafbb8ee" testId="3ea2ab87-fbd6-e164-9b49-ac85c4584e25" testName="DfT.DTRO.Tests.CodeiumTests.Integration.SchemaController_Codeium_Tests.CreateSchema_ThrowsInvalidOperationException_ReturnsBadRequest" computerName="PA_AP-3UINUHLUM" duration="00:00:00.0111123" startTime="2025-02-28T10:34:03.7744227+00:00" endTime="2025-02-28T10:34:03.7897340+00:00" testType="13cdc9d9-ddb5-4fa4-a97d-d965ccfc6d4b" outcome="Passed" testListId="8c84fa94-04c1-424b-9868-57a2d4851a1d" relativeResultsDirectory="8961449b-6e90-4297-9a1a-623fdafbb8ee" />
    <UnitTestResult executionId="0fd2e126-ff90-478f-87b1-deea56b53d0f" testId="309acad5-f814-caeb-8d15-cb1daa8fda89" testName="Dft.DTRO.Tests.ServicesTests.Validations.GeometryValidationServiceTests.ValidateDirectedLinear(directedLineString: &quot;SRID=27700;LINESTRING(529050 178750, 529157 178805&quot;···, errorCount: 0)" computerName="PA_AP-3UINUHLUM" duration="00:00:00.0004748" startTime="2025-02-28T10:34:03.6920074+00:00" endTime="2025-02-28T10:34:03.6948951+00:00" testType="13cdc9d9-ddb5-4fa4-a97d-d965ccfc6d4b" outcome="Passed" testListId="8c84fa94-04c1-424b-9868-57a2d4851a1d" relativeResultsDirectory="0fd2e126-ff90-478f-87b1-deea56b53d0f" />
    <UnitTestResult executionId="8954f99a-141d-4196-be08-235f754b979a" testId="0134aee8-bc5b-bb1d-7cdb-040d1de66f13" testName="Dft.DTRO.Tests.ServicesTests.Validations.RegulatedPlaceValidationServiceTests.ValidateMultipleRegulatedPlacesTypes(types: [&quot;&quot;, &quot;unknown&quot;], errorCount: 1)" computerName="PA_AP-3UINUHLUM" duration="00:00:00.0001007" startTime="2025-02-28T10:34:03.4242068+00:00" endTime="2025-02-28T10:34:03.4247262+00:00" testType="13cdc9d9-ddb5-4fa4-a97d-d965ccfc6d4b" outcome="Passed" testListId="8c84fa94-04c1-424b-9868-57a2d4851a1d" relativeResultsDirectory="8954f99a-141d-4196-be08-235f754b979a" />
    <UnitTestResult executionId="6c1b9185-5ab1-473b-b535-89061cc653ca" testId="43bdc100-e735-ae31-704b-b33bcd036506" testName="Dft.DTRO.Tests.ServicesTests.Validations.JsonLogicValidationTests.DisallowsDuplicateWeekInMonthInPeriods" computerName="PA_AP-3UINUHLUM" duration="00:00:00.0122491" startTime="2025-02-28T10:34:04.5228469+00:00" endTime="2025-02-28T10:34:04.5356695+00:00" testType="13cdc9d9-ddb5-4fa4-a97d-d965ccfc6d4b" outcome="Passed" testListId="8c84fa94-04c1-424b-9868-57a2d4851a1d" relativeResultsDirectory="6c1b9185-5ab1-473b-b535-89061cc653ca" />
    <UnitTestResult executionId="65059b30-b774-4a7d-b150-0a128e6ef45e" testId="4b3cfe57-cec6-89b7-f387-45b76c0bd62f" testName="Dft.DTRO.Tests.ServicesTests.Validations.RateLineValidationServiceTests.ValidateRateLineDurationStart(conditionType: &quot;ConditionSet&quot;, durationStart: -10, errorCount: 1)" computerName="PA_AP-3UINUHLUM" duration="00:00:00.0001533" startTime="2025-02-28T10:34:03.3970504+00:00" endTime="2025-02-28T10:34:03.3973045+00:00" testType="13cdc9d9-ddb5-4fa4-a97d-d965ccfc6d4b" outcome="Passed" testListId="8c84fa94-04c1-424b-9868-57a2d4851a1d" relativeResultsDirectory="65059b30-b774-4a7d-b150-0a128e6ef45e" />
    <UnitTestResult executionId="b5272d2e-dcc0-4a4f-8e49-7629bf9897ce" testId="48bac6a0-b02f-4360-e305-58bc4fbe3c2a" testName="Dft.DTRO.Tests.ServicesTests.Validations.JsonLogicValidationTests.AllowSequentialRateLineCollection" computerName="PA_AP-3UINUHLUM" duration="00:00:00.0097983" startTime="2025-02-28T10:34:04.7606266+00:00" endTime="2025-02-28T10:34:04.7709142+00:00" testType="13cdc9d9-ddb5-4fa4-a97d-d965ccfc6d4b" outcome="Passed" testListId="8c84fa94-04c1-424b-9868-57a2d4851a1d" relativeResultsDirectory="b5272d2e-dcc0-4a4f-8e49-7629bf9897ce" />
    <UnitTestResult executionId="e38d4015-5057-4775-b1a4-30fdef480e0b" testId="dde16220-f386-7f84-2097-e988f5020fc9" testName="Dft.DTRO.Tests.ServicesTests.Validations.GeometryValidationServiceTests.ValidateLinearGeometryDirection(direction: &quot;startToEnd&quot;, schemaVersion: &quot;3.3.0&quot;, errorCount: 0)" computerName="PA_AP-3UINUHLUM" duration="00:00:00.0005793" startTime="2025-02-28T10:34:03.6132742+00:00" endTime="2025-02-28T10:34:03.6156681+00:00" testType="13cdc9d9-ddb5-4fa4-a97d-d965ccfc6d4b" outcome="Passed" testListId="8c84fa94-04c1-424b-9868-57a2d4851a1d" relativeResultsDirectory="e38d4015-5057-4775-b1a4-30fdef480e0b" />
    <UnitTestResult executionId="c92eb206-4cf5-40d8-b03b-cf178872790b" testId="d90750d9-d977-24d9-af48-5a9733afa074" testName="Dft.DTRO.Tests.ServicesTests.Validations.ProvisionValidationServiceTests.ValidateMultipleProvisionReferencesForSchema330(references: [&quot;A69D75A3-FCCC-4967-A0E5-7DCB82AFBE13&quot;, &quot;A69D75A3-FCCC-4967-A0E5-7DCB82AFBE13&quot;], errorCount: 1)" computerName="PA_AP-3UINUHLUM" duration="00:00:00.0094421" startTime="2025-02-28T10:34:03.4505943+00:00" endTime="2025-02-28T10:34:03.4506804+00:00" testType="13cdc9d9-ddb5-4fa4-a97d-d965ccfc6d4b" outcome="Passed" testListId="8c84fa94-04c1-424b-9868-57a2d4851a1d" relativeResultsDirectory="c92eb206-4cf5-40d8-b03b-cf178872790b" />
    <UnitTestResult executionId="c6f4608c-56eb-40ca-9a68-d0af998cbb9f" testId="9475ba48-a170-fc63-cbc7-9d9fc1ff9a8a" testName="Dft.DTRO.Tests.ServicesTests.Validations.RateLineValidationServiceTests.ValidateRateLineIncrementPeriod(conditionType: &quot;Condition&quot;, incrementPeriod: 1, errorCount: 0)" computerName="PA_AP-3UINUHLUM" duration="00:00:00.0003187" startTime="2025-02-28T10:34:03.4072146+00:00" endTime="2025-02-28T10:34:03.4073807+00:00" testType="13cdc9d9-ddb5-4fa4-a97d-d965ccfc6d4b" outcome="Passed" testListId="8c84fa94-04c1-424b-9868-57a2d4851a1d" relativeResultsDirectory="c6f4608c-56eb-40ca-9a68-d0af998cbb9f" />
    <UnitTestResult executionId="1385ca22-df18-4309-b1ed-e52fb89ba291" testId="1fec2789-b420-d099-ee73-c429e4241b42" testName="Dft.DTRO.Tests.ServicesTests.Validations.JsonLogicValidationTests.AllowsExceptionPeriodEndTimeBeforeOverallPeriodEndTime" computerName="PA_AP-3UINUHLUM" duration="00:00:00.0108568" startTime="2025-02-28T10:34:04.6293903+00:00" endTime="2025-02-28T10:34:04.6407378+00:00" testType="13cdc9d9-ddb5-4fa4-a97d-d965ccfc6d4b" outcome="Passed" testListId="8c84fa94-04c1-424b-9868-57a2d4851a1d" relativeResultsDirectory="1385ca22-df18-4309-b1ed-e52fb89ba291" />
    <UnitTestResult executionId="94334252-8234-43ba-afa3-9b457526be72" testId="52b8be79-5510-4a9e-9d69-c1fdc3be8472" testName="Dft.DTRO.Tests.ServicesTests.Validations.JsonLogicValidationTests.AllowsValidPeriodEndTimeBeforeOverallPeriodEndTime" computerName="PA_AP-3UINUHLUM" duration="00:00:00.0098733" startTime="2025-02-28T10:34:04.4640272+00:00" endTime="2025-02-28T10:34:04.4743777+00:00" testType="13cdc9d9-ddb5-4fa4-a97d-d965ccfc6d4b" outcome="Passed" testListId="8c84fa94-04c1-424b-9868-57a2d4851a1d" relativeResultsDirectory="94334252-8234-43ba-afa3-9b457526be72" />
    <UnitTestResult executionId="eac69693-f556-4e8e-a5f8-c0e7e3670896" testId="6aa6b353-638d-6ea0-4b9a-7366bb12bed4" testName="Dft.DTRO.Tests.ServicesTests.Validations.RateTableValidationServiceTests.ValidateRateTableRateType(rateType: &quot;hourly&quot;, errorCount: 0)" computerName="PA_AP-3UINUHLUM" duration="00:00:00.0006884" startTime="2025-02-28T10:34:03.3676730+00:00" endTime="2025-02-28T10:34:03.3678393+00:00" testType="13cdc9d9-ddb5-4fa4-a97d-d965ccfc6d4b" outcome="Passed" testListId="8c84fa94-04c1-424b-9868-57a2d4851a1d" relativeResultsDirectory="eac69693-f556-4e8e-a5f8-c0e7e3670896" />
    <UnitTestResult executionId="d29f3842-f81b-4f35-be55-ccd9d8e73f52" testId="0426dee1-6e7b-dec2-07e0-2b0608c54538" testName="Dft.DTRO.Tests.ServicesTests.Validations.ProvisionValidationServiceTests.ValidateProvisionReferenceForSchema324(reference: &quot;D5E7FBE5-5A7A-4A81-8E27-CDB008EC729D&quot;, errorCount: 0)" computerName="PA_AP-3UINUHLUM" duration="00:00:00.0002890" startTime="2025-02-28T10:34:03.4657481+00:00" endTime="2025-02-28T10:34:03.4658445+00:00" testType="13cdc9d9-ddb5-4fa4-a97d-d965ccfc6d4b" outcome="Passed" testListId="8c84fa94-04c1-424b-9868-57a2d4851a1d" relativeResultsDirectory="d29f3842-f81b-4f35-be55-ccd9d8e73f52" />
    <UnitTestResult executionId="ef597dd6-96c3-4a45-b38a-54175fb93b52" testId="91bb4367-1c35-c4c2-ff5a-fb82756024ba" testName="Dft.DTRO.Tests.CodeiumTests.Rules.Controller.RulesControllerTests.GetRule_ReturnsNotFound_WhenNotFoundExceptionIsThrown" computerName="PA_AP-3UINUHLUM" duration="00:00:00.0033286" startTime="2025-02-28T10:34:03.6963214+00:00" endTime="2025-02-28T10:34:03.7124816+00:00" testType="13cdc9d9-ddb5-4fa4-a97d-d965ccfc6d4b" outcome="Passed" testListId="8c84fa94-04c1-424b-9868-57a2d4851a1d" relativeResultsDirectory="ef597dd6-96c3-4a45-b38a-54175fb93b52" />
    <UnitTestResult executionId="b94f291e-c122-4c16-a114-b9d9fafd7323" testId="5a9289f0-7d1e-76ad-9fc1-d440e702273c" testName="Dft.DTRO.Tests.CodeiumTests.Rules.Service.RuleTemplateServiceTests.GetRuleTemplatesAsync_ReturnsList" computerName="PA_AP-3UINUHLUM" duration="00:00:00.0033844" startTime="2025-02-28T10:34:03.5033057+00:00" endTime="2025-02-28T10:34:03.5065795+00:00" testType="13cdc9d9-ddb5-4fa4-a97d-d965ccfc6d4b" outcome="Passed" testListId="8c84fa94-04c1-424b-9868-57a2d4851a1d" relativeResultsDirectory="b94f291e-c122-4c16-a114-b9d9fafd7323" />
    <UnitTestResult executionId="eba2825e-dd43-4966-bed5-71bf8c67509a" testId="e9ecc8fc-f456-9281-6f2a-46a9237fd5cc" testName="Dft.DTRO.Tests.ControllerTests.DTROsControllerTests.UpdateFromFileThrowsException" computerName="PA_AP-3UINUHLUM" duration="00:00:00.0050488" startTime="2025-02-28T10:34:03.8762041+00:00" endTime="2025-02-28T10:34:03.8765617+00:00" testType="13cdc9d9-ddb5-4fa4-a97d-d965ccfc6d4b" outcome="Passed" testListId="8c84fa94-04c1-424b-9868-57a2d4851a1d" relativeResultsDirectory="eba2825e-dd43-4966-bed5-71bf8c67509a" />
    <UnitTestResult executionId="61ac4459-24fc-45b4-91a6-8d13e5a8ea2c" testId="665f7bb5-b6c7-3d77-8d2e-d8c86b15ba55" testName="Dft.DTRO.Tests.ServicesTests.Validations.RateLineCollectionValidationServiceTests.ValidateRateLineCollectionStartValidUsagePeriod(conditionType: &quot;Condition&quot;, startValidUsagePeriod: &quot;bad-date-time&quot;, errorCount: 1)" computerName="PA_AP-3UINUHLUM" duration="00:00:00.0004873" startTime="2025-02-28T10:34:03.6774514+00:00" endTime="2025-02-28T10:34:03.6784922+00:00" testType="13cdc9d9-ddb5-4fa4-a97d-d965ccfc6d4b" outcome="Passed" testListId="8c84fa94-04c1-424b-9868-57a2d4851a1d" relativeResultsDirectory="61ac4459-24fc-45b4-91a6-8d13e5a8ea2c" />
    <UnitTestResult executionId="9c581d49-6d87-4e8b-b4f3-b1823217aa72" testId="277ae045-3706-787c-f434-552e83d645ae" testName="Dft.DTRO.Tests.ServicesTests.Validations.RateLineValidationServiceTests.ValidateRateLineRateLineType(conditionType: &quot;ConditionSet&quot;, rateLineType: &quot;perUnit&quot;, errorCount: 0)" computerName="PA_AP-3UINUHLUM" duration="00:00:00.0005279" startTime="2025-02-28T10:34:03.4077224+00:00" endTime="2025-02-28T10:34:03.4084947+00:00" testType="13cdc9d9-ddb5-4fa4-a97d-d965ccfc6d4b" outcome="Passed" testListId="8c84fa94-04c1-424b-9868-57a2d4851a1d" relativeResultsDirectory="9c581d49-6d87-4e8b-b4f3-b1823217aa72" />
    <UnitTestResult executionId="3727423c-97b7-4ecc-8383-78eb02421b9b" testId="2d65f7ce-a01e-d9d8-d68d-e147214a1c49" testName="Dft.DTRO.Tests.ServicesTests.Validations.RateLineValidationServiceTests.ValidateRateLineRateUsageConditionType(conditionType: &quot;Condition&quot;, usageCondition: &quot;unlimited&quot;, errorCount: 0)" computerName="PA_AP-3UINUHLUM" duration="00:00:00.0002323" startTime="2025-02-28T10:34:03.3791934+00:00" endTime="2025-02-28T10:34:03.3793175+00:00" testType="13cdc9d9-ddb5-4fa4-a97d-d965ccfc6d4b" outcome="Passed" testListId="8c84fa94-04c1-424b-9868-57a2d4851a1d" relativeResultsDirectory="3727423c-97b7-4ecc-8383-78eb02421b9b" />
    <UnitTestResult executionId="5d633e67-eda5-4082-9334-232a0694283d" testId="30a7878d-7e86-65d9-dbcc-337be3e8fb00" testName="Dft.DTRO.Tests.ServicesTests.Validations.SourceValidationServiceTests.ValidateSourceTraCreator(version: &quot;3.2.4&quot;, traCode: 1050, errorCount: 0)" computerName="PA_AP-3UINUHLUM" duration="00:00:00.0005853" startTime="2025-02-28T10:34:03.7729612+00:00" endTime="2025-02-28T10:34:03.7733868+00:00" testType="13cdc9d9-ddb5-4fa4-a97d-d965ccfc6d4b" outcome="Passed" testListId="8c84fa94-04c1-424b-9868-57a2d4851a1d" relativeResultsDirectory="5d633e67-eda5-4082-9334-232a0694283d" />
    <UnitTestResult executionId="33708395-1f6f-46f9-a706-459f291b5041" testId="6317aa78-b588-2161-7bcd-85bef72d6c14" testName="Dft.DTRO.Tests.ServicesTests.Validations.JsonLogicValidationTests.AllowMinTimeLessThanMaxTime" computerName="PA_AP-3UINUHLUM" duration="00:00:00.1984745" startTime="2025-02-28T10:34:03.7129998+00:00" endTime="2025-02-28T10:34:03.8913768+00:00" testType="13cdc9d9-ddb5-4fa4-a97d-d965ccfc6d4b" outcome="Passed" testListId="8c84fa94-04c1-424b-9868-57a2d4851a1d" relativeResultsDirectory="33708395-1f6f-46f9-a706-459f291b5041" />
    <UnitTestResult executionId="d86ca767-8bf3-46f5-a13a-ea181e3979e4" testId="7fd9b5d7-90e8-2b22-a2f6-76ffd6c7486a" testName="Dft.DTRO.Tests.ServicesTests.Validations.SourceValidationServiceTests.ValidateSourceCurrentTraOwner(version: &quot;3.3.0&quot;, traCode: 9999, errorCount: 2)" computerName="PA_AP-3UINUHLUM" duration="00:00:00.0011425" startTime="2025-02-28T10:34:03.7413109+00:00" endTime="2025-02-28T10:34:03.7420993+00:00" testType="13cdc9d9-ddb5-4fa4-a97d-d965ccfc6d4b" outcome="Passed" testListId="8c84fa94-04c1-424b-9868-57a2d4851a1d" relativeResultsDirectory="d86ca767-8bf3-46f5-a13a-ea181e3979e4" />
    <UnitTestResult executionId="e5d73481-dd7c-4686-8466-30d83377edcc" testId="54b3348c-4cce-b2e4-28d6-926eb4c96965" testName="Dft.DTRO.Tests.ServicesTests.Validations.JsonLogicValidationTests.AllowsExceptionPeriodToBeEmpty" computerName="PA_AP-3UINUHLUM" duration="00:00:00.0142506" startTime="2025-02-28T10:34:04.2354978+00:00" endTime="2025-02-28T10:34:04.2502802+00:00" testType="13cdc9d9-ddb5-4fa4-a97d-d965ccfc6d4b" outcome="Passed" testListId="8c84fa94-04c1-424b-9868-57a2d4851a1d" relativeResultsDirectory="e5d73481-dd7c-4686-8466-30d83377edcc" />
    <UnitTestResult executionId="ccc67a69-e8a0-4c9b-9880-f75348fe21f2" testId="f49f8e7e-3f3a-ff7d-f793-b8f4d5d02271" testName="Dft.DTRO.Tests.UnitTests.MappingServiceTests.InferIndexFieldsReturnsSampleFiles(path: &quot;../../../TestFiles/D-TROs/3.3.0/JSON-3.3.0-example&quot;···, schemaVersion: &quot;3.3.0&quot;)" computerName="PA_AP-3UINUHLUM" duration="00:00:00.0107948" startTime="2025-02-28T10:34:03.8919485+00:00" endTime="2025-02-28T10:34:03.8924630+00:00" testType="13cdc9d9-ddb5-4fa4-a97d-d965ccfc6d4b" outcome="Passed" testListId="8c84fa94-04c1-424b-9868-57a2d4851a1d" relativeResultsDirectory="ccc67a69-e8a0-4c9b-9880-f75348fe21f2" />
    <UnitTestResult executionId="d6c85807-29a3-4053-bcbe-6132b6f4d27a" testId="9308ad43-34b0-4add-f72d-a623de836076" testName="Dft.DTRO.Tests.ServicesTests.Validations.RegulatedPlaceValidationServiceTests.ValidateRegulatedPlacesType(type: &quot;&quot;, errorCount: 1)" computerName="PA_AP-3UINUHLUM" duration="00:00:00.0002113" startTime="2025-02-28T10:34:03.4204991+00:00" endTime="2025-02-28T10:34:03.4205773+00:00" testType="13cdc9d9-ddb5-4fa4-a97d-d965ccfc6d4b" outcome="Passed" testListId="8c84fa94-04c1-424b-9868-57a2d4851a1d" relativeResultsDirectory="d6c85807-29a3-4053-bcbe-6132b6f4d27a" />
    <UnitTestResult executionId="9db22946-4a5a-4394-a964-392fc7288ef7" testId="bdde6b5a-e6f5-c768-71e0-610fab6f1025" testName="Dft.DTRO.Tests.ServicesTests.Validations.RateLineCollectionValidationServiceTests.ValidateRateLineCollectionMinTime(conditionType: &quot;ConditionSet&quot;, minTime: 1, errorCount: 0)" computerName="PA_AP-3UINUHLUM" duration="00:00:00.0005980" startTime="2025-02-28T10:34:03.6726770+00:00" endTime="2025-02-28T10:34:03.6744044+00:00" testType="13cdc9d9-ddb5-4fa4-a97d-d965ccfc6d4b" outcome="Passed" testListId="8c84fa94-04c1-424b-9868-57a2d4851a1d" relativeResultsDirectory="9db22946-4a5a-4394-a964-392fc7288ef7" />
    <UnitTestResult executionId="38db1ab2-69bf-43b1-b638-c8b57f8a157f" testId="a9ff0191-6b91-6b32-8fd1-10387c6d8795" testName="Dft.DTRO.Tests.ServicesTests.Validations.RegulationValidationTests.ValidateGeneralRegulationRegulationType(regulationType: &quot;kerbsidePermitParkingArea&quot;, errorCount: 0)" computerName="PA_AP-3UINUHLUM" duration="00:00:00.0002989" startTime="2025-02-28T10:34:03.7899055+00:00" endTime="2025-02-28T10:34:03.7919233+00:00" testType="13cdc9d9-ddb5-4fa4-a97d-d965ccfc6d4b" outcome="Passed" testListId="8c84fa94-04c1-424b-9868-57a2d4851a1d" relativeResultsDirectory="38db1ab2-69bf-43b1-b638-c8b57f8a157f" />
    <UnitTestResult executionId="02e2425d-8860-4738-a8cb-b364a9c11cc5" testId="280351d5-c8bc-7275-9361-3deb1a3a95b3" testName="Dft.DTRO.Tests.ServicesTests.Validations.RateLineCollectionValidationServiceTests.ValidateRateLineCollectionSequence(conditionType: &quot;ConditionSet&quot;, sequence: -1, errorCount: 1)" computerName="PA_AP-3UINUHLUM" duration="00:00:00.0018848" startTime="2025-02-28T10:34:03.7102547+00:00" endTime="2025-02-28T10:34:03.7131840+00:00" testType="13cdc9d9-ddb5-4fa4-a97d-d965ccfc6d4b" outcome="Passed" testListId="8c84fa94-04c1-424b-9868-57a2d4851a1d" relativeResultsDirectory="02e2425d-8860-4738-a8cb-b364a9c11cc5" />
    <UnitTestResult executionId="ac59b922-d269-4d7c-8b14-39c248eef044" testId="5eeabe62-0b09-af10-e79d-fbf01b88186a" testName="Dft.DTRO.Tests.ServicesTests.Validations.RateLineValidationServiceTests.ValidateRateLineSequence(conditionType: &quot;Condition&quot;, sequence: 0, errorCount: 1)" computerName="PA_AP-3UINUHLUM" duration="00:00:00.0002977" startTime="2025-02-28T10:34:03.4033621+00:00" endTime="2025-02-28T10:34:03.4034653+00:00" testType="13cdc9d9-ddb5-4fa4-a97d-d965ccfc6d4b" outcome="Passed" testListId="8c84fa94-04c1-424b-9868-57a2d4851a1d" relativeResultsDirectory="ac59b922-d269-4d7c-8b14-39c248eef044" />
    <UnitTestResult executionId="4546250a-052a-4c09-a675-b14c97dee2f3" testId="57439a33-7384-43dd-2e65-d9f14d551161" testName="Dft.DTRO.Tests.ServicesTests.Application.ApplicationServiceTests.ValidateApplicationNameShouldReturnTrueWhenNameDoesNotAlreadyExist" computerName="PA_AP-3UINUHLUM" duration="00:00:00.0009463" startTime="2025-02-28T10:34:03.4779382+00:00" endTime="2025-02-28T10:34:03.4784174+00:00" testType="13cdc9d9-ddb5-4fa4-a97d-d965ccfc6d4b" outcome="Passed" testListId="8c84fa94-04c1-424b-9868-57a2d4851a1d" relativeResultsDirectory="4546250a-052a-4c09-a675-b14c97dee2f3" />
    <UnitTestResult executionId="6c21b2e7-15ea-47c5-ab58-aa6d50cf65f6" testId="09139240-b51d-c37c-d76e-72051347a9e1" testName="Dft.DTRO.Tests.ServicesTests.Validations.ProvisionValidationServiceTests.ValidateProvisionReferenceForSchema330(reference: &quot;&quot;, errorCount: 1)" computerName="PA_AP-3UINUHLUM" duration="00:00:00.0006999" startTime="2025-02-28T10:34:03.4627526+00:00" endTime="2025-02-28T10:34:03.4628676+00:00" testType="13cdc9d9-ddb5-4fa4-a97d-d965ccfc6d4b" outcome="Passed" testListId="8c84fa94-04c1-424b-9868-57a2d4851a1d" relativeResultsDirectory="6c21b2e7-15ea-47c5-ab58-aa6d50cf65f6" />
    <UnitTestResult executionId="96114f67-ddef-4168-ae33-904b1c6fcba5" testId="34402069-9725-2ac3-6c22-cb22182c1896" testName="Dft.DTRO.Tests.CodeiumTests.Metrics.Controller.MetricsControllerTests.HealthDatabase_ReturnsStatusCode404_WhenDatabaseIsNotAvailable" computerName="PA_AP-3UINUHLUM" duration="00:00:00.2078622" startTime="2025-02-28T10:34:03.3046551+00:00" endTime="2025-02-28T10:34:03.4865592+00:00" testType="13cdc9d9-ddb5-4fa4-a97d-d965ccfc6d4b" outcome="Passed" testListId="8c84fa94-04c1-424b-9868-57a2d4851a1d" relativeResultsDirectory="96114f67-ddef-4168-ae33-904b1c6fcba5" />
    <UnitTestResult executionId="6c99b2a4-5e5f-43db-b936-a2cd0c79d4d2" testId="3e876a85-a5d0-543c-6f41-5169f765cf5d" testName="Dft.DTRO.Tests.ServicesTests.Validations.RateLineValidationServiceTests.ValidateRateLineIncrementPeriod(conditionType: &quot;ConditionSet&quot;, incrementPeriod: -1, errorCount: 1)" computerName="PA_AP-3UINUHLUM" duration="00:00:00.0002802" startTime="2025-02-28T10:34:03.4067032+00:00" endTime="2025-02-28T10:34:03.4069828+00:00" testType="13cdc9d9-ddb5-4fa4-a97d-d965ccfc6d4b" outcome="Passed" testListId="8c84fa94-04c1-424b-9868-57a2d4851a1d" relativeResultsDirectory="6c99b2a4-5e5f-43db-b936-a2cd0c79d4d2" />
    <UnitTestResult executionId="2077b358-e581-40ee-b89c-4e9a21ab6ef4" testId="01d74a0b-5967-0fa0-7403-c558eb56152d" testName="Dft.DTRO.Tests.ServicesTests.Validations.RegulationValidationTests.ValidateGeneralRegulationRegulationType(regulationType: &quot;mandatoryDirectionAheadOnly&quot;, errorCount: 0)" computerName="PA_AP-3UINUHLUM" duration="00:00:00.0003003" startTime="2025-02-28T10:34:03.8135824+00:00" endTime="2025-02-28T10:34:03.8137395+00:00" testType="13cdc9d9-ddb5-4fa4-a97d-d965ccfc6d4b" outcome="Passed" testListId="8c84fa94-04c1-424b-9868-57a2d4851a1d" relativeResultsDirectory="2077b358-e581-40ee-b89c-4e9a21ab6ef4" />
    <UnitTestResult executionId="c08fc9dc-e50a-4ade-9902-667d4c8d6370" testId="449cf566-1b5d-9c50-fe4f-766cc171a684" testName="Dft.DTRO.Tests.ServicesTests.Validations.RateLineCollectionValidationServiceTests.ValidateRateLineCollectionResetTime(conditionType: &quot;ConditionSet&quot;, resetTime: &quot;00:00:00&quot;, errorCount: 0)" computerName="PA_AP-3UINUHLUM" duration="00:00:00.0001647" startTime="2025-02-28T10:34:03.7036781+00:00" endTime="2025-02-28T10:34:03.7054102+00:00" testType="13cdc9d9-ddb5-4fa4-a97d-d965ccfc6d4b" outcome="Passed" testListId="8c84fa94-04c1-424b-9868-57a2d4851a1d" relativeResultsDirectory="c08fc9dc-e50a-4ade-9902-667d4c8d6370" />
    <UnitTestResult executionId="f035b32d-b771-48e4-8ee4-6180ce617f41" testId="1753b04b-399b-2a17-a91e-d36c9741dfcf" testName="Dft.DTRO.Tests.ServicesTests.Validations.RateLineValidationServiceTests.ValidateRateLineDurationStart(conditionType: &quot;ConditionSet&quot;, durationStart: 1, errorCount: 0)" computerName="PA_AP-3UINUHLUM" duration="00:00:00.0001473" startTime="2025-02-28T10:34:03.4002526+00:00" endTime="2025-02-28T10:34:03.4003347+00:00" testType="13cdc9d9-ddb5-4fa4-a97d-d965ccfc6d4b" outcome="Passed" testListId="8c84fa94-04c1-424b-9868-57a2d4851a1d" relativeResultsDirectory="f035b32d-b771-48e4-8ee4-6180ce617f41" />
    <UnitTestResult executionId="02065275-2cb1-440e-bac5-9749254c6555" testId="386a39e7-7bec-cddf-760b-13eac3cda800" testName="Dft.DTRO.Tests.ServicesTests.Validations.ElementaryStreetUnitValidationServiceTests.ValidateElementaryStreetUnitEsu(esu: null, errorCount: 1)" computerName="PA_AP-3UINUHLUM" duration="00:00:00.0001657" startTime="2025-02-28T10:34:03.4219003+00:00" endTime="2025-02-28T10:34:03.4219952+00:00" testType="13cdc9d9-ddb5-4fa4-a97d-d965ccfc6d4b" outcome="Passed" testListId="8c84fa94-04c1-424b-9868-57a2d4851a1d" relativeResultsDirectory="02065275-2cb1-440e-bac5-9749254c6555" />
    <UnitTestResult executionId="719f117a-1586-4693-a593-504da44bc23c" testId="cf15f679-2419-0c8a-701d-8302a6f082f1" testName="Dft.DTRO.Tests.ServicesTests.Validations.GeometryValidationServiceTests.ValidateLinearGeometryMultipleVersionsReturnsNoErrors" computerName="PA_AP-3UINUHLUM" duration="00:00:00.0008207" startTime="2025-02-28T10:34:03.7123231+00:00" endTime="2025-02-28T10:34:03.7275006+00:00" testType="13cdc9d9-ddb5-4fa4-a97d-d965ccfc6d4b" outcome="Passed" testListId="8c84fa94-04c1-424b-9868-57a2d4851a1d" relativeResultsDirectory="719f117a-1586-4693-a593-504da44bc23c" />
    <UnitTestResult executionId="f34aa463-78a7-433d-8516-1252a9ae1dc4" testId="250d0314-6e91-4b9f-d3b6-5a7637b94ab9" testName="Dft.DTRO.Tests.ServicesTests.Validations.RegulationValidationTests.ValidateGeneralRegulationRegulationType(regulationType: &quot;kerbsideDisabledBadgeHoldersOnly&quot;, errorCount: 0)" computerName="PA_AP-3UINUHLUM" duration="00:00:00.0003841" startTime="2025-02-28T10:34:03.8267976+00:00" endTime="2025-02-28T10:34:03.8270152+00:00" testType="13cdc9d9-ddb5-4fa4-a97d-d965ccfc6d4b" outcome="Passed" testListId="8c84fa94-04c1-424b-9868-57a2d4851a1d" relativeResultsDirectory="f34aa463-78a7-433d-8516-1252a9ae1dc4" />
    <UnitTestResult executionId="edebdd33-f91e-4753-8cda-04167a5b2b98" testId="874ebc36-faf0-5c32-49ca-81aef9cdf310" testName="Dft.DTRO.Tests.ServicesTests.Validations.ProvisionValidationServiceTests.ValidateProvisionOrderReportingPointTypeForSchema330(orderReportingPointType: &quot;variationByNotice&quot;, errorCount: 0)" computerName="PA_AP-3UINUHLUM" duration="00:00:00.0001669" startTime="2025-02-28T10:34:03.4380274+00:00" endTime="2025-02-28T10:34:03.4384251+00:00" testType="13cdc9d9-ddb5-4fa4-a97d-d965ccfc6d4b" outcome="Passed" testListId="8c84fa94-04c1-424b-9868-57a2d4851a1d" relativeResultsDirectory="edebdd33-f91e-4753-8cda-04167a5b2b98" />
    <UnitTestResult executionId="c40cf75b-ba07-4bd2-a80c-524c29fc82a0" testId="8ed2bcf6-e0b0-4184-2213-9f9470f3afd6" testName="Dft.DTRO.Tests.ServicesTests.Validations.JsonLogicValidationTests.DisallowsDuplicateApplicableWeekInPeriods" computerName="PA_AP-3UINUHLUM" duration="00:00:00.0160259" startTime="2025-02-28T10:34:04.6561796+00:00" endTime="2025-02-28T10:34:04.6712509+00:00" testType="13cdc9d9-ddb5-4fa4-a97d-d965ccfc6d4b" outcome="Passed" testListId="8c84fa94-04c1-424b-9868-57a2d4851a1d" relativeResultsDirectory="c40cf75b-ba07-4bd2-a80c-524c29fc82a0" />
    <UnitTestResult executionId="ebda5dba-217f-47a0-ba82-dccc94ff4883" testId="5008f3a2-b8fb-f10f-dc2c-17f91a698eb5" testName="Dft.DTRO.Tests.ServicesTests.Validations.RegulationValidationTests.ValidateGeneralRegulationRegulationType(regulationType: &quot;mandatoryDirectionRightTurnOnly&quot;, errorCount: 0)" computerName="PA_AP-3UINUHLUM" duration="00:00:00.0003015" startTime="2025-02-28T10:34:03.7861724+00:00" endTime="2025-02-28T10:34:03.7862648+00:00" testType="13cdc9d9-ddb5-4fa4-a97d-d965ccfc6d4b" outcome="Passed" testListId="8c84fa94-04c1-424b-9868-57a2d4851a1d" relativeResultsDirectory="ebda5dba-217f-47a0-ba82-dccc94ff4883" />
    <UnitTestResult executionId="d821c619-6780-4d93-8935-8944f8959896" testId="95a8604d-ec17-1255-5fd3-646d2a21321b" testName="Dft.DTRO.Tests.ServicesTests.Validations.RegulatedPlaceValidationServiceTests.ValidateRegulatedPlacesType(type: &quot;unknown&quot;, errorCount: 1)" computerName="PA_AP-3UINUHLUM" duration="00:00:00.0005339" startTime="2025-02-28T10:34:03.4201826+00:00" endTime="2025-02-28T10:34:03.4203278+00:00" testType="13cdc9d9-ddb5-4fa4-a97d-d965ccfc6d4b" outcome="Passed" testListId="8c84fa94-04c1-424b-9868-57a2d4851a1d" relativeResultsDirectory="d821c619-6780-4d93-8935-8944f8959896" />
    <UnitTestResult executionId="174dc8d2-68ec-42aa-962d-3503b9eb6264" testId="a94b64b6-baae-ba75-c983-178eec8cb52c" testName="DfT.DTRO.Tests.CodeiumTests.Integration.SchemaController_Codeium_Tests.UpdateSchema_ReturnsBadRequest_InvalidSchemaVersionOrBody" computerName="PA_AP-3UINUHLUM" duration="00:00:00.2369987" startTime="2025-02-28T10:34:03.4078435+00:00" endTime="2025-02-28T10:34:03.6123957+00:00" testType="13cdc9d9-ddb5-4fa4-a97d-d965ccfc6d4b" outcome="Passed" testListId="8c84fa94-04c1-424b-9868-57a2d4851a1d" relativeResultsDirectory="174dc8d2-68ec-42aa-962d-3503b9eb6264" />
    <UnitTestResult executionId="f3dd01ea-cc33-4001-8975-ccd68d23e473" testId="6515066f-e655-0709-7d99-07f4bbe190d9" testName="Dft.DTRO.Tests.ServicesTests.Validations.RateLineValidationServiceTests.ValidateRateLineSequence(conditionType: &quot;Condition&quot;, sequence: -1, errorCount: 1)" computerName="PA_AP-3UINUHLUM" duration="00:00:00.0003279" startTime="2025-02-28T10:34:03.4005925+00:00" endTime="2025-02-28T10:34:03.4023613+00:00" testType="13cdc9d9-ddb5-4fa4-a97d-d965ccfc6d4b" outcome="Passed" testListId="8c84fa94-04c1-424b-9868-57a2d4851a1d" relativeResultsDirectory="f3dd01ea-cc33-4001-8975-ccd68d23e473" />
    <UnitTestResult executionId="112ca485-1137-4f04-a560-ef5cfcf3ab2f" testId="e685684a-a02b-c1ac-6057-87e9ad5386ab" testName="Dft.DTRO.Tests.ServicesTests.Validations.UniqueStreetReferenceNumberValidationServiceTests.ValidateUniqueStreetReferenceNumberMultipleDifferentUsrn" computerName="PA_AP-3UINUHLUM" duration="00:00:00.0034780" startTime="2025-02-28T10:34:03.3937473+00:00" endTime="2025-02-28T10:34:03.3971402+00:00" testType="13cdc9d9-ddb5-4fa4-a97d-d965ccfc6d4b" outcome="Passed" testListId="8c84fa94-04c1-424b-9868-57a2d4851a1d" relativeResultsDirectory="112ca485-1137-4f04-a560-ef5cfcf3ab2f" />
    <UnitTestResult executionId="94659568-2905-47bc-9e10-ae28d7e45dcc" testId="13da61db-319e-b8d8-afea-0c886671974d" testName="Dft.DTRO.Tests.ServicesTests.Validations.RegulationValidationTests.ValidateGeneralRegulationRegulationType(regulationType: &quot;movementOrderNoOvertaking&quot;, errorCount: 0)" computerName="PA_AP-3UINUHLUM" duration="00:00:00.0004535" startTime="2025-02-28T10:34:03.8163802+00:00" endTime="2025-02-28T10:34:03.8210048+00:00" testType="13cdc9d9-ddb5-4fa4-a97d-d965ccfc6d4b" outcome="Passed" testListId="8c84fa94-04c1-424b-9868-57a2d4851a1d" relativeResultsDirectory="94659568-2905-47bc-9e10-ae28d7e45dcc" />
    <UnitTestResult executionId="8d3da24c-e3c8-4116-bc95-61261a75a164" testId="2d40973a-0cba-a4a3-5704-df38fe9a8585" testName="DfT.DTRO.Tests.CodeiumTests.Integration.SchemaController_Codeium_Tests.GetSchemas_ReturnsInternalServerError_WhenExceptionOccurs" computerName="PA_AP-3UINUHLUM" duration="00:00:00.0155994" startTime="2025-02-28T10:34:03.8818760+00:00" endTime="2025-02-28T10:34:03.8819738+00:00" testType="13cdc9d9-ddb5-4fa4-a97d-d965ccfc6d4b" outcome="Passed" testListId="8c84fa94-04c1-424b-9868-57a2d4851a1d" relativeResultsDirectory="8d3da24c-e3c8-4116-bc95-61261a75a164" />
    <UnitTestResult executionId="e93199c9-e992-4776-bcb2-d28272a4d83c" testId="14d1873e-2f26-a69e-881e-410157090e2c" testName="Dft.DTRO.Tests.ServicesTests.Validations.RateLineCollectionValidationServiceTests.ValidateRateLineCollectionMaxValueCollection(conditionType: &quot;ConditionSet&quot;, maxValueCollection: 20.989999999999998, errorCount: 0)" computerName="PA_AP-3UINUHLUM" duration="00:00:00.0004330" startTime="2025-02-28T10:34:03.6643992+00:00" endTime="2025-02-28T10:34:03.6658641+00:00" testType="13cdc9d9-ddb5-4fa4-a97d-d965ccfc6d4b" outcome="Passed" testListId="8c84fa94-04c1-424b-9868-57a2d4851a1d" relativeResultsDirectory="e93199c9-e992-4776-bcb2-d28272a4d83c" />
    <UnitTestResult executionId="2d37c4dc-cbda-446b-91af-768ae9911f80" testId="03dc462f-2604-77fb-787e-59c3e2d74adc" testName="Dft.DTRO.Tests.ServicesTests.Validations.RegulationValidationTests.ValidateGeneralRegulationRegulationType(regulationType: &quot;miscCycleLane&quot;, errorCount: 0)" computerName="PA_AP-3UINUHLUM" duration="00:00:00.0003838" startTime="2025-02-28T10:34:03.8250537+00:00" endTime="2025-02-28T10:34:03.8252251+00:00" testType="13cdc9d9-ddb5-4fa4-a97d-d965ccfc6d4b" outcome="Passed" testListId="8c84fa94-04c1-424b-9868-57a2d4851a1d" relativeResultsDirectory="2d37c4dc-cbda-446b-91af-768ae9911f80" />
    <UnitTestResult executionId="4e6a8f04-543a-4819-8c3f-9d8059dc404a" testId="9987f3a8-e2be-cd8f-4024-2333ae90e930" testName="Dft.DTRO.Tests.ServicesTests.Validations.ConditionValidationServiceTests.ValidateConditionReturnsErrorsWhenOneConditionIsPresentButNegatePropertyIsWrong" computerName="PA_AP-3UINUHLUM" duration="00:00:00.0006375" startTime="2025-02-28T10:34:03.3996110+00:00" endTime="2025-02-28T10:34:03.4006760+00:00" testType="13cdc9d9-ddb5-4fa4-a97d-d965ccfc6d4b" outcome="Passed" testListId="8c84fa94-04c1-424b-9868-57a2d4851a1d" relativeResultsDirectory="4e6a8f04-543a-4819-8c3f-9d8059dc404a" />
    <UnitTestResult executionId="c356f2ce-6078-4254-b73e-afa1dff85274" testId="05435c31-98fe-6318-26cf-f344783cd6fc" testName="Dft.DTRO.Tests.DALTests.ApplicationDalTests.GetApplicationDetailsShouldReturnNullWhenInvalidAppId" computerName="PA_AP-3UINUHLUM" duration="00:00:00.0018722" startTime="2025-02-28T10:34:05.0009028+00:00" endTime="2025-02-28T10:34:05.0026271+00:00" testType="13cdc9d9-ddb5-4fa4-a97d-d965ccfc6d4b" outcome="Passed" testListId="8c84fa94-04c1-424b-9868-57a2d4851a1d" relativeResultsDirectory="c356f2ce-6078-4254-b73e-afa1dff85274" />
    <UnitTestResult executionId="17a53951-691f-4753-8ff0-e88aa02b3e79" testId="bedb907b-b0f7-3d6f-819a-8e4f2f8b9e49" testName="Dft.DTRO.Tests.CodeiumTests.Rules.Controller.RulesControllerTests.GetRulesVersions_ReturnsOk_WithVersions" computerName="PA_AP-3UINUHLUM" duration="00:00:00.0027440" startTime="2025-02-28T10:34:03.7427513+00:00" endTime="2025-02-28T10:34:03.7474095+00:00" testType="13cdc9d9-ddb5-4fa4-a97d-d965ccfc6d4b" outcome="Passed" testListId="8c84fa94-04c1-424b-9868-57a2d4851a1d" relativeResultsDirectory="17a53951-691f-4753-8ff0-e88aa02b3e79" />
    <UnitTestResult executionId="7a31a3b1-ba00-4b04-a477-dc9d10b1cbd5" testId="2208b415-7781-5690-405e-f32c6de2bfdf" testName="Dft.DTRO.Tests.ServicesTests.Validations.JsonLogicValidationTests.AllowYearOfFirstRegistrationLessOrEqualToCurrentYearValueInOverallPeriod" computerName="PA_AP-3UINUHLUM" duration="00:00:00.0121534" startTime="2025-02-28T10:34:04.5627987+00:00" endTime="2025-02-28T10:34:04.5758716+00:00" testType="13cdc9d9-ddb5-4fa4-a97d-d965ccfc6d4b" outcome="Passed" testListId="8c84fa94-04c1-424b-9868-57a2d4851a1d" relativeResultsDirectory="7a31a3b1-ba00-4b04-a477-dc9d10b1cbd5" />
    <UnitTestResult executionId="b020fbb3-44c3-45e2-9d45-f1fc993cf3d2" testId="1aa87dcc-4cfd-153d-376b-9b1eaa4002d8" testName="Dft.DTRO.Tests.ServicesTests.Validations.RegulationValidationTests.ValidateGeneralRegulationRegulationType(regulationType: &quot;bannedMovementNoRightTurn&quot;, errorCount: 0)" computerName="PA_AP-3UINUHLUM" duration="00:00:00.0003783" startTime="2025-02-28T10:34:03.7750549+00:00" endTime="2025-02-28T10:34:03.7752805+00:00" testType="13cdc9d9-ddb5-4fa4-a97d-d965ccfc6d4b" outcome="Passed" testListId="8c84fa94-04c1-424b-9868-57a2d4851a1d" relativeResultsDirectory="b020fbb3-44c3-45e2-9d45-f1fc993cf3d2" />
    <UnitTestResult executionId="e3ff8462-0f8e-425b-934b-98e1fc84f6b1" testId="b563c135-e6e5-4f0b-f338-141236f007b4" testName="Dft.DTRO.Tests.ServicesTests.Validations.RateLineCollectionValidationServiceTests.ValidateRateLineCollectionApplicableCurrency(conditionType: &quot;ConditionSet&quot;, currencyType: &quot;EUR&quot;, errorCount: 0)" computerName="PA_AP-3UINUHLUM" duration="00:00:00.0002124" startTime="2025-02-28T10:34:03.6718625+00:00" endTime="2025-02-28T10:34:03.6719722+00:00" testType="13cdc9d9-ddb5-4fa4-a97d-d965ccfc6d4b" outcome="Passed" testListId="8c84fa94-04c1-424b-9868-57a2d4851a1d" relativeResultsDirectory="e3ff8462-0f8e-425b-934b-98e1fc84f6b1" />
    <UnitTestResult executionId="71be07d1-416e-4dfd-bd78-8ee5bdcdf9fa" testId="630dd622-08a2-90ef-1e6e-dcff59205790" testName="Dft.DTRO.Tests.ServicesTests.Validations.GeometryValidationServiceTests.ValidatePolygonPolygon(polygon: &quot;SRID=27700;POLYGON((529100 178750, 529200 178750, &quot;···, schemaVersion: &quot;3.3.0&quot;, errorCount: 0)" computerName="PA_AP-3UINUHLUM" duration="00:00:00.0006347" startTime="2025-02-28T10:34:03.5707846+00:00" endTime="2025-02-28T10:34:03.5709126+00:00" testType="13cdc9d9-ddb5-4fa4-a97d-d965ccfc6d4b" outcome="Passed" testListId="8c84fa94-04c1-424b-9868-57a2d4851a1d" relativeResultsDirectory="71be07d1-416e-4dfd-bd78-8ee5bdcdf9fa" />
    <UnitTestResult executionId="4a8717b8-20af-4fb3-9a3f-a65b37e4d554" testId="819e60e4-59fb-cf31-a8df-2698326226cf" testName="Dft.DTRO.Tests.ServicesTests.Validations.GeometryValidationServiceTests.ValidatePointGeometryPoint(point: &quot;ETR=S89;POINT(323544 124622)&quot;, schemaVersion: &quot;3.3.0&quot;, errorCount: 1)" computerName="PA_AP-3UINUHLUM" duration="00:00:00.0001733" startTime="2025-02-28T10:34:03.6592761+00:00" endTime="2025-02-28T10:34:03.6595688+00:00" testType="13cdc9d9-ddb5-4fa4-a97d-d965ccfc6d4b" outcome="Passed" testListId="8c84fa94-04c1-424b-9868-57a2d4851a1d" relativeResultsDirectory="4a8717b8-20af-4fb3-9a3f-a65b37e4d554" />
    <UnitTestResult executionId="911e43ce-3307-485c-a004-4367eb7f0152" testId="de4b9e95-c824-1b8c-444e-6dcfb596c18e" testName="Dft.DTRO.Tests.ServicesTests.Validations.GeometryValidationServiceTests.ValidateLinearGeometryRepresentation(representation: &quot;representingZone&quot;, schemaVersion: &quot;3.3.0&quot;, errorCount: 0)" computerName="PA_AP-3UINUHLUM" duration="00:00:00.0004416" startTime="2025-02-28T10:34:03.7111596+00:00" endTime="2025-02-28T10:34:03.7119130+00:00" testType="13cdc9d9-ddb5-4fa4-a97d-d965ccfc6d4b" outcome="Passed" testListId="8c84fa94-04c1-424b-9868-57a2d4851a1d" relativeResultsDirectory="911e43ce-3307-485c-a004-4367eb7f0152" />
    <UnitTestResult executionId="953f1f94-d6b0-451d-aa82-ca3959f74753" testId="c0500e37-fb3b-85c8-e6f8-de01fed24563" testName="DfT.DTRO.Tests.CodeiumTests.Integration.SchemaController_Codeium_Tests.GetSchemaById_ValidId_ReturnsOk" computerName="PA_AP-3UINUHLUM" duration="00:00:00.0070815" startTime="2025-02-28T10:34:03.8798355+00:00" endTime="2025-02-28T10:34:03.8802401+00:00" testType="13cdc9d9-ddb5-4fa4-a97d-d965ccfc6d4b" outcome="Passed" testListId="8c84fa94-04c1-424b-9868-57a2d4851a1d" relativeResultsDirectory="953f1f94-d6b0-451d-aa82-ca3959f74753" />
    <UnitTestResult executionId="bb3492f4-8314-498a-a2da-34f5a2ce6e6d" testId="2172f1c8-a33d-5091-561a-8b250bf1f070" testName="Dft.DTRO.Tests.ServicesTests.DTROs.GetDtrosTests.GetDtrosAsyncReturnsRecords(traCode: 0, startDate: null, endDate: null, records: 12)" computerName="PA_AP-3UINUHLUM" duration="00:00:00.0624878" startTime="2025-02-28T10:34:03.6649784+00:00" endTime="2025-02-28T10:34:03.7884161+00:00" testType="13cdc9d9-ddb5-4fa4-a97d-d965ccfc6d4b" outcome="Passed" testListId="8c84fa94-04c1-424b-9868-57a2d4851a1d" relativeResultsDirectory="bb3492f4-8314-498a-a2da-34f5a2ce6e6d" />
    <UnitTestResult executionId="50c4a0c7-9d01-4999-a095-f7d9e1ea764d" testId="ecfc5d7e-3f6b-54a0-2cca-e53b9eae52c8" testName="Dft.DTRO.Tests.ServicesTests.Validations.RateLineValidationServiceTests.ValidateRateLineIncrementPeriod(conditionType: &quot;Condition&quot;, incrementPeriod: 0, errorCount: 1)" computerName="PA_AP-3UINUHLUM" duration="00:00:00.0002507" startTime="2025-02-28T10:34:03.4044152+00:00" endTime="2025-02-28T10:34:03.4061547+00:00" testType="13cdc9d9-ddb5-4fa4-a97d-d965ccfc6d4b" outcome="Passed" testListId="8c84fa94-04c1-424b-9868-57a2d4851a1d" relativeResultsDirectory="50c4a0c7-9d01-4999-a095-f7d9e1ea764d" />
    <UnitTestResult executionId="17a5682b-46ad-4581-9dea-b093c1e051ab" testId="4be8dcf7-1f68-cf17-c7a0-8f55ea634822" testName="Dft.DTRO.Tests.ServicesTests.Validations.RateLineCollectionValidationServiceTests.ValidateRateLineCollectionMinValueCollection(conditionType: &quot;ConditionSet&quot;, minValueCollection: 20.989999999999998, errorCount: 0)" computerName="PA_AP-3UINUHLUM" duration="00:00:00.0008875" startTime="2025-02-28T10:34:03.7314369+00:00" endTime="2025-02-28T10:34:03.7318989+00:00" testType="13cdc9d9-ddb5-4fa4-a97d-d965ccfc6d4b" outcome="Passed" testListId="8c84fa94-04c1-424b-9868-57a2d4851a1d" relativeResultsDirectory="17a5682b-46ad-4581-9dea-b093c1e051ab" />
    <UnitTestResult executionId="822dd2ba-bcff-4789-869a-8e86d2e99319" testId="a2663f16-5944-14de-6d8d-ebf5a6d8a5ab" testName="Dft.DTRO.Tests.ServicesTests.Validations.ProvisionValidationServiceTests.ValidateProvisionOrderReportingPointTypeForSchema330(orderReportingPointType: &quot;permanentAmendment&quot;, errorCount: 0)" computerName="PA_AP-3UINUHLUM" duration="00:00:00.0004287" startTime="2025-02-28T10:34:03.4307303+00:00" endTime="2025-02-28T10:34:03.4308262+00:00" testType="13cdc9d9-ddb5-4fa4-a97d-d965ccfc6d4b" outcome="Passed" testListId="8c84fa94-04c1-424b-9868-57a2d4851a1d" relativeResultsDirectory="822dd2ba-bcff-4789-869a-8e86d2e99319" />
    <UnitTestResult executionId="16414720-c056-4a71-96a3-deda374b022f" testId="d74ecddc-a2bf-cd97-505e-63c871564a79" testName="Dft.DTRO.Tests.ServicesTests.Validations.RateLineValidationServiceTests.ValidateRateLineIncrementPeriod(conditionType: &quot;Condition&quot;, incrementPeriod: -1, errorCount: 1)" computerName="PA_AP-3UINUHLUM" duration="00:00:00.0006357" startTime="2025-02-28T10:34:03.4041809+00:00" endTime="2025-02-28T10:34:03.4042637+00:00" testType="13cdc9d9-ddb5-4fa4-a97d-d965ccfc6d4b" outcome="Passed" testListId="8c84fa94-04c1-424b-9868-57a2d4851a1d" relativeResultsDirectory="16414720-c056-4a71-96a3-deda374b022f" />
    <UnitTestResult executionId="1635d8e8-857e-4b61-b4e3-5c72fd913744" testId="dff76161-aa69-6376-c5c0-daaf9e597493" testName="Dft.DTRO.Tests.CodeiumTests.Rules.Service.RuleTemplateServiceTests.GetRuleTemplateAsync_NotFound" computerName="PA_AP-3UINUHLUM" duration="00:00:00.0013419" startTime="2025-02-28T10:34:03.5203020+00:00" endTime="2025-02-28T10:34:03.5215688+00:00" testType="13cdc9d9-ddb5-4fa4-a97d-d965ccfc6d4b" outcome="Passed" testListId="8c84fa94-04c1-424b-9868-57a2d4851a1d" relativeResultsDirectory="1635d8e8-857e-4b61-b4e3-5c72fd913744" />
    <UnitTestResult executionId="cb3d3035-1430-47b8-9310-0d04294b799a" testId="ebae6e20-506d-84d7-4f32-ea878186cbd5" testName="Dft.DTRO.Tests.ServicesTests.Validations.ProvisionValidationServiceTests.ValidateMultipleProvisionReferencesForSchema324(references: [&quot;A69D75A3-FCCC-4967-A0E5-7DCB82AFBE13&quot;, &quot;A69D75A3-FCCC-4967-A0E5-7DCB82AFBE13&quot;], errorCount: 1)" computerName="PA_AP-3UINUHLUM" duration="00:00:00.0005546" startTime="2025-02-28T10:34:03.4651041+00:00" endTime="2025-02-28T10:34:03.4652032+00:00" testType="13cdc9d9-ddb5-4fa4-a97d-d965ccfc6d4b" outcome="Passed" testListId="8c84fa94-04c1-424b-9868-57a2d4851a1d" relativeResultsDirectory="cb3d3035-1430-47b8-9310-0d04294b799a" />
    <UnitTestResult executionId="e1d32ab9-3679-4503-9cc8-23c72549369f" testId="066a0a16-e3dc-4e22-9c3d-c11112a4d785" testName="Dft.DTRO.Tests.ServicesTests.Validations.ProvisionValidationServiceTests.ValidateProvisionOrderReportingPointTypeForSchema330(orderReportingPointType: &quot;permanentNoticeOfMaking&quot;, errorCount: 0)" computerName="PA_AP-3UINUHLUM" duration="00:00:00.0001942" startTime="2025-02-28T10:34:03.4344058+00:00" endTime="2025-02-28T10:34:03.4344988+00:00" testType="13cdc9d9-ddb5-4fa4-a97d-d965ccfc6d4b" outcome="Passed" testListId="8c84fa94-04c1-424b-9868-57a2d4851a1d" relativeResultsDirectory="e1d32ab9-3679-4503-9cc8-23c72549369f" />
    <UnitTestResult executionId="b7c04ca8-3097-4ea2-8ec0-db4fba31f17d" testId="97792388-d4a4-0fae-3837-ad93783004b5" testName="Dft.DTRO.Tests.ServicesTests.Validations.ConditionValidationServiceTests.ValidateConditionReturnsErrorWhenConditionSetItPresentAndOperatorIsWrong" computerName="PA_AP-3UINUHLUM" duration="00:00:00.0005081" startTime="2025-02-28T10:34:03.4101518+00:00" endTime="2025-02-28T10:34:03.4107229+00:00" testType="13cdc9d9-ddb5-4fa4-a97d-d965ccfc6d4b" outcome="Passed" testListId="8c84fa94-04c1-424b-9868-57a2d4851a1d" relativeResultsDirectory="b7c04ca8-3097-4ea2-8ec0-db4fba31f17d" />
    <UnitTestResult executionId="6baa952d-9d38-4595-8456-ec47fca08b65" testId="e0775cfa-a79d-14ff-974f-52106983f147" testName="Dft.DTRO.Tests.ServicesTests.Validations.SourceValidationServiceTests.ValidateSourceTroName(version: &quot;3.3.0&quot;, troName: &quot;&quot;, errorCount: 1)" computerName="PA_AP-3UINUHLUM" duration="00:00:00.0008911" startTime="2025-02-28T10:34:03.7781060+00:00" endTime="2025-02-28T10:34:03.7807100+00:00" testType="13cdc9d9-ddb5-4fa4-a97d-d965ccfc6d4b" outcome="Passed" testListId="8c84fa94-04c1-424b-9868-57a2d4851a1d" relativeResultsDirectory="6baa952d-9d38-4595-8456-ec47fca08b65" />
    <UnitTestResult executionId="157cc058-109e-473e-81f8-263e8870c1f1" testId="43e3fcdf-3a9b-ecf9-1082-84818dafaa5c" testName="Dft.DTRO.Tests.ServicesTests.Validations.UniqueStreetReferenceNumberValidationServiceTests.ValidateUniqueStreetReferenceNumberUsrn(usrn: 39605158, errorCount: 0)" computerName="PA_AP-3UINUHLUM" duration="00:00:00.0005379" startTime="2025-02-28T10:34:03.3797096+00:00" endTime="2025-02-28T10:34:03.3817947+00:00" testType="13cdc9d9-ddb5-4fa4-a97d-d965ccfc6d4b" outcome="Passed" testListId="8c84fa94-04c1-424b-9868-57a2d4851a1d" relativeResultsDirectory="157cc058-109e-473e-81f8-263e8870c1f1" />
    <UnitTestResult executionId="1f57641c-7823-43c1-beda-de24742574db" testId="690735d2-ffee-a95a-b58c-d273216693e7" testName="Dft.DTRO.Tests.ServicesTests.Validations.JsonLogicValidationTests.AllowsOverallPeriodStartTimeBeforeEndTime" computerName="PA_AP-3UINUHLUM" duration="00:00:00.0126976" startTime="2025-02-28T10:34:04.6410411+00:00" endTime="2025-02-28T10:34:04.6544322+00:00" testType="13cdc9d9-ddb5-4fa4-a97d-d965ccfc6d4b" outcome="Passed" testListId="8c84fa94-04c1-424b-9868-57a2d4851a1d" relativeResultsDirectory="1f57641c-7823-43c1-beda-de24742574db" />
    <UnitTestResult executionId="4b419581-9763-42d7-91d8-6b7235129ba2" testId="3461d087-9f4c-776a-435d-abfd7aadc84f" testName="Dft.DTRO.Tests.ServicesTests.Validations.ElementaryStreetUnitValidationServiceTests.ValidateElementaryStreetUnitEsu(esu: 10000001, errorCount: 0)" computerName="PA_AP-3UINUHLUM" duration="00:00:00.0035881" startTime="2025-02-28T10:34:03.4189214+00:00" endTime="2025-02-28T10:34:03.4210237+00:00" testType="13cdc9d9-ddb5-4fa4-a97d-d965ccfc6d4b" outcome="Passed" testListId="8c84fa94-04c1-424b-9868-57a2d4851a1d" relativeResultsDirectory="4b419581-9763-42d7-91d8-6b7235129ba2" />
    <UnitTestResult executionId="38b12628-fc68-4a09-be83-28870ffd624d" testId="8842a3af-8aff-782d-3cd6-bf9de68078a6" testName="Dft.DTRO.Tests.ServicesTests.Validations.RegulationValidationTests.ValidateRegulationWhenIsDynamicIsTrueReturnsNoErrors" computerName="PA_AP-3UINUHLUM" duration="00:00:00.0003741" startTime="2025-02-28T10:34:03.8413732+00:00" endTime="2025-02-28T10:34:03.8415629+00:00" testType="13cdc9d9-ddb5-4fa4-a97d-d965ccfc6d4b" outcome="Passed" testListId="8c84fa94-04c1-424b-9868-57a2d4851a1d" relativeResultsDirectory="38b12628-fc68-4a09-be83-28870ffd624d" />
    <UnitTestResult executionId="8714bb0e-76ea-40c8-9bdd-55e39b95a854" testId="15bd9198-a7a4-5034-8cec-e7b85d5f2fd8" testName="Dft.DTRO.Tests.ServicesTests.Validations.RateLineCollectionValidationServiceTests.ValidateRateLineCollectionApplicableCurrency(conditionType: &quot;Condition&quot;, currencyType: &quot;EUR&quot;, errorCount: 0)" computerName="PA_AP-3UINUHLUM" duration="00:00:00.0001622" startTime="2025-02-28T10:34:03.6721241+00:00" endTime="2025-02-28T10:34:03.6724889+00:00" testType="13cdc9d9-ddb5-4fa4-a97d-d965ccfc6d4b" outcome="Passed" testListId="8c84fa94-04c1-424b-9868-57a2d4851a1d" relativeResultsDirectory="8714bb0e-76ea-40c8-9bdd-55e39b95a854" />
    <UnitTestResult executionId="b0c10ea1-fc50-4bee-99a8-50a67397bae8" testId="d76c33c6-298d-077d-b71d-c47981d1f819" testName="Dft.DTRO.Tests.ServicesTests.Validations.RegulationValidationTests.ValidateGeneralRegulationRegulationType(regulationType: &quot;dimensionMaximumWeightStructural&quot;, errorCount: 0)" computerName="PA_AP-3UINUHLUM" duration="00:00:00.0003448" startTime="2025-02-28T10:34:03.7845377+00:00" endTime="2025-02-28T10:34:03.7846218+00:00" testType="13cdc9d9-ddb5-4fa4-a97d-d965ccfc6d4b" outcome="Passed" testListId="8c84fa94-04c1-424b-9868-57a2d4851a1d" relativeResultsDirectory="b0c10ea1-fc50-4bee-99a8-50a67397bae8" />
    <UnitTestResult executionId="bed17083-3927-4bf4-9cc1-2b34cd8651e2" testId="85cb3d62-dfa5-2154-972d-a29578919c39" testName="Dft.DTRO.Tests.CodeiumTests.Rules.Controller.RulesControllerUpdateTests.UpdateRule_WithNullFile_ReturnsBadRequest" computerName="PA_AP-3UINUHLUM" duration="00:00:00.0007550" startTime="2025-02-28T10:34:03.6149271+00:00" endTime="2025-02-28T10:34:03.6162602+00:00" testType="13cdc9d9-ddb5-4fa4-a97d-d965ccfc6d4b" outcome="Passed" testListId="8c84fa94-04c1-424b-9868-57a2d4851a1d" relativeResultsDirectory="bed17083-3927-4bf4-9cc1-2b34cd8651e2" />
    <UnitTestResult executionId="ade9f96d-8dd9-41e6-9c71-96b64689fda7" testId="af197733-6104-764d-a376-cf6d3b144218" testName="Dft.DTRO.Tests.ServicesTests.Validations.RegulationValidationTests.ValidateGeneralRegulationRegulationType(regulationType: &quot;dimensionMaximumLength&quot;, errorCount: 0)" computerName="PA_AP-3UINUHLUM" duration="00:00:00.0004678" startTime="2025-02-28T10:34:03.8089906+00:00" endTime="2025-02-28T10:34:03.8090996+00:00" testType="13cdc9d9-ddb5-4fa4-a97d-d965ccfc6d4b" outcome="Passed" testListId="8c84fa94-04c1-424b-9868-57a2d4851a1d" relativeResultsDirectory="ade9f96d-8dd9-41e6-9c71-96b64689fda7" />
    <UnitTestResult executionId="0f0be844-d1c4-45d7-ba9d-b0cbab22a66e" testId="528aa272-65ac-e3d7-871d-4db04569e4de" testName="ApplicationControllerTests.GetPendingApplicationsReturnsBadRequestWhenNoneFound" computerName="PA_AP-3UINUHLUM" duration="00:00:00.0024903" startTime="2025-02-28T10:34:03.5620242+00:00" endTime="2025-02-28T10:34:03.5644117+00:00" testType="13cdc9d9-ddb5-4fa4-a97d-d965ccfc6d4b" outcome="Passed" testListId="8c84fa94-04c1-424b-9868-57a2d4851a1d" relativeResultsDirectory="0f0be844-d1c4-45d7-ba9d-b0cbab22a66e" />
    <UnitTestResult executionId="4e800116-9b05-47c6-853a-2e0a37f82258" testId="1a191344-ded8-546b-120e-97eb848fe9d1" testName="Dft.DTRO.Tests.ServicesTests.Application.ApplicationServiceTests.GetApplicationDetailsShouldReturnApplicationDetails" computerName="PA_AP-3UINUHLUM" duration="00:00:00.0031239" startTime="2025-02-28T10:34:03.4750659+00:00" endTime="2025-02-28T10:34:03.4755898+00:00" testType="13cdc9d9-ddb5-4fa4-a97d-d965ccfc6d4b" outcome="Passed" testListId="8c84fa94-04c1-424b-9868-57a2d4851a1d" relativeResultsDirectory="4e800116-9b05-47c6-853a-2e0a37f82258" />
    <UnitTestResult executionId="720501de-16ae-4427-aeb4-834859897e28" testId="3e8aa018-8cda-d8af-d54e-1c98937fe925" testName="Dft.DTRO.Tests.ServicesTests.Validations.UniqueStreetReferenceNumberValidationServiceTests.ValidateUniqueStreetReferenceNumberMultipleIncorrectUsrn" computerName="PA_AP-3UINUHLUM" duration="00:00:00.0003122" startTime="2025-02-28T10:34:03.3934742+00:00" endTime="2025-02-28T10:34:03.3935676+00:00" testType="13cdc9d9-ddb5-4fa4-a97d-d965ccfc6d4b" outcome="Passed" testListId="8c84fa94-04c1-424b-9868-57a2d4851a1d" relativeResultsDirectory="720501de-16ae-4427-aeb4-834859897e28" />
    <UnitTestResult executionId="b9430f34-6860-44a7-81e4-969aa4a847d3" testId="083a1112-5161-a41f-340f-e64cdbe5ad5c" testName="Dft.DTRO.Tests.ServicesTests.Validations.JsonSchemaValidationTests.ValidateAgainstSchema320ProducesCorrectResults(schemaVersion: &quot;3.2.0&quot;, sourceJson: &quot;valid-fullRevoke&quot;, expectedResult: False)" computerName="PA_AP-3UINUHLUM" duration="00:00:00.0399241" startTime="2025-02-28T10:34:03.9012513+00:00" endTime="2025-02-28T10:34:03.9352103+00:00" testType="13cdc9d9-ddb5-4fa4-a97d-d965ccfc6d4b" outcome="Passed" testListId="8c84fa94-04c1-424b-9868-57a2d4851a1d" relativeResultsDirectory="b9430f34-6860-44a7-81e4-969aa4a847d3" />
    <UnitTestResult executionId="c24da4f5-2ac0-489f-af88-75c5dff8596c" testId="02c2924d-8c95-7dfc-7319-ca1cd8494e51" testName="Dft.DTRO.Tests.ServicesTests.Validations.RegulationValidationTests.ValidateGeneralRegulationRegulationType(regulationType: &quot;miscBusOnlyStreet&quot;, errorCount: 0)" computerName="PA_AP-3UINUHLUM" duration="00:00:00.0005033" startTime="2025-02-28T10:34:03.7577566+00:00" endTime="2025-02-28T10:34:03.7585122+00:00" testType="13cdc9d9-ddb5-4fa4-a97d-d965ccfc6d4b" outcome="Passed" testListId="8c84fa94-04c1-424b-9868-57a2d4851a1d" relativeResultsDirectory="c24da4f5-2ac0-489f-af88-75c5dff8596c" />
    <UnitTestResult executionId="bb97e2bd-96d5-4e48-b30c-67ed15017a52" testId="8d65c1d3-29e3-f7d1-203b-f61731af2c6a" testName="Dft.DTRO.Tests.DALTests.ApplicationDalTests.GetPendingApplications_ShouldReturnEmptyWhenNoAppsForUsers" computerName="PA_AP-3UINUHLUM" duration="00:00:00.0014407" startTime="2025-02-28T10:34:05.0821404+00:00" endTime="2025-02-28T10:34:05.0835019+00:00" testType="13cdc9d9-ddb5-4fa4-a97d-d965ccfc6d4b" outcome="Passed" testListId="8c84fa94-04c1-424b-9868-57a2d4851a1d" relativeResultsDirectory="bb97e2bd-96d5-4e48-b30c-67ed15017a52" />
    <UnitTestResult executionId="37e4f4ed-f7ad-494e-b5e0-54b022073d43" testId="c4dee970-e5f7-9b1f-a427-fb6cfc7ef615" testName="Dft.DTRO.Tests.ServicesTests.Validations.JsonLogicValidationTests.DisallowLengthCharacteristicInvalidForRegulationTypeDimensionMaximumLength" computerName="PA_AP-3UINUHLUM" duration="00:00:00.0208016" startTime="2025-02-28T10:34:04.6863846+00:00" endTime="2025-02-28T10:34:04.7077323+00:00" testType="13cdc9d9-ddb5-4fa4-a97d-d965ccfc6d4b" outcome="Passed" testListId="8c84fa94-04c1-424b-9868-57a2d4851a1d" relativeResultsDirectory="37e4f4ed-f7ad-494e-b5e0-54b022073d43" />
    <UnitTestResult executionId="7e41a038-e7a3-4b56-af1b-137b56ae1ab6" testId="94daccb3-b007-0c68-55e4-e0343d1d1e59" testName="Dft.DTRO.Tests.ServicesTests.Validations.SemanticValidationServiceTests.WhenVersionGeometryIsNotIntegerReturnsError(version: &quot;3.3.0&quot;)" computerName="PA_AP-3UINUHLUM" duration="00:00:00.0014869" startTime="2025-02-28T10:34:03.6730057+00:00" endTime="2025-02-28T10:34:03.6780978+00:00" testType="13cdc9d9-ddb5-4fa4-a97d-d965ccfc6d4b" outcome="Passed" testListId="8c84fa94-04c1-424b-9868-57a2d4851a1d" relativeResultsDirectory="7e41a038-e7a3-4b56-af1b-137b56ae1ab6" />
    <UnitTestResult executionId="3cbc90fa-7e4f-4258-b262-6e851ddb37c1" testId="7863b4c8-e5be-ab9c-3085-5c8ff7aa6265" testName="Dft.DTRO.Tests.ServicesTests.Validations.RegulationValidationTests.ValidateGeneralRegulationRegulationType(regulationType: &quot;kerbsideSingleRedLines&quot;, errorCount: 0)" computerName="PA_AP-3UINUHLUM" duration="00:00:00.0003765" startTime="2025-02-28T10:34:03.7822318+00:00" endTime="2025-02-28T10:34:03.7823242+00:00" testType="13cdc9d9-ddb5-4fa4-a97d-d965ccfc6d4b" outcome="Passed" testListId="8c84fa94-04c1-424b-9868-57a2d4851a1d" relativeResultsDirectory="3cbc90fa-7e4f-4258-b262-6e851ddb37c1" />
    <UnitTestResult executionId="2fc0f4ef-24bb-417c-a877-34456316fee0" testId="c78eda7b-81e1-58ee-32f6-721cca0ae0a7" testName="Dft.DTRO.Tests.ServicesTests.Validations.RateLineValidationServiceTests.ValidateRateLineDuration(conditionType: &quot;Condition&quot;, description: &quot;free text&quot;, errorCount: 0)" computerName="PA_AP-3UINUHLUM" duration="00:00:00.0004201" startTime="2025-02-28T10:34:03.4175820+00:00" endTime="2025-02-28T10:34:03.4176567+00:00" testType="13cdc9d9-ddb5-4fa4-a97d-d965ccfc6d4b" outcome="Passed" testListId="8c84fa94-04c1-424b-9868-57a2d4851a1d" relativeResultsDirectory="2fc0f4ef-24bb-417c-a877-34456316fee0" />
    <UnitTestResult executionId="1831fd73-4c10-4d1d-b835-52144be4ea58" testId="9eee002c-9f12-e3ef-07a7-39f091c7e7a3" testName="Dft.DTRO.Tests.CodeiumTests.Rules.Controller.RulesControllerCreateTests.CreateRule_WithValidFile_ReturnsCreatedAtAction" computerName="PA_AP-3UINUHLUM" duration="00:00:00.4372913" startTime="2025-02-28T10:34:03.3045337+00:00" endTime="2025-02-28T10:34:03.8697645+00:00" testType="13cdc9d9-ddb5-4fa4-a97d-d965ccfc6d4b" outcome="Passed" testListId="8c84fa94-04c1-424b-9868-57a2d4851a1d" relativeResultsDirectory="1831fd73-4c10-4d1d-b835-52144be4ea58" />
    <UnitTestResult executionId="68ed1d24-3616-40de-a010-8c971ba92cfb" testId="a2c3751e-e97e-0e48-739d-74dbb492c206" testName="Dft.DTRO.Tests.ServicesTests.Validations.JsonLogicValidationTests.AllowWidthCharacteristicValidForRegulationTypeDimensionMaximumWidth" computerName="PA_AP-3UINUHLUM" duration="00:00:00.0118624" startTime="2025-02-28T10:34:04.2632164+00:00" endTime="2025-02-28T10:34:04.2756778+00:00" testType="13cdc9d9-ddb5-4fa4-a97d-d965ccfc6d4b" outcome="Passed" testListId="8c84fa94-04c1-424b-9868-57a2d4851a1d" relativeResultsDirectory="68ed1d24-3616-40de-a010-8c971ba92cfb" />
    <UnitTestResult executionId="9fdd45ad-8d7e-429e-90a8-fd2757d4a0f7" testId="1d0eaa87-6dd4-a3f1-cc99-cc622ccebe09" testName="Dft.DTRO.Tests.ServicesTests.Validations.RateLineCollectionValidationServiceTests.ValidateRateLineCollectionMinValueCollection(conditionType: &quot;Condition&quot;, minValueCollection: 20.989999999999998, errorCount: 0)" computerName="PA_AP-3UINUHLUM" duration="00:00:00.0008479" startTime="2025-02-28T10:34:03.7320904+00:00" endTime="2025-02-28T10:34:03.7346295+00:00" testType="13cdc9d9-ddb5-4fa4-a97d-d965ccfc6d4b" outcome="Passed" testListId="8c84fa94-04c1-424b-9868-57a2d4851a1d" relativeResultsDirectory="9fdd45ad-8d7e-429e-90a8-fd2757d4a0f7" />
    <UnitTestResult executionId="28278d95-29c4-44a6-af56-745fa1cd6d52" testId="99072980-b74e-bb60-e1ca-d6867d1507b3" testName="Dft.DTRO.Tests.ServicesTests.Validations.RegulationValidationTests.ValidateGeneralRegulationRegulationType(regulationType: &quot;kerbsideLoadingPlace&quot;, errorCount: 0)" computerName="PA_AP-3UINUHLUM" duration="00:00:00.0003744" startTime="2025-02-28T10:34:03.8152956+00:00" endTime="2025-02-28T10:34:03.8154293+00:00" testType="13cdc9d9-ddb5-4fa4-a97d-d965ccfc6d4b" outcome="Passed" testListId="8c84fa94-04c1-424b-9868-57a2d4851a1d" relativeResultsDirectory="28278d95-29c4-44a6-af56-745fa1cd6d52" />
    <UnitTestResult executionId="dfe4319d-f0ee-4465-9664-e2bcc2952347" testId="bb7aa315-cd83-bdb4-528f-61329cf74549" testName="Dft.DTRO.Tests.ServicesTests.Validations.RateLineCollectionValidationServiceTests.ValidateRateLineCollectionStartValidUsagePeriod(conditionType: &quot;Condition&quot;, startValidUsagePeriod: &quot;2024-12-10T09:00:00&quot;, errorCount: 0)" computerName="PA_AP-3UINUHLUM" duration="00:00:00.0001842" startTime="2025-02-28T10:34:03.6901882+00:00" endTime="2025-02-28T10:34:03.6905901+00:00" testType="13cdc9d9-ddb5-4fa4-a97d-d965ccfc6d4b" outcome="Passed" testListId="8c84fa94-04c1-424b-9868-57a2d4851a1d" relativeResultsDirectory="dfe4319d-f0ee-4465-9664-e2bcc2952347" />
    <UnitTestResult executionId="c442e995-78c3-4713-b5fa-b23f20576a12" testId="55351817-44dd-3105-6cc3-22e8447111a6" testName="Dft.DTRO.Tests.ServicesTests.Validations.ProvisionValidationServiceTests.ValidateProvisionDescriptionForSchema330(provisionDescription: &quot;some free text&quot;, errorCount: 0)" computerName="PA_AP-3UINUHLUM" duration="00:00:00.0002526" startTime="2025-02-28T10:34:03.4675067+00:00" endTime="2025-02-28T10:34:03.4676037+00:00" testType="13cdc9d9-ddb5-4fa4-a97d-d965ccfc6d4b" outcome="Passed" testListId="8c84fa94-04c1-424b-9868-57a2d4851a1d" relativeResultsDirectory="c442e995-78c3-4713-b5fa-b23f20576a12" />
    <UnitTestResult executionId="fe7ae70c-038e-49e4-9377-c378b084d567" testId="abe8c50b-7825-b620-e300-9c74116ed06e" testName="Dft.DTRO.Tests.ServicesTests.Validations.RegulationValidationTests.ValidateSpeedLimitProfileBasedSpeedType(type: &quot;unknown&quot;, errorCount: 1)" computerName="PA_AP-3UINUHLUM" duration="00:00:00.0001651" startTime="2025-02-28T10:34:03.8333758+00:00" endTime="2025-02-28T10:34:03.8335305+00:00" testType="13cdc9d9-ddb5-4fa4-a97d-d965ccfc6d4b" outcome="Passed" testListId="8c84fa94-04c1-424b-9868-57a2d4851a1d" relativeResultsDirectory="fe7ae70c-038e-49e4-9377-c378b084d567" />
    <UnitTestResult executionId="4d63625f-bfb4-4a62-9646-66563294a335" testId="42b0742d-dff1-56de-95a5-e8b1c3072970" testName="Dft.DTRO.Tests.ServicesTests.Validations.RegulationValidationTests.ValidateGeneralRegulationRegulationType(regulationType: &quot;miscRoadClosureCrossingPoint&quot;, errorCount: 0)" computerName="PA_AP-3UINUHLUM" duration="00:00:00.0003739" startTime="2025-02-28T10:34:03.7637054+00:00" endTime="2025-02-28T10:34:03.7638575+00:00" testType="13cdc9d9-ddb5-4fa4-a97d-d965ccfc6d4b" outcome="Passed" testListId="8c84fa94-04c1-424b-9868-57a2d4851a1d" relativeResultsDirectory="4d63625f-bfb4-4a62-9646-66563294a335" />
    <UnitTestResult executionId="f7f9f11d-f4af-49c3-9952-7b439402aef6" testId="ba8f2ff2-6fa5-8687-f623-4129a8623f1d" testName="Dft.DTRO.Tests.ServicesTests.Validations.GeometryValidationServiceTests.ValidateLinearGeometryDirection(direction: &quot;wrong&quot;, schemaVersion: &quot;3.3.0&quot;, errorCount: 1)" computerName="PA_AP-3UINUHLUM" duration="00:00:00.0006953" startTime="2025-02-28T10:34:03.6183027+00:00" endTime="2025-02-28T10:34:03.6192515+00:00" testType="13cdc9d9-ddb5-4fa4-a97d-d965ccfc6d4b" outcome="Passed" testListId="8c84fa94-04c1-424b-9868-57a2d4851a1d" relativeResultsDirectory="f7f9f11d-f4af-49c3-9952-7b439402aef6" />
    <UnitTestResult executionId="ce32f5b0-2166-4d14-bcbe-13cfdb8ceaa7" testId="ddf6c466-6463-b413-44ad-2709382ad4a6" testName="Dft.DTRO.Tests.ServicesTests.Validations.RateLineCollectionValidationServiceTests.ValidateRateLineCollectionApplicableCurrency(conditionType: &quot;ConditionSet&quot;, currencyType: &quot;USD&quot;, errorCount: 1)" computerName="PA_AP-3UINUHLUM" duration="00:00:00.0004541" startTime="2025-02-28T10:34:03.6682479+00:00" endTime="2025-02-28T10:34:03.6687027+00:00" testType="13cdc9d9-ddb5-4fa4-a97d-d965ccfc6d4b" outcome="Passed" testListId="8c84fa94-04c1-424b-9868-57a2d4851a1d" relativeResultsDirectory="ce32f5b0-2166-4d14-bcbe-13cfdb8ceaa7" />
    <UnitTestResult executionId="638f50d1-316b-4f63-aae7-4d2c439b8178" testId="44386eff-6341-9c98-099c-d97afcfcecaa" testName="Dft.DTRO.Tests.ServicesTests.Validations.RegulationValidationTests.ValidateGeneralRegulationRegulationType(regulationType: &quot;miscPedestrianZone&quot;, errorCount: 0)" computerName="PA_AP-3UINUHLUM" duration="00:00:00.0077945" startTime="2025-02-28T10:34:03.7419744+00:00" endTime="2025-02-28T10:34:03.7529834+00:00" testType="13cdc9d9-ddb5-4fa4-a97d-d965ccfc6d4b" outcome="Passed" testListId="8c84fa94-04c1-424b-9868-57a2d4851a1d" relativeResultsDirectory="638f50d1-316b-4f63-aae7-4d2c439b8178" />
    <UnitTestResult executionId="46d75673-31f3-4c2d-8c91-75e3474c774f" testId="0569a22a-b95f-c807-61d4-204c55c95c04" testName="Dft.DTRO.Tests.ServicesTests.Validations.ProvisionValidationServiceTests.ValidateProvisionOrderReportingPointTypeForSchema324(orderReportingPointType: &quot;ttroTtmoRevocation&quot;, errorCount: 0)" computerName="PA_AP-3UINUHLUM" duration="00:00:00.0001305" startTime="2025-02-28T10:34:03.4580851+00:00" endTime="2025-02-28T10:34:03.4581713+00:00" testType="13cdc9d9-ddb5-4fa4-a97d-d965ccfc6d4b" outcome="Passed" testListId="8c84fa94-04c1-424b-9868-57a2d4851a1d" relativeResultsDirectory="46d75673-31f3-4c2d-8c91-75e3474c774f" />
    <UnitTestResult executionId="1f7a700a-58dd-471b-a35d-781cfe39acc4" testId="7113d6e7-1b3c-6e37-21c6-33afee4caeee" testName="Dft.DTRO.Tests.ServicesTests.Validations.JsonSchemaValidationTests.ValidateAgainstSchema320ProducesCorrectResults(schemaVersion: &quot;3.2.0&quot;, sourceJson: &quot;valid-partialAmendment&quot;, expectedResult: False)" computerName="PA_AP-3UINUHLUM" duration="00:00:00.0441222" startTime="2025-02-28T10:34:03.9501692+00:00" endTime="2025-02-28T10:34:03.9942885+00:00" testType="13cdc9d9-ddb5-4fa4-a97d-d965ccfc6d4b" outcome="Passed" testListId="8c84fa94-04c1-424b-9868-57a2d4851a1d" relativeResultsDirectory="1f7a700a-58dd-471b-a35d-781cfe39acc4" />
    <UnitTestResult executionId="cbfbb89a-63e2-43ea-9f4a-156a07eb7434" testId="80d7ad8a-5f46-7aea-ad9d-a8be3b4c5cd0" testName="Dft.DTRO.Tests.ServicesTests.Validations.ProvisionValidationServiceTests.ValidateProvisionDescriptionForSchema324(provisionDescription: &quot;some free text&quot;, errorCount: 0)" computerName="PA_AP-3UINUHLUM" duration="00:00:00.0003498" startTime="2025-02-28T10:34:03.4668785+00:00" endTime="2025-02-28T10:34:03.4670222+00:00" testType="13cdc9d9-ddb5-4fa4-a97d-d965ccfc6d4b" outcome="Passed" testListId="8c84fa94-04c1-424b-9868-57a2d4851a1d" relativeResultsDirectory="cbfbb89a-63e2-43ea-9f4a-156a07eb7434" />
    <UnitTestResult executionId="e53eae27-e45d-4d61-94eb-acf12fa35f4f" testId="818c2b1c-e391-25c4-842b-28fe0d809f60" testName="Dft.DTRO.Tests.ServicesTests.Validations.JsonSchemaValidationTests.ValidateAgainstSchema311ProducesCorrectResults(schemaVersion: &quot;3.1.1&quot;, sourceJson: &quot;provision-missing&quot;, expectedResult: False)" computerName="PA_AP-3UINUHLUM" duration="00:00:00.0255337" startTime="2025-02-28T10:34:04.1268369+00:00" endTime="2025-02-28T10:34:04.1521659+00:00" testType="13cdc9d9-ddb5-4fa4-a97d-d965ccfc6d4b" outcome="Passed" testListId="8c84fa94-04c1-424b-9868-57a2d4851a1d" relativeResultsDirectory="e53eae27-e45d-4d61-94eb-acf12fa35f4f" />
    <UnitTestResult executionId="b518ac3c-7d5b-4d74-8dbe-583f38db7024" testId="6d633dac-80cc-4918-0952-9d10a55d4156" testName="Dft.DTRO.Tests.ServicesTests.Validations.RateLineValidationServiceTests.ValidateRateLineRateLineType(conditionType: &quot;Condition&quot;, rateLineType: &quot;perUnit&quot;, errorCount: 0)" computerName="PA_AP-3UINUHLUM" duration="00:00:00.0002220" startTime="2025-02-28T10:34:03.4103188+00:00" endTime="2025-02-28T10:34:03.4104199+00:00" testType="13cdc9d9-ddb5-4fa4-a97d-d965ccfc6d4b" outcome="Passed" testListId="8c84fa94-04c1-424b-9868-57a2d4851a1d" relativeResultsDirectory="b518ac3c-7d5b-4d74-8dbe-583f38db7024" />
    <UnitTestResult executionId="c1b96dad-99aa-4964-9961-93fc37005eb0" testId="318ff720-6ab4-09cd-a246-554b0680ac02" testName="Dft.DTRO.Tests.ServicesTests.Validations.RateLineValidationServiceTests.ValidateRateLineSequence(conditionType: &quot;ConditionSet&quot;, sequence: 0, errorCount: 1)" computerName="PA_AP-3UINUHLUM" duration="00:00:00.0001983" startTime="2025-02-28T10:34:03.4028762+00:00" endTime="2025-02-28T10:34:03.4029737+00:00" testType="13cdc9d9-ddb5-4fa4-a97d-d965ccfc6d4b" outcome="Passed" testListId="8c84fa94-04c1-424b-9868-57a2d4851a1d" relativeResultsDirectory="c1b96dad-99aa-4964-9961-93fc37005eb0" />
    <UnitTestResult executionId="99eab9bb-adb8-4e64-bd93-e969da08f32a" testId="6d542aa6-c960-006f-8f96-9eb40861a2d6" testName="Dft.DTRO.Tests.ServicesTests.Validations.RegulationValidationTests.ValidateGeneralRegulationRegulationType(regulationType: &quot;nonOrderMovementBoxJunction&quot;, errorCount: 0)" computerName="PA_AP-3UINUHLUM" duration="00:00:00.0003953" startTime="2025-02-28T10:34:03.7626280+00:00" endTime="2025-02-28T10:34:03.7634407+00:00" testType="13cdc9d9-ddb5-4fa4-a97d-d965ccfc6d4b" outcome="Passed" testListId="8c84fa94-04c1-424b-9868-57a2d4851a1d" relativeResultsDirectory="99eab9bb-adb8-4e64-bd93-e969da08f32a" />
    <UnitTestResult executionId="fdb26209-8e5f-4923-941f-50ae49079b1f" testId="e2001511-bd3d-2cb4-d129-4724bed5f91b" testName="Dft.DTRO.Tests.ServicesTests.Validations.JsonLogicValidationTests.AllowsTaInSwaRules" computerName="PA_AP-3UINUHLUM" duration="00:00:00.0120219" startTime="2025-02-28T10:34:04.6165526+00:00" endTime="2025-02-28T10:34:04.6291366+00:00" testType="13cdc9d9-ddb5-4fa4-a97d-d965ccfc6d4b" outcome="Passed" testListId="8c84fa94-04c1-424b-9868-57a2d4851a1d" relativeResultsDirectory="fdb26209-8e5f-4923-941f-50ae49079b1f" />
    <UnitTestResult executionId="f52cdaf8-b673-45d6-9332-6e5b0f2efb50" testId="bff7cb51-93aa-b1a4-055b-6913bedecd72" testName="Dft.DTRO.Tests.ServicesTests.Validations.SourceValidationServiceTests.ValidateSourceTraCreator(version: &quot;3.3.0&quot;, traCode: 1000, errorCount: 2)" computerName="PA_AP-3UINUHLUM" duration="00:00:00.0005506" startTime="2025-02-28T10:34:03.7633592+00:00" endTime="2025-02-28T10:34:03.7641702+00:00" testType="13cdc9d9-ddb5-4fa4-a97d-d965ccfc6d4b" outcome="Passed" testListId="8c84fa94-04c1-424b-9868-57a2d4851a1d" relativeResultsDirectory="f52cdaf8-b673-45d6-9332-6e5b0f2efb50" />
    <UnitTestResult executionId="68f3afca-e372-48bf-b786-38d8f845d383" testId="ca11e439-bd93-459c-159a-31bf81fd3334" testName="Dft.DTRO.Tests.CodeiumTests.Rules.Service.RuleTemplateServiceTests.SaveRuleTemplateAsJsonAsync_Success" computerName="PA_AP-3UINUHLUM" duration="00:00:00.0014719" startTime="2025-02-28T10:34:03.5160963+00:00" endTime="2025-02-28T10:34:03.5174877+00:00" testType="13cdc9d9-ddb5-4fa4-a97d-d965ccfc6d4b" outcome="Passed" testListId="8c84fa94-04c1-424b-9868-57a2d4851a1d" relativeResultsDirectory="68f3afca-e372-48bf-b786-38d8f845d383" />
    <UnitTestResult executionId="71910577-70be-4b05-a0ed-4ad95e0af56c" testId="3d8965fa-8ba4-35da-5ad7-3f4171e2f174" testName="Dft.DTRO.Tests.ServicesTests.Validations.RateLineValidationServiceTests.ValidateRateLineDuration(conditionType: &quot;Condition&quot;, description: &quot;&quot;, errorCount: 1)" computerName="PA_AP-3UINUHLUM" duration="00:00:00.0004748" startTime="2025-02-28T10:34:03.4158344+00:00" endTime="2025-02-28T10:34:03.4159416+00:00" testType="13cdc9d9-ddb5-4fa4-a97d-d965ccfc6d4b" outcome="Passed" testListId="8c84fa94-04c1-424b-9868-57a2d4851a1d" relativeResultsDirectory="71910577-70be-4b05-a0ed-4ad95e0af56c" />
    <UnitTestResult executionId="e4534faf-a963-4ce1-be86-08704bc658cd" testId="b0fc5090-f04e-167f-e7a7-78e5c58f18c1" testName="Dft.DTRO.Tests.CodeiumTests.Users.Controller.UserControllerCreateFromBodyTests.CreateFromBody_ReturnsCreated_WithGuidResponse" computerName="PA_AP-3UINUHLUM" duration="00:00:00.0076716" startTime="2025-02-28T10:34:03.6724347+00:00" endTime="2025-02-28T10:34:03.7112776+00:00" testType="13cdc9d9-ddb5-4fa4-a97d-d965ccfc6d4b" outcome="Passed" testListId="8c84fa94-04c1-424b-9868-57a2d4851a1d" relativeResultsDirectory="e4534faf-a963-4ce1-be86-08704bc658cd" />
    <UnitTestResult executionId="5414d119-47d2-420e-b78a-15656223da8b" testId="9c6544f3-c93b-0c78-3099-2e281ee37c28" testName="Dft.DTRO.Tests.UnitTests.Proj4SpatialProjectionTests.CoordinateProjection_ProducesResultsWithinErrorMargin(longitude: -7.5599999999999996, latitude: 49.960000000000001, expectedLongitude: 1398.2999115829, expectedLatitude: 21477.17948984)" computerName="PA_AP-3UINUHLUM" duration="00:00:00.0004000" startTime="2025-02-28T10:34:03.4703283+00:00" endTime="2025-02-28T10:34:03.4704221+00:00" testType="13cdc9d9-ddb5-4fa4-a97d-d965ccfc6d4b" outcome="Passed" testListId="8c84fa94-04c1-424b-9868-57a2d4851a1d" relativeResultsDirectory="5414d119-47d2-420e-b78a-15656223da8b" />
    <UnitTestResult executionId="0b1de1de-6103-415b-9db2-1bc0ba63cc3a" testId="9eb0818c-6bb1-beaf-b4d1-ffa0e60e013a" testName="Dft.DTRO.Tests.ServicesTests.Validations.ConditionValidationServiceTests.ValidateConditionReturnsNoErrorsWhenOneConditionIsPresent" computerName="PA_AP-3UINUHLUM" duration="00:00:00.0564161" startTime="2025-02-28T10:34:03.3018213+00:00" endTime="2025-02-28T10:34:03.3522781+00:00" testType="13cdc9d9-ddb5-4fa4-a97d-d965ccfc6d4b" outcome="Passed" testListId="8c84fa94-04c1-424b-9868-57a2d4851a1d" relativeResultsDirectory="0b1de1de-6103-415b-9db2-1bc0ba63cc3a" />
    <UnitTestResult executionId="ea496f2a-c2e9-4190-9166-82994472ce9e" testId="65b87c1c-eb9c-d015-2b22-c20ef1347992" testName="Dft.DTRO.Tests.CodeiumTests.Users.Service.UserServiceTests.SearchDtroUsersAsync_ByPartialName_ShouldReturnUsers" computerName="PA_AP-3UINUHLUM" duration="00:00:00.0040657" startTime="2025-02-28T10:34:03.5782522+00:00" endTime="2025-02-28T10:34:03.5806953+00:00" testType="13cdc9d9-ddb5-4fa4-a97d-d965ccfc6d4b" outcome="Passed" testListId="8c84fa94-04c1-424b-9868-57a2d4851a1d" relativeResultsDirectory="ea496f2a-c2e9-4190-9166-82994472ce9e" />
    <UnitTestResult executionId="a0354fd8-69d9-4b9e-97eb-737db5f07813" testId="40f912ca-c928-103d-aadb-7dfb026e8eb2" testName="Dft.DTRO.Tests.ServicesTests.Validations.ProvisionValidationServiceTests.ValidateProvisionOrderReportingPointTypeForSchema324(orderReportingPointType: &quot;experimentalAmendment&quot;, errorCount: 0)" computerName="PA_AP-3UINUHLUM" duration="00:00:00.0001079" startTime="2025-02-28T10:34:03.4585549+00:00" endTime="2025-02-28T10:34:03.4586338+00:00" testType="13cdc9d9-ddb5-4fa4-a97d-d965ccfc6d4b" outcome="Passed" testListId="8c84fa94-04c1-424b-9868-57a2d4851a1d" relativeResultsDirectory="a0354fd8-69d9-4b9e-97eb-737db5f07813" />
    <UnitTestResult executionId="23575d6e-c63d-4dbf-a5cc-32323307adf0" testId="cdf6d90f-1c19-8d15-0771-fe6764b0a239" testName="Dft.DTRO.Tests.ServicesTests.Validations.ProvisionValidationServiceTests.ValidateProvisionActionTypeForSchema330(actionType: &quot;something&quot;, errorCount: 1)" computerName="PA_AP-3UINUHLUM" duration="00:00:00.0001901" startTime="2025-02-28T10:34:03.4535931+00:00" endTime="2025-02-28T10:34:03.4537213+00:00" testType="13cdc9d9-ddb5-4fa4-a97d-d965ccfc6d4b" outcome="Passed" testListId="8c84fa94-04c1-424b-9868-57a2d4851a1d" relativeResultsDirectory="23575d6e-c63d-4dbf-a5cc-32323307adf0" />
    <UnitTestResult executionId="02d22748-0961-4a39-b9f6-bec639bd53a7" testId="7cd188eb-5259-41ab-5a00-e31c3e6c2710" testName="Dft.DTRO.Tests.ServicesTests.Validations.JsonLogicValidationTests.AllowsValidPeriodToBeMissing" computerName="PA_AP-3UINUHLUM" duration="00:00:00.0161077" startTime="2025-02-28T10:34:04.1453861+00:00" endTime="2025-02-28T10:34:04.1620560+00:00" testType="13cdc9d9-ddb5-4fa4-a97d-d965ccfc6d4b" outcome="Passed" testListId="8c84fa94-04c1-424b-9868-57a2d4851a1d" relativeResultsDirectory="02d22748-0961-4a39-b9f6-bec639bd53a7" />
    <UnitTestResult executionId="86794800-bcb9-445f-9ddc-fe58b59e709f" testId="86f999aa-9ba8-c9d3-01e3-ef9686a88023" testName="Dft.DTRO.Tests.ServicesTests.Validations.JsonLogicValidationTests.DisallowHeightCharacteristicInvalidForRegulationTypeDimensionMaximumHeightWithTro" computerName="PA_AP-3UINUHLUM" duration="00:00:00.0148698" startTime="2025-02-28T10:34:03.9551629+00:00" endTime="2025-02-28T10:34:03.9704225+00:00" testType="13cdc9d9-ddb5-4fa4-a97d-d965ccfc6d4b" outcome="Passed" testListId="8c84fa94-04c1-424b-9868-57a2d4851a1d" relativeResultsDirectory="86794800-bcb9-445f-9ddc-fe58b59e709f" />
    <UnitTestResult executionId="cf4ba72a-3a19-421e-b956-0deaf9adbe09" testId="19bbb926-1520-0b26-c383-44a7495d44a0" testName="ApplicationControllerTests.GetApplicationsValidUserReturnsOk" computerName="PA_AP-3UINUHLUM" duration="00:00:00.0018212" startTime="2025-02-28T10:34:03.5647674+00:00" endTime="2025-02-28T10:34:03.5663027+00:00" testType="13cdc9d9-ddb5-4fa4-a97d-d965ccfc6d4b" outcome="Passed" testListId="8c84fa94-04c1-424b-9868-57a2d4851a1d" relativeResultsDirectory="cf4ba72a-3a19-421e-b956-0deaf9adbe09" />
    <UnitTestResult executionId="3d036b94-e011-4e95-8f72-77c016b50198" testId="f6178ffd-c673-175e-41ef-f8dd82ec939c" testName="Dft.DTRO.Tests.ServicesTests.Validations.JsonLogicValidationTests.DisallowHeaviestAxleWeightCharacteristicInvalidForRegulationTypes(regulationType: &quot;dimensionMaximumWeightStructural&quot;)" computerName="PA_AP-3UINUHLUM" duration="00:00:00.0108119" startTime="2025-02-28T10:34:04.4306165+00:00" endTime="2025-02-28T10:34:04.4407324+00:00" testType="13cdc9d9-ddb5-4fa4-a97d-d965ccfc6d4b" outcome="Passed" testListId="8c84fa94-04c1-424b-9868-57a2d4851a1d" relativeResultsDirectory="3d036b94-e011-4e95-8f72-77c016b50198" />
    <UnitTestResult executionId="6f3e54ea-7030-4e84-86c9-6da69de0cd32" testId="ae7d1064-0796-909c-9abc-aa6352ee99b4" testName="Dft.DTRO.Tests.ServicesTests.Validations.RegulationValidationTests.ValidateGeneralRegulationRegulationType(regulationType: &quot;kerbsidePaymentParkingPlace&quot;, errorCount: 0)" computerName="PA_AP-3UINUHLUM" duration="00:00:00.0003334" startTime="2025-02-28T10:34:03.8242443+00:00" endTime="2025-02-28T10:34:03.8246235+00:00" testType="13cdc9d9-ddb5-4fa4-a97d-d965ccfc6d4b" outcome="Passed" testListId="8c84fa94-04c1-424b-9868-57a2d4851a1d" relativeResultsDirectory="6f3e54ea-7030-4e84-86c9-6da69de0cd32" />
    <UnitTestResult executionId="c8d28827-4df1-466d-a55f-97b715514e39" testId="202ca08c-90a0-7c26-05f1-30c7e2c8bd6a" testName="Dft.DTRO.Tests.ServicesTests.Validations.RegulationValidationTests.ValidateGeneralRegulationRegulationType(regulationType: &quot;miscSuspensionOfOneWay&quot;, errorCount: 0)" computerName="PA_AP-3UINUHLUM" duration="00:00:00.0003039" startTime="2025-02-28T10:34:03.7622652+00:00" endTime="2025-02-28T10:34:03.7623788+00:00" testType="13cdc9d9-ddb5-4fa4-a97d-d965ccfc6d4b" outcome="Passed" testListId="8c84fa94-04c1-424b-9868-57a2d4851a1d" relativeResultsDirectory="c8d28827-4df1-466d-a55f-97b715514e39" />
    <UnitTestResult executionId="7c28dad9-a710-4dbf-98ad-c0d14d94aeeb" testId="e4201408-b578-6dcf-2bf5-eb6a0da370c7" testName="Dft.DTRO.Tests.ServicesTests.Validations.ExternalReferenceValidationServiceTests.ValidateMultipleExternalReferencesWithDifferentGeometriesLastUpdatedDate" computerName="PA_AP-3UINUHLUM" duration="00:00:00.0012875" startTime="2025-02-28T10:34:03.6782161+00:00" endTime="2025-02-28T10:34:03.6909970+00:00" testType="13cdc9d9-ddb5-4fa4-a97d-d965ccfc6d4b" outcome="Passed" testListId="8c84fa94-04c1-424b-9868-57a2d4851a1d" relativeResultsDirectory="7c28dad9-a710-4dbf-98ad-c0d14d94aeeb" />
    <UnitTestResult executionId="bf7dbc35-0d77-4a31-9102-6cae67a517b7" testId="167a65fb-4072-06f8-c1d4-2c8222baa594" testName="DfT.DTRO.Tests.CodeiumTests.Integration.SchemaController_Codeium_Tests.GetSchemaById_InvalidId_ReturnsNotFound" computerName="PA_AP-3UINUHLUM" duration="00:00:00.0092900" startTime="2025-02-28T10:34:03.8760154+00:00" endTime="2025-02-28T10:34:03.8762693+00:00" testType="13cdc9d9-ddb5-4fa4-a97d-d965ccfc6d4b" outcome="Passed" testListId="8c84fa94-04c1-424b-9868-57a2d4851a1d" relativeResultsDirectory="bf7dbc35-0d77-4a31-9102-6cae67a517b7" />
    <UnitTestResult executionId="4a7658a7-0265-4270-8149-29e3f1dbde14" testId="9815ef8a-cf74-0924-748e-a5319474f817" testName="Dft.DTRO.Tests.ServicesTests.Validations.RateLineValidationServiceTests.ValidateRateLineDurationEnd(conditionType: &quot;Condition&quot;, durationEnd: 1000, errorCount: 0)" computerName="PA_AP-3UINUHLUM" duration="00:00:00.0001833" startTime="2025-02-28T10:34:03.3955044+00:00" endTime="2025-02-28T10:34:03.3956302+00:00" testType="13cdc9d9-ddb5-4fa4-a97d-d965ccfc6d4b" outcome="Passed" testListId="8c84fa94-04c1-424b-9868-57a2d4851a1d" relativeResultsDirectory="4a7658a7-0265-4270-8149-29e3f1dbde14" />
    <UnitTestResult executionId="8d13148d-416c-402d-bd70-1030fc0895df" testId="0c9a5da5-caf1-6b16-eb49-c0fb0ca90a23" testName="DfT.DTRO.Tests.CodeiumTests.Integration.SchemaController_Codeium_Tests.DeActivateSchema_WhenSchemaTemplateServiceSucceeds_ReturnsOk" computerName="PA_AP-3UINUHLUM" duration="00:00:00.0097286" startTime="2025-02-28T10:34:03.8763997+00:00" endTime="2025-02-28T10:34:03.8772358+00:00" testType="13cdc9d9-ddb5-4fa4-a97d-d965ccfc6d4b" outcome="Passed" testListId="8c84fa94-04c1-424b-9868-57a2d4851a1d" relativeResultsDirectory="8d13148d-416c-402d-bd70-1030fc0895df" />
    <UnitTestResult executionId="f17d8787-c2e0-43eb-ae67-2d29d0439160" testId="e013788d-3e35-3f07-e2ee-11ac5735037e" testName="DfT.DTRO.Tests.CodeiumTests.Integration.DTROsController_Codeium_Tests.DeleteDtro_ValidId_ReturnsNoContent" computerName="PA_AP-3UINUHLUM" duration="00:00:00.0118396" startTime="2025-02-28T10:34:03.8313025+00:00" endTime="2025-02-28T10:34:03.8674675+00:00" testType="13cdc9d9-ddb5-4fa4-a97d-d965ccfc6d4b" outcome="Passed" testListId="8c84fa94-04c1-424b-9868-57a2d4851a1d" relativeResultsDirectory="f17d8787-c2e0-43eb-ae67-2d29d0439160" />
    <UnitTestResult executionId="79866938-f6b5-423c-8aa9-8516daa3b61b" testId="3ba850b3-02c9-45d9-9f8c-ee8c0cf88ad3" testName="Dft.DTRO.Tests.ServicesTests.Validations.RegulationValidationTests.ValidateGeneralRegulationRegulationType(regulationType: &quot;mandatoryDirectionLeftTurnOnly&quot;, errorCount: 0)" computerName="PA_AP-3UINUHLUM" duration="00:00:00.0003126" startTime="2025-02-28T10:34:03.7882824+00:00" endTime="2025-02-28T10:34:03.7886819+00:00" testType="13cdc9d9-ddb5-4fa4-a97d-d965ccfc6d4b" outcome="Passed" testListId="8c84fa94-04c1-424b-9868-57a2d4851a1d" relativeResultsDirectory="79866938-f6b5-423c-8aa9-8516daa3b61b" />
    <UnitTestResult executionId="cf45c91b-7033-4980-9d3a-50c3e5d75f82" testId="f8ee3e53-c2f8-85e8-454f-626ec1d4c902" testName="Dft.DTRO.Tests.ServicesTests.Validations.ProvisionValidationServiceTests.ValidateProvisionOrderReportingPointTypeForSchema330(orderReportingPointType: &quot;ttroTtmoRevocation&quot;, errorCount: 0)" computerName="PA_AP-3UINUHLUM" duration="00:00:00.0001379" startTime="2025-02-28T10:34:03.4349167+00:00" endTime="2025-02-28T10:34:03.4350979+00:00" testType="13cdc9d9-ddb5-4fa4-a97d-d965ccfc6d4b" outcome="Passed" testListId="8c84fa94-04c1-424b-9868-57a2d4851a1d" relativeResultsDirectory="cf45c91b-7033-4980-9d3a-50c3e5d75f82" />
    <UnitTestResult executionId="2b574d03-679e-4ea6-8477-5d468435379e" testId="962d3a09-014f-3b97-2379-31aa2ef13b7d" testName="Dft.DTRO.Tests.CodeiumTests.Users.Service.UserServiceTests.GetAllDtroUsersAsync_ShouldReturnAllUsers" computerName="PA_AP-3UINUHLUM" duration="00:00:00.0038534" startTime="2025-02-28T10:34:03.5590576+00:00" endTime="2025-02-28T10:34:03.5625222+00:00" testType="13cdc9d9-ddb5-4fa4-a97d-d965ccfc6d4b" outcome="Passed" testListId="8c84fa94-04c1-424b-9868-57a2d4851a1d" relativeResultsDirectory="2b574d03-679e-4ea6-8477-5d468435379e" />
    <UnitTestResult executionId="4a259856-bd1a-40cb-8030-e6bfb5f804bb" testId="fdb91b9f-8c7b-92f0-1767-4b2e70d10861" testName="Dft.DTRO.Tests.ServicesTests.Validations.RegulationValidationTests.ValidateGeneralRegulationRegulationType(regulationType: &quot;kerbsideControlledParkingZone&quot;, errorCount: 0)" computerName="PA_AP-3UINUHLUM" duration="00:00:00.0004120" startTime="2025-02-28T10:34:03.8092712+00:00" endTime="2025-02-28T10:34:03.8119124+00:00" testType="13cdc9d9-ddb5-4fa4-a97d-d965ccfc6d4b" outcome="Passed" testListId="8c84fa94-04c1-424b-9868-57a2d4851a1d" relativeResultsDirectory="4a259856-bd1a-40cb-8030-e6bfb5f804bb" />
    <UnitTestResult executionId="f6d55f87-d842-4e36-91d6-74e6d7971ce7" testId="09e09360-919a-94f8-6acf-4cede5e43872" testName="Dft.DTRO.Tests.ServicesTests.Validations.RateLineValidationServiceTests.ValidateRateLineRateLineType(conditionType: &quot;Condition&quot;, rateLineType: &quot;flatRate&quot;, errorCount: 0)" computerName="PA_AP-3UINUHLUM" duration="00:00:00.0001349" startTime="2025-02-28T10:34:03.4143785+00:00" endTime="2025-02-28T10:34:03.4145081+00:00" testType="13cdc9d9-ddb5-4fa4-a97d-d965ccfc6d4b" outcome="Passed" testListId="8c84fa94-04c1-424b-9868-57a2d4851a1d" relativeResultsDirectory="f6d55f87-d842-4e36-91d6-74e6d7971ce7" />
    <UnitTestResult executionId="ce9b4810-d52a-4c44-9e8a-1cdd2d72cdeb" testId="baaefc24-7a87-875d-4ebc-eb3d831a8ba7" testName="Dft.DTRO.Tests.ServicesTests.Validations.RegulationValidationTests.ValidateGeneralRegulationRegulationType(regulationType: &quot;kerbsideDoubleRedLines&quot;, errorCount: 0)" computerName="PA_AP-3UINUHLUM" duration="00:00:00.0003245" startTime="2025-02-28T10:34:03.7938615+00:00" endTime="2025-02-28T10:34:03.7939728+00:00" testType="13cdc9d9-ddb5-4fa4-a97d-d965ccfc6d4b" outcome="Passed" testListId="8c84fa94-04c1-424b-9868-57a2d4851a1d" relativeResultsDirectory="ce9b4810-d52a-4c44-9e8a-1cdd2d72cdeb" />
    <UnitTestResult executionId="8821b896-ebc8-469e-8fe0-6fbd19e54891" testId="3c5342c7-3a69-abad-4b58-b383c51ca2dc" testName="Dft.DTRO.Tests.ServicesTests.Validations.ProvisionValidationServiceTests.ValidateProvisionActionTypeForSchema330(actionType: &quot;partialRevoke&quot;, errorCount: 0)" computerName="PA_AP-3UINUHLUM" duration="00:00:00.0001385" startTime="2025-02-28T10:34:03.4538925+00:00" endTime="2025-02-28T10:34:03.4539819+00:00" testType="13cdc9d9-ddb5-4fa4-a97d-d965ccfc6d4b" outcome="Passed" testListId="8c84fa94-04c1-424b-9868-57a2d4851a1d" relativeResultsDirectory="8821b896-ebc8-469e-8fe0-6fbd19e54891" />
    <UnitTestResult executionId="0ca73737-8ce5-437b-8c56-57e5dc2dc3d8" testId="f06993e6-d46e-e83b-06f0-c11ec448b3ea" testName="DfT.DTRO.Tests.CodeiumTests.Integration.SchemaController_Codeium_Tests.GetSchema_ReturnsBadRequestResult" computerName="PA_AP-3UINUHLUM" duration="00:00:00.0067426" startTime="2025-02-28T10:34:03.8821763+00:00" endTime="2025-02-28T10:34:03.8823991+00:00" testType="13cdc9d9-ddb5-4fa4-a97d-d965ccfc6d4b" outcome="Passed" testListId="8c84fa94-04c1-424b-9868-57a2d4851a1d" relativeResultsDirectory="0ca73737-8ce5-437b-8c56-57e5dc2dc3d8" />
    <UnitTestResult executionId="0eb57e7f-addf-4aa4-8091-1527ee321a78" testId="02f27a45-61c1-c0be-a770-4dbeb278d254" testName="Dft.DTRO.Tests.ControllerTests.DTROsControllerTests.UpdateFromFileThrowsNotFoundException" computerName="PA_AP-3UINUHLUM" duration="00:00:00.1006957" startTime="2025-02-28T10:34:03.5931798+00:00" endTime="2025-02-28T10:34:03.8114225+00:00" testType="13cdc9d9-ddb5-4fa4-a97d-d965ccfc6d4b" outcome="Passed" testListId="8c84fa94-04c1-424b-9868-57a2d4851a1d" relativeResultsDirectory="0eb57e7f-addf-4aa4-8091-1527ee321a78" />
    <UnitTestResult executionId="41fcf299-b8a3-445d-9c7d-da0440f133b2" testId="bfbd1fe8-c6d4-a72f-c3bc-c829bb915128" testName="Dft.DTRO.Tests.ServicesTests.Validations.RateLineCollectionValidationServiceTests.ValidateRateLineCollectionMaxTime(conditionType: &quot;Condition&quot;, maxTime: 0, errorCount: 1)" computerName="PA_AP-3UINUHLUM" duration="00:00:00.0009696" startTime="2025-02-28T10:34:03.6220920+00:00" endTime="2025-02-28T10:34:03.6249460+00:00" testType="13cdc9d9-ddb5-4fa4-a97d-d965ccfc6d4b" outcome="Passed" testListId="8c84fa94-04c1-424b-9868-57a2d4851a1d" relativeResultsDirectory="41fcf299-b8a3-445d-9c7d-da0440f133b2" />
    <UnitTestResult executionId="9ac1eb64-09e1-41c9-b2d0-1012c3a9d4b4" testId="ede16b30-5e35-6372-a326-10d61a90a3d6" testName="Dft.DTRO.Tests.ServicesTests.Validations.RegulationValidationTests.ValidateGeneralRegulationRegulationType(regulationType: &quot;miscCongestionLowEmissionZone&quot;, errorCount: 0)" computerName="PA_AP-3UINUHLUM" duration="00:00:00.0003869" startTime="2025-02-28T10:34:03.7930234+00:00" endTime="2025-02-28T10:34:03.7934171+00:00" testType="13cdc9d9-ddb5-4fa4-a97d-d965ccfc6d4b" outcome="Passed" testListId="8c84fa94-04c1-424b-9868-57a2d4851a1d" relativeResultsDirectory="9ac1eb64-09e1-41c9-b2d0-1012c3a9d4b4" />
    <UnitTestResult executionId="f83db271-a49d-4dcc-9807-4e19cab21cac" testId="96ccc192-e2ef-3f46-2a40-1c19aecfb034" testName="Dft.DTRO.Tests.ServicesTests.Validations.RegulationValidationTests.ValidateGeneralRegulationRegulationType(regulationType: &quot;miscContraflowBusLane&quot;, errorCount: 0)" computerName="PA_AP-3UINUHLUM" duration="00:00:00.0204047" startTime="2025-02-28T10:34:03.7554002+00:00" endTime="2025-02-28T10:34:03.7570065+00:00" testType="13cdc9d9-ddb5-4fa4-a97d-d965ccfc6d4b" outcome="Passed" testListId="8c84fa94-04c1-424b-9868-57a2d4851a1d" relativeResultsDirectory="f83db271-a49d-4dcc-9807-4e19cab21cac" />
    <UnitTestResult executionId="bc1de427-d0fe-4daa-9984-7531c4b22a25" testId="70ada400-13ce-ab7e-a298-b102d1fffd27" testName="Dft.DTRO.Tests.ServicesTests.Validations.RateLineValidationServiceTests.ValidateRateLineDuration(conditionType: &quot;ConditionSet&quot;, description: &quot;&quot;, errorCount: 1)" computerName="PA_AP-3UINUHLUM" duration="00:00:00.0001856" startTime="2025-02-28T10:34:03.4173537+00:00" endTime="2025-02-28T10:34:03.4174474+00:00" testType="13cdc9d9-ddb5-4fa4-a97d-d965ccfc6d4b" outcome="Passed" testListId="8c84fa94-04c1-424b-9868-57a2d4851a1d" relativeResultsDirectory="bc1de427-d0fe-4daa-9984-7531c4b22a25" />
    <UnitTestResult executionId="81ee7e10-19c3-4968-807b-c960575f9c89" testId="a2b2f5c2-467a-45f9-4ca9-e16ad38ed5f7" testName="Dft.DTRO.Tests.CodeiumTests.Rules.Controller.RulesControllerUpdateTests.UpdateRule_WithValidFile_ReturnsCreatedAtAction" computerName="PA_AP-3UINUHLUM" duration="00:00:00.3078466" startTime="2025-02-28T10:34:03.3045732+00:00" endTime="2025-02-28T10:34:03.5897784+00:00" testType="13cdc9d9-ddb5-4fa4-a97d-d965ccfc6d4b" outcome="Passed" testListId="8c84fa94-04c1-424b-9868-57a2d4851a1d" relativeResultsDirectory="81ee7e10-19c3-4968-807b-c960575f9c89" />
    <UnitTestResult executionId="34bc7ca8-5ca0-4134-ab46-f67fde07a182" testId="156bef2f-7815-e37f-cfa9-05a6c5bcd60e" testName="Dft.DTRO.Tests.ServicesTests.Validations.SemanticValidationServiceTests.AllowsCoordinatesWithinPolygon(version: &quot;3.2.4&quot;)" computerName="PA_AP-3UINUHLUM" duration="00:00:00.0016430" startTime="2025-02-28T10:34:03.6199940+00:00" endTime="2025-02-28T10:34:03.6236236+00:00" testType="13cdc9d9-ddb5-4fa4-a97d-d965ccfc6d4b" outcome="Passed" testListId="8c84fa94-04c1-424b-9868-57a2d4851a1d" relativeResultsDirectory="34bc7ca8-5ca0-4134-ab46-f67fde07a182" />
    <UnitTestResult executionId="98d79c1d-2ba5-4a72-aaa2-be3d19c1c228" testId="d5f0f279-8c49-6d01-c59c-a15b6d46fe6b" testName="Dft.DTRO.Tests.ServicesTests.Validations.UniqueStreetReferenceNumberValidationServiceTests.ValidateUniqueStreetReferenceNumberUsrn(usrn: 39605715, errorCount: 0)" computerName="PA_AP-3UINUHLUM" duration="00:00:00.0004317" startTime="2025-02-28T10:34:03.3924400+00:00" endTime="2025-02-28T10:34:03.3925289+00:00" testType="13cdc9d9-ddb5-4fa4-a97d-d965ccfc6d4b" outcome="Passed" testListId="8c84fa94-04c1-424b-9868-57a2d4851a1d" relativeResultsDirectory="98d79c1d-2ba5-4a72-aaa2-be3d19c1c228" />
    <UnitTestResult executionId="2154b3fc-18e7-4e47-8fc3-3509a1cda156" testId="d0b7b9de-5eb3-f0f4-936e-4bc7ecfad36e" testName="Dft.DTRO.Tests.ServicesTests.Validations.JsonLogicValidationTests.DisallowsDuplicateWeekInMonthInValidityPeriod" computerName="PA_AP-3UINUHLUM" duration="00:00:00.0104703" startTime="2025-02-28T10:34:04.5006183+00:00" endTime="2025-02-28T10:34:04.5115776+00:00" testType="13cdc9d9-ddb5-4fa4-a97d-d965ccfc6d4b" outcome="Passed" testListId="8c84fa94-04c1-424b-9868-57a2d4851a1d" relativeResultsDirectory="2154b3fc-18e7-4e47-8fc3-3509a1cda156" />
    <UnitTestResult executionId="3ff318c7-6fd9-48a7-af34-c6197042e6a7" testId="ed630027-896a-62f3-6a2c-3a292d548ff2" testName="DfT.DTRO.Tests.CodeiumTests.Integration.DTROsController_Codeium_Tests.GetDtroById_ExistingDtro_ReturnsDtro" computerName="PA_AP-3UINUHLUM" duration="00:00:00.0058269" startTime="2025-02-28T10:34:03.8706987+00:00" endTime="2025-02-28T10:34:03.8729714+00:00" testType="13cdc9d9-ddb5-4fa4-a97d-d965ccfc6d4b" outcome="Passed" testListId="8c84fa94-04c1-424b-9868-57a2d4851a1d" relativeResultsDirectory="3ff318c7-6fd9-48a7-af34-c6197042e6a7" />
    <UnitTestResult executionId="4ae6bcad-3203-4343-8599-83d5ba061696" testId="0f5f46b7-ed1f-3c82-c28a-a5bbcc372818" testName="Dft.DTRO.Tests.ServicesTests.Validations.RegulationValidationTests.ValidateGeneralRegulationRegulationType(regulationType: &quot;miscTemporaryParkingRestriction&quot;, errorCount: 0)" computerName="PA_AP-3UINUHLUM" duration="00:00:00.0003722" startTime="2025-02-28T10:34:03.8078853+00:00" endTime="2025-02-28T10:34:03.8079855+00:00" testType="13cdc9d9-ddb5-4fa4-a97d-d965ccfc6d4b" outcome="Passed" testListId="8c84fa94-04c1-424b-9868-57a2d4851a1d" relativeResultsDirectory="4ae6bcad-3203-4343-8599-83d5ba061696" />
    <UnitTestResult executionId="d7ca90df-fc07-4f79-bebd-bf225c7f504f" testId="bd526214-b651-2179-99c3-a5fdf10af759" testName="Dft.DTRO.Tests.ServicesTests.Validations.UniqueStreetReferenceNumberValidationServiceTests.ValidateUniqueStreetReferenceNumberMultipleSimilarUsrn" computerName="PA_AP-3UINUHLUM" duration="00:00:00.0011750" startTime="2025-02-28T10:34:03.3928010+00:00" endTime="2025-02-28T10:34:03.3932106+00:00" testType="13cdc9d9-ddb5-4fa4-a97d-d965ccfc6d4b" outcome="Passed" testListId="8c84fa94-04c1-424b-9868-57a2d4851a1d" relativeResultsDirectory="d7ca90df-fc07-4f79-bebd-bf225c7f504f" />
    <UnitTestResult executionId="eae3ab2c-4f12-4cc5-91ca-c35e6d93b8bf" testId="8f10b12f-0fc1-7ea8-0d3e-99a1fd1782cc" testName="Dft.DTRO.Tests.CodeiumTests.Metrics.Service.MetricsServiceTests.CheckDataBase_ValidConnection_ReturnsTrue" computerName="PA_AP-3UINUHLUM" duration="00:00:00.0028267" startTime="2025-02-28T10:34:03.4746978+00:00" endTime="2025-02-28T10:34:03.4752196+00:00" testType="13cdc9d9-ddb5-4fa4-a97d-d965ccfc6d4b" outcome="Passed" testListId="8c84fa94-04c1-424b-9868-57a2d4851a1d" relativeResultsDirectory="eae3ab2c-4f12-4cc5-91ca-c35e6d93b8bf" />
    <UnitTestResult executionId="95b065f6-bbd7-4b35-80d6-975b3a0be204" testId="c7c49bc2-8426-a4ca-0659-74860b7a9f77" testName="Dft.DTRO.Tests.ServicesTests.Validations.JsonLogicValidationTests.DisallowHeightCharacteristicInvalidForRegulationTypeDimensionMaximumHeightStructural" computerName="PA_AP-3UINUHLUM" duration="00:00:00.0104595" startTime="2025-02-28T10:34:04.6054000+00:00" endTime="2025-02-28T10:34:04.6163445+00:00" testType="13cdc9d9-ddb5-4fa4-a97d-d965ccfc6d4b" outcome="Passed" testListId="8c84fa94-04c1-424b-9868-57a2d4851a1d" relativeResultsDirectory="95b065f6-bbd7-4b35-80d6-975b3a0be204" />
    <UnitTestResult executionId="2bb1646b-98f2-473f-b2c6-2d357061dc5d" testId="fa677450-2c11-6c1d-e6db-68b08165a159" testName="Dft.DTRO.Tests.ServicesTests.Validations.JsonLogicValidationTests.AllowPublicationTimeWithinOneMonthOld" computerName="PA_AP-3UINUHLUM" duration="00:00:00.0169320" startTime="2025-02-28T10:34:04.0241345+00:00" endTime="2025-02-28T10:34:04.0415190+00:00" testType="13cdc9d9-ddb5-4fa4-a97d-d965ccfc6d4b" outcome="Passed" testListId="8c84fa94-04c1-424b-9868-57a2d4851a1d" relativeResultsDirectory="2bb1646b-98f2-473f-b2c6-2d357061dc5d" />
    <UnitTestResult executionId="f933e817-01c6-4e87-af2d-c970e287f711" testId="cf00bcad-3377-5df0-e760-6e16de44e136" testName="Dft.DTRO.Tests.ServicesTests.Validations.ElementaryStreetUnitValidationServiceTests.ValidateElementaryStreetUnitEsu(esu: 10000000, errorCount: 1)" computerName="PA_AP-3UINUHLUM" duration="00:00:00.0001360" startTime="2025-02-28T10:34:03.4250507+00:00" endTime="2025-02-28T10:34:03.4258519+00:00" testType="13cdc9d9-ddb5-4fa4-a97d-d965ccfc6d4b" outcome="Passed" testListId="8c84fa94-04c1-424b-9868-57a2d4851a1d" relativeResultsDirectory="f933e817-01c6-4e87-af2d-c970e287f711" />
    <UnitTestResult executionId="99642f49-5f33-49a0-bf4d-cb58982c5631" testId="cdbf507e-108a-157f-b4e9-c00de71225a1" testName="Dft.DTRO.Tests.ServicesTests.Validations.SourceValidationServiceTests.ValidateSourceActionType(version: &quot;3.3.0&quot;, actionType: &quot;noChange&quot;, traCode: 1050, errorCount: 0)" computerName="PA_AP-3UINUHLUM" duration="00:00:00.0002310" startTime="2025-02-28T10:34:03.7483087+00:00" endTime="2025-02-28T10:34:03.7484466+00:00" testType="13cdc9d9-ddb5-4fa4-a97d-d965ccfc6d4b" outcome="Passed" testListId="8c84fa94-04c1-424b-9868-57a2d4851a1d" relativeResultsDirectory="99642f49-5f33-49a0-bf4d-cb58982c5631" />
    <UnitTestResult executionId="db67e4b9-de9e-406b-86d0-66aebdb3ad21" testId="91e34eae-5e10-2c4d-2f0a-b1761fada1ce" testName="Dft.DTRO.Tests.ServicesTests.Validations.SemanticValidationServiceTests.WhenBritishNationalGridSpatialReferenceIsNotPresentReturnsError(version: &quot;3.2.4&quot;)" computerName="PA_AP-3UINUHLUM" duration="00:00:00.0103765" startTime="2025-02-28T10:34:03.6308551+00:00" endTime="2025-02-28T10:34:03.6619383+00:00" testType="13cdc9d9-ddb5-4fa4-a97d-d965ccfc6d4b" outcome="Passed" testListId="8c84fa94-04c1-424b-9868-57a2d4851a1d" relativeResultsDirectory="db67e4b9-de9e-406b-86d0-66aebdb3ad21" />
    <UnitTestResult executionId="8ead71bb-f8bd-4327-8b09-2c1933139ff8" testId="80561b9a-c836-8b20-8c0c-9496cb0dd45d" testName="Dft.DTRO.Tests.ServicesTests.Validations.GeometryValidationServiceTests.ValidateLinearGeometryLateralPosition(lateralPosition: &quot;wrong&quot;, schemaVersion: &quot;3.3.0&quot;, errorCount: 1)" computerName="PA_AP-3UINUHLUM" duration="00:00:00.0003240" startTime="2025-02-28T10:34:03.6002398+00:00" endTime="2025-02-28T10:34:03.6009627+00:00" testType="13cdc9d9-ddb5-4fa4-a97d-d965ccfc6d4b" outcome="Passed" testListId="8c84fa94-04c1-424b-9868-57a2d4851a1d" relativeResultsDirectory="8ead71bb-f8bd-4327-8b09-2c1933139ff8" />
    <UnitTestResult executionId="2377bb7e-0921-4bc5-bf8a-1ba86e53785e" testId="2c3b9660-5d82-eb0b-2a22-f2f948173332" testName="Dft.DTRO.Tests.ServicesTests.Validations.JsonLogicValidationTests.AllowMaxTimeAndOrMinTimeMissing" computerName="PA_AP-3UINUHLUM" duration="00:00:00.0100556" startTime="2025-02-28T10:34:03.9948699+00:00" endTime="2025-02-28T10:34:04.0053996+00:00" testType="13cdc9d9-ddb5-4fa4-a97d-d965ccfc6d4b" outcome="Passed" testListId="8c84fa94-04c1-424b-9868-57a2d4851a1d" relativeResultsDirectory="2377bb7e-0921-4bc5-bf8a-1ba86e53785e" />
    <UnitTestResult executionId="a7691a09-5b66-4d78-a927-419e4cb1bc10" testId="4a68d8f7-f1f6-26cf-5e45-a36ad5c1b9c6" testName="Dft.DTRO.Tests.ServicesTests.DTROs.GetDtrosTests.GenerateDtrosAsZipAsyncThrowsNotFoundExceptionWhenNoDtrosFound" computerName="PA_AP-3UINUHLUM" duration="00:00:00.0460872" startTime="2025-02-28T10:34:03.8281477+00:00" endTime="2025-02-28T10:34:03.8756724+00:00" testType="13cdc9d9-ddb5-4fa4-a97d-d965ccfc6d4b" outcome="Passed" testListId="8c84fa94-04c1-424b-9868-57a2d4851a1d" relativeResultsDirectory="a7691a09-5b66-4d78-a927-419e4cb1bc10" />
    <UnitTestResult executionId="8022c09f-e11f-48ce-8716-a698a0adb0e8" testId="58b7b539-1359-0b2b-d37b-ca7e7d393719" testName="DfT.DTRO.Tests.CodeiumTests.Integration.DTROsController_Codeium_Tests.CreateDtro_UnexpectedException_ReturnsInternalServerError" computerName="PA_AP-3UINUHLUM" duration="00:00:00.0108097" startTime="2025-02-28T10:34:03.8756077+00:00" endTime="2025-02-28T10:34:03.8764371+00:00" testType="13cdc9d9-ddb5-4fa4-a97d-d965ccfc6d4b" outcome="Passed" testListId="8c84fa94-04c1-424b-9868-57a2d4851a1d" relativeResultsDirectory="8022c09f-e11f-48ce-8716-a698a0adb0e8" />
    <UnitTestResult executionId="8c2ba8cc-bb3a-4408-b2b5-96f4bff29a12" testId="e71570a5-6ac1-152a-d868-316618e556bb" testName="Dft.DTRO.Tests.ServicesTests.Validations.RegulationValidationTests.ValidateGeneralRegulationRegulationType(regulationType: &quot;miscBaySuspension&quot;, errorCount: 0)" computerName="PA_AP-3UINUHLUM" duration="00:00:00.0003894" startTime="2025-02-28T10:34:03.8212094+00:00" endTime="2025-02-28T10:34:03.8220782+00:00" testType="13cdc9d9-ddb5-4fa4-a97d-d965ccfc6d4b" outcome="Passed" testListId="8c84fa94-04c1-424b-9868-57a2d4851a1d" relativeResultsDirectory="8c2ba8cc-bb3a-4408-b2b5-96f4bff29a12" />
    <UnitTestResult executionId="7e1a8e84-7210-4f96-a4d1-d7d9da792f21" testId="de7d8dcf-da6a-dd16-3049-a9bb6d820c64" testName="Dft.DTRO.Tests.ServicesTests.Validations.GeometryValidationServiceTests.ValidateLinearGeometryLinestring(linestring: &quot;ETR=S89;LINESTRING(502151 221149,502130 221168)&quot;, schemaVersion: &quot;3.3.0&quot;, errorCount: 1)" computerName="PA_AP-3UINUHLUM" duration="00:00:00.0005593" startTime="2025-02-28T10:34:03.6195616+00:00" endTime="2025-02-28T10:34:03.6201252+00:00" testType="13cdc9d9-ddb5-4fa4-a97d-d965ccfc6d4b" outcome="Passed" testListId="8c84fa94-04c1-424b-9868-57a2d4851a1d" relativeResultsDirectory="7e1a8e84-7210-4f96-a4d1-d7d9da792f21" />
    <UnitTestResult executionId="70263d05-b333-4c94-9543-b540574a710f" testId="7522e28f-c541-6689-7744-ced71c9ecc3b" testName="Dft.DTRO.Tests.ServicesTests.Validations.RegulationValidationTests.ValidateRegulationOffListRegulationRegulationFullText(regulationFullText: null, errorCount: 1)" computerName="PA_AP-3UINUHLUM" duration="00:00:00.0001482" startTime="2025-02-28T10:34:03.8670546+00:00" endTime="2025-02-28T10:34:03.8671285+00:00" testType="13cdc9d9-ddb5-4fa4-a97d-d965ccfc6d4b" outcome="Passed" testListId="8c84fa94-04c1-424b-9868-57a2d4851a1d" relativeResultsDirectory="70263d05-b333-4c94-9543-b540574a710f" />
    <UnitTestResult executionId="3a33e2b7-cbdc-4edf-9515-2c6476961a40" testId="e826c483-9934-e7c7-6a7f-00a0c30090d8" testName="Dft.DTRO.Tests.ServicesTests.Validations.RegulationValidationTests.ValidateSpeedLimitValueBasedSpeedValue(mphValue: 55, errorCount: 1)" computerName="PA_AP-3UINUHLUM" duration="00:00:00.0002496" startTime="2025-02-28T10:34:03.7374233+00:00" endTime="2025-02-28T10:34:03.7375219+00:00" testType="13cdc9d9-ddb5-4fa4-a97d-d965ccfc6d4b" outcome="Passed" testListId="8c84fa94-04c1-424b-9868-57a2d4851a1d" relativeResultsDirectory="3a33e2b7-cbdc-4edf-9515-2c6476961a40" />
    <UnitTestResult executionId="5bde995d-3731-42cf-8616-10c23696c2dc" testId="c38996f6-f07c-b709-703c-7740aaf23cb8" testName="Dft.DTRO.Tests.ServicesTests.Validations.GeometryValidationServiceTests.ValidateLinearGeometryDirection(direction: &quot;endToStart&quot;, schemaVersion: &quot;3.3.0&quot;, errorCount: 0)" computerName="PA_AP-3UINUHLUM" duration="00:00:00.0004722" startTime="2025-02-28T10:34:03.6168320+00:00" endTime="2025-02-28T10:34:03.6169849+00:00" testType="13cdc9d9-ddb5-4fa4-a97d-d965ccfc6d4b" outcome="Passed" testListId="8c84fa94-04c1-424b-9868-57a2d4851a1d" relativeResultsDirectory="5bde995d-3731-42cf-8616-10c23696c2dc" />
    <UnitTestResult executionId="b764b0ad-7d88-469f-ab37-129fef0416f1" testId="796dd29b-920d-9a6d-93aa-d2be6399ae9b" testName="Dft.DTRO.Tests.ServicesTests.Validations.RegulationValidationTests.ValidateSpeedLimitValueBasedSpeedValue(mphValue: 30, errorCount: 0)" computerName="PA_AP-3UINUHLUM" duration="00:00:00.0004688" startTime="2025-02-28T10:34:03.7345131+00:00" endTime="2025-02-28T10:34:03.7349425+00:00" testType="13cdc9d9-ddb5-4fa4-a97d-d965ccfc6d4b" outcome="Passed" testListId="8c84fa94-04c1-424b-9868-57a2d4851a1d" relativeResultsDirectory="b764b0ad-7d88-469f-ab37-129fef0416f1" />
    <UnitTestResult executionId="65f6f383-fa2c-4038-93e4-a23a107989e2" testId="a296005b-44fd-2286-ea0d-a579795627c9" testName="Dft.DTRO.Tests.ServicesTests.Validations.RateLineValidationServiceTests.ValidateRateLineRateLineType(conditionType: &quot;ConditionSet&quot;, rateLineType: &quot;flatRateTier&quot;, errorCount: 0)" computerName="PA_AP-3UINUHLUM" duration="00:00:00.0001366" startTime="2025-02-28T10:34:03.4115830+00:00" endTime="2025-02-28T10:34:03.4117133+00:00" testType="13cdc9d9-ddb5-4fa4-a97d-d965ccfc6d4b" outcome="Passed" testListId="8c84fa94-04c1-424b-9868-57a2d4851a1d" relativeResultsDirectory="65f6f383-fa2c-4038-93e4-a23a107989e2" />
    <UnitTestResult executionId="64c68299-ef0e-45ab-b158-07791f9dc11e" testId="9626104c-f929-6253-d6f4-82597b698730" testName="DfT.DTRO.Tests.CodeiumTests.Integration.SchemaController_Codeium_Tests.DeActivateSchema_WhenSchemaTemplateServiceThrowsUnexpectedException_ReturnsInternalServerError" computerName="PA_AP-3UINUHLUM" duration="00:00:00.0063775" startTime="2025-02-28T10:34:03.8986189+00:00" endTime="2025-02-28T10:34:03.8988472+00:00" testType="13cdc9d9-ddb5-4fa4-a97d-d965ccfc6d4b" outcome="Passed" testListId="8c84fa94-04c1-424b-9868-57a2d4851a1d" relativeResultsDirectory="64c68299-ef0e-45ab-b158-07791f9dc11e" />
    <UnitTestResult executionId="208c7e79-ad13-4a82-bebb-de0104f7880e" testId="7809fd05-a713-b167-9d84-2f33b7eee2b6" testName="DfT.DTRO.Tests.CodeiumTests.Integration.SchemaController_Codeium_Tests.DeleteSchema_ThrowsInvalidOperationException_ReturnsBadRequest" computerName="PA_AP-3UINUHLUM" duration="00:00:00.0090482" startTime="2025-02-28T10:34:03.8912513+00:00" endTime="2025-02-28T10:34:03.8921292+00:00" testType="13cdc9d9-ddb5-4fa4-a97d-d965ccfc6d4b" outcome="Passed" testListId="8c84fa94-04c1-424b-9868-57a2d4851a1d" relativeResultsDirectory="208c7e79-ad13-4a82-bebb-de0104f7880e" />
    <UnitTestResult executionId="766c5f1b-b245-4ad8-828d-fb592aefa3d1" testId="28a75e7f-74a5-9198-2123-05d74da39f94" testName="Dft.DTRO.Tests.ServicesTests.Validations.JsonSchemaValidationTests.ValidateAgainstSchema325ProducesCorrectResults(schemaVersion: &quot;3.3.0&quot;, sourceJson: &quot;JSON-3.3.0-example-TTRO-multiple-nested-condition-&quot;···, expectedResult: False)" computerName="PA_AP-3UINUHLUM" duration="00:00:00.0078765" startTime="2025-02-28T10:34:03.9945828+00:00" endTime="2025-02-28T10:34:04.0022151+00:00" testType="13cdc9d9-ddb5-4fa4-a97d-d965ccfc6d4b" outcome="Passed" testListId="8c84fa94-04c1-424b-9868-57a2d4851a1d" relativeResultsDirectory="766c5f1b-b245-4ad8-828d-fb592aefa3d1" />
    <UnitTestResult executionId="7045fc2b-b2d7-4de8-b281-98d15701cd88" testId="9dac6a93-2b17-3d7d-c5f8-8c271cd1f8af" testName="Dft.DTRO.Tests.CodeiumTests.Users.Service.UserServiceTests.SaveDtroUserAsync_ShouldReturnGuidResponse(doesTraIdExists: False)" computerName="PA_AP-3UINUHLUM" duration="00:00:00.0112252" startTime="2025-02-28T10:34:03.5629098+00:00" endTime="2025-02-28T10:34:03.5739892+00:00" testType="13cdc9d9-ddb5-4fa4-a97d-d965ccfc6d4b" outcome="Passed" testListId="8c84fa94-04c1-424b-9868-57a2d4851a1d" relativeResultsDirectory="7045fc2b-b2d7-4de8-b281-98d15701cd88" />
    <UnitTestResult executionId="1a6caf8a-aaa2-4cf6-b92b-8bb364b9ee01" testId="c4516690-57a8-1e4a-a2e4-7b0cfe98bea2" testName="Dft.DTRO.Tests.ServicesTests.Validations.SemanticValidationServiceTests.AllowsCoordinatesWithinLinearGeometry(version: &quot;3.2.4&quot;)" computerName="PA_AP-3UINUHLUM" duration="00:00:00.0031827" startTime="2025-02-28T10:34:03.6129429+00:00" endTime="2025-02-28T10:34:03.6196554+00:00" testType="13cdc9d9-ddb5-4fa4-a97d-d965ccfc6d4b" outcome="Passed" testListId="8c84fa94-04c1-424b-9868-57a2d4851a1d" relativeResultsDirectory="1a6caf8a-aaa2-4cf6-b92b-8bb364b9ee01" />
    <UnitTestResult executionId="623a5d85-95da-46f0-b626-3b2d273969ca" testId="fd527cf5-36af-7480-8be5-e613139e61e9" testName="Dft.DTRO.Tests.ServicesTests.Validations.RateLineValidationServiceTests.ValidateRateLineDurationEnd(conditionType: &quot;ConditionSet&quot;, durationEnd: 0, errorCount: 1)" computerName="PA_AP-3UINUHLUM" duration="00:00:00.0002122" startTime="2025-02-28T10:34:03.3960881+00:00" endTime="2025-02-28T10:34:03.3961532+00:00" testType="13cdc9d9-ddb5-4fa4-a97d-d965ccfc6d4b" outcome="Passed" testListId="8c84fa94-04c1-424b-9868-57a2d4851a1d" relativeResultsDirectory="623a5d85-95da-46f0-b626-3b2d273969ca" />
    <UnitTestResult executionId="ef864668-8626-43ea-b518-3decb96662fe" testId="cddf6671-798f-d267-8816-10c7ad43fe26" testName="Dft.DTRO.Tests.ServicesTests.Validations.JsonLogicValidationTests.AllowYearOfFirstRegistrationLessOrEqualToCurrentYearValueInConditions" computerName="PA_AP-3UINUHLUM" duration="00:00:00.0136195" startTime="2025-02-28T10:34:04.3037195+00:00" endTime="2025-02-28T10:34:04.3178091+00:00" testType="13cdc9d9-ddb5-4fa4-a97d-d965ccfc6d4b" outcome="Passed" testListId="8c84fa94-04c1-424b-9868-57a2d4851a1d" relativeResultsDirectory="ef864668-8626-43ea-b518-3decb96662fe" />
    <UnitTestResult executionId="baa756ef-f70f-43b7-aeef-ff8ace8fa76b" testId="70a05764-e0d8-b09b-f92e-313088f6434a" testName="Dft.DTRO.Tests.ServicesTests.Validations.SourceValidationServiceTests.ValidateSourceTroName(version: &quot;3.2.4&quot;, troName: &quot;D-TRO&quot;, errorCount: 0)" computerName="PA_AP-3UINUHLUM" duration="00:00:00.0004818" startTime="2025-02-28T10:34:03.7776460+00:00" endTime="2025-02-28T10:34:03.7779677+00:00" testType="13cdc9d9-ddb5-4fa4-a97d-d965ccfc6d4b" outcome="Passed" testListId="8c84fa94-04c1-424b-9868-57a2d4851a1d" relativeResultsDirectory="baa756ef-f70f-43b7-aeef-ff8ace8fa76b" />
    <UnitTestResult executionId="bcf6976d-803d-4cd0-a5b6-5aca90d94a9c" testId="863f2649-8cc4-ed85-7319-005d14d0d4bf" testName="Dft.DTRO.Tests.ServicesTests.Validations.RegulationValidationTests.ValidateGeneralRegulationRegulationType(regulationType: &quot;miscBusLaneWithTrafficFlow&quot;, errorCount: 0)" computerName="PA_AP-3UINUHLUM" duration="00:00:00.0003426" startTime="2025-02-28T10:34:03.7769895+00:00" endTime="2025-02-28T10:34:03.7771213+00:00" testType="13cdc9d9-ddb5-4fa4-a97d-d965ccfc6d4b" outcome="Passed" testListId="8c84fa94-04c1-424b-9868-57a2d4851a1d" relativeResultsDirectory="bcf6976d-803d-4cd0-a5b6-5aca90d94a9c" />
    <UnitTestResult executionId="84b41cd8-649d-4efd-9512-15ad9152e071" testId="216d19eb-21c1-9c67-7aaf-065bd8a93579" testName="Dft.DTRO.Tests.ServicesTests.Validations.RateLineValidationServiceTests.ValidateRateLineSequence(conditionType: &quot;Condition&quot;, sequence: 1, errorCount: 0)" computerName="PA_AP-3UINUHLUM" duration="00:00:00.0002362" startTime="2025-02-28T10:34:03.4031355+00:00" endTime="2025-02-28T10:34:03.4032234+00:00" testType="13cdc9d9-ddb5-4fa4-a97d-d965ccfc6d4b" outcome="Passed" testListId="8c84fa94-04c1-424b-9868-57a2d4851a1d" relativeResultsDirectory="84b41cd8-649d-4efd-9512-15ad9152e071" />
    <UnitTestResult executionId="bfded9cc-9f69-42d2-af21-11572bb9dc45" testId="25fcc127-0500-ffa9-1c68-d559fb8a1e18" testName="Dft.DTRO.Tests.ServicesTests.DTROs.GetDtrosTests.GetDtrosAsyncReturnsRecords(traCode: 5000, startDate: &quot;2025-01-21 16:21:26&quot;, endDate: &quot;2025-01-24 11:02:41&quot;, records: 4)" computerName="PA_AP-3UINUHLUM" duration="00:00:00.0026249" startTime="2025-02-28T10:34:03.7886107+00:00" endTime="2025-02-28T10:34:03.7931269+00:00" testType="13cdc9d9-ddb5-4fa4-a97d-d965ccfc6d4b" outcome="Passed" testListId="8c84fa94-04c1-424b-9868-57a2d4851a1d" relativeResultsDirectory="bfded9cc-9f69-42d2-af21-11572bb9dc45" />
    <UnitTestResult executionId="1e310178-4e26-4eab-a80f-e120d09f2837" testId="758fa9d0-6172-6e35-35a2-29bd230f8472" testName="Dft.DTRO.Tests.ServicesTests.Validations.ConditionValidationServiceTests.ValidateConditionReturnsErrorsWhenOneConditionIsPresentButIsWrong" computerName="PA_AP-3UINUHLUM" duration="00:00:00.0007262" startTime="2025-02-28T10:34:03.4060269+00:00" endTime="2025-02-28T10:34:03.4067928+00:00" testType="13cdc9d9-ddb5-4fa4-a97d-d965ccfc6d4b" outcome="Passed" testListId="8c84fa94-04c1-424b-9868-57a2d4851a1d" relativeResultsDirectory="1e310178-4e26-4eab-a80f-e120d09f2837" />
    <UnitTestResult executionId="804f9e4d-d938-4701-a508-83aaa90feb28" testId="dc6a7408-3b88-a62f-1b1f-259afef33913" testName="Dft.DTRO.Tests.ServicesTests.Validations.RateTableValidationServiceTests.ValidateRateTableAdditionalInformation(additionalInformation: &quot;not-a-uri&quot;, errorCount: 1)" computerName="PA_AP-3UINUHLUM" duration="00:00:00.0002578" startTime="2025-02-28T10:34:03.3685889+00:00" endTime="2025-02-28T10:34:03.3687468+00:00" testType="13cdc9d9-ddb5-4fa4-a97d-d965ccfc6d4b" outcome="Passed" testListId="8c84fa94-04c1-424b-9868-57a2d4851a1d" relativeResultsDirectory="804f9e4d-d938-4701-a508-83aaa90feb28" />
    <UnitTestResult executionId="8b27727f-b5ff-423e-a490-ebc11439803b" testId="72642c3f-e834-ae62-9918-00350d06d2aa" testName="Dft.DTRO.Tests.ServicesTests.Validations.ConditionValidationServiceTests.ValidateConditionReturnsErrorWhenNegateValueIsIncorrect" computerName="PA_AP-3UINUHLUM" duration="00:00:00.0006678" startTime="2025-02-28T10:34:03.4083631+00:00" endTime="2025-02-28T10:34:03.4099823+00:00" testType="13cdc9d9-ddb5-4fa4-a97d-d965ccfc6d4b" outcome="Passed" testListId="8c84fa94-04c1-424b-9868-57a2d4851a1d" relativeResultsDirectory="8b27727f-b5ff-423e-a490-ebc11439803b" />
    <UnitTestResult executionId="ecfb57da-2a3b-44be-99d0-e17f4c6e5fb4" testId="690f8627-561d-14e0-e478-0b8095ffe5c7" testName="Dft.DTRO.Tests.ServicesTests.Validations.ElementaryStreetUnitValidationServiceTests.ValidateElementStreetUnitMultipleIncorrectEsu" computerName="PA_AP-3UINUHLUM" duration="00:00:00.0019509" startTime="2025-02-28T10:34:03.4290535+00:00" endTime="2025-02-28T10:34:03.4323065+00:00" testType="13cdc9d9-ddb5-4fa4-a97d-d965ccfc6d4b" outcome="Passed" testListId="8c84fa94-04c1-424b-9868-57a2d4851a1d" relativeResultsDirectory="ecfb57da-2a3b-44be-99d0-e17f4c6e5fb4" />
    <UnitTestResult executionId="19b3af24-ea98-4a16-a38b-f56b6e8c3329" testId="1aad12de-540d-771d-326a-d20f478bddbf" testName="Dft.DTRO.Tests.ServicesTests.Validations.RateLineCollectionValidationServiceTests.ValidateRateLineCollectionApplicableCurrency(conditionType: &quot;Condition&quot;, currencyType: &quot;GBP&quot;, errorCount: 0)" computerName="PA_AP-3UINUHLUM" duration="00:00:00.0001848" startTime="2025-02-28T10:34:03.6694021+00:00" endTime="2025-02-28T10:34:03.6694985+00:00" testType="13cdc9d9-ddb5-4fa4-a97d-d965ccfc6d4b" outcome="Passed" testListId="8c84fa94-04c1-424b-9868-57a2d4851a1d" relativeResultsDirectory="19b3af24-ea98-4a16-a38b-f56b6e8c3329" />
    <UnitTestResult executionId="c329c2a1-0019-4451-825e-11fc3a0162f8" testId="33014227-5ea8-706b-3c0b-c1bb2284d215" testName="Dft.DTRO.Tests.ServicesTests.Validations.JsonSchemaValidationTests.ValidateAgainstSchema325ProducesCorrectResults(schemaVersion: &quot;3.3.0&quot;, sourceJson: &quot;JSON-3.3.0-example-TTRO-WeightRestriction&quot;, expectedResult: False)" computerName="PA_AP-3UINUHLUM" duration="00:00:00.0088121" startTime="2025-02-28T10:34:04.0223907+00:00" endTime="2025-02-28T10:34:04.0311286+00:00" testType="13cdc9d9-ddb5-4fa4-a97d-d965ccfc6d4b" outcome="Passed" testListId="8c84fa94-04c1-424b-9868-57a2d4851a1d" relativeResultsDirectory="c329c2a1-0019-4451-825e-11fc3a0162f8" />
    <UnitTestResult executionId="85add49f-0fcf-461d-bec9-eaebd621d5e9" testId="8dddaf55-6ab4-003b-ed4d-847922d48b23" testName="Dft.DTRO.Tests.ServicesTests.Validations.RegulationValidationTests.ValidateGeneralRegulationRegulationType(regulationType: &quot;miscCycleLaneClosure&quot;, errorCount: 0)" computerName="PA_AP-3UINUHLUM" duration="00:00:00.0003534" startTime="2025-02-28T10:34:03.8257561+00:00" endTime="2025-02-28T10:34:03.8259139+00:00" testType="13cdc9d9-ddb5-4fa4-a97d-d965ccfc6d4b" outcome="Passed" testListId="8c84fa94-04c1-424b-9868-57a2d4851a1d" relativeResultsDirectory="85add49f-0fcf-461d-bec9-eaebd621d5e9" />
    <UnitTestResult executionId="b86f8c97-5a58-4a01-ad00-e0ba27e5e6db" testId="ad370dbb-359a-2cf7-a48a-262ae5238fac" testName="Dft.DTRO.Tests.CodeiumTests.Rules.Controller.RulesControllerUpdateTests.UpdateRule_WithInvalidOperationException_ReturnsBadRequest" computerName="PA_AP-3UINUHLUM" duration="00:00:00.0031319" startTime="2025-02-28T10:34:03.5978530+00:00" endTime="2025-02-28T10:34:03.6133995+00:00" testType="13cdc9d9-ddb5-4fa4-a97d-d965ccfc6d4b" outcome="Passed" testListId="8c84fa94-04c1-424b-9868-57a2d4851a1d" relativeResultsDirectory="b86f8c97-5a58-4a01-ad00-e0ba27e5e6db" />
    <UnitTestResult executionId="bcedca8a-ea57-4faa-affc-2d8f914f8eda" testId="bbc78ea0-a48f-af28-31b3-c6379b4b6300" testName="Dft.DTRO.Tests.ServicesTests.Validations.JsonLogicValidationTests.AllowValidUsagePeriodStartLessThanEnd" computerName="PA_AP-3UINUHLUM" duration="00:00:00.0089284" startTime="2025-02-28T10:34:04.2155244+00:00" endTime="2025-02-28T10:34:04.2249248+00:00" testType="13cdc9d9-ddb5-4fa4-a97d-d965ccfc6d4b" outcome="Passed" testListId="8c84fa94-04c1-424b-9868-57a2d4851a1d" relativeResultsDirectory="bcedca8a-ea57-4faa-affc-2d8f914f8eda" />
    <UnitTestResult executionId="65c6d262-b897-4348-8de8-dc568a93629a" testId="94efa4ec-f685-ef1c-c67c-9022bd160ca2" testName="Dft.DTRO.Tests.CodeiumTests.Rules.Mapping.RulesTemplateMappingServiceTests.MapToRuleTemplateResponse_SingleRuleTemplate_ReturnsCorrectResponse" computerName="PA_AP-3UINUHLUM" duration="00:00:00.0016130" startTime="2025-02-28T10:34:03.7356516+00:00" endTime="2025-02-28T10:34:03.7388645+00:00" testType="13cdc9d9-ddb5-4fa4-a97d-d965ccfc6d4b" outcome="Passed" testListId="8c84fa94-04c1-424b-9868-57a2d4851a1d" relativeResultsDirectory="65c6d262-b897-4348-8de8-dc568a93629a" />
    <UnitTestResult executionId="3cf03001-02f4-435b-b463-b9273d0da6e0" testId="872cdf90-b509-fd87-28ea-a274dc3ce9ca" testName="Dft.DTRO.Tests.ServicesTests.Validations.RegulationValidationTests.ValidateSpeedLimitValueBasedSpeedValue(mphValue: 10, errorCount: 0)" computerName="PA_AP-3UINUHLUM" duration="00:00:00.0002257" startTime="2025-02-28T10:34:03.7394757+00:00" endTime="2025-02-28T10:34:03.7415151+00:00" testType="13cdc9d9-ddb5-4fa4-a97d-d965ccfc6d4b" outcome="Passed" testListId="8c84fa94-04c1-424b-9868-57a2d4851a1d" relativeResultsDirectory="3cf03001-02f4-435b-b463-b9273d0da6e0" />
    <UnitTestResult executionId="a01badf4-8103-406e-ad4a-196b03c15658" testId="8a189707-77aa-d68d-82e8-022eac8ffdec" testName="Dft.DTRO.Tests.ServicesTests.Validations.GeometryValidationServiceTests.ValidateLinearGeometryDirection(direction: &quot;bidirectional&quot;, schemaVersion: &quot;3.3.0&quot;, errorCount: 0)" computerName="PA_AP-3UINUHLUM" duration="00:00:00.0006346" startTime="2025-02-28T10:34:03.6122463+00:00" endTime="2025-02-28T10:34:03.6130932+00:00" testType="13cdc9d9-ddb5-4fa4-a97d-d965ccfc6d4b" outcome="Passed" testListId="8c84fa94-04c1-424b-9868-57a2d4851a1d" relativeResultsDirectory="a01badf4-8103-406e-ad4a-196b03c15658" />
    <UnitTestResult executionId="8a618af9-112a-4085-a3da-29c11241967f" testId="4d653019-3ce4-aff3-2466-29c202d955d2" testName="Dft.DTRO.Tests.ServicesTests.Validations.ConditionValidationServiceTests.ValidateConditionReturnsNoErrorsWhenConditionSetIsPresent" computerName="PA_AP-3UINUHLUM" duration="00:00:00.0127409" startTime="2025-02-28T10:34:03.3676146+00:00" endTime="2025-02-28T10:34:03.3992012+00:00" testType="13cdc9d9-ddb5-4fa4-a97d-d965ccfc6d4b" outcome="Passed" testListId="8c84fa94-04c1-424b-9868-57a2d4851a1d" relativeResultsDirectory="8a618af9-112a-4085-a3da-29c11241967f" />
    <UnitTestResult executionId="645422da-0a5a-4e9d-8472-5ef674b692d9" testId="e065ab6e-88ad-7cab-61d8-8f5f938996eb" testName="Dft.DTRO.Tests.ServicesTests.Validations.RegulationValidationTests.ValidateSpeedLimitValueBasedSpeedValue(mphValue: 80, errorCount: 1)" computerName="PA_AP-3UINUHLUM" duration="00:00:00.0003417" startTime="2025-02-28T10:34:03.7377032+00:00" endTime="2025-02-28T10:34:03.7381279+00:00" testType="13cdc9d9-ddb5-4fa4-a97d-d965ccfc6d4b" outcome="Passed" testListId="8c84fa94-04c1-424b-9868-57a2d4851a1d" relativeResultsDirectory="645422da-0a5a-4e9d-8472-5ef674b692d9" />
    <UnitTestResult executionId="58302dc9-be3a-40ed-9fc6-9115693c5928" testId="deb817bf-7314-2249-4089-c636d27fa84e" testName="Dft.DTRO.Tests.CodeiumTests.SystemConfig.Service.SystemConfigServiceTests.GetSystemConfigAsync_ReturnsSystemName" computerName="PA_AP-3UINUHLUM" duration="00:00:00.0366492" startTime="2025-02-28T10:34:03.5219851+00:00" endTime="2025-02-28T10:34:03.5603051+00:00" testType="13cdc9d9-ddb5-4fa4-a97d-d965ccfc6d4b" outcome="Passed" testListId="8c84fa94-04c1-424b-9868-57a2d4851a1d" relativeResultsDirectory="58302dc9-be3a-40ed-9fc6-9115693c5928" />
    <UnitTestResult executionId="293b7ab9-dca9-416d-9854-473347f17f96" testId="532f7cce-b470-de3e-a97b-7ba10f0307a0" testName="Dft.DTRO.Tests.ServicesTests.Validations.SemanticValidationServiceTests.WhenVersionGeometryIsNotIntegerReturnsError(version: &quot;3.2.4&quot;)" computerName="PA_AP-3UINUHLUM" duration="00:00:00.0006499" startTime="2025-02-28T10:34:03.6784141+00:00" endTime="2025-02-28T10:34:03.6790177+00:00" testType="13cdc9d9-ddb5-4fa4-a97d-d965ccfc6d4b" outcome="Passed" testListId="8c84fa94-04c1-424b-9868-57a2d4851a1d" relativeResultsDirectory="293b7ab9-dca9-416d-9854-473347f17f96" />
    <UnitTestResult executionId="5ccbde73-4de1-48c2-99fc-34e1b2fe9aac" testId="b696b391-82f2-b3a5-6f2e-f9f45fcc2c16" testName="DfT.DTRO.Tests.CodeiumTests.Integration.SchemaController_Codeium_Tests.DeleteSchema_WhenSchemaTemplateNotFound_ReturnsNotFound" computerName="PA_AP-3UINUHLUM" duration="00:00:00.0380157" startTime="2025-02-28T10:34:03.7285283+00:00" endTime="2025-02-28T10:34:03.7739802+00:00" testType="13cdc9d9-ddb5-4fa4-a97d-d965ccfc6d4b" outcome="Passed" testListId="8c84fa94-04c1-424b-9868-57a2d4851a1d" relativeResultsDirectory="5ccbde73-4de1-48c2-99fc-34e1b2fe9aac" />
    <UnitTestResult executionId="76b858ec-c60a-4d6b-b84d-b207c6925689" testId="f64257ad-ee98-9de7-efdf-564a1945d2bb" testName="Dft.DTRO.Tests.ServicesTests.Validations.ProvisionValidationServiceTests.ValidateProvisionOrderReportingPointTypeForSchema324(orderReportingPointType: &quot;something&quot;, errorCount: 1)" computerName="PA_AP-3UINUHLUM" duration="00:00:00.0004650" startTime="2025-02-28T10:34:03.4549157+00:00" endTime="2025-02-28T10:34:03.4550244+00:00" testType="13cdc9d9-ddb5-4fa4-a97d-d965ccfc6d4b" outcome="Passed" testListId="8c84fa94-04c1-424b-9868-57a2d4851a1d" relativeResultsDirectory="76b858ec-c60a-4d6b-b84d-b207c6925689" />
    <UnitTestResult executionId="21f0cd7b-6089-4541-bbc9-053199bda8bd" testId="dabaef7f-f1fd-54d8-3f9a-4542fc2aa4a7" testName="Dft.DTRO.Tests.ServicesTests.Validations.JsonSchemaValidationTests.ValidateAgainstSchema320ProducesCorrectResults(schemaVersion: &quot;3.2.0&quot;, sourceJson: &quot;valid-partialRevoke&quot;, expectedResult: False)" computerName="PA_AP-3UINUHLUM" duration="00:00:00.0253868" startTime="2025-02-28T10:34:03.8984015+00:00" endTime="2025-02-28T10:34:03.9009873+00:00" testType="13cdc9d9-ddb5-4fa4-a97d-d965ccfc6d4b" outcome="Passed" testListId="8c84fa94-04c1-424b-9868-57a2d4851a1d" relativeResultsDirectory="21f0cd7b-6089-4541-bbc9-053199bda8bd" />
    <UnitTestResult executionId="907d4d6c-1f30-4d78-913e-b71424af97eb" testId="e0f402b9-82e4-9055-81d6-fdee22b069ea" testName="Dft.DTRO.Tests.ServicesTests.Validations.JsonLogicValidationTests.AllowHeaderMissing" computerName="PA_AP-3UINUHLUM" duration="00:00:00.0132706" startTime="2025-02-28T10:34:04.5372159+00:00" endTime="2025-02-28T10:34:04.5496927+00:00" testType="13cdc9d9-ddb5-4fa4-a97d-d965ccfc6d4b" outcome="Passed" testListId="8c84fa94-04c1-424b-9868-57a2d4851a1d" relativeResultsDirectory="907d4d6c-1f30-4d78-913e-b71424af97eb" />
    <UnitTestResult executionId="4a374e0f-6f73-42f3-83fb-caf418bb19d4" testId="7d1df5e4-844c-f2c5-dec5-add8beb6408a" testName="Dft.DTRO.Tests.ServicesTests.Validations.JsonLogicValidationTests.AllowHeaviestAxleWeightCharacteristicValidForRegulationTypes(regulationType: &quot;dimensionMaximumWeightStructural&quot;)" computerName="PA_AP-3UINUHLUM" duration="00:00:00.0119304" startTime="2025-02-28T10:34:04.0986391+00:00" endTime="2025-02-28T10:34:04.1114898+00:00" testType="13cdc9d9-ddb5-4fa4-a97d-d965ccfc6d4b" outcome="Passed" testListId="8c84fa94-04c1-424b-9868-57a2d4851a1d" relativeResultsDirectory="4a374e0f-6f73-42f3-83fb-caf418bb19d4" />
    <UnitTestResult executionId="43c9351e-4717-442c-9c79-936789a06a9f" testId="9f206690-97bf-be5d-f642-6ef35d60ede1" testName="Dft.DTRO.Tests.ServicesTests.Validations.RegulationValidationTests.ValidateGeneralRegulationRegulationType(regulationType: &quot;miscFootwayClosure&quot;, errorCount: 0)" computerName="PA_AP-3UINUHLUM" duration="00:00:00.0006566" startTime="2025-02-28T10:34:03.8255000+00:00" endTime="2025-02-28T10:34:03.8256168+00:00" testType="13cdc9d9-ddb5-4fa4-a97d-d965ccfc6d4b" outcome="Passed" testListId="8c84fa94-04c1-424b-9868-57a2d4851a1d" relativeResultsDirectory="43c9351e-4717-442c-9c79-936789a06a9f" />
    <UnitTestResult executionId="d5c3596b-4ce6-463a-9a64-59fc1d897f3c" testId="acabdf2e-38e9-54e7-3a6a-06c76dc1a861" testName="DfT.DTRO.Tests.CodeiumTests.Integration.SchemaController_Codeium_Tests.UpdateSchema_ReturnsOk_ValidSchemaVersionAndBody" computerName="PA_AP-3UINUHLUM" duration="00:00:00.0131027" startTime="2025-02-28T10:34:03.6692919+00:00" endTime="2025-02-28T10:34:03.7282493+00:00" testType="13cdc9d9-ddb5-4fa4-a97d-d965ccfc6d4b" outcome="Passed" testListId="8c84fa94-04c1-424b-9868-57a2d4851a1d" relativeResultsDirectory="d5c3596b-4ce6-463a-9a64-59fc1d897f3c" />
    <UnitTestResult executionId="056ffc82-4bd4-49ef-b50c-2cf7858cea7a" testId="2985a020-a1bc-1de9-3305-2cc11732ded6" testName="Dft.DTRO.Tests.ServicesTests.Validations.RateLineValidationServiceTests.ValidateRateLineDurationStart(conditionType: &quot;Condition&quot;, durationStart: 1, errorCount: 0)" computerName="PA_AP-3UINUHLUM" duration="00:00:00.0001236" startTime="2025-02-28T10:34:03.3989704+00:00" endTime="2025-02-28T10:34:03.3994090+00:00" testType="13cdc9d9-ddb5-4fa4-a97d-d965ccfc6d4b" outcome="Passed" testListId="8c84fa94-04c1-424b-9868-57a2d4851a1d" relativeResultsDirectory="056ffc82-4bd4-49ef-b50c-2cf7858cea7a" />
    <UnitTestResult executionId="37d1d710-6f6b-4189-87e2-6911eac2029b" testId="b10798dc-b4ef-4b8e-70ea-0e06199ff821" testName="Dft.DTRO.Tests.ServicesTests.Validations.RateLineValidationServiceTests.ValidateRateLineValue(conditionType: &quot;Condition&quot;, value: 1.01, errorCount: 0)" computerName="PA_AP-3UINUHLUM" duration="00:00:00.0007166" startTime="2025-02-28T10:34:03.3685406+00:00" endTime="2025-02-28T10:34:03.3692585+00:00" testType="13cdc9d9-ddb5-4fa4-a97d-d965ccfc6d4b" outcome="Passed" testListId="8c84fa94-04c1-424b-9868-57a2d4851a1d" relativeResultsDirectory="37d1d710-6f6b-4189-87e2-6911eac2029b" />
    <UnitTestResult executionId="1f1fc882-41df-4acf-b1cc-d7ce9c34b264" testId="ca2dbcc5-e0fa-a00a-d5d7-4dbedb6506d9" testName="Dft.DTRO.Tests.CodeiumTests.Metrics.Controller.MetricsControllerTests.GetMetricsForTra_ReturnsStatusCode200_WithValidInput" computerName="PA_AP-3UINUHLUM" duration="00:00:00.0026105" startTime="2025-02-28T10:34:03.6005838+00:00" endTime="2025-02-28T10:34:03.6153397+00:00" testType="13cdc9d9-ddb5-4fa4-a97d-d965ccfc6d4b" outcome="Passed" testListId="8c84fa94-04c1-424b-9868-57a2d4851a1d" relativeResultsDirectory="1f1fc882-41df-4acf-b1cc-d7ce9c34b264" />
    <UnitTestResult executionId="9e400e67-f9ab-4ec6-8f3c-149028eec90d" testId="f7a86cf5-eecd-e7a3-fa52-895112ba4d85" testName="Dft.DTRO.Tests.ServicesTests.Validations.SourceValidationServiceTests.ValidateSourceActionType(version: &quot;3.2.4&quot;, actionType: &quot;noChange&quot;, traCode: 1050, errorCount: 0)" computerName="PA_AP-3UINUHLUM" duration="00:00:00.0003855" startTime="2025-02-28T10:34:03.7512104+00:00" endTime="2025-02-28T10:34:03.7513386+00:00" testType="13cdc9d9-ddb5-4fa4-a97d-d965ccfc6d4b" outcome="Passed" testListId="8c84fa94-04c1-424b-9868-57a2d4851a1d" relativeResultsDirectory="9e400e67-f9ab-4ec6-8f3c-149028eec90d" />
    <UnitTestResult executionId="341d5c56-46ca-44ee-9347-71679ea39bde" testId="44850138-cd1b-111f-e0af-241c17a3dcfc" testName="Dft.DTRO.Tests.ServicesTests.Validations.RateLineValidationServiceTests.ValidateRateLineDurationEnd(conditionType: &quot;ConditionSet&quot;, durationEnd: -10, errorCount: 1)" computerName="PA_AP-3UINUHLUM" duration="00:00:00.0020130" startTime="2025-02-28T10:34:03.3916173+00:00" endTime="2025-02-28T10:34:03.3929044+00:00" testType="13cdc9d9-ddb5-4fa4-a97d-d965ccfc6d4b" outcome="Passed" testListId="8c84fa94-04c1-424b-9868-57a2d4851a1d" relativeResultsDirectory="341d5c56-46ca-44ee-9347-71679ea39bde" />
    <UnitTestResult executionId="ffaf2e4c-4eeb-4797-aeca-db5fe84e1cab" testId="5bc0b448-4f61-09cf-dbd0-257e15ba89d7" testName="Dft.DTRO.Tests.ServicesTests.Validations.RegulatedPlaceValidationServiceTests.ValidateMultipleRegulatedPlacesTypes(types: [&quot;diversionRoute&quot;, &quot;unknown&quot;], errorCount: 1)" computerName="PA_AP-3UINUHLUM" duration="00:00:00.0005347" startTime="2025-02-28T10:34:03.4211947+00:00" endTime="2025-02-28T10:34:03.4213876+00:00" testType="13cdc9d9-ddb5-4fa4-a97d-d965ccfc6d4b" outcome="Passed" testListId="8c84fa94-04c1-424b-9868-57a2d4851a1d" relativeResultsDirectory="ffaf2e4c-4eeb-4797-aeca-db5fe84e1cab" />
    <UnitTestResult executionId="eca8d6fa-ccc0-4f1a-ba9d-04681c2994d8" testId="1a9c6d9e-7306-5f02-b5f3-391b8a04dc65" testName="DfT.DTRO.Tests.CodeiumTests.Integration.DTROsController_Codeium_Tests.GetDtroById_Exception_ReturnsInternalServerError" computerName="PA_AP-3UINUHLUM" duration="00:00:00.0156361" startTime="2025-02-28T10:34:03.8689136+00:00" endTime="2025-02-28T10:34:03.8704626+00:00" testType="13cdc9d9-ddb5-4fa4-a97d-d965ccfc6d4b" outcome="Passed" testListId="8c84fa94-04c1-424b-9868-57a2d4851a1d" relativeResultsDirectory="eca8d6fa-ccc0-4f1a-ba9d-04681c2994d8" />
    <UnitTestResult executionId="645e1556-45a5-41c9-9d9b-2d37aa8e83b1" testId="d30bd93a-296b-5efe-6a20-f2d851fa8050" testName="Dft.DTRO.Tests.ServicesTests.Validations.RateLineValidationServiceTests.ValidateRateLineRateUsageConditionType(conditionType: &quot;Condition&quot;, usageCondition: &quot;once&quot;, errorCount: 0)" computerName="PA_AP-3UINUHLUM" duration="00:00:00.0002670" startTime="2025-02-28T10:34:03.3742680+00:00" endTime="2025-02-28T10:34:03.3743655+00:00" testType="13cdc9d9-ddb5-4fa4-a97d-d965ccfc6d4b" outcome="Passed" testListId="8c84fa94-04c1-424b-9868-57a2d4851a1d" relativeResultsDirectory="645e1556-45a5-41c9-9d9b-2d37aa8e83b1" />
    <UnitTestResult executionId="b065c709-95b9-4ad5-885e-db78f1698a05" testId="9861a6e0-8ae0-c340-2ead-ffd6d76afa39" testName="Dft.DTRO.Tests.ServicesTests.Validations.RegulationValidationTests.ValidateGeneralRegulationRegulationType(regulationType: &quot;dimensionMaximumHeightWithTRO&quot;, errorCount: 0)" computerName="PA_AP-3UINUHLUM" duration="00:00:00.0003357" startTime="2025-02-28T10:34:03.7773349+00:00" endTime="2025-02-28T10:34:03.7777211+00:00" testType="13cdc9d9-ddb5-4fa4-a97d-d965ccfc6d4b" outcome="Passed" testListId="8c84fa94-04c1-424b-9868-57a2d4851a1d" relativeResultsDirectory="b065c709-95b9-4ad5-885e-db78f1698a05" />
    <UnitTestResult executionId="c6c6642e-f140-4e17-8ef3-434f3bc041dc" testId="97807180-ab21-d476-a2fb-64cf38370c2d" testName="Dft.DTRO.Tests.CodeiumTests.Users.Service.UserServiceTests.UpdateDtroUserAsync_ShouldThrowNotFoundException_WhenUserDoesNotExist" computerName="PA_AP-3UINUHLUM" duration="00:00:00.0041299" startTime="2025-02-28T10:34:03.5809710+00:00" endTime="2025-02-28T10:34:03.5849660+00:00" testType="13cdc9d9-ddb5-4fa4-a97d-d965ccfc6d4b" outcome="Passed" testListId="8c84fa94-04c1-424b-9868-57a2d4851a1d" relativeResultsDirectory="c6c6642e-f140-4e17-8ef3-434f3bc041dc" />
    <UnitTestResult executionId="06c3981e-9bc5-4988-a923-56b89ed6aa69" testId="88b1452c-0c99-46f0-2842-08f23844adce" testName="DfT.DTRO.Tests.CodeiumTests.Integration.DTROsController_Codeium_Tests.GetDtroById_NonExistingDtro_ReturnsNotFound" computerName="PA_AP-3UINUHLUM" duration="00:00:00.0233643" startTime="2025-02-28T10:34:03.5995566+00:00" endTime="2025-02-28T10:34:03.6756665+00:00" testType="13cdc9d9-ddb5-4fa4-a97d-d965ccfc6d4b" outcome="Passed" testListId="8c84fa94-04c1-424b-9868-57a2d4851a1d" relativeResultsDirectory="06c3981e-9bc5-4988-a923-56b89ed6aa69" />
    <UnitTestResult executionId="c64aee19-97f7-4b66-acd0-abe937c10c63" testId="4b00ba75-ba91-b32a-1108-6b47000f0afa" testName="Dft.DTRO.Tests.ServicesTests.Validations.SemanticValidationServiceTests.WhenBritishNationalGridSpatialReferenceIsIncorrectReturnsError(version: &quot;3.3.0&quot;)" computerName="PA_AP-3UINUHLUM" duration="00:00:00.0012273" startTime="2025-02-28T10:34:03.7325665+00:00" endTime="2025-02-28T10:34:03.7359315+00:00" testType="13cdc9d9-ddb5-4fa4-a97d-d965ccfc6d4b" outcome="Passed" testListId="8c84fa94-04c1-424b-9868-57a2d4851a1d" relativeResultsDirectory="c64aee19-97f7-4b66-acd0-abe937c10c63" />
    <UnitTestResult executionId="93bcd970-241f-4fd7-a854-da5c9306c663" testId="d7bd2eaa-e82e-a738-884a-5a164275ef84" testName="Dft.DTRO.Tests.ServicesTests.Validations.RegulationValidationTests.ValidateGeneralRegulationRegulationType(regulationType: &quot;dimensionMaximumWeightEnvironmental&quot;, errorCount: 0)" computerName="PA_AP-3UINUHLUM" duration="00:00:00.0003108" startTime="2025-02-28T10:34:03.7922520+00:00" endTime="2025-02-28T10:34:03.7924010+00:00" testType="13cdc9d9-ddb5-4fa4-a97d-d965ccfc6d4b" outcome="Passed" testListId="8c84fa94-04c1-424b-9868-57a2d4851a1d" relativeResultsDirectory="93bcd970-241f-4fd7-a854-da5c9306c663" />
    <UnitTestResult executionId="92e8956d-5971-403f-9a35-4dc19cda4bd9" testId="9c347e62-7bd0-76b6-3f37-6a83ecbc4d62" testName="Dft.DTRO.Tests.ServicesTests.Validations.RateTableValidationServiceTests.ValidateRateTableRateType(rateType: &quot;daily&quot;, errorCount: 0)" computerName="PA_AP-3UINUHLUM" duration="00:00:00.0563443" startTime="2025-02-28T10:34:03.3044301+00:00" endTime="2025-02-28T10:34:03.3522221+00:00" testType="13cdc9d9-ddb5-4fa4-a97d-d965ccfc6d4b" outcome="Passed" testListId="8c84fa94-04c1-424b-9868-57a2d4851a1d" relativeResultsDirectory="92e8956d-5971-403f-9a35-4dc19cda4bd9" />
    <UnitTestResult executionId="e7aec471-2b95-4a8b-af5d-c362cf1890fe" testId="565a25b8-f9a1-2bc6-7866-9b901ef77a1f" testName="Dft.DTRO.Tests.ServicesTests.Validations.RegulationValidationTests.ValidateGeneralRegulationRegulationType(regulationType: &quot;miscTemporaryParkingBay&quot;, errorCount: 0)" computerName="PA_AP-3UINUHLUM" duration="00:00:00.0003483" startTime="2025-02-28T10:34:03.7812489+00:00" endTime="2025-02-28T10:34:03.7814189+00:00" testType="13cdc9d9-ddb5-4fa4-a97d-d965ccfc6d4b" outcome="Passed" testListId="8c84fa94-04c1-424b-9868-57a2d4851a1d" relativeResultsDirectory="e7aec471-2b95-4a8b-af5d-c362cf1890fe" />
    <UnitTestResult executionId="3ba0f300-20f7-45af-a7e0-7d1eddfd59e7" testId="a4e10eba-c6d2-ce83-6b33-630d0c6bb787" testName="Dft.DTRO.Tests.ServicesTests.Validations.RegulationValidationTests.ValidateGeneralRegulationRegulationType(regulationType: &quot;nonOrderKerbsideBusStop&quot;, errorCount: 0)" computerName="PA_AP-3UINUHLUM" duration="00:00:00.0004003" startTime="2025-02-28T10:34:03.7608828+00:00" endTime="2025-02-28T10:34:03.7615159+00:00" testType="13cdc9d9-ddb5-4fa4-a97d-d965ccfc6d4b" outcome="Passed" testListId="8c84fa94-04c1-424b-9868-57a2d4851a1d" relativeResultsDirectory="3ba0f300-20f7-45af-a7e0-7d1eddfd59e7" />
    <UnitTestResult executionId="854b8aff-0f2f-46ca-86d3-7add066736a8" testId="7599dcb1-9549-1a81-282d-0480debc06a6" testName="Dft.DTRO.Tests.ServicesTests.Validations.ProvisionValidationServiceTests.ValidateProvisionOrderReportingPointTypeForSchema324(orderReportingPointType: &quot;variationByNotice&quot;, errorCount: 0)" computerName="PA_AP-3UINUHLUM" duration="00:00:00.0001412" startTime="2025-02-28T10:34:03.4575416+00:00" endTime="2025-02-28T10:34:03.4576438+00:00" testType="13cdc9d9-ddb5-4fa4-a97d-d965ccfc6d4b" outcome="Passed" testListId="8c84fa94-04c1-424b-9868-57a2d4851a1d" relativeResultsDirectory="854b8aff-0f2f-46ca-86d3-7add066736a8" />
    <UnitTestResult executionId="3583ebe1-026a-4636-b40a-41366bf356a0" testId="592dad0a-89b2-0b5c-0edd-2a7584226c2e" testName="Dft.DTRO.Tests.CodeiumTests.Users.Controller.UserControllerGetSwaCodesTests.GetSwaCodes_ReturnsInternalServerError_WhenExceptionIsThrown" computerName="PA_AP-3UINUHLUM" duration="00:00:00.0031227" startTime="2025-02-28T10:34:03.6189150+00:00" endTime="2025-02-28T10:34:03.6396875+00:00" testType="13cdc9d9-ddb5-4fa4-a97d-d965ccfc6d4b" outcome="Passed" testListId="8c84fa94-04c1-424b-9868-57a2d4851a1d" relativeResultsDirectory="3583ebe1-026a-4636-b40a-41366bf356a0" />
    <UnitTestResult executionId="33d6bb05-3214-41a8-bea7-00c8c1f0ddce" testId="41afcd36-62d0-7e8b-02a8-a36dd1064b0c" testName="Dft.DTRO.Tests.ServicesTests.Validations.GeometryValidationServiceTests.ValidatePointGeometryRepresentation(representation: &quot;trafficSignLocation&quot;, schemaVersion: &quot;3.3.0&quot;, errorCount: 0)" computerName="PA_AP-3UINUHLUM" duration="00:00:00.0004620" startTime="2025-02-28T10:34:03.6742833+00:00" endTime="2025-02-28T10:34:03.6746947+00:00" testType="13cdc9d9-ddb5-4fa4-a97d-d965ccfc6d4b" outcome="Passed" testListId="8c84fa94-04c1-424b-9868-57a2d4851a1d" relativeResultsDirectory="33d6bb05-3214-41a8-bea7-00c8c1f0ddce" />
    <UnitTestResult executionId="692314e7-579b-470a-91c3-8785a3b95768" testId="5f5cdcb6-d94d-6f8f-189f-f0980d69f84f" testName="Dft.DTRO.Tests.CodeiumTests.Rules.Controller.RulesControllerTests.GetRulesVersions_ReturnsInternalServerError_OnException" computerName="PA_AP-3UINUHLUM" duration="00:00:00.0018550" startTime="2025-02-28T10:34:03.6161673+00:00" endTime="2025-02-28T10:34:03.6190130+00:00" testType="13cdc9d9-ddb5-4fa4-a97d-d965ccfc6d4b" outcome="Passed" testListId="8c84fa94-04c1-424b-9868-57a2d4851a1d" relativeResultsDirectory="692314e7-579b-470a-91c3-8785a3b95768" />
    <UnitTestResult executionId="dbb5772a-f413-4640-b3d0-a9da76a15550" testId="96a235c8-4e08-cd2c-b752-ab93f6cb84cc" testName="Dft.DTRO.Tests.ServicesTests.Application.ApplicationServiceTests.GetApplicationListShouldReturnListOfApplications" computerName="PA_AP-3UINUHLUM" duration="00:00:00.1741687" startTime="2025-02-28T10:34:03.3043197+00:00" endTime="2025-02-28T10:34:03.4736814+00:00" testType="13cdc9d9-ddb5-4fa4-a97d-d965ccfc6d4b" outcome="Passed" testListId="8c84fa94-04c1-424b-9868-57a2d4851a1d" relativeResultsDirectory="dbb5772a-f413-4640-b3d0-a9da76a15550" />
    <UnitTestResult executionId="8003e7b6-53c4-43e5-91f5-98d91341ea46" testId="92ca6dfc-a779-f933-90b4-1257d69a07f6" testName="Dft.DTRO.Tests.ServicesTests.Validations.RegulationValidationTests.ValidateRegulationOffListRegulationRegulationFullText(regulationFullText: &quot;free text&quot;, errorCount: 0)" computerName="PA_AP-3UINUHLUM" duration="00:00:00.0004028" startTime="2025-02-28T10:34:03.8668997+00:00" endTime="2025-02-28T10:34:03.8669494+00:00" testType="13cdc9d9-ddb5-4fa4-a97d-d965ccfc6d4b" outcome="Passed" testListId="8c84fa94-04c1-424b-9868-57a2d4851a1d" relativeResultsDirectory="8003e7b6-53c4-43e5-91f5-98d91341ea46" />
    <UnitTestResult executionId="a4e6c058-7592-4ecf-968f-0442b14d5536" testId="af42cc59-db56-1545-830e-265d4cbd02a1" testName="Dft.DTRO.Tests.ServicesTests.Validations.RateLineCollectionValidationServiceTests.ValidateRateLineCollectionSequence(conditionType: &quot;Condition&quot;, sequence: -1, errorCount: 1)" computerName="PA_AP-3UINUHLUM" duration="00:00:00.0003734" startTime="2025-02-28T10:34:03.7292430+00:00" endTime="2025-02-28T10:34:03.7293457+00:00" testType="13cdc9d9-ddb5-4fa4-a97d-d965ccfc6d4b" outcome="Passed" testListId="8c84fa94-04c1-424b-9868-57a2d4851a1d" relativeResultsDirectory="a4e6c058-7592-4ecf-968f-0442b14d5536" />
    <UnitTestResult executionId="6959afaa-a0e4-4a22-b360-d43c71cb16b0" testId="41f91646-9f56-d19d-d379-ef95e9592fdb" testName="Dft.DTRO.Tests.ServicesTests.Validations.RateLineValidationServiceTests.ValidateRateLineMinAndMaxValue(conditionType: &quot;ConditionSet&quot;, value: 1.01, errorCount: 0)" computerName="PA_AP-3UINUHLUM" duration="00:00:00.0004552" startTime="2025-02-28T10:34:03.4186503+00:00" endTime="2025-02-28T10:34:03.4187150+00:00" testType="13cdc9d9-ddb5-4fa4-a97d-d965ccfc6d4b" outcome="Passed" testListId="8c84fa94-04c1-424b-9868-57a2d4851a1d" relativeResultsDirectory="6959afaa-a0e4-4a22-b360-d43c71cb16b0" />
    <UnitTestResult executionId="691cb6b0-c282-40b2-bd58-d35bec1dcd71" testId="45d5803c-2405-6221-7ac6-e44ff1338937" testName="Dft.DTRO.Tests.ServicesTests.Validations.JsonLogicValidationTests.DisallowsValidPeriodEndTimeBeforeStartTime" computerName="PA_AP-3UINUHLUM" duration="00:00:00.0138343" startTime="2025-02-28T10:34:04.3406867+00:00" endTime="2025-02-28T10:34:04.3552180+00:00" testType="13cdc9d9-ddb5-4fa4-a97d-d965ccfc6d4b" outcome="Passed" testListId="8c84fa94-04c1-424b-9868-57a2d4851a1d" relativeResultsDirectory="691cb6b0-c282-40b2-bd58-d35bec1dcd71" />
    <UnitTestResult executionId="19766a2f-531d-4482-887d-ea4b449e1694" testId="6800e534-ea07-f491-37b3-0df1ba209d9f" testName="Dft.DTRO.Tests.ServicesTests.Validations.ExternalReferenceValidationServiceTests.ValidateMultipleExternalReferencesWithinMultipleGeometriesLastUpdatedDate(geometry: &quot;PointGeometry&quot;)" computerName="PA_AP-3UINUHLUM" duration="00:00:00.0001292" startTime="2025-02-28T10:34:03.6333844+00:00" endTime="2025-02-28T10:34:03.6335773+00:00" testType="13cdc9d9-ddb5-4fa4-a97d-d965ccfc6d4b" outcome="Passed" testListId="8c84fa94-04c1-424b-9868-57a2d4851a1d" relativeResultsDirectory="19766a2f-531d-4482-887d-ea4b449e1694" />
    <UnitTestResult executionId="86cf7b74-3644-41dd-ad99-3a53c7f25958" testId="d3d52aaf-e1ee-fbf2-2577-d33da3780632" testName="Dft.DTRO.Tests.ServicesTests.Validations.JsonLogicValidationTests.AllowsRecurringTimePeriodOfDayToBeMissing" computerName="PA_AP-3UINUHLUM" duration="00:00:00.0100718" startTime="2025-02-28T10:34:04.2055296+00:00" endTime="2025-02-28T10:34:04.2153475+00:00" testType="13cdc9d9-ddb5-4fa4-a97d-d965ccfc6d4b" outcome="Passed" testListId="8c84fa94-04c1-424b-9868-57a2d4851a1d" relativeResultsDirectory="86cf7b74-3644-41dd-ad99-3a53c7f25958" />
    <UnitTestResult executionId="3f88ef8f-bd9f-4e4e-99c0-798e953b8440" testId="b1e9e98b-f7ec-c47b-837f-12fa5cf25f2e" testName="Dft.DTRO.Tests.ServicesTests.Validations.RegulationValidationTests.ValidateSpeedLimitValueBasedSpeedValue(mphValue: 60, errorCount: 0)" computerName="PA_AP-3UINUHLUM" duration="00:00:00.0003951" startTime="2025-02-28T10:34:03.7355178+00:00" endTime="2025-02-28T10:34:03.7362438+00:00" testType="13cdc9d9-ddb5-4fa4-a97d-d965ccfc6d4b" outcome="Passed" testListId="8c84fa94-04c1-424b-9868-57a2d4851a1d" relativeResultsDirectory="3f88ef8f-bd9f-4e4e-99c0-798e953b8440" />
    <UnitTestResult executionId="45f6fb1c-7def-4c2c-99f2-38e831d31c56" testId="e713d4b3-ec20-3d25-7d98-530441661b2f" testName="Dft.DTRO.Tests.ServicesTests.Validations.ProvisionValidationServiceTests.ValidateProvisionOrderReportingPointTypeForSchema324(orderReportingPointType: &quot;permanentNoticeOfProposal&quot;, errorCount: 0)" computerName="PA_AP-3UINUHLUM" duration="00:00:00.0001546" startTime="2025-02-28T10:34:03.4612570+00:00" endTime="2025-02-28T10:34:03.4613885+00:00" testType="13cdc9d9-ddb5-4fa4-a97d-d965ccfc6d4b" outcome="Passed" testListId="8c84fa94-04c1-424b-9868-57a2d4851a1d" relativeResultsDirectory="45f6fb1c-7def-4c2c-99f2-38e831d31c56" />
    <UnitTestResult executionId="6d599de9-4b22-4c07-8182-efe0ce561b6a" testId="5ef57b0f-80ef-ecd6-d62d-8096b4e7cee5" testName="Dft.DTRO.Tests.UnitTests.MappingServiceTests.InferIndexFieldsReturnsSampleFiles(path: &quot;../../../TestFiles/D-TROs/3.3.0/JSON-3.3.0-example&quot;···, schemaVersion: &quot;3.3.0&quot;)" computerName="PA_AP-3UINUHLUM" duration="00:00:00.0051582" startTime="2025-02-28T10:34:03.8801151+00:00" endTime="2025-02-28T10:34:03.8806516+00:00" testType="13cdc9d9-ddb5-4fa4-a97d-d965ccfc6d4b" outcome="Passed" testListId="8c84fa94-04c1-424b-9868-57a2d4851a1d" relativeResultsDirectory="6d599de9-4b22-4c07-8182-efe0ce561b6a" />
    <UnitTestResult executionId="5a5ad17f-741c-4c35-bb02-b06698f9b2bd" testId="81b86f5c-6dae-6f3d-6951-da766b19e26a" testName="Dft.DTRO.Tests.ServicesTests.Validations.GeometryValidationServiceTests.ValidateLinearGeometryVersion(version: 1, schemaVersion: &quot;3.3.0&quot;, errorCount: 0)" computerName="PA_AP-3UINUHLUM" duration="00:00:00.0002641" startTime="2025-02-28T10:34:03.6912613+00:00" endTime="2025-02-28T10:34:03.6916692+00:00" testType="13cdc9d9-ddb5-4fa4-a97d-d965ccfc6d4b" outcome="Passed" testListId="8c84fa94-04c1-424b-9868-57a2d4851a1d" relativeResultsDirectory="5a5ad17f-741c-4c35-bb02-b06698f9b2bd" />
    <UnitTestResult executionId="e587d48a-eb18-4e41-94f7-15293cfbaec9" testId="7f673576-6d2b-af93-18a8-7608b84dcec9" testName="Dft.DTRO.Tests.ServicesTests.Validations.GeometryValidationServiceTests.ValidateLinearGeometryLinestring(linestring: &quot;SRID=27700;LINESTRING(502151 221149,502130 221168,&quot;···, schemaVersion: &quot;3.3.0&quot;, errorCount: 0)" computerName="PA_AP-3UINUHLUM" duration="00:00:00.0003400" startTime="2025-02-28T10:34:03.6226497+00:00" endTime="2025-02-28T10:34:03.6227824+00:00" testType="13cdc9d9-ddb5-4fa4-a97d-d965ccfc6d4b" outcome="Passed" testListId="8c84fa94-04c1-424b-9868-57a2d4851a1d" relativeResultsDirectory="e587d48a-eb18-4e41-94f7-15293cfbaec9" />
    <UnitTestResult executionId="0b185ccc-ce72-430f-b00d-15118404637c" testId="f2bcaa66-f6a7-46a5-b774-44acc3e14086" testName="Dft.DTRO.Tests.ServicesTests.Validations.GeometryValidationServiceTests.ValidateDirectedLinear(directedLineString: &quot;SRID=27700;LINESTRING(529050 178750, -117.120813 3&quot;···, errorCount: 1)" computerName="PA_AP-3UINUHLUM" duration="00:00:00.0001716" startTime="2025-02-28T10:34:03.6978373+00:00" endTime="2025-02-28T10:34:03.6980211+00:00" testType="13cdc9d9-ddb5-4fa4-a97d-d965ccfc6d4b" outcome="Passed" testListId="8c84fa94-04c1-424b-9868-57a2d4851a1d" relativeResultsDirectory="0b185ccc-ce72-430f-b00d-15118404637c" />
    <UnitTestResult executionId="9b9fd7b1-bc76-423a-a44f-e010a3362f53" testId="3c676c75-8f61-fa92-18b9-4cb7206bfede" testName="Dft.DTRO.Tests.ServicesTests.Validations.RegulationValidationTests.ValidateGeneralRegulationRegulationType(regulationType: &quot;movementOrderProhibitedAccess&quot;, errorCount: 0)" computerName="PA_AP-3UINUHLUM" duration="00:00:00.0003034" startTime="2025-02-28T10:34:03.7859051+00:00" endTime="2025-02-28T10:34:03.7859906+00:00" testType="13cdc9d9-ddb5-4fa4-a97d-d965ccfc6d4b" outcome="Passed" testListId="8c84fa94-04c1-424b-9868-57a2d4851a1d" relativeResultsDirectory="9b9fd7b1-bc76-423a-a44f-e010a3362f53" />
    <UnitTestResult executionId="1f3ff8e9-52e9-4bdf-bd7c-add10225a62e" testId="92f1dab1-ac86-00a1-726b-b31e403d5d00" testName="Dft.DTRO.Tests.ServicesTests.Validations.JsonLogicValidationTests.AllowSequentialProvisionIndex" computerName="PA_AP-3UINUHLUM" duration="00:00:00.0145710" startTime="2025-02-28T10:34:04.8042612+00:00" endTime="2025-02-28T10:34:04.8193495+00:00" testType="13cdc9d9-ddb5-4fa4-a97d-d965ccfc6d4b" outcome="Passed" testListId="8c84fa94-04c1-424b-9868-57a2d4851a1d" relativeResultsDirectory="1f3ff8e9-52e9-4bdf-bd7c-add10225a62e" />
    <UnitTestResult executionId="00499dcf-b413-475d-b32f-50d3ce95c26a" testId="8805f139-aafe-5533-8bd5-acba252697aa" testName="Dft.DTRO.Tests.CodeiumTests.Users.Controller.UserControllerCreateFromBodyTests.CreateFromBody_ReturnsBadRequest_WhenInvalidOperationExceptionIsThrown" computerName="PA_AP-3UINUHLUM" duration="00:00:00.0151122" startTime="2025-02-28T10:34:03.6158135+00:00" endTime="2025-02-28T10:34:03.6620651+00:00" testType="13cdc9d9-ddb5-4fa4-a97d-d965ccfc6d4b" outcome="Passed" testListId="8c84fa94-04c1-424b-9868-57a2d4851a1d" relativeResultsDirectory="00499dcf-b413-475d-b32f-50d3ce95c26a" />
    <UnitTestResult executionId="02d4521f-6b87-4a76-b07d-cec3a073d76d" testId="7a5838d7-c286-bd67-7d86-699d62eb3f5d" testName="Dft.DTRO.Tests.ControllerTests.DTROsControllerTests.UpdateFromFileThrowDtroValidationException" computerName="PA_AP-3UINUHLUM" duration="00:00:00.0151552" startTime="2025-02-28T10:34:03.8696629+00:00" endTime="2025-02-28T10:34:03.8707898+00:00" testType="13cdc9d9-ddb5-4fa4-a97d-d965ccfc6d4b" outcome="Passed" testListId="8c84fa94-04c1-424b-9868-57a2d4851a1d" relativeResultsDirectory="02d4521f-6b87-4a76-b07d-cec3a073d76d" />
    <UnitTestResult executionId="eb331f47-d3f2-4232-b77f-568448a9eaa2" testId="f94e520a-5fd8-90a7-19ef-b09ff747fa83" testName="Dft.DTRO.Tests.ServicesTests.Validations.JsonLogicValidationTests.AllowHeaviestAxleWeightCharacteristicValidForRegulationTypes(regulationType: &quot;dimensionMaximumWeightEnvironmental&quot;)" computerName="PA_AP-3UINUHLUM" duration="00:00:00.0195454" startTime="2025-02-28T10:34:04.0785488+00:00" endTime="2025-02-28T10:34:04.0984813+00:00" testType="13cdc9d9-ddb5-4fa4-a97d-d965ccfc6d4b" outcome="Passed" testListId="8c84fa94-04c1-424b-9868-57a2d4851a1d" relativeResultsDirectory="eb331f47-d3f2-4232-b77f-568448a9eaa2" />
    <UnitTestResult executionId="1a6ea944-3169-4532-86ef-24ac87af65f3" testId="4ee99bb9-8c5a-0993-d378-16d2de3c2004" testName="Dft.DTRO.Tests.ServicesTests.Validations.RegulationValidationTests.ValidateSpeedLimitValueBasedSpeedValue(mphValue: 40, errorCount: 0)" computerName="PA_AP-3UINUHLUM" duration="00:00:00.0001939" startTime="2025-02-28T10:34:03.7387662+00:00" endTime="2025-02-28T10:34:03.7391169+00:00" testType="13cdc9d9-ddb5-4fa4-a97d-d965ccfc6d4b" outcome="Passed" testListId="8c84fa94-04c1-424b-9868-57a2d4851a1d" relativeResultsDirectory="1a6ea944-3169-4532-86ef-24ac87af65f3" />
    <UnitTestResult executionId="e9bcb370-bed3-4e25-bab0-fb623513934e" testId="f1fca26b-901c-c090-97d0-69df80e6d5e5" testName="Dft.DTRO.Tests.ServicesTests.Validations.RegulationValidationTests.ValidateGeneralRegulationRegulationType(regulationType: &quot;miscSuspensionOfParkingRestriction&quot;, errorCount: 0)" computerName="PA_AP-3UINUHLUM" duration="00:00:00.0003049" startTime="2025-02-28T10:34:03.7617946+00:00" endTime="2025-02-28T10:34:03.7619258+00:00" testType="13cdc9d9-ddb5-4fa4-a97d-d965ccfc6d4b" outcome="Passed" testListId="8c84fa94-04c1-424b-9868-57a2d4851a1d" relativeResultsDirectory="e9bcb370-bed3-4e25-bab0-fb623513934e" />
    <UnitTestResult executionId="e68de876-0fc6-4017-88ed-eb0021b2de75" testId="7585ca7c-25a0-2ba0-1152-0fb04c43e6b3" testName="Dft.DTRO.Tests.ServicesTests.Validations.GeometryValidationServiceTests.ValidatePointGeometryVersion(version: 1, schemaVersion: &quot;3.3.0&quot;, errorCount: 0)" computerName="PA_AP-3UINUHLUM" duration="00:00:00.0061228" startTime="2025-02-28T10:34:03.5716472+00:00" endTime="2025-02-28T10:34:03.5762823+00:00" testType="13cdc9d9-ddb5-4fa4-a97d-d965ccfc6d4b" outcome="Passed" testListId="8c84fa94-04c1-424b-9868-57a2d4851a1d" relativeResultsDirectory="e68de876-0fc6-4017-88ed-eb0021b2de75" />
    <UnitTestResult executionId="fa5dc617-966b-422f-82fa-f6fe11a2464c" testId="a0b7524f-9eef-93f9-22f6-32455f9a03a1" testName="Dft.DTRO.Tests.ServicesTests.Validations.ProvisionValidationServiceTests.ValidateMultipleProvisionReferencesForSchema324(references: [&quot;D5E7FBE5-5A7A-4A81-8E27-CDB008EC729D&quot;, &quot;0EE20392-DD08-416F-A5E6-3013DB40728C&quot;], errorCount: 0)" computerName="PA_AP-3UINUHLUM" duration="00:00:00.0006530" startTime="2025-02-28T10:34:03.4631271+00:00" endTime="2025-02-28T10:34:03.4648999+00:00" testType="13cdc9d9-ddb5-4fa4-a97d-d965ccfc6d4b" outcome="Passed" testListId="8c84fa94-04c1-424b-9868-57a2d4851a1d" relativeResultsDirectory="fa5dc617-966b-422f-82fa-f6fe11a2464c" />
    <UnitTestResult executionId="781b3511-4e51-45b3-ae19-7e0670d07cec" testId="5efadefc-df26-d75f-1a78-06cc14b0dbac" testName="Dft.DTRO.Tests.ServicesTests.Validations.RegulationValidationTests.ValidateGeneralRegulationRegulationType(regulationType: &quot;miscContraflow&quot;, errorCount: 0)" computerName="PA_AP-3UINUHLUM" duration="00:00:00.0003450" startTime="2025-02-28T10:34:03.7850646+00:00" endTime="2025-02-28T10:34:03.7851587+00:00" testType="13cdc9d9-ddb5-4fa4-a97d-d965ccfc6d4b" outcome="Passed" testListId="8c84fa94-04c1-424b-9868-57a2d4851a1d" relativeResultsDirectory="781b3511-4e51-45b3-ae19-7e0670d07cec" />
    <UnitTestResult executionId="496832d1-e0df-45eb-9095-0fc4e9ca75c9" testId="0fb198d3-6540-8e2f-4908-469587f895ba" testName="Dft.DTRO.Tests.CodeiumTests.Rules.Controller.RulesControllerVersionTests.GetRulesVersions_ReturnsOk_WithVersions" computerName="PA_AP-3UINUHLUM" duration="00:00:00.3076685" startTime="2025-02-28T10:34:03.3043915+00:00" endTime="2025-02-28T10:34:03.5914063+00:00" testType="13cdc9d9-ddb5-4fa4-a97d-d965ccfc6d4b" outcome="Passed" testListId="8c84fa94-04c1-424b-9868-57a2d4851a1d" relativeResultsDirectory="496832d1-e0df-45eb-9095-0fc4e9ca75c9" />
    <UnitTestResult executionId="e2e6fdaf-d63d-427b-9f9a-fe60be860b31" testId="23545a58-e8db-740a-c57b-918b9227ee2a" testName="Dft.DTRO.Tests.ServicesTests.Validations.GeometryValidationServiceTests.ValidatePointGeometryRepresentation(representation: &quot;&quot;, schemaVersion: &quot;3.3.0&quot;, errorCount: 2)" computerName="PA_AP-3UINUHLUM" duration="00:00:00.0132828" startTime="2025-02-28T10:34:03.6611615+00:00" endTime="2025-02-28T10:34:03.6730689+00:00" testType="13cdc9d9-ddb5-4fa4-a97d-d965ccfc6d4b" outcome="Passed" testListId="8c84fa94-04c1-424b-9868-57a2d4851a1d" relativeResultsDirectory="e2e6fdaf-d63d-427b-9f9a-fe60be860b31" />
    <UnitTestResult executionId="3deb4ad2-d594-48fb-babb-a617d93dadcb" testId="4e446c87-1608-355f-130b-a1761cd146eb" testName="Dft.DTRO.Tests.ServicesTests.Validations.JsonLogicValidationTests.DisallowsExceptionPeriodEndTimeAfterOverallPeriodEndTime" computerName="PA_AP-3UINUHLUM" duration="00:00:00.0118910" startTime="2025-02-28T10:34:04.2505623+00:00" endTime="2025-02-28T10:34:04.2629939+00:00" testType="13cdc9d9-ddb5-4fa4-a97d-d965ccfc6d4b" outcome="Passed" testListId="8c84fa94-04c1-424b-9868-57a2d4851a1d" relativeResultsDirectory="3deb4ad2-d594-48fb-babb-a617d93dadcb" />
    <UnitTestResult executionId="ea1784d7-89f7-4294-a4ef-2ecc8b440f61" testId="ecc58207-fcbd-9021-3887-9a418b2b266e" testName="DfT.DTRO.Tests.CodeiumTests.Integration.DTROsController_Codeium_Tests.UpdateDtro_ReturnsInternalServerError_ForUnexpectedException" computerName="PA_AP-3UINUHLUM" duration="00:00:00.0082463" startTime="2025-02-28T10:34:03.8731892+00:00" endTime="2025-02-28T10:34:03.8742219+00:00" testType="13cdc9d9-ddb5-4fa4-a97d-d965ccfc6d4b" outcome="Passed" testListId="8c84fa94-04c1-424b-9868-57a2d4851a1d" relativeResultsDirectory="ea1784d7-89f7-4294-a4ef-2ecc8b440f61" />
    <UnitTestResult executionId="80343d50-57f1-4434-88c7-8ecee8d9f86e" testId="87e33e26-c1a8-8b47-21d4-f5cc25a5028a" testName="Dft.DTRO.Tests.ControllerTests.DTROsControllerTests.UpdateFromFileThrowsInvalidOperationException" computerName="PA_AP-3UINUHLUM" duration="00:00:00.0062797" startTime="2025-02-28T10:34:03.8321674+00:00" endTime="2025-02-28T10:34:03.8664565+00:00" testType="13cdc9d9-ddb5-4fa4-a97d-d965ccfc6d4b" outcome="Passed" testListId="8c84fa94-04c1-424b-9868-57a2d4851a1d" relativeResultsDirectory="80343d50-57f1-4434-88c7-8ecee8d9f86e" />
    <UnitTestResult executionId="00babc2e-fffe-45d7-9f09-70653fe3dc64" testId="9f225249-0ce8-ee81-db01-490afe7d67f4" testName="Dft.DTRO.Tests.ServicesTests.Validations.RateLineCollectionValidationServiceTests.ValidateRateLineCollectionApplicableCurrency(conditionType: &quot;ConditionSet&quot;, currencyType: &quot;GBP&quot;, errorCount: 0)" computerName="PA_AP-3UINUHLUM" duration="00:00:00.0005750" startTime="2025-02-28T10:34:03.6661653+00:00" endTime="2025-02-28T10:34:03.6680378+00:00" testType="13cdc9d9-ddb5-4fa4-a97d-d965ccfc6d4b" outcome="Passed" testListId="8c84fa94-04c1-424b-9868-57a2d4851a1d" relativeResultsDirectory="00babc2e-fffe-45d7-9f09-70653fe3dc64" />
    <UnitTestResult executionId="28eff032-c30c-4690-9fd8-1ea68951d1bb" testId="866b9225-5edc-7f37-078c-a8eb15b450a4" testName="Dft.DTRO.Tests.ServicesTests.Validations.ProvisionValidationServiceTests.ValidateProvisionActionTypeForSchema324(actionType: &quot;partialRevoke&quot;, errorCount: 0)" computerName="PA_AP-3UINUHLUM" duration="00:00:00.0001842" startTime="2025-02-28T10:34:03.4470633+00:00" endTime="2025-02-28T10:34:03.4471460+00:00" testType="13cdc9d9-ddb5-4fa4-a97d-d965ccfc6d4b" outcome="Passed" testListId="8c84fa94-04c1-424b-9868-57a2d4851a1d" relativeResultsDirectory="28eff032-c30c-4690-9fd8-1ea68951d1bb" />
    <UnitTestResult executionId="7a1c4376-bfad-47f6-adf5-482b84481ee0" testId="dbbf981d-9cd3-a048-ada5-c6a73d25f10b" testName="Dft.DTRO.Tests.ServicesTests.Validations.RegulationValidationTests.ValidateRegulationOffListRegulationRegulationFullText(regulationFullText: &quot;&quot;, errorCount: 1)" computerName="PA_AP-3UINUHLUM" duration="00:00:00.0003574" startTime="2025-02-28T10:34:03.8667527+00:00" endTime="2025-02-28T10:34:03.8668020+00:00" testType="13cdc9d9-ddb5-4fa4-a97d-d965ccfc6d4b" outcome="Passed" testListId="8c84fa94-04c1-424b-9868-57a2d4851a1d" relativeResultsDirectory="7a1c4376-bfad-47f6-adf5-482b84481ee0" />
    <UnitTestResult executionId="5f3922be-5a54-4c20-9524-58e6fa695109" testId="8af32a14-ba02-6653-c378-697384df6c1e" testName="Dft.DTRO.Tests.ServicesTests.Validations.JsonLogicValidationTests.DisallowsExceptionPeriodStartTimeBeforeOverallPeriodStartTime" computerName="PA_AP-3UINUHLUM" duration="00:00:00.0327997" startTime="2025-02-28T10:34:03.9042777+00:00" endTime="2025-02-28T10:34:03.9377621+00:00" testType="13cdc9d9-ddb5-4fa4-a97d-d965ccfc6d4b" outcome="Passed" testListId="8c84fa94-04c1-424b-9868-57a2d4851a1d" relativeResultsDirectory="5f3922be-5a54-4c20-9524-58e6fa695109" />
    <UnitTestResult executionId="b2127cca-11ed-4967-8dcb-c87707be347b" testId="e194a8ac-03a4-7192-8998-251afeedd8f3" testName="Dft.DTRO.Tests.ServicesTests.Validations.JsonLogicValidationTests.AllowsUniqueApplicableWeekInPeriods" computerName="PA_AP-3UINUHLUM" duration="00:00:00.0118446" startTime="2025-02-28T10:34:04.1779232+00:00" endTime="2025-02-28T10:34:04.1900661+00:00" testType="13cdc9d9-ddb5-4fa4-a97d-d965ccfc6d4b" outcome="Passed" testListId="8c84fa94-04c1-424b-9868-57a2d4851a1d" relativeResultsDirectory="b2127cca-11ed-4967-8dcb-c87707be347b" />
    <UnitTestResult executionId="0100d0b1-5095-4691-816c-671006b5a002" testId="c87e3ab6-740f-8528-a09d-e06a6f8e92f2" testName="Dft.DTRO.Tests.ServicesTests.Validations.SemanticValidationServiceTests.TypoInExternalReferenceReturnsError" computerName="PA_AP-3UINUHLUM" duration="00:00:00.1764208" startTime="2025-02-28T10:34:03.4730146+00:00" endTime="2025-02-28T10:34:03.5996880+00:00" testType="13cdc9d9-ddb5-4fa4-a97d-d965ccfc6d4b" outcome="Passed" testListId="8c84fa94-04c1-424b-9868-57a2d4851a1d" relativeResultsDirectory="0100d0b1-5095-4691-816c-671006b5a002" />
    <UnitTestResult executionId="58ffa1ca-4b8d-4079-ae91-8785a53715a6" testId="4f104680-9c20-5310-9157-5c68ac7b0119" testName="Dft.DTRO.Tests.ServicesTests.Validations.RateLineValidationServiceTests.ValidateRateLineDurationStart(conditionType: &quot;Condition&quot;, durationStart: 0, errorCount: 1)" computerName="PA_AP-3UINUHLUM" duration="00:00:00.0001586" startTime="2025-02-28T10:34:03.3996471+00:00" endTime="2025-02-28T10:34:03.3998031+00:00" testType="13cdc9d9-ddb5-4fa4-a97d-d965ccfc6d4b" outcome="Passed" testListId="8c84fa94-04c1-424b-9868-57a2d4851a1d" relativeResultsDirectory="58ffa1ca-4b8d-4079-ae91-8785a53715a6" />
    <UnitTestResult executionId="1dc58134-e474-4db5-91a1-4c20585f0dee" testId="f317fe26-0e84-f219-3664-548ca34dcc56" testName="Dft.DTRO.Tests.ServicesTests.Validations.JsonSchemaValidationTests.ValidateAgainstSchema325ProducesCorrectResults(schemaVersion: &quot;3.3.0&quot;, sourceJson: &quot;JSON-3.3.0-example-TTRO-SuspensionOneWay&quot;, expectedResult: False)" computerName="PA_AP-3UINUHLUM" duration="00:00:00.0169252" startTime="2025-02-28T10:34:04.0433345+00:00" endTime="2025-02-28T10:34:04.0592839+00:00" testType="13cdc9d9-ddb5-4fa4-a97d-d965ccfc6d4b" outcome="Passed" testListId="8c84fa94-04c1-424b-9868-57a2d4851a1d" relativeResultsDirectory="1dc58134-e474-4db5-91a1-4c20585f0dee" />
    <UnitTestResult executionId="c1e7eac1-4279-4a3b-ac1c-d93c6427576b" testId="d503a686-6a04-21a5-1f20-0b45dd701ab1" testName="Dft.DTRO.Tests.ServicesTests.Validations.SemanticValidationServiceTests.AllowsCoordinatesWithinPolygon(version: &quot;3.3.0&quot;)" computerName="PA_AP-3UINUHLUM" duration="00:00:00.0006965" startTime="2025-02-28T10:34:03.6240161+00:00" endTime="2025-02-28T10:34:03.6302976+00:00" testType="13cdc9d9-ddb5-4fa4-a97d-d965ccfc6d4b" outcome="Passed" testListId="8c84fa94-04c1-424b-9868-57a2d4851a1d" relativeResultsDirectory="c1e7eac1-4279-4a3b-ac1c-d93c6427576b" />
    <UnitTestResult executionId="e3e432c3-3515-4556-8f4d-09398b681f54" testId="b2c77e51-935c-ab61-6ab9-b9935fd846b1" testName="Dft.DTRO.Tests.ServicesTests.Validations.JsonLogicValidationTests.DisallowGrossWeightCharacteristicInvalidForRegulationTypes(regulationType: &quot;dimensionMaximumWeightStructural&quot;)" computerName="PA_AP-3UINUHLUM" duration="00:00:00.0215885" startTime="2025-02-28T10:34:04.0430326+00:00" endTime="2025-02-28T10:34:04.0641039+00:00" testType="13cdc9d9-ddb5-4fa4-a97d-d965ccfc6d4b" outcome="Passed" testListId="8c84fa94-04c1-424b-9868-57a2d4851a1d" relativeResultsDirectory="e3e432c3-3515-4556-8f4d-09398b681f54" />
    <UnitTestResult executionId="ade86117-56e4-410b-85d1-a40ab42dd8eb" testId="9bf87767-1b85-0cc8-81d0-bbf4f57a5684" testName="Dft.DTRO.Tests.CodeiumTests.Rules.Controller.RulesControllerGetRuleByIdTests.GetRuleById_ReturnsOk_WhenRuleExists" computerName="PA_AP-3UINUHLUM" duration="00:00:00.0027089" startTime="2025-02-28T10:34:03.5957792+00:00" endTime="2025-02-28T10:34:03.6007180+00:00" testType="13cdc9d9-ddb5-4fa4-a97d-d965ccfc6d4b" outcome="Passed" testListId="8c84fa94-04c1-424b-9868-57a2d4851a1d" relativeResultsDirectory="ade86117-56e4-410b-85d1-a40ab42dd8eb" />
    <UnitTestResult executionId="72aa8cae-751b-47fc-88e4-f2831ae0aa44" testId="43d197ae-95e9-970a-1fd4-582236627511" testName="Dft.DTRO.Tests.ServicesTests.Application.ApplicationServiceTests.ValidateApplicationNameShouldReturnFalseWhenNameAlreadyExists" computerName="PA_AP-3UINUHLUM" duration="00:00:00.0023476" startTime="2025-02-28T10:34:03.4759124+00:00" endTime="2025-02-28T10:34:03.4776504+00:00" testType="13cdc9d9-ddb5-4fa4-a97d-d965ccfc6d4b" outcome="Passed" testListId="8c84fa94-04c1-424b-9868-57a2d4851a1d" relativeResultsDirectory="72aa8cae-751b-47fc-88e4-f2831ae0aa44" />
    <UnitTestResult executionId="82857e98-b439-420d-b1b0-35fa16e9fa89" testId="d257da32-c81c-daf1-e1f8-2ae787f004d8" testName="ApplicationControllerTests.ValidateApplicationNameValidNameReturnsOk" computerName="PA_AP-3UINUHLUM" duration="00:00:00.0011591" startTime="2025-02-28T10:34:03.5611295+00:00" endTime="2025-02-28T10:34:03.5617439+00:00" testType="13cdc9d9-ddb5-4fa4-a97d-d965ccfc6d4b" outcome="Passed" testListId="8c84fa94-04c1-424b-9868-57a2d4851a1d" relativeResultsDirectory="82857e98-b439-420d-b1b0-35fa16e9fa89" />
    <UnitTestResult executionId="4fd6bc33-0fec-4ee2-ac9b-9a728886969c" testId="c895ba20-fd5d-22e2-77e4-1c2d63d9d75c" testName="Dft.DTRO.Tests.ServicesTests.Validations.ElementaryStreetUnitValidationServiceTests.ValidateOneElementStreetUnitPresent" computerName="PA_AP-3UINUHLUM" duration="00:00:00.0005622" startTime="2025-02-28T10:34:03.4325862+00:00" endTime="2025-02-28T10:34:03.4345580+00:00" testType="13cdc9d9-ddb5-4fa4-a97d-d965ccfc6d4b" outcome="Passed" testListId="8c84fa94-04c1-424b-9868-57a2d4851a1d" relativeResultsDirectory="4fd6bc33-0fec-4ee2-ac9b-9a728886969c" />
    <UnitTestResult executionId="985e2fb1-950a-47ac-8545-e8dc2aa092ae" testId="63ae312a-6d24-17b5-13fe-c89eb23cdfe0" testName="Dft.DTRO.Tests.ServicesTests.Validations.GeometryValidationServiceTests.ValidateLinearGeometryLateralPosition(lateralPosition: &quot;near&quot;, schemaVersion: &quot;3.3.0&quot;, errorCount: 0)" computerName="PA_AP-3UINUHLUM" duration="00:00:00.0002888" startTime="2025-02-28T10:34:03.6012117+00:00" endTime="2025-02-28T10:34:03.6013289+00:00" testType="13cdc9d9-ddb5-4fa4-a97d-d965ccfc6d4b" outcome="Passed" testListId="8c84fa94-04c1-424b-9868-57a2d4851a1d" relativeResultsDirectory="985e2fb1-950a-47ac-8545-e8dc2aa092ae" />
    <UnitTestResult executionId="803c5636-7bdf-4335-9b0f-90aa44e395d6" testId="15cfe394-bb02-36a9-1242-ffe6af4349ea" testName="Dft.DTRO.Tests.UnitTests.MappingServiceTests.InferIndexFieldsReturnsSampleFiles(path: &quot;../../../TestFiles/D-TROs/3.3.0/JSON-3.3.0-example&quot;···, schemaVersion: &quot;3.3.0&quot;)" computerName="PA_AP-3UINUHLUM" duration="00:00:00.0249834" startTime="2025-02-28T10:34:03.8807672+00:00" endTime="2025-02-28T10:34:03.8822202+00:00" testType="13cdc9d9-ddb5-4fa4-a97d-d965ccfc6d4b" outcome="Passed" testListId="8c84fa94-04c1-424b-9868-57a2d4851a1d" relativeResultsDirectory="803c5636-7bdf-4335-9b0f-90aa44e395d6" />
    <UnitTestResult executionId="d1f5cae5-1273-492d-b264-5d7b017082a4" testId="63549c9b-02dc-51e0-1963-4eafd438445e" testName="Dft.DTRO.Tests.ServicesTests.Validations.ExternalReferenceValidationServiceTests.ValidatedExternalReferenceLastUpdatedDate(lastUpdateDate: &quot;2024-08-01T00:00:00&quot;, version: &quot;3.3.0&quot;, errorCount: 0)" computerName="PA_AP-3UINUHLUM" duration="00:00:00.0003676" startTime="2025-02-28T10:34:03.6656745+00:00" endTime="2025-02-28T10:34:03.6662780+00:00" testType="13cdc9d9-ddb5-4fa4-a97d-d965ccfc6d4b" outcome="Passed" testListId="8c84fa94-04c1-424b-9868-57a2d4851a1d" relativeResultsDirectory="d1f5cae5-1273-492d-b264-5d7b017082a4" />
    <UnitTestResult executionId="36568f98-a11f-4c0e-ad9f-f9b590b9f89d" testId="2224bdbb-c2a8-6508-2eaa-1b4d6180f8ef" testName="Dft.DTRO.Tests.ServicesTests.Validations.ProvisionValidationServiceTests.ValidateProvisionActionTypeForSchema324(actionType: &quot;fullAmendment&quot;, errorCount: 0)" computerName="PA_AP-3UINUHLUM" duration="00:00:00.0001751" startTime="2025-02-28T10:34:03.4489477+00:00" endTime="2025-02-28T10:34:03.4490344+00:00" testType="13cdc9d9-ddb5-4fa4-a97d-d965ccfc6d4b" outcome="Passed" testListId="8c84fa94-04c1-424b-9868-57a2d4851a1d" relativeResultsDirectory="36568f98-a11f-4c0e-ad9f-f9b590b9f89d" />
    <UnitTestResult executionId="9270d562-6b79-4b3b-a0ec-1ef6e0e6b608" testId="b028f6a7-17b2-aa7c-dfdb-0889f623f263" testName="Dft.DTRO.Tests.ServicesTests.Validations.RateLineCollectionValidationServiceTests.ValidateRateLineCollectionMaxTime(conditionType: &quot;ConditionSet&quot;, maxTime: 1, errorCount: 0)" computerName="PA_AP-3UINUHLUM" duration="00:00:00.0001939" startTime="2025-02-28T10:34:03.6251914+00:00" endTime="2025-02-28T10:34:03.6276226+00:00" testType="13cdc9d9-ddb5-4fa4-a97d-d965ccfc6d4b" outcome="Passed" testListId="8c84fa94-04c1-424b-9868-57a2d4851a1d" relativeResultsDirectory="9270d562-6b79-4b3b-a0ec-1ef6e0e6b608" />
    <UnitTestResult executionId="b78608cc-91c9-4eb4-92d7-8b3304d8e768" testId="1b0a4e42-bfc7-5bde-e8dd-eeb8493ba8ad" testName="Dft.DTRO.Tests.ServicesTests.Validations.JsonLogicValidationTests.DisallowsValidPeriodStartTimeBeforeOverallPeriodStartTime" computerName="PA_AP-3UINUHLUM" duration="00:00:00.0161830" startTime="2025-02-28T10:34:03.9380718+00:00" endTime="2025-02-28T10:34:03.9548828+00:00" testType="13cdc9d9-ddb5-4fa4-a97d-d965ccfc6d4b" outcome="Passed" testListId="8c84fa94-04c1-424b-9868-57a2d4851a1d" relativeResultsDirectory="b78608cc-91c9-4eb4-92d7-8b3304d8e768" />
    <UnitTestResult executionId="ab7e23f1-a7c3-4ad1-94ef-a30ab69e4b4e" testId="d3441655-e0b4-46e3-f90d-5699ebd07e4f" testName="Dft.DTRO.Tests.ServicesTests.Validations.SourceValidationServiceTests.ValidateSourceActionType(version: &quot;3.2.4&quot;, actionType: &quot;new&quot;, traCode: 1050, errorCount: 0)" computerName="PA_AP-3UINUHLUM" duration="00:00:00.0003130" startTime="2025-02-28T10:34:03.7507705+00:00" endTime="2025-02-28T10:34:03.7509591+00:00" testType="13cdc9d9-ddb5-4fa4-a97d-d965ccfc6d4b" outcome="Passed" testListId="8c84fa94-04c1-424b-9868-57a2d4851a1d" relativeResultsDirectory="ab7e23f1-a7c3-4ad1-94ef-a30ab69e4b4e" />
    <UnitTestResult executionId="ba98a61a-8850-4bbd-8abc-9b0edd584972" testId="194d4e63-d013-7ae2-f17f-3985dc0f2c80" testName="Dft.DTRO.Tests.ServicesTests.Validations.RateLineValidationServiceTests.ValidateRateLineRateUsageConditionType(conditionType: &quot;ConditionSet&quot;, usageCondition: &quot;fixedDuration&quot;, errorCount: 0)" computerName="PA_AP-3UINUHLUM" duration="00:00:00.0002275" startTime="2025-02-28T10:34:03.3788666+00:00" endTime="2025-02-28T10:34:03.3789620+00:00" testType="13cdc9d9-ddb5-4fa4-a97d-d965ccfc6d4b" outcome="Passed" testListId="8c84fa94-04c1-424b-9868-57a2d4851a1d" relativeResultsDirectory="ba98a61a-8850-4bbd-8abc-9b0edd584972" />
    <UnitTestResult executionId="8231fd38-3a0b-4f74-89ef-139922fe7ea0" testId="cc0ee4b1-3d8d-74b0-5a57-d8fb94c672f0" testName="Dft.DTRO.Tests.CodeiumTests.Rules.Controller.RulesControllerCreateTests.CreateRule_WithException_ReturnsInternalServerError" computerName="PA_AP-3UINUHLUM" duration="00:00:00.0056507" startTime="2025-02-28T10:34:03.8725757+00:00" endTime="2025-02-28T10:34:03.8732785+00:00" testType="13cdc9d9-ddb5-4fa4-a97d-d965ccfc6d4b" outcome="Passed" testListId="8c84fa94-04c1-424b-9868-57a2d4851a1d" relativeResultsDirectory="8231fd38-3a0b-4f74-89ef-139922fe7ea0" />
    <UnitTestResult executionId="77f4f08d-6160-4896-b265-1c0648b9fdd2" testId="214486a2-edab-4257-1f0d-42828c9203ef" testName="Dft.DTRO.Tests.ControllerTests.DTROsControllerTests.CreateFromFileThrowsNotFoundException" computerName="PA_AP-3UINUHLUM" duration="00:00:00.0045400" startTime="2025-02-28T10:34:03.8768027+00:00" endTime="2025-02-28T10:34:03.8769471+00:00" testType="13cdc9d9-ddb5-4fa4-a97d-d965ccfc6d4b" outcome="Passed" testListId="8c84fa94-04c1-424b-9868-57a2d4851a1d" relativeResultsDirectory="77f4f08d-6160-4896-b265-1c0648b9fdd2" />
    <UnitTestResult executionId="1f38cdfb-603e-4a39-b940-cb74b4400d7b" testId="98ea92e0-af35-c6a0-be9c-148004b47c2f" testName="Dft.DTRO.Tests.ServicesTests.Validations.ProvisionValidationServiceTests.ValidateProvisionActionTypeForSchema324(actionType: &quot;partialAmendment&quot;, errorCount: 0)" computerName="PA_AP-3UINUHLUM" duration="00:00:00.0001488" startTime="2025-02-28T10:34:03.4494739+00:00" endTime="2025-02-28T10:34:03.4495607+00:00" testType="13cdc9d9-ddb5-4fa4-a97d-d965ccfc6d4b" outcome="Passed" testListId="8c84fa94-04c1-424b-9868-57a2d4851a1d" relativeResultsDirectory="1f38cdfb-603e-4a39-b940-cb74b4400d7b" />
    <UnitTestResult executionId="1cf16385-e3bd-4ae6-ab6c-2f93d1eacd50" testId="cd9e548a-b8c4-4c88-b210-758f9f841cbe" testName="Dft.DTRO.Tests.CodeiumTests.Metrics.Controller.MetricsControllerTests.GetMetricsForTra_ReturnsStatusCode500_OnException" computerName="PA_AP-3UINUHLUM" duration="00:00:00.0991204" startTime="2025-02-28T10:34:03.4880998+00:00" endTime="2025-02-28T10:34:03.5880109+00:00" testType="13cdc9d9-ddb5-4fa4-a97d-d965ccfc6d4b" outcome="Passed" testListId="8c84fa94-04c1-424b-9868-57a2d4851a1d" relativeResultsDirectory="1cf16385-e3bd-4ae6-ab6c-2f93d1eacd50" />
    <UnitTestResult executionId="3f923eb2-dbb4-4b7b-a44e-85b709cb6783" testId="6283613c-c4a4-0fde-36c9-18190bfb63e2" testName="Dft.DTRO.Tests.ServicesTests.Validations.JsonLogicValidationTests.AllowsUniqueApplicableWeekInValidityPeriod" computerName="PA_AP-3UINUHLUM" duration="00:00:00.0096737" startTime="2025-02-28T10:34:04.2252162+00:00" endTime="2025-02-28T10:34:04.2352882+00:00" testType="13cdc9d9-ddb5-4fa4-a97d-d965ccfc6d4b" outcome="Passed" testListId="8c84fa94-04c1-424b-9868-57a2d4851a1d" relativeResultsDirectory="3f923eb2-dbb4-4b7b-a44e-85b709cb6783" />
    <UnitTestResult executionId="1167b8e4-77f1-47ff-9634-f434c7da4c3c" testId="1d24e03e-aa4b-1bc3-f837-b543c34cc825" testName="Dft.DTRO.Tests.ServicesTests.Validations.GeometryValidationServiceTests.ValidateLinearGeometryLinestring(linestring: &quot;SRID=27700;LINESTRING(502151 0, 502130 0)&quot;, schemaVersion: &quot;3.3.0&quot;, errorCount: 1)" computerName="PA_AP-3UINUHLUM" duration="00:00:00.0002110" startTime="2025-02-28T10:34:03.6233608+00:00" endTime="2025-02-28T10:34:03.6241667+00:00" testType="13cdc9d9-ddb5-4fa4-a97d-d965ccfc6d4b" outcome="Passed" testListId="8c84fa94-04c1-424b-9868-57a2d4851a1d" relativeResultsDirectory="1167b8e4-77f1-47ff-9634-f434c7da4c3c" />
    <UnitTestResult executionId="5a57025d-7905-4a1a-bfe8-a16cc3a02204" testId="d75541eb-e61d-a5f3-71ca-c66b5a863566" testName="Dft.DTRO.Tests.ServicesTests.Validations.JsonSchemaValidationTests.ValidateAgainstSchema320ProducesCorrectResults(schemaVersion: &quot;3.2.0&quot;, sourceJson: &quot;valid-new-x&quot;, expectedResult: False)" computerName="PA_AP-3UINUHLUM" duration="00:00:00.0147055" startTime="2025-02-28T10:34:03.9365998+00:00" endTime="2025-02-28T10:34:03.9500002+00:00" testType="13cdc9d9-ddb5-4fa4-a97d-d965ccfc6d4b" outcome="Passed" testListId="8c84fa94-04c1-424b-9868-57a2d4851a1d" relativeResultsDirectory="5a57025d-7905-4a1a-bfe8-a16cc3a02204" />
    <UnitTestResult executionId="84bd5908-7936-4a09-bc9a-9efbe4d515ee" testId="b120bb16-aea5-8969-7566-c5fbda9760b7" testName="Dft.DTRO.Tests.CodeiumTests.Rules.Controller.RulesControllerCreateTests.CreateRule_WithNullFile_ReturnsBadRequest" computerName="PA_AP-3UINUHLUM" duration="00:00:00.0008305" startTime="2025-02-28T10:34:03.8700219+00:00" endTime="2025-02-28T10:34:03.8701112+00:00" testType="13cdc9d9-ddb5-4fa4-a97d-d965ccfc6d4b" outcome="Passed" testListId="8c84fa94-04c1-424b-9868-57a2d4851a1d" relativeResultsDirectory="84bd5908-7936-4a09-bc9a-9efbe4d515ee" />
    <UnitTestResult executionId="12d00589-3b54-4f4f-95bd-91722d1911c5" testId="2db26635-7aea-14d9-2b74-55bb00ce5482" testName="Dft.DTRO.Tests.ServicesTests.Validations.RateLineValidationServiceTests.ValidateRateLineRateLineType(conditionType: &quot;ConditionSet&quot;, rateLineType: &quot;&quot;, errorCount: 1)" computerName="PA_AP-3UINUHLUM" duration="00:00:00.0002345" startTime="2025-02-28T10:34:03.4106164+00:00" endTime="2025-02-28T10:34:03.4109018+00:00" testType="13cdc9d9-ddb5-4fa4-a97d-d965ccfc6d4b" outcome="Passed" testListId="8c84fa94-04c1-424b-9868-57a2d4851a1d" relativeResultsDirectory="12d00589-3b54-4f4f-95bd-91722d1911c5" />
    <UnitTestResult executionId="8647e3d6-a7e4-4d00-b0f4-5d40086779d0" testId="a05a1f97-4ffd-31e5-4882-0a874872f5d5" testName="ApplicationControllerTests.ValidateApplicationNameNoQueryParametersReturnsBadRequest" computerName="PA_AP-3UINUHLUM" duration="00:00:00.0063459" startTime="2025-02-28T10:34:03.5464718+00:00" endTime="2025-02-28T10:34:03.5529058+00:00" testType="13cdc9d9-ddb5-4fa4-a97d-d965ccfc6d4b" outcome="Passed" testListId="8c84fa94-04c1-424b-9868-57a2d4851a1d" relativeResultsDirectory="8647e3d6-a7e4-4d00-b0f4-5d40086779d0" />
    <UnitTestResult executionId="2371d194-f3d3-42ed-ab75-022ede041417" testId="a78bb7b1-c1c7-26df-b1d6-dc911ac94825" testName="Dft.DTRO.Tests.ServicesTests.Validations.SourceValidationServiceTests.ValidateSourceSection(version: &quot;3.3.0&quot;, section: &quot;&quot;, errorCount: 1)" computerName="PA_AP-3UINUHLUM" duration="00:00:00.0012861" startTime="2025-02-28T10:34:03.7613940+00:00" endTime="2025-02-28T10:34:03.7627775+00:00" testType="13cdc9d9-ddb5-4fa4-a97d-d965ccfc6d4b" outcome="Passed" testListId="8c84fa94-04c1-424b-9868-57a2d4851a1d" relativeResultsDirectory="2371d194-f3d3-42ed-ab75-022ede041417" />
    <UnitTestResult executionId="19414634-7470-46e9-920a-c8b717f8dd0e" testId="282f7e17-6261-6da8-fb2a-37981ad2f3a9" testName="Dft.DTRO.Tests.ServicesTests.Validations.ProvisionValidationServiceTests.ValidateProvisionOrderReportingPointTypeForSchema330(orderReportingPointType: &quot;ttroTtmoExtension&quot;, errorCount: 0)" computerName="PA_AP-3UINUHLUM" duration="00:00:00.0001666" startTime="2025-02-28T10:34:03.4321744+00:00" endTime="2025-02-28T10:34:03.4326833+00:00" testType="13cdc9d9-ddb5-4fa4-a97d-d965ccfc6d4b" outcome="Passed" testListId="8c84fa94-04c1-424b-9868-57a2d4851a1d" relativeResultsDirectory="19414634-7470-46e9-920a-c8b717f8dd0e" />
    <UnitTestResult executionId="d62ff35b-3d08-491f-a427-42e0913dfb9e" testId="feaba9d5-3e6c-74d8-c166-3df79ea5d2ae" testName="Dft.DTRO.Tests.ServicesTests.Validations.RateLineCollectionValidationServiceTests.ValidateRateLineCollectionResetTime(conditionType: &quot;ConditionSet&quot;, resetTime: &quot;23:59:59&quot;, errorCount: 0)" computerName="PA_AP-3UINUHLUM" duration="00:00:00.0005535" startTime="2025-02-28T10:34:03.6946934+00:00" endTime="2025-02-28T10:34:03.6954887+00:00" testType="13cdc9d9-ddb5-4fa4-a97d-d965ccfc6d4b" outcome="Passed" testListId="8c84fa94-04c1-424b-9868-57a2d4851a1d" relativeResultsDirectory="d62ff35b-3d08-491f-a427-42e0913dfb9e" />
    <UnitTestResult executionId="2b629abf-bcde-42ae-a946-1720fa1aa0f3" testId="85ee611b-d27c-3ed9-7b5e-efbaacd7cb4d" testName="Dft.DTRO.Tests.ServicesTests.Validations.RateLineValidationServiceTests.ValidateRateLineRateLineType(conditionType: &quot;Condition&quot;, rateLineType: &quot;unknown&quot;, errorCount: 1)" computerName="PA_AP-3UINUHLUM" duration="00:00:00.0001222" startTime="2025-02-28T10:34:03.4139348+00:00" endTime="2025-02-28T10:34:03.4140764+00:00" testType="13cdc9d9-ddb5-4fa4-a97d-d965ccfc6d4b" outcome="Passed" testListId="8c84fa94-04c1-424b-9868-57a2d4851a1d" relativeResultsDirectory="2b629abf-bcde-42ae-a946-1720fa1aa0f3" />
    <UnitTestResult executionId="ba5ab1a9-c223-408b-897f-fdb532a582d7" testId="5ed683c2-077f-ecf8-73c9-4400a9b6a6cd" testName="Dft.DTRO.Tests.ServicesTests.Validations.RateLineValidationServiceTests.ValidateRateLineRateUsageConditionType(conditionType: &quot;Condition&quot;, usageCondition: &quot;fixedNumber&quot;, errorCount: 0)" computerName="PA_AP-3UINUHLUM" duration="00:00:00.0002020" startTime="2025-02-28T10:34:03.3794983+00:00" endTime="2025-02-28T10:34:03.3797660+00:00" testType="13cdc9d9-ddb5-4fa4-a97d-d965ccfc6d4b" outcome="Passed" testListId="8c84fa94-04c1-424b-9868-57a2d4851a1d" relativeResultsDirectory="ba5ab1a9-c223-408b-897f-fdb532a582d7" />
    <UnitTestResult executionId="0766a86c-6361-43d5-b80e-ebc8edced5d6" testId="14ca5263-de90-cb01-e248-e12b69aea6a9" testName="Dft.DTRO.Tests.ServicesTests.Validations.ProvisionValidationServiceTests.ValidateProvisionReferenceForSchema330(reference: &quot;D5E7FBE5-5A7A-4A81-8E27-CDB008EC729D&quot;, errorCount: 0)" computerName="PA_AP-3UINUHLUM" duration="00:00:00.0003450" startTime="2025-02-28T10:34:03.4624911+00:00" endTime="2025-02-28T10:34:03.4625823+00:00" testType="13cdc9d9-ddb5-4fa4-a97d-d965ccfc6d4b" outcome="Passed" testListId="8c84fa94-04c1-424b-9868-57a2d4851a1d" relativeResultsDirectory="0766a86c-6361-43d5-b80e-ebc8edced5d6" />
    <UnitTestResult executionId="d1027bf2-9eb5-4230-b820-8372047123d4" testId="4727f65a-5163-fa97-0b4c-28a5c85285c7" testName="Dft.DTRO.Tests.UnitTests.MappingServiceTests.InferIndexFieldsReturnsSampleFiles(path: &quot;../../../TestFiles/D-TROs/3.3.0/JSON-3.3.0-example&quot;···, schemaVersion: &quot;3.3.0&quot;)" computerName="PA_AP-3UINUHLUM" duration="00:00:00.0329479" startTime="2025-02-28T10:34:03.8969044+00:00" endTime="2025-02-28T10:34:03.8978613+00:00" testType="13cdc9d9-ddb5-4fa4-a97d-d965ccfc6d4b" outcome="Passed" testListId="8c84fa94-04c1-424b-9868-57a2d4851a1d" relativeResultsDirectory="d1027bf2-9eb5-4230-b820-8372047123d4" />
    <UnitTestResult executionId="43a7ef79-eff5-4160-8681-a62f924e24b2" testId="44c718a5-82e3-c72b-ddba-13ca54278770" testName="Dft.DTRO.Tests.DALTests.ApplicationDalTests.GetApplicationDetailsShouldReturnApplicationDetailsWhenAppExists" computerName="PA_AP-3UINUHLUM" duration="00:00:00.0367924" startTime="2025-02-28T10:34:05.0221946+00:00" endTime="2025-02-28T10:34:05.0589192+00:00" testType="13cdc9d9-ddb5-4fa4-a97d-d965ccfc6d4b" outcome="Passed" testListId="8c84fa94-04c1-424b-9868-57a2d4851a1d" relativeResultsDirectory="43a7ef79-eff5-4160-8681-a62f924e24b2" />
    <UnitTestResult executionId="c29e97b8-ac0f-4da4-8db7-d50f2b5d5500" testId="c53deeea-1258-9ac8-e05c-859c00a6f6e7" testName="Dft.DTRO.Tests.ServicesTests.Validations.ProvisionValidationServiceTests.ValidateProvisionOrderReportingPointTypeForSchema330(orderReportingPointType: &quot;experimentalAmendment&quot;, errorCount: 0)" computerName="PA_AP-3UINUHLUM" duration="00:00:00.0001481" startTime="2025-02-28T10:34:03.4318918+00:00" endTime="2025-02-28T10:34:03.4319758+00:00" testType="13cdc9d9-ddb5-4fa4-a97d-d965ccfc6d4b" outcome="Passed" testListId="8c84fa94-04c1-424b-9868-57a2d4851a1d" relativeResultsDirectory="c29e97b8-ac0f-4da4-8db7-d50f2b5d5500" />
    <UnitTestResult executionId="f5d7016e-2367-4d24-bb0d-1564f741734a" testId="f4fbaf98-45ec-dce5-c9d5-276d66058281" testName="Dft.DTRO.Tests.ServicesTests.Validations.JsonLogicValidationTests.DisallowYearOfFirstRegistrationGreaterThanCurrentYearValueInConditions" computerName="PA_AP-3UINUHLUM" duration="00:00:00.0161932" startTime="2025-02-28T10:34:04.7886232+00:00" endTime="2025-02-28T10:34:04.8040076+00:00" testType="13cdc9d9-ddb5-4fa4-a97d-d965ccfc6d4b" outcome="Passed" testListId="8c84fa94-04c1-424b-9868-57a2d4851a1d" relativeResultsDirectory="f5d7016e-2367-4d24-bb0d-1564f741734a" />
    <UnitTestResult executionId="6aa43fd1-a455-4478-a0d2-2f874240729e" testId="75daf8bf-cae2-3ea6-abcd-08e4d6964ab7" testName="Dft.DTRO.Tests.CodeiumTests.Metrics.Service.MetricsServiceTests.GetMetricsForTra_ValidInputs_ReturnsMetricSummary" computerName="PA_AP-3UINUHLUM" duration="00:00:00.0739179" startTime="2025-02-28T10:34:03.4387742+00:00" endTime="2025-02-28T10:34:03.4731788+00:00" testType="13cdc9d9-ddb5-4fa4-a97d-d965ccfc6d4b" outcome="Passed" testListId="8c84fa94-04c1-424b-9868-57a2d4851a1d" relativeResultsDirectory="6aa43fd1-a455-4478-a0d2-2f874240729e" />
    <UnitTestResult executionId="ce94e277-d534-4a76-b3a6-cca660644e41" testId="84fa1ff8-f31d-46ba-e4ce-f126b62f254b" testName="Dft.DTRO.Tests.ServicesTests.Validations.JsonLogicValidationTests.AllowsValidPeriodStartTimeAfterOverallPeriodStartTime" computerName="PA_AP-3UINUHLUM" duration="00:00:00.0105387" startTime="2025-02-28T10:34:04.3554579+00:00" endTime="2025-02-28T10:34:04.3663764+00:00" testType="13cdc9d9-ddb5-4fa4-a97d-d965ccfc6d4b" outcome="Passed" testListId="8c84fa94-04c1-424b-9868-57a2d4851a1d" relativeResultsDirectory="ce94e277-d534-4a76-b3a6-cca660644e41" />
    <UnitTestResult executionId="6fe0f274-f97c-42e8-bbb3-eadfb9be7e4c" testId="5544d42f-f723-1e0e-c70f-0c0bc4eb6048" testName="Dft.DTRO.Tests.ServicesTests.Validations.ProvisionValidationServiceTests.ValidateProvisionOrderReportingPointTypeForSchema330(orderReportingPointType: &quot;something&quot;, errorCount: 1)" computerName="PA_AP-3UINUHLUM" duration="00:00:00.0002411" startTime="2025-02-28T10:34:03.4340512+00:00" endTime="2025-02-28T10:34:03.4341908+00:00" testType="13cdc9d9-ddb5-4fa4-a97d-d965ccfc6d4b" outcome="Passed" testListId="8c84fa94-04c1-424b-9868-57a2d4851a1d" relativeResultsDirectory="6fe0f274-f97c-42e8-bbb3-eadfb9be7e4c" />
    <UnitTestResult executionId="d7969650-083d-40c9-991f-dc1e046cf623" testId="7868665f-0fdf-b506-7a6b-7c96ab06b849" testName="Dft.DTRO.Tests.ServicesTests.Validations.SourceValidationServiceTests.ValidateSourceReference(version: &quot;3.2.4&quot;, reference: &quot;D5E7FBE5-5A7A-4A81-8E27-CDB008EC729D&quot;, errorCount: 0)" computerName="PA_AP-3UINUHLUM" duration="00:00:00.0004054" startTime="2025-02-28T10:34:03.7736897+00:00" endTime="2025-02-28T10:34:03.7745070+00:00" testType="13cdc9d9-ddb5-4fa4-a97d-d965ccfc6d4b" outcome="Passed" testListId="8c84fa94-04c1-424b-9868-57a2d4851a1d" relativeResultsDirectory="d7969650-083d-40c9-991f-dc1e046cf623" />
    <UnitTestResult executionId="0fe6c6bb-9a82-482d-a8cd-86e082977072" testId="457df2d6-9c74-7626-6918-e490c47af6cc" testName="Dft.DTRO.Tests.ServicesTests.Validations.RegulationValidationTests.ValidateGeneralRegulationRegulationType(regulationType: &quot;kerbsideRuralClearway&quot;, errorCount: 0)" computerName="PA_AP-3UINUHLUM" duration="00:00:00.0003505" startTime="2025-02-28T10:34:03.8125561+00:00" endTime="2025-02-28T10:34:03.8126949+00:00" testType="13cdc9d9-ddb5-4fa4-a97d-d965ccfc6d4b" outcome="Passed" testListId="8c84fa94-04c1-424b-9868-57a2d4851a1d" relativeResultsDirectory="0fe6c6bb-9a82-482d-a8cd-86e082977072" />
    <UnitTestResult executionId="a6319566-c711-4e92-b7b9-a63924d88f33" testId="03ef5418-9dd2-5656-aaf0-fa4a6874556e" testName="Dft.DTRO.Tests.CodeiumTests.Rules.Service.RuleTemplateServiceTests.GetRuleTemplatesVersionsAsync_ReturnsList" computerName="PA_AP-3UINUHLUM" duration="00:00:00.1380566" startTime="2025-02-28T10:34:03.3817253+00:00" endTime="2025-02-28T10:34:03.4832673+00:00" testType="13cdc9d9-ddb5-4fa4-a97d-d965ccfc6d4b" outcome="Passed" testListId="8c84fa94-04c1-424b-9868-57a2d4851a1d" relativeResultsDirectory="a6319566-c711-4e92-b7b9-a63924d88f33" />
    <UnitTestResult executionId="6dab6214-3cf5-477a-90ad-7d67fb0d8c31" testId="f4ccf73f-caa8-2f1d-6c71-c0140e2429ee" testName="ApplicationControllerTests.GetApplicationDetailsNotUsersAppReturnsForbidden" computerName="PA_AP-3UINUHLUM" duration="00:00:00.0057190" startTime="2025-02-28T10:34:03.5532581+00:00" endTime="2025-02-28T10:34:03.5588229+00:00" testType="13cdc9d9-ddb5-4fa4-a97d-d965ccfc6d4b" outcome="Passed" testListId="8c84fa94-04c1-424b-9868-57a2d4851a1d" relativeResultsDirectory="6dab6214-3cf5-477a-90ad-7d67fb0d8c31" />
    <UnitTestResult executionId="2b9888a1-4297-428c-8705-7c89915f77c1" testId="83549ff6-8e0a-13c8-8f13-d47d340f5166" testName="Dft.DTRO.Tests.ServicesTests.Validations.ProvisionValidationServiceTests.ValidateProvisionOrderReportingPointTypeForSchema330(orderReportingPointType: &quot;experimentalRevocation&quot;, errorCount: 0)" computerName="PA_AP-3UINUHLUM" duration="00:00:00.0001200" startTime="2025-02-28T10:34:03.4352724+00:00" endTime="2025-02-28T10:34:03.4353617+00:00" testType="13cdc9d9-ddb5-4fa4-a97d-d965ccfc6d4b" outcome="Passed" testListId="8c84fa94-04c1-424b-9868-57a2d4851a1d" relativeResultsDirectory="2b9888a1-4297-428c-8705-7c89915f77c1" />
    <UnitTestResult executionId="7c7ddeaa-8243-42c7-ac4b-ac85d15a4337" testId="17638d5c-259d-1a24-4168-45494fad0f80" testName="Dft.DTRO.Tests.ControllerTests.TraControllerTests.FindAllReturnsRecords" computerName="PA_AP-3UINUHLUM" duration="00:00:00.3072162" startTime="2025-02-28T10:34:03.3042886+00:00" endTime="2025-02-28T10:34:03.5856564+00:00" testType="13cdc9d9-ddb5-4fa4-a97d-d965ccfc6d4b" outcome="Passed" testListId="8c84fa94-04c1-424b-9868-57a2d4851a1d" relativeResultsDirectory="7c7ddeaa-8243-42c7-ac4b-ac85d15a4337" />
    <UnitTestResult executionId="4b4ae4f8-8281-49a6-b731-60e84d436069" testId="bfde6737-a8f2-69a3-5013-84ee82957941" testName="Dft.DTRO.Tests.CodeiumTests.Integration.BoundingBoxJsonConverterTests.ReadJson_ShouldThrowExceptionForInvalidJson" computerName="PA_AP-3UINUHLUM" duration="00:00:00.0021120" startTime="2025-02-28T10:34:03.3506836+00:00" endTime="2025-02-28T10:34:03.3508724+00:00" testType="13cdc9d9-ddb5-4fa4-a97d-d965ccfc6d4b" outcome="Passed" testListId="8c84fa94-04c1-424b-9868-57a2d4851a1d" relativeResultsDirectory="4b4ae4f8-8281-49a6-b731-60e84d436069" />
    <UnitTestResult executionId="e342e71d-bd67-441d-aadd-8c369c708297" testId="d846a943-193c-64d7-cc31-5c328c43d41b" testName="Dft.DTRO.Tests.CodeiumTests.Rules.Controller.RulesControllerGetRuleByIdTests.GetRuleById_ReturnsBadRequest_WhenInvalidOperationExceptionOccurs" computerName="PA_AP-3UINUHLUM" duration="00:00:00.0022565" startTime="2025-02-28T10:34:03.6011398+00:00" endTime="2025-02-28T10:34:03.6150580+00:00" testType="13cdc9d9-ddb5-4fa4-a97d-d965ccfc6d4b" outcome="Passed" testListId="8c84fa94-04c1-424b-9868-57a2d4851a1d" relativeResultsDirectory="e342e71d-bd67-441d-aadd-8c369c708297" />
    <UnitTestResult executionId="5542ab56-0374-4713-993f-ed21ad3d21a1" testId="a66b4381-0a6f-3329-2386-02c94f72fb5d" testName="Dft.DTRO.Tests.CodeiumTests.Rules.Controller.RulesControllerCreateTests.CreateRule_WithEmptyFile_ReturnsBadRequest" computerName="PA_AP-3UINUHLUM" duration="00:00:00.0012960" startTime="2025-02-28T10:34:03.8734957+00:00" endTime="2025-02-28T10:34:03.8736331+00:00" testType="13cdc9d9-ddb5-4fa4-a97d-d965ccfc6d4b" outcome="Passed" testListId="8c84fa94-04c1-424b-9868-57a2d4851a1d" relativeResultsDirectory="5542ab56-0374-4713-993f-ed21ad3d21a1" />
    <UnitTestResult executionId="d2879d43-97f8-4b0f-9c3d-69b6eca6cb86" testId="f9195684-3aa5-02a3-8500-d490b9d702ff" testName="Dft.DTRO.Tests.ServicesTests.Validations.SourceValidationServiceTests.ValidateSourceActionType(version: &quot;3.2.4&quot;, actionType: &quot;amendment&quot;, traCode: 1050, errorCount: 0)" computerName="PA_AP-3UINUHLUM" duration="00:00:00.0007963" startTime="2025-02-28T10:34:03.7427967+00:00" endTime="2025-02-28T10:34:03.7430612+00:00" testType="13cdc9d9-ddb5-4fa4-a97d-d965ccfc6d4b" outcome="Passed" testListId="8c84fa94-04c1-424b-9868-57a2d4851a1d" relativeResultsDirectory="d2879d43-97f8-4b0f-9c3d-69b6eca6cb86" />
    <UnitTestResult executionId="0b20b4e2-1b23-476d-8122-0fb83d390571" testId="4eeaa6e6-5379-b846-4ef1-52b28dd7b1f0" testName="Dft.DTRO.Tests.CodeiumTests.Users.Controller.UserControllerCreateFromBodyTests.CreateFromBody_ReturnsInternalServerError_WhenExceptionIsThrown" computerName="PA_AP-3UINUHLUM" duration="00:00:00.0029843" startTime="2025-02-28T10:34:03.6624281+00:00" endTime="2025-02-28T10:34:03.6722088+00:00" testType="13cdc9d9-ddb5-4fa4-a97d-d965ccfc6d4b" outcome="Passed" testListId="8c84fa94-04c1-424b-9868-57a2d4851a1d" relativeResultsDirectory="0b20b4e2-1b23-476d-8122-0fb83d390571" />
    <UnitTestResult executionId="ffa88871-44e6-41aa-9c3f-e92422f3d1ca" testId="8c5e9d5b-71f7-c874-0232-7f2b1a2230d4" testName="Dft.DTRO.Tests.ServicesTests.Validations.RegulationValidationTests.ValidateGeneralRegulationRegulationType(regulationType: &quot;kerbsideUrbanClearway&quot;, errorCount: 0)" computerName="PA_AP-3UINUHLUM" duration="00:00:00.0003164" startTime="2025-02-28T10:34:03.7587467+00:00" endTime="2025-02-28T10:34:03.7588667+00:00" testType="13cdc9d9-ddb5-4fa4-a97d-d965ccfc6d4b" outcome="Passed" testListId="8c84fa94-04c1-424b-9868-57a2d4851a1d" relativeResultsDirectory="ffa88871-44e6-41aa-9c3f-e92422f3d1ca" />
    <UnitTestResult executionId="842a3cad-242b-430a-9d5a-796b1d5486b2" testId="79520cb3-0818-8588-a348-c5472180156a" testName="Dft.DTRO.Tests.ServicesTests.Validations.RateLineCollectionValidationServiceTests.ValidateRateLineCollectionEndValidUsagePeriod(conditionType: &quot;ConditionSet&quot;, endValidUsagePeriod: &quot;bad-date-time&quot;, errorCount: 1)" computerName="PA_AP-3UINUHLUM" duration="00:00:00.0003865" startTime="2025-02-28T10:34:03.6395130+00:00" endTime="2025-02-28T10:34:03.6609147+00:00" testType="13cdc9d9-ddb5-4fa4-a97d-d965ccfc6d4b" outcome="Passed" testListId="8c84fa94-04c1-424b-9868-57a2d4851a1d" relativeResultsDirectory="842a3cad-242b-430a-9d5a-796b1d5486b2" />
    <UnitTestResult executionId="6d507176-e30a-480f-add0-da1e73b10a60" testId="ea1e4418-4adf-f420-b0df-7314d9921618" testName="DfT.DTRO.Tests.CodeiumTests.Integration.SchemaController_Codeium_Tests.CreateSchema_ReturnsCreated" computerName="PA_AP-3UINUHLUM" duration="00:00:00.0072465" startTime="2025-02-28T10:34:03.9008997+00:00" endTime="2025-02-28T10:34:03.9016629+00:00" testType="13cdc9d9-ddb5-4fa4-a97d-d965ccfc6d4b" outcome="Passed" testListId="8c84fa94-04c1-424b-9868-57a2d4851a1d" relativeResultsDirectory="6d507176-e30a-480f-add0-da1e73b10a60" />
    <UnitTestResult executionId="8b684b2e-dec1-44b6-b8c7-94d4ec06889b" testId="fb0905d4-f81c-d64a-8fcc-3ff932fab69a" testName="Dft.DTRO.Tests.ServicesTests.Validations.RateLineCollectionValidationServiceTests.ValidateRateLineCollectionStartValidUsagePeriod(conditionType: &quot;ConditionSet&quot;, startValidUsagePeriod: &quot;bad-date-time&quot;, errorCount: 1)" computerName="PA_AP-3UINUHLUM" duration="00:00:00.0001764" startTime="2025-02-28T10:34:03.6789327+00:00" endTime="2025-02-28T10:34:03.6899177+00:00" testType="13cdc9d9-ddb5-4fa4-a97d-d965ccfc6d4b" outcome="Passed" testListId="8c84fa94-04c1-424b-9868-57a2d4851a1d" relativeResultsDirectory="8b684b2e-dec1-44b6-b8c7-94d4ec06889b" />
    <UnitTestResult executionId="d01dc0b2-7300-4489-96a7-2bc022586510" testId="d62ed31e-1ee0-ec5d-bd99-0fa243fe727c" testName="Dft.DTRO.Tests.ServicesTests.Validations.JsonSchemaValidationTests.ValidateAgainstSchema311ProducesCorrectResults(schemaVersion: &quot;3.1.1&quot;, sourceJson: &quot;tro-name-missing&quot;, expectedResult: False)" computerName="PA_AP-3UINUHLUM" duration="00:00:00.0165789" startTime="2025-02-28T10:34:04.0595257+00:00" endTime="2025-02-28T10:34:04.0759827+00:00" testType="13cdc9d9-ddb5-4fa4-a97d-d965ccfc6d4b" outcome="Passed" testListId="8c84fa94-04c1-424b-9868-57a2d4851a1d" relativeResultsDirectory="d01dc0b2-7300-4489-96a7-2bc022586510" />
    <UnitTestResult executionId="ef431d55-86b5-4965-a6cb-c8e42f0fae3d" testId="ec6e3fc0-848b-8b59-4342-f3a819a10a25" testName="DfT.DTRO.Tests.CodeiumTests.Integration.SchemaController_Codeium_Tests.ActivateSchema_SchemaTemplateServiceActivates_ReturnsOk" computerName="PA_AP-3UINUHLUM" duration="00:00:00.0105891" startTime="2025-02-28T10:34:03.9056273+00:00" endTime="2025-02-28T10:34:03.9158579+00:00" testType="13cdc9d9-ddb5-4fa4-a97d-d965ccfc6d4b" outcome="Passed" testListId="8c84fa94-04c1-424b-9868-57a2d4851a1d" relativeResultsDirectory="ef431d55-86b5-4965-a6cb-c8e42f0fae3d" />
    <UnitTestResult executionId="ac69d835-bec9-49dd-b472-0693dcf34170" testId="dc66fab3-0ecf-268b-3063-a251a0d2ddc9" testName="Dft.DTRO.Tests.ServicesTests.Validations.ProvisionValidationServiceTests.ValidateProvisionActionTypeForSchema324(actionType: &quot;errorFix&quot;, errorCount: 0)" computerName="PA_AP-3UINUHLUM" duration="00:00:00.0005584" startTime="2025-02-28T10:34:03.4468224+00:00" endTime="2025-02-28T10:34:03.4469075+00:00" testType="13cdc9d9-ddb5-4fa4-a97d-d965ccfc6d4b" outcome="Passed" testListId="8c84fa94-04c1-424b-9868-57a2d4851a1d" relativeResultsDirectory="ac69d835-bec9-49dd-b472-0693dcf34170" />
    <UnitTestResult executionId="22d859e0-2540-4521-bbf1-1bc18f722879" testId="15b05d71-20ff-ac80-1e33-bf2d45acec16" testName="Dft.DTRO.Tests.ServicesTests.Validations.RateTableValidationServiceTests.ValidateRateTableAdditionalInformation(additionalInformation: &quot;https://loremipsum.co.uk&quot;, errorCount: 0)" computerName="PA_AP-3UINUHLUM" duration="00:00:00.0003230" startTime="2025-02-28T10:34:03.3689377+00:00" endTime="2025-02-28T10:34:03.3690258+00:00" testType="13cdc9d9-ddb5-4fa4-a97d-d965ccfc6d4b" outcome="Passed" testListId="8c84fa94-04c1-424b-9868-57a2d4851a1d" relativeResultsDirectory="22d859e0-2540-4521-bbf1-1bc18f722879" />
    <UnitTestResult executionId="33617e5d-f9f7-4031-9411-ad136ea938cd" testId="fdfdcdf1-0cb2-39d3-3e79-4e8b7a6af333" testName="Dft.DTRO.Tests.ServicesTests.Validations.ProvisionValidationServiceTests.ValidateProvisionActionTypeForSchema330(actionType: &quot;new&quot;, errorCount: 0)" computerName="PA_AP-3UINUHLUM" duration="00:00:00.0001348" startTime="2025-02-28T10:34:03.4542107+00:00" endTime="2025-02-28T10:34:03.4543179+00:00" testType="13cdc9d9-ddb5-4fa4-a97d-d965ccfc6d4b" outcome="Passed" testListId="8c84fa94-04c1-424b-9868-57a2d4851a1d" relativeResultsDirectory="33617e5d-f9f7-4031-9411-ad136ea938cd" />
    <UnitTestResult executionId="5474a15c-4873-47d1-985a-c76fd98c5b7f" testId="0ccda033-d233-44e7-21a9-74cfd2472f03" testName="Dft.DTRO.Tests.ServicesTests.Validations.RegulationValidationTests.ValidateSpeedLimitValueBasedSpeedValue(mphValue: 0, errorCount: 1)" computerName="PA_AP-3UINUHLUM" duration="00:00:00.0002649" startTime="2025-02-28T10:34:03.7340571+00:00" endTime="2025-02-28T10:34:03.7342613+00:00" testType="13cdc9d9-ddb5-4fa4-a97d-d965ccfc6d4b" outcome="Passed" testListId="8c84fa94-04c1-424b-9868-57a2d4851a1d" relativeResultsDirectory="5474a15c-4873-47d1-985a-c76fd98c5b7f" />
    <UnitTestResult executionId="bdd2311b-68f8-496a-a3c4-6d3d9563c2bb" testId="9b826efc-5fb4-6b1d-15b1-9476bc9cdbc3" testName="DfT.DTRO.Tests.CodeiumTests.Integration.SchemaController_Codeium_Tests.GetSchemas_ReturnsEmptyList_WhenNoTemplatesExist" computerName="PA_AP-3UINUHLUM" duration="00:00:00.0109963" startTime="2025-02-28T10:34:03.8216484+00:00" endTime="2025-02-28T10:34:03.8350064+00:00" testType="13cdc9d9-ddb5-4fa4-a97d-d965ccfc6d4b" outcome="Passed" testListId="8c84fa94-04c1-424b-9868-57a2d4851a1d" relativeResultsDirectory="bdd2311b-68f8-496a-a3c4-6d3d9563c2bb" />
    <UnitTestResult executionId="3e570463-9743-4790-bf69-c42bb2449038" testId="471af923-4865-926e-b456-3302dc76d53c" testName="Dft.DTRO.Tests.ServicesTests.Validations.RateLineValidationServiceTests.ValidateRateLineRateUsageConditionType(conditionType: &quot;ConditionSet&quot;, usageCondition: &quot;once&quot;, errorCount: 0)" computerName="PA_AP-3UINUHLUM" duration="00:00:00.0004497" startTime="2025-02-28T10:34:03.3694695+00:00" endTime="2025-02-28T10:34:03.3730779+00:00" testType="13cdc9d9-ddb5-4fa4-a97d-d965ccfc6d4b" outcome="Passed" testListId="8c84fa94-04c1-424b-9868-57a2d4851a1d" relativeResultsDirectory="3e570463-9743-4790-bf69-c42bb2449038" />
    <UnitTestResult executionId="6241c73f-547d-4f20-b99e-e09c7d0087e2" testId="af83b816-8756-30b9-6f55-91ea7daebb7f" testName="Dft.DTRO.Tests.CodeiumTests.Rules.Mapping.RulesTemplateMappingServiceTests.MapToRuleTemplateResponse_EmptyList_ReturnsEmptyList" computerName="PA_AP-3UINUHLUM" duration="00:00:00.0002699" startTime="2025-02-28T10:34:03.7393040+00:00" endTime="2025-02-28T10:34:03.7417405+00:00" testType="13cdc9d9-ddb5-4fa4-a97d-d965ccfc6d4b" outcome="Passed" testListId="8c84fa94-04c1-424b-9868-57a2d4851a1d" relativeResultsDirectory="6241c73f-547d-4f20-b99e-e09c7d0087e2" />
  </Results>
  <TestDefinitions>
    <UnitTest name="DfT.DTRO.Tests.CodeiumTests.Integration.SchemaController_Codeium_Tests.CreateSchema_ReturnsCreated" storage="c:\users\belgp3\onedrive - pa consulting group\documents\work\code\pa\clients\dft\dft-dtro-beta\src\dft.dtro.tests\bin\debug\net8.0\dft.dtro.tests.dll" id="ea1e4418-4adf-f420-b0df-7314d9921618">
      <Execution id="6d507176-e30a-480f-add0-da1e73b10a60" />
      <TestMethod codeBase="C:\Users\BELGP3\OneDrive - PA Consulting Group\Documents\Work\Code\PA\Clients\DfT\dft-dtro-beta\Src\Dft.DTRO.Tests\bin\Debug\net8.0\Dft.DTRO.Tests.dll" adapterTypeName="executor://xunit/VsTestRunner3/netcore/" className="DfT.DTRO.Tests.CodeiumTests.Integration.SchemaController_Codeium_Tests" name="CreateSchema_ReturnsCreated" />
    </UnitTest>
    <UnitTest name="Dft.DTRO.Tests.ServicesTests.Validations.ProvisionValidationServiceTests.ValidateProvisionActionTypeForSchema324(actionType: &quot;errorFix&quot;, errorCount: 0)" storage="c:\users\belgp3\onedrive - pa consulting group\documents\work\code\pa\clients\dft\dft-dtro-beta\src\dft.dtro.tests\bin\debug\net8.0\dft.dtro.tests.dll" id="dc66fab3-0ecf-268b-3063-a251a0d2ddc9">
      <Execution id="ac69d835-bec9-49dd-b472-0693dcf34170" />
      <TestMethod codeBase="C:\Users\BELGP3\OneDrive - PA Consulting Group\Documents\Work\Code\PA\Clients\DfT\dft-dtro-beta\Src\Dft.DTRO.Tests\bin\Debug\net8.0\Dft.DTRO.Tests.dll" adapterTypeName="executor://xunit/VsTestRunner3/netcore/" className="Dft.DTRO.Tests.ServicesTests.Validations.ProvisionValidationServiceTests" name="ValidateProvisionActionTypeForSchema324" />
    </UnitTest>
    <UnitTest name="Dft.DTRO.Tests.ServicesTests.Validations.JsonLogicValidationTests.AllowGrossWeightCharacteristicValidForRegulationTypes(regulationType: &quot;dimensionMaximumWeightEnvironmental&quot;)" storage="c:\users\belgp3\onedrive - pa consulting group\documents\work\code\pa\clients\dft\dft-dtro-beta\src\dft.dtro.tests\bin\debug\net8.0\dft.dtro.tests.dll" id="7462b46d-340e-37a3-3422-34e06138e48d">
      <Execution id="e9a31122-fa33-4b75-9b00-1d2fa692b633" />
      <TestMethod codeBase="C:\Users\BELGP3\OneDrive - PA Consulting Group\Documents\Work\Code\PA\Clients\DfT\dft-dtro-beta\Src\Dft.DTRO.Tests\bin\Debug\net8.0\Dft.DTRO.Tests.dll" adapterTypeName="executor://xunit/VsTestRunner3/netcore/" className="Dft.DTRO.Tests.ServicesTests.Validations.JsonLogicValidationTests" name="AllowGrossWeightCharacteristicValidForRegulationTypes" />
    </UnitTest>
    <UnitTest name="Dft.DTRO.Tests.CodeiumTests.Rules.Service.RuleTemplateServiceTests.GetRuleTemplateByIdAsync_Found" storage="c:\users\belgp3\onedrive - pa consulting group\documents\work\code\pa\clients\dft\dft-dtro-beta\src\dft.dtro.tests\bin\debug\net8.0\dft.dtro.tests.dll" id="e81fb0a8-88ce-4535-49c2-b0978247710e">
      <Execution id="d573fde0-5a61-4d7c-b118-9d163f3df8e7" />
      <TestMethod codeBase="C:\Users\BELGP3\OneDrive - PA Consulting Group\Documents\Work\Code\PA\Clients\DfT\dft-dtro-beta\Src\Dft.DTRO.Tests\bin\Debug\net8.0\Dft.DTRO.Tests.dll" adapterTypeName="executor://xunit/VsTestRunner3/netcore/" className="Dft.DTRO.Tests.CodeiumTests.Rules.Service.RuleTemplateServiceTests" name="GetRuleTemplateByIdAsync_Found" />
    </UnitTest>
    <UnitTest name="Dft.DTRO.Tests.ServicesTests.Validations.ProvisionValidationServiceTests.ValidateProvisionOrderReportingPointTypeForSchema330(orderReportingPointType: &quot;something&quot;, errorCount: 1)" storage="c:\users\belgp3\onedrive - pa consulting group\documents\work\code\pa\clients\dft\dft-dtro-beta\src\dft.dtro.tests\bin\debug\net8.0\dft.dtro.tests.dll" id="5544d42f-f723-1e0e-c70f-0c0bc4eb6048">
      <Execution id="6fe0f274-f97c-42e8-bbb3-eadfb9be7e4c" />
      <TestMethod codeBase="C:\Users\BELGP3\OneDrive - PA Consulting Group\Documents\Work\Code\PA\Clients\DfT\dft-dtro-beta\Src\Dft.DTRO.Tests\bin\Debug\net8.0\Dft.DTRO.Tests.dll" adapterTypeName="executor://xunit/VsTestRunner3/netcore/" className="Dft.DTRO.Tests.ServicesTests.Validations.ProvisionValidationServiceTests" name="ValidateProvisionOrderReportingPointTypeForSchema330" />
    </UnitTest>
    <UnitTest name="Dft.DTRO.Tests.ServicesTests.Validations.RegulationValidationTests.ValidateGeneralRegulationRegulationType(regulationType: &quot;miscContraflowBusLane&quot;, errorCount: 0)" storage="c:\users\belgp3\onedrive - pa consulting group\documents\work\code\pa\clients\dft\dft-dtro-beta\src\dft.dtro.tests\bin\debug\net8.0\dft.dtro.tests.dll" id="96ccc192-e2ef-3f46-2a40-1c19aecfb034">
      <Execution id="f83db271-a49d-4dcc-9807-4e19cab21cac" />
      <TestMethod codeBase="C:\Users\BELGP3\OneDrive - PA Consulting Group\Documents\Work\Code\PA\Clients\DfT\dft-dtro-beta\Src\Dft.DTRO.Tests\bin\Debug\net8.0\Dft.DTRO.Tests.dll" adapterTypeName="executor://xunit/VsTestRunner3/netcore/" className="Dft.DTRO.Tests.ServicesTests.Validations.RegulationValidationTests" name="ValidateGeneralRegulationRegulationType" />
    </UnitTest>
    <UnitTest name="Dft.DTRO.Tests.ServicesTests.Validations.JsonLogicValidationTests.AllowsOverallPeriodEndTimeToBeMissing" storage="c:\users\belgp3\onedrive - pa consulting group\documents\work\code\pa\clients\dft\dft-dtro-beta\src\dft.dtro.tests\bin\debug\net8.0\dft.dtro.tests.dll" id="7f480b88-f816-bd49-7431-09f8aa5ec945">
      <Execution id="e8f6f24f-bb4a-4f08-90b8-f5ab58d1f3aa" />
      <TestMethod codeBase="C:\Users\BELGP3\OneDrive - PA Consulting Group\Documents\Work\Code\PA\Clients\DfT\dft-dtro-beta\Src\Dft.DTRO.Tests\bin\Debug\net8.0\Dft.DTRO.Tests.dll" adapterTypeName="executor://xunit/VsTestRunner3/netcore/" className="Dft.DTRO.Tests.ServicesTests.Validations.JsonLogicValidationTests" name="AllowsOverallPeriodEndTimeToBeMissing" />
    </UnitTest>
    <UnitTest name="Dft.DTRO.Tests.ServicesTests.Validations.ProvisionValidationServiceTests.ValidateProvisionOrderReportingPointTypeForSchema330(orderReportingPointType: &quot;ttroTtmoNoticeAfterMaking&quot;, errorCount: 0)" storage="c:\users\belgp3\onedrive - pa consulting group\documents\work\code\pa\clients\dft\dft-dtro-beta\src\dft.dtro.tests\bin\debug\net8.0\dft.dtro.tests.dll" id="a5353e3b-b3e5-0071-44f0-428f7f94dd12">
      <Execution id="2ae602e9-dedb-42a1-8914-21431843ba3c" />
      <TestMethod codeBase="C:\Users\BELGP3\OneDrive - PA Consulting Group\Documents\Work\Code\PA\Clients\DfT\dft-dtro-beta\Src\Dft.DTRO.Tests\bin\Debug\net8.0\Dft.DTRO.Tests.dll" adapterTypeName="executor://xunit/VsTestRunner3/netcore/" className="Dft.DTRO.Tests.ServicesTests.Validations.ProvisionValidationServiceTests" name="ValidateProvisionOrderReportingPointTypeForSchema330" />
    </UnitTest>
    <UnitTest name="Dft.DTRO.Tests.ServicesTests.Validations.GeometryValidationServiceTests.ValidateLinearGeometryLateralPosition(lateralPosition: &quot;onKerb&quot;, schemaVersion: &quot;3.3.0&quot;, errorCount: 0)" storage="c:\users\belgp3\onedrive - pa consulting group\documents\work\code\pa\clients\dft\dft-dtro-beta\src\dft.dtro.tests\bin\debug\net8.0\dft.dtro.tests.dll" id="d79d1f06-a592-222a-eb5b-25e1d3c740a8">
      <Execution id="af6253e7-81ac-4623-bfed-874d0b816023" />
      <TestMethod codeBase="C:\Users\BELGP3\OneDrive - PA Consulting Group\Documents\Work\Code\PA\Clients\DfT\dft-dtro-beta\Src\Dft.DTRO.Tests\bin\Debug\net8.0\Dft.DTRO.Tests.dll" adapterTypeName="executor://xunit/VsTestRunner3/netcore/" className="Dft.DTRO.Tests.ServicesTests.Validations.GeometryValidationServiceTests" name="ValidateLinearGeometryLateralPosition" />
    </UnitTest>
    <UnitTest name="Dft.DTRO.Tests.ServicesTests.Validations.RegulationValidationTests.ValidateRegulationWhenIsDynamicIsTrueReturnsNoErrors" storage="c:\users\belgp3\onedrive - pa consulting group\documents\work\code\pa\clients\dft\dft-dtro-beta\src\dft.dtro.tests\bin\debug\net8.0\dft.dtro.tests.dll" id="8842a3af-8aff-782d-3cd6-bf9de68078a6">
      <Execution id="38b12628-fc68-4a09-be83-28870ffd624d" />
      <TestMethod codeBase="C:\Users\BELGP3\OneDrive - PA Consulting Group\Documents\Work\Code\PA\Clients\DfT\dft-dtro-beta\Src\Dft.DTRO.Tests\bin\Debug\net8.0\Dft.DTRO.Tests.dll" adapterTypeName="executor://xunit/VsTestRunner3/netcore/" className="Dft.DTRO.Tests.ServicesTests.Validations.RegulationValidationTests" name="ValidateRegulationWhenIsDynamicIsTrueReturnsNoErrors" />
    </UnitTest>
    <UnitTest name="Dft.DTRO.Tests.ServicesTests.Validations.RateLineValidationServiceTests.ValidateRateLineDurationEnd(conditionType: &quot;ConditionSet&quot;, durationEnd: 1000, errorCount: 0)" storage="c:\users\belgp3\onedrive - pa consulting group\documents\work\code\pa\clients\dft\dft-dtro-beta\src\dft.dtro.tests\bin\debug\net8.0\dft.dtro.tests.dll" id="32d1c10d-b25c-79a5-177d-d066a5cfd828">
      <Execution id="1f9f0d94-c4cc-463c-919e-5e101272e1aa" />
      <TestMethod codeBase="C:\Users\BELGP3\OneDrive - PA Consulting Group\Documents\Work\Code\PA\Clients\DfT\dft-dtro-beta\Src\Dft.DTRO.Tests\bin\Debug\net8.0\Dft.DTRO.Tests.dll" adapterTypeName="executor://xunit/VsTestRunner3/netcore/" className="Dft.DTRO.Tests.ServicesTests.Validations.RateLineValidationServiceTests" name="ValidateRateLineDurationEnd" />
    </UnitTest>
    <UnitTest name="Dft.DTRO.Tests.CodeiumTests.SystemConfig.Controller.SystemConfigControllerTests.GetSystemName_ReturnsInternalServerError_OnException" storage="c:\users\belgp3\onedrive - pa consulting group\documents\work\code\pa\clients\dft\dft-dtro-beta\src\dft.dtro.tests\bin\debug\net8.0\dft.dtro.tests.dll" id="df114e47-35be-e977-d119-8d294a4c8582">
      <Execution id="f3420ce5-3414-464b-a48e-937acd2680ca" />
      <TestMethod codeBase="C:\Users\BELGP3\OneDrive - PA Consulting Group\Documents\Work\Code\PA\Clients\DfT\dft-dtro-beta\Src\Dft.DTRO.Tests\bin\Debug\net8.0\Dft.DTRO.Tests.dll" adapterTypeName="executor://xunit/VsTestRunner3/netcore/" className="Dft.DTRO.Tests.CodeiumTests.SystemConfig.Controller.SystemConfigControllerTests" name="GetSystemName_ReturnsInternalServerError_OnException" />
    </UnitTest>
    <UnitTest name="Dft.DTRO.Tests.ServicesTests.Validations.RateLineCollectionValidationServiceTests.ValidateRateLineCollectionMinValueCollection(conditionType: &quot;ConditionSet&quot;, minValueCollection: 20.989999999999998, errorCount: 0)" storage="c:\users\belgp3\onedrive - pa consulting group\documents\work\code\pa\clients\dft\dft-dtro-beta\src\dft.dtro.tests\bin\debug\net8.0\dft.dtro.tests.dll" id="4be8dcf7-1f68-cf17-c7a0-8f55ea634822">
      <Execution id="17a5682b-46ad-4581-9dea-b093c1e051ab" />
      <TestMethod codeBase="C:\Users\BELGP3\OneDrive - PA Consulting Group\Documents\Work\Code\PA\Clients\DfT\dft-dtro-beta\Src\Dft.DTRO.Tests\bin\Debug\net8.0\Dft.DTRO.Tests.dll" adapterTypeName="executor://xunit/VsTestRunner3/netcore/" className="Dft.DTRO.Tests.ServicesTests.Validations.RateLineCollectionValidationServiceTests" name="ValidateRateLineCollectionMinValueCollection" />
    </UnitTest>
    <UnitTest name="Dft.DTRO.Tests.ServicesTests.Validations.ProvisionValidationServiceTests.ValidateMultipleProvisionReferencesForSchema330(references: [&quot;A69D75A3-FCCC-4967-A0E5-7DCB82AFBE13&quot;, &quot;A69D75A3-FCCC-4967-A0E5-7DCB82AFBE13&quot;], errorCount: 1)" storage="c:\users\belgp3\onedrive - pa consulting group\documents\work\code\pa\clients\dft\dft-dtro-beta\src\dft.dtro.tests\bin\debug\net8.0\dft.dtro.tests.dll" id="d90750d9-d977-24d9-af48-5a9733afa074">
      <Execution id="c92eb206-4cf5-40d8-b03b-cf178872790b" />
      <TestMethod codeBase="C:\Users\BELGP3\OneDrive - PA Consulting Group\Documents\Work\Code\PA\Clients\DfT\dft-dtro-beta\Src\Dft.DTRO.Tests\bin\Debug\net8.0\Dft.DTRO.Tests.dll" adapterTypeName="executor://xunit/VsTestRunner3/netcore/" className="Dft.DTRO.Tests.ServicesTests.Validations.ProvisionValidationServiceTests" name="ValidateMultipleProvisionReferencesForSchema330" />
    </UnitTest>
    <UnitTest name="Dft.DTRO.Tests.ServicesTests.Validations.RateLineCollectionValidationServiceTests.ValidateRateLineCollectionResetTime(conditionType: &quot;Condition&quot;, resetTime: &quot;00:00:00&quot;, errorCount: 0)" storage="c:\users\belgp3\onedrive - pa consulting group\documents\work\code\pa\clients\dft\dft-dtro-beta\src\dft.dtro.tests\bin\debug\net8.0\dft.dtro.tests.dll" id="a9b42851-3abb-a723-6277-b308a412f0ce">
      <Execution id="19b4a553-0d2f-4587-a219-3ddd0abce0c8" />
      <TestMethod codeBase="C:\Users\BELGP3\OneDrive - PA Consulting Group\Documents\Work\Code\PA\Clients\DfT\dft-dtro-beta\Src\Dft.DTRO.Tests\bin\Debug\net8.0\Dft.DTRO.Tests.dll" adapterTypeName="executor://xunit/VsTestRunner3/netcore/" className="Dft.DTRO.Tests.ServicesTests.Validations.RateLineCollectionValidationServiceTests" name="ValidateRateLineCollectionResetTime" />
    </UnitTest>
    <UnitTest name="Dft.DTRO.Tests.ServicesTests.Validations.SourceValidationServiceTests.ValidateSourceActionType(version: &quot;3.3.0&quot;, actionType: &quot;noChange&quot;, traCode: 1050, errorCount: 0)" storage="c:\users\belgp3\onedrive - pa consulting group\documents\work\code\pa\clients\dft\dft-dtro-beta\src\dft.dtro.tests\bin\debug\net8.0\dft.dtro.tests.dll" id="cdbf507e-108a-157f-b4e9-c00de71225a1">
      <Execution id="99642f49-5f33-49a0-bf4d-cb58982c5631" />
      <TestMethod codeBase="C:\Users\BELGP3\OneDrive - PA Consulting Group\Documents\Work\Code\PA\Clients\DfT\dft-dtro-beta\Src\Dft.DTRO.Tests\bin\Debug\net8.0\Dft.DTRO.Tests.dll" adapterTypeName="executor://xunit/VsTestRunner3/netcore/" className="Dft.DTRO.Tests.ServicesTests.Validations.SourceValidationServiceTests" name="ValidateSourceActionType" />
    </UnitTest>
    <UnitTest name="Dft.DTRO.Tests.ServicesTests.Validations.SemanticValidationServiceTests.AllowsCoordinatesWithinDirectedLinearGeometry(version: &quot;3.3.0&quot;)" storage="c:\users\belgp3\onedrive - pa consulting group\documents\work\code\pa\clients\dft\dft-dtro-beta\src\dft.dtro.tests\bin\debug\net8.0\dft.dtro.tests.dll" id="681833e7-6b24-2566-5525-42a679b5407e">
      <Execution id="135da09c-fb5a-4f71-9418-3ba7a31ea480" />
      <TestMethod codeBase="C:\Users\BELGP3\OneDrive - PA Consulting Group\Documents\Work\Code\PA\Clients\DfT\dft-dtro-beta\Src\Dft.DTRO.Tests\bin\Debug\net8.0\Dft.DTRO.Tests.dll" adapterTypeName="executor://xunit/VsTestRunner3/netcore/" className="Dft.DTRO.Tests.ServicesTests.Validations.SemanticValidationServiceTests" name="AllowsCoordinatesWithinDirectedLinearGeometry" />
    </UnitTest>
    <UnitTest name="Dft.DTRO.Tests.ServicesTests.Validations.SourceValidationServiceTests.ValidateSourceTraAffected(version: &quot;3.3.0&quot;, traAffected: &quot;&quot;, errorCount: 1)" storage="c:\users\belgp3\onedrive - pa consulting group\documents\work\code\pa\clients\dft\dft-dtro-beta\src\dft.dtro.tests\bin\debug\net8.0\dft.dtro.tests.dll" id="6ba6fb3d-39a6-1dd8-aa0e-607ff7f0a981">
      <Execution id="5eca23d3-c049-4c2c-a12b-b7b2d87753ae" />
      <TestMethod codeBase="C:\Users\BELGP3\OneDrive - PA Consulting Group\Documents\Work\Code\PA\Clients\DfT\dft-dtro-beta\Src\Dft.DTRO.Tests\bin\Debug\net8.0\Dft.DTRO.Tests.dll" adapterTypeName="executor://xunit/VsTestRunner3/netcore/" className="Dft.DTRO.Tests.ServicesTests.Validations.SourceValidationServiceTests" name="ValidateSourceTraAffected" />
    </UnitTest>
    <UnitTest name="Dft.DTRO.Tests.ServicesTests.Validations.SourceValidationServiceTests.ValidateSourceTraAffected(version: &quot;3.2.4&quot;, traAffected: &quot;1050, 4, 3300&quot;, errorCount: 0)" storage="c:\users\belgp3\onedrive - pa consulting group\documents\work\code\pa\clients\dft\dft-dtro-beta\src\dft.dtro.tests\bin\debug\net8.0\dft.dtro.tests.dll" id="cc5697bb-fb09-f460-53df-95b59d6222c4">
      <Execution id="9e3fa3cd-4cdb-45c2-a000-3ae76e95e4f9" />
      <TestMethod codeBase="C:\Users\BELGP3\OneDrive - PA Consulting Group\Documents\Work\Code\PA\Clients\DfT\dft-dtro-beta\Src\Dft.DTRO.Tests\bin\Debug\net8.0\Dft.DTRO.Tests.dll" adapterTypeName="executor://xunit/VsTestRunner3/netcore/" className="Dft.DTRO.Tests.ServicesTests.Validations.SourceValidationServiceTests" name="ValidateSourceTraAffected" />
    </UnitTest>
    <UnitTest name="Dft.DTRO.Tests.ServicesTests.Validations.SemanticValidationServiceTests.AllowsLastUpdateDateInThePast(version: &quot;3.3.0&quot;)" storage="c:\users\belgp3\onedrive - pa consulting group\documents\work\code\pa\clients\dft\dft-dtro-beta\src\dft.dtro.tests\bin\debug\net8.0\dft.dtro.tests.dll" id="e0f11ac8-0975-bd74-055b-2e474314632d">
      <Execution id="a2488083-c327-4d64-a4d2-d6302294b47b" />
      <TestMethod codeBase="C:\Users\BELGP3\OneDrive - PA Consulting Group\Documents\Work\Code\PA\Clients\DfT\dft-dtro-beta\Src\Dft.DTRO.Tests\bin\Debug\net8.0\Dft.DTRO.Tests.dll" adapterTypeName="executor://xunit/VsTestRunner3/netcore/" className="Dft.DTRO.Tests.ServicesTests.Validations.SemanticValidationServiceTests" name="AllowsLastUpdateDateInThePast" />
    </UnitTest>
    <UnitTest name="Dft.DTRO.Tests.DALTests.ApplicationDalTests.GetApplicationDetailsShouldReturnNullWhenInvalidAppId" storage="c:\users\belgp3\onedrive - pa consulting group\documents\work\code\pa\clients\dft\dft-dtro-beta\src\dft.dtro.tests\bin\debug\net8.0\dft.dtro.tests.dll" id="05435c31-98fe-6318-26cf-f344783cd6fc">
      <Execution id="c356f2ce-6078-4254-b73e-afa1dff85274" />
      <TestMethod codeBase="C:\Users\BELGP3\OneDrive - PA Consulting Group\Documents\Work\Code\PA\Clients\DfT\dft-dtro-beta\Src\Dft.DTRO.Tests\bin\Debug\net8.0\Dft.DTRO.Tests.dll" adapterTypeName="executor://xunit/VsTestRunner3/netcore/" className="Dft.DTRO.Tests.DALTests.ApplicationDalTests" name="GetApplicationDetailsShouldReturnNullWhenInvalidAppId" />
    </UnitTest>
    <UnitTest name="Dft.DTRO.Tests.CodeiumTests.Rules.Controller.RulesControllerGetRuleByIdTests.GetRuleById_ReturnsInternalServerError_WhenExceptionOccurs" storage="c:\users\belgp3\onedrive - pa consulting group\documents\work\code\pa\clients\dft\dft-dtro-beta\src\dft.dtro.tests\bin\debug\net8.0\dft.dtro.tests.dll" id="40cab126-c966-3a30-6cf3-844d5652f555">
      <Execution id="4ba2655a-d0c0-4433-9853-0a2d22a6d3c5" />
      <TestMethod codeBase="C:\Users\BELGP3\OneDrive - PA Consulting Group\Documents\Work\Code\PA\Clients\DfT\dft-dtro-beta\Src\Dft.DTRO.Tests\bin\Debug\net8.0\Dft.DTRO.Tests.dll" adapterTypeName="executor://xunit/VsTestRunner3/netcore/" className="Dft.DTRO.Tests.CodeiumTests.Rules.Controller.RulesControllerGetRuleByIdTests" name="GetRuleById_ReturnsInternalServerError_WhenExceptionOccurs" />
    </UnitTest>
    <UnitTest name="Dft.DTRO.Tests.ServicesTests.Validations.JsonLogicValidationTests.DisallowHeightCharacteristicInvalidForRegulationTypeDimensionMaximumHeightStructural" storage="c:\users\belgp3\onedrive - pa consulting group\documents\work\code\pa\clients\dft\dft-dtro-beta\src\dft.dtro.tests\bin\debug\net8.0\dft.dtro.tests.dll" id="c7c49bc2-8426-a4ca-0659-74860b7a9f77">
      <Execution id="95b065f6-bbd7-4b35-80d6-975b3a0be204" />
      <TestMethod codeBase="C:\Users\BELGP3\OneDrive - PA Consulting Group\Documents\Work\Code\PA\Clients\DfT\dft-dtro-beta\Src\Dft.DTRO.Tests\bin\Debug\net8.0\Dft.DTRO.Tests.dll" adapterTypeName="executor://xunit/VsTestRunner3/netcore/" className="Dft.DTRO.Tests.ServicesTests.Validations.JsonLogicValidationTests" name="DisallowHeightCharacteristicInvalidForRegulationTypeDimensionMaximumHeightStructural" />
    </UnitTest>
    <UnitTest name="Dft.DTRO.Tests.ServicesTests.Validations.RegulationValidationTests.ValidateRegulationWhenIsDynamicIsFalseReturnsNoErrors" storage="c:\users\belgp3\onedrive - pa consulting group\documents\work\code\pa\clients\dft\dft-dtro-beta\src\dft.dtro.tests\bin\debug\net8.0\dft.dtro.tests.dll" id="1804ae83-28ca-698a-a154-ea05286519cb">
      <Execution id="e89897b2-b736-4cc5-b807-65d1d2149de9" />
      <TestMethod codeBase="C:\Users\BELGP3\OneDrive - PA Consulting Group\Documents\Work\Code\PA\Clients\DfT\dft-dtro-beta\Src\Dft.DTRO.Tests\bin\Debug\net8.0\Dft.DTRO.Tests.dll" adapterTypeName="executor://xunit/VsTestRunner3/netcore/" className="Dft.DTRO.Tests.ServicesTests.Validations.RegulationValidationTests" name="ValidateRegulationWhenIsDynamicIsFalseReturnsNoErrors" />
    </UnitTest>
    <UnitTest name="Dft.DTRO.Tests.ServicesTests.Validations.RegulationValidationTests.ValidateRegulationTimeZone(timeZone: &quot;&quot;, errorCount: 1)" storage="c:\users\belgp3\onedrive - pa consulting group\documents\work\code\pa\clients\dft\dft-dtro-beta\src\dft.dtro.tests\bin\debug\net8.0\dft.dtro.tests.dll" id="2cc21eb5-ceab-0e8f-1730-725a5b609ea4">
      <Execution id="b5590dec-8f57-49dd-b43a-4966b3183ce8" />
      <TestMethod codeBase="C:\Users\BELGP3\OneDrive - PA Consulting Group\Documents\Work\Code\PA\Clients\DfT\dft-dtro-beta\Src\Dft.DTRO.Tests\bin\Debug\net8.0\Dft.DTRO.Tests.dll" adapterTypeName="executor://xunit/VsTestRunner3/netcore/" className="Dft.DTRO.Tests.ServicesTests.Validations.RegulationValidationTests" name="ValidateRegulationTimeZone" />
    </UnitTest>
    <UnitTest name="ApplicationControllerTests.GetApplicationDetailsNotUsersAppReturnsForbidden" storage="c:\users\belgp3\onedrive - pa consulting group\documents\work\code\pa\clients\dft\dft-dtro-beta\src\dft.dtro.tests\bin\debug\net8.0\dft.dtro.tests.dll" id="f4ccf73f-caa8-2f1d-6c71-c0140e2429ee">
      <Execution id="6dab6214-3cf5-477a-90ad-7d67fb0d8c31" />
      <TestMethod codeBase="C:\Users\BELGP3\OneDrive - PA Consulting Group\Documents\Work\Code\PA\Clients\DfT\dft-dtro-beta\Src\Dft.DTRO.Tests\bin\Debug\net8.0\Dft.DTRO.Tests.dll" adapterTypeName="executor://xunit/VsTestRunner3/netcore/" className="ApplicationControllerTests" name="GetApplicationDetailsNotUsersAppReturnsForbidden" />
    </UnitTest>
    <UnitTest name="Dft.DTRO.Tests.ServicesTests.Validations.RateTableValidationServiceTests.ValidateRateTableAdditionalInformation(additionalInformation: &quot;http://loremipsum.co.uk&quot;, errorCount: 0)" storage="c:\users\belgp3\onedrive - pa consulting group\documents\work\code\pa\clients\dft\dft-dtro-beta\src\dft.dtro.tests\bin\debug\net8.0\dft.dtro.tests.dll" id="9dcad8c1-a209-2f93-bc26-bac6be6f7657">
      <Execution id="05ec8654-7a28-41ec-8eee-2c8040ee7021" />
      <TestMethod codeBase="C:\Users\BELGP3\OneDrive - PA Consulting Group\Documents\Work\Code\PA\Clients\DfT\dft-dtro-beta\Src\Dft.DTRO.Tests\bin\Debug\net8.0\Dft.DTRO.Tests.dll" adapterTypeName="executor://xunit/VsTestRunner3/netcore/" className="Dft.DTRO.Tests.ServicesTests.Validations.RateTableValidationServiceTests" name="ValidateRateTableAdditionalInformation" />
    </UnitTest>
    <UnitTest name="Dft.DTRO.Tests.ServicesTests.Validations.GeometryValidationServiceTests.ValidatePointGeometryPoint(point: &quot;SRID=27700;POINT(535595 184790)&quot;, schemaVersion: &quot;3.3.0&quot;, errorCount: 0)" storage="c:\users\belgp3\onedrive - pa consulting group\documents\work\code\pa\clients\dft\dft-dtro-beta\src\dft.dtro.tests\bin\debug\net8.0\dft.dtro.tests.dll" id="58aa9e81-5dc2-962d-a539-c4c5acfad102">
      <Execution id="ead07e24-2e31-4d5b-a375-24bb3926281f" />
      <TestMethod codeBase="C:\Users\BELGP3\OneDrive - PA Consulting Group\Documents\Work\Code\PA\Clients\DfT\dft-dtro-beta\Src\Dft.DTRO.Tests\bin\Debug\net8.0\Dft.DTRO.Tests.dll" adapterTypeName="executor://xunit/VsTestRunner3/netcore/" className="Dft.DTRO.Tests.ServicesTests.Validations.GeometryValidationServiceTests" name="ValidatePointGeometryPoint" />
    </UnitTest>
    <UnitTest name="Dft.DTRO.Tests.CodeiumTests.Rules.Controller.RulesControllerVersionTests.GetRulesVersions_ReturnsInternalServerError_OnException" storage="c:\users\belgp3\onedrive - pa consulting group\documents\work\code\pa\clients\dft\dft-dtro-beta\src\dft.dtro.tests\bin\debug\net8.0\dft.dtro.tests.dll" id="52930f70-f37f-9866-0741-600c27cea2d1">
      <Execution id="86ae2077-9800-4686-85a2-202ad9264d9f" />
      <TestMethod codeBase="C:\Users\BELGP3\OneDrive - PA Consulting Group\Documents\Work\Code\PA\Clients\DfT\dft-dtro-beta\Src\Dft.DTRO.Tests\bin\Debug\net8.0\Dft.DTRO.Tests.dll" adapterTypeName="executor://xunit/VsTestRunner3/netcore/" className="Dft.DTRO.Tests.CodeiumTests.Rules.Controller.RulesControllerVersionTests" name="GetRulesVersions_ReturnsInternalServerError_OnException" />
    </UnitTest>
    <UnitTest name="Dft.DTRO.Tests.ServicesTests.Validations.SourceValidationServiceTests.ValidateSourceTraAffected(version: &quot;3.2.4&quot;, traAffected: &quot;9999, 0, 10000&quot;, errorCount: 1)" storage="c:\users\belgp3\onedrive - pa consulting group\documents\work\code\pa\clients\dft\dft-dtro-beta\src\dft.dtro.tests\bin\debug\net8.0\dft.dtro.tests.dll" id="61b450b5-39b4-fb02-99de-fb2a3086c4f1">
      <Execution id="e63000be-b922-4a44-ad85-bcabaef9fc43" />
      <TestMethod codeBase="C:\Users\BELGP3\OneDrive - PA Consulting Group\Documents\Work\Code\PA\Clients\DfT\dft-dtro-beta\Src\Dft.DTRO.Tests\bin\Debug\net8.0\Dft.DTRO.Tests.dll" adapterTypeName="executor://xunit/VsTestRunner3/netcore/" className="Dft.DTRO.Tests.ServicesTests.Validations.SourceValidationServiceTests" name="ValidateSourceTraAffected" />
    </UnitTest>
    <UnitTest name="Dft.DTRO.Tests.ServicesTests.Validations.RateLineValidationServiceTests.ValidateRateLineSequence(conditionType: &quot;ConditionSet&quot;, sequence: -1, errorCount: 1)" storage="c:\users\belgp3\onedrive - pa consulting group\documents\work\code\pa\clients\dft\dft-dtro-beta\src\dft.dtro.tests\bin\debug\net8.0\dft.dtro.tests.dll" id="c038dd92-2b61-03cb-a735-8b10f888fd43">
      <Execution id="b33da859-3a72-427d-8b7d-ab4b553233ad" />
      <TestMethod codeBase="C:\Users\BELGP3\OneDrive - PA Consulting Group\Documents\Work\Code\PA\Clients\DfT\dft-dtro-beta\Src\Dft.DTRO.Tests\bin\Debug\net8.0\Dft.DTRO.Tests.dll" adapterTypeName="executor://xunit/VsTestRunner3/netcore/" className="Dft.DTRO.Tests.ServicesTests.Validations.RateLineValidationServiceTests" name="ValidateRateLineSequence" />
    </UnitTest>
    <UnitTest name="Dft.DTRO.Tests.CodeiumTests.Rules.Service.RuleTemplateServiceTests.GetRuleTemplatesAsync_ReturnsList" storage="c:\users\belgp3\onedrive - pa consulting group\documents\work\code\pa\clients\dft\dft-dtro-beta\src\dft.dtro.tests\bin\debug\net8.0\dft.dtro.tests.dll" id="5a9289f0-7d1e-76ad-9fc1-d440e702273c">
      <Execution id="b94f291e-c122-4c16-a114-b9d9fafd7323" />
      <TestMethod codeBase="C:\Users\BELGP3\OneDrive - PA Consulting Group\Documents\Work\Code\PA\Clients\DfT\dft-dtro-beta\Src\Dft.DTRO.Tests\bin\Debug\net8.0\Dft.DTRO.Tests.dll" adapterTypeName="executor://xunit/VsTestRunner3/netcore/" className="Dft.DTRO.Tests.CodeiumTests.Rules.Service.RuleTemplateServiceTests" name="GetRuleTemplatesAsync_ReturnsList" />
    </UnitTest>
    <UnitTest name="Dft.DTRO.Tests.ServicesTests.Validations.UniqueStreetReferenceNumberValidationServiceTests.ValidateUniqueStreetReferenceNumberUsrn(usrn: null, errorCount: 1)" storage="c:\users\belgp3\onedrive - pa consulting group\documents\work\code\pa\clients\dft\dft-dtro-beta\src\dft.dtro.tests\bin\debug\net8.0\dft.dtro.tests.dll" id="45babeb2-3253-8279-840d-6ff809b68586">
      <Execution id="959711c8-3886-41e5-9271-6b4ab739ae49" />
      <TestMethod codeBase="C:\Users\BELGP3\OneDrive - PA Consulting Group\Documents\Work\Code\PA\Clients\DfT\dft-dtro-beta\Src\Dft.DTRO.Tests\bin\Debug\net8.0\Dft.DTRO.Tests.dll" adapterTypeName="executor://xunit/VsTestRunner3/netcore/" className="Dft.DTRO.Tests.ServicesTests.Validations.UniqueStreetReferenceNumberValidationServiceTests" name="ValidateUniqueStreetReferenceNumberUsrn" />
    </UnitTest>
    <UnitTest name="Dft.DTRO.Tests.ServicesTests.Validations.JsonLogicValidationTests.DisallowLengthCharacteristicInvalidForRegulationTypeDimensionMaximumLength" storage="c:\users\belgp3\onedrive - pa consulting group\documents\work\code\pa\clients\dft\dft-dtro-beta\src\dft.dtro.tests\bin\debug\net8.0\dft.dtro.tests.dll" id="c4dee970-e5f7-9b1f-a427-fb6cfc7ef615">
      <Execution id="37e4f4ed-f7ad-494e-b5e0-54b022073d43" />
      <TestMethod codeBase="C:\Users\BELGP3\OneDrive - PA Consulting Group\Documents\Work\Code\PA\Clients\DfT\dft-dtro-beta\Src\Dft.DTRO.Tests\bin\Debug\net8.0\Dft.DTRO.Tests.dll" adapterTypeName="executor://xunit/VsTestRunner3/netcore/" className="Dft.DTRO.Tests.ServicesTests.Validations.JsonLogicValidationTests" name="DisallowLengthCharacteristicInvalidForRegulationTypeDimensionMaximumLength" />
    </UnitTest>
    <UnitTest name="Dft.DTRO.Tests.ServicesTests.Validations.GeometryValidationServiceTests.ValidateLinearGeometryLateralPosition(lateralPosition: &quot;centreline&quot;, schemaVersion: &quot;3.3.0&quot;, errorCount: 0)" storage="c:\users\belgp3\onedrive - pa consulting group\documents\work\code\pa\clients\dft\dft-dtro-beta\src\dft.dtro.tests\bin\debug\net8.0\dft.dtro.tests.dll" id="7a41630d-2138-f286-7852-3dd0b650bdb4">
      <Execution id="63023f92-4751-4d98-8665-85f2b370f4f6" />
      <TestMethod codeBase="C:\Users\BELGP3\OneDrive - PA Consulting Group\Documents\Work\Code\PA\Clients\DfT\dft-dtro-beta\Src\Dft.DTRO.Tests\bin\Debug\net8.0\Dft.DTRO.Tests.dll" adapterTypeName="executor://xunit/VsTestRunner3/netcore/" className="Dft.DTRO.Tests.ServicesTests.Validations.GeometryValidationServiceTests" name="ValidateLinearGeometryLateralPosition" />
    </UnitTest>
    <UnitTest name="Dft.DTRO.Tests.CodeiumTests.Rules.Controller.RulesControllerTests.GetRules_ReturnsInternalServerError_OnException" storage="c:\users\belgp3\onedrive - pa consulting group\documents\work\code\pa\clients\dft\dft-dtro-beta\src\dft.dtro.tests\bin\debug\net8.0\dft.dtro.tests.dll" id="388a90b3-0230-59b3-e51f-2543977a5ef1">
      <Execution id="35826b0b-8d7c-4b36-a64f-fe05bb444910" />
      <TestMethod codeBase="C:\Users\BELGP3\OneDrive - PA Consulting Group\Documents\Work\Code\PA\Clients\DfT\dft-dtro-beta\Src\Dft.DTRO.Tests\bin\Debug\net8.0\Dft.DTRO.Tests.dll" adapterTypeName="executor://xunit/VsTestRunner3/netcore/" className="Dft.DTRO.Tests.CodeiumTests.Rules.Controller.RulesControllerTests" name="GetRules_ReturnsInternalServerError_OnException" />
    </UnitTest>
    <UnitTest name="Dft.DTRO.Tests.ServicesTests.Validations.RateLineValidationServiceTests.ValidateRateLineRateLineType(conditionType: &quot;ConditionSet&quot;, rateLineType: &quot;flatRate&quot;, errorCount: 0)" storage="c:\users\belgp3\onedrive - pa consulting group\documents\work\code\pa\clients\dft\dft-dtro-beta\src\dft.dtro.tests\bin\debug\net8.0\dft.dtro.tests.dll" id="1b663aa9-0a92-6f11-2a4d-0a326f4399aa">
      <Execution id="692cf18e-9f39-4313-8fd1-b967f134e798" />
      <TestMethod codeBase="C:\Users\BELGP3\OneDrive - PA Consulting Group\Documents\Work\Code\PA\Clients\DfT\dft-dtro-beta\Src\Dft.DTRO.Tests\bin\Debug\net8.0\Dft.DTRO.Tests.dll" adapterTypeName="executor://xunit/VsTestRunner3/netcore/" className="Dft.DTRO.Tests.ServicesTests.Validations.RateLineValidationServiceTests" name="ValidateRateLineRateLineType" />
    </UnitTest>
    <UnitTest name="Dft.DTRO.Tests.ServicesTests.Validations.ProvisionValidationServiceTests.ValidateMultipleProvisionReferencesForSchema324(references: [&quot;D5E7FBE5-5A7A-4A81-8E27-CDB008EC729D&quot;, &quot;0EE20392-DD08-416F-A5E6-3013DB40728C&quot;], errorCount: 0)" storage="c:\users\belgp3\onedrive - pa consulting group\documents\work\code\pa\clients\dft\dft-dtro-beta\src\dft.dtro.tests\bin\debug\net8.0\dft.dtro.tests.dll" id="a0b7524f-9eef-93f9-22f6-32455f9a03a1">
      <Execution id="fa5dc617-966b-422f-82fa-f6fe11a2464c" />
      <TestMethod codeBase="C:\Users\BELGP3\OneDrive - PA Consulting Group\Documents\Work\Code\PA\Clients\DfT\dft-dtro-beta\Src\Dft.DTRO.Tests\bin\Debug\net8.0\Dft.DTRO.Tests.dll" adapterTypeName="executor://xunit/VsTestRunner3/netcore/" className="Dft.DTRO.Tests.ServicesTests.Validations.ProvisionValidationServiceTests" name="ValidateMultipleProvisionReferencesForSchema324" />
    </UnitTest>
    <UnitTest name="DfT.DTRO.Tests.CodeiumTests.Integration.SchemaController_Codeium_Tests.GetSchemas_ReturnsInternalServerError_WhenExceptionOccurs" storage="c:\users\belgp3\onedrive - pa consulting group\documents\work\code\pa\clients\dft\dft-dtro-beta\src\dft.dtro.tests\bin\debug\net8.0\dft.dtro.tests.dll" id="2d40973a-0cba-a4a3-5704-df38fe9a8585">
      <Execution id="8d3da24c-e3c8-4116-bc95-61261a75a164" />
      <TestMethod codeBase="C:\Users\BELGP3\OneDrive - PA Consulting Group\Documents\Work\Code\PA\Clients\DfT\dft-dtro-beta\Src\Dft.DTRO.Tests\bin\Debug\net8.0\Dft.DTRO.Tests.dll" adapterTypeName="executor://xunit/VsTestRunner3/netcore/" className="DfT.DTRO.Tests.CodeiumTests.Integration.SchemaController_Codeium_Tests" name="GetSchemas_ReturnsInternalServerError_WhenExceptionOccurs" />
    </UnitTest>
    <UnitTest name="Dft.DTRO.Tests.ServicesTests.Validations.RegulationValidationTests.ValidateGeneralRegulationRegulationType(regulationType: &quot;kerbsideOtherYellowZigZagMandatory&quot;, errorCount: 0)" storage="c:\users\belgp3\onedrive - pa consulting group\documents\work\code\pa\clients\dft\dft-dtro-beta\src\dft.dtro.tests\bin\debug\net8.0\dft.dtro.tests.dll" id="e38bbde7-7c32-13f2-8994-c802204d2549">
      <Execution id="0760623f-f82c-46a6-99da-ab688ca8e83c" />
      <TestMethod codeBase="C:\Users\BELGP3\OneDrive - PA Consulting Group\Documents\Work\Code\PA\Clients\DfT\dft-dtro-beta\Src\Dft.DTRO.Tests\bin\Debug\net8.0\Dft.DTRO.Tests.dll" adapterTypeName="executor://xunit/VsTestRunner3/netcore/" className="Dft.DTRO.Tests.ServicesTests.Validations.RegulationValidationTests" name="ValidateGeneralRegulationRegulationType" />
    </UnitTest>
    <UnitTest name="Dft.DTRO.Tests.ServicesTests.Validations.ElementaryStreetUnitValidationServiceTests.ValidateElementaryStreetUnitEsu(esu: 100000000000000, errorCount: 1)" storage="c:\users\belgp3\onedrive - pa consulting group\documents\work\code\pa\clients\dft\dft-dtro-beta\src\dft.dtro.tests\bin\debug\net8.0\dft.dtro.tests.dll" id="60852b35-3962-6786-5fa3-de0b7bcc0bae">
      <Execution id="8596122c-55c5-43fd-9693-33c9b8cfcd72" />
      <TestMethod codeBase="C:\Users\BELGP3\OneDrive - PA Consulting Group\Documents\Work\Code\PA\Clients\DfT\dft-dtro-beta\Src\Dft.DTRO.Tests\bin\Debug\net8.0\Dft.DTRO.Tests.dll" adapterTypeName="executor://xunit/VsTestRunner3/netcore/" className="Dft.DTRO.Tests.ServicesTests.Validations.ElementaryStreetUnitValidationServiceTests" name="ValidateElementaryStreetUnitEsu" />
    </UnitTest>
    <UnitTest name="Dft.DTRO.Tests.ServicesTests.Validations.RateLineValidationServiceTests.ValidateRateLineIncrementPeriod(conditionType: &quot;ConditionSet&quot;, incrementPeriod: -1, errorCount: 1)" storage="c:\users\belgp3\onedrive - pa consulting group\documents\work\code\pa\clients\dft\dft-dtro-beta\src\dft.dtro.tests\bin\debug\net8.0\dft.dtro.tests.dll" id="3e876a85-a5d0-543c-6f41-5169f765cf5d">
      <Execution id="6c99b2a4-5e5f-43db-b936-a2cd0c79d4d2" />
      <TestMethod codeBase="C:\Users\BELGP3\OneDrive - PA Consulting Group\Documents\Work\Code\PA\Clients\DfT\dft-dtro-beta\Src\Dft.DTRO.Tests\bin\Debug\net8.0\Dft.DTRO.Tests.dll" adapterTypeName="executor://xunit/VsTestRunner3/netcore/" className="Dft.DTRO.Tests.ServicesTests.Validations.RateLineValidationServiceTests" name="ValidateRateLineIncrementPeriod" />
    </UnitTest>
    <UnitTest name="Dft.DTRO.Tests.CodeiumTests.Users.Service.UserServiceTests.SaveDtroUserAsync_ShouldReturnGuidResponse(doesTraIdExists: False)" storage="c:\users\belgp3\onedrive - pa consulting group\documents\work\code\pa\clients\dft\dft-dtro-beta\src\dft.dtro.tests\bin\debug\net8.0\dft.dtro.tests.dll" id="9dac6a93-2b17-3d7d-c5f8-8c271cd1f8af">
      <Execution id="7045fc2b-b2d7-4de8-b281-98d15701cd88" />
      <TestMethod codeBase="C:\Users\BELGP3\OneDrive - PA Consulting Group\Documents\Work\Code\PA\Clients\DfT\dft-dtro-beta\Src\Dft.DTRO.Tests\bin\Debug\net8.0\Dft.DTRO.Tests.dll" adapterTypeName="executor://xunit/VsTestRunner3/netcore/" className="Dft.DTRO.Tests.CodeiumTests.Users.Service.UserServiceTests" name="SaveDtroUserAsync_ShouldReturnGuidResponse" />
    </UnitTest>
    <UnitTest name="Dft.DTRO.Tests.ServicesTests.Validations.RegulationValidationTests.ValidateSpeedLimitValueBasedSpeedValue(mphValue: 55, errorCount: 1)" storage="c:\users\belgp3\onedrive - pa consulting group\documents\work\code\pa\clients\dft\dft-dtro-beta\src\dft.dtro.tests\bin\debug\net8.0\dft.dtro.tests.dll" id="e826c483-9934-e7c7-6a7f-00a0c30090d8">
      <Execution id="3a33e2b7-cbdc-4edf-9515-2c6476961a40" />
      <TestMethod codeBase="C:\Users\BELGP3\OneDrive - PA Consulting Group\Documents\Work\Code\PA\Clients\DfT\dft-dtro-beta\Src\Dft.DTRO.Tests\bin\Debug\net8.0\Dft.DTRO.Tests.dll" adapterTypeName="executor://xunit/VsTestRunner3/netcore/" className="Dft.DTRO.Tests.ServicesTests.Validations.RegulationValidationTests" name="ValidateSpeedLimitValueBasedSpeedValue" />
    </UnitTest>
    <UnitTest name="Dft.DTRO.Tests.ServicesTests.Validations.ProvisionValidationServiceTests.ValidateProvisionDescriptionForSchema330(provisionDescription: &quot;&quot;, errorCount: 1)" storage="c:\users\belgp3\onedrive - pa consulting group\documents\work\code\pa\clients\dft\dft-dtro-beta\src\dft.dtro.tests\bin\debug\net8.0\dft.dtro.tests.dll" id="17852aa4-45a8-826a-0ed9-1fbcdde06043">
      <Execution id="2682c52e-271f-4fae-b32d-f9a88272db7d" />
      <TestMethod codeBase="C:\Users\BELGP3\OneDrive - PA Consulting Group\Documents\Work\Code\PA\Clients\DfT\dft-dtro-beta\Src\Dft.DTRO.Tests\bin\Debug\net8.0\Dft.DTRO.Tests.dll" adapterTypeName="executor://xunit/VsTestRunner3/netcore/" className="Dft.DTRO.Tests.ServicesTests.Validations.ProvisionValidationServiceTests" name="ValidateProvisionDescriptionForSchema330" />
    </UnitTest>
    <UnitTest name="Dft.DTRO.Tests.ServicesTests.Validations.RegulationValidationTests.ValidateGeneralRegulationRegulationType(regulationType: &quot;mandatoryDirectionOneWay&quot;, errorCount: 0)" storage="c:\users\belgp3\onedrive - pa consulting group\documents\work\code\pa\clients\dft\dft-dtro-beta\src\dft.dtro.tests\bin\debug\net8.0\dft.dtro.tests.dll" id="83a67981-84aa-6e11-1f24-26f6715350fd">
      <Execution id="500873e9-ac10-48a7-97dc-df8e0854d209" />
      <TestMethod codeBase="C:\Users\BELGP3\OneDrive - PA Consulting Group\Documents\Work\Code\PA\Clients\DfT\dft-dtro-beta\Src\Dft.DTRO.Tests\bin\Debug\net8.0\Dft.DTRO.Tests.dll" adapterTypeName="executor://xunit/VsTestRunner3/netcore/" className="Dft.DTRO.Tests.ServicesTests.Validations.RegulationValidationTests" name="ValidateGeneralRegulationRegulationType" />
    </UnitTest>
    <UnitTest name="Dft.DTRO.Tests.ServicesTests.Validations.RateLineCollectionValidationServiceTests.ValidateRateLineCollectionStartValidUsagePeriod(conditionType: &quot;Condition&quot;, startValidUsagePeriod: &quot;2024-12-10T09:00:00&quot;, errorCount: 0)" storage="c:\users\belgp3\onedrive - pa consulting group\documents\work\code\pa\clients\dft\dft-dtro-beta\src\dft.dtro.tests\bin\debug\net8.0\dft.dtro.tests.dll" id="bb7aa315-cd83-bdb4-528f-61329cf74549">
      <Execution id="dfe4319d-f0ee-4465-9664-e2bcc2952347" />
      <TestMethod codeBase="C:\Users\BELGP3\OneDrive - PA Consulting Group\Documents\Work\Code\PA\Clients\DfT\dft-dtro-beta\Src\Dft.DTRO.Tests\bin\Debug\net8.0\Dft.DTRO.Tests.dll" adapterTypeName="executor://xunit/VsTestRunner3/netcore/" className="Dft.DTRO.Tests.ServicesTests.Validations.RateLineCollectionValidationServiceTests" name="ValidateRateLineCollectionStartValidUsagePeriod" />
    </UnitTest>
    <UnitTest name="Dft.DTRO.Tests.ServicesTests.Validations.ProvisionValidationServiceTests.ValidateProvisionOrderReportingPointTypeForSchema324(orderReportingPointType: &quot;specialEventOrderNoticeOfMaking&quot;, errorCount: 0)" storage="c:\users\belgp3\onedrive - pa consulting group\documents\work\code\pa\clients\dft\dft-dtro-beta\src\dft.dtro.tests\bin\debug\net8.0\dft.dtro.tests.dll" id="6221ffac-5cd5-bece-91be-14256b03f0c0">
      <Execution id="668953fd-55d7-47df-b9d2-e611ebf77a90" />
      <TestMethod codeBase="C:\Users\BELGP3\OneDrive - PA Consulting Group\Documents\Work\Code\PA\Clients\DfT\dft-dtro-beta\Src\Dft.DTRO.Tests\bin\Debug\net8.0\Dft.DTRO.Tests.dll" adapterTypeName="executor://xunit/VsTestRunner3/netcore/" className="Dft.DTRO.Tests.ServicesTests.Validations.ProvisionValidationServiceTests" name="ValidateProvisionOrderReportingPointTypeForSchema324" />
    </UnitTest>
    <UnitTest name="Dft.DTRO.Tests.ServicesTests.Validations.RateLineValidationServiceTests.ValidateRateLineRateUsageConditionType(conditionType: &quot;Condition&quot;, usageCondition: &quot;fixedNumber&quot;, errorCount: 0)" storage="c:\users\belgp3\onedrive - pa consulting group\documents\work\code\pa\clients\dft\dft-dtro-beta\src\dft.dtro.tests\bin\debug\net8.0\dft.dtro.tests.dll" id="5ed683c2-077f-ecf8-73c9-4400a9b6a6cd">
      <Execution id="ba5ab1a9-c223-408b-897f-fdb532a582d7" />
      <TestMethod codeBase="C:\Users\BELGP3\OneDrive - PA Consulting Group\Documents\Work\Code\PA\Clients\DfT\dft-dtro-beta\Src\Dft.DTRO.Tests\bin\Debug\net8.0\Dft.DTRO.Tests.dll" adapterTypeName="executor://xunit/VsTestRunner3/netcore/" className="Dft.DTRO.Tests.ServicesTests.Validations.RateLineValidationServiceTests" name="ValidateRateLineRateUsageConditionType" />
    </UnitTest>
    <UnitTest name="Dft.DTRO.Tests.ServicesTests.Validations.GeometryValidationServiceTests.ValidateLinearGeometryRepresentation(representation: &quot;&quot;, schemaVersion: &quot;3.3.0&quot;, errorCount: 2)" storage="c:\users\belgp3\onedrive - pa consulting group\documents\work\code\pa\clients\dft\dft-dtro-beta\src\dft.dtro.tests\bin\debug\net8.0\dft.dtro.tests.dll" id="9056c162-5a24-a05d-e6e6-01dbe42c1251">
      <Execution id="db3e69fd-d454-4763-abc7-8ea06f871942" />
      <TestMethod codeBase="C:\Users\BELGP3\OneDrive - PA Consulting Group\Documents\Work\Code\PA\Clients\DfT\dft-dtro-beta\Src\Dft.DTRO.Tests\bin\Debug\net8.0\Dft.DTRO.Tests.dll" adapterTypeName="executor://xunit/VsTestRunner3/netcore/" className="Dft.DTRO.Tests.ServicesTests.Validations.GeometryValidationServiceTests" name="ValidateLinearGeometryRepresentation" />
    </UnitTest>
    <UnitTest name="Dft.DTRO.Tests.ServicesTests.Validations.JsonSchemaValidationTests.ValidateAgainstSchema325ProducesCorrectResults(schemaVersion: &quot;3.3.0&quot;, sourceJson: &quot;JSON-3.3.0-example-TTRO-SuspensionOneWay&quot;, expectedResult: False)" storage="c:\users\belgp3\onedrive - pa consulting group\documents\work\code\pa\clients\dft\dft-dtro-beta\src\dft.dtro.tests\bin\debug\net8.0\dft.dtro.tests.dll" id="f317fe26-0e84-f219-3664-548ca34dcc56">
      <Execution id="1dc58134-e474-4db5-91a1-4c20585f0dee" />
      <TestMethod codeBase="C:\Users\BELGP3\OneDrive - PA Consulting Group\Documents\Work\Code\PA\Clients\DfT\dft-dtro-beta\Src\Dft.DTRO.Tests\bin\Debug\net8.0\Dft.DTRO.Tests.dll" adapterTypeName="executor://xunit/VsTestRunner3/netcore/" className="Dft.DTRO.Tests.ServicesTests.Validations.JsonSchemaValidationTests" name="ValidateAgainstSchema325ProducesCorrectResults" />
    </UnitTest>
    <UnitTest name="Dft.DTRO.Tests.UnitTests.MappingServiceTests.GetProvision_Returns_DtroHistoryProvision" storage="c:\users\belgp3\onedrive - pa consulting group\documents\work\code\pa\clients\dft\dft-dtro-beta\src\dft.dtro.tests\bin\debug\net8.0\dft.dtro.tests.dll" id="270781d5-bcd1-7d6c-2fff-a08648da3352">
      <Execution id="d89a74e9-dc7f-4ef1-bbb4-e570820245e7" />
      <TestMethod codeBase="C:\Users\BELGP3\OneDrive - PA Consulting Group\Documents\Work\Code\PA\Clients\DfT\dft-dtro-beta\Src\Dft.DTRO.Tests\bin\Debug\net8.0\Dft.DTRO.Tests.dll" adapterTypeName="executor://xunit/VsTestRunner3/netcore/" className="Dft.DTRO.Tests.UnitTests.MappingServiceTests" name="GetProvision_Returns_DtroHistoryProvision" />
    </UnitTest>
    <UnitTest name="Dft.DTRO.Tests.ServicesTests.Validations.RegulatedPlaceValidationServiceTests.ValidateRegulatedPlacesDescriptionForSchema324(description: &quot;&quot;, errorCount: 1)" storage="c:\users\belgp3\onedrive - pa consulting group\documents\work\code\pa\clients\dft\dft-dtro-beta\src\dft.dtro.tests\bin\debug\net8.0\dft.dtro.tests.dll" id="cf61205d-56a5-32a1-7f56-5effab49f780">
      <Execution id="0c5fcf9b-b74f-4b31-9229-8d43a3341117" />
      <TestMethod codeBase="C:\Users\BELGP3\OneDrive - PA Consulting Group\Documents\Work\Code\PA\Clients\DfT\dft-dtro-beta\Src\Dft.DTRO.Tests\bin\Debug\net8.0\Dft.DTRO.Tests.dll" adapterTypeName="executor://xunit/VsTestRunner3/netcore/" className="Dft.DTRO.Tests.ServicesTests.Validations.RegulatedPlaceValidationServiceTests" name="ValidateRegulatedPlacesDescriptionForSchema324" />
    </UnitTest>
    <UnitTest name="Dft.DTRO.Tests.CodeiumTests.Rules.Controller.RulesControllerVersionTests.GetRulesVersions_ReturnsOk_WithVersions" storage="c:\users\belgp3\onedrive - pa consulting group\documents\work\code\pa\clients\dft\dft-dtro-beta\src\dft.dtro.tests\bin\debug\net8.0\dft.dtro.tests.dll" id="0fb198d3-6540-8e2f-4908-469587f895ba">
      <Execution id="496832d1-e0df-45eb-9095-0fc4e9ca75c9" />
      <TestMethod codeBase="C:\Users\BELGP3\OneDrive - PA Consulting Group\Documents\Work\Code\PA\Clients\DfT\dft-dtro-beta\Src\Dft.DTRO.Tests\bin\Debug\net8.0\Dft.DTRO.Tests.dll" adapterTypeName="executor://xunit/VsTestRunner3/netcore/" className="Dft.DTRO.Tests.CodeiumTests.Rules.Controller.RulesControllerVersionTests" name="GetRulesVersions_ReturnsOk_WithVersions" />
    </UnitTest>
    <UnitTest name="DfT.DTRO.Tests.CodeiumTests.Integration.SchemaController_Codeium_Tests.GetSchemaVersion_ReturnsOkResult" storage="c:\users\belgp3\onedrive - pa consulting group\documents\work\code\pa\clients\dft\dft-dtro-beta\src\dft.dtro.tests\bin\debug\net8.0\dft.dtro.tests.dll" id="19410f8d-3e98-122c-9368-4cdf120d0b7a">
      <Execution id="68bb3164-5687-4771-9d17-7be85bd18c5e" />
      <TestMethod codeBase="C:\Users\BELGP3\OneDrive - PA Consulting Group\Documents\Work\Code\PA\Clients\DfT\dft-dtro-beta\Src\Dft.DTRO.Tests\bin\Debug\net8.0\Dft.DTRO.Tests.dll" adapterTypeName="executor://xunit/VsTestRunner3/netcore/" className="DfT.DTRO.Tests.CodeiumTests.Integration.SchemaController_Codeium_Tests" name="GetSchemaVersion_ReturnsOkResult" />
    </UnitTest>
    <UnitTest name="Dft.DTRO.Tests.ServicesTests.Validations.SemanticValidationServiceTests.WhenBritishNationalGridSpatialReferenceIsIncorrectReturnsError(version: &quot;3.3.0&quot;)" storage="c:\users\belgp3\onedrive - pa consulting group\documents\work\code\pa\clients\dft\dft-dtro-beta\src\dft.dtro.tests\bin\debug\net8.0\dft.dtro.tests.dll" id="4b00ba75-ba91-b32a-1108-6b47000f0afa">
      <Execution id="c64aee19-97f7-4b66-acd0-abe937c10c63" />
      <TestMethod codeBase="C:\Users\BELGP3\OneDrive - PA Consulting Group\Documents\Work\Code\PA\Clients\DfT\dft-dtro-beta\Src\Dft.DTRO.Tests\bin\Debug\net8.0\Dft.DTRO.Tests.dll" adapterTypeName="executor://xunit/VsTestRunner3/netcore/" className="Dft.DTRO.Tests.ServicesTests.Validations.SemanticValidationServiceTests" name="WhenBritishNationalGridSpatialReferenceIsIncorrectReturnsError" />
    </UnitTest>
    <UnitTest name="Dft.DTRO.Tests.ServicesTests.Validations.JsonLogicValidationTests.DisallowsDuplicateApplicableWeekInValidityPeriod" storage="c:\users\belgp3\onedrive - pa consulting group\documents\work\code\pa\clients\dft\dft-dtro-beta\src\dft.dtro.tests\bin\debug\net8.0\dft.dtro.tests.dll" id="abc92c35-87b4-07da-a074-e83be39f30c9">
      <Execution id="3392b995-93fb-4fdc-878b-16da5a95b21e" />
      <TestMethod codeBase="C:\Users\BELGP3\OneDrive - PA Consulting Group\Documents\Work\Code\PA\Clients\DfT\dft-dtro-beta\Src\Dft.DTRO.Tests\bin\Debug\net8.0\Dft.DTRO.Tests.dll" adapterTypeName="executor://xunit/VsTestRunner3/netcore/" className="Dft.DTRO.Tests.ServicesTests.Validations.JsonLogicValidationTests" name="DisallowsDuplicateApplicableWeekInValidityPeriod" />
    </UnitTest>
    <UnitTest name="Dft.DTRO.Tests.CodeiumTests.Rules.Controller.RulesControllerTests.GetRule_ReturnsInternalServerError_WhenExceptionIsThrown" storage="c:\users\belgp3\onedrive - pa consulting group\documents\work\code\pa\clients\dft\dft-dtro-beta\src\dft.dtro.tests\bin\debug\net8.0\dft.dtro.tests.dll" id="fe4d663b-63b3-c9e4-9fce-558c745dcd22">
      <Execution id="c6c9ac50-bcff-4a1e-a154-891b2b5888a0" />
      <TestMethod codeBase="C:\Users\BELGP3\OneDrive - PA Consulting Group\Documents\Work\Code\PA\Clients\DfT\dft-dtro-beta\Src\Dft.DTRO.Tests\bin\Debug\net8.0\Dft.DTRO.Tests.dll" adapterTypeName="executor://xunit/VsTestRunner3/netcore/" className="Dft.DTRO.Tests.CodeiumTests.Rules.Controller.RulesControllerTests" name="GetRule_ReturnsInternalServerError_WhenExceptionIsThrown" />
    </UnitTest>
    <UnitTest name="Dft.DTRO.Tests.ServicesTests.Validations.RegulationValidationTests.ValidateGeneralRegulationRegulationType(regulationType: &quot;bannedMovementNoUTurn&quot;, errorCount: 0)" storage="c:\users\belgp3\onedrive - pa consulting group\documents\work\code\pa\clients\dft\dft-dtro-beta\src\dft.dtro.tests\bin\debug\net8.0\dft.dtro.tests.dll" id="80521eb1-f083-9fdb-1437-9c31c69a7908">
      <Execution id="ac4a5999-d042-4b5f-825f-8f7266b21ee5" />
      <TestMethod codeBase="C:\Users\BELGP3\OneDrive - PA Consulting Group\Documents\Work\Code\PA\Clients\DfT\dft-dtro-beta\Src\Dft.DTRO.Tests\bin\Debug\net8.0\Dft.DTRO.Tests.dll" adapterTypeName="executor://xunit/VsTestRunner3/netcore/" className="Dft.DTRO.Tests.ServicesTests.Validations.RegulationValidationTests" name="ValidateGeneralRegulationRegulationType" />
    </UnitTest>
    <UnitTest name="Dft.DTRO.Tests.ServicesTests.Validations.ProvisionValidationServiceTests.ValidateProvisionDescriptionForSchema324(provisionDescription: &quot;&quot;, errorCount: 1)" storage="c:\users\belgp3\onedrive - pa consulting group\documents\work\code\pa\clients\dft\dft-dtro-beta\src\dft.dtro.tests\bin\debug\net8.0\dft.dtro.tests.dll" id="9642b820-96f1-f01e-cf0e-4dee8fdde484">
      <Execution id="88057e37-bcdc-45f6-a07e-20e0d8ed45ae" />
      <TestMethod codeBase="C:\Users\BELGP3\OneDrive - PA Consulting Group\Documents\Work\Code\PA\Clients\DfT\dft-dtro-beta\Src\Dft.DTRO.Tests\bin\Debug\net8.0\Dft.DTRO.Tests.dll" adapterTypeName="executor://xunit/VsTestRunner3/netcore/" className="Dft.DTRO.Tests.ServicesTests.Validations.ProvisionValidationServiceTests" name="ValidateProvisionDescriptionForSchema324" />
    </UnitTest>
    <UnitTest name="Dft.DTRO.Tests.CodeiumTests.Users.Service.UserServiceTests.UpdateDtroUserAsync_ShouldReturnGuidResponse_WhenUserExists" storage="c:\users\belgp3\onedrive - pa consulting group\documents\work\code\pa\clients\dft\dft-dtro-beta\src\dft.dtro.tests\bin\debug\net8.0\dft.dtro.tests.dll" id="2878ec11-f19d-a252-fb97-8489b89749c2">
      <Execution id="41a87b91-a3be-4169-8bef-42b0c3208142" />
      <TestMethod codeBase="C:\Users\BELGP3\OneDrive - PA Consulting Group\Documents\Work\Code\PA\Clients\DfT\dft-dtro-beta\Src\Dft.DTRO.Tests\bin\Debug\net8.0\Dft.DTRO.Tests.dll" adapterTypeName="executor://xunit/VsTestRunner3/netcore/" className="Dft.DTRO.Tests.CodeiumTests.Users.Service.UserServiceTests" name="UpdateDtroUserAsync_ShouldReturnGuidResponse_WhenUserExists" />
    </UnitTest>
    <UnitTest name="Dft.DTRO.Tests.ServicesTests.Validations.JsonLogicValidationTests.AllowPublicationTimeWithinOneMonthOld" storage="c:\users\belgp3\onedrive - pa consulting group\documents\work\code\pa\clients\dft\dft-dtro-beta\src\dft.dtro.tests\bin\debug\net8.0\dft.dtro.tests.dll" id="fa677450-2c11-6c1d-e6db-68b08165a159">
      <Execution id="2bb1646b-98f2-473f-b2c6-2d357061dc5d" />
      <TestMethod codeBase="C:\Users\BELGP3\OneDrive - PA Consulting Group\Documents\Work\Code\PA\Clients\DfT\dft-dtro-beta\Src\Dft.DTRO.Tests\bin\Debug\net8.0\Dft.DTRO.Tests.dll" adapterTypeName="executor://xunit/VsTestRunner3/netcore/" className="Dft.DTRO.Tests.ServicesTests.Validations.JsonLogicValidationTests" name="AllowPublicationTimeWithinOneMonthOld" />
    </UnitTest>
    <UnitTest name="Dft.DTRO.Tests.UnitTests.MappingServiceTests.InferIndexFieldsReturnsSampleFiles(path: &quot;../../../TestFiles/D-TROs/3.3.0/JSON-3.3.0-example&quot;···, schemaVersion: &quot;3.3.0&quot;)" storage="c:\users\belgp3\onedrive - pa consulting group\documents\work\code\pa\clients\dft\dft-dtro-beta\src\dft.dtro.tests\bin\debug\net8.0\dft.dtro.tests.dll" id="f49f8e7e-3f3a-ff7d-f793-b8f4d5d02271">
      <Execution id="ccc67a69-e8a0-4c9b-9880-f75348fe21f2" />
      <TestMethod codeBase="C:\Users\BELGP3\OneDrive - PA Consulting Group\Documents\Work\Code\PA\Clients\DfT\dft-dtro-beta\Src\Dft.DTRO.Tests\bin\Debug\net8.0\Dft.DTRO.Tests.dll" adapterTypeName="executor://xunit/VsTestRunner3/netcore/" className="Dft.DTRO.Tests.UnitTests.MappingServiceTests" name="InferIndexFieldsReturnsSampleFiles" />
    </UnitTest>
    <UnitTest name="DfT.DTRO.Tests.CodeiumTests.Integration.SchemaController_Codeium_Tests.GetSchemaById_InvalidId_ReturnsNotFound" storage="c:\users\belgp3\onedrive - pa consulting group\documents\work\code\pa\clients\dft\dft-dtro-beta\src\dft.dtro.tests\bin\debug\net8.0\dft.dtro.tests.dll" id="167a65fb-4072-06f8-c1d4-2c8222baa594">
      <Execution id="bf7dbc35-0d77-4a31-9102-6cae67a517b7" />
      <TestMethod codeBase="C:\Users\BELGP3\OneDrive - PA Consulting Group\Documents\Work\Code\PA\Clients\DfT\dft-dtro-beta\Src\Dft.DTRO.Tests\bin\Debug\net8.0\Dft.DTRO.Tests.dll" adapterTypeName="executor://xunit/VsTestRunner3/netcore/" className="DfT.DTRO.Tests.CodeiumTests.Integration.SchemaController_Codeium_Tests" name="GetSchemaById_InvalidId_ReturnsNotFound" />
    </UnitTest>
    <UnitTest name="DfT.DTRO.Tests.CodeiumTests.Integration.SchemaController_Codeium_Tests.CreateSchema_ThrowsInvalidOperationException_ReturnsBadRequest" storage="c:\users\belgp3\onedrive - pa consulting group\documents\work\code\pa\clients\dft\dft-dtro-beta\src\dft.dtro.tests\bin\debug\net8.0\dft.dtro.tests.dll" id="3ea2ab87-fbd6-e164-9b49-ac85c4584e25">
      <Execution id="8961449b-6e90-4297-9a1a-623fdafbb8ee" />
      <TestMethod codeBase="C:\Users\BELGP3\OneDrive - PA Consulting Group\Documents\Work\Code\PA\Clients\DfT\dft-dtro-beta\Src\Dft.DTRO.Tests\bin\Debug\net8.0\Dft.DTRO.Tests.dll" adapterTypeName="executor://xunit/VsTestRunner3/netcore/" className="DfT.DTRO.Tests.CodeiumTests.Integration.SchemaController_Codeium_Tests" name="CreateSchema_ThrowsInvalidOperationException_ReturnsBadRequest" />
    </UnitTest>
    <UnitTest name="Dft.DTRO.Tests.ServicesTests.Validations.JsonLogicValidationTests.AllowsOverallPeriodStartTimeBeforeEndTime" storage="c:\users\belgp3\onedrive - pa consulting group\documents\work\code\pa\clients\dft\dft-dtro-beta\src\dft.dtro.tests\bin\debug\net8.0\dft.dtro.tests.dll" id="690735d2-ffee-a95a-b58c-d273216693e7">
      <Execution id="1f57641c-7823-43c1-beda-de24742574db" />
      <TestMethod codeBase="C:\Users\BELGP3\OneDrive - PA Consulting Group\Documents\Work\Code\PA\Clients\DfT\dft-dtro-beta\Src\Dft.DTRO.Tests\bin\Debug\net8.0\Dft.DTRO.Tests.dll" adapterTypeName="executor://xunit/VsTestRunner3/netcore/" className="Dft.DTRO.Tests.ServicesTests.Validations.JsonLogicValidationTests" name="AllowsOverallPeriodStartTimeBeforeEndTime" />
    </UnitTest>
    <UnitTest name="Dft.DTRO.Tests.ServicesTests.Validations.GeometryValidationServiceTests.ValidateLinearGeometryLinestring(linestring: &quot;SRID=27700;LINESTRING(502151 0, 502130 0)&quot;, schemaVersion: &quot;3.3.0&quot;, errorCount: 1)" storage="c:\users\belgp3\onedrive - pa consulting group\documents\work\code\pa\clients\dft\dft-dtro-beta\src\dft.dtro.tests\bin\debug\net8.0\dft.dtro.tests.dll" id="1d24e03e-aa4b-1bc3-f837-b543c34cc825">
      <Execution id="1167b8e4-77f1-47ff-9634-f434c7da4c3c" />
      <TestMethod codeBase="C:\Users\BELGP3\OneDrive - PA Consulting Group\Documents\Work\Code\PA\Clients\DfT\dft-dtro-beta\Src\Dft.DTRO.Tests\bin\Debug\net8.0\Dft.DTRO.Tests.dll" adapterTypeName="executor://xunit/VsTestRunner3/netcore/" className="Dft.DTRO.Tests.ServicesTests.Validations.GeometryValidationServiceTests" name="ValidateLinearGeometryLinestring" />
    </UnitTest>
    <UnitTest name="Dft.DTRO.Tests.ServicesTests.Validations.ElementaryStreetUnitValidationServiceTests.ValidateElementaryStreetUnitEsu(esu: 0, errorCount: 1)" storage="c:\users\belgp3\onedrive - pa consulting group\documents\work\code\pa\clients\dft\dft-dtro-beta\src\dft.dtro.tests\bin\debug\net8.0\dft.dtro.tests.dll" id="6cf8d12e-c15d-8d65-bf4b-e4a91e373185">
      <Execution id="d710e3c5-02c7-437b-981e-dae761f93c43" />
      <TestMethod codeBase="C:\Users\BELGP3\OneDrive - PA Consulting Group\Documents\Work\Code\PA\Clients\DfT\dft-dtro-beta\Src\Dft.DTRO.Tests\bin\Debug\net8.0\Dft.DTRO.Tests.dll" adapterTypeName="executor://xunit/VsTestRunner3/netcore/" className="Dft.DTRO.Tests.ServicesTests.Validations.ElementaryStreetUnitValidationServiceTests" name="ValidateElementaryStreetUnitEsu" />
    </UnitTest>
    <UnitTest name="Dft.DTRO.Tests.ServicesTests.Validations.RegulationValidationTests.ValidateGeneralRegulationRegulationType(regulationType: &quot;kerbsideTaxiRank&quot;, errorCount: 0)" storage="c:\users\belgp3\onedrive - pa consulting group\documents\work\code\pa\clients\dft\dft-dtro-beta\src\dft.dtro.tests\bin\debug\net8.0\dft.dtro.tests.dll" id="78f515b2-5e79-e56f-86ce-a9db10a4bb43">
      <Execution id="bc2327c5-ddcd-4c7c-9bc1-c508bab0093e" />
      <TestMethod codeBase="C:\Users\BELGP3\OneDrive - PA Consulting Group\Documents\Work\Code\PA\Clients\DfT\dft-dtro-beta\Src\Dft.DTRO.Tests\bin\Debug\net8.0\Dft.DTRO.Tests.dll" adapterTypeName="executor://xunit/VsTestRunner3/netcore/" className="Dft.DTRO.Tests.ServicesTests.Validations.RegulationValidationTests" name="ValidateGeneralRegulationRegulationType" />
    </UnitTest>
    <UnitTest name="Dft.DTRO.Tests.ServicesTests.Validations.JsonSchemaValidationTests.ValidateAgainstSchema320ProducesCorrectResults(schemaVersion: &quot;3.2.0&quot;, sourceJson: &quot;valid-fullAmendment&quot;, expectedResult: False)" storage="c:\users\belgp3\onedrive - pa consulting group\documents\work\code\pa\clients\dft\dft-dtro-beta\src\dft.dtro.tests\bin\debug\net8.0\dft.dtro.tests.dll" id="7e984f17-dd82-8aa5-2344-2982963c53e7">
      <Execution id="50b3e504-20f8-4ba9-90ae-927268d7fb55" />
      <TestMethod codeBase="C:\Users\BELGP3\OneDrive - PA Consulting Group\Documents\Work\Code\PA\Clients\DfT\dft-dtro-beta\Src\Dft.DTRO.Tests\bin\Debug\net8.0\Dft.DTRO.Tests.dll" adapterTypeName="executor://xunit/VsTestRunner3/netcore/" className="Dft.DTRO.Tests.ServicesTests.Validations.JsonSchemaValidationTests" name="ValidateAgainstSchema320ProducesCorrectResults" />
    </UnitTest>
    <UnitTest name="Dft.DTRO.Tests.DALTests.ApplicationDalTests.GetPendingApplications_ShouldReturnEmptyWhenNoAppsForUsers" storage="c:\users\belgp3\onedrive - pa consulting group\documents\work\code\pa\clients\dft\dft-dtro-beta\src\dft.dtro.tests\bin\debug\net8.0\dft.dtro.tests.dll" id="8d65c1d3-29e3-f7d1-203b-f61731af2c6a">
      <Execution id="bb97e2bd-96d5-4e48-b30c-67ed15017a52" />
      <TestMethod codeBase="C:\Users\BELGP3\OneDrive - PA Consulting Group\Documents\Work\Code\PA\Clients\DfT\dft-dtro-beta\Src\Dft.DTRO.Tests\bin\Debug\net8.0\Dft.DTRO.Tests.dll" adapterTypeName="executor://xunit/VsTestRunner3/netcore/" className="Dft.DTRO.Tests.DALTests.ApplicationDalTests" name="GetPendingApplications_ShouldReturnEmptyWhenNoAppsForUsers" />
    </UnitTest>
    <UnitTest name="DfT.DTRO.Tests.CodeiumTests.Integration.SchemaController_Codeium_Tests.UpdateSchema_ReturnsOk_ValidSchemaVersionAndBody" storage="c:\users\belgp3\onedrive - pa consulting group\documents\work\code\pa\clients\dft\dft-dtro-beta\src\dft.dtro.tests\bin\debug\net8.0\dft.dtro.tests.dll" id="acabdf2e-38e9-54e7-3a6a-06c76dc1a861">
      <Execution id="d5c3596b-4ce6-463a-9a64-59fc1d897f3c" />
      <TestMethod codeBase="C:\Users\BELGP3\OneDrive - PA Consulting Group\Documents\Work\Code\PA\Clients\DfT\dft-dtro-beta\Src\Dft.DTRO.Tests\bin\Debug\net8.0\Dft.DTRO.Tests.dll" adapterTypeName="executor://xunit/VsTestRunner3/netcore/" className="DfT.DTRO.Tests.CodeiumTests.Integration.SchemaController_Codeium_Tests" name="UpdateSchema_ReturnsOk_ValidSchemaVersionAndBody" />
    </UnitTest>
    <UnitTest name="Dft.DTRO.Tests.CodeiumTests.Rules.Mapping.RulesTemplateMappingServiceTests.MapToRuleTemplateResponse_SingleRuleTemplate_ReturnsCorrectResponse" storage="c:\users\belgp3\onedrive - pa consulting group\documents\work\code\pa\clients\dft\dft-dtro-beta\src\dft.dtro.tests\bin\debug\net8.0\dft.dtro.tests.dll" id="94efa4ec-f685-ef1c-c67c-9022bd160ca2">
      <Execution id="65c6d262-b897-4348-8de8-dc568a93629a" />
      <TestMethod codeBase="C:\Users\BELGP3\OneDrive - PA Consulting Group\Documents\Work\Code\PA\Clients\DfT\dft-dtro-beta\Src\Dft.DTRO.Tests\bin\Debug\net8.0\Dft.DTRO.Tests.dll" adapterTypeName="executor://xunit/VsTestRunner3/netcore/" className="Dft.DTRO.Tests.CodeiumTests.Rules.Mapping.RulesTemplateMappingServiceTests" name="MapToRuleTemplateResponse_SingleRuleTemplate_ReturnsCorrectResponse" />
    </UnitTest>
    <UnitTest name="Dft.DTRO.Tests.ServicesTests.DTROs.GetDtrosTests.GetDtrosAsyncReturnsRecords(traCode: 1000, startDate: &quot;2025-01-21 16:21:26&quot;, endDate: &quot;2025-01-23 11:02:41&quot;, records: 3)" storage="c:\users\belgp3\onedrive - pa consulting group\documents\work\code\pa\clients\dft\dft-dtro-beta\src\dft.dtro.tests\bin\debug\net8.0\dft.dtro.tests.dll" id="96487fe5-4939-3f34-196f-59696b190f36">
      <Execution id="40bdfc34-24a6-456c-9884-7bae67de47ca" />
      <TestMethod codeBase="C:\Users\BELGP3\OneDrive - PA Consulting Group\Documents\Work\Code\PA\Clients\DfT\dft-dtro-beta\Src\Dft.DTRO.Tests\bin\Debug\net8.0\Dft.DTRO.Tests.dll" adapterTypeName="executor://xunit/VsTestRunner3/netcore/" className="Dft.DTRO.Tests.ServicesTests.DTROs.GetDtrosTests" name="GetDtrosAsyncReturnsRecords" />
    </UnitTest>
    <UnitTest name="Dft.DTRO.Tests.ServicesTests.Validations.JsonLogicValidationTests.AllowYearOfFirstRegistrationLessOrEqualToCurrentYearValueInOverallPeriod" storage="c:\users\belgp3\onedrive - pa consulting group\documents\work\code\pa\clients\dft\dft-dtro-beta\src\dft.dtro.tests\bin\debug\net8.0\dft.dtro.tests.dll" id="2208b415-7781-5690-405e-f32c6de2bfdf">
      <Execution id="7a31a3b1-ba00-4b04-a477-dc9d10b1cbd5" />
      <TestMethod codeBase="C:\Users\BELGP3\OneDrive - PA Consulting Group\Documents\Work\Code\PA\Clients\DfT\dft-dtro-beta\Src\Dft.DTRO.Tests\bin\Debug\net8.0\Dft.DTRO.Tests.dll" adapterTypeName="executor://xunit/VsTestRunner3/netcore/" className="Dft.DTRO.Tests.ServicesTests.Validations.JsonLogicValidationTests" name="AllowYearOfFirstRegistrationLessOrEqualToCurrentYearValueInOverallPeriod" />
    </UnitTest>
    <UnitTest name="DfT.DTRO.Tests.CodeiumTests.Integration.SchemaController_Codeium_Tests.GetSchemas_ReturnsEmptyList_WhenNoTemplatesExist" storage="c:\users\belgp3\onedrive - pa consulting group\documents\work\code\pa\clients\dft\dft-dtro-beta\src\dft.dtro.tests\bin\debug\net8.0\dft.dtro.tests.dll" id="9b826efc-5fb4-6b1d-15b1-9476bc9cdbc3">
      <Execution id="bdd2311b-68f8-496a-a3c4-6d3d9563c2bb" />
      <TestMethod codeBase="C:\Users\BELGP3\OneDrive - PA Consulting Group\Documents\Work\Code\PA\Clients\DfT\dft-dtro-beta\Src\Dft.DTRO.Tests\bin\Debug\net8.0\Dft.DTRO.Tests.dll" adapterTypeName="executor://xunit/VsTestRunner3/netcore/" className="DfT.DTRO.Tests.CodeiumTests.Integration.SchemaController_Codeium_Tests" name="GetSchemas_ReturnsEmptyList_WhenNoTemplatesExist" />
    </UnitTest>
    <UnitTest name="Dft.DTRO.Tests.ServicesTests.Validations.SourceValidationServiceTests.ValidateSourceTroName(version: &quot;3.2.4&quot;, troName: &quot;D-TRO&quot;, errorCount: 0)" storage="c:\users\belgp3\onedrive - pa consulting group\documents\work\code\pa\clients\dft\dft-dtro-beta\src\dft.dtro.tests\bin\debug\net8.0\dft.dtro.tests.dll" id="70a05764-e0d8-b09b-f92e-313088f6434a">
      <Execution id="baa756ef-f70f-43b7-aeef-ff8ace8fa76b" />
      <TestMethod codeBase="C:\Users\BELGP3\OneDrive - PA Consulting Group\Documents\Work\Code\PA\Clients\DfT\dft-dtro-beta\Src\Dft.DTRO.Tests\bin\Debug\net8.0\Dft.DTRO.Tests.dll" adapterTypeName="executor://xunit/VsTestRunner3/netcore/" className="Dft.DTRO.Tests.ServicesTests.Validations.SourceValidationServiceTests" name="ValidateSourceTroName" />
    </UnitTest>
    <UnitTest name="Dft.DTRO.Tests.ServicesTests.Validations.JsonSchemaValidationTests.ValidateAgainstSchema325ProducesCorrectResults(schemaVersion: &quot;3.3.0&quot;, sourceJson: &quot;JSON-3.3.0-example-TTRO-WeightRestriction&quot;, expectedResult: False)" storage="c:\users\belgp3\onedrive - pa consulting group\documents\work\code\pa\clients\dft\dft-dtro-beta\src\dft.dtro.tests\bin\debug\net8.0\dft.dtro.tests.dll" id="33014227-5ea8-706b-3c0b-c1bb2284d215">
      <Execution id="c329c2a1-0019-4451-825e-11fc3a0162f8" />
      <TestMethod codeBase="C:\Users\BELGP3\OneDrive - PA Consulting Group\Documents\Work\Code\PA\Clients\DfT\dft-dtro-beta\Src\Dft.DTRO.Tests\bin\Debug\net8.0\Dft.DTRO.Tests.dll" adapterTypeName="executor://xunit/VsTestRunner3/netcore/" className="Dft.DTRO.Tests.ServicesTests.Validations.JsonSchemaValidationTests" name="ValidateAgainstSchema325ProducesCorrectResults" />
    </UnitTest>
    <UnitTest name="DfT.DTRO.Tests.CodeiumTests.Integration.SchemaController_Codeium_Tests.DeleteSchema_WhenSchemaTemplateNotFound_ReturnsNotFound" storage="c:\users\belgp3\onedrive - pa consulting group\documents\work\code\pa\clients\dft\dft-dtro-beta\src\dft.dtro.tests\bin\debug\net8.0\dft.dtro.tests.dll" id="b696b391-82f2-b3a5-6f2e-f9f45fcc2c16">
      <Execution id="5ccbde73-4de1-48c2-99fc-34e1b2fe9aac" />
      <TestMethod codeBase="C:\Users\BELGP3\OneDrive - PA Consulting Group\Documents\Work\Code\PA\Clients\DfT\dft-dtro-beta\Src\Dft.DTRO.Tests\bin\Debug\net8.0\Dft.DTRO.Tests.dll" adapterTypeName="executor://xunit/VsTestRunner3/netcore/" className="DfT.DTRO.Tests.CodeiumTests.Integration.SchemaController_Codeium_Tests" name="DeleteSchema_WhenSchemaTemplateNotFound_ReturnsNotFound" />
    </UnitTest>
    <UnitTest name="Dft.DTRO.Tests.ServicesTests.Validations.JsonLogicValidationTests.AllowsUniqueWeekInMonthInValidityPeriod" storage="c:\users\belgp3\onedrive - pa consulting group\documents\work\code\pa\clients\dft\dft-dtro-beta\src\dft.dtro.tests\bin\debug\net8.0\dft.dtro.tests.dll" id="0fb148d8-15fa-4413-315d-3df25bc00ce2">
      <Execution id="52f885fe-ba79-4197-919b-f5128e216862" />
      <TestMethod codeBase="C:\Users\BELGP3\OneDrive - PA Consulting Group\Documents\Work\Code\PA\Clients\DfT\dft-dtro-beta\Src\Dft.DTRO.Tests\bin\Debug\net8.0\Dft.DTRO.Tests.dll" adapterTypeName="executor://xunit/VsTestRunner3/netcore/" className="Dft.DTRO.Tests.ServicesTests.Validations.JsonLogicValidationTests" name="AllowsUniqueWeekInMonthInValidityPeriod" />
    </UnitTest>
    <UnitTest name="Dft.DTRO.Tests.ServicesTests.Validations.RateLineCollectionValidationServiceTests.ValidateRateLineCollectionSequence(conditionType: &quot;Condition&quot;, sequence: -1, errorCount: 1)" storage="c:\users\belgp3\onedrive - pa consulting group\documents\work\code\pa\clients\dft\dft-dtro-beta\src\dft.dtro.tests\bin\debug\net8.0\dft.dtro.tests.dll" id="af42cc59-db56-1545-830e-265d4cbd02a1">
      <Execution id="a4e6c058-7592-4ecf-968f-0442b14d5536" />
      <TestMethod codeBase="C:\Users\BELGP3\OneDrive - PA Consulting Group\Documents\Work\Code\PA\Clients\DfT\dft-dtro-beta\Src\Dft.DTRO.Tests\bin\Debug\net8.0\Dft.DTRO.Tests.dll" adapterTypeName="executor://xunit/VsTestRunner3/netcore/" className="Dft.DTRO.Tests.ServicesTests.Validations.RateLineCollectionValidationServiceTests" name="ValidateRateLineCollectionSequence" />
    </UnitTest>
    <UnitTest name="Dft.DTRO.Tests.ServicesTests.Validations.ProvisionValidationServiceTests.ValidateProvisionOrderReportingPointTypeForSchema324(orderReportingPointType: &quot;ttroTtmoExtension&quot;, errorCount: 0)" storage="c:\users\belgp3\onedrive - pa consulting group\documents\work\code\pa\clients\dft\dft-dtro-beta\src\dft.dtro.tests\bin\debug\net8.0\dft.dtro.tests.dll" id="57a934ae-27e4-c459-6ef9-cc0e53404259">
      <Execution id="b3a1a999-f434-4605-a2d9-2838dafa73da" />
      <TestMethod codeBase="C:\Users\BELGP3\OneDrive - PA Consulting Group\Documents\Work\Code\PA\Clients\DfT\dft-dtro-beta\Src\Dft.DTRO.Tests\bin\Debug\net8.0\Dft.DTRO.Tests.dll" adapterTypeName="executor://xunit/VsTestRunner3/netcore/" className="Dft.DTRO.Tests.ServicesTests.Validations.ProvisionValidationServiceTests" name="ValidateProvisionOrderReportingPointTypeForSchema324" />
    </UnitTest>
    <UnitTest name="Dft.DTRO.Tests.ServicesTests.Validations.ProvisionValidationServiceTests.ValidateProvisionOrderReportingPointTypeForSchema324(orderReportingPointType: &quot;troOnRoadActiveStatus&quot;, errorCount: 0)" storage="c:\users\belgp3\onedrive - pa consulting group\documents\work\code\pa\clients\dft\dft-dtro-beta\src\dft.dtro.tests\bin\debug\net8.0\dft.dtro.tests.dll" id="613b1fae-53e6-2a78-2685-6af6eb087927">
      <Execution id="00211cc7-5745-410b-b696-41d1b1682107" />
      <TestMethod codeBase="C:\Users\BELGP3\OneDrive - PA Consulting Group\Documents\Work\Code\PA\Clients\DfT\dft-dtro-beta\Src\Dft.DTRO.Tests\bin\Debug\net8.0\Dft.DTRO.Tests.dll" adapterTypeName="executor://xunit/VsTestRunner3/netcore/" className="Dft.DTRO.Tests.ServicesTests.Validations.ProvisionValidationServiceTests" name="ValidateProvisionOrderReportingPointTypeForSchema324" />
    </UnitTest>
    <UnitTest name="Dft.DTRO.Tests.ServicesTests.Validations.UniqueStreetReferenceNumberValidationServiceTests.ValidateUniqueStreetReferenceNumberUsrn(usrn: 0, errorCount: 1)" storage="c:\users\belgp3\onedrive - pa consulting group\documents\work\code\pa\clients\dft\dft-dtro-beta\src\dft.dtro.tests\bin\debug\net8.0\dft.dtro.tests.dll" id="c8aad2f1-6fcf-0080-841f-8f37e9a45014">
      <Execution id="a524f96c-106c-4f4a-9152-7fc7e6bd3b54" />
      <TestMethod codeBase="C:\Users\BELGP3\OneDrive - PA Consulting Group\Documents\Work\Code\PA\Clients\DfT\dft-dtro-beta\Src\Dft.DTRO.Tests\bin\Debug\net8.0\Dft.DTRO.Tests.dll" adapterTypeName="executor://xunit/VsTestRunner3/netcore/" className="Dft.DTRO.Tests.ServicesTests.Validations.UniqueStreetReferenceNumberValidationServiceTests" name="ValidateUniqueStreetReferenceNumberUsrn" />
    </UnitTest>
    <UnitTest name="Dft.DTRO.Tests.ServicesTests.Validations.RateLineValidationServiceTests.ValidateRateLineRateLineType(conditionType: &quot;ConditionSet&quot;, rateLineType: &quot;perUnit&quot;, errorCount: 0)" storage="c:\users\belgp3\onedrive - pa consulting group\documents\work\code\pa\clients\dft\dft-dtro-beta\src\dft.dtro.tests\bin\debug\net8.0\dft.dtro.tests.dll" id="277ae045-3706-787c-f434-552e83d645ae">
      <Execution id="9c581d49-6d87-4e8b-b4f3-b1823217aa72" />
      <TestMethod codeBase="C:\Users\BELGP3\OneDrive - PA Consulting Group\Documents\Work\Code\PA\Clients\DfT\dft-dtro-beta\Src\Dft.DTRO.Tests\bin\Debug\net8.0\Dft.DTRO.Tests.dll" adapterTypeName="executor://xunit/VsTestRunner3/netcore/" className="Dft.DTRO.Tests.ServicesTests.Validations.RateLineValidationServiceTests" name="ValidateRateLineRateLineType" />
    </UnitTest>
    <UnitTest name="Dft.DTRO.Tests.ServicesTests.Validations.ProvisionValidationServiceTests.ValidateProvisionOrderReportingPointTypeForSchema324(orderReportingPointType: &quot;ttroTtmoByNotice&quot;, errorCount: 0)" storage="c:\users\belgp3\onedrive - pa consulting group\documents\work\code\pa\clients\dft\dft-dtro-beta\src\dft.dtro.tests\bin\debug\net8.0\dft.dtro.tests.dll" id="5e404b86-511c-de91-e606-01a24d7424c9">
      <Execution id="61fcec6c-540b-49f5-9e8a-821541de9871" />
      <TestMethod codeBase="C:\Users\BELGP3\OneDrive - PA Consulting Group\Documents\Work\Code\PA\Clients\DfT\dft-dtro-beta\Src\Dft.DTRO.Tests\bin\Debug\net8.0\Dft.DTRO.Tests.dll" adapterTypeName="executor://xunit/VsTestRunner3/netcore/" className="Dft.DTRO.Tests.ServicesTests.Validations.ProvisionValidationServiceTests" name="ValidateProvisionOrderReportingPointTypeForSchema324" />
    </UnitTest>
    <UnitTest name="Dft.DTRO.Tests.ServicesTests.Validations.GeometryValidationServiceTests.ValidateLinearGeometryLateralPosition(lateralPosition: &quot;wrong&quot;, schemaVersion: &quot;3.3.0&quot;, errorCount: 1)" storage="c:\users\belgp3\onedrive - pa consulting group\documents\work\code\pa\clients\dft\dft-dtro-beta\src\dft.dtro.tests\bin\debug\net8.0\dft.dtro.tests.dll" id="80561b9a-c836-8b20-8c0c-9496cb0dd45d">
      <Execution id="8ead71bb-f8bd-4327-8b09-2c1933139ff8" />
      <TestMethod codeBase="C:\Users\BELGP3\OneDrive - PA Consulting Group\Documents\Work\Code\PA\Clients\DfT\dft-dtro-beta\Src\Dft.DTRO.Tests\bin\Debug\net8.0\Dft.DTRO.Tests.dll" adapterTypeName="executor://xunit/VsTestRunner3/netcore/" className="Dft.DTRO.Tests.ServicesTests.Validations.GeometryValidationServiceTests" name="ValidateLinearGeometryLateralPosition" />
    </UnitTest>
    <UnitTest name="Dft.DTRO.Tests.ServicesTests.Validations.RegulationValidationTests.ValidateGeneralRegulationRegulationType(regulationType: &quot;nonOrderKerbsideBusStop&quot;, errorCount: 0)" storage="c:\users\belgp3\onedrive - pa consulting group\documents\work\code\pa\clients\dft\dft-dtro-beta\src\dft.dtro.tests\bin\debug\net8.0\dft.dtro.tests.dll" id="a4e10eba-c6d2-ce83-6b33-630d0c6bb787">
      <Execution id="3ba0f300-20f7-45af-a7e0-7d1eddfd59e7" />
      <TestMethod codeBase="C:\Users\BELGP3\OneDrive - PA Consulting Group\Documents\Work\Code\PA\Clients\DfT\dft-dtro-beta\Src\Dft.DTRO.Tests\bin\Debug\net8.0\Dft.DTRO.Tests.dll" adapterTypeName="executor://xunit/VsTestRunner3/netcore/" className="Dft.DTRO.Tests.ServicesTests.Validations.RegulationValidationTests" name="ValidateGeneralRegulationRegulationType" />
    </UnitTest>
    <UnitTest name="Dft.DTRO.Tests.ServicesTests.Validations.RateLineCollectionValidationServiceTests.ValidateRateLineCollectionResetTime(conditionType: &quot;ConditionSet&quot;, resetTime: &quot;badTime&quot;, errorCount: 1)" storage="c:\users\belgp3\onedrive - pa consulting group\documents\work\code\pa\clients\dft\dft-dtro-beta\src\dft.dtro.tests\bin\debug\net8.0\dft.dtro.tests.dll" id="392c52b0-1480-e21e-2bce-7364e2546100">
      <Execution id="7cc0704b-e4ca-443e-b4d4-8eb3a5074fbc" />
      <TestMethod codeBase="C:\Users\BELGP3\OneDrive - PA Consulting Group\Documents\Work\Code\PA\Clients\DfT\dft-dtro-beta\Src\Dft.DTRO.Tests\bin\Debug\net8.0\Dft.DTRO.Tests.dll" adapterTypeName="executor://xunit/VsTestRunner3/netcore/" className="Dft.DTRO.Tests.ServicesTests.Validations.RateLineCollectionValidationServiceTests" name="ValidateRateLineCollectionResetTime" />
    </UnitTest>
    <UnitTest name="DfT.DTRO.Tests.CodeiumTests.Integration.DTROsController_Codeium_Tests.UpdateDtro_ReturnsNotFound_ForNonExistentDtro" storage="c:\users\belgp3\onedrive - pa consulting group\documents\work\code\pa\clients\dft\dft-dtro-beta\src\dft.dtro.tests\bin\debug\net8.0\dft.dtro.tests.dll" id="6fef3c26-d8a7-7128-d2f9-5121ba8a1750">
      <Execution id="63c1b6cd-da98-4ae2-95f2-37146273a960" />
      <TestMethod codeBase="C:\Users\BELGP3\OneDrive - PA Consulting Group\Documents\Work\Code\PA\Clients\DfT\dft-dtro-beta\Src\Dft.DTRO.Tests\bin\Debug\net8.0\Dft.DTRO.Tests.dll" adapterTypeName="executor://xunit/VsTestRunner3/netcore/" className="DfT.DTRO.Tests.CodeiumTests.Integration.DTROsController_Codeium_Tests" name="UpdateDtro_ReturnsNotFound_ForNonExistentDtro" />
    </UnitTest>
    <UnitTest name="Dft.DTRO.Tests.ServicesTests.Application.ApplicationServiceTests.ValidateApplicationNameShouldReturnFalseWhenNameAlreadyExists" storage="c:\users\belgp3\onedrive - pa consulting group\documents\work\code\pa\clients\dft\dft-dtro-beta\src\dft.dtro.tests\bin\debug\net8.0\dft.dtro.tests.dll" id="43d197ae-95e9-970a-1fd4-582236627511">
      <Execution id="72aa8cae-751b-47fc-88e4-f2831ae0aa44" />
      <TestMethod codeBase="C:\Users\BELGP3\OneDrive - PA Consulting Group\Documents\Work\Code\PA\Clients\DfT\dft-dtro-beta\Src\Dft.DTRO.Tests\bin\Debug\net8.0\Dft.DTRO.Tests.dll" adapterTypeName="executor://xunit/VsTestRunner3/netcore/" className="Dft.DTRO.Tests.ServicesTests.Application.ApplicationServiceTests" name="ValidateApplicationNameShouldReturnFalseWhenNameAlreadyExists" />
    </UnitTest>
    <UnitTest name="Dft.DTRO.Tests.ServicesTests.Validations.ProvisionValidationServiceTests.ValidateProvisionActionTypeForSchema330(actionType: &quot;something&quot;, errorCount: 1)" storage="c:\users\belgp3\onedrive - pa consulting group\documents\work\code\pa\clients\dft\dft-dtro-beta\src\dft.dtro.tests\bin\debug\net8.0\dft.dtro.tests.dll" id="cdf6d90f-1c19-8d15-0771-fe6764b0a239">
      <Execution id="23575d6e-c63d-4dbf-a5cc-32323307adf0" />
      <TestMethod codeBase="C:\Users\BELGP3\OneDrive - PA Consulting Group\Documents\Work\Code\PA\Clients\DfT\dft-dtro-beta\Src\Dft.DTRO.Tests\bin\Debug\net8.0\Dft.DTRO.Tests.dll" adapterTypeName="executor://xunit/VsTestRunner3/netcore/" className="Dft.DTRO.Tests.ServicesTests.Validations.ProvisionValidationServiceTests" name="ValidateProvisionActionTypeForSchema330" />
    </UnitTest>
    <UnitTest name="Dft.DTRO.Tests.CodeiumTests.Rules.Controller.RulesControllerTests.GetRulesVersions_ReturnsInternalServerError_OnException" storage="c:\users\belgp3\onedrive - pa consulting group\documents\work\code\pa\clients\dft\dft-dtro-beta\src\dft.dtro.tests\bin\debug\net8.0\dft.dtro.tests.dll" id="5f5cdcb6-d94d-6f8f-189f-f0980d69f84f">
      <Execution id="692314e7-579b-470a-91c3-8785a3b95768" />
      <TestMethod codeBase="C:\Users\BELGP3\OneDrive - PA Consulting Group\Documents\Work\Code\PA\Clients\DfT\dft-dtro-beta\Src\Dft.DTRO.Tests\bin\Debug\net8.0\Dft.DTRO.Tests.dll" adapterTypeName="executor://xunit/VsTestRunner3/netcore/" className="Dft.DTRO.Tests.CodeiumTests.Rules.Controller.RulesControllerTests" name="GetRulesVersions_ReturnsInternalServerError_OnException" />
    </UnitTest>
    <UnitTest name="Dft.DTRO.Tests.ServicesTests.Validations.ExternalReferenceValidationServiceTests.ValidateMultipleExternalReferencesWithinMultipleGeometriesLastUpdatedDate(geometry: &quot;PointGeometry&quot;)" storage="c:\users\belgp3\onedrive - pa consulting group\documents\work\code\pa\clients\dft\dft-dtro-beta\src\dft.dtro.tests\bin\debug\net8.0\dft.dtro.tests.dll" id="6800e534-ea07-f491-37b3-0df1ba209d9f">
      <Execution id="19766a2f-531d-4482-887d-ea4b449e1694" />
      <TestMethod codeBase="C:\Users\BELGP3\OneDrive - PA Consulting Group\Documents\Work\Code\PA\Clients\DfT\dft-dtro-beta\Src\Dft.DTRO.Tests\bin\Debug\net8.0\Dft.DTRO.Tests.dll" adapterTypeName="executor://xunit/VsTestRunner3/netcore/" className="Dft.DTRO.Tests.ServicesTests.Validations.ExternalReferenceValidationServiceTests" name="ValidateMultipleExternalReferencesWithinMultipleGeometriesLastUpdatedDate" />
    </UnitTest>
    <UnitTest name="Dft.DTRO.Tests.ServicesTests.Validations.JsonLogicValidationTests.AllowLengthCharacteristicValidForRegulationTypeDimensionMaximumLength" storage="c:\users\belgp3\onedrive - pa consulting group\documents\work\code\pa\clients\dft\dft-dtro-beta\src\dft.dtro.tests\bin\debug\net8.0\dft.dtro.tests.dll" id="2ca9eb52-a97a-5bdc-8ec7-f112d5a535f6">
      <Execution id="505ea1b9-2e78-454e-819b-b7aeb3440d0f" />
      <TestMethod codeBase="C:\Users\BELGP3\OneDrive - PA Consulting Group\Documents\Work\Code\PA\Clients\DfT\dft-dtro-beta\Src\Dft.DTRO.Tests\bin\Debug\net8.0\Dft.DTRO.Tests.dll" adapterTypeName="executor://xunit/VsTestRunner3/netcore/" className="Dft.DTRO.Tests.ServicesTests.Validations.JsonLogicValidationTests" name="AllowLengthCharacteristicValidForRegulationTypeDimensionMaximumLength" />
    </UnitTest>
    <UnitTest name="Dft.DTRO.Tests.ServicesTests.Validations.RegulationValidationTests.ValidateGeneralRegulationRegulationType(regulationType: &quot;dimensionMaximumWidth&quot;, errorCount: 0)" storage="c:\users\belgp3\onedrive - pa consulting group\documents\work\code\pa\clients\dft\dft-dtro-beta\src\dft.dtro.tests\bin\debug\net8.0\dft.dtro.tests.dll" id="feb26464-7985-bb21-dac6-e28d4bf8481f">
      <Execution id="2945f8e3-e64a-4b9c-916d-bf0f4861d0f7" />
      <TestMethod codeBase="C:\Users\BELGP3\OneDrive - PA Consulting Group\Documents\Work\Code\PA\Clients\DfT\dft-dtro-beta\Src\Dft.DTRO.Tests\bin\Debug\net8.0\Dft.DTRO.Tests.dll" adapterTypeName="executor://xunit/VsTestRunner3/netcore/" className="Dft.DTRO.Tests.ServicesTests.Validations.RegulationValidationTests" name="ValidateGeneralRegulationRegulationType" />
    </UnitTest>
    <UnitTest name="Dft.DTRO.Tests.CodeiumTests.Rules.Controller.RulesControllerTests.GetRulesVersions_ReturnsOk_WithVersions" storage="c:\users\belgp3\onedrive - pa consulting group\documents\work\code\pa\clients\dft\dft-dtro-beta\src\dft.dtro.tests\bin\debug\net8.0\dft.dtro.tests.dll" id="bedb907b-b0f7-3d6f-819a-8e4f2f8b9e49">
      <Execution id="17a53951-691f-4753-8ff0-e88aa02b3e79" />
      <TestMethod codeBase="C:\Users\BELGP3\OneDrive - PA Consulting Group\Documents\Work\Code\PA\Clients\DfT\dft-dtro-beta\Src\Dft.DTRO.Tests\bin\Debug\net8.0\Dft.DTRO.Tests.dll" adapterTypeName="executor://xunit/VsTestRunner3/netcore/" className="Dft.DTRO.Tests.CodeiumTests.Rules.Controller.RulesControllerTests" name="GetRulesVersions_ReturnsOk_WithVersions" />
    </UnitTest>
    <UnitTest name="Dft.DTRO.Tests.ServicesTests.Validations.RateLineCollectionValidationServiceTests.ValidateRateLineCollectionMaxTime(conditionType: &quot;Condition&quot;, maxTime: 0, errorCount: 1)" storage="c:\users\belgp3\onedrive - pa consulting group\documents\work\code\pa\clients\dft\dft-dtro-beta\src\dft.dtro.tests\bin\debug\net8.0\dft.dtro.tests.dll" id="bfbd1fe8-c6d4-a72f-c3bc-c829bb915128">
      <Execution id="41fcf299-b8a3-445d-9c7d-da0440f133b2" />
      <TestMethod codeBase="C:\Users\BELGP3\OneDrive - PA Consulting Group\Documents\Work\Code\PA\Clients\DfT\dft-dtro-beta\Src\Dft.DTRO.Tests\bin\Debug\net8.0\Dft.DTRO.Tests.dll" adapterTypeName="executor://xunit/VsTestRunner3/netcore/" className="Dft.DTRO.Tests.ServicesTests.Validations.RateLineCollectionValidationServiceTests" name="ValidateRateLineCollectionMaxTime" />
    </UnitTest>
    <UnitTest name="Dft.DTRO.Tests.ServicesTests.Validations.ElementaryStreetUnitValidationServiceTests.ValidateSeveralElementStreetUnitsPresent" storage="c:\users\belgp3\onedrive - pa consulting group\documents\work\code\pa\clients\dft\dft-dtro-beta\src\dft.dtro.tests\bin\debug\net8.0\dft.dtro.tests.dll" id="32951c26-6c11-4c37-5aca-0ebb7ab293f0">
      <Execution id="b4e71389-11ce-472a-a0ca-4fab850124a6" />
      <TestMethod codeBase="C:\Users\BELGP3\OneDrive - PA Consulting Group\Documents\Work\Code\PA\Clients\DfT\dft-dtro-beta\Src\Dft.DTRO.Tests\bin\Debug\net8.0\Dft.DTRO.Tests.dll" adapterTypeName="executor://xunit/VsTestRunner3/netcore/" className="Dft.DTRO.Tests.ServicesTests.Validations.ElementaryStreetUnitValidationServiceTests" name="ValidateSeveralElementStreetUnitsPresent" />
    </UnitTest>
    <UnitTest name="Dft.DTRO.Tests.ControllerTests.DTROsControllerTests.UpdateFromFileReturnsCreated" storage="c:\users\belgp3\onedrive - pa consulting group\documents\work\code\pa\clients\dft\dft-dtro-beta\src\dft.dtro.tests\bin\debug\net8.0\dft.dtro.tests.dll" id="6f45b74e-be40-d250-7694-e37515641715">
      <Execution id="1f39ba23-0b6c-4640-b988-13230e4dafb0" />
      <TestMethod codeBase="C:\Users\BELGP3\OneDrive - PA Consulting Group\Documents\Work\Code\PA\Clients\DfT\dft-dtro-beta\Src\Dft.DTRO.Tests\bin\Debug\net8.0\Dft.DTRO.Tests.dll" adapterTypeName="executor://xunit/VsTestRunner3/netcore/" className="Dft.DTRO.Tests.ControllerTests.DTROsControllerTests" name="UpdateFromFileReturnsCreated" />
    </UnitTest>
    <UnitTest name="Dft.DTRO.Tests.ServicesTests.Validations.ConditionValidationServiceTests.ValidateConditionReturnsNoErrorsWhenNestedConditionSetItPresent" storage="c:\users\belgp3\onedrive - pa consulting group\documents\work\code\pa\clients\dft\dft-dtro-beta\src\dft.dtro.tests\bin\debug\net8.0\dft.dtro.tests.dll" id="699a6789-0f98-8684-73f7-be09990dfe67">
      <Execution id="fc8ddcb1-8f21-4450-acd3-f72bbe2406f1" />
      <TestMethod codeBase="C:\Users\BELGP3\OneDrive - PA Consulting Group\Documents\Work\Code\PA\Clients\DfT\dft-dtro-beta\Src\Dft.DTRO.Tests\bin\Debug\net8.0\Dft.DTRO.Tests.dll" adapterTypeName="executor://xunit/VsTestRunner3/netcore/" className="Dft.DTRO.Tests.ServicesTests.Validations.ConditionValidationServiceTests" name="ValidateConditionReturnsNoErrorsWhenNestedConditionSetItPresent" />
    </UnitTest>
    <UnitTest name="Dft.DTRO.Tests.ServicesTests.Validations.SourceValidationServiceTests.ValidateSourceActionType(version: &quot;3.2.4&quot;, actionType: &quot;noChange&quot;, traCode: 1050, errorCount: 0)" storage="c:\users\belgp3\onedrive - pa consulting group\documents\work\code\pa\clients\dft\dft-dtro-beta\src\dft.dtro.tests\bin\debug\net8.0\dft.dtro.tests.dll" id="f7a86cf5-eecd-e7a3-fa52-895112ba4d85">
      <Execution id="9e400e67-f9ab-4ec6-8f3c-149028eec90d" />
      <TestMethod codeBase="C:\Users\BELGP3\OneDrive - PA Consulting Group\Documents\Work\Code\PA\Clients\DfT\dft-dtro-beta\Src\Dft.DTRO.Tests\bin\Debug\net8.0\Dft.DTRO.Tests.dll" adapterTypeName="executor://xunit/VsTestRunner3/netcore/" className="Dft.DTRO.Tests.ServicesTests.Validations.SourceValidationServiceTests" name="ValidateSourceActionType" />
    </UnitTest>
    <UnitTest name="Dft.DTRO.Tests.ServicesTests.Validations.RateLineCollectionValidationServiceTests.ValidateRateLineCollectionMaxTime(conditionType: &quot;Condition&quot;, maxTime: 1, errorCount: 0)" storage="c:\users\belgp3\onedrive - pa consulting group\documents\work\code\pa\clients\dft\dft-dtro-beta\src\dft.dtro.tests\bin\debug\net8.0\dft.dtro.tests.dll" id="a4752a16-dabb-a85f-b504-02000a44d1fb">
      <Execution id="280a223b-56c7-4a2c-b711-75485701c39a" />
      <TestMethod codeBase="C:\Users\BELGP3\OneDrive - PA Consulting Group\Documents\Work\Code\PA\Clients\DfT\dft-dtro-beta\Src\Dft.DTRO.Tests\bin\Debug\net8.0\Dft.DTRO.Tests.dll" adapterTypeName="executor://xunit/VsTestRunner3/netcore/" className="Dft.DTRO.Tests.ServicesTests.Validations.RateLineCollectionValidationServiceTests" name="ValidateRateLineCollectionMaxTime" />
    </UnitTest>
    <UnitTest name="Dft.DTRO.Tests.ServicesTests.Validations.JsonSchemaValidationTests.ValidateAgainstSchema320ProducesCorrectResults(schemaVersion: &quot;3.2.0&quot;, sourceJson: &quot;valid-partialAmendment&quot;, expectedResult: False)" storage="c:\users\belgp3\onedrive - pa consulting group\documents\work\code\pa\clients\dft\dft-dtro-beta\src\dft.dtro.tests\bin\debug\net8.0\dft.dtro.tests.dll" id="7113d6e7-1b3c-6e37-21c6-33afee4caeee">
      <Execution id="1f7a700a-58dd-471b-a35d-781cfe39acc4" />
      <TestMethod codeBase="C:\Users\BELGP3\OneDrive - PA Consulting Group\Documents\Work\Code\PA\Clients\DfT\dft-dtro-beta\Src\Dft.DTRO.Tests\bin\Debug\net8.0\Dft.DTRO.Tests.dll" adapterTypeName="executor://xunit/VsTestRunner3/netcore/" className="Dft.DTRO.Tests.ServicesTests.Validations.JsonSchemaValidationTests" name="ValidateAgainstSchema320ProducesCorrectResults" />
    </UnitTest>
    <UnitTest name="DfT.DTRO.Tests.CodeiumTests.Integration.DTROsController_Codeium_Tests.DeleteDtro_ValidId_ReturnsNoContent" storage="c:\users\belgp3\onedrive - pa consulting group\documents\work\code\pa\clients\dft\dft-dtro-beta\src\dft.dtro.tests\bin\debug\net8.0\dft.dtro.tests.dll" id="e013788d-3e35-3f07-e2ee-11ac5735037e">
      <Execution id="f17d8787-c2e0-43eb-ae67-2d29d0439160" />
      <TestMethod codeBase="C:\Users\BELGP3\OneDrive - PA Consulting Group\Documents\Work\Code\PA\Clients\DfT\dft-dtro-beta\Src\Dft.DTRO.Tests\bin\Debug\net8.0\Dft.DTRO.Tests.dll" adapterTypeName="executor://xunit/VsTestRunner3/netcore/" className="DfT.DTRO.Tests.CodeiumTests.Integration.DTROsController_Codeium_Tests" name="DeleteDtro_ValidId_ReturnsNoContent" />
    </UnitTest>
    <UnitTest name="Dft.DTRO.Tests.UnitTests.Proj4SpatialProjectionTests.CoordinateProjection_ProducesResultsWithinErrorMargin(longitude: -0.12720000000000001, latitude: 51.507399999999997, expectedLongitude: 530068.10720960004, expectedLatitude: 180380.3079476)" storage="c:\users\belgp3\onedrive - pa consulting group\documents\work\code\pa\clients\dft\dft-dtro-beta\src\dft.dtro.tests\bin\debug\net8.0\dft.dtro.tests.dll" id="29e46c4f-1e42-2c61-0d3c-64e97a08aeb4">
      <Execution id="721358bd-8a83-4f83-8ab6-cae615654c08" />
      <TestMethod codeBase="C:\Users\BELGP3\OneDrive - PA Consulting Group\Documents\Work\Code\PA\Clients\DfT\dft-dtro-beta\Src\Dft.DTRO.Tests\bin\Debug\net8.0\Dft.DTRO.Tests.dll" adapterTypeName="executor://xunit/VsTestRunner3/netcore/" className="Dft.DTRO.Tests.UnitTests.Proj4SpatialProjectionTests" name="CoordinateProjection_ProducesResultsWithinErrorMargin" />
    </UnitTest>
    <UnitTest name="Dft.DTRO.Tests.ServicesTests.Validations.RateLineValidationServiceTests.ValidateRateLineDurationEnd(conditionType: &quot;ConditionSet&quot;, durationEnd: -10, errorCount: 1)" storage="c:\users\belgp3\onedrive - pa consulting group\documents\work\code\pa\clients\dft\dft-dtro-beta\src\dft.dtro.tests\bin\debug\net8.0\dft.dtro.tests.dll" id="44850138-cd1b-111f-e0af-241c17a3dcfc">
      <Execution id="341d5c56-46ca-44ee-9347-71679ea39bde" />
      <TestMethod codeBase="C:\Users\BELGP3\OneDrive - PA Consulting Group\Documents\Work\Code\PA\Clients\DfT\dft-dtro-beta\Src\Dft.DTRO.Tests\bin\Debug\net8.0\Dft.DTRO.Tests.dll" adapterTypeName="executor://xunit/VsTestRunner3/netcore/" className="Dft.DTRO.Tests.ServicesTests.Validations.RateLineValidationServiceTests" name="ValidateRateLineDurationEnd" />
    </UnitTest>
    <UnitTest name="Dft.DTRO.Tests.ServicesTests.Validations.RegulationValidationTests.ValidateGeneralRegulationRegulationType(regulationType: &quot;miscTemporaryParkingBay&quot;, errorCount: 0)" storage="c:\users\belgp3\onedrive - pa consulting group\documents\work\code\pa\clients\dft\dft-dtro-beta\src\dft.dtro.tests\bin\debug\net8.0\dft.dtro.tests.dll" id="565a25b8-f9a1-2bc6-7866-9b901ef77a1f">
      <Execution id="e7aec471-2b95-4a8b-af5d-c362cf1890fe" />
      <TestMethod codeBase="C:\Users\BELGP3\OneDrive - PA Consulting Group\Documents\Work\Code\PA\Clients\DfT\dft-dtro-beta\Src\Dft.DTRO.Tests\bin\Debug\net8.0\Dft.DTRO.Tests.dll" adapterTypeName="executor://xunit/VsTestRunner3/netcore/" className="Dft.DTRO.Tests.ServicesTests.Validations.RegulationValidationTests" name="ValidateGeneralRegulationRegulationType" />
    </UnitTest>
    <UnitTest name="Dft.DTRO.Tests.ServicesTests.Validations.UniqueStreetReferenceNumberValidationServiceTests.ValidateUniqueStreetReferenceNumberMultipleIncorrectUsrn" storage="c:\users\belgp3\onedrive - pa consulting group\documents\work\code\pa\clients\dft\dft-dtro-beta\src\dft.dtro.tests\bin\debug\net8.0\dft.dtro.tests.dll" id="3e8aa018-8cda-d8af-d54e-1c98937fe925">
      <Execution id="720501de-16ae-4427-aeb4-834859897e28" />
      <TestMethod codeBase="C:\Users\BELGP3\OneDrive - PA Consulting Group\Documents\Work\Code\PA\Clients\DfT\dft-dtro-beta\Src\Dft.DTRO.Tests\bin\Debug\net8.0\Dft.DTRO.Tests.dll" adapterTypeName="executor://xunit/VsTestRunner3/netcore/" className="Dft.DTRO.Tests.ServicesTests.Validations.UniqueStreetReferenceNumberValidationServiceTests" name="ValidateUniqueStreetReferenceNumberMultipleIncorrectUsrn" />
    </UnitTest>
    <UnitTest name="Dft.DTRO.Tests.ServicesTests.Validations.RateLineValidationServiceTests.ValidateRateLineSequence(conditionType: &quot;ConditionSet&quot;, sequence: 0, errorCount: 1)" storage="c:\users\belgp3\onedrive - pa consulting group\documents\work\code\pa\clients\dft\dft-dtro-beta\src\dft.dtro.tests\bin\debug\net8.0\dft.dtro.tests.dll" id="318ff720-6ab4-09cd-a246-554b0680ac02">
      <Execution id="c1b96dad-99aa-4964-9961-93fc37005eb0" />
      <TestMethod codeBase="C:\Users\BELGP3\OneDrive - PA Consulting Group\Documents\Work\Code\PA\Clients\DfT\dft-dtro-beta\Src\Dft.DTRO.Tests\bin\Debug\net8.0\Dft.DTRO.Tests.dll" adapterTypeName="executor://xunit/VsTestRunner3/netcore/" className="Dft.DTRO.Tests.ServicesTests.Validations.RateLineValidationServiceTests" name="ValidateRateLineSequence" />
    </UnitTest>
    <UnitTest name="Dft.DTRO.Tests.ControllerTests.DTROsControllerTests.CreateFromFileThrowDtroValidationException" storage="c:\users\belgp3\onedrive - pa consulting group\documents\work\code\pa\clients\dft\dft-dtro-beta\src\dft.dtro.tests\bin\debug\net8.0\dft.dtro.tests.dll" id="770d934a-987b-8eee-64b6-8ac21a2fa408">
      <Execution id="ddfb3d6a-e817-4969-9f8a-217c081c3298" />
      <TestMethod codeBase="C:\Users\BELGP3\OneDrive - PA Consulting Group\Documents\Work\Code\PA\Clients\DfT\dft-dtro-beta\Src\Dft.DTRO.Tests\bin\Debug\net8.0\Dft.DTRO.Tests.dll" adapterTypeName="executor://xunit/VsTestRunner3/netcore/" className="Dft.DTRO.Tests.ControllerTests.DTROsControllerTests" name="CreateFromFileThrowDtroValidationException" />
    </UnitTest>
    <UnitTest name="Dft.DTRO.Tests.ServicesTests.Validations.JsonLogicValidationTests.AllowValidUsagePeriodStartLessThanEnd" storage="c:\users\belgp3\onedrive - pa consulting group\documents\work\code\pa\clients\dft\dft-dtro-beta\src\dft.dtro.tests\bin\debug\net8.0\dft.dtro.tests.dll" id="bbc78ea0-a48f-af28-31b3-c6379b4b6300">
      <Execution id="bcedca8a-ea57-4faa-affc-2d8f914f8eda" />
      <TestMethod codeBase="C:\Users\BELGP3\OneDrive - PA Consulting Group\Documents\Work\Code\PA\Clients\DfT\dft-dtro-beta\Src\Dft.DTRO.Tests\bin\Debug\net8.0\Dft.DTRO.Tests.dll" adapterTypeName="executor://xunit/VsTestRunner3/netcore/" className="Dft.DTRO.Tests.ServicesTests.Validations.JsonLogicValidationTests" name="AllowValidUsagePeriodStartLessThanEnd" />
    </UnitTest>
    <UnitTest name="Dft.DTRO.Tests.ServicesTests.Validations.GeometryValidationServiceTests.ValidateLinearGeometryVersion(version: 0, schemaVersion: &quot;3.3.0&quot;, errorCount: 1)" storage="c:\users\belgp3\onedrive - pa consulting group\documents\work\code\pa\clients\dft\dft-dtro-beta\src\dft.dtro.tests\bin\debug\net8.0\dft.dtro.tests.dll" id="3da72b97-5d7c-0cae-8003-9bd7478d5f25">
      <Execution id="140cd619-402e-4efe-abd1-ea7ba274201c" />
      <TestMethod codeBase="C:\Users\BELGP3\OneDrive - PA Consulting Group\Documents\Work\Code\PA\Clients\DfT\dft-dtro-beta\Src\Dft.DTRO.Tests\bin\Debug\net8.0\Dft.DTRO.Tests.dll" adapterTypeName="executor://xunit/VsTestRunner3/netcore/" className="Dft.DTRO.Tests.ServicesTests.Validations.GeometryValidationServiceTests" name="ValidateLinearGeometryVersion" />
    </UnitTest>
    <UnitTest name="Dft.DTRO.Tests.ServicesTests.Validations.ProvisionValidationServiceTests.ValidateProvisionActionTypeForSchema324(actionType: &quot;partialAmendment&quot;, errorCount: 0)" storage="c:\users\belgp3\onedrive - pa consulting group\documents\work\code\pa\clients\dft\dft-dtro-beta\src\dft.dtro.tests\bin\debug\net8.0\dft.dtro.tests.dll" id="98ea92e0-af35-c6a0-be9c-148004b47c2f">
      <Execution id="1f38cdfb-603e-4a39-b940-cb74b4400d7b" />
      <TestMethod codeBase="C:\Users\BELGP3\OneDrive - PA Consulting Group\Documents\Work\Code\PA\Clients\DfT\dft-dtro-beta\Src\Dft.DTRO.Tests\bin\Debug\net8.0\Dft.DTRO.Tests.dll" adapterTypeName="executor://xunit/VsTestRunner3/netcore/" className="Dft.DTRO.Tests.ServicesTests.Validations.ProvisionValidationServiceTests" name="ValidateProvisionActionTypeForSchema324" />
    </UnitTest>
    <UnitTest name="Dft.DTRO.Tests.ServicesTests.Validations.RateLineCollectionValidationServiceTests.ValidateRateLineCollectionApplicableCurrency(conditionType: &quot;ConditionSet&quot;, currencyType: &quot;EUR&quot;, errorCount: 0)" storage="c:\users\belgp3\onedrive - pa consulting group\documents\work\code\pa\clients\dft\dft-dtro-beta\src\dft.dtro.tests\bin\debug\net8.0\dft.dtro.tests.dll" id="b563c135-e6e5-4f0b-f338-141236f007b4">
      <Execution id="e3ff8462-0f8e-425b-934b-98e1fc84f6b1" />
      <TestMethod codeBase="C:\Users\BELGP3\OneDrive - PA Consulting Group\Documents\Work\Code\PA\Clients\DfT\dft-dtro-beta\Src\Dft.DTRO.Tests\bin\Debug\net8.0\Dft.DTRO.Tests.dll" adapterTypeName="executor://xunit/VsTestRunner3/netcore/" className="Dft.DTRO.Tests.ServicesTests.Validations.RateLineCollectionValidationServiceTests" name="ValidateRateLineCollectionApplicableCurrency" />
    </UnitTest>
    <UnitTest name="Dft.DTRO.Tests.CodeiumTests.Rules.Controller.RulesControllerTests.GetRule_ReturnsOk_WithValidVersion" storage="c:\users\belgp3\onedrive - pa consulting group\documents\work\code\pa\clients\dft\dft-dtro-beta\src\dft.dtro.tests\bin\debug\net8.0\dft.dtro.tests.dll" id="f9931163-421d-a150-12f6-4a0a1efa8ae3">
      <Execution id="67957a30-d6dd-4604-8cd3-451f6b833069" />
      <TestMethod codeBase="C:\Users\BELGP3\OneDrive - PA Consulting Group\Documents\Work\Code\PA\Clients\DfT\dft-dtro-beta\Src\Dft.DTRO.Tests\bin\Debug\net8.0\Dft.DTRO.Tests.dll" adapterTypeName="executor://xunit/VsTestRunner3/netcore/" className="Dft.DTRO.Tests.CodeiumTests.Rules.Controller.RulesControllerTests" name="GetRule_ReturnsOk_WithValidVersion" />
    </UnitTest>
    <UnitTest name="Dft.DTRO.Tests.ServicesTests.Validations.RateLineValidationServiceTests.ValidateRateLineDurationStart(conditionType: &quot;ConditionSet&quot;, durationStart: 1, errorCount: 0)" storage="c:\users\belgp3\onedrive - pa consulting group\documents\work\code\pa\clients\dft\dft-dtro-beta\src\dft.dtro.tests\bin\debug\net8.0\dft.dtro.tests.dll" id="1753b04b-399b-2a17-a91e-d36c9741dfcf">
      <Execution id="f035b32d-b771-48e4-8ee4-6180ce617f41" />
      <TestMethod codeBase="C:\Users\BELGP3\OneDrive - PA Consulting Group\Documents\Work\Code\PA\Clients\DfT\dft-dtro-beta\Src\Dft.DTRO.Tests\bin\Debug\net8.0\Dft.DTRO.Tests.dll" adapterTypeName="executor://xunit/VsTestRunner3/netcore/" className="Dft.DTRO.Tests.ServicesTests.Validations.RateLineValidationServiceTests" name="ValidateRateLineDurationStart" />
    </UnitTest>
    <UnitTest name="Dft.DTRO.Tests.ServicesTests.DTROs.GetDtrosTests.GetDtrosAsyncReturnsRecords(traCode: 3300, startDate: &quot;2025-01-21 16:21:26&quot;, endDate: &quot;2025-01-22 16:21:26&quot;, records: 2)" storage="c:\users\belgp3\onedrive - pa consulting group\documents\work\code\pa\clients\dft\dft-dtro-beta\src\dft.dtro.tests\bin\debug\net8.0\dft.dtro.tests.dll" id="66143ba8-e212-1bda-6771-8786861c33b4">
      <Execution id="542b8719-5063-4a18-b635-fa701cf79c40" />
      <TestMethod codeBase="C:\Users\BELGP3\OneDrive - PA Consulting Group\Documents\Work\Code\PA\Clients\DfT\dft-dtro-beta\Src\Dft.DTRO.Tests\bin\Debug\net8.0\Dft.DTRO.Tests.dll" adapterTypeName="executor://xunit/VsTestRunner3/netcore/" className="Dft.DTRO.Tests.ServicesTests.DTROs.GetDtrosTests" name="GetDtrosAsyncReturnsRecords" />
    </UnitTest>
    <UnitTest name="Dft.DTRO.Tests.ServicesTests.Validations.GeometryValidationServiceTests.ValidateLinearGeometryLateralPosition(lateralPosition: &quot;&quot;, schemaVersion: &quot;3.3.0&quot;, errorCount: 2)" storage="c:\users\belgp3\onedrive - pa consulting group\documents\work\code\pa\clients\dft\dft-dtro-beta\src\dft.dtro.tests\bin\debug\net8.0\dft.dtro.tests.dll" id="c2d53477-a164-df70-78e1-f22a9fba59e7">
      <Execution id="37b6e934-b735-4c00-a713-f945b675650a" />
      <TestMethod codeBase="C:\Users\BELGP3\OneDrive - PA Consulting Group\Documents\Work\Code\PA\Clients\DfT\dft-dtro-beta\Src\Dft.DTRO.Tests\bin\Debug\net8.0\Dft.DTRO.Tests.dll" adapterTypeName="executor://xunit/VsTestRunner3/netcore/" className="Dft.DTRO.Tests.ServicesTests.Validations.GeometryValidationServiceTests" name="ValidateLinearGeometryLateralPosition" />
    </UnitTest>
    <UnitTest name="Dft.DTRO.Tests.ServicesTests.Validations.ExternalReferenceValidationServiceTests.ValidatedExternalReferenceLastUpdatedDate(lastUpdateDate: &quot;2024-08-01T00:00:00&quot;, version: &quot;3.3.0&quot;, errorCount: 0)" storage="c:\users\belgp3\onedrive - pa consulting group\documents\work\code\pa\clients\dft\dft-dtro-beta\src\dft.dtro.tests\bin\debug\net8.0\dft.dtro.tests.dll" id="63549c9b-02dc-51e0-1963-4eafd438445e">
      <Execution id="d1f5cae5-1273-492d-b264-5d7b017082a4" />
      <TestMethod codeBase="C:\Users\BELGP3\OneDrive - PA Consulting Group\Documents\Work\Code\PA\Clients\DfT\dft-dtro-beta\Src\Dft.DTRO.Tests\bin\Debug\net8.0\Dft.DTRO.Tests.dll" adapterTypeName="executor://xunit/VsTestRunner3/netcore/" className="Dft.DTRO.Tests.ServicesTests.Validations.ExternalReferenceValidationServiceTests" name="ValidatedExternalReferenceLastUpdatedDate" />
    </UnitTest>
    <UnitTest name="Dft.DTRO.Tests.ServicesTests.Validations.RegulationValidationTests.ValidateGeneralRegulationRegulationType(regulationType: &quot;miscContraflow&quot;, errorCount: 0)" storage="c:\users\belgp3\onedrive - pa consulting group\documents\work\code\pa\clients\dft\dft-dtro-beta\src\dft.dtro.tests\bin\debug\net8.0\dft.dtro.tests.dll" id="5efadefc-df26-d75f-1a78-06cc14b0dbac">
      <Execution id="781b3511-4e51-45b3-ae19-7e0670d07cec" />
      <TestMethod codeBase="C:\Users\BELGP3\OneDrive - PA Consulting Group\Documents\Work\Code\PA\Clients\DfT\dft-dtro-beta\Src\Dft.DTRO.Tests\bin\Debug\net8.0\Dft.DTRO.Tests.dll" adapterTypeName="executor://xunit/VsTestRunner3/netcore/" className="Dft.DTRO.Tests.ServicesTests.Validations.RegulationValidationTests" name="ValidateGeneralRegulationRegulationType" />
    </UnitTest>
    <UnitTest name="Dft.DTRO.Tests.ServicesTests.Validations.SourceValidationServiceTests.ValidateSourceCurrentTraOwner(version: &quot;3.3.0&quot;, traCode: 9999, errorCount: 2)" storage="c:\users\belgp3\onedrive - pa consulting group\documents\work\code\pa\clients\dft\dft-dtro-beta\src\dft.dtro.tests\bin\debug\net8.0\dft.dtro.tests.dll" id="7fd9b5d7-90e8-2b22-a2f6-76ffd6c7486a">
      <Execution id="d86ca767-8bf3-46f5-a13a-ea181e3979e4" />
      <TestMethod codeBase="C:\Users\BELGP3\OneDrive - PA Consulting Group\Documents\Work\Code\PA\Clients\DfT\dft-dtro-beta\Src\Dft.DTRO.Tests\bin\Debug\net8.0\Dft.DTRO.Tests.dll" adapterTypeName="executor://xunit/VsTestRunner3/netcore/" className="Dft.DTRO.Tests.ServicesTests.Validations.SourceValidationServiceTests" name="ValidateSourceCurrentTraOwner" />
    </UnitTest>
    <UnitTest name="Dft.DTRO.Tests.ServicesTests.Validations.RateLineCollectionValidationServiceTests.ValidateRateLineCollectionResetTime(conditionType: &quot;Condition&quot;, resetTime: &quot;23:59:59&quot;, errorCount: 0)" storage="c:\users\belgp3\onedrive - pa consulting group\documents\work\code\pa\clients\dft\dft-dtro-beta\src\dft.dtro.tests\bin\debug\net8.0\dft.dtro.tests.dll" id="8d206e16-1715-ae5e-65f0-f8f67a6144e3">
      <Execution id="0a31d2b0-db0c-401a-8e08-94bf8235f0c6" />
      <TestMethod codeBase="C:\Users\BELGP3\OneDrive - PA Consulting Group\Documents\Work\Code\PA\Clients\DfT\dft-dtro-beta\Src\Dft.DTRO.Tests\bin\Debug\net8.0\Dft.DTRO.Tests.dll" adapterTypeName="executor://xunit/VsTestRunner3/netcore/" className="Dft.DTRO.Tests.ServicesTests.Validations.RateLineCollectionValidationServiceTests" name="ValidateRateLineCollectionResetTime" />
    </UnitTest>
    <UnitTest name="Dft.DTRO.Tests.ServicesTests.Validations.JsonLogicValidationTests.AllowsUniqueApplicableInstanceOfDayWithinMonthInPeriods" storage="c:\users\belgp3\onedrive - pa consulting group\documents\work\code\pa\clients\dft\dft-dtro-beta\src\dft.dtro.tests\bin\debug\net8.0\dft.dtro.tests.dll" id="48923776-a0a2-271d-ce8e-e7308edc08b1">
      <Execution id="683ff5f4-64bb-45d9-a856-812351f0e898" />
      <TestMethod codeBase="C:\Users\BELGP3\OneDrive - PA Consulting Group\Documents\Work\Code\PA\Clients\DfT\dft-dtro-beta\Src\Dft.DTRO.Tests\bin\Debug\net8.0\Dft.DTRO.Tests.dll" adapterTypeName="executor://xunit/VsTestRunner3/netcore/" className="Dft.DTRO.Tests.ServicesTests.Validations.JsonLogicValidationTests" name="AllowsUniqueApplicableInstanceOfDayWithinMonthInPeriods" />
    </UnitTest>
    <UnitTest name="Dft.DTRO.Tests.ServicesTests.Validations.RateLineValidationServiceTests.ValidateRateLineDuration(conditionType: &quot;Condition&quot;, description: &quot;free text&quot;, errorCount: 0)" storage="c:\users\belgp3\onedrive - pa consulting group\documents\work\code\pa\clients\dft\dft-dtro-beta\src\dft.dtro.tests\bin\debug\net8.0\dft.dtro.tests.dll" id="c78eda7b-81e1-58ee-32f6-721cca0ae0a7">
      <Execution id="2fc0f4ef-24bb-417c-a877-34456316fee0" />
      <TestMethod codeBase="C:\Users\BELGP3\OneDrive - PA Consulting Group\Documents\Work\Code\PA\Clients\DfT\dft-dtro-beta\Src\Dft.DTRO.Tests\bin\Debug\net8.0\Dft.DTRO.Tests.dll" adapterTypeName="executor://xunit/VsTestRunner3/netcore/" className="Dft.DTRO.Tests.ServicesTests.Validations.RateLineValidationServiceTests" name="ValidateRateLineDuration" />
    </UnitTest>
    <UnitTest name="Dft.DTRO.Tests.ServicesTests.Validations.RateLineValidationServiceTests.ValidateRateLineSequence(conditionType: &quot;Condition&quot;, sequence: 0, errorCount: 1)" storage="c:\users\belgp3\onedrive - pa consulting group\documents\work\code\pa\clients\dft\dft-dtro-beta\src\dft.dtro.tests\bin\debug\net8.0\dft.dtro.tests.dll" id="5eeabe62-0b09-af10-e79d-fbf01b88186a">
      <Execution id="ac59b922-d269-4d7c-8b14-39c248eef044" />
      <TestMethod codeBase="C:\Users\BELGP3\OneDrive - PA Consulting Group\Documents\Work\Code\PA\Clients\DfT\dft-dtro-beta\Src\Dft.DTRO.Tests\bin\Debug\net8.0\Dft.DTRO.Tests.dll" adapterTypeName="executor://xunit/VsTestRunner3/netcore/" className="Dft.DTRO.Tests.ServicesTests.Validations.RateLineValidationServiceTests" name="ValidateRateLineSequence" />
    </UnitTest>
    <UnitTest name="DfT.DTRO.Tests.CodeiumTests.Integration.SchemaController_Codeium_Tests.GetSchemaById_InvalidOperationException_ReturnsBadRequest" storage="c:\users\belgp3\onedrive - pa consulting group\documents\work\code\pa\clients\dft\dft-dtro-beta\src\dft.dtro.tests\bin\debug\net8.0\dft.dtro.tests.dll" id="d3220fd2-47dd-3961-bffd-50653aacdc47">
      <Execution id="0ab42e21-bfde-4cae-8520-5534a8eb4f05" />
      <TestMethod codeBase="C:\Users\BELGP3\OneDrive - PA Consulting Group\Documents\Work\Code\PA\Clients\DfT\dft-dtro-beta\Src\Dft.DTRO.Tests\bin\Debug\net8.0\Dft.DTRO.Tests.dll" adapterTypeName="executor://xunit/VsTestRunner3/netcore/" className="DfT.DTRO.Tests.CodeiumTests.Integration.SchemaController_Codeium_Tests" name="GetSchemaById_InvalidOperationException_ReturnsBadRequest" />
    </UnitTest>
    <UnitTest name="Dft.DTRO.Tests.ServicesTests.Validations.RegulationValidationTests.ValidateGeneralRegulationRegulationType(regulationType: &quot;miscSuspensionOfOneWay&quot;, errorCount: 0)" storage="c:\users\belgp3\onedrive - pa consulting group\documents\work\code\pa\clients\dft\dft-dtro-beta\src\dft.dtro.tests\bin\debug\net8.0\dft.dtro.tests.dll" id="202ca08c-90a0-7c26-05f1-30c7e2c8bd6a">
      <Execution id="c8d28827-4df1-466d-a55f-97b715514e39" />
      <TestMethod codeBase="C:\Users\BELGP3\OneDrive - PA Consulting Group\Documents\Work\Code\PA\Clients\DfT\dft-dtro-beta\Src\Dft.DTRO.Tests\bin\Debug\net8.0\Dft.DTRO.Tests.dll" adapterTypeName="executor://xunit/VsTestRunner3/netcore/" className="Dft.DTRO.Tests.ServicesTests.Validations.RegulationValidationTests" name="ValidateGeneralRegulationRegulationType" />
    </UnitTest>
    <UnitTest name="Dft.DTRO.Tests.ServicesTests.Validations.ProvisionValidationServiceTests.ValidateProvisionOrderReportingPointTypeForSchema324(orderReportingPointType: &quot;permanentNoticeOfMaking&quot;, errorCount: 0)" storage="c:\users\belgp3\onedrive - pa consulting group\documents\work\code\pa\clients\dft\dft-dtro-beta\src\dft.dtro.tests\bin\debug\net8.0\dft.dtro.tests.dll" id="39776ff8-8ed0-01fb-fe0d-f6e8d1f22040">
      <Execution id="ea32aac2-534c-411c-a301-1e7fa98e786b" />
      <TestMethod codeBase="C:\Users\BELGP3\OneDrive - PA Consulting Group\Documents\Work\Code\PA\Clients\DfT\dft-dtro-beta\Src\Dft.DTRO.Tests\bin\Debug\net8.0\Dft.DTRO.Tests.dll" adapterTypeName="executor://xunit/VsTestRunner3/netcore/" className="Dft.DTRO.Tests.ServicesTests.Validations.ProvisionValidationServiceTests" name="ValidateProvisionOrderReportingPointTypeForSchema324" />
    </UnitTest>
    <UnitTest name="Dft.DTRO.Tests.ServicesTests.Validations.ProvisionValidationServiceTests.ValidateProvisionActionTypeForSchema330(actionType: &quot;fullAmendment&quot;, errorCount: 0)" storage="c:\users\belgp3\onedrive - pa consulting group\documents\work\code\pa\clients\dft\dft-dtro-beta\src\dft.dtro.tests\bin\debug\net8.0\dft.dtro.tests.dll" id="5a496442-d837-3ea7-dc81-303e093c49a7">
      <Execution id="5395b153-942c-48af-b52d-7427310250bc" />
      <TestMethod codeBase="C:\Users\BELGP3\OneDrive - PA Consulting Group\Documents\Work\Code\PA\Clients\DfT\dft-dtro-beta\Src\Dft.DTRO.Tests\bin\Debug\net8.0\Dft.DTRO.Tests.dll" adapterTypeName="executor://xunit/VsTestRunner3/netcore/" className="Dft.DTRO.Tests.ServicesTests.Validations.ProvisionValidationServiceTests" name="ValidateProvisionActionTypeForSchema330" />
    </UnitTest>
    <UnitTest name="Dft.DTRO.Tests.ServicesTests.Validations.RegulationValidationTests.ValidateGeneralRegulationRegulationType(regulationType: &quot;miscRoadClosure&quot;, errorCount: 0)" storage="c:\users\belgp3\onedrive - pa consulting group\documents\work\code\pa\clients\dft\dft-dtro-beta\src\dft.dtro.tests\bin\debug\net8.0\dft.dtro.tests.dll" id="ee320c22-1469-ca65-6c73-4c07f0f2d414">
      <Execution id="5248c12b-7cc2-41ee-b60f-bc0263db8af8" />
      <TestMethod codeBase="C:\Users\BELGP3\OneDrive - PA Consulting Group\Documents\Work\Code\PA\Clients\DfT\dft-dtro-beta\Src\Dft.DTRO.Tests\bin\Debug\net8.0\Dft.DTRO.Tests.dll" adapterTypeName="executor://xunit/VsTestRunner3/netcore/" className="Dft.DTRO.Tests.ServicesTests.Validations.RegulationValidationTests" name="ValidateGeneralRegulationRegulationType" />
    </UnitTest>
    <UnitTest name="Dft.DTRO.Tests.ControllerTests.AuthControllerTests.GetTokenReturnsAuthToken" storage="c:\users\belgp3\onedrive - pa consulting group\documents\work\code\pa\clients\dft\dft-dtro-beta\src\dft.dtro.tests\bin\debug\net8.0\dft.dtro.tests.dll" id="4d25d56d-2bdb-bbce-03f1-78db85391da1">
      <Execution id="d3142f15-c9d2-49b1-b302-c1abbdf9d934" />
      <TestMethod codeBase="C:\Users\BELGP3\OneDrive - PA Consulting Group\Documents\Work\Code\PA\Clients\DfT\dft-dtro-beta\Src\Dft.DTRO.Tests\bin\Debug\net8.0\Dft.DTRO.Tests.dll" adapterTypeName="executor://xunit/VsTestRunner3/netcore/" className="Dft.DTRO.Tests.ControllerTests.AuthControllerTests" name="GetTokenReturnsAuthToken" />
    </UnitTest>
    <UnitTest name="Dft.DTRO.Tests.ServicesTests.Validations.RegulationValidationTests.ValidateGeneralRegulationRegulationType(regulationType: &quot;movementOrderPriorityOverOncomingTraffic&quot;, errorCount: 0)" storage="c:\users\belgp3\onedrive - pa consulting group\documents\work\code\pa\clients\dft\dft-dtro-beta\src\dft.dtro.tests\bin\debug\net8.0\dft.dtro.tests.dll" id="71e39148-9c37-ae58-6d36-3d3e37edac56">
      <Execution id="41e332da-aa3c-4393-af1b-62a3cbae621d" />
      <TestMethod codeBase="C:\Users\BELGP3\OneDrive - PA Consulting Group\Documents\Work\Code\PA\Clients\DfT\dft-dtro-beta\Src\Dft.DTRO.Tests\bin\Debug\net8.0\Dft.DTRO.Tests.dll" adapterTypeName="executor://xunit/VsTestRunner3/netcore/" className="Dft.DTRO.Tests.ServicesTests.Validations.RegulationValidationTests" name="ValidateGeneralRegulationRegulationType" />
    </UnitTest>
    <UnitTest name="Dft.DTRO.Tests.ServicesTests.Validations.RegulationValidationTests.ValidateRegulationOffListRegulationShortName(shortName: &quot;&quot;, errorCount: 1)" storage="c:\users\belgp3\onedrive - pa consulting group\documents\work\code\pa\clients\dft\dft-dtro-beta\src\dft.dtro.tests\bin\debug\net8.0\dft.dtro.tests.dll" id="0eb773fd-ad2b-0a8f-4fea-dae0c1cd7006">
      <Execution id="7ff88c87-d67d-4008-aed6-d9d926379e7f" />
      <TestMethod codeBase="C:\Users\BELGP3\OneDrive - PA Consulting Group\Documents\Work\Code\PA\Clients\DfT\dft-dtro-beta\Src\Dft.DTRO.Tests\bin\Debug\net8.0\Dft.DTRO.Tests.dll" adapterTypeName="executor://xunit/VsTestRunner3/netcore/" className="Dft.DTRO.Tests.ServicesTests.Validations.RegulationValidationTests" name="ValidateRegulationOffListRegulationShortName" />
    </UnitTest>
    <UnitTest name="Dft.DTRO.Tests.ServicesTests.Validations.JsonLogicValidationTests.DisallowsDuplicateWeekInMonthInPeriods" storage="c:\users\belgp3\onedrive - pa consulting group\documents\work\code\pa\clients\dft\dft-dtro-beta\src\dft.dtro.tests\bin\debug\net8.0\dft.dtro.tests.dll" id="43bdc100-e735-ae31-704b-b33bcd036506">
      <Execution id="6c1b9185-5ab1-473b-b535-89061cc653ca" />
      <TestMethod codeBase="C:\Users\BELGP3\OneDrive - PA Consulting Group\Documents\Work\Code\PA\Clients\DfT\dft-dtro-beta\Src\Dft.DTRO.Tests\bin\Debug\net8.0\Dft.DTRO.Tests.dll" adapterTypeName="executor://xunit/VsTestRunner3/netcore/" className="Dft.DTRO.Tests.ServicesTests.Validations.JsonLogicValidationTests" name="DisallowsDuplicateWeekInMonthInPeriods" />
    </UnitTest>
    <UnitTest name="Dft.DTRO.Tests.ServicesTests.Validations.RegulationValidationTests.ValidateRegulationOffListRegulationShortName(shortName: &quot;free text&quot;, errorCount: 0)" storage="c:\users\belgp3\onedrive - pa consulting group\documents\work\code\pa\clients\dft\dft-dtro-beta\src\dft.dtro.tests\bin\debug\net8.0\dft.dtro.tests.dll" id="d376d5d6-c61c-c621-ee61-bf16b26099b3">
      <Execution id="fcaf966f-ffb7-4f3e-b290-950fc8038ae2" />
      <TestMethod codeBase="C:\Users\BELGP3\OneDrive - PA Consulting Group\Documents\Work\Code\PA\Clients\DfT\dft-dtro-beta\Src\Dft.DTRO.Tests\bin\Debug\net8.0\Dft.DTRO.Tests.dll" adapterTypeName="executor://xunit/VsTestRunner3/netcore/" className="Dft.DTRO.Tests.ServicesTests.Validations.RegulationValidationTests" name="ValidateRegulationOffListRegulationShortName" />
    </UnitTest>
    <UnitTest name="Dft.DTRO.Tests.ServicesTests.Validations.ProvisionValidationServiceTests.ValidateProvisionOrderReportingPointTypeForSchema330(orderReportingPointType: &quot;ttroTtmoExtension&quot;, errorCount: 0)" storage="c:\users\belgp3\onedrive - pa consulting group\documents\work\code\pa\clients\dft\dft-dtro-beta\src\dft.dtro.tests\bin\debug\net8.0\dft.dtro.tests.dll" id="282f7e17-6261-6da8-fb2a-37981ad2f3a9">
      <Execution id="19414634-7470-46e9-920a-c8b717f8dd0e" />
      <TestMethod codeBase="C:\Users\BELGP3\OneDrive - PA Consulting Group\Documents\Work\Code\PA\Clients\DfT\dft-dtro-beta\Src\Dft.DTRO.Tests\bin\Debug\net8.0\Dft.DTRO.Tests.dll" adapterTypeName="executor://xunit/VsTestRunner3/netcore/" className="Dft.DTRO.Tests.ServicesTests.Validations.ProvisionValidationServiceTests" name="ValidateProvisionOrderReportingPointTypeForSchema330" />
    </UnitTest>
    <UnitTest name="Dft.DTRO.Tests.CodeiumTests.Rules.Mapping.RulesTemplateMappingServiceTests.MapToRuleTemplateResponse_NonEmptyList_ReturnsListOfResponses" storage="c:\users\belgp3\onedrive - pa consulting group\documents\work\code\pa\clients\dft\dft-dtro-beta\src\dft.dtro.tests\bin\debug\net8.0\dft.dtro.tests.dll" id="abe91dd2-8471-d4cb-63c4-ccab2aefd83a">
      <Execution id="7375676a-a329-410c-91da-77b206f05cb1" />
      <TestMethod codeBase="C:\Users\BELGP3\OneDrive - PA Consulting Group\Documents\Work\Code\PA\Clients\DfT\dft-dtro-beta\Src\Dft.DTRO.Tests\bin\Debug\net8.0\Dft.DTRO.Tests.dll" adapterTypeName="executor://xunit/VsTestRunner3/netcore/" className="Dft.DTRO.Tests.CodeiumTests.Rules.Mapping.RulesTemplateMappingServiceTests" name="MapToRuleTemplateResponse_NonEmptyList_ReturnsListOfResponses" />
    </UnitTest>
    <UnitTest name="Dft.DTRO.Tests.ServicesTests.Validations.GeometryValidationTests.ValidateAgainstPreviousSchemaVersionsReturnsBoundingBox" storage="c:\users\belgp3\onedrive - pa consulting group\documents\work\code\pa\clients\dft\dft-dtro-beta\src\dft.dtro.tests\bin\debug\net8.0\dft.dtro.tests.dll" id="3f0b3a1b-4525-74e9-5bff-4c1071c6d7ce">
      <Execution id="2dccd9d9-94a2-4096-be7e-5f174354d70e" />
      <TestMethod codeBase="C:\Users\BELGP3\OneDrive - PA Consulting Group\Documents\Work\Code\PA\Clients\DfT\dft-dtro-beta\Src\Dft.DTRO.Tests\bin\Debug\net8.0\Dft.DTRO.Tests.dll" adapterTypeName="executor://xunit/VsTestRunner3/netcore/" className="Dft.DTRO.Tests.ServicesTests.Validations.GeometryValidationTests" name="ValidateAgainstPreviousSchemaVersionsReturnsBoundingBox" />
    </UnitTest>
    <UnitTest name="Dft.DTRO.Tests.ServicesTests.Validations.RateLineCollectionValidationServiceTests.ValidateRateLineCollectionEndValidUsagePeriod(conditionType: &quot;Condition&quot;, endValidUsagePeriod: &quot;2024-12-10T09:00:00&quot;, errorCount: 0)" storage="c:\users\belgp3\onedrive - pa consulting group\documents\work\code\pa\clients\dft\dft-dtro-beta\src\dft.dtro.tests\bin\debug\net8.0\dft.dtro.tests.dll" id="501de793-6172-a716-aa5d-9bc9029eca7a">
      <Execution id="cf9e47a8-3b62-4654-bc40-943ea72afdde" />
      <TestMethod codeBase="C:\Users\BELGP3\OneDrive - PA Consulting Group\Documents\Work\Code\PA\Clients\DfT\dft-dtro-beta\Src\Dft.DTRO.Tests\bin\Debug\net8.0\Dft.DTRO.Tests.dll" adapterTypeName="executor://xunit/VsTestRunner3/netcore/" className="Dft.DTRO.Tests.ServicesTests.Validations.RateLineCollectionValidationServiceTests" name="ValidateRateLineCollectionEndValidUsagePeriod" />
    </UnitTest>
    <UnitTest name="Dft.DTRO.Tests.CodeiumTests.Integration.BoundingBoxJsonConverterTests.WriteJson_ShouldSerializeBoundingBoxToJson" storage="c:\users\belgp3\onedrive - pa consulting group\documents\work\code\pa\clients\dft\dft-dtro-beta\src\dft.dtro.tests\bin\debug\net8.0\dft.dtro.tests.dll" id="ac12df46-1dd9-ae4c-ac65-43789f18453d">
      <Execution id="8d30cbc9-f65e-4434-8a65-7b80f0e8c364" />
      <TestMethod codeBase="C:\Users\BELGP3\OneDrive - PA Consulting Group\Documents\Work\Code\PA\Clients\DfT\dft-dtro-beta\Src\Dft.DTRO.Tests\bin\Debug\net8.0\Dft.DTRO.Tests.dll" adapterTypeName="executor://xunit/VsTestRunner3/netcore/" className="Dft.DTRO.Tests.CodeiumTests.Integration.BoundingBoxJsonConverterTests" name="WriteJson_ShouldSerializeBoundingBoxToJson" />
    </UnitTest>
    <UnitTest name="Dft.DTRO.Tests.ServicesTests.Validations.ProvisionValidationServiceTests.ValidateMultipleProvisionReferencesForSchema324(references: [&quot;9C88081C-FB1B-4E14-8E20-903DD9F08590&quot;, &quot;&quot;], errorCount: 1)" storage="c:\users\belgp3\onedrive - pa consulting group\documents\work\code\pa\clients\dft\dft-dtro-beta\src\dft.dtro.tests\bin\debug\net8.0\dft.dtro.tests.dll" id="80fce769-8eb0-a25b-42dd-dd0c98bcd568">
      <Execution id="67e748f0-6257-44ae-bd51-1a9c4d0f42da" />
      <TestMethod codeBase="C:\Users\BELGP3\OneDrive - PA Consulting Group\Documents\Work\Code\PA\Clients\DfT\dft-dtro-beta\Src\Dft.DTRO.Tests\bin\Debug\net8.0\Dft.DTRO.Tests.dll" adapterTypeName="executor://xunit/VsTestRunner3/netcore/" className="Dft.DTRO.Tests.ServicesTests.Validations.ProvisionValidationServiceTests" name="ValidateMultipleProvisionReferencesForSchema324" />
    </UnitTest>
    <UnitTest name="Dft.DTRO.Tests.ServicesTests.Validations.GeometryValidationServiceTests.ValidatePointGeometryRepresentation(representation: &quot;wrong&quot;, schemaVersion: &quot;3.3.0&quot;, errorCount: 1)" storage="c:\users\belgp3\onedrive - pa consulting group\documents\work\code\pa\clients\dft\dft-dtro-beta\src\dft.dtro.tests\bin\debug\net8.0\dft.dtro.tests.dll" id="97072d34-e354-83ee-3b87-9602c598035d">
      <Execution id="d8548f4a-a43a-4756-882e-a071935d90a4" />
      <TestMethod codeBase="C:\Users\BELGP3\OneDrive - PA Consulting Group\Documents\Work\Code\PA\Clients\DfT\dft-dtro-beta\Src\Dft.DTRO.Tests\bin\Debug\net8.0\Dft.DTRO.Tests.dll" adapterTypeName="executor://xunit/VsTestRunner3/netcore/" className="Dft.DTRO.Tests.ServicesTests.Validations.GeometryValidationServiceTests" name="ValidatePointGeometryRepresentation" />
    </UnitTest>
    <UnitTest name="Dft.DTRO.Tests.ServicesTests.Validations.RegulationValidationTests.ValidateGeneralRegulationRegulationType(regulationType: &quot;kerbsideDisabledBadgeHoldersOnly&quot;, errorCount: 0)" storage="c:\users\belgp3\onedrive - pa consulting group\documents\work\code\pa\clients\dft\dft-dtro-beta\src\dft.dtro.tests\bin\debug\net8.0\dft.dtro.tests.dll" id="250d0314-6e91-4b9f-d3b6-5a7637b94ab9">
      <Execution id="f34aa463-78a7-433d-8516-1252a9ae1dc4" />
      <TestMethod codeBase="C:\Users\BELGP3\OneDrive - PA Consulting Group\Documents\Work\Code\PA\Clients\DfT\dft-dtro-beta\Src\Dft.DTRO.Tests\bin\Debug\net8.0\Dft.DTRO.Tests.dll" adapterTypeName="executor://xunit/VsTestRunner3/netcore/" className="Dft.DTRO.Tests.ServicesTests.Validations.RegulationValidationTests" name="ValidateGeneralRegulationRegulationType" />
    </UnitTest>
    <UnitTest name="ApplicationControllerTests.GetApplicationDetailsInvalidAppIdReturnsBadRequest" storage="c:\users\belgp3\onedrive - pa consulting group\documents\work\code\pa\clients\dft\dft-dtro-beta\src\dft.dtro.tests\bin\debug\net8.0\dft.dtro.tests.dll" id="cc2ee73f-9185-c957-b1a5-0f72a0bc7ff4">
      <Execution id="0712e68d-4688-45e7-a6c5-4a48f4f6135f" />
      <TestMethod codeBase="C:\Users\BELGP3\OneDrive - PA Consulting Group\Documents\Work\Code\PA\Clients\DfT\dft-dtro-beta\Src\Dft.DTRO.Tests\bin\Debug\net8.0\Dft.DTRO.Tests.dll" adapterTypeName="executor://xunit/VsTestRunner3/netcore/" className="ApplicationControllerTests" name="GetApplicationDetailsInvalidAppIdReturnsBadRequest" />
    </UnitTest>
    <UnitTest name="Dft.DTRO.Tests.ServicesTests.Validations.SourceValidationServiceTests.ValidateSourceReference(version: &quot;3.3.0&quot;, reference: &quot;&quot;, errorCount: 1)" storage="c:\users\belgp3\onedrive - pa consulting group\documents\work\code\pa\clients\dft\dft-dtro-beta\src\dft.dtro.tests\bin\debug\net8.0\dft.dtro.tests.dll" id="a9059311-7907-cea1-f7bc-d6e39a065c6c">
      <Execution id="5ff8cb8d-b5f0-418a-885f-2a12c4874e1c" />
      <TestMethod codeBase="C:\Users\BELGP3\OneDrive - PA Consulting Group\Documents\Work\Code\PA\Clients\DfT\dft-dtro-beta\Src\Dft.DTRO.Tests\bin\Debug\net8.0\Dft.DTRO.Tests.dll" adapterTypeName="executor://xunit/VsTestRunner3/netcore/" className="Dft.DTRO.Tests.ServicesTests.Validations.SourceValidationServiceTests" name="ValidateSourceReference" />
    </UnitTest>
    <UnitTest name="DfT.DTRO.Tests.CodeiumTests.Integration.SchemaController_Codeium_Tests.ActivateSchema_ThrowsNotFoundException_ReturnsNotFound" storage="c:\users\belgp3\onedrive - pa consulting group\documents\work\code\pa\clients\dft\dft-dtro-beta\src\dft.dtro.tests\bin\debug\net8.0\dft.dtro.tests.dll" id="2d37c0bf-1307-ff25-e891-f581658311ab">
      <Execution id="44e53415-ef90-43e5-99c9-cb226a1d0c00" />
      <TestMethod codeBase="C:\Users\BELGP3\OneDrive - PA Consulting Group\Documents\Work\Code\PA\Clients\DfT\dft-dtro-beta\Src\Dft.DTRO.Tests\bin\Debug\net8.0\Dft.DTRO.Tests.dll" adapterTypeName="executor://xunit/VsTestRunner3/netcore/" className="DfT.DTRO.Tests.CodeiumTests.Integration.SchemaController_Codeium_Tests" name="ActivateSchema_ThrowsNotFoundException_ReturnsNotFound" />
    </UnitTest>
    <UnitTest name="Dft.DTRO.Tests.ServicesTests.Validations.GeometryValidationServiceTests.ValidateLinearGeometryLinestring(linestring: &quot;ETR=S89;LINESTRING(502151 221149,502130 221168)&quot;, schemaVersion: &quot;3.3.0&quot;, errorCount: 1)" storage="c:\users\belgp3\onedrive - pa consulting group\documents\work\code\pa\clients\dft\dft-dtro-beta\src\dft.dtro.tests\bin\debug\net8.0\dft.dtro.tests.dll" id="de7d8dcf-da6a-dd16-3049-a9bb6d820c64">
      <Execution id="7e1a8e84-7210-4f96-a4d1-d7d9da792f21" />
      <TestMethod codeBase="C:\Users\BELGP3\OneDrive - PA Consulting Group\Documents\Work\Code\PA\Clients\DfT\dft-dtro-beta\Src\Dft.DTRO.Tests\bin\Debug\net8.0\Dft.DTRO.Tests.dll" adapterTypeName="executor://xunit/VsTestRunner3/netcore/" className="Dft.DTRO.Tests.ServicesTests.Validations.GeometryValidationServiceTests" name="ValidateLinearGeometryLinestring" />
    </UnitTest>
    <UnitTest name="Dft.DTRO.Tests.ServicesTests.Validations.ElementaryStreetUnitValidationServiceTests.ValidateElementaryStreetUnitEsu(esu: 99999999999, errorCount: 0)" storage="c:\users\belgp3\onedrive - pa consulting group\documents\work\code\pa\clients\dft\dft-dtro-beta\src\dft.dtro.tests\bin\debug\net8.0\dft.dtro.tests.dll" id="c2718f1e-8d00-38b5-2ad6-539df98cecac">
      <Execution id="172bd187-1d61-495f-bd8a-19b1b131b704" />
      <TestMethod codeBase="C:\Users\BELGP3\OneDrive - PA Consulting Group\Documents\Work\Code\PA\Clients\DfT\dft-dtro-beta\Src\Dft.DTRO.Tests\bin\Debug\net8.0\Dft.DTRO.Tests.dll" adapterTypeName="executor://xunit/VsTestRunner3/netcore/" className="Dft.DTRO.Tests.ServicesTests.Validations.ElementaryStreetUnitValidationServiceTests" name="ValidateElementaryStreetUnitEsu" />
    </UnitTest>
    <UnitTest name="Dft.DTRO.Tests.CodeiumTests.Metrics.Controller.MetricsControllerTests.GetMetricsForTra_ReturnsStatusCode200_WithValidInput" storage="c:\users\belgp3\onedrive - pa consulting group\documents\work\code\pa\clients\dft\dft-dtro-beta\src\dft.dtro.tests\bin\debug\net8.0\dft.dtro.tests.dll" id="ca2dbcc5-e0fa-a00a-d5d7-4dbedb6506d9">
      <Execution id="1f1fc882-41df-4acf-b1cc-d7ce9c34b264" />
      <TestMethod codeBase="C:\Users\BELGP3\OneDrive - PA Consulting Group\Documents\Work\Code\PA\Clients\DfT\dft-dtro-beta\Src\Dft.DTRO.Tests\bin\Debug\net8.0\Dft.DTRO.Tests.dll" adapterTypeName="executor://xunit/VsTestRunner3/netcore/" className="Dft.DTRO.Tests.CodeiumTests.Metrics.Controller.MetricsControllerTests" name="GetMetricsForTra_ReturnsStatusCode200_WithValidInput" />
    </UnitTest>
    <UnitTest name="Dft.DTRO.Tests.ServicesTests.Validations.SourceValidationServiceTests.ValidateSourceTraAffected(version: &quot;3.3.0&quot;, traAffected: &quot;9999, 0, 10000&quot;, errorCount: 1)" storage="c:\users\belgp3\onedrive - pa consulting group\documents\work\code\pa\clients\dft\dft-dtro-beta\src\dft.dtro.tests\bin\debug\net8.0\dft.dtro.tests.dll" id="dd2d7910-ec57-5051-fd72-b67700324b92">
      <Execution id="059c7832-a39f-47c7-95e2-9cb88c39c3e0" />
      <TestMethod codeBase="C:\Users\BELGP3\OneDrive - PA Consulting Group\Documents\Work\Code\PA\Clients\DfT\dft-dtro-beta\Src\Dft.DTRO.Tests\bin\Debug\net8.0\Dft.DTRO.Tests.dll" adapterTypeName="executor://xunit/VsTestRunner3/netcore/" className="Dft.DTRO.Tests.ServicesTests.Validations.SourceValidationServiceTests" name="ValidateSourceTraAffected" />
    </UnitTest>
    <UnitTest name="Dft.DTRO.Tests.CodeiumTests.Rules.Service.RuleTemplateServiceTests.RuleTemplateExistsAsync_ReturnsFalse" storage="c:\users\belgp3\onedrive - pa consulting group\documents\work\code\pa\clients\dft\dft-dtro-beta\src\dft.dtro.tests\bin\debug\net8.0\dft.dtro.tests.dll" id="bb55b398-5265-726a-92b4-f6b83f675a74">
      <Execution id="a3196cc7-ea4b-4baa-a2f9-c1da377a0296" />
      <TestMethod codeBase="C:\Users\BELGP3\OneDrive - PA Consulting Group\Documents\Work\Code\PA\Clients\DfT\dft-dtro-beta\Src\Dft.DTRO.Tests\bin\Debug\net8.0\Dft.DTRO.Tests.dll" adapterTypeName="executor://xunit/VsTestRunner3/netcore/" className="Dft.DTRO.Tests.CodeiumTests.Rules.Service.RuleTemplateServiceTests" name="RuleTemplateExistsAsync_ReturnsFalse" />
    </UnitTest>
    <UnitTest name="Dft.DTRO.Tests.ServicesTests.Validations.ProvisionValidationServiceTests.ValidateProvisionActionTypeForSchema330(actionType: &quot;noChange&quot;, errorCount: 0)" storage="c:\users\belgp3\onedrive - pa consulting group\documents\work\code\pa\clients\dft\dft-dtro-beta\src\dft.dtro.tests\bin\debug\net8.0\dft.dtro.tests.dll" id="45323b87-9094-68e3-5ac9-769566bf65c5">
      <Execution id="87838b0d-9d04-4160-9bbc-0f4c59b393ae" />
      <TestMethod codeBase="C:\Users\BELGP3\OneDrive - PA Consulting Group\Documents\Work\Code\PA\Clients\DfT\dft-dtro-beta\Src\Dft.DTRO.Tests\bin\Debug\net8.0\Dft.DTRO.Tests.dll" adapterTypeName="executor://xunit/VsTestRunner3/netcore/" className="Dft.DTRO.Tests.ServicesTests.Validations.ProvisionValidationServiceTests" name="ValidateProvisionActionTypeForSchema330" />
    </UnitTest>
    <UnitTest name="Dft.DTRO.Tests.ServicesTests.Validations.RateLineValidationServiceTests.ValidateRateLineRateLineType(conditionType: &quot;ConditionSet&quot;, rateLineType: &quot;incrementingRate&quot;, errorCount: 0)" storage="c:\users\belgp3\onedrive - pa consulting group\documents\work\code\pa\clients\dft\dft-dtro-beta\src\dft.dtro.tests\bin\debug\net8.0\dft.dtro.tests.dll" id="170f0d25-66de-cab8-7c5b-df22fa8aae8e">
      <Execution id="4f30b558-7235-4dc7-9874-cdf85b17dba0" />
      <TestMethod codeBase="C:\Users\BELGP3\OneDrive - PA Consulting Group\Documents\Work\Code\PA\Clients\DfT\dft-dtro-beta\Src\Dft.DTRO.Tests\bin\Debug\net8.0\Dft.DTRO.Tests.dll" adapterTypeName="executor://xunit/VsTestRunner3/netcore/" className="Dft.DTRO.Tests.ServicesTests.Validations.RateLineValidationServiceTests" name="ValidateRateLineRateLineType" />
    </UnitTest>
    <UnitTest name="Dft.DTRO.Tests.CodeiumTests.Rules.Controller.RulesControllerGetRuleByIdTests.GetRuleById_ReturnsBadRequest_WhenInvalidOperationExceptionOccurs" storage="c:\users\belgp3\onedrive - pa consulting group\documents\work\code\pa\clients\dft\dft-dtro-beta\src\dft.dtro.tests\bin\debug\net8.0\dft.dtro.tests.dll" id="d846a943-193c-64d7-cc31-5c328c43d41b">
      <Execution id="e342e71d-bd67-441d-aadd-8c369c708297" />
      <TestMethod codeBase="C:\Users\BELGP3\OneDrive - PA Consulting Group\Documents\Work\Code\PA\Clients\DfT\dft-dtro-beta\Src\Dft.DTRO.Tests\bin\Debug\net8.0\Dft.DTRO.Tests.dll" adapterTypeName="executor://xunit/VsTestRunner3/netcore/" className="Dft.DTRO.Tests.CodeiumTests.Rules.Controller.RulesControllerGetRuleByIdTests" name="GetRuleById_ReturnsBadRequest_WhenInvalidOperationExceptionOccurs" />
    </UnitTest>
    <UnitTest name="Dft.DTRO.Tests.CodeiumTests.Metrics.Controller.MetricsControllerTests.GetMetricsForTra_ReturnsStatusCode500_OnException" storage="c:\users\belgp3\onedrive - pa consulting group\documents\work\code\pa\clients\dft\dft-dtro-beta\src\dft.dtro.tests\bin\debug\net8.0\dft.dtro.tests.dll" id="cd9e548a-b8c4-4c88-b210-758f9f841cbe">
      <Execution id="1cf16385-e3bd-4ae6-ab6c-2f93d1eacd50" />
      <TestMethod codeBase="C:\Users\BELGP3\OneDrive - PA Consulting Group\Documents\Work\Code\PA\Clients\DfT\dft-dtro-beta\Src\Dft.DTRO.Tests\bin\Debug\net8.0\Dft.DTRO.Tests.dll" adapterTypeName="executor://xunit/VsTestRunner3/netcore/" className="Dft.DTRO.Tests.CodeiumTests.Metrics.Controller.MetricsControllerTests" name="GetMetricsForTra_ReturnsStatusCode500_OnException" />
    </UnitTest>
    <UnitTest name="Dft.DTRO.Tests.ServicesTests.Validations.ElementaryStreetUnitValidationServiceTests.ValidateOneElementStreetUnitPresent" storage="c:\users\belgp3\onedrive - pa consulting group\documents\work\code\pa\clients\dft\dft-dtro-beta\src\dft.dtro.tests\bin\debug\net8.0\dft.dtro.tests.dll" id="c895ba20-fd5d-22e2-77e4-1c2d63d9d75c">
      <Execution id="4fd6bc33-0fec-4ee2-ac9b-9a728886969c" />
      <TestMethod codeBase="C:\Users\BELGP3\OneDrive - PA Consulting Group\Documents\Work\Code\PA\Clients\DfT\dft-dtro-beta\Src\Dft.DTRO.Tests\bin\Debug\net8.0\Dft.DTRO.Tests.dll" adapterTypeName="executor://xunit/VsTestRunner3/netcore/" className="Dft.DTRO.Tests.ServicesTests.Validations.ElementaryStreetUnitValidationServiceTests" name="ValidateOneElementStreetUnitPresent" />
    </UnitTest>
    <UnitTest name="Dft.DTRO.Tests.ServicesTests.Validations.RegulatedPlaceValidationServiceTests.ValidateRegulatedPlacesType(type: &quot;unknown&quot;, errorCount: 1)" storage="c:\users\belgp3\onedrive - pa consulting group\documents\work\code\pa\clients\dft\dft-dtro-beta\src\dft.dtro.tests\bin\debug\net8.0\dft.dtro.tests.dll" id="95a8604d-ec17-1255-5fd3-646d2a21321b">
      <Execution id="d821c619-6780-4d93-8935-8944f8959896" />
      <TestMethod codeBase="C:\Users\BELGP3\OneDrive - PA Consulting Group\Documents\Work\Code\PA\Clients\DfT\dft-dtro-beta\Src\Dft.DTRO.Tests\bin\Debug\net8.0\Dft.DTRO.Tests.dll" adapterTypeName="executor://xunit/VsTestRunner3/netcore/" className="Dft.DTRO.Tests.ServicesTests.Validations.RegulatedPlaceValidationServiceTests" name="ValidateRegulatedPlacesType" />
    </UnitTest>
    <UnitTest name="Dft.DTRO.Tests.CodeiumTests.Rules.Controller.RulesControllerUpdateTests.UpdateRule_WithNullFile_ReturnsBadRequest" storage="c:\users\belgp3\onedrive - pa consulting group\documents\work\code\pa\clients\dft\dft-dtro-beta\src\dft.dtro.tests\bin\debug\net8.0\dft.dtro.tests.dll" id="85cb3d62-dfa5-2154-972d-a29578919c39">
      <Execution id="bed17083-3927-4bf4-9cc1-2b34cd8651e2" />
      <TestMethod codeBase="C:\Users\BELGP3\OneDrive - PA Consulting Group\Documents\Work\Code\PA\Clients\DfT\dft-dtro-beta\Src\Dft.DTRO.Tests\bin\Debug\net8.0\Dft.DTRO.Tests.dll" adapterTypeName="executor://xunit/VsTestRunner3/netcore/" className="Dft.DTRO.Tests.CodeiumTests.Rules.Controller.RulesControllerUpdateTests" name="UpdateRule_WithNullFile_ReturnsBadRequest" />
    </UnitTest>
    <UnitTest name="Dft.DTRO.Tests.ServicesTests.Validations.RateLineValidationServiceTests.ValidateRateLineIncrementPeriod(conditionType: &quot;ConditionSet&quot;, incrementPeriod: 1, errorCount: 0)" storage="c:\users\belgp3\onedrive - pa consulting group\documents\work\code\pa\clients\dft\dft-dtro-beta\src\dft.dtro.tests\bin\debug\net8.0\dft.dtro.tests.dll" id="8308e547-c0ff-8abd-123d-5c0c7ab3246c">
      <Execution id="32152bd9-ddb2-4e47-a39f-3e3562326002" />
      <TestMethod codeBase="C:\Users\BELGP3\OneDrive - PA Consulting Group\Documents\Work\Code\PA\Clients\DfT\dft-dtro-beta\Src\Dft.DTRO.Tests\bin\Debug\net8.0\Dft.DTRO.Tests.dll" adapterTypeName="executor://xunit/VsTestRunner3/netcore/" className="Dft.DTRO.Tests.ServicesTests.Validations.RateLineValidationServiceTests" name="ValidateRateLineIncrementPeriod" />
    </UnitTest>
    <UnitTest name="Dft.DTRO.Tests.ServicesTests.Validations.ProvisionValidationServiceTests.ValidateProvisionActionTypeForSchema330(actionType: &quot;new&quot;, errorCount: 0)" storage="c:\users\belgp3\onedrive - pa consulting group\documents\work\code\pa\clients\dft\dft-dtro-beta\src\dft.dtro.tests\bin\debug\net8.0\dft.dtro.tests.dll" id="fdfdcdf1-0cb2-39d3-3e79-4e8b7a6af333">
      <Execution id="33617e5d-f9f7-4031-9411-ad136ea938cd" />
      <TestMethod codeBase="C:\Users\BELGP3\OneDrive - PA Consulting Group\Documents\Work\Code\PA\Clients\DfT\dft-dtro-beta\Src\Dft.DTRO.Tests\bin\Debug\net8.0\Dft.DTRO.Tests.dll" adapterTypeName="executor://xunit/VsTestRunner3/netcore/" className="Dft.DTRO.Tests.ServicesTests.Validations.ProvisionValidationServiceTests" name="ValidateProvisionActionTypeForSchema330" />
    </UnitTest>
    <UnitTest name="Dft.DTRO.Tests.ServicesTests.Validations.RateLineValidationServiceTests.ValidateRateLineDurationStart(conditionType: &quot;Condition&quot;, durationStart: 1000, errorCount: 0)" storage="c:\users\belgp3\onedrive - pa consulting group\documents\work\code\pa\clients\dft\dft-dtro-beta\src\dft.dtro.tests\bin\debug\net8.0\dft.dtro.tests.dll" id="28c77280-6d37-f17c-03a1-c679f63b0cb2">
      <Execution id="d96ddafc-33b3-492c-b088-152db338e8e0" />
      <TestMethod codeBase="C:\Users\BELGP3\OneDrive - PA Consulting Group\Documents\Work\Code\PA\Clients\DfT\dft-dtro-beta\Src\Dft.DTRO.Tests\bin\Debug\net8.0\Dft.DTRO.Tests.dll" adapterTypeName="executor://xunit/VsTestRunner3/netcore/" className="Dft.DTRO.Tests.ServicesTests.Validations.RateLineValidationServiceTests" name="ValidateRateLineDurationStart" />
    </UnitTest>
    <UnitTest name="Dft.DTRO.Tests.CodeiumTests.Rules.Controller.RulesControllerUpdateTests.UpdateRule_WithException_ReturnsInternalServerError" storage="c:\users\belgp3\onedrive - pa consulting group\documents\work\code\pa\clients\dft\dft-dtro-beta\src\dft.dtro.tests\bin\debug\net8.0\dft.dtro.tests.dll" id="20b5d86b-929c-1bc6-3852-161ec92d4157">
      <Execution id="1f5855b0-2d82-4b9d-8104-3d882a30ae6b" />
      <TestMethod codeBase="C:\Users\BELGP3\OneDrive - PA Consulting Group\Documents\Work\Code\PA\Clients\DfT\dft-dtro-beta\Src\Dft.DTRO.Tests\bin\Debug\net8.0\Dft.DTRO.Tests.dll" adapterTypeName="executor://xunit/VsTestRunner3/netcore/" className="Dft.DTRO.Tests.CodeiumTests.Rules.Controller.RulesControllerUpdateTests" name="UpdateRule_WithException_ReturnsInternalServerError" />
    </UnitTest>
    <UnitTest name="Dft.DTRO.Tests.ServicesTests.Validations.ExternalReferenceValidationServiceTests.ValidateMultipleExternalReferencesWithinMultipleGeometriesLastUpdatedDate(geometry: &quot;Polygon&quot;)" storage="c:\users\belgp3\onedrive - pa consulting group\documents\work\code\pa\clients\dft\dft-dtro-beta\src\dft.dtro.tests\bin\debug\net8.0\dft.dtro.tests.dll" id="79297ac1-6d0b-47e4-0c82-9c50e396268b">
      <Execution id="fd48a12d-ecaa-46d5-8cf4-aacbfd8a58d0" />
      <TestMethod codeBase="C:\Users\BELGP3\OneDrive - PA Consulting Group\Documents\Work\Code\PA\Clients\DfT\dft-dtro-beta\Src\Dft.DTRO.Tests\bin\Debug\net8.0\Dft.DTRO.Tests.dll" adapterTypeName="executor://xunit/VsTestRunner3/netcore/" className="Dft.DTRO.Tests.ServicesTests.Validations.ExternalReferenceValidationServiceTests" name="ValidateMultipleExternalReferencesWithinMultipleGeometriesLastUpdatedDate" />
    </UnitTest>
    <UnitTest name="Dft.DTRO.Tests.ControllerTests.DTROsControllerTests.UpdateFromFileThrowsException" storage="c:\users\belgp3\onedrive - pa consulting group\documents\work\code\pa\clients\dft\dft-dtro-beta\src\dft.dtro.tests\bin\debug\net8.0\dft.dtro.tests.dll" id="e9ecc8fc-f456-9281-6f2a-46a9237fd5cc">
      <Execution id="eba2825e-dd43-4966-bed5-71bf8c67509a" />
      <TestMethod codeBase="C:\Users\BELGP3\OneDrive - PA Consulting Group\Documents\Work\Code\PA\Clients\DfT\dft-dtro-beta\Src\Dft.DTRO.Tests\bin\Debug\net8.0\Dft.DTRO.Tests.dll" adapterTypeName="executor://xunit/VsTestRunner3/netcore/" className="Dft.DTRO.Tests.ControllerTests.DTROsControllerTests" name="UpdateFromFileThrowsException" />
    </UnitTest>
    <UnitTest name="Dft.DTRO.Tests.ServicesTests.Validations.ProvisionValidationServiceTests.ValidateProvisionActionTypeForSchema324(actionType: &quot;partialRevoke&quot;, errorCount: 0)" storage="c:\users\belgp3\onedrive - pa consulting group\documents\work\code\pa\clients\dft\dft-dtro-beta\src\dft.dtro.tests\bin\debug\net8.0\dft.dtro.tests.dll" id="866b9225-5edc-7f37-078c-a8eb15b450a4">
      <Execution id="28eff032-c30c-4690-9fd8-1ea68951d1bb" />
      <TestMethod codeBase="C:\Users\BELGP3\OneDrive - PA Consulting Group\Documents\Work\Code\PA\Clients\DfT\dft-dtro-beta\Src\Dft.DTRO.Tests\bin\Debug\net8.0\Dft.DTRO.Tests.dll" adapterTypeName="executor://xunit/VsTestRunner3/netcore/" className="Dft.DTRO.Tests.ServicesTests.Validations.ProvisionValidationServiceTests" name="ValidateProvisionActionTypeForSchema324" />
    </UnitTest>
    <UnitTest name="Dft.DTRO.Tests.CodeiumTests.Users.Controller.UserControllerCreateFromBodyTests.CreateFromBody_ReturnsInternalServerError_WhenExceptionIsThrown" storage="c:\users\belgp3\onedrive - pa consulting group\documents\work\code\pa\clients\dft\dft-dtro-beta\src\dft.dtro.tests\bin\debug\net8.0\dft.dtro.tests.dll" id="4eeaa6e6-5379-b846-4ef1-52b28dd7b1f0">
      <Execution id="0b20b4e2-1b23-476d-8122-0fb83d390571" />
      <TestMethod codeBase="C:\Users\BELGP3\OneDrive - PA Consulting Group\Documents\Work\Code\PA\Clients\DfT\dft-dtro-beta\Src\Dft.DTRO.Tests\bin\Debug\net8.0\Dft.DTRO.Tests.dll" adapterTypeName="executor://xunit/VsTestRunner3/netcore/" className="Dft.DTRO.Tests.CodeiumTests.Users.Controller.UserControllerCreateFromBodyTests" name="CreateFromBody_ReturnsInternalServerError_WhenExceptionIsThrown" />
    </UnitTest>
    <UnitTest name="Dft.DTRO.Tests.ServicesTests.Validations.ProvisionValidationServiceTests.ValidateProvisionOrderReportingPointTypeForSchema324(orderReportingPointType: &quot;permanentAmendment&quot;, errorCount: 0)" storage="c:\users\belgp3\onedrive - pa consulting group\documents\work\code\pa\clients\dft\dft-dtro-beta\src\dft.dtro.tests\bin\debug\net8.0\dft.dtro.tests.dll" id="f236e674-f38d-ec03-bde4-0374d71b00e6">
      <Execution id="9f7943dc-174e-4024-8819-e1c53552b32f" />
      <TestMethod codeBase="C:\Users\BELGP3\OneDrive - PA Consulting Group\Documents\Work\Code\PA\Clients\DfT\dft-dtro-beta\Src\Dft.DTRO.Tests\bin\Debug\net8.0\Dft.DTRO.Tests.dll" adapterTypeName="executor://xunit/VsTestRunner3/netcore/" className="Dft.DTRO.Tests.ServicesTests.Validations.ProvisionValidationServiceTests" name="ValidateProvisionOrderReportingPointTypeForSchema324" />
    </UnitTest>
    <UnitTest name="Dft.DTRO.Tests.ServicesTests.Validations.SemanticValidationServiceTests.WhenVersionGeometryIsNotIntegerReturnsError(version: &quot;3.3.0&quot;)" storage="c:\users\belgp3\onedrive - pa consulting group\documents\work\code\pa\clients\dft\dft-dtro-beta\src\dft.dtro.tests\bin\debug\net8.0\dft.dtro.tests.dll" id="94daccb3-b007-0c68-55e4-e0343d1d1e59">
      <Execution id="7e41a038-e7a3-4b56-af1b-137b56ae1ab6" />
      <TestMethod codeBase="C:\Users\BELGP3\OneDrive - PA Consulting Group\Documents\Work\Code\PA\Clients\DfT\dft-dtro-beta\Src\Dft.DTRO.Tests\bin\Debug\net8.0\Dft.DTRO.Tests.dll" adapterTypeName="executor://xunit/VsTestRunner3/netcore/" className="Dft.DTRO.Tests.ServicesTests.Validations.SemanticValidationServiceTests" name="WhenVersionGeometryIsNotIntegerReturnsError" />
    </UnitTest>
    <UnitTest name="Dft.DTRO.Tests.ServicesTests.Validations.RateLineValidationServiceTests.ValidateRateLineRateLineType(conditionType: &quot;ConditionSet&quot;, rateLineType: &quot;&quot;, errorCount: 1)" storage="c:\users\belgp3\onedrive - pa consulting group\documents\work\code\pa\clients\dft\dft-dtro-beta\src\dft.dtro.tests\bin\debug\net8.0\dft.dtro.tests.dll" id="2db26635-7aea-14d9-2b74-55bb00ce5482">
      <Execution id="12d00589-3b54-4f4f-95bd-91722d1911c5" />
      <TestMethod codeBase="C:\Users\BELGP3\OneDrive - PA Consulting Group\Documents\Work\Code\PA\Clients\DfT\dft-dtro-beta\Src\Dft.DTRO.Tests\bin\Debug\net8.0\Dft.DTRO.Tests.dll" adapterTypeName="executor://xunit/VsTestRunner3/netcore/" className="Dft.DTRO.Tests.ServicesTests.Validations.RateLineValidationServiceTests" name="ValidateRateLineRateLineType" />
    </UnitTest>
    <UnitTest name="Dft.DTRO.Tests.ServicesTests.Validations.RegulationValidationTests.ValidateGeneralRegulationRegulationType(regulationType: &quot;miscTemporarySpeedLimit&quot;, errorCount: 0)" storage="c:\users\belgp3\onedrive - pa consulting group\documents\work\code\pa\clients\dft\dft-dtro-beta\src\dft.dtro.tests\bin\debug\net8.0\dft.dtro.tests.dll" id="bf734327-be01-9850-c5e3-d99e322ce00d">
      <Execution id="1b6c53e6-c2a0-48b1-97b5-23e6b483a605" />
      <TestMethod codeBase="C:\Users\BELGP3\OneDrive - PA Consulting Group\Documents\Work\Code\PA\Clients\DfT\dft-dtro-beta\Src\Dft.DTRO.Tests\bin\Debug\net8.0\Dft.DTRO.Tests.dll" adapterTypeName="executor://xunit/VsTestRunner3/netcore/" className="Dft.DTRO.Tests.ServicesTests.Validations.RegulationValidationTests" name="ValidateGeneralRegulationRegulationType" />
    </UnitTest>
    <UnitTest name="DfT.DTRO.Tests.CodeiumTests.Integration.SchemaController_Codeium_Tests.DeActivateSchema_ThrowsInvalidOperationException_ReturnsBadRequest" storage="c:\users\belgp3\onedrive - pa consulting group\documents\work\code\pa\clients\dft\dft-dtro-beta\src\dft.dtro.tests\bin\debug\net8.0\dft.dtro.tests.dll" id="43000322-6c1e-1d6d-a34b-d5b6776c9399">
      <Execution id="0489d1e9-b10a-4d6e-b5d5-a68a3c8bfd9d" />
      <TestMethod codeBase="C:\Users\BELGP3\OneDrive - PA Consulting Group\Documents\Work\Code\PA\Clients\DfT\dft-dtro-beta\Src\Dft.DTRO.Tests\bin\Debug\net8.0\Dft.DTRO.Tests.dll" adapterTypeName="executor://xunit/VsTestRunner3/netcore/" className="DfT.DTRO.Tests.CodeiumTests.Integration.SchemaController_Codeium_Tests" name="DeActivateSchema_ThrowsInvalidOperationException_ReturnsBadRequest" />
    </UnitTest>
    <UnitTest name="Dft.DTRO.Tests.ServicesTests.Validations.GeometryValidationServiceTests.ValidatePointGeometryRepresentation(representation: &quot;trafficSignLocation&quot;, schemaVersion: &quot;3.3.0&quot;, errorCount: 0)" storage="c:\users\belgp3\onedrive - pa consulting group\documents\work\code\pa\clients\dft\dft-dtro-beta\src\dft.dtro.tests\bin\debug\net8.0\dft.dtro.tests.dll" id="41afcd36-62d0-7e8b-02a8-a36dd1064b0c">
      <Execution id="33d6bb05-3214-41a8-bea7-00c8c1f0ddce" />
      <TestMethod codeBase="C:\Users\BELGP3\OneDrive - PA Consulting Group\Documents\Work\Code\PA\Clients\DfT\dft-dtro-beta\Src\Dft.DTRO.Tests\bin\Debug\net8.0\Dft.DTRO.Tests.dll" adapterTypeName="executor://xunit/VsTestRunner3/netcore/" className="Dft.DTRO.Tests.ServicesTests.Validations.GeometryValidationServiceTests" name="ValidatePointGeometryRepresentation" />
    </UnitTest>
    <UnitTest name="Dft.DTRO.Tests.ControllerTests.DTROsControllerTests.UpdateFromFileThrowsNotFoundException" storage="c:\users\belgp3\onedrive - pa consulting group\documents\work\code\pa\clients\dft\dft-dtro-beta\src\dft.dtro.tests\bin\debug\net8.0\dft.dtro.tests.dll" id="02f27a45-61c1-c0be-a770-4dbeb278d254">
      <Execution id="0eb57e7f-addf-4aa4-8091-1527ee321a78" />
      <TestMethod codeBase="C:\Users\BELGP3\OneDrive - PA Consulting Group\Documents\Work\Code\PA\Clients\DfT\dft-dtro-beta\Src\Dft.DTRO.Tests\bin\Debug\net8.0\Dft.DTRO.Tests.dll" adapterTypeName="executor://xunit/VsTestRunner3/netcore/" className="Dft.DTRO.Tests.ControllerTests.DTROsControllerTests" name="UpdateFromFileThrowsNotFoundException" />
    </UnitTest>
    <UnitTest name="Dft.DTRO.Tests.ServicesTests.Validations.ProvisionValidationServiceTests.ValidateProvisionOrderReportingPointTypeForSchema324(orderReportingPointType: &quot;experimentalNoticeOfMaking&quot;, errorCount: 0)" storage="c:\users\belgp3\onedrive - pa consulting group\documents\work\code\pa\clients\dft\dft-dtro-beta\src\dft.dtro.tests\bin\debug\net8.0\dft.dtro.tests.dll" id="2a416a94-6b8d-1389-95a0-4dc5b6e17a77">
      <Execution id="c203f2ad-d5fa-4e82-a96a-62413df28538" />
      <TestMethod codeBase="C:\Users\BELGP3\OneDrive - PA Consulting Group\Documents\Work\Code\PA\Clients\DfT\dft-dtro-beta\Src\Dft.DTRO.Tests\bin\Debug\net8.0\Dft.DTRO.Tests.dll" adapterTypeName="executor://xunit/VsTestRunner3/netcore/" className="Dft.DTRO.Tests.ServicesTests.Validations.ProvisionValidationServiceTests" name="ValidateProvisionOrderReportingPointTypeForSchema324" />
    </UnitTest>
    <UnitTest name="Dft.DTRO.Tests.ServicesTests.Validations.JsonLogicValidationTests.AllowMinTimeLessThanMaxTime" storage="c:\users\belgp3\onedrive - pa consulting group\documents\work\code\pa\clients\dft\dft-dtro-beta\src\dft.dtro.tests\bin\debug\net8.0\dft.dtro.tests.dll" id="6317aa78-b588-2161-7bcd-85bef72d6c14">
      <Execution id="33708395-1f6f-46f9-a706-459f291b5041" />
      <TestMethod codeBase="C:\Users\BELGP3\OneDrive - PA Consulting Group\Documents\Work\Code\PA\Clients\DfT\dft-dtro-beta\Src\Dft.DTRO.Tests\bin\Debug\net8.0\Dft.DTRO.Tests.dll" adapterTypeName="executor://xunit/VsTestRunner3/netcore/" className="Dft.DTRO.Tests.ServicesTests.Validations.JsonLogicValidationTests" name="AllowMinTimeLessThanMaxTime" />
    </UnitTest>
    <UnitTest name="Dft.DTRO.Tests.UnitTests.MappingServiceTests.InferIndexFieldsReturnsSampleFiles(path: &quot;../../../TestFiles/D-TROs/3.3.0/JSON-3.3.0-example&quot;···, schemaVersion: &quot;3.3.0&quot;)" storage="c:\users\belgp3\onedrive - pa consulting group\documents\work\code\pa\clients\dft\dft-dtro-beta\src\dft.dtro.tests\bin\debug\net8.0\dft.dtro.tests.dll" id="5b7fc7b0-b5c4-8c50-2fef-5eccfb6cba07">
      <Execution id="7967d4e6-6b25-4a6b-82b1-41c386335bc4" />
      <TestMethod codeBase="C:\Users\BELGP3\OneDrive - PA Consulting Group\Documents\Work\Code\PA\Clients\DfT\dft-dtro-beta\Src\Dft.DTRO.Tests\bin\Debug\net8.0\Dft.DTRO.Tests.dll" adapterTypeName="executor://xunit/VsTestRunner3/netcore/" className="Dft.DTRO.Tests.UnitTests.MappingServiceTests" name="InferIndexFieldsReturnsSampleFiles" />
    </UnitTest>
    <UnitTest name="Dft.DTRO.Tests.CodeiumTests.Metrics.Service.MetricsServiceTests.GetMetricsForTra_ValidInputs_ReturnsMetricSummary" storage="c:\users\belgp3\onedrive - pa consulting group\documents\work\code\pa\clients\dft\dft-dtro-beta\src\dft.dtro.tests\bin\debug\net8.0\dft.dtro.tests.dll" id="75daf8bf-cae2-3ea6-abcd-08e4d6964ab7">
      <Execution id="6aa43fd1-a455-4478-a0d2-2f874240729e" />
      <TestMethod codeBase="C:\Users\BELGP3\OneDrive - PA Consulting Group\Documents\Work\Code\PA\Clients\DfT\dft-dtro-beta\Src\Dft.DTRO.Tests\bin\Debug\net8.0\Dft.DTRO.Tests.dll" adapterTypeName="executor://xunit/VsTestRunner3/netcore/" className="Dft.DTRO.Tests.CodeiumTests.Metrics.Service.MetricsServiceTests" name="GetMetricsForTra_ValidInputs_ReturnsMetricSummary" />
    </UnitTest>
    <UnitTest name="Dft.DTRO.Tests.CodeiumTests.Rules.Controller.RulesControllerCreateTests.CreateRule_WithEmptyFile_ReturnsBadRequest" storage="c:\users\belgp3\onedrive - pa consulting group\documents\work\code\pa\clients\dft\dft-dtro-beta\src\dft.dtro.tests\bin\debug\net8.0\dft.dtro.tests.dll" id="a66b4381-0a6f-3329-2386-02c94f72fb5d">
      <Execution id="5542ab56-0374-4713-993f-ed21ad3d21a1" />
      <TestMethod codeBase="C:\Users\BELGP3\OneDrive - PA Consulting Group\Documents\Work\Code\PA\Clients\DfT\dft-dtro-beta\Src\Dft.DTRO.Tests\bin\Debug\net8.0\Dft.DTRO.Tests.dll" adapterTypeName="executor://xunit/VsTestRunner3/netcore/" className="Dft.DTRO.Tests.CodeiumTests.Rules.Controller.RulesControllerCreateTests" name="CreateRule_WithEmptyFile_ReturnsBadRequest" />
    </UnitTest>
    <UnitTest name="Dft.DTRO.Tests.ServicesTests.Validations.ConditionValidationServiceTests.ValidateConditionReturnsErrorWhenConditionSetItPresentAndOperatorIsWrong" storage="c:\users\belgp3\onedrive - pa consulting group\documents\work\code\pa\clients\dft\dft-dtro-beta\src\dft.dtro.tests\bin\debug\net8.0\dft.dtro.tests.dll" id="97792388-d4a4-0fae-3837-ad93783004b5">
      <Execution id="b7c04ca8-3097-4ea2-8ec0-db4fba31f17d" />
      <TestMethod codeBase="C:\Users\BELGP3\OneDrive - PA Consulting Group\Documents\Work\Code\PA\Clients\DfT\dft-dtro-beta\Src\Dft.DTRO.Tests\bin\Debug\net8.0\Dft.DTRO.Tests.dll" adapterTypeName="executor://xunit/VsTestRunner3/netcore/" className="Dft.DTRO.Tests.ServicesTests.Validations.ConditionValidationServiceTests" name="ValidateConditionReturnsErrorWhenConditionSetItPresentAndOperatorIsWrong" />
    </UnitTest>
    <UnitTest name="Dft.DTRO.Tests.ServicesTests.Validations.RegulationValidationTests.ValidateRegulationOffListRegulationShortName(shortName: null, errorCount: 1)" storage="c:\users\belgp3\onedrive - pa consulting group\documents\work\code\pa\clients\dft\dft-dtro-beta\src\dft.dtro.tests\bin\debug\net8.0\dft.dtro.tests.dll" id="a6ead852-7be3-6bf7-418e-8f5da7746bb9">
      <Execution id="26689874-f216-4dfd-be1e-0f9a661d2011" />
      <TestMethod codeBase="C:\Users\BELGP3\OneDrive - PA Consulting Group\Documents\Work\Code\PA\Clients\DfT\dft-dtro-beta\Src\Dft.DTRO.Tests\bin\Debug\net8.0\Dft.DTRO.Tests.dll" adapterTypeName="executor://xunit/VsTestRunner3/netcore/" className="Dft.DTRO.Tests.ServicesTests.Validations.RegulationValidationTests" name="ValidateRegulationOffListRegulationShortName" />
    </UnitTest>
    <UnitTest name="DfT.DTRO.Tests.CodeiumTests.Integration.DTROsController_Codeium_Tests.UpdateDtro_ReturnsOk_ForExistingDtro" storage="c:\users\belgp3\onedrive - pa consulting group\documents\work\code\pa\clients\dft\dft-dtro-beta\src\dft.dtro.tests\bin\debug\net8.0\dft.dtro.tests.dll" id="0c392dfc-d8be-df7f-0175-42925e3478af">
      <Execution id="65f223b3-4907-4613-9185-93389c4bc9fd" />
      <TestMethod codeBase="C:\Users\BELGP3\OneDrive - PA Consulting Group\Documents\Work\Code\PA\Clients\DfT\dft-dtro-beta\Src\Dft.DTRO.Tests\bin\Debug\net8.0\Dft.DTRO.Tests.dll" adapterTypeName="executor://xunit/VsTestRunner3/netcore/" className="DfT.DTRO.Tests.CodeiumTests.Integration.DTROsController_Codeium_Tests" name="UpdateDtro_ReturnsOk_ForExistingDtro" />
    </UnitTest>
    <UnitTest name="Dft.DTRO.Tests.ServicesTests.Validations.JsonSchemaValidationTests.ValidateAgainstSchema311ProducesCorrectResults(schemaVersion: &quot;3.1.1&quot;, sourceJson: &quot;provision-missing&quot;, expectedResult: False)" storage="c:\users\belgp3\onedrive - pa consulting group\documents\work\code\pa\clients\dft\dft-dtro-beta\src\dft.dtro.tests\bin\debug\net8.0\dft.dtro.tests.dll" id="818c2b1c-e391-25c4-842b-28fe0d809f60">
      <Execution id="e53eae27-e45d-4d61-94eb-acf12fa35f4f" />
      <TestMethod codeBase="C:\Users\BELGP3\OneDrive - PA Consulting Group\Documents\Work\Code\PA\Clients\DfT\dft-dtro-beta\Src\Dft.DTRO.Tests\bin\Debug\net8.0\Dft.DTRO.Tests.dll" adapterTypeName="executor://xunit/VsTestRunner3/netcore/" className="Dft.DTRO.Tests.ServicesTests.Validations.JsonSchemaValidationTests" name="ValidateAgainstSchema311ProducesCorrectResults" />
    </UnitTest>
    <UnitTest name="Dft.DTRO.Tests.ServicesTests.Validations.RateLineValidationServiceTests.ValidateRateLineRateUsageConditionType(conditionType: &quot;ConditionSet&quot;, usageCondition: &quot;fixedDuration&quot;, errorCount: 0)" storage="c:\users\belgp3\onedrive - pa consulting group\documents\work\code\pa\clients\dft\dft-dtro-beta\src\dft.dtro.tests\bin\debug\net8.0\dft.dtro.tests.dll" id="194d4e63-d013-7ae2-f17f-3985dc0f2c80">
      <Execution id="ba98a61a-8850-4bbd-8abc-9b0edd584972" />
      <TestMethod codeBase="C:\Users\BELGP3\OneDrive - PA Consulting Group\Documents\Work\Code\PA\Clients\DfT\dft-dtro-beta\Src\Dft.DTRO.Tests\bin\Debug\net8.0\Dft.DTRO.Tests.dll" adapterTypeName="executor://xunit/VsTestRunner3/netcore/" className="Dft.DTRO.Tests.ServicesTests.Validations.RateLineValidationServiceTests" name="ValidateRateLineRateUsageConditionType" />
    </UnitTest>
    <UnitTest name="Dft.DTRO.Tests.ControllerTests.DTROsControllerTests.GetAllReturnsRecords" storage="c:\users\belgp3\onedrive - pa consulting group\documents\work\code\pa\clients\dft\dft-dtro-beta\src\dft.dtro.tests\bin\debug\net8.0\dft.dtro.tests.dll" id="1e2a8714-2480-3d62-956d-fa48c9a99701">
      <Execution id="7217dba0-45ee-4643-bfa3-34dd665f3cba" />
      <TestMethod codeBase="C:\Users\BELGP3\OneDrive - PA Consulting Group\Documents\Work\Code\PA\Clients\DfT\dft-dtro-beta\Src\Dft.DTRO.Tests\bin\Debug\net8.0\Dft.DTRO.Tests.dll" adapterTypeName="executor://xunit/VsTestRunner3/netcore/" className="Dft.DTRO.Tests.ControllerTests.DTROsControllerTests" name="GetAllReturnsRecords" />
    </UnitTest>
    <UnitTest name="Dft.DTRO.Tests.ServicesTests.Validations.ProvisionValidationServiceTests.ValidateProvisionActionTypeForSchema324(actionType: &quot;noChange&quot;, errorCount: 0)" storage="c:\users\belgp3\onedrive - pa consulting group\documents\work\code\pa\clients\dft\dft-dtro-beta\src\dft.dtro.tests\bin\debug\net8.0\dft.dtro.tests.dll" id="2ca00b2c-01f7-166b-2d07-66bd8aea5392">
      <Execution id="eb9c484a-1860-471b-b1c2-b49a2bea6e3f" />
      <TestMethod codeBase="C:\Users\BELGP3\OneDrive - PA Consulting Group\Documents\Work\Code\PA\Clients\DfT\dft-dtro-beta\Src\Dft.DTRO.Tests\bin\Debug\net8.0\Dft.DTRO.Tests.dll" adapterTypeName="executor://xunit/VsTestRunner3/netcore/" className="Dft.DTRO.Tests.ServicesTests.Validations.ProvisionValidationServiceTests" name="ValidateProvisionActionTypeForSchema324" />
    </UnitTest>
    <UnitTest name="Dft.DTRO.Tests.ServicesTests.Validations.SourceValidationServiceTests.ValidateSourceSection(version: &quot;3.3.0&quot;, section: &quot;&quot;, errorCount: 1)" storage="c:\users\belgp3\onedrive - pa consulting group\documents\work\code\pa\clients\dft\dft-dtro-beta\src\dft.dtro.tests\bin\debug\net8.0\dft.dtro.tests.dll" id="a78bb7b1-c1c7-26df-b1d6-dc911ac94825">
      <Execution id="2371d194-f3d3-42ed-ab75-022ede041417" />
      <TestMethod codeBase="C:\Users\BELGP3\OneDrive - PA Consulting Group\Documents\Work\Code\PA\Clients\DfT\dft-dtro-beta\Src\Dft.DTRO.Tests\bin\Debug\net8.0\Dft.DTRO.Tests.dll" adapterTypeName="executor://xunit/VsTestRunner3/netcore/" className="Dft.DTRO.Tests.ServicesTests.Validations.SourceValidationServiceTests" name="ValidateSourceSection" />
    </UnitTest>
    <UnitTest name="Dft.DTRO.Tests.CodeiumTests.Metrics.Service.MetricsServiceTests.IncrementMetric_SystemFailure_ReturnsTrue" storage="c:\users\belgp3\onedrive - pa consulting group\documents\work\code\pa\clients\dft\dft-dtro-beta\src\dft.dtro.tests\bin\debug\net8.0\dft.dtro.tests.dll" id="82952f94-6439-61cc-2565-5dd007792b12">
      <Execution id="4c692230-ef0e-43e5-889b-e04f5a096ac1" />
      <TestMethod codeBase="C:\Users\BELGP3\OneDrive - PA Consulting Group\Documents\Work\Code\PA\Clients\DfT\dft-dtro-beta\Src\Dft.DTRO.Tests\bin\Debug\net8.0\Dft.DTRO.Tests.dll" adapterTypeName="executor://xunit/VsTestRunner3/netcore/" className="Dft.DTRO.Tests.CodeiumTests.Metrics.Service.MetricsServiceTests" name="IncrementMetric_SystemFailure_ReturnsTrue" />
    </UnitTest>
    <UnitTest name="Dft.DTRO.Tests.ServicesTests.Validations.RateLineValidationServiceTests.ValidateRateLineMinAndMaxValue(conditionType: &quot;ConditionSet&quot;, value: 1.01, errorCount: 0)" storage="c:\users\belgp3\onedrive - pa consulting group\documents\work\code\pa\clients\dft\dft-dtro-beta\src\dft.dtro.tests\bin\debug\net8.0\dft.dtro.tests.dll" id="41f91646-9f56-d19d-d379-ef95e9592fdb">
      <Execution id="6959afaa-a0e4-4a22-b360-d43c71cb16b0" />
      <TestMethod codeBase="C:\Users\BELGP3\OneDrive - PA Consulting Group\Documents\Work\Code\PA\Clients\DfT\dft-dtro-beta\Src\Dft.DTRO.Tests\bin\Debug\net8.0\Dft.DTRO.Tests.dll" adapterTypeName="executor://xunit/VsTestRunner3/netcore/" className="Dft.DTRO.Tests.ServicesTests.Validations.RateLineValidationServiceTests" name="ValidateRateLineMinAndMaxValue" />
    </UnitTest>
    <UnitTest name="Dft.DTRO.Tests.ServicesTests.Validations.JsonSchemaValidationTests.ValidateAgainstSchema311ProducesCorrectResults(schemaVersion: &quot;3.1.1&quot;, sourceJson: &quot;section-missing&quot;, expectedResult: False)" storage="c:\users\belgp3\onedrive - pa consulting group\documents\work\code\pa\clients\dft\dft-dtro-beta\src\dft.dtro.tests\bin\debug\net8.0\dft.dtro.tests.dll" id="e105c4ab-cb87-8a46-b63a-573086118b70">
      <Execution id="845b8020-7a2c-4db0-b94c-be10afae9642" />
      <TestMethod codeBase="C:\Users\BELGP3\OneDrive - PA Consulting Group\Documents\Work\Code\PA\Clients\DfT\dft-dtro-beta\Src\Dft.DTRO.Tests\bin\Debug\net8.0\Dft.DTRO.Tests.dll" adapterTypeName="executor://xunit/VsTestRunner3/netcore/" className="Dft.DTRO.Tests.ServicesTests.Validations.JsonSchemaValidationTests" name="ValidateAgainstSchema311ProducesCorrectResults" />
    </UnitTest>
    <UnitTest name="Dft.DTRO.Tests.CodeiumTests.SystemConfig.Controller.SystemConfigControllerTests.GetSystemName_ReturnsOkResult_WithSystemName" storage="c:\users\belgp3\onedrive - pa consulting group\documents\work\code\pa\clients\dft\dft-dtro-beta\src\dft.dtro.tests\bin\debug\net8.0\dft.dtro.tests.dll" id="196fda87-5a18-48a2-4dbe-5cdf7d590cf4">
      <Execution id="ed4b6212-5373-49fc-92b3-407d9ac931ff" />
      <TestMethod codeBase="C:\Users\BELGP3\OneDrive - PA Consulting Group\Documents\Work\Code\PA\Clients\DfT\dft-dtro-beta\Src\Dft.DTRO.Tests\bin\Debug\net8.0\Dft.DTRO.Tests.dll" adapterTypeName="executor://xunit/VsTestRunner3/netcore/" className="Dft.DTRO.Tests.CodeiumTests.SystemConfig.Controller.SystemConfigControllerTests" name="GetSystemName_ReturnsOkResult_WithSystemName" />
    </UnitTest>
    <UnitTest name="Dft.DTRO.Tests.ServicesTests.Validations.RateLineValidationServiceTests.ValidateRateLineRateLineType(conditionType: &quot;ConditionSet&quot;, rateLineType: &quot;flatRateTier&quot;, errorCount: 0)" storage="c:\users\belgp3\onedrive - pa consulting group\documents\work\code\pa\clients\dft\dft-dtro-beta\src\dft.dtro.tests\bin\debug\net8.0\dft.dtro.tests.dll" id="a296005b-44fd-2286-ea0d-a579795627c9">
      <Execution id="65f6f383-fa2c-4038-93e4-a23a107989e2" />
      <TestMethod codeBase="C:\Users\BELGP3\OneDrive - PA Consulting Group\Documents\Work\Code\PA\Clients\DfT\dft-dtro-beta\Src\Dft.DTRO.Tests\bin\Debug\net8.0\Dft.DTRO.Tests.dll" adapterTypeName="executor://xunit/VsTestRunner3/netcore/" className="Dft.DTRO.Tests.ServicesTests.Validations.RateLineValidationServiceTests" name="ValidateRateLineRateLineType" />
    </UnitTest>
    <UnitTest name="Dft.DTRO.Tests.ServicesTests.Validations.JsonLogicValidationTests.AllowYearOfFirstRegistrationLessOrEqualToCurrentYearValueInConditions" storage="c:\users\belgp3\onedrive - pa consulting group\documents\work\code\pa\clients\dft\dft-dtro-beta\src\dft.dtro.tests\bin\debug\net8.0\dft.dtro.tests.dll" id="cddf6671-798f-d267-8816-10c7ad43fe26">
      <Execution id="ef864668-8626-43ea-b518-3decb96662fe" />
      <TestMethod codeBase="C:\Users\BELGP3\OneDrive - PA Consulting Group\Documents\Work\Code\PA\Clients\DfT\dft-dtro-beta\Src\Dft.DTRO.Tests\bin\Debug\net8.0\Dft.DTRO.Tests.dll" adapterTypeName="executor://xunit/VsTestRunner3/netcore/" className="Dft.DTRO.Tests.ServicesTests.Validations.JsonLogicValidationTests" name="AllowYearOfFirstRegistrationLessOrEqualToCurrentYearValueInConditions" />
    </UnitTest>
    <UnitTest name="Dft.DTRO.Tests.ServicesTests.Validations.JsonSchemaValidationTests.ValidateAgainstSchema325ProducesCorrectResults(schemaVersion: &quot;3.3.0&quot;, sourceJson: &quot;JSON-3.3.0-example-TTRO-HeightRestrictionWithCondi&quot;···, expectedResult: False)" storage="c:\users\belgp3\onedrive - pa consulting group\documents\work\code\pa\clients\dft\dft-dtro-beta\src\dft.dtro.tests\bin\debug\net8.0\dft.dtro.tests.dll" id="891891e6-e60a-25e3-1000-9c0556ddbda2">
      <Execution id="975f9f82-9a28-47e7-b78e-2cf7202e892b" />
      <TestMethod codeBase="C:\Users\BELGP3\OneDrive - PA Consulting Group\Documents\Work\Code\PA\Clients\DfT\dft-dtro-beta\Src\Dft.DTRO.Tests\bin\Debug\net8.0\Dft.DTRO.Tests.dll" adapterTypeName="executor://xunit/VsTestRunner3/netcore/" className="Dft.DTRO.Tests.ServicesTests.Validations.JsonSchemaValidationTests" name="ValidateAgainstSchema325ProducesCorrectResults" />
    </UnitTest>
    <UnitTest name="DfT.DTRO.Tests.CodeiumTests.Integration.SchemaController_Codeium_Tests.DeleteSchema_WhenSchemaTemplateFound_ReturnsOk" storage="c:\users\belgp3\onedrive - pa consulting group\documents\work\code\pa\clients\dft\dft-dtro-beta\src\dft.dtro.tests\bin\debug\net8.0\dft.dtro.tests.dll" id="91851dec-943d-8134-4ac6-bcb50da22a00">
      <Execution id="2a5b1ad0-5e7a-423e-a722-11a7ffc3588f" />
      <TestMethod codeBase="C:\Users\BELGP3\OneDrive - PA Consulting Group\Documents\Work\Code\PA\Clients\DfT\dft-dtro-beta\Src\Dft.DTRO.Tests\bin\Debug\net8.0\Dft.DTRO.Tests.dll" adapterTypeName="executor://xunit/VsTestRunner3/netcore/" className="DfT.DTRO.Tests.CodeiumTests.Integration.SchemaController_Codeium_Tests" name="DeleteSchema_WhenSchemaTemplateFound_ReturnsOk" />
    </UnitTest>
    <UnitTest name="Dft.DTRO.Tests.ServicesTests.Validations.GeometryValidationServiceTests.ValidatePointGeometryPoint(point: &quot;SRID=27700;POINT(323544 124622)&quot;, schemaVersion: &quot;3.3.0&quot;, errorCount: 0)" storage="c:\users\belgp3\onedrive - pa consulting group\documents\work\code\pa\clients\dft\dft-dtro-beta\src\dft.dtro.tests\bin\debug\net8.0\dft.dtro.tests.dll" id="d62e8aa2-3e34-7c99-fc34-b810a2b76c85">
      <Execution id="48392b11-f265-438d-ad82-004439b6d5b9" />
      <TestMethod codeBase="C:\Users\BELGP3\OneDrive - PA Consulting Group\Documents\Work\Code\PA\Clients\DfT\dft-dtro-beta\Src\Dft.DTRO.Tests\bin\Debug\net8.0\Dft.DTRO.Tests.dll" adapterTypeName="executor://xunit/VsTestRunner3/netcore/" className="Dft.DTRO.Tests.ServicesTests.Validations.GeometryValidationServiceTests" name="ValidatePointGeometryPoint" />
    </UnitTest>
    <UnitTest name="Dft.DTRO.Tests.ServicesTests.Validations.RateLineValidationServiceTests.ValidateRateLineSequence(conditionType: &quot;Condition&quot;, sequence: 1, errorCount: 0)" storage="c:\users\belgp3\onedrive - pa consulting group\documents\work\code\pa\clients\dft\dft-dtro-beta\src\dft.dtro.tests\bin\debug\net8.0\dft.dtro.tests.dll" id="216d19eb-21c1-9c67-7aaf-065bd8a93579">
      <Execution id="84b41cd8-649d-4efd-9512-15ad9152e071" />
      <TestMethod codeBase="C:\Users\BELGP3\OneDrive - PA Consulting Group\Documents\Work\Code\PA\Clients\DfT\dft-dtro-beta\Src\Dft.DTRO.Tests\bin\Debug\net8.0\Dft.DTRO.Tests.dll" adapterTypeName="executor://xunit/VsTestRunner3/netcore/" className="Dft.DTRO.Tests.ServicesTests.Validations.RateLineValidationServiceTests" name="ValidateRateLineSequence" />
    </UnitTest>
    <UnitTest name="Dft.DTRO.Tests.ControllerTests.TraControllerTests.FindAllReturnsRecords" storage="c:\users\belgp3\onedrive - pa consulting group\documents\work\code\pa\clients\dft\dft-dtro-beta\src\dft.dtro.tests\bin\debug\net8.0\dft.dtro.tests.dll" id="17638d5c-259d-1a24-4168-45494fad0f80">
      <Execution id="7c7ddeaa-8243-42c7-ac4b-ac85d15a4337" />
      <TestMethod codeBase="C:\Users\BELGP3\OneDrive - PA Consulting Group\Documents\Work\Code\PA\Clients\DfT\dft-dtro-beta\Src\Dft.DTRO.Tests\bin\Debug\net8.0\Dft.DTRO.Tests.dll" adapterTypeName="executor://xunit/VsTestRunner3/netcore/" className="Dft.DTRO.Tests.ControllerTests.TraControllerTests" name="FindAllReturnsRecords" />
    </UnitTest>
    <UnitTest name="Dft.DTRO.Tests.ServicesTests.Validations.JsonLogicValidationTests.AllowValueCollectionMinAndOrMaxMissing" storage="c:\users\belgp3\onedrive - pa consulting group\documents\work\code\pa\clients\dft\dft-dtro-beta\src\dft.dtro.tests\bin\debug\net8.0\dft.dtro.tests.dll" id="94c16b61-21cd-6065-58d9-19e1a8966487">
      <Execution id="5496ae35-8ad5-45f2-b5fe-057d30219a2b" />
      <TestMethod codeBase="C:\Users\BELGP3\OneDrive - PA Consulting Group\Documents\Work\Code\PA\Clients\DfT\dft-dtro-beta\Src\Dft.DTRO.Tests\bin\Debug\net8.0\Dft.DTRO.Tests.dll" adapterTypeName="executor://xunit/VsTestRunner3/netcore/" className="Dft.DTRO.Tests.ServicesTests.Validations.JsonLogicValidationTests" name="AllowValueCollectionMinAndOrMaxMissing" />
    </UnitTest>
    <UnitTest name="Dft.DTRO.Tests.ServicesTests.Validations.JsonLogicValidationTests.AllowsRecurringTimePeriodOfDayStartTimeBeforeEndTime" storage="c:\users\belgp3\onedrive - pa consulting group\documents\work\code\pa\clients\dft\dft-dtro-beta\src\dft.dtro.tests\bin\debug\net8.0\dft.dtro.tests.dll" id="15655617-d461-7569-0af4-e77d8d0209be">
      <Execution id="b61af912-a2b1-4b98-ada9-746e36a024aa" />
      <TestMethod codeBase="C:\Users\BELGP3\OneDrive - PA Consulting Group\Documents\Work\Code\PA\Clients\DfT\dft-dtro-beta\Src\Dft.DTRO.Tests\bin\Debug\net8.0\Dft.DTRO.Tests.dll" adapterTypeName="executor://xunit/VsTestRunner3/netcore/" className="Dft.DTRO.Tests.ServicesTests.Validations.JsonLogicValidationTests" name="AllowsRecurringTimePeriodOfDayStartTimeBeforeEndTime" />
    </UnitTest>
    <UnitTest name="Dft.DTRO.Tests.ServicesTests.Validations.JsonLogicValidationTests.AllowsUniqueApplicableInstanceOfDayWithinMonthInValidityPeriod" storage="c:\users\belgp3\onedrive - pa consulting group\documents\work\code\pa\clients\dft\dft-dtro-beta\src\dft.dtro.tests\bin\debug\net8.0\dft.dtro.tests.dll" id="887d079c-f12d-06bb-155b-26e5ab328a53">
      <Execution id="e8f8bad6-840c-476c-a59d-4a9b96b6e649" />
      <TestMethod codeBase="C:\Users\BELGP3\OneDrive - PA Consulting Group\Documents\Work\Code\PA\Clients\DfT\dft-dtro-beta\Src\Dft.DTRO.Tests\bin\Debug\net8.0\Dft.DTRO.Tests.dll" adapterTypeName="executor://xunit/VsTestRunner3/netcore/" className="Dft.DTRO.Tests.ServicesTests.Validations.JsonLogicValidationTests" name="AllowsUniqueApplicableInstanceOfDayWithinMonthInValidityPeriod" />
    </UnitTest>
    <UnitTest name="Dft.DTRO.Tests.CodeiumTests.Rules.Service.RuleTemplateServiceTests.RuleTemplateExistsAsync_ReturnsTrue" storage="c:\users\belgp3\onedrive - pa consulting group\documents\work\code\pa\clients\dft\dft-dtro-beta\src\dft.dtro.tests\bin\debug\net8.0\dft.dtro.tests.dll" id="84662c29-2385-4ff5-e2bc-ddb4571f8a06">
      <Execution id="07bd42db-ac85-4300-a222-0c72bc922ecf" />
      <TestMethod codeBase="C:\Users\BELGP3\OneDrive - PA Consulting Group\Documents\Work\Code\PA\Clients\DfT\dft-dtro-beta\Src\Dft.DTRO.Tests\bin\Debug\net8.0\Dft.DTRO.Tests.dll" adapterTypeName="executor://xunit/VsTestRunner3/netcore/" className="Dft.DTRO.Tests.CodeiumTests.Rules.Service.RuleTemplateServiceTests" name="RuleTemplateExistsAsync_ReturnsTrue" />
    </UnitTest>
    <UnitTest name="Dft.DTRO.Tests.ServicesTests.Validations.RegulationValidationTests.ValidateGeneralRegulationRegulationType(regulationType: &quot;movementOrderNoOvertaking&quot;, errorCount: 0)" storage="c:\users\belgp3\onedrive - pa consulting group\documents\work\code\pa\clients\dft\dft-dtro-beta\src\dft.dtro.tests\bin\debug\net8.0\dft.dtro.tests.dll" id="13da61db-319e-b8d8-afea-0c886671974d">
      <Execution id="94659568-2905-47bc-9e10-ae28d7e45dcc" />
      <TestMethod codeBase="C:\Users\BELGP3\OneDrive - PA Consulting Group\Documents\Work\Code\PA\Clients\DfT\dft-dtro-beta\Src\Dft.DTRO.Tests\bin\Debug\net8.0\Dft.DTRO.Tests.dll" adapterTypeName="executor://xunit/VsTestRunner3/netcore/" className="Dft.DTRO.Tests.ServicesTests.Validations.RegulationValidationTests" name="ValidateGeneralRegulationRegulationType" />
    </UnitTest>
    <UnitTest name="Dft.DTRO.Tests.ServicesTests.Validations.RateLineCollectionValidationServiceTests.ValidateRateLineCollectionMaxTime(conditionType: &quot;ConditionSet&quot;, maxTime: 0, errorCount: 1)" storage="c:\users\belgp3\onedrive - pa consulting group\documents\work\code\pa\clients\dft\dft-dtro-beta\src\dft.dtro.tests\bin\debug\net8.0\dft.dtro.tests.dll" id="5ff3fa57-7796-5a0f-81b7-72736761406a">
      <Execution id="60be6621-ec38-479f-aa65-afdbd23b0d62" />
      <TestMethod codeBase="C:\Users\BELGP3\OneDrive - PA Consulting Group\Documents\Work\Code\PA\Clients\DfT\dft-dtro-beta\Src\Dft.DTRO.Tests\bin\Debug\net8.0\Dft.DTRO.Tests.dll" adapterTypeName="executor://xunit/VsTestRunner3/netcore/" className="Dft.DTRO.Tests.ServicesTests.Validations.RateLineCollectionValidationServiceTests" name="ValidateRateLineCollectionMaxTime" />
    </UnitTest>
    <UnitTest name="Dft.DTRO.Tests.ServicesTests.Validations.ProvisionValidationServiceTests.ValidateProvisionOrderReportingPointTypeForSchema324(orderReportingPointType: &quot;ttroTtmoRevocation&quot;, errorCount: 0)" storage="c:\users\belgp3\onedrive - pa consulting group\documents\work\code\pa\clients\dft\dft-dtro-beta\src\dft.dtro.tests\bin\debug\net8.0\dft.dtro.tests.dll" id="0569a22a-b95f-c807-61d4-204c55c95c04">
      <Execution id="46d75673-31f3-4c2d-8c91-75e3474c774f" />
      <TestMethod codeBase="C:\Users\BELGP3\OneDrive - PA Consulting Group\Documents\Work\Code\PA\Clients\DfT\dft-dtro-beta\Src\Dft.DTRO.Tests\bin\Debug\net8.0\Dft.DTRO.Tests.dll" adapterTypeName="executor://xunit/VsTestRunner3/netcore/" className="Dft.DTRO.Tests.ServicesTests.Validations.ProvisionValidationServiceTests" name="ValidateProvisionOrderReportingPointTypeForSchema324" />
    </UnitTest>
    <UnitTest name="Dft.DTRO.Tests.DALTests.ApplicationDalTests.GetApplicationListShouldReturnApplicationForUserWithSingleApp" storage="c:\users\belgp3\onedrive - pa consulting group\documents\work\code\pa\clients\dft\dft-dtro-beta\src\dft.dtro.tests\bin\debug\net8.0\dft.dtro.tests.dll" id="08bc12b0-6775-fb69-e4b2-465356d637f2">
      <Execution id="4e40ce25-ad67-41ae-a5f1-09186daba94c" />
      <TestMethod codeBase="C:\Users\BELGP3\OneDrive - PA Consulting Group\Documents\Work\Code\PA\Clients\DfT\dft-dtro-beta\Src\Dft.DTRO.Tests\bin\Debug\net8.0\Dft.DTRO.Tests.dll" adapterTypeName="executor://xunit/VsTestRunner3/netcore/" className="Dft.DTRO.Tests.DALTests.ApplicationDalTests" name="GetApplicationListShouldReturnApplicationForUserWithSingleApp" />
    </UnitTest>
    <UnitTest name="Dft.DTRO.Tests.ServicesTests.Validations.RateLineValidationServiceTests.ValidateRateLineDuration(conditionType: &quot;ConditionSet&quot;, description: &quot;&quot;, errorCount: 1)" storage="c:\users\belgp3\onedrive - pa consulting group\documents\work\code\pa\clients\dft\dft-dtro-beta\src\dft.dtro.tests\bin\debug\net8.0\dft.dtro.tests.dll" id="70ada400-13ce-ab7e-a298-b102d1fffd27">
      <Execution id="bc1de427-d0fe-4daa-9984-7531c4b22a25" />
      <TestMethod codeBase="C:\Users\BELGP3\OneDrive - PA Consulting Group\Documents\Work\Code\PA\Clients\DfT\dft-dtro-beta\Src\Dft.DTRO.Tests\bin\Debug\net8.0\Dft.DTRO.Tests.dll" adapterTypeName="executor://xunit/VsTestRunner3/netcore/" className="Dft.DTRO.Tests.ServicesTests.Validations.RateLineValidationServiceTests" name="ValidateRateLineDuration" />
    </UnitTest>
    <UnitTest name="ApplicationControllerTests.GetPendingApplicationsReturnsBadRequestWhenNoneFound" storage="c:\users\belgp3\onedrive - pa consulting group\documents\work\code\pa\clients\dft\dft-dtro-beta\src\dft.dtro.tests\bin\debug\net8.0\dft.dtro.tests.dll" id="528aa272-65ac-e3d7-871d-4db04569e4de">
      <Execution id="0f0be844-d1c4-45d7-ba9d-b0cbab22a66e" />
      <TestMethod codeBase="C:\Users\BELGP3\OneDrive - PA Consulting Group\Documents\Work\Code\PA\Clients\DfT\dft-dtro-beta\Src\Dft.DTRO.Tests\bin\Debug\net8.0\Dft.DTRO.Tests.dll" adapterTypeName="executor://xunit/VsTestRunner3/netcore/" className="ApplicationControllerTests" name="GetPendingApplicationsReturnsBadRequestWhenNoneFound" />
    </UnitTest>
    <UnitTest name="Dft.DTRO.Tests.ServicesTests.Validations.JsonLogicValidationTests.DisallowHeaviestAxleWeightCharacteristicInvalidForRegulationTypes(regulationType: &quot;dimensionMaximumWeightStructural&quot;)" storage="c:\users\belgp3\onedrive - pa consulting group\documents\work\code\pa\clients\dft\dft-dtro-beta\src\dft.dtro.tests\bin\debug\net8.0\dft.dtro.tests.dll" id="f6178ffd-c673-175e-41ef-f8dd82ec939c">
      <Execution id="3d036b94-e011-4e95-8f72-77c016b50198" />
      <TestMethod codeBase="C:\Users\BELGP3\OneDrive - PA Consulting Group\Documents\Work\Code\PA\Clients\DfT\dft-dtro-beta\Src\Dft.DTRO.Tests\bin\Debug\net8.0\Dft.DTRO.Tests.dll" adapterTypeName="executor://xunit/VsTestRunner3/netcore/" className="Dft.DTRO.Tests.ServicesTests.Validations.JsonLogicValidationTests" name="DisallowHeaviestAxleWeightCharacteristicInvalidForRegulationTypes" />
    </UnitTest>
    <UnitTest name="Dft.DTRO.Tests.ServicesTests.Validations.ProvisionValidationServiceTests.ValidateProvisionActionTypeForSchema330(actionType: &quot;partialRevoke&quot;, errorCount: 0)" storage="c:\users\belgp3\onedrive - pa consulting group\documents\work\code\pa\clients\dft\dft-dtro-beta\src\dft.dtro.tests\bin\debug\net8.0\dft.dtro.tests.dll" id="3c5342c7-3a69-abad-4b58-b383c51ca2dc">
      <Execution id="8821b896-ebc8-469e-8fe0-6fbd19e54891" />
      <TestMethod codeBase="C:\Users\BELGP3\OneDrive - PA Consulting Group\Documents\Work\Code\PA\Clients\DfT\dft-dtro-beta\Src\Dft.DTRO.Tests\bin\Debug\net8.0\Dft.DTRO.Tests.dll" adapterTypeName="executor://xunit/VsTestRunner3/netcore/" className="Dft.DTRO.Tests.ServicesTests.Validations.ProvisionValidationServiceTests" name="ValidateProvisionActionTypeForSchema330" />
    </UnitTest>
    <UnitTest name="Dft.DTRO.Tests.ServicesTests.Validations.ExternalReferenceValidationServiceTests.ValidateMultipleExternalReferencesLastUpdatedDate" storage="c:\users\belgp3\onedrive - pa consulting group\documents\work\code\pa\clients\dft\dft-dtro-beta\src\dft.dtro.tests\bin\debug\net8.0\dft.dtro.tests.dll" id="f8966c9b-7297-e10a-59fa-ccbee59cbb5a">
      <Execution id="60c6cbfb-5c1e-407f-84aa-1075ec003816" />
      <TestMethod codeBase="C:\Users\BELGP3\OneDrive - PA Consulting Group\Documents\Work\Code\PA\Clients\DfT\dft-dtro-beta\Src\Dft.DTRO.Tests\bin\Debug\net8.0\Dft.DTRO.Tests.dll" adapterTypeName="executor://xunit/VsTestRunner3/netcore/" className="Dft.DTRO.Tests.ServicesTests.Validations.ExternalReferenceValidationServiceTests" name="ValidateMultipleExternalReferencesLastUpdatedDate" />
    </UnitTest>
    <UnitTest name="Dft.DTRO.Tests.ServicesTests.Validations.ProvisionValidationServiceTests.ValidateProvisionOrderReportingPointTypeForSchema324(orderReportingPointType: &quot;experimentalRevocation&quot;, errorCount: 0)" storage="c:\users\belgp3\onedrive - pa consulting group\documents\work\code\pa\clients\dft\dft-dtro-beta\src\dft.dtro.tests\bin\debug\net8.0\dft.dtro.tests.dll" id="448c73fd-f2ad-d5a5-835b-f6bc7cc155a0">
      <Execution id="1ac797a4-86ad-43e8-90ee-67c36d1eaf17" />
      <TestMethod codeBase="C:\Users\BELGP3\OneDrive - PA Consulting Group\Documents\Work\Code\PA\Clients\DfT\dft-dtro-beta\Src\Dft.DTRO.Tests\bin\Debug\net8.0\Dft.DTRO.Tests.dll" adapterTypeName="executor://xunit/VsTestRunner3/netcore/" className="Dft.DTRO.Tests.ServicesTests.Validations.ProvisionValidationServiceTests" name="ValidateProvisionOrderReportingPointTypeForSchema324" />
    </UnitTest>
    <UnitTest name="Dft.DTRO.Tests.ServicesTests.Validations.SemanticValidationServiceTests.WhenVersionGeometryIsIntegerReturnsNoError(version: &quot;3.2.4&quot;)" storage="c:\users\belgp3\onedrive - pa consulting group\documents\work\code\pa\clients\dft\dft-dtro-beta\src\dft.dtro.tests\bin\debug\net8.0\dft.dtro.tests.dll" id="af879690-5989-c1c8-8dad-55f54b799d3f">
      <Execution id="a1746319-7afe-412d-929a-bdd4a699994d" />
      <TestMethod codeBase="C:\Users\BELGP3\OneDrive - PA Consulting Group\Documents\Work\Code\PA\Clients\DfT\dft-dtro-beta\Src\Dft.DTRO.Tests\bin\Debug\net8.0\Dft.DTRO.Tests.dll" adapterTypeName="executor://xunit/VsTestRunner3/netcore/" className="Dft.DTRO.Tests.ServicesTests.Validations.SemanticValidationServiceTests" name="WhenVersionGeometryIsIntegerReturnsNoError" />
    </UnitTest>
    <UnitTest name="Dft.DTRO.Tests.ServicesTests.Validations.JsonLogicValidationTests.AllowsExceptionPeriodStartTimeAfterOverallPeriodStartTime" storage="c:\users\belgp3\onedrive - pa consulting group\documents\work\code\pa\clients\dft\dft-dtro-beta\src\dft.dtro.tests\bin\debug\net8.0\dft.dtro.tests.dll" id="a168fdcf-1093-8ec2-c811-9e396971e8b2">
      <Execution id="086a46db-b927-4c32-b624-69a420cbcb94" />
      <TestMethod codeBase="C:\Users\BELGP3\OneDrive - PA Consulting Group\Documents\Work\Code\PA\Clients\DfT\dft-dtro-beta\Src\Dft.DTRO.Tests\bin\Debug\net8.0\Dft.DTRO.Tests.dll" adapterTypeName="executor://xunit/VsTestRunner3/netcore/" className="Dft.DTRO.Tests.ServicesTests.Validations.JsonLogicValidationTests" name="AllowsExceptionPeriodStartTimeAfterOverallPeriodStartTime" />
    </UnitTest>
    <UnitTest name="Dft.DTRO.Tests.ServicesTests.Validations.ProvisionValidationServiceTests.ValidateProvisionDescriptionForSchema324(provisionDescription: &quot;some free text&quot;, errorCount: 0)" storage="c:\users\belgp3\onedrive - pa consulting group\documents\work\code\pa\clients\dft\dft-dtro-beta\src\dft.dtro.tests\bin\debug\net8.0\dft.dtro.tests.dll" id="80d7ad8a-5f46-7aea-ad9d-a8be3b4c5cd0">
      <Execution id="cbfbb89a-63e2-43ea-9f4a-156a07eb7434" />
      <TestMethod codeBase="C:\Users\BELGP3\OneDrive - PA Consulting Group\Documents\Work\Code\PA\Clients\DfT\dft-dtro-beta\Src\Dft.DTRO.Tests\bin\Debug\net8.0\Dft.DTRO.Tests.dll" adapterTypeName="executor://xunit/VsTestRunner3/netcore/" className="Dft.DTRO.Tests.ServicesTests.Validations.ProvisionValidationServiceTests" name="ValidateProvisionDescriptionForSchema324" />
    </UnitTest>
    <UnitTest name="Dft.DTRO.Tests.ServicesTests.Validations.RegulationValidationTests.ValidateGeneralRegulationRegulationType(regulationType: &quot;miscRoadClosureCrossingPoint&quot;, errorCount: 0)" storage="c:\users\belgp3\onedrive - pa consulting group\documents\work\code\pa\clients\dft\dft-dtro-beta\src\dft.dtro.tests\bin\debug\net8.0\dft.dtro.tests.dll" id="42b0742d-dff1-56de-95a5-e8b1c3072970">
      <Execution id="4d63625f-bfb4-4a62-9646-66563294a335" />
      <TestMethod codeBase="C:\Users\BELGP3\OneDrive - PA Consulting Group\Documents\Work\Code\PA\Clients\DfT\dft-dtro-beta\Src\Dft.DTRO.Tests\bin\Debug\net8.0\Dft.DTRO.Tests.dll" adapterTypeName="executor://xunit/VsTestRunner3/netcore/" className="Dft.DTRO.Tests.ServicesTests.Validations.RegulationValidationTests" name="ValidateGeneralRegulationRegulationType" />
    </UnitTest>
    <UnitTest name="Dft.DTRO.Tests.ServicesTests.DTROs.GetDtrosTests.GetDtrosAsyncReturnsRecords(traCode: 3300, startDate: &quot;2025-01-21 16:21:26&quot;, endDate: &quot;2025-01-23 11:02:41&quot;, records: 2)" storage="c:\users\belgp3\onedrive - pa consulting group\documents\work\code\pa\clients\dft\dft-dtro-beta\src\dft.dtro.tests\bin\debug\net8.0\dft.dtro.tests.dll" id="7868f79c-2e29-93aa-c0ab-f4ef2134f009">
      <Execution id="343d3e38-fff0-403f-9aad-f98a4563bb96" />
      <TestMethod codeBase="C:\Users\BELGP3\OneDrive - PA Consulting Group\Documents\Work\Code\PA\Clients\DfT\dft-dtro-beta\Src\Dft.DTRO.Tests\bin\Debug\net8.0\Dft.DTRO.Tests.dll" adapterTypeName="executor://xunit/VsTestRunner3/netcore/" className="Dft.DTRO.Tests.ServicesTests.DTROs.GetDtrosTests" name="GetDtrosAsyncReturnsRecords" />
    </UnitTest>
    <UnitTest name="Dft.DTRO.Tests.ServicesTests.Validations.RateLineValidationServiceTests.ValidateRateLineDuration(conditionType: &quot;Condition&quot;, description: &quot;&quot;, errorCount: 1)" storage="c:\users\belgp3\onedrive - pa consulting group\documents\work\code\pa\clients\dft\dft-dtro-beta\src\dft.dtro.tests\bin\debug\net8.0\dft.dtro.tests.dll" id="3d8965fa-8ba4-35da-5ad7-3f4171e2f174">
      <Execution id="71910577-70be-4b05-a0ed-4ad95e0af56c" />
      <TestMethod codeBase="C:\Users\BELGP3\OneDrive - PA Consulting Group\Documents\Work\Code\PA\Clients\DfT\dft-dtro-beta\Src\Dft.DTRO.Tests\bin\Debug\net8.0\Dft.DTRO.Tests.dll" adapterTypeName="executor://xunit/VsTestRunner3/netcore/" className="Dft.DTRO.Tests.ServicesTests.Validations.RateLineValidationServiceTests" name="ValidateRateLineDuration" />
    </UnitTest>
    <UnitTest name="Dft.DTRO.Tests.ServicesTests.Validations.JsonLogicValidationTests.AllowWidthCharacteristicValidForRegulationTypeDimensionMaximumWidth" storage="c:\users\belgp3\onedrive - pa consulting group\documents\work\code\pa\clients\dft\dft-dtro-beta\src\dft.dtro.tests\bin\debug\net8.0\dft.dtro.tests.dll" id="a2c3751e-e97e-0e48-739d-74dbb492c206">
      <Execution id="68ed1d24-3616-40de-a010-8c971ba92cfb" />
      <TestMethod codeBase="C:\Users\BELGP3\OneDrive - PA Consulting Group\Documents\Work\Code\PA\Clients\DfT\dft-dtro-beta\Src\Dft.DTRO.Tests\bin\Debug\net8.0\Dft.DTRO.Tests.dll" adapterTypeName="executor://xunit/VsTestRunner3/netcore/" className="Dft.DTRO.Tests.ServicesTests.Validations.JsonLogicValidationTests" name="AllowWidthCharacteristicValidForRegulationTypeDimensionMaximumWidth" />
    </UnitTest>
    <UnitTest name="Dft.DTRO.Tests.ServicesTests.Validations.JsonLogicValidationTests.AllowsRecurringTimePeriodOfDayToBeEmpty" storage="c:\users\belgp3\onedrive - pa consulting group\documents\work\code\pa\clients\dft\dft-dtro-beta\src\dft.dtro.tests\bin\debug\net8.0\dft.dtro.tests.dll" id="1df00054-a3a6-324e-3fe9-e6d9c1e30f8e">
      <Execution id="ecd2d9f3-69f5-464f-8c6c-be6b85c3f586" />
      <TestMethod codeBase="C:\Users\BELGP3\OneDrive - PA Consulting Group\Documents\Work\Code\PA\Clients\DfT\dft-dtro-beta\Src\Dft.DTRO.Tests\bin\Debug\net8.0\Dft.DTRO.Tests.dll" adapterTypeName="executor://xunit/VsTestRunner3/netcore/" className="Dft.DTRO.Tests.ServicesTests.Validations.JsonLogicValidationTests" name="AllowsRecurringTimePeriodOfDayToBeEmpty" />
    </UnitTest>
    <UnitTest name="Dft.DTRO.Tests.CodeiumTests.Metrics.Controller.MetricsControllerTests.HealthDatabase_ReturnsStatusCode404_WhenDatabaseIsNotAvailable" storage="c:\users\belgp3\onedrive - pa consulting group\documents\work\code\pa\clients\dft\dft-dtro-beta\src\dft.dtro.tests\bin\debug\net8.0\dft.dtro.tests.dll" id="34402069-9725-2ac3-6c22-cb22182c1896">
      <Execution id="96114f67-ddef-4168-ae33-904b1c6fcba5" />
      <TestMethod codeBase="C:\Users\BELGP3\OneDrive - PA Consulting Group\Documents\Work\Code\PA\Clients\DfT\dft-dtro-beta\Src\Dft.DTRO.Tests\bin\Debug\net8.0\Dft.DTRO.Tests.dll" adapterTypeName="executor://xunit/VsTestRunner3/netcore/" className="Dft.DTRO.Tests.CodeiumTests.Metrics.Controller.MetricsControllerTests" name="HealthDatabase_ReturnsStatusCode404_WhenDatabaseIsNotAvailable" />
    </UnitTest>
    <UnitTest name="Dft.DTRO.Tests.ServicesTests.Validations.ExternalReferenceValidationServiceTests.ValidateNoExternalReferencesWithDifferentGeometries" storage="c:\users\belgp3\onedrive - pa consulting group\documents\work\code\pa\clients\dft\dft-dtro-beta\src\dft.dtro.tests\bin\debug\net8.0\dft.dtro.tests.dll" id="94c40f26-fb01-c841-bd9c-f0c72607b071">
      <Execution id="9df192c1-5b87-46ca-90be-015264f88346" />
      <TestMethod codeBase="C:\Users\BELGP3\OneDrive - PA Consulting Group\Documents\Work\Code\PA\Clients\DfT\dft-dtro-beta\Src\Dft.DTRO.Tests\bin\Debug\net8.0\Dft.DTRO.Tests.dll" adapterTypeName="executor://xunit/VsTestRunner3/netcore/" className="Dft.DTRO.Tests.ServicesTests.Validations.ExternalReferenceValidationServiceTests" name="ValidateNoExternalReferencesWithDifferentGeometries" />
    </UnitTest>
    <UnitTest name="Dft.DTRO.Tests.ServicesTests.Validations.ProvisionValidationServiceTests.ValidateProvisionOrderReportingPointTypeForSchema324(orderReportingPointType: &quot;variationByNotice&quot;, errorCount: 0)" storage="c:\users\belgp3\onedrive - pa consulting group\documents\work\code\pa\clients\dft\dft-dtro-beta\src\dft.dtro.tests\bin\debug\net8.0\dft.dtro.tests.dll" id="7599dcb1-9549-1a81-282d-0480debc06a6">
      <Execution id="854b8aff-0f2f-46ca-86d3-7add066736a8" />
      <TestMethod codeBase="C:\Users\BELGP3\OneDrive - PA Consulting Group\Documents\Work\Code\PA\Clients\DfT\dft-dtro-beta\Src\Dft.DTRO.Tests\bin\Debug\net8.0\Dft.DTRO.Tests.dll" adapterTypeName="executor://xunit/VsTestRunner3/netcore/" className="Dft.DTRO.Tests.ServicesTests.Validations.ProvisionValidationServiceTests" name="ValidateProvisionOrderReportingPointTypeForSchema324" />
    </UnitTest>
    <UnitTest name="Dft.DTRO.Tests.ServicesTests.Validations.ProvisionValidationServiceTests.ValidateProvisionOrderReportingPointTypeForSchema330(orderReportingPointType: &quot;experimentalRevocation&quot;, errorCount: 0)" storage="c:\users\belgp3\onedrive - pa consulting group\documents\work\code\pa\clients\dft\dft-dtro-beta\src\dft.dtro.tests\bin\debug\net8.0\dft.dtro.tests.dll" id="83549ff6-8e0a-13c8-8f13-d47d340f5166">
      <Execution id="2b9888a1-4297-428c-8705-7c89915f77c1" />
      <TestMethod codeBase="C:\Users\BELGP3\OneDrive - PA Consulting Group\Documents\Work\Code\PA\Clients\DfT\dft-dtro-beta\Src\Dft.DTRO.Tests\bin\Debug\net8.0\Dft.DTRO.Tests.dll" adapterTypeName="executor://xunit/VsTestRunner3/netcore/" className="Dft.DTRO.Tests.ServicesTests.Validations.ProvisionValidationServiceTests" name="ValidateProvisionOrderReportingPointTypeForSchema330" />
    </UnitTest>
    <UnitTest name="Dft.DTRO.Tests.ServicesTests.Validations.GeometryValidationServiceTests.ValidatePointGeometryRepresentation(representation: &quot;centreLinePoint&quot;, schemaVersion: &quot;3.3.0&quot;, errorCount: 0)" storage="c:\users\belgp3\onedrive - pa consulting group\documents\work\code\pa\clients\dft\dft-dtro-beta\src\dft.dtro.tests\bin\debug\net8.0\dft.dtro.tests.dll" id="e5c7784a-4659-b321-edce-14a7bbafc6f2">
      <Execution id="1f55cf83-662e-42ff-aab1-23693391cc19" />
      <TestMethod codeBase="C:\Users\BELGP3\OneDrive - PA Consulting Group\Documents\Work\Code\PA\Clients\DfT\dft-dtro-beta\Src\Dft.DTRO.Tests\bin\Debug\net8.0\Dft.DTRO.Tests.dll" adapterTypeName="executor://xunit/VsTestRunner3/netcore/" className="Dft.DTRO.Tests.ServicesTests.Validations.GeometryValidationServiceTests" name="ValidatePointGeometryRepresentation" />
    </UnitTest>
    <UnitTest name="Dft.DTRO.Tests.ServicesTests.Validations.JsonLogicValidationTests.DisallowsExceptionPeriodEndTimeBeforeStartTime" storage="c:\users\belgp3\onedrive - pa consulting group\documents\work\code\pa\clients\dft\dft-dtro-beta\src\dft.dtro.tests\bin\debug\net8.0\dft.dtro.tests.dll" id="62be7d6b-02cd-c0ec-4254-2532cbc87c8f">
      <Execution id="9f0bc8c6-b21c-4bf4-b82d-741c4d5a1595" />
      <TestMethod codeBase="C:\Users\BELGP3\OneDrive - PA Consulting Group\Documents\Work\Code\PA\Clients\DfT\dft-dtro-beta\Src\Dft.DTRO.Tests\bin\Debug\net8.0\Dft.DTRO.Tests.dll" adapterTypeName="executor://xunit/VsTestRunner3/netcore/" className="Dft.DTRO.Tests.ServicesTests.Validations.JsonLogicValidationTests" name="DisallowsExceptionPeriodEndTimeBeforeStartTime" />
    </UnitTest>
    <UnitTest name="Dft.DTRO.Tests.ServicesTests.Application.ApplicationServiceTests.GetApplicationDetailsShouldReturnApplicationDetails" storage="c:\users\belgp3\onedrive - pa consulting group\documents\work\code\pa\clients\dft\dft-dtro-beta\src\dft.dtro.tests\bin\debug\net8.0\dft.dtro.tests.dll" id="1a191344-ded8-546b-120e-97eb848fe9d1">
      <Execution id="4e800116-9b05-47c6-853a-2e0a37f82258" />
      <TestMethod codeBase="C:\Users\BELGP3\OneDrive - PA Consulting Group\Documents\Work\Code\PA\Clients\DfT\dft-dtro-beta\Src\Dft.DTRO.Tests\bin\Debug\net8.0\Dft.DTRO.Tests.dll" adapterTypeName="executor://xunit/VsTestRunner3/netcore/" className="Dft.DTRO.Tests.ServicesTests.Application.ApplicationServiceTests" name="GetApplicationDetailsShouldReturnApplicationDetails" />
    </UnitTest>
    <UnitTest name="Dft.DTRO.Tests.CodeiumTests.Rules.Service.RuleTemplateServiceTests.GetRuleTemplateByIdAsync_NotFound" storage="c:\users\belgp3\onedrive - pa consulting group\documents\work\code\pa\clients\dft\dft-dtro-beta\src\dft.dtro.tests\bin\debug\net8.0\dft.dtro.tests.dll" id="f3a9aa7a-518a-5dfe-ca36-bc0dd5e5c494">
      <Execution id="28193745-9a1e-4c5c-b75b-6dc14b437553" />
      <TestMethod codeBase="C:\Users\BELGP3\OneDrive - PA Consulting Group\Documents\Work\Code\PA\Clients\DfT\dft-dtro-beta\Src\Dft.DTRO.Tests\bin\Debug\net8.0\Dft.DTRO.Tests.dll" adapterTypeName="executor://xunit/VsTestRunner3/netcore/" className="Dft.DTRO.Tests.CodeiumTests.Rules.Service.RuleTemplateServiceTests" name="GetRuleTemplateByIdAsync_NotFound" />
    </UnitTest>
    <UnitTest name="Dft.DTRO.Tests.ServicesTests.Validations.RegulationValidationTests.ValidateRegulationOffListRegulationRegulationFullText(regulationFullText: &quot;&quot;, errorCount: 1)" storage="c:\users\belgp3\onedrive - pa consulting group\documents\work\code\pa\clients\dft\dft-dtro-beta\src\dft.dtro.tests\bin\debug\net8.0\dft.dtro.tests.dll" id="dbbf981d-9cd3-a048-ada5-c6a73d25f10b">
      <Execution id="7a1c4376-bfad-47f6-adf5-482b84481ee0" />
      <TestMethod codeBase="C:\Users\BELGP3\OneDrive - PA Consulting Group\Documents\Work\Code\PA\Clients\DfT\dft-dtro-beta\Src\Dft.DTRO.Tests\bin\Debug\net8.0\Dft.DTRO.Tests.dll" adapterTypeName="executor://xunit/VsTestRunner3/netcore/" className="Dft.DTRO.Tests.ServicesTests.Validations.RegulationValidationTests" name="ValidateRegulationOffListRegulationRegulationFullText" />
    </UnitTest>
    <UnitTest name="Dft.DTRO.Tests.ServicesTests.Validations.RateLineValidationServiceTests.ValidateRateLineDurationStart(conditionType: &quot;Condition&quot;, durationStart: 0, errorCount: 1)" storage="c:\users\belgp3\onedrive - pa consulting group\documents\work\code\pa\clients\dft\dft-dtro-beta\src\dft.dtro.tests\bin\debug\net8.0\dft.dtro.tests.dll" id="4f104680-9c20-5310-9157-5c68ac7b0119">
      <Execution id="58ffa1ca-4b8d-4079-ae91-8785a53715a6" />
      <TestMethod codeBase="C:\Users\BELGP3\OneDrive - PA Consulting Group\Documents\Work\Code\PA\Clients\DfT\dft-dtro-beta\Src\Dft.DTRO.Tests\bin\Debug\net8.0\Dft.DTRO.Tests.dll" adapterTypeName="executor://xunit/VsTestRunner3/netcore/" className="Dft.DTRO.Tests.ServicesTests.Validations.RateLineValidationServiceTests" name="ValidateRateLineDurationStart" />
    </UnitTest>
    <UnitTest name="Dft.DTRO.Tests.ControllerTests.DTROsControllerTests.CreateFromFileThrowsNotFoundException" storage="c:\users\belgp3\onedrive - pa consulting group\documents\work\code\pa\clients\dft\dft-dtro-beta\src\dft.dtro.tests\bin\debug\net8.0\dft.dtro.tests.dll" id="214486a2-edab-4257-1f0d-42828c9203ef">
      <Execution id="77f4f08d-6160-4896-b265-1c0648b9fdd2" />
      <TestMethod codeBase="C:\Users\BELGP3\OneDrive - PA Consulting Group\Documents\Work\Code\PA\Clients\DfT\dft-dtro-beta\Src\Dft.DTRO.Tests\bin\Debug\net8.0\Dft.DTRO.Tests.dll" adapterTypeName="executor://xunit/VsTestRunner3/netcore/" className="Dft.DTRO.Tests.ControllerTests.DTROsControllerTests" name="CreateFromFileThrowsNotFoundException" />
    </UnitTest>
    <UnitTest name="Dft.DTRO.Tests.CodeiumTests.Metrics.Service.MetricsServiceTests.IncrementMetric_Submission_ReturnsTrue" storage="c:\users\belgp3\onedrive - pa consulting group\documents\work\code\pa\clients\dft\dft-dtro-beta\src\dft.dtro.tests\bin\debug\net8.0\dft.dtro.tests.dll" id="2c4979d1-dc0c-a5f4-9bbe-9b57c0a4993f">
      <Execution id="d8a104c8-db7f-4897-a0b8-90953b3d7cd2" />
      <TestMethod codeBase="C:\Users\BELGP3\OneDrive - PA Consulting Group\Documents\Work\Code\PA\Clients\DfT\dft-dtro-beta\Src\Dft.DTRO.Tests\bin\Debug\net8.0\Dft.DTRO.Tests.dll" adapterTypeName="executor://xunit/VsTestRunner3/netcore/" className="Dft.DTRO.Tests.CodeiumTests.Metrics.Service.MetricsServiceTests" name="IncrementMetric_Submission_ReturnsTrue" />
    </UnitTest>
    <UnitTest name="Dft.DTRO.Tests.ServicesTests.Validations.RateLineCollectionValidationServiceTests.ValidateRateLineCollectionEndValidUsagePeriod(conditionType: &quot;ConditionSet&quot;, endValidUsagePeriod: &quot;2024-12-10T09:00:00&quot;, errorCount: 0)" storage="c:\users\belgp3\onedrive - pa consulting group\documents\work\code\pa\clients\dft\dft-dtro-beta\src\dft.dtro.tests\bin\debug\net8.0\dft.dtro.tests.dll" id="12cc7e13-dec9-8a97-4964-40bdb73f0d1a">
      <Execution id="5c88fced-d047-4e64-8196-fd86f7f59436" />
      <TestMethod codeBase="C:\Users\BELGP3\OneDrive - PA Consulting Group\Documents\Work\Code\PA\Clients\DfT\dft-dtro-beta\Src\Dft.DTRO.Tests\bin\Debug\net8.0\Dft.DTRO.Tests.dll" adapterTypeName="executor://xunit/VsTestRunner3/netcore/" className="Dft.DTRO.Tests.ServicesTests.Validations.RateLineCollectionValidationServiceTests" name="ValidateRateLineCollectionEndValidUsagePeriod" />
    </UnitTest>
    <UnitTest name="Dft.DTRO.Tests.ServicesTests.Validations.GeometryValidationServiceTests.ValidateDirectedLinear(directedLineString: &quot;SRID=27700;LINESTRING(529050 178750, -117.120813 3&quot;···, errorCount: 1)" storage="c:\users\belgp3\onedrive - pa consulting group\documents\work\code\pa\clients\dft\dft-dtro-beta\src\dft.dtro.tests\bin\debug\net8.0\dft.dtro.tests.dll" id="f2bcaa66-f6a7-46a5-b774-44acc3e14086">
      <Execution id="0b185ccc-ce72-430f-b00d-15118404637c" />
      <TestMethod codeBase="C:\Users\BELGP3\OneDrive - PA Consulting Group\Documents\Work\Code\PA\Clients\DfT\dft-dtro-beta\Src\Dft.DTRO.Tests\bin\Debug\net8.0\Dft.DTRO.Tests.dll" adapterTypeName="executor://xunit/VsTestRunner3/netcore/" className="Dft.DTRO.Tests.ServicesTests.Validations.GeometryValidationServiceTests" name="ValidateDirectedLinear" />
    </UnitTest>
    <UnitTest name="Dft.DTRO.Tests.ServicesTests.Validations.SemanticValidationServiceTests.AllowsCoordinatesWithinPointGeometry(version: &quot;3.2.4&quot;)" storage="c:\users\belgp3\onedrive - pa consulting group\documents\work\code\pa\clients\dft\dft-dtro-beta\src\dft.dtro.tests\bin\debug\net8.0\dft.dtro.tests.dll" id="e470f79b-9e9f-5960-8cb5-84db82caf7e3">
      <Execution id="65df483c-2e9b-4e67-8174-c0e5d35c9951" />
      <TestMethod codeBase="C:\Users\BELGP3\OneDrive - PA Consulting Group\Documents\Work\Code\PA\Clients\DfT\dft-dtro-beta\Src\Dft.DTRO.Tests\bin\Debug\net8.0\Dft.DTRO.Tests.dll" adapterTypeName="executor://xunit/VsTestRunner3/netcore/" className="Dft.DTRO.Tests.ServicesTests.Validations.SemanticValidationServiceTests" name="AllowsCoordinatesWithinPointGeometry" />
    </UnitTest>
    <UnitTest name="Dft.DTRO.Tests.ServicesTests.Validations.JsonLogicValidationTests.AllowsExceptionPeriodStartTimeBeforeEndTime" storage="c:\users\belgp3\onedrive - pa consulting group\documents\work\code\pa\clients\dft\dft-dtro-beta\src\dft.dtro.tests\bin\debug\net8.0\dft.dtro.tests.dll" id="3f7370d9-6d5c-ccce-6275-768ad1059992">
      <Execution id="2eab6810-95ec-4379-9cef-75ec28df5953" />
      <TestMethod codeBase="C:\Users\BELGP3\OneDrive - PA Consulting Group\Documents\Work\Code\PA\Clients\DfT\dft-dtro-beta\Src\Dft.DTRO.Tests\bin\Debug\net8.0\Dft.DTRO.Tests.dll" adapterTypeName="executor://xunit/VsTestRunner3/netcore/" className="Dft.DTRO.Tests.ServicesTests.Validations.JsonLogicValidationTests" name="AllowsExceptionPeriodStartTimeBeforeEndTime" />
    </UnitTest>
    <UnitTest name="Dft.DTRO.Tests.ServicesTests.Validations.RegulationValidationTests.ValidateRegulationTimeZone(timeZone: null, errorCount: 1)" storage="c:\users\belgp3\onedrive - pa consulting group\documents\work\code\pa\clients\dft\dft-dtro-beta\src\dft.dtro.tests\bin\debug\net8.0\dft.dtro.tests.dll" id="90342312-d6d3-e06d-f8df-ea70b88589af">
      <Execution id="520266bd-c2d6-4ad4-8244-2d82fc0b58aa" />
      <TestMethod codeBase="C:\Users\BELGP3\OneDrive - PA Consulting Group\Documents\Work\Code\PA\Clients\DfT\dft-dtro-beta\Src\Dft.DTRO.Tests\bin\Debug\net8.0\Dft.DTRO.Tests.dll" adapterTypeName="executor://xunit/VsTestRunner3/netcore/" className="Dft.DTRO.Tests.ServicesTests.Validations.RegulationValidationTests" name="ValidateRegulationTimeZone" />
    </UnitTest>
    <UnitTest name="Dft.DTRO.Tests.ServicesTests.Validations.SourceValidationServiceTests.ValidateSourceTraAffected(version: &quot;3.2.4&quot;, traAffected: &quot;&quot;, errorCount: 1)" storage="c:\users\belgp3\onedrive - pa consulting group\documents\work\code\pa\clients\dft\dft-dtro-beta\src\dft.dtro.tests\bin\debug\net8.0\dft.dtro.tests.dll" id="f5f7604d-a744-6e67-dc35-b7f43ec2ee0e">
      <Execution id="ce58e1cc-b9f4-452a-89ba-b72cc31ffd6d" />
      <TestMethod codeBase="C:\Users\BELGP3\OneDrive - PA Consulting Group\Documents\Work\Code\PA\Clients\DfT\dft-dtro-beta\Src\Dft.DTRO.Tests\bin\Debug\net8.0\Dft.DTRO.Tests.dll" adapterTypeName="executor://xunit/VsTestRunner3/netcore/" className="Dft.DTRO.Tests.ServicesTests.Validations.SourceValidationServiceTests" name="ValidateSourceTraAffected" />
    </UnitTest>
    <UnitTest name="Dft.DTRO.Tests.ServicesTests.Validations.GeometryValidationServiceTests.ValidateLinearGeometryDirection(direction: &quot;wrong&quot;, schemaVersion: &quot;3.3.0&quot;, errorCount: 1)" storage="c:\users\belgp3\onedrive - pa consulting group\documents\work\code\pa\clients\dft\dft-dtro-beta\src\dft.dtro.tests\bin\debug\net8.0\dft.dtro.tests.dll" id="ba8f2ff2-6fa5-8687-f623-4129a8623f1d">
      <Execution id="f7f9f11d-f4af-49c3-9952-7b439402aef6" />
      <TestMethod codeBase="C:\Users\BELGP3\OneDrive - PA Consulting Group\Documents\Work\Code\PA\Clients\DfT\dft-dtro-beta\Src\Dft.DTRO.Tests\bin\Debug\net8.0\Dft.DTRO.Tests.dll" adapterTypeName="executor://xunit/VsTestRunner3/netcore/" className="Dft.DTRO.Tests.ServicesTests.Validations.GeometryValidationServiceTests" name="ValidateLinearGeometryDirection" />
    </UnitTest>
    <UnitTest name="Dft.DTRO.Tests.ServicesTests.Validations.ElementaryStreetUnitValidationServiceTests.ValidateElementStreetUnitMultipleIncorrectEsu" storage="c:\users\belgp3\onedrive - pa consulting group\documents\work\code\pa\clients\dft\dft-dtro-beta\src\dft.dtro.tests\bin\debug\net8.0\dft.dtro.tests.dll" id="690f8627-561d-14e0-e478-0b8095ffe5c7">
      <Execution id="ecfb57da-2a3b-44be-99d0-e17f4c6e5fb4" />
      <TestMethod codeBase="C:\Users\BELGP3\OneDrive - PA Consulting Group\Documents\Work\Code\PA\Clients\DfT\dft-dtro-beta\Src\Dft.DTRO.Tests\bin\Debug\net8.0\Dft.DTRO.Tests.dll" adapterTypeName="executor://xunit/VsTestRunner3/netcore/" className="Dft.DTRO.Tests.ServicesTests.Validations.ElementaryStreetUnitValidationServiceTests" name="ValidateElementStreetUnitMultipleIncorrectEsu" />
    </UnitTest>
    <UnitTest name="Dft.DTRO.Tests.ServicesTests.Validations.RegulationValidationTests.ValidateSpeedLimitValueBasedSpeedValue(mphValue: 30, errorCount: 0)" storage="c:\users\belgp3\onedrive - pa consulting group\documents\work\code\pa\clients\dft\dft-dtro-beta\src\dft.dtro.tests\bin\debug\net8.0\dft.dtro.tests.dll" id="796dd29b-920d-9a6d-93aa-d2be6399ae9b">
      <Execution id="b764b0ad-7d88-469f-ab37-129fef0416f1" />
      <TestMethod codeBase="C:\Users\BELGP3\OneDrive - PA Consulting Group\Documents\Work\Code\PA\Clients\DfT\dft-dtro-beta\Src\Dft.DTRO.Tests\bin\Debug\net8.0\Dft.DTRO.Tests.dll" adapterTypeName="executor://xunit/VsTestRunner3/netcore/" className="Dft.DTRO.Tests.ServicesTests.Validations.RegulationValidationTests" name="ValidateSpeedLimitValueBasedSpeedValue" />
    </UnitTest>
    <UnitTest name="Dft.DTRO.Tests.ServicesTests.Validations.RateLineValidationServiceTests.ValidateRateLineRateUsageConditionType(conditionType: &quot;Condition&quot;, usageCondition: &quot;unknown&quot;, errorCount: 1)" storage="c:\users\belgp3\onedrive - pa consulting group\documents\work\code\pa\clients\dft\dft-dtro-beta\src\dft.dtro.tests\bin\debug\net8.0\dft.dtro.tests.dll" id="6ea98504-07b6-79b4-9267-d77e7ed1c073">
      <Execution id="86b69043-61f9-44c7-a571-9796a2983bb9" />
      <TestMethod codeBase="C:\Users\BELGP3\OneDrive - PA Consulting Group\Documents\Work\Code\PA\Clients\DfT\dft-dtro-beta\Src\Dft.DTRO.Tests\bin\Debug\net8.0\Dft.DTRO.Tests.dll" adapterTypeName="executor://xunit/VsTestRunner3/netcore/" className="Dft.DTRO.Tests.ServicesTests.Validations.RateLineValidationServiceTests" name="ValidateRateLineRateUsageConditionType" />
    </UnitTest>
    <UnitTest name="Dft.DTRO.Tests.ServicesTests.Validations.RateLineCollectionValidationServiceTests.ValidateRateLineCollectionStartValidUsagePeriod(conditionType: &quot;Condition&quot;, startValidUsagePeriod: &quot;bad-date-time&quot;, errorCount: 1)" storage="c:\users\belgp3\onedrive - pa consulting group\documents\work\code\pa\clients\dft\dft-dtro-beta\src\dft.dtro.tests\bin\debug\net8.0\dft.dtro.tests.dll" id="665f7bb5-b6c7-3d77-8d2e-d8c86b15ba55">
      <Execution id="61ac4459-24fc-45b4-91a6-8d13e5a8ea2c" />
      <TestMethod codeBase="C:\Users\BELGP3\OneDrive - PA Consulting Group\Documents\Work\Code\PA\Clients\DfT\dft-dtro-beta\Src\Dft.DTRO.Tests\bin\Debug\net8.0\Dft.DTRO.Tests.dll" adapterTypeName="executor://xunit/VsTestRunner3/netcore/" className="Dft.DTRO.Tests.ServicesTests.Validations.RateLineCollectionValidationServiceTests" name="ValidateRateLineCollectionStartValidUsagePeriod" />
    </UnitTest>
    <UnitTest name="Dft.DTRO.Tests.ServicesTests.DTROs.GetDtrosTests.GetDtrosAsyncReturnsRecords(traCode: 5000, startDate: &quot;2025-01-21 16:21:26&quot;, endDate: &quot;2025-01-24 11:02:41&quot;, records: 4)" storage="c:\users\belgp3\onedrive - pa consulting group\documents\work\code\pa\clients\dft\dft-dtro-beta\src\dft.dtro.tests\bin\debug\net8.0\dft.dtro.tests.dll" id="25fcc127-0500-ffa9-1c68-d559fb8a1e18">
      <Execution id="bfded9cc-9f69-42d2-af21-11572bb9dc45" />
      <TestMethod codeBase="C:\Users\BELGP3\OneDrive - PA Consulting Group\Documents\Work\Code\PA\Clients\DfT\dft-dtro-beta\Src\Dft.DTRO.Tests\bin\Debug\net8.0\Dft.DTRO.Tests.dll" adapterTypeName="executor://xunit/VsTestRunner3/netcore/" className="Dft.DTRO.Tests.ServicesTests.DTROs.GetDtrosTests" name="GetDtrosAsyncReturnsRecords" />
    </UnitTest>
    <UnitTest name="Dft.DTRO.Tests.ServicesTests.Validations.ConditionValidationServiceTests.ValidateConditionReturnsErrorsWhenOneConditionIsPresentButIsWrong" storage="c:\users\belgp3\onedrive - pa consulting group\documents\work\code\pa\clients\dft\dft-dtro-beta\src\dft.dtro.tests\bin\debug\net8.0\dft.dtro.tests.dll" id="758fa9d0-6172-6e35-35a2-29bd230f8472">
      <Execution id="1e310178-4e26-4eab-a80f-e120d09f2837" />
      <TestMethod codeBase="C:\Users\BELGP3\OneDrive - PA Consulting Group\Documents\Work\Code\PA\Clients\DfT\dft-dtro-beta\Src\Dft.DTRO.Tests\bin\Debug\net8.0\Dft.DTRO.Tests.dll" adapterTypeName="executor://xunit/VsTestRunner3/netcore/" className="Dft.DTRO.Tests.ServicesTests.Validations.ConditionValidationServiceTests" name="ValidateConditionReturnsErrorsWhenOneConditionIsPresentButIsWrong" />
    </UnitTest>
    <UnitTest name="Dft.DTRO.Tests.ServicesTests.Validations.RegulationValidationTests.ValidateGeneralRegulationRegulationType(regulationType: &quot;bannedMovementNoEntry&quot;, errorCount: 0)" storage="c:\users\belgp3\onedrive - pa consulting group\documents\work\code\pa\clients\dft\dft-dtro-beta\src\dft.dtro.tests\bin\debug\net8.0\dft.dtro.tests.dll" id="5bdac0e3-e2e6-ae35-1395-88a49fa41a4e">
      <Execution id="f899c86f-f01f-4af9-bddf-ce485730e916" />
      <TestMethod codeBase="C:\Users\BELGP3\OneDrive - PA Consulting Group\Documents\Work\Code\PA\Clients\DfT\dft-dtro-beta\Src\Dft.DTRO.Tests\bin\Debug\net8.0\Dft.DTRO.Tests.dll" adapterTypeName="executor://xunit/VsTestRunner3/netcore/" className="Dft.DTRO.Tests.ServicesTests.Validations.RegulationValidationTests" name="ValidateGeneralRegulationRegulationType" />
    </UnitTest>
    <UnitTest name="Dft.DTRO.Tests.ServicesTests.Validations.RegulationValidationTests.ValidateGeneralRegulationRegulationType(regulationType: &quot;mandatoryDirectionLeftTurnOnly&quot;, errorCount: 0)" storage="c:\users\belgp3\onedrive - pa consulting group\documents\work\code\pa\clients\dft\dft-dtro-beta\src\dft.dtro.tests\bin\debug\net8.0\dft.dtro.tests.dll" id="3ba850b3-02c9-45d9-9f8c-ee8c0cf88ad3">
      <Execution id="79866938-f6b5-423c-8aa9-8516daa3b61b" />
      <TestMethod codeBase="C:\Users\BELGP3\OneDrive - PA Consulting Group\Documents\Work\Code\PA\Clients\DfT\dft-dtro-beta\Src\Dft.DTRO.Tests\bin\Debug\net8.0\Dft.DTRO.Tests.dll" adapterTypeName="executor://xunit/VsTestRunner3/netcore/" className="Dft.DTRO.Tests.ServicesTests.Validations.RegulationValidationTests" name="ValidateGeneralRegulationRegulationType" />
    </UnitTest>
    <UnitTest name="Dft.DTRO.Tests.ServicesTests.Validations.RateTableValidationServiceTests.ValidateRateTableRateType(rateType: &quot;unknown&quot;, errorCount: 1)" storage="c:\users\belgp3\onedrive - pa consulting group\documents\work\code\pa\clients\dft\dft-dtro-beta\src\dft.dtro.tests\bin\debug\net8.0\dft.dtro.tests.dll" id="d7208133-a589-45e3-ff44-627def45f557">
      <Execution id="2e21c422-a1c2-45d9-8e7a-86871b1b6732" />
      <TestMethod codeBase="C:\Users\BELGP3\OneDrive - PA Consulting Group\Documents\Work\Code\PA\Clients\DfT\dft-dtro-beta\Src\Dft.DTRO.Tests\bin\Debug\net8.0\Dft.DTRO.Tests.dll" adapterTypeName="executor://xunit/VsTestRunner3/netcore/" className="Dft.DTRO.Tests.ServicesTests.Validations.RateTableValidationServiceTests" name="ValidateRateTableRateType" />
    </UnitTest>
    <UnitTest name="DfT.DTRO.Tests.CodeiumTests.Integration.SchemaController_Codeium_Tests.DeleteSchema_ThrowsUnexpectedException_ReturnsInternalServerError" storage="c:\users\belgp3\onedrive - pa consulting group\documents\work\code\pa\clients\dft\dft-dtro-beta\src\dft.dtro.tests\bin\debug\net8.0\dft.dtro.tests.dll" id="f682192e-9120-4cf1-3523-5a612640d91f">
      <Execution id="866d3bef-3ebd-48fa-9f1a-68127bc722c6" />
      <TestMethod codeBase="C:\Users\BELGP3\OneDrive - PA Consulting Group\Documents\Work\Code\PA\Clients\DfT\dft-dtro-beta\Src\Dft.DTRO.Tests\bin\Debug\net8.0\Dft.DTRO.Tests.dll" adapterTypeName="executor://xunit/VsTestRunner3/netcore/" className="DfT.DTRO.Tests.CodeiumTests.Integration.SchemaController_Codeium_Tests" name="DeleteSchema_ThrowsUnexpectedException_ReturnsInternalServerError" />
    </UnitTest>
    <UnitTest name="Dft.DTRO.Tests.ServicesTests.Validations.RegulationValidationTests.ValidateGeneralRegulationRegulationType(regulationType: &quot;miscFootwayClosure&quot;, errorCount: 0)" storage="c:\users\belgp3\onedrive - pa consulting group\documents\work\code\pa\clients\dft\dft-dtro-beta\src\dft.dtro.tests\bin\debug\net8.0\dft.dtro.tests.dll" id="9f206690-97bf-be5d-f642-6ef35d60ede1">
      <Execution id="43c9351e-4717-442c-9c79-936789a06a9f" />
      <TestMethod codeBase="C:\Users\BELGP3\OneDrive - PA Consulting Group\Documents\Work\Code\PA\Clients\DfT\dft-dtro-beta\Src\Dft.DTRO.Tests\bin\Debug\net8.0\Dft.DTRO.Tests.dll" adapterTypeName="executor://xunit/VsTestRunner3/netcore/" className="Dft.DTRO.Tests.ServicesTests.Validations.RegulationValidationTests" name="ValidateGeneralRegulationRegulationType" />
    </UnitTest>
    <UnitTest name="Dft.DTRO.Tests.ServicesTests.Validations.RegulationValidationTests.ValidateSpeedLimitProfileBasedSpeedType(type: &quot;nationalSpeedLimitDualCarriageway&quot;, errorCount: 0)" storage="c:\users\belgp3\onedrive - pa consulting group\documents\work\code\pa\clients\dft\dft-dtro-beta\src\dft.dtro.tests\bin\debug\net8.0\dft.dtro.tests.dll" id="314651ab-339c-c305-40cb-d2235f1359fa">
      <Execution id="3026753c-da30-4dff-8642-3af6e7d8b352" />
      <TestMethod codeBase="C:\Users\BELGP3\OneDrive - PA Consulting Group\Documents\Work\Code\PA\Clients\DfT\dft-dtro-beta\Src\Dft.DTRO.Tests\bin\Debug\net8.0\Dft.DTRO.Tests.dll" adapterTypeName="executor://xunit/VsTestRunner3/netcore/" className="Dft.DTRO.Tests.ServicesTests.Validations.RegulationValidationTests" name="ValidateSpeedLimitProfileBasedSpeedType" />
    </UnitTest>
    <UnitTest name="Dft.DTRO.Tests.ServicesTests.Validations.JsonLogicValidationTests.DisallowGrossWeightCharacteristicInvalidForRegulationTypes(regulationType: &quot;dimensionMaximumWeightEnvironmental&quot;)" storage="c:\users\belgp3\onedrive - pa consulting group\documents\work\code\pa\clients\dft\dft-dtro-beta\src\dft.dtro.tests\bin\debug\net8.0\dft.dtro.tests.dll" id="90263296-bfdd-462c-aa1a-92f4fc18ca1b">
      <Execution id="e6304395-da62-4977-bbdd-ab5f31209c46" />
      <TestMethod codeBase="C:\Users\BELGP3\OneDrive - PA Consulting Group\Documents\Work\Code\PA\Clients\DfT\dft-dtro-beta\Src\Dft.DTRO.Tests\bin\Debug\net8.0\Dft.DTRO.Tests.dll" adapterTypeName="executor://xunit/VsTestRunner3/netcore/" className="Dft.DTRO.Tests.ServicesTests.Validations.JsonLogicValidationTests" name="DisallowGrossWeightCharacteristicInvalidForRegulationTypes" />
    </UnitTest>
    <UnitTest name="Dft.DTRO.Tests.ServicesTests.Validations.ProvisionValidationServiceTests.ValidateProvisionActionTypeForSchema324(actionType: &quot;something&quot;, errorCount: 1)" storage="c:\users\belgp3\onedrive - pa consulting group\documents\work\code\pa\clients\dft\dft-dtro-beta\src\dft.dtro.tests\bin\debug\net8.0\dft.dtro.tests.dll" id="8ee66d25-5d41-12e3-281c-36532776893b">
      <Execution id="818ad62c-009e-4216-93b3-9b0a8f62f48e" />
      <TestMethod codeBase="C:\Users\BELGP3\OneDrive - PA Consulting Group\Documents\Work\Code\PA\Clients\DfT\dft-dtro-beta\Src\Dft.DTRO.Tests\bin\Debug\net8.0\Dft.DTRO.Tests.dll" adapterTypeName="executor://xunit/VsTestRunner3/netcore/" className="Dft.DTRO.Tests.ServicesTests.Validations.ProvisionValidationServiceTests" name="ValidateProvisionActionTypeForSchema324" />
    </UnitTest>
    <UnitTest name="Dft.DTRO.Tests.ServicesTests.Validations.ProvisionValidationServiceTests.ValidateMultipleProvisionReferencesForSchema324(references: [&quot;A69D75A3-FCCC-4967-A0E5-7DCB82AFBE13&quot;, &quot;A69D75A3-FCCC-4967-A0E5-7DCB82AFBE13&quot;], errorCount: 1)" storage="c:\users\belgp3\onedrive - pa consulting group\documents\work\code\pa\clients\dft\dft-dtro-beta\src\dft.dtro.tests\bin\debug\net8.0\dft.dtro.tests.dll" id="ebae6e20-506d-84d7-4f32-ea878186cbd5">
      <Execution id="cb3d3035-1430-47b8-9310-0d04294b799a" />
      <TestMethod codeBase="C:\Users\BELGP3\OneDrive - PA Consulting Group\Documents\Work\Code\PA\Clients\DfT\dft-dtro-beta\Src\Dft.DTRO.Tests\bin\Debug\net8.0\Dft.DTRO.Tests.dll" adapterTypeName="executor://xunit/VsTestRunner3/netcore/" className="Dft.DTRO.Tests.ServicesTests.Validations.ProvisionValidationServiceTests" name="ValidateMultipleProvisionReferencesForSchema324" />
    </UnitTest>
    <UnitTest name="Dft.DTRO.Tests.ServicesTests.Validations.JsonLogicValidationTests.DisallowYearOfFirstRegistrationGreaterThanCurrentYearValueInConditions" storage="c:\users\belgp3\onedrive - pa consulting group\documents\work\code\pa\clients\dft\dft-dtro-beta\src\dft.dtro.tests\bin\debug\net8.0\dft.dtro.tests.dll" id="f4fbaf98-45ec-dce5-c9d5-276d66058281">
      <Execution id="f5d7016e-2367-4d24-bb0d-1564f741734a" />
      <TestMethod codeBase="C:\Users\BELGP3\OneDrive - PA Consulting Group\Documents\Work\Code\PA\Clients\DfT\dft-dtro-beta\Src\Dft.DTRO.Tests\bin\Debug\net8.0\Dft.DTRO.Tests.dll" adapterTypeName="executor://xunit/VsTestRunner3/netcore/" className="Dft.DTRO.Tests.ServicesTests.Validations.JsonLogicValidationTests" name="DisallowYearOfFirstRegistrationGreaterThanCurrentYearValueInConditions" />
    </UnitTest>
    <UnitTest name="Dft.DTRO.Tests.ServicesTests.Validations.RateLineCollectionValidationServiceTests.ValidateRateLineCollectionApplicableCurrency(conditionType: &quot;ConditionSet&quot;, currencyType: &quot;GBP&quot;, errorCount: 0)" storage="c:\users\belgp3\onedrive - pa consulting group\documents\work\code\pa\clients\dft\dft-dtro-beta\src\dft.dtro.tests\bin\debug\net8.0\dft.dtro.tests.dll" id="9f225249-0ce8-ee81-db01-490afe7d67f4">
      <Execution id="00babc2e-fffe-45d7-9f09-70653fe3dc64" />
      <TestMethod codeBase="C:\Users\BELGP3\OneDrive - PA Consulting Group\Documents\Work\Code\PA\Clients\DfT\dft-dtro-beta\Src\Dft.DTRO.Tests\bin\Debug\net8.0\Dft.DTRO.Tests.dll" adapterTypeName="executor://xunit/VsTestRunner3/netcore/" className="Dft.DTRO.Tests.ServicesTests.Validations.RateLineCollectionValidationServiceTests" name="ValidateRateLineCollectionApplicableCurrency" />
    </UnitTest>
    <UnitTest name="Dft.DTRO.Tests.ServicesTests.Validations.SourceValidationServiceTests.ValidateSourceActionType(version: &quot;3.2.4&quot;, actionType: &quot;something&quot;, traCode: 1050, errorCount: 1)" storage="c:\users\belgp3\onedrive - pa consulting group\documents\work\code\pa\clients\dft\dft-dtro-beta\src\dft.dtro.tests\bin\debug\net8.0\dft.dtro.tests.dll" id="22241649-4695-fbc7-3422-ad937115572d">
      <Execution id="bf200248-09ed-4dcf-b762-127c2a9c32b7" />
      <TestMethod codeBase="C:\Users\BELGP3\OneDrive - PA Consulting Group\Documents\Work\Code\PA\Clients\DfT\dft-dtro-beta\Src\Dft.DTRO.Tests\bin\Debug\net8.0\Dft.DTRO.Tests.dll" adapterTypeName="executor://xunit/VsTestRunner3/netcore/" className="Dft.DTRO.Tests.ServicesTests.Validations.SourceValidationServiceTests" name="ValidateSourceActionType" />
    </UnitTest>
    <UnitTest name="Dft.DTRO.Tests.ServicesTests.Validations.ConditionValidationServiceTests.ValidateConditionReturnsErrorWhenConditionSetItPresentButHasMultipleWrongConditions" storage="c:\users\belgp3\onedrive - pa consulting group\documents\work\code\pa\clients\dft\dft-dtro-beta\src\dft.dtro.tests\bin\debug\net8.0\dft.dtro.tests.dll" id="509e3b73-5fc9-0d58-341d-adf4ecd3f36a">
      <Execution id="781232a7-6be4-47cc-b63e-d199688634b9" />
      <TestMethod codeBase="C:\Users\BELGP3\OneDrive - PA Consulting Group\Documents\Work\Code\PA\Clients\DfT\dft-dtro-beta\Src\Dft.DTRO.Tests\bin\Debug\net8.0\Dft.DTRO.Tests.dll" adapterTypeName="executor://xunit/VsTestRunner3/netcore/" className="Dft.DTRO.Tests.ServicesTests.Validations.ConditionValidationServiceTests" name="ValidateConditionReturnsErrorWhenConditionSetItPresentButHasMultipleWrongConditions" />
    </UnitTest>
    <UnitTest name="Dft.DTRO.Tests.ServicesTests.Validations.RegulationValidationTests.ValidateGeneralRegulationRegulationType(regulationType: &quot;kerbsideSchoolKeepClearYellowZigZagMandatory&quot;, errorCount: 0)" storage="c:\users\belgp3\onedrive - pa consulting group\documents\work\code\pa\clients\dft\dft-dtro-beta\src\dft.dtro.tests\bin\debug\net8.0\dft.dtro.tests.dll" id="de7366d4-3f24-1c0e-9643-aa6ab62cf820">
      <Execution id="e1912259-6481-4cb9-a471-38995f2d5b98" />
      <TestMethod codeBase="C:\Users\BELGP3\OneDrive - PA Consulting Group\Documents\Work\Code\PA\Clients\DfT\dft-dtro-beta\Src\Dft.DTRO.Tests\bin\Debug\net8.0\Dft.DTRO.Tests.dll" adapterTypeName="executor://xunit/VsTestRunner3/netcore/" className="Dft.DTRO.Tests.ServicesTests.Validations.RegulationValidationTests" name="ValidateGeneralRegulationRegulationType" />
    </UnitTest>
    <UnitTest name="Dft.DTRO.Tests.ServicesTests.Validations.RateLineValidationServiceTests.ValidateRateLineRateUsageConditionType(conditionType: &quot;Condition&quot;, usageCondition: &quot;unlimited&quot;, errorCount: 0)" storage="c:\users\belgp3\onedrive - pa consulting group\documents\work\code\pa\clients\dft\dft-dtro-beta\src\dft.dtro.tests\bin\debug\net8.0\dft.dtro.tests.dll" id="2d65f7ce-a01e-d9d8-d68d-e147214a1c49">
      <Execution id="3727423c-97b7-4ecc-8383-78eb02421b9b" />
      <TestMethod codeBase="C:\Users\BELGP3\OneDrive - PA Consulting Group\Documents\Work\Code\PA\Clients\DfT\dft-dtro-beta\Src\Dft.DTRO.Tests\bin\Debug\net8.0\Dft.DTRO.Tests.dll" adapterTypeName="executor://xunit/VsTestRunner3/netcore/" className="Dft.DTRO.Tests.ServicesTests.Validations.RateLineValidationServiceTests" name="ValidateRateLineRateUsageConditionType" />
    </UnitTest>
    <UnitTest name="Dft.DTRO.Tests.ServicesTests.Validations.RateLineValidationServiceTests.ValidateRateLineIncrementPeriod(conditionType: &quot;Condition&quot;, incrementPeriod: -1, errorCount: 1)" storage="c:\users\belgp3\onedrive - pa consulting group\documents\work\code\pa\clients\dft\dft-dtro-beta\src\dft.dtro.tests\bin\debug\net8.0\dft.dtro.tests.dll" id="d74ecddc-a2bf-cd97-505e-63c871564a79">
      <Execution id="16414720-c056-4a71-96a3-deda374b022f" />
      <TestMethod codeBase="C:\Users\BELGP3\OneDrive - PA Consulting Group\Documents\Work\Code\PA\Clients\DfT\dft-dtro-beta\Src\Dft.DTRO.Tests\bin\Debug\net8.0\Dft.DTRO.Tests.dll" adapterTypeName="executor://xunit/VsTestRunner3/netcore/" className="Dft.DTRO.Tests.ServicesTests.Validations.RateLineValidationServiceTests" name="ValidateRateLineIncrementPeriod" />
    </UnitTest>
    <UnitTest name="Dft.DTRO.Tests.ServicesTests.Validations.JsonLogicValidationTests.AllowsUniqueWeekInMonthInPeriods" storage="c:\users\belgp3\onedrive - pa consulting group\documents\work\code\pa\clients\dft\dft-dtro-beta\src\dft.dtro.tests\bin\debug\net8.0\dft.dtro.tests.dll" id="cf4510d3-32bf-acf4-c32d-94d7c6f72d7e">
      <Execution id="2f21a2ac-5ffe-46a6-bbaa-f30473800a4d" />
      <TestMethod codeBase="C:\Users\BELGP3\OneDrive - PA Consulting Group\Documents\Work\Code\PA\Clients\DfT\dft-dtro-beta\Src\Dft.DTRO.Tests\bin\Debug\net8.0\Dft.DTRO.Tests.dll" adapterTypeName="executor://xunit/VsTestRunner3/netcore/" className="Dft.DTRO.Tests.ServicesTests.Validations.JsonLogicValidationTests" name="AllowsUniqueWeekInMonthInPeriods" />
    </UnitTest>
    <UnitTest name="Dft.DTRO.Tests.ServicesTests.Validations.JsonLogicValidationTests.AllowMaxTimeAndOrMinTimeMissing" storage="c:\users\belgp3\onedrive - pa consulting group\documents\work\code\pa\clients\dft\dft-dtro-beta\src\dft.dtro.tests\bin\debug\net8.0\dft.dtro.tests.dll" id="2c3b9660-5d82-eb0b-2a22-f2f948173332">
      <Execution id="2377bb7e-0921-4bc5-bf8a-1ba86e53785e" />
      <TestMethod codeBase="C:\Users\BELGP3\OneDrive - PA Consulting Group\Documents\Work\Code\PA\Clients\DfT\dft-dtro-beta\Src\Dft.DTRO.Tests\bin\Debug\net8.0\Dft.DTRO.Tests.dll" adapterTypeName="executor://xunit/VsTestRunner3/netcore/" className="Dft.DTRO.Tests.ServicesTests.Validations.JsonLogicValidationTests" name="AllowMaxTimeAndOrMinTimeMissing" />
    </UnitTest>
    <UnitTest name="Dft.DTRO.Tests.ServicesTests.Validations.RegulationValidationTests.ValidateGeneralRegulationRegulationType(regulationType: &quot;miscCycleLaneClosure&quot;, errorCount: 0)" storage="c:\users\belgp3\onedrive - pa consulting group\documents\work\code\pa\clients\dft\dft-dtro-beta\src\dft.dtro.tests\bin\debug\net8.0\dft.dtro.tests.dll" id="8dddaf55-6ab4-003b-ed4d-847922d48b23">
      <Execution id="85add49f-0fcf-461d-bec9-eaebd621d5e9" />
      <TestMethod codeBase="C:\Users\BELGP3\OneDrive - PA Consulting Group\Documents\Work\Code\PA\Clients\DfT\dft-dtro-beta\Src\Dft.DTRO.Tests\bin\Debug\net8.0\Dft.DTRO.Tests.dll" adapterTypeName="executor://xunit/VsTestRunner3/netcore/" className="Dft.DTRO.Tests.ServicesTests.Validations.RegulationValidationTests" name="ValidateGeneralRegulationRegulationType" />
    </UnitTest>
    <UnitTest name="Dft.DTRO.Tests.ServicesTests.Validations.RegulationValidationTests.ValidateSpeedLimitProfileBasedSpeedType(type: &quot;nationalSpeedLimitMotorway&quot;, errorCount: 0)" storage="c:\users\belgp3\onedrive - pa consulting group\documents\work\code\pa\clients\dft\dft-dtro-beta\src\dft.dtro.tests\bin\debug\net8.0\dft.dtro.tests.dll" id="a45fdf4f-1cf6-92c8-a222-4c0b541907f0">
      <Execution id="52292b92-213f-48ed-8c9a-37afe5ab101a" />
      <TestMethod codeBase="C:\Users\BELGP3\OneDrive - PA Consulting Group\Documents\Work\Code\PA\Clients\DfT\dft-dtro-beta\Src\Dft.DTRO.Tests\bin\Debug\net8.0\Dft.DTRO.Tests.dll" adapterTypeName="executor://xunit/VsTestRunner3/netcore/" className="Dft.DTRO.Tests.ServicesTests.Validations.RegulationValidationTests" name="ValidateSpeedLimitProfileBasedSpeedType" />
    </UnitTest>
    <UnitTest name="Dft.DTRO.Tests.ServicesTests.Validations.RateLineValidationServiceTests.ValidateRateLineRateLineType(conditionType: &quot;Condition&quot;, rateLineType: &quot;flatRateTier&quot;, errorCount: 0)" storage="c:\users\belgp3\onedrive - pa consulting group\documents\work\code\pa\clients\dft\dft-dtro-beta\src\dft.dtro.tests\bin\debug\net8.0\dft.dtro.tests.dll" id="7f538aba-29cb-35f8-5e74-e92b0ffc71d5">
      <Execution id="af9552e0-7b8c-4c57-a586-7401e954309e" />
      <TestMethod codeBase="C:\Users\BELGP3\OneDrive - PA Consulting Group\Documents\Work\Code\PA\Clients\DfT\dft-dtro-beta\Src\Dft.DTRO.Tests\bin\Debug\net8.0\Dft.DTRO.Tests.dll" adapterTypeName="executor://xunit/VsTestRunner3/netcore/" className="Dft.DTRO.Tests.ServicesTests.Validations.RateLineValidationServiceTests" name="ValidateRateLineRateLineType" />
    </UnitTest>
    <UnitTest name="Dft.DTRO.Tests.ServicesTests.Validations.ProvisionValidationServiceTests.ValidateProvisionOrderReportingPointTypeForSchema324(orderReportingPointType: &quot;experimentalMakingPermanent&quot;, errorCount: 0)" storage="c:\users\belgp3\onedrive - pa consulting group\documents\work\code\pa\clients\dft\dft-dtro-beta\src\dft.dtro.tests\bin\debug\net8.0\dft.dtro.tests.dll" id="1f5b0f3b-cad3-bc46-f791-552947058f67">
      <Execution id="03323500-ebf6-4f8e-8dad-0c85c3f46d40" />
      <TestMethod codeBase="C:\Users\BELGP3\OneDrive - PA Consulting Group\Documents\Work\Code\PA\Clients\DfT\dft-dtro-beta\Src\Dft.DTRO.Tests\bin\Debug\net8.0\Dft.DTRO.Tests.dll" adapterTypeName="executor://xunit/VsTestRunner3/netcore/" className="Dft.DTRO.Tests.ServicesTests.Validations.ProvisionValidationServiceTests" name="ValidateProvisionOrderReportingPointTypeForSchema324" />
    </UnitTest>
    <UnitTest name="Dft.DTRO.Tests.ServicesTests.Validations.RateLineValidationServiceTests.ValidateRateLineIncrementPeriod(conditionType: &quot;ConditionSet&quot;, incrementPeriod: 0, errorCount: 1)" storage="c:\users\belgp3\onedrive - pa consulting group\documents\work\code\pa\clients\dft\dft-dtro-beta\src\dft.dtro.tests\bin\debug\net8.0\dft.dtro.tests.dll" id="fc06c3ad-fab1-b1e2-d0e0-1770e1c4b402">
      <Execution id="4f7c5542-c2bc-4ec8-839f-b85e62ef632e" />
      <TestMethod codeBase="C:\Users\BELGP3\OneDrive - PA Consulting Group\Documents\Work\Code\PA\Clients\DfT\dft-dtro-beta\Src\Dft.DTRO.Tests\bin\Debug\net8.0\Dft.DTRO.Tests.dll" adapterTypeName="executor://xunit/VsTestRunner3/netcore/" className="Dft.DTRO.Tests.ServicesTests.Validations.RateLineValidationServiceTests" name="ValidateRateLineIncrementPeriod" />
    </UnitTest>
    <UnitTest name="Dft.DTRO.Tests.ServicesTests.Validations.GeometryValidationServiceTests.ValidateLinearGeometryLinestring(linestring: &quot;SRID=27700;LINESTRING(502151 221149,502130 221168,&quot;···, schemaVersion: &quot;3.3.0&quot;, errorCount: 0)" storage="c:\users\belgp3\onedrive - pa consulting group\documents\work\code\pa\clients\dft\dft-dtro-beta\src\dft.dtro.tests\bin\debug\net8.0\dft.dtro.tests.dll" id="7f673576-6d2b-af93-18a8-7608b84dcec9">
      <Execution id="e587d48a-eb18-4e41-94f7-15293cfbaec9" />
      <TestMethod codeBase="C:\Users\BELGP3\OneDrive - PA Consulting Group\Documents\Work\Code\PA\Clients\DfT\dft-dtro-beta\Src\Dft.DTRO.Tests\bin\Debug\net8.0\Dft.DTRO.Tests.dll" adapterTypeName="executor://xunit/VsTestRunner3/netcore/" className="Dft.DTRO.Tests.ServicesTests.Validations.GeometryValidationServiceTests" name="ValidateLinearGeometryLinestring" />
    </UnitTest>
    <UnitTest name="Dft.DTRO.Tests.ServicesTests.Validations.ProvisionValidationServiceTests.ValidateMultipleProvisionReferencesForSchema330(references: [&quot;9C88081C-FB1B-4E14-8E20-903DD9F08590&quot;, &quot;&quot;], errorCount: 1)" storage="c:\users\belgp3\onedrive - pa consulting group\documents\work\code\pa\clients\dft\dft-dtro-beta\src\dft.dtro.tests\bin\debug\net8.0\dft.dtro.tests.dll" id="dd95dd3b-9a2c-382a-3c2a-573eed61ee3d">
      <Execution id="50621177-8ef1-4944-8d93-f4e8bab148a7" />
      <TestMethod codeBase="C:\Users\BELGP3\OneDrive - PA Consulting Group\Documents\Work\Code\PA\Clients\DfT\dft-dtro-beta\Src\Dft.DTRO.Tests\bin\Debug\net8.0\Dft.DTRO.Tests.dll" adapterTypeName="executor://xunit/VsTestRunner3/netcore/" className="Dft.DTRO.Tests.ServicesTests.Validations.ProvisionValidationServiceTests" name="ValidateMultipleProvisionReferencesForSchema330" />
    </UnitTest>
    <UnitTest name="Dft.DTRO.Tests.ServicesTests.Validations.RateLineCollectionValidationServiceTests.ValidateRateLineCollectionMinTime(conditionType: &quot;Condition&quot;, minTime: 1, errorCount: 0)" storage="c:\users\belgp3\onedrive - pa consulting group\documents\work\code\pa\clients\dft\dft-dtro-beta\src\dft.dtro.tests\bin\debug\net8.0\dft.dtro.tests.dll" id="fd76fb09-8107-7e4d-8ea5-ec14cf078e04">
      <Execution id="324b66fe-e89d-4801-9db4-0608dfa53888" />
      <TestMethod codeBase="C:\Users\BELGP3\OneDrive - PA Consulting Group\Documents\Work\Code\PA\Clients\DfT\dft-dtro-beta\Src\Dft.DTRO.Tests\bin\Debug\net8.0\Dft.DTRO.Tests.dll" adapterTypeName="executor://xunit/VsTestRunner3/netcore/" className="Dft.DTRO.Tests.ServicesTests.Validations.RateLineCollectionValidationServiceTests" name="ValidateRateLineCollectionMinTime" />
    </UnitTest>
    <UnitTest name="Dft.DTRO.Tests.ServicesTests.Application.ApplicationServiceTests.GetApplicationListShouldReturnListOfApplications" storage="c:\users\belgp3\onedrive - pa consulting group\documents\work\code\pa\clients\dft\dft-dtro-beta\src\dft.dtro.tests\bin\debug\net8.0\dft.dtro.tests.dll" id="96a235c8-4e08-cd2c-b752-ab93f6cb84cc">
      <Execution id="dbb5772a-f413-4640-b3d0-a9da76a15550" />
      <TestMethod codeBase="C:\Users\BELGP3\OneDrive - PA Consulting Group\Documents\Work\Code\PA\Clients\DfT\dft-dtro-beta\Src\Dft.DTRO.Tests\bin\Debug\net8.0\Dft.DTRO.Tests.dll" adapterTypeName="executor://xunit/VsTestRunner3/netcore/" className="Dft.DTRO.Tests.ServicesTests.Application.ApplicationServiceTests" name="GetApplicationListShouldReturnListOfApplications" />
    </UnitTest>
    <UnitTest name="Dft.DTRO.Tests.ServicesTests.Validations.ProvisionValidationServiceTests.ValidateProvisionOrderReportingPointTypeForSchema324(orderReportingPointType: &quot;something&quot;, errorCount: 1)" storage="c:\users\belgp3\onedrive - pa consulting group\documents\work\code\pa\clients\dft\dft-dtro-beta\src\dft.dtro.tests\bin\debug\net8.0\dft.dtro.tests.dll" id="f64257ad-ee98-9de7-efdf-564a1945d2bb">
      <Execution id="76b858ec-c60a-4d6b-b84d-b207c6925689" />
      <TestMethod codeBase="C:\Users\BELGP3\OneDrive - PA Consulting Group\Documents\Work\Code\PA\Clients\DfT\dft-dtro-beta\Src\Dft.DTRO.Tests\bin\Debug\net8.0\Dft.DTRO.Tests.dll" adapterTypeName="executor://xunit/VsTestRunner3/netcore/" className="Dft.DTRO.Tests.ServicesTests.Validations.ProvisionValidationServiceTests" name="ValidateProvisionOrderReportingPointTypeForSchema324" />
    </UnitTest>
    <UnitTest name="Dft.DTRO.Tests.CodeiumTests.Integration.BoundingBoxJsonConverterTests.ReadJson_ShouldThrowExceptionForInvalidJson" storage="c:\users\belgp3\onedrive - pa consulting group\documents\work\code\pa\clients\dft\dft-dtro-beta\src\dft.dtro.tests\bin\debug\net8.0\dft.dtro.tests.dll" id="bfde6737-a8f2-69a3-5013-84ee82957941">
      <Execution id="4b4ae4f8-8281-49a6-b731-60e84d436069" />
      <TestMethod codeBase="C:\Users\BELGP3\OneDrive - PA Consulting Group\Documents\Work\Code\PA\Clients\DfT\dft-dtro-beta\Src\Dft.DTRO.Tests\bin\Debug\net8.0\Dft.DTRO.Tests.dll" adapterTypeName="executor://xunit/VsTestRunner3/netcore/" className="Dft.DTRO.Tests.CodeiumTests.Integration.BoundingBoxJsonConverterTests" name="ReadJson_ShouldThrowExceptionForInvalidJson" />
    </UnitTest>
    <UnitTest name="DfT.DTRO.Tests.CodeiumTests.Integration.DTROsController_Codeium_Tests.GetDtroById_NonExistingDtro_ReturnsNotFound" storage="c:\users\belgp3\onedrive - pa consulting group\documents\work\code\pa\clients\dft\dft-dtro-beta\src\dft.dtro.tests\bin\debug\net8.0\dft.dtro.tests.dll" id="88b1452c-0c99-46f0-2842-08f23844adce">
      <Execution id="06c3981e-9bc5-4988-a923-56b89ed6aa69" />
      <TestMethod codeBase="C:\Users\BELGP3\OneDrive - PA Consulting Group\Documents\Work\Code\PA\Clients\DfT\dft-dtro-beta\Src\Dft.DTRO.Tests\bin\Debug\net8.0\Dft.DTRO.Tests.dll" adapterTypeName="executor://xunit/VsTestRunner3/netcore/" className="DfT.DTRO.Tests.CodeiumTests.Integration.DTROsController_Codeium_Tests" name="GetDtroById_NonExistingDtro_ReturnsNotFound" />
    </UnitTest>
    <UnitTest name="Dft.DTRO.Tests.ServicesTests.Validations.ExternalReferenceValidationServiceTests.ValidateMultipleExternalReferencesWithinMultipleGeometriesLastUpdatedDate(geometry: &quot;DirectedLinear&quot;)" storage="c:\users\belgp3\onedrive - pa consulting group\documents\work\code\pa\clients\dft\dft-dtro-beta\src\dft.dtro.tests\bin\debug\net8.0\dft.dtro.tests.dll" id="7fbff48e-e8fd-4413-b393-a8aa890f7daf">
      <Execution id="efb4392f-2bc0-405f-b194-c853ea923540" />
      <TestMethod codeBase="C:\Users\BELGP3\OneDrive - PA Consulting Group\Documents\Work\Code\PA\Clients\DfT\dft-dtro-beta\Src\Dft.DTRO.Tests\bin\Debug\net8.0\Dft.DTRO.Tests.dll" adapterTypeName="executor://xunit/VsTestRunner3/netcore/" className="Dft.DTRO.Tests.ServicesTests.Validations.ExternalReferenceValidationServiceTests" name="ValidateMultipleExternalReferencesWithinMultipleGeometriesLastUpdatedDate" />
    </UnitTest>
    <UnitTest name="Dft.DTRO.Tests.ServicesTests.Validations.SemanticValidationServiceTests.AllowsCoordinatesWithinLinearGeometry(version: &quot;3.2.4&quot;)" storage="c:\users\belgp3\onedrive - pa consulting group\documents\work\code\pa\clients\dft\dft-dtro-beta\src\dft.dtro.tests\bin\debug\net8.0\dft.dtro.tests.dll" id="c4516690-57a8-1e4a-a2e4-7b0cfe98bea2">
      <Execution id="1a6caf8a-aaa2-4cf6-b92b-8bb364b9ee01" />
      <TestMethod codeBase="C:\Users\BELGP3\OneDrive - PA Consulting Group\Documents\Work\Code\PA\Clients\DfT\dft-dtro-beta\Src\Dft.DTRO.Tests\bin\Debug\net8.0\Dft.DTRO.Tests.dll" adapterTypeName="executor://xunit/VsTestRunner3/netcore/" className="Dft.DTRO.Tests.ServicesTests.Validations.SemanticValidationServiceTests" name="AllowsCoordinatesWithinLinearGeometry" />
    </UnitTest>
    <UnitTest name="Dft.DTRO.Tests.ServicesTests.Validations.JsonLogicValidationTests.DisallowsValidPeriodEndTimeBeforeStartTime" storage="c:\users\belgp3\onedrive - pa consulting group\documents\work\code\pa\clients\dft\dft-dtro-beta\src\dft.dtro.tests\bin\debug\net8.0\dft.dtro.tests.dll" id="45d5803c-2405-6221-7ac6-e44ff1338937">
      <Execution id="691cb6b0-c282-40b2-bd58-d35bec1dcd71" />
      <TestMethod codeBase="C:\Users\BELGP3\OneDrive - PA Consulting Group\Documents\Work\Code\PA\Clients\DfT\dft-dtro-beta\Src\Dft.DTRO.Tests\bin\Debug\net8.0\Dft.DTRO.Tests.dll" adapterTypeName="executor://xunit/VsTestRunner3/netcore/" className="Dft.DTRO.Tests.ServicesTests.Validations.JsonLogicValidationTests" name="DisallowsValidPeriodEndTimeBeforeStartTime" />
    </UnitTest>
    <UnitTest name="Dft.DTRO.Tests.ServicesTests.DTROs.GetDtrosTests.GenerateDtrosAsZipAsyncReturnsTrueWhenZipGeneratedSuccessfully" storage="c:\users\belgp3\onedrive - pa consulting group\documents\work\code\pa\clients\dft\dft-dtro-beta\src\dft.dtro.tests\bin\debug\net8.0\dft.dtro.tests.dll" id="1183be4f-e060-ef59-0fc9-4e5f8d0c8376">
      <Execution id="84abb151-befb-45b6-a968-13f51f8205b6" />
      <TestMethod codeBase="C:\Users\BELGP3\OneDrive - PA Consulting Group\Documents\Work\Code\PA\Clients\DfT\dft-dtro-beta\Src\Dft.DTRO.Tests\bin\Debug\net8.0\Dft.DTRO.Tests.dll" adapterTypeName="executor://xunit/VsTestRunner3/netcore/" className="Dft.DTRO.Tests.ServicesTests.DTROs.GetDtrosTests" name="GenerateDtrosAsZipAsyncReturnsTrueWhenZipGeneratedSuccessfully" />
    </UnitTest>
    <UnitTest name="ApplicationControllerTests.ValidateApplicationNameNoQueryParametersReturnsBadRequest" storage="c:\users\belgp3\onedrive - pa consulting group\documents\work\code\pa\clients\dft\dft-dtro-beta\src\dft.dtro.tests\bin\debug\net8.0\dft.dtro.tests.dll" id="a05a1f97-4ffd-31e5-4882-0a874872f5d5">
      <Execution id="8647e3d6-a7e4-4d00-b0f4-5d40086779d0" />
      <TestMethod codeBase="C:\Users\BELGP3\OneDrive - PA Consulting Group\Documents\Work\Code\PA\Clients\DfT\dft-dtro-beta\Src\Dft.DTRO.Tests\bin\Debug\net8.0\Dft.DTRO.Tests.dll" adapterTypeName="executor://xunit/VsTestRunner3/netcore/" className="ApplicationControllerTests" name="ValidateApplicationNameNoQueryParametersReturnsBadRequest" />
    </UnitTest>
    <UnitTest name="Dft.DTRO.Tests.ServicesTests.Validations.SemanticValidationServiceTests.AllowsLastUpdateDateInThePast(version: &quot;3.2.4&quot;)" storage="c:\users\belgp3\onedrive - pa consulting group\documents\work\code\pa\clients\dft\dft-dtro-beta\src\dft.dtro.tests\bin\debug\net8.0\dft.dtro.tests.dll" id="8176aecd-c6f2-42eb-4695-cd457b880b79">
      <Execution id="89be5c4c-d90a-4ef7-99c3-b18a6578be68" />
      <TestMethod codeBase="C:\Users\BELGP3\OneDrive - PA Consulting Group\Documents\Work\Code\PA\Clients\DfT\dft-dtro-beta\Src\Dft.DTRO.Tests\bin\Debug\net8.0\Dft.DTRO.Tests.dll" adapterTypeName="executor://xunit/VsTestRunner3/netcore/" className="Dft.DTRO.Tests.ServicesTests.Validations.SemanticValidationServiceTests" name="AllowsLastUpdateDateInThePast" />
    </UnitTest>
    <UnitTest name="Dft.DTRO.Tests.ServicesTests.Validations.RegulatedPlaceValidationServiceTests.ValidateRegulatedPlacesDescriptionForSchema330(description: &quot;&quot;, errorCount: 1)" storage="c:\users\belgp3\onedrive - pa consulting group\documents\work\code\pa\clients\dft\dft-dtro-beta\src\dft.dtro.tests\bin\debug\net8.0\dft.dtro.tests.dll" id="2dced8d1-7e70-2c66-9aae-7825a4df21c3">
      <Execution id="4ddd4e9a-69db-4231-ac18-d78732639ef8" />
      <TestMethod codeBase="C:\Users\BELGP3\OneDrive - PA Consulting Group\Documents\Work\Code\PA\Clients\DfT\dft-dtro-beta\Src\Dft.DTRO.Tests\bin\Debug\net8.0\Dft.DTRO.Tests.dll" adapterTypeName="executor://xunit/VsTestRunner3/netcore/" className="Dft.DTRO.Tests.ServicesTests.Validations.RegulatedPlaceValidationServiceTests" name="ValidateRegulatedPlacesDescriptionForSchema330" />
    </UnitTest>
    <UnitTest name="DfT.DTRO.Tests.CodeiumTests.Integration.SchemaController_Codeium_Tests.UpdateSchema_ReturnsInternalServerError_UnexpectedException" storage="c:\users\belgp3\onedrive - pa consulting group\documents\work\code\pa\clients\dft\dft-dtro-beta\src\dft.dtro.tests\bin\debug\net8.0\dft.dtro.tests.dll" id="0a0a5b34-fcb7-9bb1-90cf-8b3bafe7111e">
      <Execution id="49b7cf92-ebbc-4143-b46c-cff492bcba7d" />
      <TestMethod codeBase="C:\Users\BELGP3\OneDrive - PA Consulting Group\Documents\Work\Code\PA\Clients\DfT\dft-dtro-beta\Src\Dft.DTRO.Tests\bin\Debug\net8.0\Dft.DTRO.Tests.dll" adapterTypeName="executor://xunit/VsTestRunner3/netcore/" className="DfT.DTRO.Tests.CodeiumTests.Integration.SchemaController_Codeium_Tests" name="UpdateSchema_ReturnsInternalServerError_UnexpectedException" />
    </UnitTest>
    <UnitTest name="Dft.DTRO.Tests.ServicesTests.Validations.SourceValidationServiceTests.ValidateSourceTraCreator(version: &quot;3.3.0&quot;, traCode: 1000, errorCount: 2)" storage="c:\users\belgp3\onedrive - pa consulting group\documents\work\code\pa\clients\dft\dft-dtro-beta\src\dft.dtro.tests\bin\debug\net8.0\dft.dtro.tests.dll" id="bff7cb51-93aa-b1a4-055b-6913bedecd72">
      <Execution id="f52cdaf8-b673-45d6-9332-6e5b0f2efb50" />
      <TestMethod codeBase="C:\Users\BELGP3\OneDrive - PA Consulting Group\Documents\Work\Code\PA\Clients\DfT\dft-dtro-beta\Src\Dft.DTRO.Tests\bin\Debug\net8.0\Dft.DTRO.Tests.dll" adapterTypeName="executor://xunit/VsTestRunner3/netcore/" className="Dft.DTRO.Tests.ServicesTests.Validations.SourceValidationServiceTests" name="ValidateSourceTraCreator" />
    </UnitTest>
    <UnitTest name="Dft.DTRO.Tests.ServicesTests.Validations.GeometryValidationServiceTests.ValidateLinearGeometryRepresentation(representation: &quot;linear&quot;, schemaVersion: &quot;3.3.0&quot;, errorCount: 0)" storage="c:\users\belgp3\onedrive - pa consulting group\documents\work\code\pa\clients\dft\dft-dtro-beta\src\dft.dtro.tests\bin\debug\net8.0\dft.dtro.tests.dll" id="b8892f75-c86d-8085-ef86-8e01eef462c3">
      <Execution id="eb45b7aa-0772-4b96-8dd5-7c959f8860a6" />
      <TestMethod codeBase="C:\Users\BELGP3\OneDrive - PA Consulting Group\Documents\Work\Code\PA\Clients\DfT\dft-dtro-beta\Src\Dft.DTRO.Tests\bin\Debug\net8.0\Dft.DTRO.Tests.dll" adapterTypeName="executor://xunit/VsTestRunner3/netcore/" className="Dft.DTRO.Tests.ServicesTests.Validations.GeometryValidationServiceTests" name="ValidateLinearGeometryRepresentation" />
    </UnitTest>
    <UnitTest name="Dft.DTRO.Tests.ServicesTests.Validations.JsonLogicValidationTests.AllowExternalReferenceLastUpdateDateInThePast" storage="c:\users\belgp3\onedrive - pa consulting group\documents\work\code\pa\clients\dft\dft-dtro-beta\src\dft.dtro.tests\bin\debug\net8.0\dft.dtro.tests.dll" id="4124c041-389f-60da-6e08-7b3db34d8629">
      <Execution id="5220ed3e-d2c6-4c1d-afcf-af407d788d0f" />
      <TestMethod codeBase="C:\Users\BELGP3\OneDrive - PA Consulting Group\Documents\Work\Code\PA\Clients\DfT\dft-dtro-beta\Src\Dft.DTRO.Tests\bin\Debug\net8.0\Dft.DTRO.Tests.dll" adapterTypeName="executor://xunit/VsTestRunner3/netcore/" className="Dft.DTRO.Tests.ServicesTests.Validations.JsonLogicValidationTests" name="AllowExternalReferenceLastUpdateDateInThePast" />
    </UnitTest>
    <UnitTest name="Dft.DTRO.Tests.ServicesTests.Validations.JsonLogicValidationTests.DisallowWidthCharacteristicInvalidForRegulationTypeDimensionMaximumWidth" storage="c:\users\belgp3\onedrive - pa consulting group\documents\work\code\pa\clients\dft\dft-dtro-beta\src\dft.dtro.tests\bin\debug\net8.0\dft.dtro.tests.dll" id="dd9cf29f-9b11-2bff-385e-6fe5f89235dd">
      <Execution id="23c4820e-d82e-43a4-9585-8d90bf59c850" />
      <TestMethod codeBase="C:\Users\BELGP3\OneDrive - PA Consulting Group\Documents\Work\Code\PA\Clients\DfT\dft-dtro-beta\Src\Dft.DTRO.Tests\bin\Debug\net8.0\Dft.DTRO.Tests.dll" adapterTypeName="executor://xunit/VsTestRunner3/netcore/" className="Dft.DTRO.Tests.ServicesTests.Validations.JsonLogicValidationTests" name="DisallowWidthCharacteristicInvalidForRegulationTypeDimensionMaximumWidth" />
    </UnitTest>
    <UnitTest name="Dft.DTRO.Tests.ServicesTests.Validations.SemanticValidationServiceTests.AllowsCoordinatesWithinPointGeometry(version: &quot;3.3.0&quot;)" storage="c:\users\belgp3\onedrive - pa consulting group\documents\work\code\pa\clients\dft\dft-dtro-beta\src\dft.dtro.tests\bin\debug\net8.0\dft.dtro.tests.dll" id="712ba21d-b04b-5e24-bfd1-a2681960a6f7">
      <Execution id="cdb04b04-fe68-410c-8c61-8e7ca89228c4" />
      <TestMethod codeBase="C:\Users\BELGP3\OneDrive - PA Consulting Group\Documents\Work\Code\PA\Clients\DfT\dft-dtro-beta\Src\Dft.DTRO.Tests\bin\Debug\net8.0\Dft.DTRO.Tests.dll" adapterTypeName="executor://xunit/VsTestRunner3/netcore/" className="Dft.DTRO.Tests.ServicesTests.Validations.SemanticValidationServiceTests" name="AllowsCoordinatesWithinPointGeometry" />
    </UnitTest>
    <UnitTest name="Dft.DTRO.Tests.ServicesTests.Validations.SourceValidationServiceTests.ValidateSourceTroName(version: &quot;3.3.0&quot;, troName: &quot;&quot;, errorCount: 1)" storage="c:\users\belgp3\onedrive - pa consulting group\documents\work\code\pa\clients\dft\dft-dtro-beta\src\dft.dtro.tests\bin\debug\net8.0\dft.dtro.tests.dll" id="e0775cfa-a79d-14ff-974f-52106983f147">
      <Execution id="6baa952d-9d38-4595-8456-ec47fca08b65" />
      <TestMethod codeBase="C:\Users\BELGP3\OneDrive - PA Consulting Group\Documents\Work\Code\PA\Clients\DfT\dft-dtro-beta\Src\Dft.DTRO.Tests\bin\Debug\net8.0\Dft.DTRO.Tests.dll" adapterTypeName="executor://xunit/VsTestRunner3/netcore/" className="Dft.DTRO.Tests.ServicesTests.Validations.SourceValidationServiceTests" name="ValidateSourceTroName" />
    </UnitTest>
    <UnitTest name="Dft.DTRO.Tests.ServicesTests.Validations.JsonLogicValidationTests.DisallowsExceptionPeriodEndTimeAfterOverallPeriodEndTime" storage="c:\users\belgp3\onedrive - pa consulting group\documents\work\code\pa\clients\dft\dft-dtro-beta\src\dft.dtro.tests\bin\debug\net8.0\dft.dtro.tests.dll" id="4e446c87-1608-355f-130b-a1761cd146eb">
      <Execution id="3deb4ad2-d594-48fb-babb-a617d93dadcb" />
      <TestMethod codeBase="C:\Users\BELGP3\OneDrive - PA Consulting Group\Documents\Work\Code\PA\Clients\DfT\dft-dtro-beta\Src\Dft.DTRO.Tests\bin\Debug\net8.0\Dft.DTRO.Tests.dll" adapterTypeName="executor://xunit/VsTestRunner3/netcore/" className="Dft.DTRO.Tests.ServicesTests.Validations.JsonLogicValidationTests" name="DisallowsExceptionPeriodEndTimeAfterOverallPeriodEndTime" />
    </UnitTest>
    <UnitTest name="Dft.DTRO.Tests.ServicesTests.Validations.ProvisionValidationServiceTests.ValidateProvisionOrderReportingPointTypeForSchema324(orderReportingPointType: &quot;permanentRevocation&quot;, errorCount: 0)" storage="c:\users\belgp3\onedrive - pa consulting group\documents\work\code\pa\clients\dft\dft-dtro-beta\src\dft.dtro.tests\bin\debug\net8.0\dft.dtro.tests.dll" id="78cee225-fe07-5f82-24aa-31b32ec8dcda">
      <Execution id="8e2bd64e-15d5-46ba-a26d-f2ae34502fb0" />
      <TestMethod codeBase="C:\Users\BELGP3\OneDrive - PA Consulting Group\Documents\Work\Code\PA\Clients\DfT\dft-dtro-beta\Src\Dft.DTRO.Tests\bin\Debug\net8.0\Dft.DTRO.Tests.dll" adapterTypeName="executor://xunit/VsTestRunner3/netcore/" className="Dft.DTRO.Tests.ServicesTests.Validations.ProvisionValidationServiceTests" name="ValidateProvisionOrderReportingPointTypeForSchema324" />
    </UnitTest>
    <UnitTest name="Dft.DTRO.Tests.ServicesTests.Validations.RateTableValidationServiceTests.ValidateRateTableAdditionalInformation(additionalInformation: &quot;not-a-uri&quot;, errorCount: 1)" storage="c:\users\belgp3\onedrive - pa consulting group\documents\work\code\pa\clients\dft\dft-dtro-beta\src\dft.dtro.tests\bin\debug\net8.0\dft.dtro.tests.dll" id="dc6a7408-3b88-a62f-1b1f-259afef33913">
      <Execution id="804f9e4d-d938-4701-a508-83aaa90feb28" />
      <TestMethod codeBase="C:\Users\BELGP3\OneDrive - PA Consulting Group\Documents\Work\Code\PA\Clients\DfT\dft-dtro-beta\Src\Dft.DTRO.Tests\bin\Debug\net8.0\Dft.DTRO.Tests.dll" adapterTypeName="executor://xunit/VsTestRunner3/netcore/" className="Dft.DTRO.Tests.ServicesTests.Validations.RateTableValidationServiceTests" name="ValidateRateTableAdditionalInformation" />
    </UnitTest>
    <UnitTest name="Dft.DTRO.Tests.ServicesTests.Validations.RegulationValidationTests.ValidateGeneralRegulationRegulationType(regulationType: &quot;kerbsideControlledParkingZone&quot;, errorCount: 0)" storage="c:\users\belgp3\onedrive - pa consulting group\documents\work\code\pa\clients\dft\dft-dtro-beta\src\dft.dtro.tests\bin\debug\net8.0\dft.dtro.tests.dll" id="fdb91b9f-8c7b-92f0-1767-4b2e70d10861">
      <Execution id="4a259856-bd1a-40cb-8030-e6bfb5f804bb" />
      <TestMethod codeBase="C:\Users\BELGP3\OneDrive - PA Consulting Group\Documents\Work\Code\PA\Clients\DfT\dft-dtro-beta\Src\Dft.DTRO.Tests\bin\Debug\net8.0\Dft.DTRO.Tests.dll" adapterTypeName="executor://xunit/VsTestRunner3/netcore/" className="Dft.DTRO.Tests.ServicesTests.Validations.RegulationValidationTests" name="ValidateGeneralRegulationRegulationType" />
    </UnitTest>
    <UnitTest name="Dft.DTRO.Tests.ServicesTests.Validations.RegulatedPlaceValidationServiceTests.ValidateMultipleRegulatedPlacesTypes(types: [&quot;diversionRoute&quot;, &quot;unknown&quot;], errorCount: 1)" storage="c:\users\belgp3\onedrive - pa consulting group\documents\work\code\pa\clients\dft\dft-dtro-beta\src\dft.dtro.tests\bin\debug\net8.0\dft.dtro.tests.dll" id="5bc0b448-4f61-09cf-dbd0-257e15ba89d7">
      <Execution id="ffaf2e4c-4eeb-4797-aeca-db5fe84e1cab" />
      <TestMethod codeBase="C:\Users\BELGP3\OneDrive - PA Consulting Group\Documents\Work\Code\PA\Clients\DfT\dft-dtro-beta\Src\Dft.DTRO.Tests\bin\Debug\net8.0\Dft.DTRO.Tests.dll" adapterTypeName="executor://xunit/VsTestRunner3/netcore/" className="Dft.DTRO.Tests.ServicesTests.Validations.RegulatedPlaceValidationServiceTests" name="ValidateMultipleRegulatedPlacesTypes" />
    </UnitTest>
    <UnitTest name="Dft.DTRO.Tests.ServicesTests.Validations.RateLineValidationServiceTests.ValidateRateLineDurationStart(conditionType: &quot;ConditionSet&quot;, durationStart: 0, errorCount: 1)" storage="c:\users\belgp3\onedrive - pa consulting group\documents\work\code\pa\clients\dft\dft-dtro-beta\src\dft.dtro.tests\bin\debug\net8.0\dft.dtro.tests.dll" id="93d97dce-660e-c9a5-1429-d57d8250695d">
      <Execution id="46437745-125a-4cf0-a0d0-e66b5e1777ab" />
      <TestMethod codeBase="C:\Users\BELGP3\OneDrive - PA Consulting Group\Documents\Work\Code\PA\Clients\DfT\dft-dtro-beta\Src\Dft.DTRO.Tests\bin\Debug\net8.0\Dft.DTRO.Tests.dll" adapterTypeName="executor://xunit/VsTestRunner3/netcore/" className="Dft.DTRO.Tests.ServicesTests.Validations.RateLineValidationServiceTests" name="ValidateRateLineDurationStart" />
    </UnitTest>
    <UnitTest name="Dft.DTRO.Tests.ServicesTests.Validations.ExternalReferenceValidationServiceTests.ValidateMultipleExternalReferencesWithinMultipleGeometriesLastUpdatedDate(geometry: &quot;LinearGeometry&quot;)" storage="c:\users\belgp3\onedrive - pa consulting group\documents\work\code\pa\clients\dft\dft-dtro-beta\src\dft.dtro.tests\bin\debug\net8.0\dft.dtro.tests.dll" id="80c5f92e-c8f3-51cc-f66f-409a1f90ef96">
      <Execution id="20cfab86-b80d-47e8-9ea1-747eb2aca119" />
      <TestMethod codeBase="C:\Users\BELGP3\OneDrive - PA Consulting Group\Documents\Work\Code\PA\Clients\DfT\dft-dtro-beta\Src\Dft.DTRO.Tests\bin\Debug\net8.0\Dft.DTRO.Tests.dll" adapterTypeName="executor://xunit/VsTestRunner3/netcore/" className="Dft.DTRO.Tests.ServicesTests.Validations.ExternalReferenceValidationServiceTests" name="ValidateMultipleExternalReferencesWithinMultipleGeometriesLastUpdatedDate" />
    </UnitTest>
    <UnitTest name="Dft.DTRO.Tests.ServicesTests.Validations.GeometryValidationServiceTests.ValidatePointGeometryRepresentation(representation: &quot;&quot;, schemaVersion: &quot;3.3.0&quot;, errorCount: 2)" storage="c:\users\belgp3\onedrive - pa consulting group\documents\work\code\pa\clients\dft\dft-dtro-beta\src\dft.dtro.tests\bin\debug\net8.0\dft.dtro.tests.dll" id="23545a58-e8db-740a-c57b-918b9227ee2a">
      <Execution id="e2e6fdaf-d63d-427b-9f9a-fe60be860b31" />
      <TestMethod codeBase="C:\Users\BELGP3\OneDrive - PA Consulting Group\Documents\Work\Code\PA\Clients\DfT\dft-dtro-beta\Src\Dft.DTRO.Tests\bin\Debug\net8.0\Dft.DTRO.Tests.dll" adapterTypeName="executor://xunit/VsTestRunner3/netcore/" className="Dft.DTRO.Tests.ServicesTests.Validations.GeometryValidationServiceTests" name="ValidatePointGeometryRepresentation" />
    </UnitTest>
    <UnitTest name="Dft.DTRO.Tests.ServicesTests.Validations.GeometryValidationServiceTests.ValidateLinearGeometryLinestring(linestring: &quot;SRID=27700;LINESTRING(323357 124578, 323338 124640&quot;···, schemaVersion: &quot;3.3.0&quot;, errorCount: 0)" storage="c:\users\belgp3\onedrive - pa consulting group\documents\work\code\pa\clients\dft\dft-dtro-beta\src\dft.dtro.tests\bin\debug\net8.0\dft.dtro.tests.dll" id="f1c2a352-5617-b47a-1b59-56c3ce46cc47">
      <Execution id="bbf79b93-121a-4c90-b346-ff95317ec692" />
      <TestMethod codeBase="C:\Users\BELGP3\OneDrive - PA Consulting Group\Documents\Work\Code\PA\Clients\DfT\dft-dtro-beta\Src\Dft.DTRO.Tests\bin\Debug\net8.0\Dft.DTRO.Tests.dll" adapterTypeName="executor://xunit/VsTestRunner3/netcore/" className="Dft.DTRO.Tests.ServicesTests.Validations.GeometryValidationServiceTests" name="ValidateLinearGeometryLinestring" />
    </UnitTest>
    <UnitTest name="Dft.DTRO.Tests.ServicesTests.Validations.RegulatedPlaceValidationServiceTests.ValidateRegulatedPlacesType(type: &quot;&quot;, errorCount: 1)" storage="c:\users\belgp3\onedrive - pa consulting group\documents\work\code\pa\clients\dft\dft-dtro-beta\src\dft.dtro.tests\bin\debug\net8.0\dft.dtro.tests.dll" id="9308ad43-34b0-4add-f72d-a623de836076">
      <Execution id="d6c85807-29a3-4053-bcbe-6132b6f4d27a" />
      <TestMethod codeBase="C:\Users\BELGP3\OneDrive - PA Consulting Group\Documents\Work\Code\PA\Clients\DfT\dft-dtro-beta\Src\Dft.DTRO.Tests\bin\Debug\net8.0\Dft.DTRO.Tests.dll" adapterTypeName="executor://xunit/VsTestRunner3/netcore/" className="Dft.DTRO.Tests.ServicesTests.Validations.RegulatedPlaceValidationServiceTests" name="ValidateRegulatedPlacesType" />
    </UnitTest>
    <UnitTest name="Dft.DTRO.Tests.ServicesTests.Validations.ProvisionValidationServiceTests.ValidateProvisionOrderReportingPointTypeForSchema330(orderReportingPointType: &quot;ttroTtmoByNotice&quot;, errorCount: 0)" storage="c:\users\belgp3\onedrive - pa consulting group\documents\work\code\pa\clients\dft\dft-dtro-beta\src\dft.dtro.tests\bin\debug\net8.0\dft.dtro.tests.dll" id="6ed131d1-c90c-b81e-acc8-600a341c846f">
      <Execution id="f842982e-45d2-46f4-89cd-ddb99afeee72" />
      <TestMethod codeBase="C:\Users\BELGP3\OneDrive - PA Consulting Group\Documents\Work\Code\PA\Clients\DfT\dft-dtro-beta\Src\Dft.DTRO.Tests\bin\Debug\net8.0\Dft.DTRO.Tests.dll" adapterTypeName="executor://xunit/VsTestRunner3/netcore/" className="Dft.DTRO.Tests.ServicesTests.Validations.ProvisionValidationServiceTests" name="ValidateProvisionOrderReportingPointTypeForSchema330" />
    </UnitTest>
    <UnitTest name="Dft.DTRO.Tests.ServicesTests.Validations.ProvisionValidationServiceTests.ValidateProvisionOrderReportingPointTypeForSchema324(orderReportingPointType: &quot;permanentNoticeOfProposal&quot;, errorCount: 0)" storage="c:\users\belgp3\onedrive - pa consulting group\documents\work\code\pa\clients\dft\dft-dtro-beta\src\dft.dtro.tests\bin\debug\net8.0\dft.dtro.tests.dll" id="e713d4b3-ec20-3d25-7d98-530441661b2f">
      <Execution id="45f6fb1c-7def-4c2c-99f2-38e831d31c56" />
      <TestMethod codeBase="C:\Users\BELGP3\OneDrive - PA Consulting Group\Documents\Work\Code\PA\Clients\DfT\dft-dtro-beta\Src\Dft.DTRO.Tests\bin\Debug\net8.0\Dft.DTRO.Tests.dll" adapterTypeName="executor://xunit/VsTestRunner3/netcore/" className="Dft.DTRO.Tests.ServicesTests.Validations.ProvisionValidationServiceTests" name="ValidateProvisionOrderReportingPointTypeForSchema324" />
    </UnitTest>
    <UnitTest name="Dft.DTRO.Tests.ServicesTests.Validations.RegulationValidationTests.ValidateGeneralRegulationRegulationType(regulationType: &quot;miscPROWClosure&quot;, errorCount: 0)" storage="c:\users\belgp3\onedrive - pa consulting group\documents\work\code\pa\clients\dft\dft-dtro-beta\src\dft.dtro.tests\bin\debug\net8.0\dft.dtro.tests.dll" id="19a3f722-2ce4-66c6-edd1-fcbfda5944cd">
      <Execution id="31be1f8c-6f3e-4a0a-8909-8192f4a8dda2" />
      <TestMethod codeBase="C:\Users\BELGP3\OneDrive - PA Consulting Group\Documents\Work\Code\PA\Clients\DfT\dft-dtro-beta\Src\Dft.DTRO.Tests\bin\Debug\net8.0\Dft.DTRO.Tests.dll" adapterTypeName="executor://xunit/VsTestRunner3/netcore/" className="Dft.DTRO.Tests.ServicesTests.Validations.RegulationValidationTests" name="ValidateGeneralRegulationRegulationType" />
    </UnitTest>
    <UnitTest name="Dft.DTRO.Tests.ServicesTests.Validations.RegulationValidationTests.ValidateSpeedLimitValueBasedSpeedValue(mphValue: 10, errorCount: 0)" storage="c:\users\belgp3\onedrive - pa consulting group\documents\work\code\pa\clients\dft\dft-dtro-beta\src\dft.dtro.tests\bin\debug\net8.0\dft.dtro.tests.dll" id="872cdf90-b509-fd87-28ea-a274dc3ce9ca">
      <Execution id="3cf03001-02f4-435b-b463-b9273d0da6e0" />
      <TestMethod codeBase="C:\Users\BELGP3\OneDrive - PA Consulting Group\Documents\Work\Code\PA\Clients\DfT\dft-dtro-beta\Src\Dft.DTRO.Tests\bin\Debug\net8.0\Dft.DTRO.Tests.dll" adapterTypeName="executor://xunit/VsTestRunner3/netcore/" className="Dft.DTRO.Tests.ServicesTests.Validations.RegulationValidationTests" name="ValidateSpeedLimitValueBasedSpeedValue" />
    </UnitTest>
    <UnitTest name="Dft.DTRO.Tests.ServicesTests.Validations.RateLineValidationServiceTests.ValidateRateLineRateUsageConditionType(conditionType: &quot;Condition&quot;, usageCondition: &quot;fixedDuration&quot;, errorCount: 0)" storage="c:\users\belgp3\onedrive - pa consulting group\documents\work\code\pa\clients\dft\dft-dtro-beta\src\dft.dtro.tests\bin\debug\net8.0\dft.dtro.tests.dll" id="00bff54e-7f18-ddf3-bc86-f287cbf6e72a">
      <Execution id="aee81fee-5721-4d18-b54d-2e516e8b069b" />
      <TestMethod codeBase="C:\Users\BELGP3\OneDrive - PA Consulting Group\Documents\Work\Code\PA\Clients\DfT\dft-dtro-beta\Src\Dft.DTRO.Tests\bin\Debug\net8.0\Dft.DTRO.Tests.dll" adapterTypeName="executor://xunit/VsTestRunner3/netcore/" className="Dft.DTRO.Tests.ServicesTests.Validations.RateLineValidationServiceTests" name="ValidateRateLineRateUsageConditionType" />
    </UnitTest>
    <UnitTest name="Dft.DTRO.Tests.ServicesTests.Validations.RateLineValidationServiceTests.ValidateRateLineDurationStart(conditionType: &quot;ConditionSet&quot;, durationStart: -10, errorCount: 1)" storage="c:\users\belgp3\onedrive - pa consulting group\documents\work\code\pa\clients\dft\dft-dtro-beta\src\dft.dtro.tests\bin\debug\net8.0\dft.dtro.tests.dll" id="4b3cfe57-cec6-89b7-f387-45b76c0bd62f">
      <Execution id="65059b30-b774-4a7d-b150-0a128e6ef45e" />
      <TestMethod codeBase="C:\Users\BELGP3\OneDrive - PA Consulting Group\Documents\Work\Code\PA\Clients\DfT\dft-dtro-beta\Src\Dft.DTRO.Tests\bin\Debug\net8.0\Dft.DTRO.Tests.dll" adapterTypeName="executor://xunit/VsTestRunner3/netcore/" className="Dft.DTRO.Tests.ServicesTests.Validations.RateLineValidationServiceTests" name="ValidateRateLineDurationStart" />
    </UnitTest>
    <UnitTest name="Dft.DTRO.Tests.ServicesTests.Validations.ProvisionValidationServiceTests.ValidateProvisionReferenceForSchema330(reference: &quot;&quot;, errorCount: 1)" storage="c:\users\belgp3\onedrive - pa consulting group\documents\work\code\pa\clients\dft\dft-dtro-beta\src\dft.dtro.tests\bin\debug\net8.0\dft.dtro.tests.dll" id="09139240-b51d-c37c-d76e-72051347a9e1">
      <Execution id="6c21b2e7-15ea-47c5-ab58-aa6d50cf65f6" />
      <TestMethod codeBase="C:\Users\BELGP3\OneDrive - PA Consulting Group\Documents\Work\Code\PA\Clients\DfT\dft-dtro-beta\Src\Dft.DTRO.Tests\bin\Debug\net8.0\Dft.DTRO.Tests.dll" adapterTypeName="executor://xunit/VsTestRunner3/netcore/" className="Dft.DTRO.Tests.ServicesTests.Validations.ProvisionValidationServiceTests" name="ValidateProvisionReferenceForSchema330" />
    </UnitTest>
    <UnitTest name="Dft.DTRO.Tests.ServicesTests.Validations.SemanticValidationServiceTests.AllowsCoordinatesWithinLinearGeometry(version: &quot;3.3.0&quot;)" storage="c:\users\belgp3\onedrive - pa consulting group\documents\work\code\pa\clients\dft\dft-dtro-beta\src\dft.dtro.tests\bin\debug\net8.0\dft.dtro.tests.dll" id="6dbbc32b-e9b1-4194-246c-6aae1ca78af1">
      <Execution id="c916eb56-706d-4b09-88b4-8d82e43fb243" />
      <TestMethod codeBase="C:\Users\BELGP3\OneDrive - PA Consulting Group\Documents\Work\Code\PA\Clients\DfT\dft-dtro-beta\Src\Dft.DTRO.Tests\bin\Debug\net8.0\Dft.DTRO.Tests.dll" adapterTypeName="executor://xunit/VsTestRunner3/netcore/" className="Dft.DTRO.Tests.ServicesTests.Validations.SemanticValidationServiceTests" name="AllowsCoordinatesWithinLinearGeometry" />
    </UnitTest>
    <UnitTest name="ApplicationControllerTests.GetApplicationDetailsValidRequestReturnsOk" storage="c:\users\belgp3\onedrive - pa consulting group\documents\work\code\pa\clients\dft\dft-dtro-beta\src\dft.dtro.tests\bin\debug\net8.0\dft.dtro.tests.dll" id="d6be6b87-bfa2-31c1-692f-4a9b4fe4bab3">
      <Execution id="ffc7ee9e-2aa3-4984-8d28-8493d87870b7" />
      <TestMethod codeBase="C:\Users\BELGP3\OneDrive - PA Consulting Group\Documents\Work\Code\PA\Clients\DfT\dft-dtro-beta\Src\Dft.DTRO.Tests\bin\Debug\net8.0\Dft.DTRO.Tests.dll" adapterTypeName="executor://xunit/VsTestRunner3/netcore/" className="ApplicationControllerTests" name="GetApplicationDetailsValidRequestReturnsOk" />
    </UnitTest>
    <UnitTest name="Dft.DTRO.Tests.ServicesTests.Validations.GeometryValidationServiceTests.ValidateLinearGeometryDirection(direction: &quot;bidirectional&quot;, schemaVersion: &quot;3.3.0&quot;, errorCount: 0)" storage="c:\users\belgp3\onedrive - pa consulting group\documents\work\code\pa\clients\dft\dft-dtro-beta\src\dft.dtro.tests\bin\debug\net8.0\dft.dtro.tests.dll" id="8a189707-77aa-d68d-82e8-022eac8ffdec">
      <Execution id="a01badf4-8103-406e-ad4a-196b03c15658" />
      <TestMethod codeBase="C:\Users\BELGP3\OneDrive - PA Consulting Group\Documents\Work\Code\PA\Clients\DfT\dft-dtro-beta\Src\Dft.DTRO.Tests\bin\Debug\net8.0\Dft.DTRO.Tests.dll" adapterTypeName="executor://xunit/VsTestRunner3/netcore/" className="Dft.DTRO.Tests.ServicesTests.Validations.GeometryValidationServiceTests" name="ValidateLinearGeometryDirection" />
    </UnitTest>
    <UnitTest name="Dft.DTRO.Tests.ServicesTests.Validations.RateLineValidationServiceTests.ValidateRateLineDuration(conditionType: &quot;ConditionSet&quot;, description: null, errorCount: 1)" storage="c:\users\belgp3\onedrive - pa consulting group\documents\work\code\pa\clients\dft\dft-dtro-beta\src\dft.dtro.tests\bin\debug\net8.0\dft.dtro.tests.dll" id="012d1873-d5d1-d2a8-c116-c220f0f59aa4">
      <Execution id="f4813190-1999-426f-8873-b6bfe82b7ce9" />
      <TestMethod codeBase="C:\Users\BELGP3\OneDrive - PA Consulting Group\Documents\Work\Code\PA\Clients\DfT\dft-dtro-beta\Src\Dft.DTRO.Tests\bin\Debug\net8.0\Dft.DTRO.Tests.dll" adapterTypeName="executor://xunit/VsTestRunner3/netcore/" className="Dft.DTRO.Tests.ServicesTests.Validations.RateLineValidationServiceTests" name="ValidateRateLineDuration" />
    </UnitTest>
    <UnitTest name="Dft.DTRO.Tests.ServicesTests.Validations.GeometryValidationServiceTests.ValidateLinearGeometryDirection(direction: &quot;startToEnd&quot;, schemaVersion: &quot;3.3.0&quot;, errorCount: 0)" storage="c:\users\belgp3\onedrive - pa consulting group\documents\work\code\pa\clients\dft\dft-dtro-beta\src\dft.dtro.tests\bin\debug\net8.0\dft.dtro.tests.dll" id="dde16220-f386-7f84-2097-e988f5020fc9">
      <Execution id="e38d4015-5057-4775-b1a4-30fdef480e0b" />
      <TestMethod codeBase="C:\Users\BELGP3\OneDrive - PA Consulting Group\Documents\Work\Code\PA\Clients\DfT\dft-dtro-beta\Src\Dft.DTRO.Tests\bin\Debug\net8.0\Dft.DTRO.Tests.dll" adapterTypeName="executor://xunit/VsTestRunner3/netcore/" className="Dft.DTRO.Tests.ServicesTests.Validations.GeometryValidationServiceTests" name="ValidateLinearGeometryDirection" />
    </UnitTest>
    <UnitTest name="Dft.DTRO.Tests.ServicesTests.Validations.RateLineCollectionValidationServiceTests.ValidateRateLineCollectionResetTime(conditionType: &quot;ConditionSet&quot;, resetTime: &quot;23:59:59&quot;, errorCount: 0)" storage="c:\users\belgp3\onedrive - pa consulting group\documents\work\code\pa\clients\dft\dft-dtro-beta\src\dft.dtro.tests\bin\debug\net8.0\dft.dtro.tests.dll" id="feaba9d5-3e6c-74d8-c166-3df79ea5d2ae">
      <Execution id="d62ff35b-3d08-491f-a427-42e0913dfb9e" />
      <TestMethod codeBase="C:\Users\BELGP3\OneDrive - PA Consulting Group\Documents\Work\Code\PA\Clients\DfT\dft-dtro-beta\Src\Dft.DTRO.Tests\bin\Debug\net8.0\Dft.DTRO.Tests.dll" adapterTypeName="executor://xunit/VsTestRunner3/netcore/" className="Dft.DTRO.Tests.ServicesTests.Validations.RateLineCollectionValidationServiceTests" name="ValidateRateLineCollectionResetTime" />
    </UnitTest>
    <UnitTest name="Dft.DTRO.Tests.ServicesTests.Validations.RateLineCollectionValidationServiceTests.ValidateRateLineCollectionResetTime(conditionType: &quot;Condition&quot;, resetTime: &quot;badTime&quot;, errorCount: 1)" storage="c:\users\belgp3\onedrive - pa consulting group\documents\work\code\pa\clients\dft\dft-dtro-beta\src\dft.dtro.tests\bin\debug\net8.0\dft.dtro.tests.dll" id="890e0418-f8c3-9979-307d-56f29c5ae195">
      <Execution id="fcd912e5-9600-47fe-89bd-f192205444aa" />
      <TestMethod codeBase="C:\Users\BELGP3\OneDrive - PA Consulting Group\Documents\Work\Code\PA\Clients\DfT\dft-dtro-beta\Src\Dft.DTRO.Tests\bin\Debug\net8.0\Dft.DTRO.Tests.dll" adapterTypeName="executor://xunit/VsTestRunner3/netcore/" className="Dft.DTRO.Tests.ServicesTests.Validations.RateLineCollectionValidationServiceTests" name="ValidateRateLineCollectionResetTime" />
    </UnitTest>
    <UnitTest name="Dft.DTRO.Tests.ServicesTests.Validations.RegulationValidationTests.ValidateSpeedLimitValueBasedSpeedType(type: &quot;minimumSpeedLimit&quot;, errorCount: 0)" storage="c:\users\belgp3\onedrive - pa consulting group\documents\work\code\pa\clients\dft\dft-dtro-beta\src\dft.dtro.tests\bin\debug\net8.0\dft.dtro.tests.dll" id="ca88ddd1-d67a-3fd6-96b7-95639586d7ae">
      <Execution id="ea22dcd3-85b7-4913-950d-efd863ce2fc6" />
      <TestMethod codeBase="C:\Users\BELGP3\OneDrive - PA Consulting Group\Documents\Work\Code\PA\Clients\DfT\dft-dtro-beta\Src\Dft.DTRO.Tests\bin\Debug\net8.0\Dft.DTRO.Tests.dll" adapterTypeName="executor://xunit/VsTestRunner3/netcore/" className="Dft.DTRO.Tests.ServicesTests.Validations.RegulationValidationTests" name="ValidateSpeedLimitValueBasedSpeedType" />
    </UnitTest>
    <UnitTest name="Dft.DTRO.Tests.ServicesTests.Validations.RegulationValidationTests.ValidateGeneralRegulationRegulationType(regulationType: &quot;kerbsideDoubleRedLines&quot;, errorCount: 0)" storage="c:\users\belgp3\onedrive - pa consulting group\documents\work\code\pa\clients\dft\dft-dtro-beta\src\dft.dtro.tests\bin\debug\net8.0\dft.dtro.tests.dll" id="baaefc24-7a87-875d-4ebc-eb3d831a8ba7">
      <Execution id="ce9b4810-d52a-4c44-9e8a-1cdd2d72cdeb" />
      <TestMethod codeBase="C:\Users\BELGP3\OneDrive - PA Consulting Group\Documents\Work\Code\PA\Clients\DfT\dft-dtro-beta\Src\Dft.DTRO.Tests\bin\Debug\net8.0\Dft.DTRO.Tests.dll" adapterTypeName="executor://xunit/VsTestRunner3/netcore/" className="Dft.DTRO.Tests.ServicesTests.Validations.RegulationValidationTests" name="ValidateGeneralRegulationRegulationType" />
    </UnitTest>
    <UnitTest name="Dft.DTRO.Tests.ServicesTests.Validations.RateLineValidationServiceTests.ValidateRateLineRateLineType(conditionType: &quot;Condition&quot;, rateLineType: &quot;&quot;, errorCount: 1)" storage="c:\users\belgp3\onedrive - pa consulting group\documents\work\code\pa\clients\dft\dft-dtro-beta\src\dft.dtro.tests\bin\debug\net8.0\dft.dtro.tests.dll" id="0d676467-1a25-4b14-81af-b9274ece7016">
      <Execution id="33b57523-659e-4f3f-9099-2a35bacdc1ad" />
      <TestMethod codeBase="C:\Users\BELGP3\OneDrive - PA Consulting Group\Documents\Work\Code\PA\Clients\DfT\dft-dtro-beta\Src\Dft.DTRO.Tests\bin\Debug\net8.0\Dft.DTRO.Tests.dll" adapterTypeName="executor://xunit/VsTestRunner3/netcore/" className="Dft.DTRO.Tests.ServicesTests.Validations.RateLineValidationServiceTests" name="ValidateRateLineRateLineType" />
    </UnitTest>
    <UnitTest name="Dft.DTRO.Tests.ServicesTests.Validations.SourceValidationServiceTests.ValidateSourceActionType(version: &quot;3.3.0&quot;, actionType: &quot;new&quot;, traCode: 1050, errorCount: 0)" storage="c:\users\belgp3\onedrive - pa consulting group\documents\work\code\pa\clients\dft\dft-dtro-beta\src\dft.dtro.tests\bin\debug\net8.0\dft.dtro.tests.dll" id="6ded2ebe-4a9f-5891-1f86-16b931bfbdfd">
      <Execution id="c83a2d18-ec83-44dc-bd35-60555cb896d1" />
      <TestMethod codeBase="C:\Users\BELGP3\OneDrive - PA Consulting Group\Documents\Work\Code\PA\Clients\DfT\dft-dtro-beta\Src\Dft.DTRO.Tests\bin\Debug\net8.0\Dft.DTRO.Tests.dll" adapterTypeName="executor://xunit/VsTestRunner3/netcore/" className="Dft.DTRO.Tests.ServicesTests.Validations.SourceValidationServiceTests" name="ValidateSourceActionType" />
    </UnitTest>
    <UnitTest name="Dft.DTRO.Tests.DALTests.ApplicationDalTests.CheckApplicationNameDoesNotExistShouldReturnTrueWhenNameDoesNotExist" storage="c:\users\belgp3\onedrive - pa consulting group\documents\work\code\pa\clients\dft\dft-dtro-beta\src\dft.dtro.tests\bin\debug\net8.0\dft.dtro.tests.dll" id="7a69688c-bd46-93ee-37ce-64a700f75885">
      <Execution id="51cff752-66a0-496b-b21b-e163be807c1d" />
      <TestMethod codeBase="C:\Users\BELGP3\OneDrive - PA Consulting Group\Documents\Work\Code\PA\Clients\DfT\dft-dtro-beta\Src\Dft.DTRO.Tests\bin\Debug\net8.0\Dft.DTRO.Tests.dll" adapterTypeName="executor://xunit/VsTestRunner3/netcore/" className="Dft.DTRO.Tests.DALTests.ApplicationDalTests" name="CheckApplicationNameDoesNotExistShouldReturnTrueWhenNameDoesNotExist" />
    </UnitTest>
    <UnitTest name="Dft.DTRO.Tests.ServicesTests.Validations.UniqueStreetReferenceNumberValidationServiceTests.ValidateUniqueStreetReferenceNumberUsrn(usrn: 100000000, errorCount: 1)" storage="c:\users\belgp3\onedrive - pa consulting group\documents\work\code\pa\clients\dft\dft-dtro-beta\src\dft.dtro.tests\bin\debug\net8.0\dft.dtro.tests.dll" id="4d2ea24c-e317-8354-2aab-248a3713db73">
      <Execution id="9578a223-0129-4cf5-8ff1-8e72780325d0" />
      <TestMethod codeBase="C:\Users\BELGP3\OneDrive - PA Consulting Group\Documents\Work\Code\PA\Clients\DfT\dft-dtro-beta\Src\Dft.DTRO.Tests\bin\Debug\net8.0\Dft.DTRO.Tests.dll" adapterTypeName="executor://xunit/VsTestRunner3/netcore/" className="Dft.DTRO.Tests.ServicesTests.Validations.UniqueStreetReferenceNumberValidationServiceTests" name="ValidateUniqueStreetReferenceNumberUsrn" />
    </UnitTest>
    <UnitTest name="Dft.DTRO.Tests.ServicesTests.Validations.GeometryValidationServiceTests.ValidatePointGeometryPoint(point: &quot;ETR=S89;POINT(100 1000)&quot;, schemaVersion: &quot;3.3.0&quot;, errorCount: 1)" storage="c:\users\belgp3\onedrive - pa consulting group\documents\work\code\pa\clients\dft\dft-dtro-beta\src\dft.dtro.tests\bin\debug\net8.0\dft.dtro.tests.dll" id="127fe8b4-ed00-32dc-e636-3c1d4628ab72">
      <Execution id="eb5dbf28-5da2-4feb-91d2-8cdbfabbfb0e" />
      <TestMethod codeBase="C:\Users\BELGP3\OneDrive - PA Consulting Group\Documents\Work\Code\PA\Clients\DfT\dft-dtro-beta\Src\Dft.DTRO.Tests\bin\Debug\net8.0\Dft.DTRO.Tests.dll" adapterTypeName="executor://xunit/VsTestRunner3/netcore/" className="Dft.DTRO.Tests.ServicesTests.Validations.GeometryValidationServiceTests" name="ValidatePointGeometryPoint" />
    </UnitTest>
    <UnitTest name="Dft.DTRO.Tests.ServicesTests.Validations.ProvisionValidationServiceTests.ValidateProvisionReferenceForSchema330(reference: &quot;D5E7FBE5-5A7A-4A81-8E27-CDB008EC729D&quot;, errorCount: 0)" storage="c:\users\belgp3\onedrive - pa consulting group\documents\work\code\pa\clients\dft\dft-dtro-beta\src\dft.dtro.tests\bin\debug\net8.0\dft.dtro.tests.dll" id="14ca5263-de90-cb01-e248-e12b69aea6a9">
      <Execution id="0766a86c-6361-43d5-b80e-ebc8edced5d6" />
      <TestMethod codeBase="C:\Users\BELGP3\OneDrive - PA Consulting Group\Documents\Work\Code\PA\Clients\DfT\dft-dtro-beta\Src\Dft.DTRO.Tests\bin\Debug\net8.0\Dft.DTRO.Tests.dll" adapterTypeName="executor://xunit/VsTestRunner3/netcore/" className="Dft.DTRO.Tests.ServicesTests.Validations.ProvisionValidationServiceTests" name="ValidateProvisionReferenceForSchema330" />
    </UnitTest>
    <UnitTest name="Dft.DTRO.Tests.ServicesTests.Validations.UniqueStreetReferenceNumberValidationServiceTests.ValidateUniqueStreetReferenceNumberMultipleDifferentUsrn" storage="c:\users\belgp3\onedrive - pa consulting group\documents\work\code\pa\clients\dft\dft-dtro-beta\src\dft.dtro.tests\bin\debug\net8.0\dft.dtro.tests.dll" id="e685684a-a02b-c1ac-6057-87e9ad5386ab">
      <Execution id="112ca485-1137-4f04-a560-ef5cfcf3ab2f" />
      <TestMethod codeBase="C:\Users\BELGP3\OneDrive - PA Consulting Group\Documents\Work\Code\PA\Clients\DfT\dft-dtro-beta\Src\Dft.DTRO.Tests\bin\Debug\net8.0\Dft.DTRO.Tests.dll" adapterTypeName="executor://xunit/VsTestRunner3/netcore/" className="Dft.DTRO.Tests.ServicesTests.Validations.UniqueStreetReferenceNumberValidationServiceTests" name="ValidateUniqueStreetReferenceNumberMultipleDifferentUsrn" />
    </UnitTest>
    <UnitTest name="Dft.DTRO.Tests.ServicesTests.Validations.SemanticValidationServiceTests.AllowsCoordinatesWithinPolygon(version: &quot;3.2.4&quot;)" storage="c:\users\belgp3\onedrive - pa consulting group\documents\work\code\pa\clients\dft\dft-dtro-beta\src\dft.dtro.tests\bin\debug\net8.0\dft.dtro.tests.dll" id="156bef2f-7815-e37f-cfa9-05a6c5bcd60e">
      <Execution id="34bc7ca8-5ca0-4134-ab46-f67fde07a182" />
      <TestMethod codeBase="C:\Users\BELGP3\OneDrive - PA Consulting Group\Documents\Work\Code\PA\Clients\DfT\dft-dtro-beta\Src\Dft.DTRO.Tests\bin\Debug\net8.0\Dft.DTRO.Tests.dll" adapterTypeName="executor://xunit/VsTestRunner3/netcore/" className="Dft.DTRO.Tests.ServicesTests.Validations.SemanticValidationServiceTests" name="AllowsCoordinatesWithinPolygon" />
    </UnitTest>
    <UnitTest name="Dft.DTRO.Tests.ServicesTests.Validations.ProvisionValidationServiceTests.ValidateProvisionReferenceForSchema324(reference: &quot;D5E7FBE5-5A7A-4A81-8E27-CDB008EC729D&quot;, errorCount: 0)" storage="c:\users\belgp3\onedrive - pa consulting group\documents\work\code\pa\clients\dft\dft-dtro-beta\src\dft.dtro.tests\bin\debug\net8.0\dft.dtro.tests.dll" id="0426dee1-6e7b-dec2-07e0-2b0608c54538">
      <Execution id="d29f3842-f81b-4f35-be55-ccd9d8e73f52" />
      <TestMethod codeBase="C:\Users\BELGP3\OneDrive - PA Consulting Group\Documents\Work\Code\PA\Clients\DfT\dft-dtro-beta\Src\Dft.DTRO.Tests\bin\Debug\net8.0\Dft.DTRO.Tests.dll" adapterTypeName="executor://xunit/VsTestRunner3/netcore/" className="Dft.DTRO.Tests.ServicesTests.Validations.ProvisionValidationServiceTests" name="ValidateProvisionReferenceForSchema324" />
    </UnitTest>
    <UnitTest name="Dft.DTRO.Tests.ServicesTests.Validations.JsonLogicValidationTests.AllowsExceptionPeriodEndTimeBeforeOverallPeriodEndTime" storage="c:\users\belgp3\onedrive - pa consulting group\documents\work\code\pa\clients\dft\dft-dtro-beta\src\dft.dtro.tests\bin\debug\net8.0\dft.dtro.tests.dll" id="1fec2789-b420-d099-ee73-c429e4241b42">
      <Execution id="1385ca22-df18-4309-b1ed-e52fb89ba291" />
      <TestMethod codeBase="C:\Users\BELGP3\OneDrive - PA Consulting Group\Documents\Work\Code\PA\Clients\DfT\dft-dtro-beta\Src\Dft.DTRO.Tests\bin\Debug\net8.0\Dft.DTRO.Tests.dll" adapterTypeName="executor://xunit/VsTestRunner3/netcore/" className="Dft.DTRO.Tests.ServicesTests.Validations.JsonLogicValidationTests" name="AllowsExceptionPeriodEndTimeBeforeOverallPeriodEndTime" />
    </UnitTest>
    <UnitTest name="Dft.DTRO.Tests.ServicesTests.Validations.RegulationValidationTests.ValidateGeneralRegulationRegulationType(regulationType: &quot;kerbsideLoadingPlace&quot;, errorCount: 0)" storage="c:\users\belgp3\onedrive - pa consulting group\documents\work\code\pa\clients\dft\dft-dtro-beta\src\dft.dtro.tests\bin\debug\net8.0\dft.dtro.tests.dll" id="99072980-b74e-bb60-e1ca-d6867d1507b3">
      <Execution id="28278d95-29c4-44a6-af56-745fa1cd6d52" />
      <TestMethod codeBase="C:\Users\BELGP3\OneDrive - PA Consulting Group\Documents\Work\Code\PA\Clients\DfT\dft-dtro-beta\Src\Dft.DTRO.Tests\bin\Debug\net8.0\Dft.DTRO.Tests.dll" adapterTypeName="executor://xunit/VsTestRunner3/netcore/" className="Dft.DTRO.Tests.ServicesTests.Validations.RegulationValidationTests" name="ValidateGeneralRegulationRegulationType" />
    </UnitTest>
    <UnitTest name="Dft.DTRO.Tests.ServicesTests.Validations.JsonLogicValidationTests.AllowsUniqueApplicableWeekInValidityPeriod" storage="c:\users\belgp3\onedrive - pa consulting group\documents\work\code\pa\clients\dft\dft-dtro-beta\src\dft.dtro.tests\bin\debug\net8.0\dft.dtro.tests.dll" id="6283613c-c4a4-0fde-36c9-18190bfb63e2">
      <Execution id="3f923eb2-dbb4-4b7b-a44e-85b709cb6783" />
      <TestMethod codeBase="C:\Users\BELGP3\OneDrive - PA Consulting Group\Documents\Work\Code\PA\Clients\DfT\dft-dtro-beta\Src\Dft.DTRO.Tests\bin\Debug\net8.0\Dft.DTRO.Tests.dll" adapterTypeName="executor://xunit/VsTestRunner3/netcore/" className="Dft.DTRO.Tests.ServicesTests.Validations.JsonLogicValidationTests" name="AllowsUniqueApplicableWeekInValidityPeriod" />
    </UnitTest>
    <UnitTest name="Dft.DTRO.Tests.ServicesTests.Validations.RateLineValidationServiceTests.ValidateRateLineRateUsageConditionType(conditionType: &quot;Condition&quot;, usageCondition: &quot;once&quot;, errorCount: 0)" storage="c:\users\belgp3\onedrive - pa consulting group\documents\work\code\pa\clients\dft\dft-dtro-beta\src\dft.dtro.tests\bin\debug\net8.0\dft.dtro.tests.dll" id="d30bd93a-296b-5efe-6a20-f2d851fa8050">
      <Execution id="645e1556-45a5-41c9-9d9b-2d37aa8e83b1" />
      <TestMethod codeBase="C:\Users\BELGP3\OneDrive - PA Consulting Group\Documents\Work\Code\PA\Clients\DfT\dft-dtro-beta\Src\Dft.DTRO.Tests\bin\Debug\net8.0\Dft.DTRO.Tests.dll" adapterTypeName="executor://xunit/VsTestRunner3/netcore/" className="Dft.DTRO.Tests.ServicesTests.Validations.RateLineValidationServiceTests" name="ValidateRateLineRateUsageConditionType" />
    </UnitTest>
    <UnitTest name="Dft.DTRO.Tests.ServicesTests.Validations.RateLineValidationServiceTests.ValidateRateLineRateUsageConditionType(conditionType: &quot;ConditionSet&quot;, usageCondition: &quot;unknown&quot;, errorCount: 1)" storage="c:\users\belgp3\onedrive - pa consulting group\documents\work\code\pa\clients\dft\dft-dtro-beta\src\dft.dtro.tests\bin\debug\net8.0\dft.dtro.tests.dll" id="cd208545-947c-b588-7723-c30271adad40">
      <Execution id="60a24620-72e5-4d56-bde3-e8859958efd9" />
      <TestMethod codeBase="C:\Users\BELGP3\OneDrive - PA Consulting Group\Documents\Work\Code\PA\Clients\DfT\dft-dtro-beta\Src\Dft.DTRO.Tests\bin\Debug\net8.0\Dft.DTRO.Tests.dll" adapterTypeName="executor://xunit/VsTestRunner3/netcore/" className="Dft.DTRO.Tests.ServicesTests.Validations.RateLineValidationServiceTests" name="ValidateRateLineRateUsageConditionType" />
    </UnitTest>
    <UnitTest name="Dft.DTRO.Tests.ServicesTests.Validations.RegulationValidationTests.ValidateGeneralRegulationRegulationType(regulationType: &quot;miscBusLaneWithTrafficFlow&quot;, errorCount: 0)" storage="c:\users\belgp3\onedrive - pa consulting group\documents\work\code\pa\clients\dft\dft-dtro-beta\src\dft.dtro.tests\bin\debug\net8.0\dft.dtro.tests.dll" id="863f2649-8cc4-ed85-7319-005d14d0d4bf">
      <Execution id="bcf6976d-803d-4cd0-a5b6-5aca90d94a9c" />
      <TestMethod codeBase="C:\Users\BELGP3\OneDrive - PA Consulting Group\Documents\Work\Code\PA\Clients\DfT\dft-dtro-beta\Src\Dft.DTRO.Tests\bin\Debug\net8.0\Dft.DTRO.Tests.dll" adapterTypeName="executor://xunit/VsTestRunner3/netcore/" className="Dft.DTRO.Tests.ServicesTests.Validations.RegulationValidationTests" name="ValidateGeneralRegulationRegulationType" />
    </UnitTest>
    <UnitTest name="DfT.DTRO.Tests.CodeiumTests.Integration.SchemaController_Codeium_Tests.ActivateSchema_SchemaTemplateServiceActivates_ReturnsOk" storage="c:\users\belgp3\onedrive - pa consulting group\documents\work\code\pa\clients\dft\dft-dtro-beta\src\dft.dtro.tests\bin\debug\net8.0\dft.dtro.tests.dll" id="ec6e3fc0-848b-8b59-4342-f3a819a10a25">
      <Execution id="ef431d55-86b5-4965-a6cb-c8e42f0fae3d" />
      <TestMethod codeBase="C:\Users\BELGP3\OneDrive - PA Consulting Group\Documents\Work\Code\PA\Clients\DfT\dft-dtro-beta\Src\Dft.DTRO.Tests\bin\Debug\net8.0\Dft.DTRO.Tests.dll" adapterTypeName="executor://xunit/VsTestRunner3/netcore/" className="DfT.DTRO.Tests.CodeiumTests.Integration.SchemaController_Codeium_Tests" name="ActivateSchema_SchemaTemplateServiceActivates_ReturnsOk" />
    </UnitTest>
    <UnitTest name="Dft.DTRO.Tests.ServicesTests.Validations.RegulationValidationTests.ValidateGeneralRegulationRegulationType(regulationType: &quot;kerbsidePaymentParkingPlace&quot;, errorCount: 0)" storage="c:\users\belgp3\onedrive - pa consulting group\documents\work\code\pa\clients\dft\dft-dtro-beta\src\dft.dtro.tests\bin\debug\net8.0\dft.dtro.tests.dll" id="ae7d1064-0796-909c-9abc-aa6352ee99b4">
      <Execution id="6f3e54ea-7030-4e84-86c9-6da69de0cd32" />
      <TestMethod codeBase="C:\Users\BELGP3\OneDrive - PA Consulting Group\Documents\Work\Code\PA\Clients\DfT\dft-dtro-beta\Src\Dft.DTRO.Tests\bin\Debug\net8.0\Dft.DTRO.Tests.dll" adapterTypeName="executor://xunit/VsTestRunner3/netcore/" className="Dft.DTRO.Tests.ServicesTests.Validations.RegulationValidationTests" name="ValidateGeneralRegulationRegulationType" />
    </UnitTest>
    <UnitTest name="Dft.DTRO.Tests.ServicesTests.Validations.JsonLogicValidationTests.DisallowsOverallPeriodEndTimeBeforeStartTime" storage="c:\users\belgp3\onedrive - pa consulting group\documents\work\code\pa\clients\dft\dft-dtro-beta\src\dft.dtro.tests\bin\debug\net8.0\dft.dtro.tests.dll" id="19fbea96-a832-a008-9e2e-6bf0103deb7e">
      <Execution id="d8ce7ef6-062c-4703-a9a1-7cb5d9e5f360" />
      <TestMethod codeBase="C:\Users\BELGP3\OneDrive - PA Consulting Group\Documents\Work\Code\PA\Clients\DfT\dft-dtro-beta\Src\Dft.DTRO.Tests\bin\Debug\net8.0\Dft.DTRO.Tests.dll" adapterTypeName="executor://xunit/VsTestRunner3/netcore/" className="Dft.DTRO.Tests.ServicesTests.Validations.JsonLogicValidationTests" name="DisallowsOverallPeriodEndTimeBeforeStartTime" />
    </UnitTest>
    <UnitTest name="Dft.DTRO.Tests.ServicesTests.Validations.RegulationValidationTests.ValidateGeneralRegulationRegulationType(regulationType: &quot;kerbsideRedRouteClearway&quot;, errorCount: 0)" storage="c:\users\belgp3\onedrive - pa consulting group\documents\work\code\pa\clients\dft\dft-dtro-beta\src\dft.dtro.tests\bin\debug\net8.0\dft.dtro.tests.dll" id="0ff62c36-0d50-5c91-ceb2-3b4d9449dd60">
      <Execution id="b4b5cd2e-6cee-4cb6-8cbe-99eccd0103ce" />
      <TestMethod codeBase="C:\Users\BELGP3\OneDrive - PA Consulting Group\Documents\Work\Code\PA\Clients\DfT\dft-dtro-beta\Src\Dft.DTRO.Tests\bin\Debug\net8.0\Dft.DTRO.Tests.dll" adapterTypeName="executor://xunit/VsTestRunner3/netcore/" className="Dft.DTRO.Tests.ServicesTests.Validations.RegulationValidationTests" name="ValidateGeneralRegulationRegulationType" />
    </UnitTest>
    <UnitTest name="Dft.DTRO.Tests.ServicesTests.Validations.RegulationValidationTests.ValidateRegulationOffListRegulationRegulationFullText(regulationFullText: &quot;free text&quot;, errorCount: 0)" storage="c:\users\belgp3\onedrive - pa consulting group\documents\work\code\pa\clients\dft\dft-dtro-beta\src\dft.dtro.tests\bin\debug\net8.0\dft.dtro.tests.dll" id="92ca6dfc-a779-f933-90b4-1257d69a07f6">
      <Execution id="8003e7b6-53c4-43e5-91f5-98d91341ea46" />
      <TestMethod codeBase="C:\Users\BELGP3\OneDrive - PA Consulting Group\Documents\Work\Code\PA\Clients\DfT\dft-dtro-beta\Src\Dft.DTRO.Tests\bin\Debug\net8.0\Dft.DTRO.Tests.dll" adapterTypeName="executor://xunit/VsTestRunner3/netcore/" className="Dft.DTRO.Tests.ServicesTests.Validations.RegulationValidationTests" name="ValidateRegulationOffListRegulationRegulationFullText" />
    </UnitTest>
    <UnitTest name="Dft.DTRO.Tests.ServicesTests.Validations.GeometryValidationServiceTests.ValidatePolygonPolygon(polygon: &quot;ETR=S89;POLYGON((529100 178750, 529200 178750, 529&quot;···, schemaVersion: &quot;3.3.0&quot;, errorCount: 1)" storage="c:\users\belgp3\onedrive - pa consulting group\documents\work\code\pa\clients\dft\dft-dtro-beta\src\dft.dtro.tests\bin\debug\net8.0\dft.dtro.tests.dll" id="104a6191-95b3-d7f3-0db4-f81eafaa4516">
      <Execution id="2f920e4a-6e49-477c-a74d-eb2ef6535b4a" />
      <TestMethod codeBase="C:\Users\BELGP3\OneDrive - PA Consulting Group\Documents\Work\Code\PA\Clients\DfT\dft-dtro-beta\Src\Dft.DTRO.Tests\bin\Debug\net8.0\Dft.DTRO.Tests.dll" adapterTypeName="executor://xunit/VsTestRunner3/netcore/" className="Dft.DTRO.Tests.ServicesTests.Validations.GeometryValidationServiceTests" name="ValidatePolygonPolygon" />
    </UnitTest>
    <UnitTest name="Dft.DTRO.Tests.ServicesTests.Validations.RateLineValidationServiceTests.ValidateRateLineRateUsageConditionType(conditionType: &quot;ConditionSet&quot;, usageCondition: &quot;once&quot;, errorCount: 0)" storage="c:\users\belgp3\onedrive - pa consulting group\documents\work\code\pa\clients\dft\dft-dtro-beta\src\dft.dtro.tests\bin\debug\net8.0\dft.dtro.tests.dll" id="471af923-4865-926e-b456-3302dc76d53c">
      <Execution id="3e570463-9743-4790-bf69-c42bb2449038" />
      <TestMethod codeBase="C:\Users\BELGP3\OneDrive - PA Consulting Group\Documents\Work\Code\PA\Clients\DfT\dft-dtro-beta\Src\Dft.DTRO.Tests\bin\Debug\net8.0\Dft.DTRO.Tests.dll" adapterTypeName="executor://xunit/VsTestRunner3/netcore/" className="Dft.DTRO.Tests.ServicesTests.Validations.RateLineValidationServiceTests" name="ValidateRateLineRateUsageConditionType" />
    </UnitTest>
    <UnitTest name="Dft.DTRO.Tests.ServicesTests.Validations.SourceValidationServiceTests.ValidateSourceCurrentTraOwner(version: &quot;3.2.4&quot;, traCode: 1050, errorCount: 0)" storage="c:\users\belgp3\onedrive - pa consulting group\documents\work\code\pa\clients\dft\dft-dtro-beta\src\dft.dtro.tests\bin\debug\net8.0\dft.dtro.tests.dll" id="34626241-c38f-af31-751d-ab5813594b69">
      <Execution id="836cf064-6b71-4a2f-b429-71ea916a9acd" />
      <TestMethod codeBase="C:\Users\BELGP3\OneDrive - PA Consulting Group\Documents\Work\Code\PA\Clients\DfT\dft-dtro-beta\Src\Dft.DTRO.Tests\bin\Debug\net8.0\Dft.DTRO.Tests.dll" adapterTypeName="executor://xunit/VsTestRunner3/netcore/" className="Dft.DTRO.Tests.ServicesTests.Validations.SourceValidationServiceTests" name="ValidateSourceCurrentTraOwner" />
    </UnitTest>
    <UnitTest name="Dft.DTRO.Tests.CodeiumTests.Rules.Controller.RulesControllerUpdateTests.UpdateRule_WithInvalidOperationException_ReturnsBadRequest" storage="c:\users\belgp3\onedrive - pa consulting group\documents\work\code\pa\clients\dft\dft-dtro-beta\src\dft.dtro.tests\bin\debug\net8.0\dft.dtro.tests.dll" id="ad370dbb-359a-2cf7-a48a-262ae5238fac">
      <Execution id="b86f8c97-5a58-4a01-ad00-e0ba27e5e6db" />
      <TestMethod codeBase="C:\Users\BELGP3\OneDrive - PA Consulting Group\Documents\Work\Code\PA\Clients\DfT\dft-dtro-beta\Src\Dft.DTRO.Tests\bin\Debug\net8.0\Dft.DTRO.Tests.dll" adapterTypeName="executor://xunit/VsTestRunner3/netcore/" className="Dft.DTRO.Tests.CodeiumTests.Rules.Controller.RulesControllerUpdateTests" name="UpdateRule_WithInvalidOperationException_ReturnsBadRequest" />
    </UnitTest>
    <UnitTest name="Dft.DTRO.Tests.ServicesTests.Validations.RateLineValidationServiceTests.ValidateRateLineDurationEnd(conditionType: &quot;ConditionSet&quot;, durationEnd: 1, errorCount: 0)" storage="c:\users\belgp3\onedrive - pa consulting group\documents\work\code\pa\clients\dft\dft-dtro-beta\src\dft.dtro.tests\bin\debug\net8.0\dft.dtro.tests.dll" id="f9b28fb8-34a4-ab1c-8410-ff0fd449dde2">
      <Execution id="050c2f5e-20a8-4a03-9d63-4e0211a8f47e" />
      <TestMethod codeBase="C:\Users\BELGP3\OneDrive - PA Consulting Group\Documents\Work\Code\PA\Clients\DfT\dft-dtro-beta\Src\Dft.DTRO.Tests\bin\Debug\net8.0\Dft.DTRO.Tests.dll" adapterTypeName="executor://xunit/VsTestRunner3/netcore/" className="Dft.DTRO.Tests.ServicesTests.Validations.RateLineValidationServiceTests" name="ValidateRateLineDurationEnd" />
    </UnitTest>
    <UnitTest name="Dft.DTRO.Tests.CodeiumTests.Rules.Controller.RulesControllerUpdateTests.UpdateRule_WithValidFile_ReturnsCreatedAtAction" storage="c:\users\belgp3\onedrive - pa consulting group\documents\work\code\pa\clients\dft\dft-dtro-beta\src\dft.dtro.tests\bin\debug\net8.0\dft.dtro.tests.dll" id="a2b2f5c2-467a-45f9-4ca9-e16ad38ed5f7">
      <Execution id="81ee7e10-19c3-4968-807b-c960575f9c89" />
      <TestMethod codeBase="C:\Users\BELGP3\OneDrive - PA Consulting Group\Documents\Work\Code\PA\Clients\DfT\dft-dtro-beta\Src\Dft.DTRO.Tests\bin\Debug\net8.0\Dft.DTRO.Tests.dll" adapterTypeName="executor://xunit/VsTestRunner3/netcore/" className="Dft.DTRO.Tests.CodeiumTests.Rules.Controller.RulesControllerUpdateTests" name="UpdateRule_WithValidFile_ReturnsCreatedAtAction" />
    </UnitTest>
    <UnitTest name="Dft.DTRO.Tests.ServicesTests.Validations.JsonLogicValidationTests.DisallowsRecurringTimePeriodOfDayEndTimeBeforeStartTime" storage="c:\users\belgp3\onedrive - pa consulting group\documents\work\code\pa\clients\dft\dft-dtro-beta\src\dft.dtro.tests\bin\debug\net8.0\dft.dtro.tests.dll" id="a8a57f7d-28f8-2626-30cf-2cad195a0948">
      <Execution id="66c06341-db4a-4254-b317-c4d69df648df" />
      <TestMethod codeBase="C:\Users\BELGP3\OneDrive - PA Consulting Group\Documents\Work\Code\PA\Clients\DfT\dft-dtro-beta\Src\Dft.DTRO.Tests\bin\Debug\net8.0\Dft.DTRO.Tests.dll" adapterTypeName="executor://xunit/VsTestRunner3/netcore/" className="Dft.DTRO.Tests.ServicesTests.Validations.JsonLogicValidationTests" name="DisallowsRecurringTimePeriodOfDayEndTimeBeforeStartTime" />
    </UnitTest>
    <UnitTest name="Dft.DTRO.Tests.ServicesTests.Validations.JsonLogicValidationTests.AllowHeightCharacteristicValidForRegulationTypeDimensionMaximumHeightWithTro" storage="c:\users\belgp3\onedrive - pa consulting group\documents\work\code\pa\clients\dft\dft-dtro-beta\src\dft.dtro.tests\bin\debug\net8.0\dft.dtro.tests.dll" id="be2ad591-bbe5-f67c-5876-676ee11eac85">
      <Execution id="a997e003-7381-4351-9c7f-ff584f34f25b" />
      <TestMethod codeBase="C:\Users\BELGP3\OneDrive - PA Consulting Group\Documents\Work\Code\PA\Clients\DfT\dft-dtro-beta\Src\Dft.DTRO.Tests\bin\Debug\net8.0\Dft.DTRO.Tests.dll" adapterTypeName="executor://xunit/VsTestRunner3/netcore/" className="Dft.DTRO.Tests.ServicesTests.Validations.JsonLogicValidationTests" name="AllowHeightCharacteristicValidForRegulationTypeDimensionMaximumHeightWithTro" />
    </UnitTest>
    <UnitTest name="Dft.DTRO.Tests.ServicesTests.Validations.SourceValidationServiceTests.ValidateSourceSection(version: &quot;3.2.4&quot;, section: &quot;some free text&quot;, errorCount: 0)" storage="c:\users\belgp3\onedrive - pa consulting group\documents\work\code\pa\clients\dft\dft-dtro-beta\src\dft.dtro.tests\bin\debug\net8.0\dft.dtro.tests.dll" id="1f51fe46-c7e0-adfa-53f8-3a82417583f0">
      <Execution id="239e3000-341c-4f77-83ed-63786896ff9c" />
      <TestMethod codeBase="C:\Users\BELGP3\OneDrive - PA Consulting Group\Documents\Work\Code\PA\Clients\DfT\dft-dtro-beta\Src\Dft.DTRO.Tests\bin\Debug\net8.0\Dft.DTRO.Tests.dll" adapterTypeName="executor://xunit/VsTestRunner3/netcore/" className="Dft.DTRO.Tests.ServicesTests.Validations.SourceValidationServiceTests" name="ValidateSourceSection" />
    </UnitTest>
    <UnitTest name="Dft.DTRO.Tests.ServicesTests.Validations.RegulationValidationTests.ValidateGeneralRegulationRegulationType(regulationType: &quot;dimensionMaximumLength&quot;, errorCount: 0)" storage="c:\users\belgp3\onedrive - pa consulting group\documents\work\code\pa\clients\dft\dft-dtro-beta\src\dft.dtro.tests\bin\debug\net8.0\dft.dtro.tests.dll" id="af197733-6104-764d-a376-cf6d3b144218">
      <Execution id="ade9f96d-8dd9-41e6-9c71-96b64689fda7" />
      <TestMethod codeBase="C:\Users\BELGP3\OneDrive - PA Consulting Group\Documents\Work\Code\PA\Clients\DfT\dft-dtro-beta\Src\Dft.DTRO.Tests\bin\Debug\net8.0\Dft.DTRO.Tests.dll" adapterTypeName="executor://xunit/VsTestRunner3/netcore/" className="Dft.DTRO.Tests.ServicesTests.Validations.RegulationValidationTests" name="ValidateGeneralRegulationRegulationType" />
    </UnitTest>
    <UnitTest name="Dft.DTRO.Tests.CodeiumTests.Rules.Service.RuleTemplateServiceTests.UpdateRuleTemplateAsJsonAsync_NotFound" storage="c:\users\belgp3\onedrive - pa consulting group\documents\work\code\pa\clients\dft\dft-dtro-beta\src\dft.dtro.tests\bin\debug\net8.0\dft.dtro.tests.dll" id="bbedf32a-3796-74b1-19a9-10291cc20736">
      <Execution id="4c40f4a2-22ab-415d-86f3-503044ec17cc" />
      <TestMethod codeBase="C:\Users\BELGP3\OneDrive - PA Consulting Group\Documents\Work\Code\PA\Clients\DfT\dft-dtro-beta\Src\Dft.DTRO.Tests\bin\Debug\net8.0\Dft.DTRO.Tests.dll" adapterTypeName="executor://xunit/VsTestRunner3/netcore/" className="Dft.DTRO.Tests.CodeiumTests.Rules.Service.RuleTemplateServiceTests" name="UpdateRuleTemplateAsJsonAsync_NotFound" />
    </UnitTest>
    <UnitTest name="Dft.DTRO.Tests.ServicesTests.Validations.RateLineValidationServiceTests.ValidateRateLineDurationStart(conditionType: &quot;Condition&quot;, durationStart: -10, errorCount: 1)" storage="c:\users\belgp3\onedrive - pa consulting group\documents\work\code\pa\clients\dft\dft-dtro-beta\src\dft.dtro.tests\bin\debug\net8.0\dft.dtro.tests.dll" id="6dc63753-04e3-cc4e-238f-3edde2e40fc0">
      <Execution id="d7b77d40-7d68-487e-a7d9-eaeb5abe19ac" />
      <TestMethod codeBase="C:\Users\BELGP3\OneDrive - PA Consulting Group\Documents\Work\Code\PA\Clients\DfT\dft-dtro-beta\Src\Dft.DTRO.Tests\bin\Debug\net8.0\Dft.DTRO.Tests.dll" adapterTypeName="executor://xunit/VsTestRunner3/netcore/" className="Dft.DTRO.Tests.ServicesTests.Validations.RateLineValidationServiceTests" name="ValidateRateLineDurationStart" />
    </UnitTest>
    <UnitTest name="Dft.DTRO.Tests.ServicesTests.Validations.JsonLogicValidationTests.DisallowsDuplicateApplicableInstanceOfDayWithinMonthInValidityPeriod" storage="c:\users\belgp3\onedrive - pa consulting group\documents\work\code\pa\clients\dft\dft-dtro-beta\src\dft.dtro.tests\bin\debug\net8.0\dft.dtro.tests.dll" id="2b61daef-fccb-21c6-428c-5caf8f81a49c">
      <Execution id="c97c927b-3e00-43e8-97fd-afd3e782d7fb" />
      <TestMethod codeBase="C:\Users\BELGP3\OneDrive - PA Consulting Group\Documents\Work\Code\PA\Clients\DfT\dft-dtro-beta\Src\Dft.DTRO.Tests\bin\Debug\net8.0\Dft.DTRO.Tests.dll" adapterTypeName="executor://xunit/VsTestRunner3/netcore/" className="Dft.DTRO.Tests.ServicesTests.Validations.JsonLogicValidationTests" name="DisallowsDuplicateApplicableInstanceOfDayWithinMonthInValidityPeriod" />
    </UnitTest>
    <UnitTest name="Dft.DTRO.Tests.ServicesTests.Validations.GeometryValidationServiceTests.ValidatePointGeometryPoint(point: &quot;ETR=S89;POINT(323544 124622)&quot;, schemaVersion: &quot;3.3.0&quot;, errorCount: 1)" storage="c:\users\belgp3\onedrive - pa consulting group\documents\work\code\pa\clients\dft\dft-dtro-beta\src\dft.dtro.tests\bin\debug\net8.0\dft.dtro.tests.dll" id="819e60e4-59fb-cf31-a8df-2698326226cf">
      <Execution id="4a8717b8-20af-4fb3-9a3f-a65b37e4d554" />
      <TestMethod codeBase="C:\Users\BELGP3\OneDrive - PA Consulting Group\Documents\Work\Code\PA\Clients\DfT\dft-dtro-beta\Src\Dft.DTRO.Tests\bin\Debug\net8.0\Dft.DTRO.Tests.dll" adapterTypeName="executor://xunit/VsTestRunner3/netcore/" className="Dft.DTRO.Tests.ServicesTests.Validations.GeometryValidationServiceTests" name="ValidatePointGeometryPoint" />
    </UnitTest>
    <UnitTest name="Dft.DTRO.Tests.ServicesTests.Validations.RateLineCollectionValidationServiceTests.ValidateRateLineCollectionSequence(conditionType: &quot;Condition&quot;, sequence: 1, errorCount: 0)" storage="c:\users\belgp3\onedrive - pa consulting group\documents\work\code\pa\clients\dft\dft-dtro-beta\src\dft.dtro.tests\bin\debug\net8.0\dft.dtro.tests.dll" id="1354295b-99ac-a3f1-e167-ec1dd8347d86">
      <Execution id="4d35b391-a637-4a19-b88a-7cc0be456682" />
      <TestMethod codeBase="C:\Users\BELGP3\OneDrive - PA Consulting Group\Documents\Work\Code\PA\Clients\DfT\dft-dtro-beta\Src\Dft.DTRO.Tests\bin\Debug\net8.0\Dft.DTRO.Tests.dll" adapterTypeName="executor://xunit/VsTestRunner3/netcore/" className="Dft.DTRO.Tests.ServicesTests.Validations.RateLineCollectionValidationServiceTests" name="ValidateRateLineCollectionSequence" />
    </UnitTest>
    <UnitTest name="Dft.DTRO.Tests.ServicesTests.Validations.JsonLogicValidationTests.DisallowsExceptionPeriodStartTimeBeforeOverallPeriodStartTime" storage="c:\users\belgp3\onedrive - pa consulting group\documents\work\code\pa\clients\dft\dft-dtro-beta\src\dft.dtro.tests\bin\debug\net8.0\dft.dtro.tests.dll" id="8af32a14-ba02-6653-c378-697384df6c1e">
      <Execution id="5f3922be-5a54-4c20-9524-58e6fa695109" />
      <TestMethod codeBase="C:\Users\BELGP3\OneDrive - PA Consulting Group\Documents\Work\Code\PA\Clients\DfT\dft-dtro-beta\Src\Dft.DTRO.Tests\bin\Debug\net8.0\Dft.DTRO.Tests.dll" adapterTypeName="executor://xunit/VsTestRunner3/netcore/" className="Dft.DTRO.Tests.ServicesTests.Validations.JsonLogicValidationTests" name="DisallowsExceptionPeriodStartTimeBeforeOverallPeriodStartTime" />
    </UnitTest>
    <UnitTest name="Dft.DTRO.Tests.ServicesTests.Validations.GeometryValidationServiceTests.ValidateDirectedLinear(directedLineString: &quot;SRID=27700;LINESTRING(529050 178750, 529157 178805&quot;···, errorCount: 0)" storage="c:\users\belgp3\onedrive - pa consulting group\documents\work\code\pa\clients\dft\dft-dtro-beta\src\dft.dtro.tests\bin\debug\net8.0\dft.dtro.tests.dll" id="309acad5-f814-caeb-8d15-cb1daa8fda89">
      <Execution id="0fd2e126-ff90-478f-87b1-deea56b53d0f" />
      <TestMethod codeBase="C:\Users\BELGP3\OneDrive - PA Consulting Group\Documents\Work\Code\PA\Clients\DfT\dft-dtro-beta\Src\Dft.DTRO.Tests\bin\Debug\net8.0\Dft.DTRO.Tests.dll" adapterTypeName="executor://xunit/VsTestRunner3/netcore/" className="Dft.DTRO.Tests.ServicesTests.Validations.GeometryValidationServiceTests" name="ValidateDirectedLinear" />
    </UnitTest>
    <UnitTest name="Dft.DTRO.Tests.ServicesTests.Validations.RegulatedPlaceValidationServiceTests.ValidateMultipleRegulatedPlacesTypes(types: [&quot;regulationLocation&quot;, &quot;diversionRoute&quot;], errorCount: 0)" storage="c:\users\belgp3\onedrive - pa consulting group\documents\work\code\pa\clients\dft\dft-dtro-beta\src\dft.dtro.tests\bin\debug\net8.0\dft.dtro.tests.dll" id="ff58f37c-9628-b814-9adb-2370f4ba54fb">
      <Execution id="8f1b94e5-3b32-4838-9853-f113a652de49" />
      <TestMethod codeBase="C:\Users\BELGP3\OneDrive - PA Consulting Group\Documents\Work\Code\PA\Clients\DfT\dft-dtro-beta\Src\Dft.DTRO.Tests\bin\Debug\net8.0\Dft.DTRO.Tests.dll" adapterTypeName="executor://xunit/VsTestRunner3/netcore/" className="Dft.DTRO.Tests.ServicesTests.Validations.RegulatedPlaceValidationServiceTests" name="ValidateMultipleRegulatedPlacesTypes" />
    </UnitTest>
    <UnitTest name="Dft.DTRO.Tests.ServicesTests.Validations.ProvisionValidationServiceTests.ValidateProvisionOrderReportingPointTypeForSchema330(orderReportingPointType: &quot;permanentAmendment&quot;, errorCount: 0)" storage="c:\users\belgp3\onedrive - pa consulting group\documents\work\code\pa\clients\dft\dft-dtro-beta\src\dft.dtro.tests\bin\debug\net8.0\dft.dtro.tests.dll" id="a2663f16-5944-14de-6d8d-ebf5a6d8a5ab">
      <Execution id="822dd2ba-bcff-4789-869a-8e86d2e99319" />
      <TestMethod codeBase="C:\Users\BELGP3\OneDrive - PA Consulting Group\Documents\Work\Code\PA\Clients\DfT\dft-dtro-beta\Src\Dft.DTRO.Tests\bin\Debug\net8.0\Dft.DTRO.Tests.dll" adapterTypeName="executor://xunit/VsTestRunner3/netcore/" className="Dft.DTRO.Tests.ServicesTests.Validations.ProvisionValidationServiceTests" name="ValidateProvisionOrderReportingPointTypeForSchema330" />
    </UnitTest>
    <UnitTest name="Dft.DTRO.Tests.ServicesTests.Validations.RegulationValidationTests.ValidateGeneralRegulationRegulationType(regulationType: &quot;kerbsideNoWaiting&quot;, errorCount: 0)" storage="c:\users\belgp3\onedrive - pa consulting group\documents\work\code\pa\clients\dft\dft-dtro-beta\src\dft.dtro.tests\bin\debug\net8.0\dft.dtro.tests.dll" id="fe9565f0-42b4-c9fd-bca4-8ca0416fa11e">
      <Execution id="972b1f5e-4329-4649-b279-5a118c022a52" />
      <TestMethod codeBase="C:\Users\BELGP3\OneDrive - PA Consulting Group\Documents\Work\Code\PA\Clients\DfT\dft-dtro-beta\Src\Dft.DTRO.Tests\bin\Debug\net8.0\Dft.DTRO.Tests.dll" adapterTypeName="executor://xunit/VsTestRunner3/netcore/" className="Dft.DTRO.Tests.ServicesTests.Validations.RegulationValidationTests" name="ValidateGeneralRegulationRegulationType" />
    </UnitTest>
    <UnitTest name="Dft.DTRO.Tests.ServicesTests.Validations.RegulationValidationTests.ValidateSpeedLimitValueBasedSpeedType(type: &quot;unknown&quot;, errorCount: 1)" storage="c:\users\belgp3\onedrive - pa consulting group\documents\work\code\pa\clients\dft\dft-dtro-beta\src\dft.dtro.tests\bin\debug\net8.0\dft.dtro.tests.dll" id="32a55c4b-56f8-5284-c7cb-c7f87a2a08ae">
      <Execution id="8605ed9c-5667-4c6e-a990-c2516b9648db" />
      <TestMethod codeBase="C:\Users\BELGP3\OneDrive - PA Consulting Group\Documents\Work\Code\PA\Clients\DfT\dft-dtro-beta\Src\Dft.DTRO.Tests\bin\Debug\net8.0\Dft.DTRO.Tests.dll" adapterTypeName="executor://xunit/VsTestRunner3/netcore/" className="Dft.DTRO.Tests.ServicesTests.Validations.RegulationValidationTests" name="ValidateSpeedLimitValueBasedSpeedType" />
    </UnitTest>
    <UnitTest name="Dft.DTRO.Tests.ServicesTests.Validations.ProvisionValidationServiceTests.ValidateProvisionOrderReportingPointTypeForSchema330(orderReportingPointType: &quot;experimentalNoticeOfMaking&quot;, errorCount: 0)" storage="c:\users\belgp3\onedrive - pa consulting group\documents\work\code\pa\clients\dft\dft-dtro-beta\src\dft.dtro.tests\bin\debug\net8.0\dft.dtro.tests.dll" id="441dbd82-2bf1-75cd-ee75-a3a03afbe50d">
      <Execution id="4e0433c7-db14-481d-b8de-75d686b4d138" />
      <TestMethod codeBase="C:\Users\BELGP3\OneDrive - PA Consulting Group\Documents\Work\Code\PA\Clients\DfT\dft-dtro-beta\Src\Dft.DTRO.Tests\bin\Debug\net8.0\Dft.DTRO.Tests.dll" adapterTypeName="executor://xunit/VsTestRunner3/netcore/" className="Dft.DTRO.Tests.ServicesTests.Validations.ProvisionValidationServiceTests" name="ValidateProvisionOrderReportingPointTypeForSchema330" />
    </UnitTest>
    <UnitTest name="Dft.DTRO.Tests.ServicesTests.Validations.RegulatedPlaceValidationServiceTests.ValidateRegulatedPlacesType(type: &quot;regulationLocation&quot;, errorCount: 0)" storage="c:\users\belgp3\onedrive - pa consulting group\documents\work\code\pa\clients\dft\dft-dtro-beta\src\dft.dtro.tests\bin\debug\net8.0\dft.dtro.tests.dll" id="3a60b339-e8c1-b9bc-2de7-652ebd990838">
      <Execution id="7b7b4be1-3822-454d-9d8a-b62b38259192" />
      <TestMethod codeBase="C:\Users\BELGP3\OneDrive - PA Consulting Group\Documents\Work\Code\PA\Clients\DfT\dft-dtro-beta\Src\Dft.DTRO.Tests\bin\Debug\net8.0\Dft.DTRO.Tests.dll" adapterTypeName="executor://xunit/VsTestRunner3/netcore/" className="Dft.DTRO.Tests.ServicesTests.Validations.RegulatedPlaceValidationServiceTests" name="ValidateRegulatedPlacesType" />
    </UnitTest>
    <UnitTest name="Dft.DTRO.Tests.CodeiumTests.Rules.Controller.RulesControllerTests.GetRules_ReturnsOkResult_WithTemplates" storage="c:\users\belgp3\onedrive - pa consulting group\documents\work\code\pa\clients\dft\dft-dtro-beta\src\dft.dtro.tests\bin\debug\net8.0\dft.dtro.tests.dll" id="4a2a6c00-f38b-03bd-489b-181d50add718">
      <Execution id="6c192311-00cb-4d67-bce9-c826be4f135e" />
      <TestMethod codeBase="C:\Users\BELGP3\OneDrive - PA Consulting Group\Documents\Work\Code\PA\Clients\DfT\dft-dtro-beta\Src\Dft.DTRO.Tests\bin\Debug\net8.0\Dft.DTRO.Tests.dll" adapterTypeName="executor://xunit/VsTestRunner3/netcore/" className="Dft.DTRO.Tests.CodeiumTests.Rules.Controller.RulesControllerTests" name="GetRules_ReturnsOkResult_WithTemplates" />
    </UnitTest>
    <UnitTest name="Dft.DTRO.Tests.ServicesTests.Validations.RateLineCollectionValidationServiceTests.ValidateRateLineCollectionSequence(conditionType: &quot;ConditionSet&quot;, sequence: 1, errorCount: 0)" storage="c:\users\belgp3\onedrive - pa consulting group\documents\work\code\pa\clients\dft\dft-dtro-beta\src\dft.dtro.tests\bin\debug\net8.0\dft.dtro.tests.dll" id="84318e14-1d07-82a0-83e8-0ba09cd5a047">
      <Execution id="3a6d3b20-73a4-4a65-8929-d424b9baa5c5" />
      <TestMethod codeBase="C:\Users\BELGP3\OneDrive - PA Consulting Group\Documents\Work\Code\PA\Clients\DfT\dft-dtro-beta\Src\Dft.DTRO.Tests\bin\Debug\net8.0\Dft.DTRO.Tests.dll" adapterTypeName="executor://xunit/VsTestRunner3/netcore/" className="Dft.DTRO.Tests.ServicesTests.Validations.RateLineCollectionValidationServiceTests" name="ValidateRateLineCollectionSequence" />
    </UnitTest>
    <UnitTest name="Dft.DTRO.Tests.ServicesTests.Validations.RegulationValidationTests.ValidateSpeedLimitValueBasedSpeedValue(mphValue: 40, errorCount: 0)" storage="c:\users\belgp3\onedrive - pa consulting group\documents\work\code\pa\clients\dft\dft-dtro-beta\src\dft.dtro.tests\bin\debug\net8.0\dft.dtro.tests.dll" id="4ee99bb9-8c5a-0993-d378-16d2de3c2004">
      <Execution id="1a6ea944-3169-4532-86ef-24ac87af65f3" />
      <TestMethod codeBase="C:\Users\BELGP3\OneDrive - PA Consulting Group\Documents\Work\Code\PA\Clients\DfT\dft-dtro-beta\Src\Dft.DTRO.Tests\bin\Debug\net8.0\Dft.DTRO.Tests.dll" adapterTypeName="executor://xunit/VsTestRunner3/netcore/" className="Dft.DTRO.Tests.ServicesTests.Validations.RegulationValidationTests" name="ValidateSpeedLimitValueBasedSpeedValue" />
    </UnitTest>
    <UnitTest name="Dft.DTRO.Tests.ServicesTests.Validations.RegulationValidationTests.ValidateGeneralRegulationRegulationType(regulationType: &quot;kerbsidePermitParkingPlace&quot;, errorCount: 0)" storage="c:\users\belgp3\onedrive - pa consulting group\documents\work\code\pa\clients\dft\dft-dtro-beta\src\dft.dtro.tests\bin\debug\net8.0\dft.dtro.tests.dll" id="eae334e6-a1a5-6ca3-638c-d515f8a5dad8">
      <Execution id="d21616b7-39c1-4a18-b8ad-322c9cfdf0f8" />
      <TestMethod codeBase="C:\Users\BELGP3\OneDrive - PA Consulting Group\Documents\Work\Code\PA\Clients\DfT\dft-dtro-beta\Src\Dft.DTRO.Tests\bin\Debug\net8.0\Dft.DTRO.Tests.dll" adapterTypeName="executor://xunit/VsTestRunner3/netcore/" className="Dft.DTRO.Tests.ServicesTests.Validations.RegulationValidationTests" name="ValidateGeneralRegulationRegulationType" />
    </UnitTest>
    <UnitTest name="Dft.DTRO.Tests.ServicesTests.Validations.GeometryValidationServiceTests.ValidateLinearGeometryVersion(version: null, schemaVersion: &quot;3.3.0&quot;, errorCount: 1)" storage="c:\users\belgp3\onedrive - pa consulting group\documents\work\code\pa\clients\dft\dft-dtro-beta\src\dft.dtro.tests\bin\debug\net8.0\dft.dtro.tests.dll" id="5da07d8d-88b1-ce71-310a-cb1605338078">
      <Execution id="684bbe82-5e03-4239-9d5e-4d3d95cd4571" />
      <TestMethod codeBase="C:\Users\BELGP3\OneDrive - PA Consulting Group\Documents\Work\Code\PA\Clients\DfT\dft-dtro-beta\Src\Dft.DTRO.Tests\bin\Debug\net8.0\Dft.DTRO.Tests.dll" adapterTypeName="executor://xunit/VsTestRunner3/netcore/" className="Dft.DTRO.Tests.ServicesTests.Validations.GeometryValidationServiceTests" name="ValidateLinearGeometryVersion" />
    </UnitTest>
    <UnitTest name="Dft.DTRO.Tests.ServicesTests.Validations.SourceValidationServiceTests.ValidateSourceActionType(version: &quot;3.3.0&quot;, actionType: &quot;errorFix&quot;, traCode: 1050, errorCount: 0)" storage="c:\users\belgp3\onedrive - pa consulting group\documents\work\code\pa\clients\dft\dft-dtro-beta\src\dft.dtro.tests\bin\debug\net8.0\dft.dtro.tests.dll" id="aa33984a-b8fb-574b-3b75-4ed442e42f72">
      <Execution id="0e8516a2-3005-48f2-bd4b-a2005ab364c8" />
      <TestMethod codeBase="C:\Users\BELGP3\OneDrive - PA Consulting Group\Documents\Work\Code\PA\Clients\DfT\dft-dtro-beta\Src\Dft.DTRO.Tests\bin\Debug\net8.0\Dft.DTRO.Tests.dll" adapterTypeName="executor://xunit/VsTestRunner3/netcore/" className="Dft.DTRO.Tests.ServicesTests.Validations.SourceValidationServiceTests" name="ValidateSourceActionType" />
    </UnitTest>
    <UnitTest name="Dft.DTRO.Tests.ServicesTests.Tra.TraServiceTests.GetDtrosAsyncReturnsNoRecords" storage="c:\users\belgp3\onedrive - pa consulting group\documents\work\code\pa\clients\dft\dft-dtro-beta\src\dft.dtro.tests\bin\debug\net8.0\dft.dtro.tests.dll" id="5b4c9d42-6bf1-4941-1b2b-c27e099e6080">
      <Execution id="f13c2b63-2d89-481d-a730-027501eb5098" />
      <TestMethod codeBase="C:\Users\BELGP3\OneDrive - PA Consulting Group\Documents\Work\Code\PA\Clients\DfT\dft-dtro-beta\Src\Dft.DTRO.Tests\bin\Debug\net8.0\Dft.DTRO.Tests.dll" adapterTypeName="executor://xunit/VsTestRunner3/netcore/" className="Dft.DTRO.Tests.ServicesTests.Tra.TraServiceTests" name="GetDtrosAsyncReturnsNoRecords" />
    </UnitTest>
    <UnitTest name="Dft.DTRO.Tests.ServicesTests.Validations.RegulationValidationTests.ValidateSpeedLimitValueBasedSpeedValue(mphValue: 70, errorCount: 0)" storage="c:\users\belgp3\onedrive - pa consulting group\documents\work\code\pa\clients\dft\dft-dtro-beta\src\dft.dtro.tests\bin\debug\net8.0\dft.dtro.tests.dll" id="916c0bb0-5b48-901c-544c-9cb86c8f069f">
      <Execution id="efab2b4d-f4cc-4fae-a21a-960bf343c687" />
      <TestMethod codeBase="C:\Users\BELGP3\OneDrive - PA Consulting Group\Documents\Work\Code\PA\Clients\DfT\dft-dtro-beta\Src\Dft.DTRO.Tests\bin\Debug\net8.0\Dft.DTRO.Tests.dll" adapterTypeName="executor://xunit/VsTestRunner3/netcore/" className="Dft.DTRO.Tests.ServicesTests.Validations.RegulationValidationTests" name="ValidateSpeedLimitValueBasedSpeedValue" />
    </UnitTest>
    <UnitTest name="Dft.DTRO.Tests.ServicesTests.Validations.ProvisionValidationServiceTests.ValidateProvisionActionTypeForSchema330(actionType: &quot;partialAmendment&quot;, errorCount: 0)" storage="c:\users\belgp3\onedrive - pa consulting group\documents\work\code\pa\clients\dft\dft-dtro-beta\src\dft.dtro.tests\bin\debug\net8.0\dft.dtro.tests.dll" id="00e5c958-be21-6743-94ba-60b70f6a3a24">
      <Execution id="4c63975b-90b1-4278-9173-57e1d7bada06" />
      <TestMethod codeBase="C:\Users\BELGP3\OneDrive - PA Consulting Group\Documents\Work\Code\PA\Clients\DfT\dft-dtro-beta\Src\Dft.DTRO.Tests\bin\Debug\net8.0\Dft.DTRO.Tests.dll" adapterTypeName="executor://xunit/VsTestRunner3/netcore/" className="Dft.DTRO.Tests.ServicesTests.Validations.ProvisionValidationServiceTests" name="ValidateProvisionActionTypeForSchema330" />
    </UnitTest>
    <UnitTest name="Dft.DTRO.Tests.ServicesTests.Validations.JsonLogicValidationTests.AllowsValidPeriodStartTimeBeforeEndTime" storage="c:\users\belgp3\onedrive - pa consulting group\documents\work\code\pa\clients\dft\dft-dtro-beta\src\dft.dtro.tests\bin\debug\net8.0\dft.dtro.tests.dll" id="1c572578-df56-b0d2-428b-9556ff03aedb">
      <Execution id="17735d44-fa25-4147-893e-7965f8d7717b" />
      <TestMethod codeBase="C:\Users\BELGP3\OneDrive - PA Consulting Group\Documents\Work\Code\PA\Clients\DfT\dft-dtro-beta\Src\Dft.DTRO.Tests\bin\Debug\net8.0\Dft.DTRO.Tests.dll" adapterTypeName="executor://xunit/VsTestRunner3/netcore/" className="Dft.DTRO.Tests.ServicesTests.Validations.JsonLogicValidationTests" name="AllowsValidPeriodStartTimeBeforeEndTime" />
    </UnitTest>
    <UnitTest name="Dft.DTRO.Tests.ServicesTests.Validations.SemanticValidationServiceTests.WhenVersionGeometryIsIntegerReturnsNoError(version: &quot;3.3.0&quot;)" storage="c:\users\belgp3\onedrive - pa consulting group\documents\work\code\pa\clients\dft\dft-dtro-beta\src\dft.dtro.tests\bin\debug\net8.0\dft.dtro.tests.dll" id="a1fc2409-03e5-79f4-efe1-fd7b3951cc7a">
      <Execution id="70df7fda-3822-4cbd-9c38-2ac3b0c6e49c" />
      <TestMethod codeBase="C:\Users\BELGP3\OneDrive - PA Consulting Group\Documents\Work\Code\PA\Clients\DfT\dft-dtro-beta\Src\Dft.DTRO.Tests\bin\Debug\net8.0\Dft.DTRO.Tests.dll" adapterTypeName="executor://xunit/VsTestRunner3/netcore/" className="Dft.DTRO.Tests.ServicesTests.Validations.SemanticValidationServiceTests" name="WhenVersionGeometryIsIntegerReturnsNoError" />
    </UnitTest>
    <UnitTest name="Dft.DTRO.Tests.ServicesTests.Validations.RegulationValidationTests.ValidateSpeedLimitValueBasedSpeedValue(mphValue: 50, errorCount: 0)" storage="c:\users\belgp3\onedrive - pa consulting group\documents\work\code\pa\clients\dft\dft-dtro-beta\src\dft.dtro.tests\bin\debug\net8.0\dft.dtro.tests.dll" id="61a77492-4915-40b9-90fe-7c54c4de7b37">
      <Execution id="a353135b-d163-496f-b148-e0d1542c3658" />
      <TestMethod codeBase="C:\Users\BELGP3\OneDrive - PA Consulting Group\Documents\Work\Code\PA\Clients\DfT\dft-dtro-beta\Src\Dft.DTRO.Tests\bin\Debug\net8.0\Dft.DTRO.Tests.dll" adapterTypeName="executor://xunit/VsTestRunner3/netcore/" className="Dft.DTRO.Tests.ServicesTests.Validations.RegulationValidationTests" name="ValidateSpeedLimitValueBasedSpeedValue" />
    </UnitTest>
    <UnitTest name="Dft.DTRO.Tests.CodeiumTests.Rules.Controller.RulesControllerCreateTests.CreateRule_WithNullFile_ReturnsBadRequest" storage="c:\users\belgp3\onedrive - pa consulting group\documents\work\code\pa\clients\dft\dft-dtro-beta\src\dft.dtro.tests\bin\debug\net8.0\dft.dtro.tests.dll" id="b120bb16-aea5-8969-7566-c5fbda9760b7">
      <Execution id="84bd5908-7936-4a09-bc9a-9efbe4d515ee" />
      <TestMethod codeBase="C:\Users\BELGP3\OneDrive - PA Consulting Group\Documents\Work\Code\PA\Clients\DfT\dft-dtro-beta\Src\Dft.DTRO.Tests\bin\Debug\net8.0\Dft.DTRO.Tests.dll" adapterTypeName="executor://xunit/VsTestRunner3/netcore/" className="Dft.DTRO.Tests.CodeiumTests.Rules.Controller.RulesControllerCreateTests" name="CreateRule_WithNullFile_ReturnsBadRequest" />
    </UnitTest>
    <UnitTest name="Dft.DTRO.Tests.ServicesTests.Validations.RateLineCollectionValidationServiceTests.ValidateRateLineCollectionResetTime(conditionType: &quot;ConditionSet&quot;, resetTime: &quot;00:00:00&quot;, errorCount: 0)" storage="c:\users\belgp3\onedrive - pa consulting group\documents\work\code\pa\clients\dft\dft-dtro-beta\src\dft.dtro.tests\bin\debug\net8.0\dft.dtro.tests.dll" id="449cf566-1b5d-9c50-fe4f-766cc171a684">
      <Execution id="c08fc9dc-e50a-4ade-9902-667d4c8d6370" />
      <TestMethod codeBase="C:\Users\BELGP3\OneDrive - PA Consulting Group\Documents\Work\Code\PA\Clients\DfT\dft-dtro-beta\Src\Dft.DTRO.Tests\bin\Debug\net8.0\Dft.DTRO.Tests.dll" adapterTypeName="executor://xunit/VsTestRunner3/netcore/" className="Dft.DTRO.Tests.ServicesTests.Validations.RateLineCollectionValidationServiceTests" name="ValidateRateLineCollectionResetTime" />
    </UnitTest>
    <UnitTest name="Dft.DTRO.Tests.CodeiumTests.Rules.Controller.RulesControllerTests.GetRule_ReturnsBadRequest_WhenInvalidOperationExceptionIsThrown" storage="c:\users\belgp3\onedrive - pa consulting group\documents\work\code\pa\clients\dft\dft-dtro-beta\src\dft.dtro.tests\bin\debug\net8.0\dft.dtro.tests.dll" id="88a1f050-1b59-46f7-71cf-d1121f76a4b6">
      <Execution id="995e1c21-8bd8-47b5-a155-9bf8d3fe1c13" />
      <TestMethod codeBase="C:\Users\BELGP3\OneDrive - PA Consulting Group\Documents\Work\Code\PA\Clients\DfT\dft-dtro-beta\Src\Dft.DTRO.Tests\bin\Debug\net8.0\Dft.DTRO.Tests.dll" adapterTypeName="executor://xunit/VsTestRunner3/netcore/" className="Dft.DTRO.Tests.CodeiumTests.Rules.Controller.RulesControllerTests" name="GetRule_ReturnsBadRequest_WhenInvalidOperationExceptionIsThrown" />
    </UnitTest>
    <UnitTest name="Dft.DTRO.Tests.ServicesTests.Validations.JsonSchemaValidationTests.ValidateAgainstSchema325ProducesCorrectResults(schemaVersion: &quot;3.3.0&quot;, sourceJson: &quot;JSON-3.3.0-example-TTRO-TempOneWayWithConditions&quot;, expectedResult: False)" storage="c:\users\belgp3\onedrive - pa consulting group\documents\work\code\pa\clients\dft\dft-dtro-beta\src\dft.dtro.tests\bin\debug\net8.0\dft.dtro.tests.dll" id="0aa6b240-330d-2b1f-d264-18ddb4420e7f">
      <Execution id="f8abae6a-0536-40cf-9dae-b138e6a274a7" />
      <TestMethod codeBase="C:\Users\BELGP3\OneDrive - PA Consulting Group\Documents\Work\Code\PA\Clients\DfT\dft-dtro-beta\Src\Dft.DTRO.Tests\bin\Debug\net8.0\Dft.DTRO.Tests.dll" adapterTypeName="executor://xunit/VsTestRunner3/netcore/" className="Dft.DTRO.Tests.ServicesTests.Validations.JsonSchemaValidationTests" name="ValidateAgainstSchema325ProducesCorrectResults" />
    </UnitTest>
    <UnitTest name="Dft.DTRO.Tests.ServicesTests.Validations.RateLineCollectionValidationServiceTests.ValidateRateLineCollectionMinValueCollection(conditionType: &quot;Condition&quot;, minValueCollection: 20.989999999999998, errorCount: 0)" storage="c:\users\belgp3\onedrive - pa consulting group\documents\work\code\pa\clients\dft\dft-dtro-beta\src\dft.dtro.tests\bin\debug\net8.0\dft.dtro.tests.dll" id="1d0eaa87-6dd4-a3f1-cc99-cc622ccebe09">
      <Execution id="9fdd45ad-8d7e-429e-90a8-fd2757d4a0f7" />
      <TestMethod codeBase="C:\Users\BELGP3\OneDrive - PA Consulting Group\Documents\Work\Code\PA\Clients\DfT\dft-dtro-beta\Src\Dft.DTRO.Tests\bin\Debug\net8.0\Dft.DTRO.Tests.dll" adapterTypeName="executor://xunit/VsTestRunner3/netcore/" className="Dft.DTRO.Tests.ServicesTests.Validations.RateLineCollectionValidationServiceTests" name="ValidateRateLineCollectionMinValueCollection" />
    </UnitTest>
    <UnitTest name="Dft.DTRO.Tests.ServicesTests.Validations.RegulationValidationTests.ValidateGeneralRegulationRegulationType(regulationType: &quot;nonOrderKerbsidePedestrianCrossing&quot;, errorCount: 0)" storage="c:\users\belgp3\onedrive - pa consulting group\documents\work\code\pa\clients\dft\dft-dtro-beta\src\dft.dtro.tests\bin\debug\net8.0\dft.dtro.tests.dll" id="db6a6bcb-535b-e75e-783b-84990807b65a">
      <Execution id="1cd89fd5-70fc-4968-b232-d3aba597ec9b" />
      <TestMethod codeBase="C:\Users\BELGP3\OneDrive - PA Consulting Group\Documents\Work\Code\PA\Clients\DfT\dft-dtro-beta\Src\Dft.DTRO.Tests\bin\Debug\net8.0\Dft.DTRO.Tests.dll" adapterTypeName="executor://xunit/VsTestRunner3/netcore/" className="Dft.DTRO.Tests.ServicesTests.Validations.RegulationValidationTests" name="ValidateGeneralRegulationRegulationType" />
    </UnitTest>
    <UnitTest name="Dft.DTRO.Tests.ServicesTests.Validations.RegulationValidationTests.ValidateSpeedLimitProfileBasedSpeedType(type: &quot;nationalSpeedLimitSingleCarriageway&quot;, errorCount: 0)" storage="c:\users\belgp3\onedrive - pa consulting group\documents\work\code\pa\clients\dft\dft-dtro-beta\src\dft.dtro.tests\bin\debug\net8.0\dft.dtro.tests.dll" id="77e27fa6-0bdb-878e-05e9-7423b1852376">
      <Execution id="c4967737-f55c-4156-81d1-c549025231e1" />
      <TestMethod codeBase="C:\Users\BELGP3\OneDrive - PA Consulting Group\Documents\Work\Code\PA\Clients\DfT\dft-dtro-beta\Src\Dft.DTRO.Tests\bin\Debug\net8.0\Dft.DTRO.Tests.dll" adapterTypeName="executor://xunit/VsTestRunner3/netcore/" className="Dft.DTRO.Tests.ServicesTests.Validations.RegulationValidationTests" name="ValidateSpeedLimitProfileBasedSpeedType" />
    </UnitTest>
    <UnitTest name="Dft.DTRO.Tests.ServicesTests.Validations.RegulationValidationTests.ValidateRegulationOffListRegulationRegulationFullText(regulationFullText: null, errorCount: 1)" storage="c:\users\belgp3\onedrive - pa consulting group\documents\work\code\pa\clients\dft\dft-dtro-beta\src\dft.dtro.tests\bin\debug\net8.0\dft.dtro.tests.dll" id="7522e28f-c541-6689-7744-ced71c9ecc3b">
      <Execution id="70263d05-b333-4c94-9543-b540574a710f" />
      <TestMethod codeBase="C:\Users\BELGP3\OneDrive - PA Consulting Group\Documents\Work\Code\PA\Clients\DfT\dft-dtro-beta\Src\Dft.DTRO.Tests\bin\Debug\net8.0\Dft.DTRO.Tests.dll" adapterTypeName="executor://xunit/VsTestRunner3/netcore/" className="Dft.DTRO.Tests.ServicesTests.Validations.RegulationValidationTests" name="ValidateRegulationOffListRegulationRegulationFullText" />
    </UnitTest>
    <UnitTest name="Dft.DTRO.Tests.ServicesTests.Validations.RegulatedPlaceValidationServiceTests.ValidateRegulatedPlacesDescriptionForSchema324(description: &quot;some free text&quot;, errorCount: 0)" storage="c:\users\belgp3\onedrive - pa consulting group\documents\work\code\pa\clients\dft\dft-dtro-beta\src\dft.dtro.tests\bin\debug\net8.0\dft.dtro.tests.dll" id="c87ec24b-6dfe-b51f-a90d-b76c779b286f">
      <Execution id="325979a8-1019-4313-852d-914c28d7c923" />
      <TestMethod codeBase="C:\Users\BELGP3\OneDrive - PA Consulting Group\Documents\Work\Code\PA\Clients\DfT\dft-dtro-beta\Src\Dft.DTRO.Tests\bin\Debug\net8.0\Dft.DTRO.Tests.dll" adapterTypeName="executor://xunit/VsTestRunner3/netcore/" className="Dft.DTRO.Tests.ServicesTests.Validations.RegulatedPlaceValidationServiceTests" name="ValidateRegulatedPlacesDescriptionForSchema324" />
    </UnitTest>
    <UnitTest name="Dft.DTRO.Tests.ServicesTests.Validations.RegulationValidationTests.ValidateGeneralRegulationRegulationType(regulationType: &quot;kerbsideNoStopping&quot;, errorCount: 0)" storage="c:\users\belgp3\onedrive - pa consulting group\documents\work\code\pa\clients\dft\dft-dtro-beta\src\dft.dtro.tests\bin\debug\net8.0\dft.dtro.tests.dll" id="19f73243-a66c-8183-0523-f8e6e1cbbf4e">
      <Execution id="33792330-3f60-4ec9-9b28-8503afbafdd9" />
      <TestMethod codeBase="C:\Users\BELGP3\OneDrive - PA Consulting Group\Documents\Work\Code\PA\Clients\DfT\dft-dtro-beta\Src\Dft.DTRO.Tests\bin\Debug\net8.0\Dft.DTRO.Tests.dll" adapterTypeName="executor://xunit/VsTestRunner3/netcore/" className="Dft.DTRO.Tests.ServicesTests.Validations.RegulationValidationTests" name="ValidateGeneralRegulationRegulationType" />
    </UnitTest>
    <UnitTest name="DfT.DTRO.Tests.CodeiumTests.Integration.SchemaController_Codeium_Tests.ActivateSchema_ThrowsInvalidOperationException_ReturnsBadRequest" storage="c:\users\belgp3\onedrive - pa consulting group\documents\work\code\pa\clients\dft\dft-dtro-beta\src\dft.dtro.tests\bin\debug\net8.0\dft.dtro.tests.dll" id="df3d3fb1-8cac-666f-3a99-70bfed35de5b">
      <Execution id="8977499b-df9b-4200-98dc-a2b948c60c28" />
      <TestMethod codeBase="C:\Users\BELGP3\OneDrive - PA Consulting Group\Documents\Work\Code\PA\Clients\DfT\dft-dtro-beta\Src\Dft.DTRO.Tests\bin\Debug\net8.0\Dft.DTRO.Tests.dll" adapterTypeName="executor://xunit/VsTestRunner3/netcore/" className="DfT.DTRO.Tests.CodeiumTests.Integration.SchemaController_Codeium_Tests" name="ActivateSchema_ThrowsInvalidOperationException_ReturnsBadRequest" />
    </UnitTest>
    <UnitTest name="Dft.DTRO.Tests.ServicesTests.Validations.JsonLogicValidationTests.AllowHeaviestAxleWeightCharacteristicValidForRegulationTypes(regulationType: &quot;dimensionMaximumWeightEnvironmental&quot;)" storage="c:\users\belgp3\onedrive - pa consulting group\documents\work\code\pa\clients\dft\dft-dtro-beta\src\dft.dtro.tests\bin\debug\net8.0\dft.dtro.tests.dll" id="f94e520a-5fd8-90a7-19ef-b09ff747fa83">
      <Execution id="eb331f47-d3f2-4232-b77f-568448a9eaa2" />
      <TestMethod codeBase="C:\Users\BELGP3\OneDrive - PA Consulting Group\Documents\Work\Code\PA\Clients\DfT\dft-dtro-beta\Src\Dft.DTRO.Tests\bin\Debug\net8.0\Dft.DTRO.Tests.dll" adapterTypeName="executor://xunit/VsTestRunner3/netcore/" className="Dft.DTRO.Tests.ServicesTests.Validations.JsonLogicValidationTests" name="AllowHeaviestAxleWeightCharacteristicValidForRegulationTypes" />
    </UnitTest>
    <UnitTest name="Dft.DTRO.Tests.ServicesTests.Validations.ProvisionValidationServiceTests.ValidateProvisionActionTypeForSchema330(actionType: &quot;errorFix&quot;, errorCount: 0)" storage="c:\users\belgp3\onedrive - pa consulting group\documents\work\code\pa\clients\dft\dft-dtro-beta\src\dft.dtro.tests\bin\debug\net8.0\dft.dtro.tests.dll" id="2ec9f28a-3e3f-3e8f-9412-835b14c17beb">
      <Execution id="4a0dc228-9931-43f8-a7a7-d6793dd80b03" />
      <TestMethod codeBase="C:\Users\BELGP3\OneDrive - PA Consulting Group\Documents\Work\Code\PA\Clients\DfT\dft-dtro-beta\Src\Dft.DTRO.Tests\bin\Debug\net8.0\Dft.DTRO.Tests.dll" adapterTypeName="executor://xunit/VsTestRunner3/netcore/" className="Dft.DTRO.Tests.ServicesTests.Validations.ProvisionValidationServiceTests" name="ValidateProvisionActionTypeForSchema330" />
    </UnitTest>
    <UnitTest name="Dft.DTRO.Tests.ServicesTests.Validations.RateLineCollectionValidationServiceTests.ValidateRateLineCollectionMaxValueCollection(conditionType: &quot;Condition&quot;, maxValueCollection: 20.989999999999998, errorCount: 0)" storage="c:\users\belgp3\onedrive - pa consulting group\documents\work\code\pa\clients\dft\dft-dtro-beta\src\dft.dtro.tests\bin\debug\net8.0\dft.dtro.tests.dll" id="67e6dd0e-7d44-d82e-2f3b-aa8f66abf920">
      <Execution id="b459eefe-648e-4306-bb0d-d69cf7421798" />
      <TestMethod codeBase="C:\Users\BELGP3\OneDrive - PA Consulting Group\Documents\Work\Code\PA\Clients\DfT\dft-dtro-beta\Src\Dft.DTRO.Tests\bin\Debug\net8.0\Dft.DTRO.Tests.dll" adapterTypeName="executor://xunit/VsTestRunner3/netcore/" className="Dft.DTRO.Tests.ServicesTests.Validations.RateLineCollectionValidationServiceTests" name="ValidateRateLineCollectionMaxValueCollection" />
    </UnitTest>
    <UnitTest name="Dft.DTRO.Tests.CodeiumTests.Metrics.Controller.MetricsControllerTests.HealthDatabase_ReturnsStatusCode200_WhenDatabaseIsAvailable" storage="c:\users\belgp3\onedrive - pa consulting group\documents\work\code\pa\clients\dft\dft-dtro-beta\src\dft.dtro.tests\bin\debug\net8.0\dft.dtro.tests.dll" id="72765f8f-353d-9e74-bdcd-3f552ca9fd98">
      <Execution id="69555c79-7dd8-4032-898d-312839606c60" />
      <TestMethod codeBase="C:\Users\BELGP3\OneDrive - PA Consulting Group\Documents\Work\Code\PA\Clients\DfT\dft-dtro-beta\Src\Dft.DTRO.Tests\bin\Debug\net8.0\Dft.DTRO.Tests.dll" adapterTypeName="executor://xunit/VsTestRunner3/netcore/" className="Dft.DTRO.Tests.CodeiumTests.Metrics.Controller.MetricsControllerTests" name="HealthDatabase_ReturnsStatusCode200_WhenDatabaseIsAvailable" />
    </UnitTest>
    <UnitTest name="Dft.DTRO.Tests.ServicesTests.Validations.GeometryValidationServiceTests.ValidateDirectedLinear(directedLineString: &quot;ETR=S89;LINESTRING(529050 178750, 529157 178805, 5&quot;···, errorCount: 1)" storage="c:\users\belgp3\onedrive - pa consulting group\documents\work\code\pa\clients\dft\dft-dtro-beta\src\dft.dtro.tests\bin\debug\net8.0\dft.dtro.tests.dll" id="5a43bf05-5f4d-e430-1a26-67d256d0c993">
      <Execution id="cd056cfe-92bb-4963-a48f-1d35e0d48013" />
      <TestMethod codeBase="C:\Users\BELGP3\OneDrive - PA Consulting Group\Documents\Work\Code\PA\Clients\DfT\dft-dtro-beta\Src\Dft.DTRO.Tests\bin\Debug\net8.0\Dft.DTRO.Tests.dll" adapterTypeName="executor://xunit/VsTestRunner3/netcore/" className="Dft.DTRO.Tests.ServicesTests.Validations.GeometryValidationServiceTests" name="ValidateDirectedLinear" />
    </UnitTest>
    <UnitTest name="Dft.DTRO.Tests.ServicesTests.Validations.GeometryValidationServiceTests.ValidateLinearGeometryMultipleVersionsReturnsNoErrors" storage="c:\users\belgp3\onedrive - pa consulting group\documents\work\code\pa\clients\dft\dft-dtro-beta\src\dft.dtro.tests\bin\debug\net8.0\dft.dtro.tests.dll" id="cf15f679-2419-0c8a-701d-8302a6f082f1">
      <Execution id="719f117a-1586-4693-a593-504da44bc23c" />
      <TestMethod codeBase="C:\Users\BELGP3\OneDrive - PA Consulting Group\Documents\Work\Code\PA\Clients\DfT\dft-dtro-beta\Src\Dft.DTRO.Tests\bin\Debug\net8.0\Dft.DTRO.Tests.dll" adapterTypeName="executor://xunit/VsTestRunner3/netcore/" className="Dft.DTRO.Tests.ServicesTests.Validations.GeometryValidationServiceTests" name="ValidateLinearGeometryMultipleVersionsReturnsNoErrors" />
    </UnitTest>
    <UnitTest name="Dft.DTRO.Tests.ServicesTests.Validations.RateLineCollectionValidationServiceTests.ValidateRateLineCollectionResetTime(conditionType: &quot;Condition&quot;, resetTime: &quot;10:00:00&quot;, errorCount: 0)" storage="c:\users\belgp3\onedrive - pa consulting group\documents\work\code\pa\clients\dft\dft-dtro-beta\src\dft.dtro.tests\bin\debug\net8.0\dft.dtro.tests.dll" id="fb2df4cd-689a-3f61-ff02-3edeec760d8f">
      <Execution id="2198530f-f87c-4519-b2e7-b4d9c55d3916" />
      <TestMethod codeBase="C:\Users\BELGP3\OneDrive - PA Consulting Group\Documents\Work\Code\PA\Clients\DfT\dft-dtro-beta\Src\Dft.DTRO.Tests\bin\Debug\net8.0\Dft.DTRO.Tests.dll" adapterTypeName="executor://xunit/VsTestRunner3/netcore/" className="Dft.DTRO.Tests.ServicesTests.Validations.RateLineCollectionValidationServiceTests" name="ValidateRateLineCollectionResetTime" />
    </UnitTest>
    <UnitTest name="Dft.DTRO.Tests.ServicesTests.Validations.RateLineValidationServiceTests.ValidateRateLineDuration(conditionType: &quot;Condition&quot;, description: null, errorCount: 1)" storage="c:\users\belgp3\onedrive - pa consulting group\documents\work\code\pa\clients\dft\dft-dtro-beta\src\dft.dtro.tests\bin\debug\net8.0\dft.dtro.tests.dll" id="dc203da1-dc20-1037-a6e0-9aa54b7db4ce">
      <Execution id="2e9dc53c-9868-4d83-bb77-dc4d065e7917" />
      <TestMethod codeBase="C:\Users\BELGP3\OneDrive - PA Consulting Group\Documents\Work\Code\PA\Clients\DfT\dft-dtro-beta\Src\Dft.DTRO.Tests\bin\Debug\net8.0\Dft.DTRO.Tests.dll" adapterTypeName="executor://xunit/VsTestRunner3/netcore/" className="Dft.DTRO.Tests.ServicesTests.Validations.RateLineValidationServiceTests" name="ValidateRateLineDuration" />
    </UnitTest>
    <UnitTest name="Dft.DTRO.Tests.ServicesTests.Validations.ElementaryStreetUnitValidationServiceTests.ValidateElementaryStreetUnitEsu(esu: 10000000, errorCount: 1)" storage="c:\users\belgp3\onedrive - pa consulting group\documents\work\code\pa\clients\dft\dft-dtro-beta\src\dft.dtro.tests\bin\debug\net8.0\dft.dtro.tests.dll" id="cf00bcad-3377-5df0-e760-6e16de44e136">
      <Execution id="f933e817-01c6-4e87-af2d-c970e287f711" />
      <TestMethod codeBase="C:\Users\BELGP3\OneDrive - PA Consulting Group\Documents\Work\Code\PA\Clients\DfT\dft-dtro-beta\Src\Dft.DTRO.Tests\bin\Debug\net8.0\Dft.DTRO.Tests.dll" adapterTypeName="executor://xunit/VsTestRunner3/netcore/" className="Dft.DTRO.Tests.ServicesTests.Validations.ElementaryStreetUnitValidationServiceTests" name="ValidateElementaryStreetUnitEsu" />
    </UnitTest>
    <UnitTest name="Dft.DTRO.Tests.CodeiumTests.Rules.Service.RuleTemplateServiceTests.UpdateRuleTemplateAsJsonAsync_Success" storage="c:\users\belgp3\onedrive - pa consulting group\documents\work\code\pa\clients\dft\dft-dtro-beta\src\dft.dtro.tests\bin\debug\net8.0\dft.dtro.tests.dll" id="f27fca2c-2667-900a-7e7f-905dd0da564e">
      <Execution id="2ee2368c-d22d-4c02-8ce5-36bd7400da25" />
      <TestMethod codeBase="C:\Users\BELGP3\OneDrive - PA Consulting Group\Documents\Work\Code\PA\Clients\DfT\dft-dtro-beta\Src\Dft.DTRO.Tests\bin\Debug\net8.0\Dft.DTRO.Tests.dll" adapterTypeName="executor://xunit/VsTestRunner3/netcore/" className="Dft.DTRO.Tests.CodeiumTests.Rules.Service.RuleTemplateServiceTests" name="UpdateRuleTemplateAsJsonAsync_Success" />
    </UnitTest>
    <UnitTest name="Dft.DTRO.Tests.ServicesTests.Validations.RegulationValidationTests.ValidateGeneralRegulationRegulationType(regulationType: &quot;mandatoryDirectionRightTurnOnly&quot;, errorCount: 0)" storage="c:\users\belgp3\onedrive - pa consulting group\documents\work\code\pa\clients\dft\dft-dtro-beta\src\dft.dtro.tests\bin\debug\net8.0\dft.dtro.tests.dll" id="5008f3a2-b8fb-f10f-dc2c-17f91a698eb5">
      <Execution id="ebda5dba-217f-47a0-ba82-dccc94ff4883" />
      <TestMethod codeBase="C:\Users\BELGP3\OneDrive - PA Consulting Group\Documents\Work\Code\PA\Clients\DfT\dft-dtro-beta\Src\Dft.DTRO.Tests\bin\Debug\net8.0\Dft.DTRO.Tests.dll" adapterTypeName="executor://xunit/VsTestRunner3/netcore/" className="Dft.DTRO.Tests.ServicesTests.Validations.RegulationValidationTests" name="ValidateGeneralRegulationRegulationType" />
    </UnitTest>
    <UnitTest name="Dft.DTRO.Tests.ServicesTests.Validations.GeometryValidationServiceTests.ValidateLinearGeometryLateralPosition(lateralPosition: &quot;far&quot;, schemaVersion: &quot;3.3.0&quot;, errorCount: 0)" storage="c:\users\belgp3\onedrive - pa consulting group\documents\work\code\pa\clients\dft\dft-dtro-beta\src\dft.dtro.tests\bin\debug\net8.0\dft.dtro.tests.dll" id="645031d7-867b-1ee3-c541-d3d1f5fb462c">
      <Execution id="d66909d9-bc80-48f3-86ad-e12c6b7e9e94" />
      <TestMethod codeBase="C:\Users\BELGP3\OneDrive - PA Consulting Group\Documents\Work\Code\PA\Clients\DfT\dft-dtro-beta\Src\Dft.DTRO.Tests\bin\Debug\net8.0\Dft.DTRO.Tests.dll" adapterTypeName="executor://xunit/VsTestRunner3/netcore/" className="Dft.DTRO.Tests.ServicesTests.Validations.GeometryValidationServiceTests" name="ValidateLinearGeometryLateralPosition" />
    </UnitTest>
    <UnitTest name="Dft.DTRO.Tests.ServicesTests.Validations.RateTableValidationServiceTests.ValidateRateTableRateType(rateType: &quot;hourly&quot;, errorCount: 0)" storage="c:\users\belgp3\onedrive - pa consulting group\documents\work\code\pa\clients\dft\dft-dtro-beta\src\dft.dtro.tests\bin\debug\net8.0\dft.dtro.tests.dll" id="6aa6b353-638d-6ea0-4b9a-7366bb12bed4">
      <Execution id="eac69693-f556-4e8e-a5f8-c0e7e3670896" />
      <TestMethod codeBase="C:\Users\BELGP3\OneDrive - PA Consulting Group\Documents\Work\Code\PA\Clients\DfT\dft-dtro-beta\Src\Dft.DTRO.Tests\bin\Debug\net8.0\Dft.DTRO.Tests.dll" adapterTypeName="executor://xunit/VsTestRunner3/netcore/" className="Dft.DTRO.Tests.ServicesTests.Validations.RateTableValidationServiceTests" name="ValidateRateTableRateType" />
    </UnitTest>
    <UnitTest name="Dft.DTRO.Tests.ServicesTests.Validations.SemanticValidationServiceTests.WhenBritishNationalGridSpatialReferenceIsNotPresentReturnsError(version: &quot;3.3.0&quot;)" storage="c:\users\belgp3\onedrive - pa consulting group\documents\work\code\pa\clients\dft\dft-dtro-beta\src\dft.dtro.tests\bin\debug\net8.0\dft.dtro.tests.dll" id="ffa2a26e-7d53-5546-a1bb-301f2b48b480">
      <Execution id="08491784-5643-4211-8e9d-d4954d718e06" />
      <TestMethod codeBase="C:\Users\BELGP3\OneDrive - PA Consulting Group\Documents\Work\Code\PA\Clients\DfT\dft-dtro-beta\Src\Dft.DTRO.Tests\bin\Debug\net8.0\Dft.DTRO.Tests.dll" adapterTypeName="executor://xunit/VsTestRunner3/netcore/" className="Dft.DTRO.Tests.ServicesTests.Validations.SemanticValidationServiceTests" name="WhenBritishNationalGridSpatialReferenceIsNotPresentReturnsError" />
    </UnitTest>
    <UnitTest name="Dft.DTRO.Tests.ServicesTests.Validations.RegulationValidationTests.ValidateGeneralRegulationRegulationType(regulationType: &quot;miscBaySuspension&quot;, errorCount: 0)" storage="c:\users\belgp3\onedrive - pa consulting group\documents\work\code\pa\clients\dft\dft-dtro-beta\src\dft.dtro.tests\bin\debug\net8.0\dft.dtro.tests.dll" id="e71570a5-6ac1-152a-d868-316618e556bb">
      <Execution id="8c2ba8cc-bb3a-4408-b2b5-96f4bff29a12" />
      <TestMethod codeBase="C:\Users\BELGP3\OneDrive - PA Consulting Group\Documents\Work\Code\PA\Clients\DfT\dft-dtro-beta\Src\Dft.DTRO.Tests\bin\Debug\net8.0\Dft.DTRO.Tests.dll" adapterTypeName="executor://xunit/VsTestRunner3/netcore/" className="Dft.DTRO.Tests.ServicesTests.Validations.RegulationValidationTests" name="ValidateGeneralRegulationRegulationType" />
    </UnitTest>
    <UnitTest name="Dft.DTRO.Tests.ServicesTests.Validations.RegulationValidationTests.ValidateGeneralRegulationRegulationType(regulationType: &quot;bannedMovementNoRightTurn&quot;, errorCount: 0)" storage="c:\users\belgp3\onedrive - pa consulting group\documents\work\code\pa\clients\dft\dft-dtro-beta\src\dft.dtro.tests\bin\debug\net8.0\dft.dtro.tests.dll" id="1aa87dcc-4cfd-153d-376b-9b1eaa4002d8">
      <Execution id="b020fbb3-44c3-45e2-9d45-f1fc993cf3d2" />
      <TestMethod codeBase="C:\Users\BELGP3\OneDrive - PA Consulting Group\Documents\Work\Code\PA\Clients\DfT\dft-dtro-beta\Src\Dft.DTRO.Tests\bin\Debug\net8.0\Dft.DTRO.Tests.dll" adapterTypeName="executor://xunit/VsTestRunner3/netcore/" className="Dft.DTRO.Tests.ServicesTests.Validations.RegulationValidationTests" name="ValidateGeneralRegulationRegulationType" />
    </UnitTest>
    <UnitTest name="Dft.DTRO.Tests.ServicesTests.Validations.JsonLogicValidationTests.AllowsValidPeriodEndTimeBeforeOverallPeriodEndTime" storage="c:\users\belgp3\onedrive - pa consulting group\documents\work\code\pa\clients\dft\dft-dtro-beta\src\dft.dtro.tests\bin\debug\net8.0\dft.dtro.tests.dll" id="52b8be79-5510-4a9e-9d69-c1fdc3be8472">
      <Execution id="94334252-8234-43ba-afa3-9b457526be72" />
      <TestMethod codeBase="C:\Users\BELGP3\OneDrive - PA Consulting Group\Documents\Work\Code\PA\Clients\DfT\dft-dtro-beta\Src\Dft.DTRO.Tests\bin\Debug\net8.0\Dft.DTRO.Tests.dll" adapterTypeName="executor://xunit/VsTestRunner3/netcore/" className="Dft.DTRO.Tests.ServicesTests.Validations.JsonLogicValidationTests" name="AllowsValidPeriodEndTimeBeforeOverallPeriodEndTime" />
    </UnitTest>
    <UnitTest name="Dft.DTRO.Tests.ServicesTests.Validations.ProvisionValidationServiceTests.ValidateProvisionDescriptionForSchema330(provisionDescription: &quot;some free text&quot;, errorCount: 0)" storage="c:\users\belgp3\onedrive - pa consulting group\documents\work\code\pa\clients\dft\dft-dtro-beta\src\dft.dtro.tests\bin\debug\net8.0\dft.dtro.tests.dll" id="55351817-44dd-3105-6cc3-22e8447111a6">
      <Execution id="c442e995-78c3-4713-b5fa-b23f20576a12" />
      <TestMethod codeBase="C:\Users\BELGP3\OneDrive - PA Consulting Group\Documents\Work\Code\PA\Clients\DfT\dft-dtro-beta\Src\Dft.DTRO.Tests\bin\Debug\net8.0\Dft.DTRO.Tests.dll" adapterTypeName="executor://xunit/VsTestRunner3/netcore/" className="Dft.DTRO.Tests.ServicesTests.Validations.ProvisionValidationServiceTests" name="ValidateProvisionDescriptionForSchema330" />
    </UnitTest>
    <UnitTest name="Dft.DTRO.Tests.ServicesTests.Tra.TraServiceTests.GetTrasAsyncReturnsRecords(traName: &quot;tra1&quot;, records: 1)" storage="c:\users\belgp3\onedrive - pa consulting group\documents\work\code\pa\clients\dft\dft-dtro-beta\src\dft.dtro.tests\bin\debug\net8.0\dft.dtro.tests.dll" id="929d068b-2bfa-4bf6-0e7a-85e3b03ac326">
      <Execution id="ba4f7c02-6aed-4470-9c0a-5be6d0706bd4" />
      <TestMethod codeBase="C:\Users\BELGP3\OneDrive - PA Consulting Group\Documents\Work\Code\PA\Clients\DfT\dft-dtro-beta\Src\Dft.DTRO.Tests\bin\Debug\net8.0\Dft.DTRO.Tests.dll" adapterTypeName="executor://xunit/VsTestRunner3/netcore/" className="Dft.DTRO.Tests.ServicesTests.Tra.TraServiceTests" name="GetTrasAsyncReturnsRecords" />
    </UnitTest>
    <UnitTest name="Dft.DTRO.Tests.ServicesTests.Validations.RegulationValidationTests.ValidateSpeedLimitValueBasedSpeedType(type: &quot;maximumSpeedLimit&quot;, errorCount: 0)" storage="c:\users\belgp3\onedrive - pa consulting group\documents\work\code\pa\clients\dft\dft-dtro-beta\src\dft.dtro.tests\bin\debug\net8.0\dft.dtro.tests.dll" id="bce75c1f-6393-5e75-dbbe-de212a4dc098">
      <Execution id="8f5fde14-4182-4b02-b66a-667e5eb58c4b" />
      <TestMethod codeBase="C:\Users\BELGP3\OneDrive - PA Consulting Group\Documents\Work\Code\PA\Clients\DfT\dft-dtro-beta\Src\Dft.DTRO.Tests\bin\Debug\net8.0\Dft.DTRO.Tests.dll" adapterTypeName="executor://xunit/VsTestRunner3/netcore/" className="Dft.DTRO.Tests.ServicesTests.Validations.RegulationValidationTests" name="ValidateSpeedLimitValueBasedSpeedType" />
    </UnitTest>
    <UnitTest name="Dft.DTRO.Tests.CodeiumTests.Rules.Controller.RulesControllerGetRuleByIdTests.GetRuleById_ReturnsNotFound_WhenRuleDoesNotExist" storage="c:\users\belgp3\onedrive - pa consulting group\documents\work\code\pa\clients\dft\dft-dtro-beta\src\dft.dtro.tests\bin\debug\net8.0\dft.dtro.tests.dll" id="54a0f674-cc2d-473a-7461-ae5a5cf117b1">
      <Execution id="93db1651-5bc2-4345-80c4-2a65f976bf3f" />
      <TestMethod codeBase="C:\Users\BELGP3\OneDrive - PA Consulting Group\Documents\Work\Code\PA\Clients\DfT\dft-dtro-beta\Src\Dft.DTRO.Tests\bin\Debug\net8.0\Dft.DTRO.Tests.dll" adapterTypeName="executor://xunit/VsTestRunner3/netcore/" className="Dft.DTRO.Tests.CodeiumTests.Rules.Controller.RulesControllerGetRuleByIdTests" name="GetRuleById_ReturnsNotFound_WhenRuleDoesNotExist" />
    </UnitTest>
    <UnitTest name="Dft.DTRO.Tests.ServicesTests.Validations.ProvisionValidationServiceTests.ValidateProvisionOrderReportingPointTypeForSchema330(orderReportingPointType: &quot;permanentNoticeOfProposal&quot;, errorCount: 0)" storage="c:\users\belgp3\onedrive - pa consulting group\documents\work\code\pa\clients\dft\dft-dtro-beta\src\dft.dtro.tests\bin\debug\net8.0\dft.dtro.tests.dll" id="d5596ba1-58a2-e036-2213-2c791a2175c2">
      <Execution id="a9f65898-cc92-4407-aead-7097cc19610f" />
      <TestMethod codeBase="C:\Users\BELGP3\OneDrive - PA Consulting Group\Documents\Work\Code\PA\Clients\DfT\dft-dtro-beta\Src\Dft.DTRO.Tests\bin\Debug\net8.0\Dft.DTRO.Tests.dll" adapterTypeName="executor://xunit/VsTestRunner3/netcore/" className="Dft.DTRO.Tests.ServicesTests.Validations.ProvisionValidationServiceTests" name="ValidateProvisionOrderReportingPointTypeForSchema330" />
    </UnitTest>
    <UnitTest name="Dft.DTRO.Tests.ServicesTests.Validations.RateLineValidationServiceTests.ValidateRateLineIncrementPeriod(conditionType: &quot;Condition&quot;, incrementPeriod: 1, errorCount: 0)" storage="c:\users\belgp3\onedrive - pa consulting group\documents\work\code\pa\clients\dft\dft-dtro-beta\src\dft.dtro.tests\bin\debug\net8.0\dft.dtro.tests.dll" id="9475ba48-a170-fc63-cbc7-9d9fc1ff9a8a">
      <Execution id="c6f4608c-56eb-40ca-9a68-d0af998cbb9f" />
      <TestMethod codeBase="C:\Users\BELGP3\OneDrive - PA Consulting Group\Documents\Work\Code\PA\Clients\DfT\dft-dtro-beta\Src\Dft.DTRO.Tests\bin\Debug\net8.0\Dft.DTRO.Tests.dll" adapterTypeName="executor://xunit/VsTestRunner3/netcore/" className="Dft.DTRO.Tests.ServicesTests.Validations.RateLineValidationServiceTests" name="ValidateRateLineIncrementPeriod" />
    </UnitTest>
    <UnitTest name="Dft.DTRO.Tests.ServicesTests.Validations.GeometryValidationServiceTests.ValidatePointGeometryVersion(version: null, schemaVersion: &quot;3.3.0&quot;, errorCount: 1)" storage="c:\users\belgp3\onedrive - pa consulting group\documents\work\code\pa\clients\dft\dft-dtro-beta\src\dft.dtro.tests\bin\debug\net8.0\dft.dtro.tests.dll" id="2d432634-9968-ffac-7c28-ca6fa6c5eaf6">
      <Execution id="d88213e0-c7dc-4abd-ad9a-b3f39e3d41a2" />
      <TestMethod codeBase="C:\Users\BELGP3\OneDrive - PA Consulting Group\Documents\Work\Code\PA\Clients\DfT\dft-dtro-beta\Src\Dft.DTRO.Tests\bin\Debug\net8.0\Dft.DTRO.Tests.dll" adapterTypeName="executor://xunit/VsTestRunner3/netcore/" className="Dft.DTRO.Tests.ServicesTests.Validations.GeometryValidationServiceTests" name="ValidatePointGeometryVersion" />
    </UnitTest>
    <UnitTest name="Dft.DTRO.Tests.ServicesTests.Validations.JsonLogicValidationTests.AllowsValidPeriodToBeMissing" storage="c:\users\belgp3\onedrive - pa consulting group\documents\work\code\pa\clients\dft\dft-dtro-beta\src\dft.dtro.tests\bin\debug\net8.0\dft.dtro.tests.dll" id="7cd188eb-5259-41ab-5a00-e31c3e6c2710">
      <Execution id="02d22748-0961-4a39-b9f6-bec639bd53a7" />
      <TestMethod codeBase="C:\Users\BELGP3\OneDrive - PA Consulting Group\Documents\Work\Code\PA\Clients\DfT\dft-dtro-beta\Src\Dft.DTRO.Tests\bin\Debug\net8.0\Dft.DTRO.Tests.dll" adapterTypeName="executor://xunit/VsTestRunner3/netcore/" className="Dft.DTRO.Tests.ServicesTests.Validations.JsonLogicValidationTests" name="AllowsValidPeriodToBeMissing" />
    </UnitTest>
    <UnitTest name="Dft.DTRO.Tests.ServicesTests.Validations.ProvisionValidationServiceTests.ValidateProvisionOrderReportingPointTypeForSchema330(orderReportingPointType: &quot;permanentNoticeOfMaking&quot;, errorCount: 0)" storage="c:\users\belgp3\onedrive - pa consulting group\documents\work\code\pa\clients\dft\dft-dtro-beta\src\dft.dtro.tests\bin\debug\net8.0\dft.dtro.tests.dll" id="066a0a16-e3dc-4e22-9c3d-c11112a4d785">
      <Execution id="e1d32ab9-3679-4503-9cc8-23c72549369f" />
      <TestMethod codeBase="C:\Users\BELGP3\OneDrive - PA Consulting Group\Documents\Work\Code\PA\Clients\DfT\dft-dtro-beta\Src\Dft.DTRO.Tests\bin\Debug\net8.0\Dft.DTRO.Tests.dll" adapterTypeName="executor://xunit/VsTestRunner3/netcore/" className="Dft.DTRO.Tests.ServicesTests.Validations.ProvisionValidationServiceTests" name="ValidateProvisionOrderReportingPointTypeForSchema330" />
    </UnitTest>
    <UnitTest name="Dft.DTRO.Tests.CodeiumTests.Users.Service.UserServiceTests.GetAllDtroUsersAsync_ShouldReturnAllUsers" storage="c:\users\belgp3\onedrive - pa consulting group\documents\work\code\pa\clients\dft\dft-dtro-beta\src\dft.dtro.tests\bin\debug\net8.0\dft.dtro.tests.dll" id="962d3a09-014f-3b97-2379-31aa2ef13b7d">
      <Execution id="2b574d03-679e-4ea6-8477-5d468435379e" />
      <TestMethod codeBase="C:\Users\BELGP3\OneDrive - PA Consulting Group\Documents\Work\Code\PA\Clients\DfT\dft-dtro-beta\Src\Dft.DTRO.Tests\bin\Debug\net8.0\Dft.DTRO.Tests.dll" adapterTypeName="executor://xunit/VsTestRunner3/netcore/" className="Dft.DTRO.Tests.CodeiumTests.Users.Service.UserServiceTests" name="GetAllDtroUsersAsync_ShouldReturnAllUsers" />
    </UnitTest>
    <UnitTest name="Dft.DTRO.Tests.ServicesTests.Validations.JsonLogicValidationTests.DisallowGrossWeightCharacteristicInvalidForRegulationTypes(regulationType: &quot;dimensionMaximumWeightStructural&quot;)" storage="c:\users\belgp3\onedrive - pa consulting group\documents\work\code\pa\clients\dft\dft-dtro-beta\src\dft.dtro.tests\bin\debug\net8.0\dft.dtro.tests.dll" id="b2c77e51-935c-ab61-6ab9-b9935fd846b1">
      <Execution id="e3e432c3-3515-4556-8f4d-09398b681f54" />
      <TestMethod codeBase="C:\Users\BELGP3\OneDrive - PA Consulting Group\Documents\Work\Code\PA\Clients\DfT\dft-dtro-beta\Src\Dft.DTRO.Tests\bin\Debug\net8.0\Dft.DTRO.Tests.dll" adapterTypeName="executor://xunit/VsTestRunner3/netcore/" className="Dft.DTRO.Tests.ServicesTests.Validations.JsonLogicValidationTests" name="DisallowGrossWeightCharacteristicInvalidForRegulationTypes" />
    </UnitTest>
    <UnitTest name="Dft.DTRO.Tests.CodeiumTests.Users.Service.UserServiceTests.UpdateDtroUserAsync_ShouldThrowNotFoundException_WhenUserDoesNotExist" storage="c:\users\belgp3\onedrive - pa consulting group\documents\work\code\pa\clients\dft\dft-dtro-beta\src\dft.dtro.tests\bin\debug\net8.0\dft.dtro.tests.dll" id="97807180-ab21-d476-a2fb-64cf38370c2d">
      <Execution id="c6c6642e-f140-4e17-8ef3-434f3bc041dc" />
      <TestMethod codeBase="C:\Users\BELGP3\OneDrive - PA Consulting Group\Documents\Work\Code\PA\Clients\DfT\dft-dtro-beta\Src\Dft.DTRO.Tests\bin\Debug\net8.0\Dft.DTRO.Tests.dll" adapterTypeName="executor://xunit/VsTestRunner3/netcore/" className="Dft.DTRO.Tests.CodeiumTests.Users.Service.UserServiceTests" name="UpdateDtroUserAsync_ShouldThrowNotFoundException_WhenUserDoesNotExist" />
    </UnitTest>
    <UnitTest name="Dft.DTRO.Tests.ServicesTests.Validations.RateLineValidationServiceTests.ValidateRateLineSequence(conditionType: &quot;Condition&quot;, sequence: -1, errorCount: 1)" storage="c:\users\belgp3\onedrive - pa consulting group\documents\work\code\pa\clients\dft\dft-dtro-beta\src\dft.dtro.tests\bin\debug\net8.0\dft.dtro.tests.dll" id="6515066f-e655-0709-7d99-07f4bbe190d9">
      <Execution id="f3dd01ea-cc33-4001-8975-ccd68d23e473" />
      <TestMethod codeBase="C:\Users\BELGP3\OneDrive - PA Consulting Group\Documents\Work\Code\PA\Clients\DfT\dft-dtro-beta\Src\Dft.DTRO.Tests\bin\Debug\net8.0\Dft.DTRO.Tests.dll" adapterTypeName="executor://xunit/VsTestRunner3/netcore/" className="Dft.DTRO.Tests.ServicesTests.Validations.RateLineValidationServiceTests" name="ValidateRateLineSequence" />
    </UnitTest>
    <UnitTest name="Dft.DTRO.Tests.ServicesTests.Validations.JsonLogicValidationTests.AllowHeaviestAxleWeightCharacteristicValidForRegulationTypes(regulationType: &quot;dimensionMaximumWeightStructural&quot;)" storage="c:\users\belgp3\onedrive - pa consulting group\documents\work\code\pa\clients\dft\dft-dtro-beta\src\dft.dtro.tests\bin\debug\net8.0\dft.dtro.tests.dll" id="7d1df5e4-844c-f2c5-dec5-add8beb6408a">
      <Execution id="4a374e0f-6f73-42f3-83fb-caf418bb19d4" />
      <TestMethod codeBase="C:\Users\BELGP3\OneDrive - PA Consulting Group\Documents\Work\Code\PA\Clients\DfT\dft-dtro-beta\Src\Dft.DTRO.Tests\bin\Debug\net8.0\Dft.DTRO.Tests.dll" adapterTypeName="executor://xunit/VsTestRunner3/netcore/" className="Dft.DTRO.Tests.ServicesTests.Validations.JsonLogicValidationTests" name="AllowHeaviestAxleWeightCharacteristicValidForRegulationTypes" />
    </UnitTest>
    <UnitTest name="Dft.DTRO.Tests.ServicesTests.Validations.JsonLogicValidationTests.AllowHeightCharacteristicValidForRegulationTypeDimensionMaximumHeightStructural" storage="c:\users\belgp3\onedrive - pa consulting group\documents\work\code\pa\clients\dft\dft-dtro-beta\src\dft.dtro.tests\bin\debug\net8.0\dft.dtro.tests.dll" id="ab4b4f51-8627-7f5e-ef7b-b3bb21a23b04">
      <Execution id="3c548731-645a-4daf-9460-137182046984" />
      <TestMethod codeBase="C:\Users\BELGP3\OneDrive - PA Consulting Group\Documents\Work\Code\PA\Clients\DfT\dft-dtro-beta\Src\Dft.DTRO.Tests\bin\Debug\net8.0\Dft.DTRO.Tests.dll" adapterTypeName="executor://xunit/VsTestRunner3/netcore/" className="Dft.DTRO.Tests.ServicesTests.Validations.JsonLogicValidationTests" name="AllowHeightCharacteristicValidForRegulationTypeDimensionMaximumHeightStructural" />
    </UnitTest>
    <UnitTest name="Dft.DTRO.Tests.ServicesTests.Validations.RegulationValidationTests.ValidateSpeedLimitValueBasedSpeedValue(mphValue: 60, errorCount: 0)" storage="c:\users\belgp3\onedrive - pa consulting group\documents\work\code\pa\clients\dft\dft-dtro-beta\src\dft.dtro.tests\bin\debug\net8.0\dft.dtro.tests.dll" id="b1e9e98b-f7ec-c47b-837f-12fa5cf25f2e">
      <Execution id="3f88ef8f-bd9f-4e4e-99c0-798e953b8440" />
      <TestMethod codeBase="C:\Users\BELGP3\OneDrive - PA Consulting Group\Documents\Work\Code\PA\Clients\DfT\dft-dtro-beta\Src\Dft.DTRO.Tests\bin\Debug\net8.0\Dft.DTRO.Tests.dll" adapterTypeName="executor://xunit/VsTestRunner3/netcore/" className="Dft.DTRO.Tests.ServicesTests.Validations.RegulationValidationTests" name="ValidateSpeedLimitValueBasedSpeedValue" />
    </UnitTest>
    <UnitTest name="Dft.DTRO.Tests.ServicesTests.Application.ApplicationServiceTests.ValidateAppBelongsToUserShouldReturnTrueWhenUserMatches" storage="c:\users\belgp3\onedrive - pa consulting group\documents\work\code\pa\clients\dft\dft-dtro-beta\src\dft.dtro.tests\bin\debug\net8.0\dft.dtro.tests.dll" id="4fe09a41-5a93-0d98-4241-67495dd27e36">
      <Execution id="831aade1-e631-4e9d-b448-fb96ab56bada" />
      <TestMethod codeBase="C:\Users\BELGP3\OneDrive - PA Consulting Group\Documents\Work\Code\PA\Clients\DfT\dft-dtro-beta\Src\Dft.DTRO.Tests\bin\Debug\net8.0\Dft.DTRO.Tests.dll" adapterTypeName="executor://xunit/VsTestRunner3/netcore/" className="Dft.DTRO.Tests.ServicesTests.Application.ApplicationServiceTests" name="ValidateAppBelongsToUserShouldReturnTrueWhenUserMatches" />
    </UnitTest>
    <UnitTest name="Dft.DTRO.Tests.ServicesTests.Validations.GeometryValidationServiceTests.ValidatePointGeometryVersion(version: 0, schemaVersion: &quot;3.3.0&quot;, errorCount: 1)" storage="c:\users\belgp3\onedrive - pa consulting group\documents\work\code\pa\clients\dft\dft-dtro-beta\src\dft.dtro.tests\bin\debug\net8.0\dft.dtro.tests.dll" id="11cde18c-5187-63b4-1697-ce1581e722cd">
      <Execution id="66af1eb9-8ef4-4b5c-a799-528ac5c92021" />
      <TestMethod codeBase="C:\Users\BELGP3\OneDrive - PA Consulting Group\Documents\Work\Code\PA\Clients\DfT\dft-dtro-beta\Src\Dft.DTRO.Tests\bin\Debug\net8.0\Dft.DTRO.Tests.dll" adapterTypeName="executor://xunit/VsTestRunner3/netcore/" className="Dft.DTRO.Tests.ServicesTests.Validations.GeometryValidationServiceTests" name="ValidatePointGeometryVersion" />
    </UnitTest>
    <UnitTest name="Dft.DTRO.Tests.ServicesTests.Validations.ProvisionValidationServiceTests.ValidateProvisionOrderReportingPointTypeForSchema324(orderReportingPointType: &quot;ttroTtmoNoticeAfterMaking&quot;, errorCount: 0)" storage="c:\users\belgp3\onedrive - pa consulting group\documents\work\code\pa\clients\dft\dft-dtro-beta\src\dft.dtro.tests\bin\debug\net8.0\dft.dtro.tests.dll" id="53ecaabf-047d-a0cc-00a9-6cfaab65629f">
      <Execution id="2b3febda-9fe3-4a9d-a915-b7717c8d85f8" />
      <TestMethod codeBase="C:\Users\BELGP3\OneDrive - PA Consulting Group\Documents\Work\Code\PA\Clients\DfT\dft-dtro-beta\Src\Dft.DTRO.Tests\bin\Debug\net8.0\Dft.DTRO.Tests.dll" adapterTypeName="executor://xunit/VsTestRunner3/netcore/" className="Dft.DTRO.Tests.ServicesTests.Validations.ProvisionValidationServiceTests" name="ValidateProvisionOrderReportingPointTypeForSchema324" />
    </UnitTest>
    <UnitTest name="Dft.DTRO.Tests.UnitTests.MappingServiceTests.InferIndexFieldsReturnsSampleFiles(path: &quot;../../../TestFiles/D-TROs/3.3.0/JSON-3.3.0-example&quot;···, schemaVersion: &quot;3.3.0&quot;)" storage="c:\users\belgp3\onedrive - pa consulting group\documents\work\code\pa\clients\dft\dft-dtro-beta\src\dft.dtro.tests\bin\debug\net8.0\dft.dtro.tests.dll" id="86a80db5-891f-39f6-9def-f8d65936162b">
      <Execution id="b79bbd38-3e8b-4cf6-a8b6-21f31f96edd9" />
      <TestMethod codeBase="C:\Users\BELGP3\OneDrive - PA Consulting Group\Documents\Work\Code\PA\Clients\DfT\dft-dtro-beta\Src\Dft.DTRO.Tests\bin\Debug\net8.0\Dft.DTRO.Tests.dll" adapterTypeName="executor://xunit/VsTestRunner3/netcore/" className="Dft.DTRO.Tests.UnitTests.MappingServiceTests" name="InferIndexFieldsReturnsSampleFiles" />
    </UnitTest>
    <UnitTest name="Dft.DTRO.Tests.ServicesTests.Validations.RateLineCollectionValidationServiceTests.ValidateRateLineCollectionApplicableCurrency(conditionType: &quot;ConditionSet&quot;, currencyType: &quot;USD&quot;, errorCount: 1)" storage="c:\users\belgp3\onedrive - pa consulting group\documents\work\code\pa\clients\dft\dft-dtro-beta\src\dft.dtro.tests\bin\debug\net8.0\dft.dtro.tests.dll" id="ddf6c466-6463-b413-44ad-2709382ad4a6">
      <Execution id="ce32f5b0-2166-4d14-bcbe-13cfdb8ceaa7" />
      <TestMethod codeBase="C:\Users\BELGP3\OneDrive - PA Consulting Group\Documents\Work\Code\PA\Clients\DfT\dft-dtro-beta\Src\Dft.DTRO.Tests\bin\Debug\net8.0\Dft.DTRO.Tests.dll" adapterTypeName="executor://xunit/VsTestRunner3/netcore/" className="Dft.DTRO.Tests.ServicesTests.Validations.RateLineCollectionValidationServiceTests" name="ValidateRateLineCollectionApplicableCurrency" />
    </UnitTest>
    <UnitTest name="Dft.DTRO.Tests.CodeiumTests.Rules.Service.RuleTemplateServiceTests.GetRuleTemplatesVersionsAsync_ReturnsList" storage="c:\users\belgp3\onedrive - pa consulting group\documents\work\code\pa\clients\dft\dft-dtro-beta\src\dft.dtro.tests\bin\debug\net8.0\dft.dtro.tests.dll" id="03ef5418-9dd2-5656-aaf0-fa4a6874556e">
      <Execution id="a6319566-c711-4e92-b7b9-a63924d88f33" />
      <TestMethod codeBase="C:\Users\BELGP3\OneDrive - PA Consulting Group\Documents\Work\Code\PA\Clients\DfT\dft-dtro-beta\Src\Dft.DTRO.Tests\bin\Debug\net8.0\Dft.DTRO.Tests.dll" adapterTypeName="executor://xunit/VsTestRunner3/netcore/" className="Dft.DTRO.Tests.CodeiumTests.Rules.Service.RuleTemplateServiceTests" name="GetRuleTemplatesVersionsAsync_ReturnsList" />
    </UnitTest>
    <UnitTest name="Dft.DTRO.Tests.ServicesTests.Validations.RegulationValidationTests.ValidateGeneralRegulationRegulationType(regulationType: &quot;mandatoryDirectionAheadOnly&quot;, errorCount: 0)" storage="c:\users\belgp3\onedrive - pa consulting group\documents\work\code\pa\clients\dft\dft-dtro-beta\src\dft.dtro.tests\bin\debug\net8.0\dft.dtro.tests.dll" id="01d74a0b-5967-0fa0-7403-c558eb56152d">
      <Execution id="2077b358-e581-40ee-b89c-4e9a21ab6ef4" />
      <TestMethod codeBase="C:\Users\BELGP3\OneDrive - PA Consulting Group\Documents\Work\Code\PA\Clients\DfT\dft-dtro-beta\Src\Dft.DTRO.Tests\bin\Debug\net8.0\Dft.DTRO.Tests.dll" adapterTypeName="executor://xunit/VsTestRunner3/netcore/" className="Dft.DTRO.Tests.ServicesTests.Validations.RegulationValidationTests" name="ValidateGeneralRegulationRegulationType" />
    </UnitTest>
    <UnitTest name="Dft.DTRO.Tests.ServicesTests.DTROs.GetDtrosTests.GetDtrosAsyncReturnsRecords(traCode: 0, startDate: null, endDate: null, records: 12)" storage="c:\users\belgp3\onedrive - pa consulting group\documents\work\code\pa\clients\dft\dft-dtro-beta\src\dft.dtro.tests\bin\debug\net8.0\dft.dtro.tests.dll" id="2172f1c8-a33d-5091-561a-8b250bf1f070">
      <Execution id="bb3492f4-8314-498a-a2da-34f5a2ce6e6d" />
      <TestMethod codeBase="C:\Users\BELGP3\OneDrive - PA Consulting Group\Documents\Work\Code\PA\Clients\DfT\dft-dtro-beta\Src\Dft.DTRO.Tests\bin\Debug\net8.0\Dft.DTRO.Tests.dll" adapterTypeName="executor://xunit/VsTestRunner3/netcore/" className="Dft.DTRO.Tests.ServicesTests.DTROs.GetDtrosTests" name="GetDtrosAsyncReturnsRecords" />
    </UnitTest>
    <UnitTest name="Dft.DTRO.Tests.ServicesTests.Validations.RateLineCollectionValidationServiceTests.ValidateRateLineCollectionStartValidUsagePeriod(conditionType: &quot;ConditionSet&quot;, startValidUsagePeriod: &quot;2024-12-10T09:00:00&quot;, errorCount: 0)" storage="c:\users\belgp3\onedrive - pa consulting group\documents\work\code\pa\clients\dft\dft-dtro-beta\src\dft.dtro.tests\bin\debug\net8.0\dft.dtro.tests.dll" id="add83e04-1e76-3107-86f3-f7847e1cc757">
      <Execution id="c9d14910-f1be-4c9e-bdbe-71739e948749" />
      <TestMethod codeBase="C:\Users\BELGP3\OneDrive - PA Consulting Group\Documents\Work\Code\PA\Clients\DfT\dft-dtro-beta\Src\Dft.DTRO.Tests\bin\Debug\net8.0\Dft.DTRO.Tests.dll" adapterTypeName="executor://xunit/VsTestRunner3/netcore/" className="Dft.DTRO.Tests.ServicesTests.Validations.RateLineCollectionValidationServiceTests" name="ValidateRateLineCollectionStartValidUsagePeriod" />
    </UnitTest>
    <UnitTest name="Dft.DTRO.Tests.ServicesTests.Validations.RateLineValidationServiceTests.ValidateRateLineDurationEnd(conditionType: &quot;Condition&quot;, durationEnd: -10, errorCount: 1)" storage="c:\users\belgp3\onedrive - pa consulting group\documents\work\code\pa\clients\dft\dft-dtro-beta\src\dft.dtro.tests\bin\debug\net8.0\dft.dtro.tests.dll" id="c9909a8a-44d9-96e9-890d-2df82cbd2be5">
      <Execution id="2b3dfdd6-70a2-487d-8942-dfdbf9a2e9bd" />
      <TestMethod codeBase="C:\Users\BELGP3\OneDrive - PA Consulting Group\Documents\Work\Code\PA\Clients\DfT\dft-dtro-beta\Src\Dft.DTRO.Tests\bin\Debug\net8.0\Dft.DTRO.Tests.dll" adapterTypeName="executor://xunit/VsTestRunner3/netcore/" className="Dft.DTRO.Tests.ServicesTests.Validations.RateLineValidationServiceTests" name="ValidateRateLineDurationEnd" />
    </UnitTest>
    <UnitTest name="Dft.DTRO.Tests.ServicesTests.Validations.RateLineCollectionValidationServiceTests.ValidateRateLineCollectionResetTime(conditionType: &quot;ConditionSet&quot;, resetTime: &quot;10:00:00&quot;, errorCount: 0)" storage="c:\users\belgp3\onedrive - pa consulting group\documents\work\code\pa\clients\dft\dft-dtro-beta\src\dft.dtro.tests\bin\debug\net8.0\dft.dtro.tests.dll" id="4372bc1a-7706-ff33-e768-315e763e3424">
      <Execution id="d4188c69-cc19-4688-ab9b-07aa9e5e678c" />
      <TestMethod codeBase="C:\Users\BELGP3\OneDrive - PA Consulting Group\Documents\Work\Code\PA\Clients\DfT\dft-dtro-beta\Src\Dft.DTRO.Tests\bin\Debug\net8.0\Dft.DTRO.Tests.dll" adapterTypeName="executor://xunit/VsTestRunner3/netcore/" className="Dft.DTRO.Tests.ServicesTests.Validations.RateLineCollectionValidationServiceTests" name="ValidateRateLineCollectionResetTime" />
    </UnitTest>
    <UnitTest name="Dft.DTRO.Tests.ServicesTests.Validations.ProvisionValidationServiceTests.ValidateProvisionOrderReportingPointTypeForSchema330(orderReportingPointType: &quot;specialEventOrderNoticeOfMaking&quot;, errorCount: 0)" storage="c:\users\belgp3\onedrive - pa consulting group\documents\work\code\pa\clients\dft\dft-dtro-beta\src\dft.dtro.tests\bin\debug\net8.0\dft.dtro.tests.dll" id="266780e5-46bd-0799-0fd8-9f45e518108f">
      <Execution id="4dffbe5c-100f-4780-87a6-bb8d47177b16" />
      <TestMethod codeBase="C:\Users\BELGP3\OneDrive - PA Consulting Group\Documents\Work\Code\PA\Clients\DfT\dft-dtro-beta\Src\Dft.DTRO.Tests\bin\Debug\net8.0\Dft.DTRO.Tests.dll" adapterTypeName="executor://xunit/VsTestRunner3/netcore/" className="Dft.DTRO.Tests.ServicesTests.Validations.ProvisionValidationServiceTests" name="ValidateProvisionOrderReportingPointTypeForSchema330" />
    </UnitTest>
    <UnitTest name="Dft.DTRO.Tests.ServicesTests.Validations.SemanticValidationServiceTests.WhenBritishNationalGridSpatialReferenceIsNotPresentReturnsError(version: &quot;3.2.4&quot;)" storage="c:\users\belgp3\onedrive - pa consulting group\documents\work\code\pa\clients\dft\dft-dtro-beta\src\dft.dtro.tests\bin\debug\net8.0\dft.dtro.tests.dll" id="91e34eae-5e10-2c4d-2f0a-b1761fada1ce">
      <Execution id="db67e4b9-de9e-406b-86d0-66aebdb3ad21" />
      <TestMethod codeBase="C:\Users\BELGP3\OneDrive - PA Consulting Group\Documents\Work\Code\PA\Clients\DfT\dft-dtro-beta\Src\Dft.DTRO.Tests\bin\Debug\net8.0\Dft.DTRO.Tests.dll" adapterTypeName="executor://xunit/VsTestRunner3/netcore/" className="Dft.DTRO.Tests.ServicesTests.Validations.SemanticValidationServiceTests" name="WhenBritishNationalGridSpatialReferenceIsNotPresentReturnsError" />
    </UnitTest>
    <UnitTest name="Dft.DTRO.Tests.ServicesTests.Validations.RateLineValidationServiceTests.ValidateRateLineDurationEnd(conditionType: &quot;Condition&quot;, durationEnd: 0, errorCount: 1)" storage="c:\users\belgp3\onedrive - pa consulting group\documents\work\code\pa\clients\dft\dft-dtro-beta\src\dft.dtro.tests\bin\debug\net8.0\dft.dtro.tests.dll" id="d199f1e6-5816-7e20-f22d-7688ce45e3b4">
      <Execution id="2f519ee6-e248-4496-a7ae-1cfc62035525" />
      <TestMethod codeBase="C:\Users\BELGP3\OneDrive - PA Consulting Group\Documents\Work\Code\PA\Clients\DfT\dft-dtro-beta\Src\Dft.DTRO.Tests\bin\Debug\net8.0\Dft.DTRO.Tests.dll" adapterTypeName="executor://xunit/VsTestRunner3/netcore/" className="Dft.DTRO.Tests.ServicesTests.Validations.RateLineValidationServiceTests" name="ValidateRateLineDurationEnd" />
    </UnitTest>
    <UnitTest name="Dft.DTRO.Tests.CodeiumTests.Rules.Controller.RulesControllerGetRuleByIdTests.GetRuleById_ReturnsOk_WhenRuleExists" storage="c:\users\belgp3\onedrive - pa consulting group\documents\work\code\pa\clients\dft\dft-dtro-beta\src\dft.dtro.tests\bin\debug\net8.0\dft.dtro.tests.dll" id="9bf87767-1b85-0cc8-81d0-bbf4f57a5684">
      <Execution id="ade86117-56e4-410b-85d1-a40ab42dd8eb" />
      <TestMethod codeBase="C:\Users\BELGP3\OneDrive - PA Consulting Group\Documents\Work\Code\PA\Clients\DfT\dft-dtro-beta\Src\Dft.DTRO.Tests\bin\Debug\net8.0\Dft.DTRO.Tests.dll" adapterTypeName="executor://xunit/VsTestRunner3/netcore/" className="Dft.DTRO.Tests.CodeiumTests.Rules.Controller.RulesControllerGetRuleByIdTests" name="GetRuleById_ReturnsOk_WhenRuleExists" />
    </UnitTest>
    <UnitTest name="Dft.DTRO.Tests.CodeiumTests.Users.Controller.UserControllerGetSwaCodesTests.GetSwaCodes_ReturnsOk_WithListOfSwaCodeResponse" storage="c:\users\belgp3\onedrive - pa consulting group\documents\work\code\pa\clients\dft\dft-dtro-beta\src\dft.dtro.tests\bin\debug\net8.0\dft.dtro.tests.dll" id="6163e1f2-56fa-2b92-dc2f-cc1f2046bcab">
      <Execution id="7b736af4-0e5b-4de0-a1cf-ea23de99cf00" />
      <TestMethod codeBase="C:\Users\BELGP3\OneDrive - PA Consulting Group\Documents\Work\Code\PA\Clients\DfT\dft-dtro-beta\Src\Dft.DTRO.Tests\bin\Debug\net8.0\Dft.DTRO.Tests.dll" adapterTypeName="executor://xunit/VsTestRunner3/netcore/" className="Dft.DTRO.Tests.CodeiumTests.Users.Controller.UserControllerGetSwaCodesTests" name="GetSwaCodes_ReturnsOk_WithListOfSwaCodeResponse" />
    </UnitTest>
    <UnitTest name="Dft.DTRO.Tests.UnitTests.Proj4SpatialProjectionTests.BoundingBoxProjection_Inverse_ProducesResultsWithinErrorMargin(westLongitude: 1398.2999115829, southLatitude: 21477.17948984, eastLongitude: 605500.21827800001, northLatitude: 1223378.4826372999, expectedWestLongitude: -7.5599999999999996, expectedSouthLatitude: 49.960000000000001, expectedEastLongitude: 1.78, expectedNorthLatitude: 60.840000000000003)" storage="c:\users\belgp3\onedrive - pa consulting group\documents\work\code\pa\clients\dft\dft-dtro-beta\src\dft.dtro.tests\bin\debug\net8.0\dft.dtro.tests.dll" id="ff9407fa-f0e9-500e-ed70-ed3d18e3ea90">
      <Execution id="f5cf5323-194b-4104-9d95-5b0af5f04f0d" />
      <TestMethod codeBase="C:\Users\BELGP3\OneDrive - PA Consulting Group\Documents\Work\Code\PA\Clients\DfT\dft-dtro-beta\Src\Dft.DTRO.Tests\bin\Debug\net8.0\Dft.DTRO.Tests.dll" adapterTypeName="executor://xunit/VsTestRunner3/netcore/" className="Dft.DTRO.Tests.UnitTests.Proj4SpatialProjectionTests" name="BoundingBoxProjection_Inverse_ProducesResultsWithinErrorMargin" />
    </UnitTest>
    <UnitTest name="Dft.DTRO.Tests.DALTests.ApplicationDalTests.GetPendingApplications_ShouldReturnPendingApplicationForUserAdminUser" storage="c:\users\belgp3\onedrive - pa consulting group\documents\work\code\pa\clients\dft\dft-dtro-beta\src\dft.dtro.tests\bin\debug\net8.0\dft.dtro.tests.dll" id="fdf33367-4f47-8528-6443-6ac840f27098">
      <Execution id="ee3fdcaa-e114-4425-8762-1933c11c47f9" />
      <TestMethod codeBase="C:\Users\BELGP3\OneDrive - PA Consulting Group\Documents\Work\Code\PA\Clients\DfT\dft-dtro-beta\Src\Dft.DTRO.Tests\bin\Debug\net8.0\Dft.DTRO.Tests.dll" adapterTypeName="executor://xunit/VsTestRunner3/netcore/" className="Dft.DTRO.Tests.DALTests.ApplicationDalTests" name="GetPendingApplications_ShouldReturnPendingApplicationForUserAdminUser" />
    </UnitTest>
    <UnitTest name="Dft.DTRO.Tests.ServicesTests.Validations.SourceValidationServiceTests.ValidateSourceActionType(version: &quot;3.2.4&quot;, actionType: &quot;amendment&quot;, traCode: 1050, errorCount: 0)" storage="c:\users\belgp3\onedrive - pa consulting group\documents\work\code\pa\clients\dft\dft-dtro-beta\src\dft.dtro.tests\bin\debug\net8.0\dft.dtro.tests.dll" id="f9195684-3aa5-02a3-8500-d490b9d702ff">
      <Execution id="d2879d43-97f8-4b0f-9c3d-69b6eca6cb86" />
      <TestMethod codeBase="C:\Users\BELGP3\OneDrive - PA Consulting Group\Documents\Work\Code\PA\Clients\DfT\dft-dtro-beta\Src\Dft.DTRO.Tests\bin\Debug\net8.0\Dft.DTRO.Tests.dll" adapterTypeName="executor://xunit/VsTestRunner3/netcore/" className="Dft.DTRO.Tests.ServicesTests.Validations.SourceValidationServiceTests" name="ValidateSourceActionType" />
    </UnitTest>
    <UnitTest name="Dft.DTRO.Tests.CodeiumTests.Users.Service.UserServiceTests.SearchDtroUsersAsync_ByPartialName_ShouldReturnUsers" storage="c:\users\belgp3\onedrive - pa consulting group\documents\work\code\pa\clients\dft\dft-dtro-beta\src\dft.dtro.tests\bin\debug\net8.0\dft.dtro.tests.dll" id="65b87c1c-eb9c-d015-2b22-c20ef1347992">
      <Execution id="ea496f2a-c2e9-4190-9166-82994472ce9e" />
      <TestMethod codeBase="C:\Users\BELGP3\OneDrive - PA Consulting Group\Documents\Work\Code\PA\Clients\DfT\dft-dtro-beta\Src\Dft.DTRO.Tests\bin\Debug\net8.0\Dft.DTRO.Tests.dll" adapterTypeName="executor://xunit/VsTestRunner3/netcore/" className="Dft.DTRO.Tests.CodeiumTests.Users.Service.UserServiceTests" name="SearchDtroUsersAsync_ByPartialName_ShouldReturnUsers" />
    </UnitTest>
    <UnitTest name="Dft.DTRO.Tests.ServicesTests.Validations.RateLineValidationServiceTests.ValidateRateLineSequence(conditionType: &quot;ConditionSet&quot;, sequence: 1, errorCount: 0)" storage="c:\users\belgp3\onedrive - pa consulting group\documents\work\code\pa\clients\dft\dft-dtro-beta\src\dft.dtro.tests\bin\debug\net8.0\dft.dtro.tests.dll" id="c0fc197b-2b86-02f2-f529-ab1ad6af4329">
      <Execution id="4bf267d6-1ea7-44c4-bd15-828b6c795870" />
      <TestMethod codeBase="C:\Users\BELGP3\OneDrive - PA Consulting Group\Documents\Work\Code\PA\Clients\DfT\dft-dtro-beta\Src\Dft.DTRO.Tests\bin\Debug\net8.0\Dft.DTRO.Tests.dll" adapterTypeName="executor://xunit/VsTestRunner3/netcore/" className="Dft.DTRO.Tests.ServicesTests.Validations.RateLineValidationServiceTests" name="ValidateRateLineSequence" />
    </UnitTest>
    <UnitTest name="Dft.DTRO.Tests.ServicesTests.Validations.RegulationValidationTests.ValidateGeneralRegulationRegulationType(regulationType: &quot;kerbsideLimitedWaiting&quot;, errorCount: 0)" storage="c:\users\belgp3\onedrive - pa consulting group\documents\work\code\pa\clients\dft\dft-dtro-beta\src\dft.dtro.tests\bin\debug\net8.0\dft.dtro.tests.dll" id="9395117e-85f9-d901-768a-95cc1d1379fe">
      <Execution id="e170bdd1-65ce-43db-9c59-cd768e61f16a" />
      <TestMethod codeBase="C:\Users\BELGP3\OneDrive - PA Consulting Group\Documents\Work\Code\PA\Clients\DfT\dft-dtro-beta\Src\Dft.DTRO.Tests\bin\Debug\net8.0\Dft.DTRO.Tests.dll" adapterTypeName="executor://xunit/VsTestRunner3/netcore/" className="Dft.DTRO.Tests.ServicesTests.Validations.RegulationValidationTests" name="ValidateGeneralRegulationRegulationType" />
    </UnitTest>
    <UnitTest name="Dft.DTRO.Tests.ServicesTests.Validations.JsonSchemaValidationTests.ValidateAgainstSchema311ProducesCorrectResults(schemaVersion: &quot;3.1.1&quot;, sourceJson: &quot;proper-data&quot;, expectedResult: True)" storage="c:\users\belgp3\onedrive - pa consulting group\documents\work\code\pa\clients\dft\dft-dtro-beta\src\dft.dtro.tests\bin\debug\net8.0\dft.dtro.tests.dll" id="c2cf6b44-23b0-a7d9-10e7-b3a1eef2d243">
      <Execution id="16a71559-e8d2-4e3b-ba0c-00a542a2c2eb" />
      <TestMethod codeBase="C:\Users\BELGP3\OneDrive - PA Consulting Group\Documents\Work\Code\PA\Clients\DfT\dft-dtro-beta\Src\Dft.DTRO.Tests\bin\Debug\net8.0\Dft.DTRO.Tests.dll" adapterTypeName="executor://xunit/VsTestRunner3/netcore/" className="Dft.DTRO.Tests.ServicesTests.Validations.JsonSchemaValidationTests" name="ValidateAgainstSchema311ProducesCorrectResults" />
    </UnitTest>
    <UnitTest name="Dft.DTRO.Tests.ServicesTests.Validations.RegulationValidationTests.ValidateGeneralRegulationRegulationType(regulationType: &quot;unknown&quot;, errorCount: 1)" storage="c:\users\belgp3\onedrive - pa consulting group\documents\work\code\pa\clients\dft\dft-dtro-beta\src\dft.dtro.tests\bin\debug\net8.0\dft.dtro.tests.dll" id="3a7c79e8-7579-67f0-f6b5-e70d21fa205a">
      <Execution id="a649291e-008b-4e7c-acc1-6e5bcf511f61" />
      <TestMethod codeBase="C:\Users\BELGP3\OneDrive - PA Consulting Group\Documents\Work\Code\PA\Clients\DfT\dft-dtro-beta\Src\Dft.DTRO.Tests\bin\Debug\net8.0\Dft.DTRO.Tests.dll" adapterTypeName="executor://xunit/VsTestRunner3/netcore/" className="Dft.DTRO.Tests.ServicesTests.Validations.RegulationValidationTests" name="ValidateGeneralRegulationRegulationType" />
    </UnitTest>
    <UnitTest name="Dft.DTRO.Tests.ServicesTests.Validations.ConditionValidationServiceTests.ValidateConditionReturnsNoErrorsWhenOneConditionIsPresent" storage="c:\users\belgp3\onedrive - pa consulting group\documents\work\code\pa\clients\dft\dft-dtro-beta\src\dft.dtro.tests\bin\debug\net8.0\dft.dtro.tests.dll" id="9eb0818c-6bb1-beaf-b4d1-ffa0e60e013a">
      <Execution id="0b1de1de-6103-415b-9db2-1bc0ba63cc3a" />
      <TestMethod codeBase="C:\Users\BELGP3\OneDrive - PA Consulting Group\Documents\Work\Code\PA\Clients\DfT\dft-dtro-beta\Src\Dft.DTRO.Tests\bin\Debug\net8.0\Dft.DTRO.Tests.dll" adapterTypeName="executor://xunit/VsTestRunner3/netcore/" className="Dft.DTRO.Tests.ServicesTests.Validations.ConditionValidationServiceTests" name="ValidateConditionReturnsNoErrorsWhenOneConditionIsPresent" />
    </UnitTest>
    <UnitTest name="Dft.DTRO.Tests.ServicesTests.Validations.RateLineCollectionValidationServiceTests.ValidateRateLineCollectionSequence(conditionType: &quot;ConditionSet&quot;, sequence: -1, errorCount: 1)" storage="c:\users\belgp3\onedrive - pa consulting group\documents\work\code\pa\clients\dft\dft-dtro-beta\src\dft.dtro.tests\bin\debug\net8.0\dft.dtro.tests.dll" id="280351d5-c8bc-7275-9361-3deb1a3a95b3">
      <Execution id="02e2425d-8860-4738-a8cb-b364a9c11cc5" />
      <TestMethod codeBase="C:\Users\BELGP3\OneDrive - PA Consulting Group\Documents\Work\Code\PA\Clients\DfT\dft-dtro-beta\Src\Dft.DTRO.Tests\bin\Debug\net8.0\Dft.DTRO.Tests.dll" adapterTypeName="executor://xunit/VsTestRunner3/netcore/" className="Dft.DTRO.Tests.ServicesTests.Validations.RateLineCollectionValidationServiceTests" name="ValidateRateLineCollectionSequence" />
    </UnitTest>
    <UnitTest name="Dft.DTRO.Tests.ServicesTests.Validations.RateLineCollectionValidationServiceTests.ValidateRateLineCollectionApplicableCurrency(conditionType: &quot;Condition&quot;, currencyType: &quot;GBP&quot;, errorCount: 0)" storage="c:\users\belgp3\onedrive - pa consulting group\documents\work\code\pa\clients\dft\dft-dtro-beta\src\dft.dtro.tests\bin\debug\net8.0\dft.dtro.tests.dll" id="1aad12de-540d-771d-326a-d20f478bddbf">
      <Execution id="19b3af24-ea98-4a16-a38b-f56b6e8c3329" />
      <TestMethod codeBase="C:\Users\BELGP3\OneDrive - PA Consulting Group\Documents\Work\Code\PA\Clients\DfT\dft-dtro-beta\Src\Dft.DTRO.Tests\bin\Debug\net8.0\Dft.DTRO.Tests.dll" adapterTypeName="executor://xunit/VsTestRunner3/netcore/" className="Dft.DTRO.Tests.ServicesTests.Validations.RateLineCollectionValidationServiceTests" name="ValidateRateLineCollectionApplicableCurrency" />
    </UnitTest>
    <UnitTest name="Dft.DTRO.Tests.DALTests.ApplicationDalTests.CheckApplicationNameDoesNotExistShouldReturnFalseWhenNameExists" storage="c:\users\belgp3\onedrive - pa consulting group\documents\work\code\pa\clients\dft\dft-dtro-beta\src\dft.dtro.tests\bin\debug\net8.0\dft.dtro.tests.dll" id="afbde5da-32c8-d25f-8580-837cca3bcfda">
      <Execution id="b2b0c807-f564-4935-980f-f38c479da9d5" />
      <TestMethod codeBase="C:\Users\BELGP3\OneDrive - PA Consulting Group\Documents\Work\Code\PA\Clients\DfT\dft-dtro-beta\Src\Dft.DTRO.Tests\bin\Debug\net8.0\Dft.DTRO.Tests.dll" adapterTypeName="executor://xunit/VsTestRunner3/netcore/" className="Dft.DTRO.Tests.DALTests.ApplicationDalTests" name="CheckApplicationNameDoesNotExistShouldReturnFalseWhenNameExists" />
    </UnitTest>
    <UnitTest name="Dft.DTRO.Tests.CodeiumTests.Rules.Service.RuleTemplateServiceTests.SaveRuleTemplateAsJsonAsync_AlreadyExists" storage="c:\users\belgp3\onedrive - pa consulting group\documents\work\code\pa\clients\dft\dft-dtro-beta\src\dft.dtro.tests\bin\debug\net8.0\dft.dtro.tests.dll" id="41b302a8-308b-7808-e3a2-829387348a25">
      <Execution id="662e1fd2-c551-48fc-9bb4-a1757515a745" />
      <TestMethod codeBase="C:\Users\BELGP3\OneDrive - PA Consulting Group\Documents\Work\Code\PA\Clients\DfT\dft-dtro-beta\Src\Dft.DTRO.Tests\bin\Debug\net8.0\Dft.DTRO.Tests.dll" adapterTypeName="executor://xunit/VsTestRunner3/netcore/" className="Dft.DTRO.Tests.CodeiumTests.Rules.Service.RuleTemplateServiceTests" name="SaveRuleTemplateAsJsonAsync_AlreadyExists" />
    </UnitTest>
    <UnitTest name="Dft.DTRO.Tests.ServicesTests.Validations.RateTableValidationServiceTests.ValidateRateTableRateType(rateType: &quot;daily&quot;, errorCount: 0)" storage="c:\users\belgp3\onedrive - pa consulting group\documents\work\code\pa\clients\dft\dft-dtro-beta\src\dft.dtro.tests\bin\debug\net8.0\dft.dtro.tests.dll" id="9c347e62-7bd0-76b6-3f37-6a83ecbc4d62">
      <Execution id="92e8956d-5971-403f-9a35-4dc19cda4bd9" />
      <TestMethod codeBase="C:\Users\BELGP3\OneDrive - PA Consulting Group\Documents\Work\Code\PA\Clients\DfT\dft-dtro-beta\Src\Dft.DTRO.Tests\bin\Debug\net8.0\Dft.DTRO.Tests.dll" adapterTypeName="executor://xunit/VsTestRunner3/netcore/" className="Dft.DTRO.Tests.ServicesTests.Validations.RateTableValidationServiceTests" name="ValidateRateTableRateType" />
    </UnitTest>
    <UnitTest name="Dft.DTRO.Tests.CodeiumTests.Users.Service.UserServiceTests.SaveDtroUserAsync_ShouldReturnGuidResponse(doesTraIdExists: True)" storage="c:\users\belgp3\onedrive - pa consulting group\documents\work\code\pa\clients\dft\dft-dtro-beta\src\dft.dtro.tests\bin\debug\net8.0\dft.dtro.tests.dll" id="22ed2f61-a1e0-6fae-90a0-1f823e7f0e45">
      <Execution id="63b35faf-7f87-47af-8f58-eda4b1423bed" />
      <TestMethod codeBase="C:\Users\BELGP3\OneDrive - PA Consulting Group\Documents\Work\Code\PA\Clients\DfT\dft-dtro-beta\Src\Dft.DTRO.Tests\bin\Debug\net8.0\Dft.DTRO.Tests.dll" adapterTypeName="executor://xunit/VsTestRunner3/netcore/" className="Dft.DTRO.Tests.CodeiumTests.Users.Service.UserServiceTests" name="SaveDtroUserAsync_ShouldReturnGuidResponse" />
    </UnitTest>
    <UnitTest name="Dft.DTRO.Tests.ServicesTests.Validations.RateTableValidationServiceTests.ValidateRateTableAdditionalInformation(additionalInformation: &quot;https://loremipsum.co.uk&quot;, errorCount: 0)" storage="c:\users\belgp3\onedrive - pa consulting group\documents\work\code\pa\clients\dft\dft-dtro-beta\src\dft.dtro.tests\bin\debug\net8.0\dft.dtro.tests.dll" id="15b05d71-20ff-ac80-1e33-bf2d45acec16">
      <Execution id="22d859e0-2540-4521-bbf1-1bc18f722879" />
      <TestMethod codeBase="C:\Users\BELGP3\OneDrive - PA Consulting Group\Documents\Work\Code\PA\Clients\DfT\dft-dtro-beta\Src\Dft.DTRO.Tests\bin\Debug\net8.0\Dft.DTRO.Tests.dll" adapterTypeName="executor://xunit/VsTestRunner3/netcore/" className="Dft.DTRO.Tests.ServicesTests.Validations.RateTableValidationServiceTests" name="ValidateRateTableAdditionalInformation" />
    </UnitTest>
    <UnitTest name="Dft.DTRO.Tests.ServicesTests.Validations.GeometryValidationServiceTests.ValidatePointGeometryRepresentation(representation: &quot;other&quot;, schemaVersion: &quot;3.3.0&quot;, errorCount: 0)" storage="c:\users\belgp3\onedrive - pa consulting group\documents\work\code\pa\clients\dft\dft-dtro-beta\src\dft.dtro.tests\bin\debug\net8.0\dft.dtro.tests.dll" id="4a40900e-3b3b-841f-e46e-836b448e1e4b">
      <Execution id="f8473e9b-59a7-4cc9-a287-b2054ab1210d" />
      <TestMethod codeBase="C:\Users\BELGP3\OneDrive - PA Consulting Group\Documents\Work\Code\PA\Clients\DfT\dft-dtro-beta\Src\Dft.DTRO.Tests\bin\Debug\net8.0\Dft.DTRO.Tests.dll" adapterTypeName="executor://xunit/VsTestRunner3/netcore/" className="Dft.DTRO.Tests.ServicesTests.Validations.GeometryValidationServiceTests" name="ValidatePointGeometryRepresentation" />
    </UnitTest>
    <UnitTest name="Dft.DTRO.Tests.ServicesTests.Validations.GeometryValidationServiceTests.ValidatePolygonPolygon(polygon: &quot;SRID=27700;POLYGON((-3.692895967970722 40.58924629&quot;···, schemaVersion: &quot;3.3.0&quot;, errorCount: 1)" storage="c:\users\belgp3\onedrive - pa consulting group\documents\work\code\pa\clients\dft\dft-dtro-beta\src\dft.dtro.tests\bin\debug\net8.0\dft.dtro.tests.dll" id="7e001697-4ed2-bb78-b407-43b11983cf4b">
      <Execution id="8dd8c9a2-bd6d-4e12-9e3d-521c8eb7d39e" />
      <TestMethod codeBase="C:\Users\BELGP3\OneDrive - PA Consulting Group\Documents\Work\Code\PA\Clients\DfT\dft-dtro-beta\Src\Dft.DTRO.Tests\bin\Debug\net8.0\Dft.DTRO.Tests.dll" adapterTypeName="executor://xunit/VsTestRunner3/netcore/" className="Dft.DTRO.Tests.ServicesTests.Validations.GeometryValidationServiceTests" name="ValidatePolygonPolygon" />
    </UnitTest>
    <UnitTest name="Dft.DTRO.Tests.ServicesTests.Validations.RegulationValidationTests.ValidateSpeedLimitValueBasedSpeedType(type: &quot;nationalSpeedLimitWellLitStreetDefault&quot;, errorCount: 0)" storage="c:\users\belgp3\onedrive - pa consulting group\documents\work\code\pa\clients\dft\dft-dtro-beta\src\dft.dtro.tests\bin\debug\net8.0\dft.dtro.tests.dll" id="15d9e632-4e86-470a-4a9e-c602af2311ec">
      <Execution id="2a7b8deb-3873-4a6f-9887-fa4c2a36ca44" />
      <TestMethod codeBase="C:\Users\BELGP3\OneDrive - PA Consulting Group\Documents\Work\Code\PA\Clients\DfT\dft-dtro-beta\Src\Dft.DTRO.Tests\bin\Debug\net8.0\Dft.DTRO.Tests.dll" adapterTypeName="executor://xunit/VsTestRunner3/netcore/" className="Dft.DTRO.Tests.ServicesTests.Validations.RegulationValidationTests" name="ValidateSpeedLimitValueBasedSpeedType" />
    </UnitTest>
    <UnitTest name="Dft.DTRO.Tests.CodeiumTests.Metrics.Controller.MetricsControllerTests.HealthApi_ReturnsOkWithTrue" storage="c:\users\belgp3\onedrive - pa consulting group\documents\work\code\pa\clients\dft\dft-dtro-beta\src\dft.dtro.tests\bin\debug\net8.0\dft.dtro.tests.dll" id="f2d18da3-f3a5-dcdb-3a6d-549a89b517ce">
      <Execution id="7070a6f3-05fc-4041-9418-f0563629f73c" />
      <TestMethod codeBase="C:\Users\BELGP3\OneDrive - PA Consulting Group\Documents\Work\Code\PA\Clients\DfT\dft-dtro-beta\Src\Dft.DTRO.Tests\bin\Debug\net8.0\Dft.DTRO.Tests.dll" adapterTypeName="executor://xunit/VsTestRunner3/netcore/" className="Dft.DTRO.Tests.CodeiumTests.Metrics.Controller.MetricsControllerTests" name="HealthApi_ReturnsOkWithTrue" />
    </UnitTest>
    <UnitTest name="Dft.DTRO.Tests.DALTests.ApplicationDalTests.GetApplicationList_ShouldReturnEmptyListWhenNoAppsForUser" storage="c:\users\belgp3\onedrive - pa consulting group\documents\work\code\pa\clients\dft\dft-dtro-beta\src\dft.dtro.tests\bin\debug\net8.0\dft.dtro.tests.dll" id="4789e630-238b-d3d3-a18d-8eb6b6e47208">
      <Execution id="9b54b93b-e982-4112-9c3c-7968f912d43e" />
      <TestMethod codeBase="C:\Users\BELGP3\OneDrive - PA Consulting Group\Documents\Work\Code\PA\Clients\DfT\dft-dtro-beta\Src\Dft.DTRO.Tests\bin\Debug\net8.0\Dft.DTRO.Tests.dll" adapterTypeName="executor://xunit/VsTestRunner3/netcore/" className="Dft.DTRO.Tests.DALTests.ApplicationDalTests" name="GetApplicationList_ShouldReturnEmptyListWhenNoAppsForUser" />
    </UnitTest>
    <UnitTest name="Dft.DTRO.Tests.ServicesTests.Validations.ProvisionValidationServiceTests.ValidateProvisionOrderReportingPointTypeForSchema330(orderReportingPointType: &quot;troOnRoadActiveStatus&quot;, errorCount: 0)" storage="c:\users\belgp3\onedrive - pa consulting group\documents\work\code\pa\clients\dft\dft-dtro-beta\src\dft.dtro.tests\bin\debug\net8.0\dft.dtro.tests.dll" id="866e5ac6-7f3d-16e0-688d-33abc6d5cb08">
      <Execution id="85b36baa-dd8d-4888-b619-34ab4270c0a4" />
      <TestMethod codeBase="C:\Users\BELGP3\OneDrive - PA Consulting Group\Documents\Work\Code\PA\Clients\DfT\dft-dtro-beta\Src\Dft.DTRO.Tests\bin\Debug\net8.0\Dft.DTRO.Tests.dll" adapterTypeName="executor://xunit/VsTestRunner3/netcore/" className="Dft.DTRO.Tests.ServicesTests.Validations.ProvisionValidationServiceTests" name="ValidateProvisionOrderReportingPointTypeForSchema330" />
    </UnitTest>
    <UnitTest name="Dft.DTRO.Tests.ServicesTests.Validations.JsonLogicValidationTests.AllowsRecurringTimePeriodOfDayToBeMissing" storage="c:\users\belgp3\onedrive - pa consulting group\documents\work\code\pa\clients\dft\dft-dtro-beta\src\dft.dtro.tests\bin\debug\net8.0\dft.dtro.tests.dll" id="d3d52aaf-e1ee-fbf2-2577-d33da3780632">
      <Execution id="86cf7b74-3644-41dd-ad99-3a53c7f25958" />
      <TestMethod codeBase="C:\Users\BELGP3\OneDrive - PA Consulting Group\Documents\Work\Code\PA\Clients\DfT\dft-dtro-beta\Src\Dft.DTRO.Tests\bin\Debug\net8.0\Dft.DTRO.Tests.dll" adapterTypeName="executor://xunit/VsTestRunner3/netcore/" className="Dft.DTRO.Tests.ServicesTests.Validations.JsonLogicValidationTests" name="AllowsRecurringTimePeriodOfDayToBeMissing" />
    </UnitTest>
    <UnitTest name="Dft.DTRO.Tests.ServicesTests.Validations.ElementaryStreetUnitValidationServiceTests.ValidateElementaryStreetUnitMultipleEsu" storage="c:\users\belgp3\onedrive - pa consulting group\documents\work\code\pa\clients\dft\dft-dtro-beta\src\dft.dtro.tests\bin\debug\net8.0\dft.dtro.tests.dll" id="286fce15-f575-44ae-2cf8-ed6629c6de8b">
      <Execution id="717bc8bb-f054-4a85-81a6-93ad8814d8e0" />
      <TestMethod codeBase="C:\Users\BELGP3\OneDrive - PA Consulting Group\Documents\Work\Code\PA\Clients\DfT\dft-dtro-beta\Src\Dft.DTRO.Tests\bin\Debug\net8.0\Dft.DTRO.Tests.dll" adapterTypeName="executor://xunit/VsTestRunner3/netcore/" className="Dft.DTRO.Tests.ServicesTests.Validations.ElementaryStreetUnitValidationServiceTests" name="ValidateElementaryStreetUnitMultipleEsu" />
    </UnitTest>
    <UnitTest name="Dft.DTRO.Tests.DALTests.ApplicationDalTests.GetApplicationListShouldReturnApplicationsForUserWithMultipleApps" storage="c:\users\belgp3\onedrive - pa consulting group\documents\work\code\pa\clients\dft\dft-dtro-beta\src\dft.dtro.tests\bin\debug\net8.0\dft.dtro.tests.dll" id="bb2eb309-9bd2-1029-09c9-0c8e5701f6d4">
      <Execution id="af406291-16e8-4960-b9f0-1b729ddc6968" />
      <TestMethod codeBase="C:\Users\BELGP3\OneDrive - PA Consulting Group\Documents\Work\Code\PA\Clients\DfT\dft-dtro-beta\Src\Dft.DTRO.Tests\bin\Debug\net8.0\Dft.DTRO.Tests.dll" adapterTypeName="executor://xunit/VsTestRunner3/netcore/" className="Dft.DTRO.Tests.DALTests.ApplicationDalTests" name="GetApplicationListShouldReturnApplicationsForUserWithMultipleApps" />
    </UnitTest>
    <UnitTest name="DfT.DTRO.Tests.CodeiumTests.Integration.SchemaController_Codeium_Tests.UpdateSchema_ReturnsNotFound_SchemaVersionDoesNotExist" storage="c:\users\belgp3\onedrive - pa consulting group\documents\work\code\pa\clients\dft\dft-dtro-beta\src\dft.dtro.tests\bin\debug\net8.0\dft.dtro.tests.dll" id="56bb4ff6-93b1-f6ef-24e9-0b2a9ab2edd2">
      <Execution id="59ee8712-26df-4d97-a95c-fdb125a4f69a" />
      <TestMethod codeBase="C:\Users\BELGP3\OneDrive - PA Consulting Group\Documents\Work\Code\PA\Clients\DfT\dft-dtro-beta\Src\Dft.DTRO.Tests\bin\Debug\net8.0\Dft.DTRO.Tests.dll" adapterTypeName="executor://xunit/VsTestRunner3/netcore/" className="DfT.DTRO.Tests.CodeiumTests.Integration.SchemaController_Codeium_Tests" name="UpdateSchema_ReturnsNotFound_SchemaVersionDoesNotExist" />
    </UnitTest>
    <UnitTest name="Dft.DTRO.Tests.ServicesTests.Validations.SourceValidationServiceTests.ValidateSourceReference(version: &quot;3.2.4&quot;, reference: &quot;D5E7FBE5-5A7A-4A81-8E27-CDB008EC729D&quot;, errorCount: 0)" storage="c:\users\belgp3\onedrive - pa consulting group\documents\work\code\pa\clients\dft\dft-dtro-beta\src\dft.dtro.tests\bin\debug\net8.0\dft.dtro.tests.dll" id="7868665f-0fdf-b506-7a6b-7c96ab06b849">
      <Execution id="d7969650-083d-40c9-991f-dc1e046cf623" />
      <TestMethod codeBase="C:\Users\BELGP3\OneDrive - PA Consulting Group\Documents\Work\Code\PA\Clients\DfT\dft-dtro-beta\Src\Dft.DTRO.Tests\bin\Debug\net8.0\Dft.DTRO.Tests.dll" adapterTypeName="executor://xunit/VsTestRunner3/netcore/" className="Dft.DTRO.Tests.ServicesTests.Validations.SourceValidationServiceTests" name="ValidateSourceReference" />
    </UnitTest>
    <UnitTest name="Dft.DTRO.Tests.ServicesTests.Validations.JsonLogicValidationTests.AllowsTaInSwaRules" storage="c:\users\belgp3\onedrive - pa consulting group\documents\work\code\pa\clients\dft\dft-dtro-beta\src\dft.dtro.tests\bin\debug\net8.0\dft.dtro.tests.dll" id="e2001511-bd3d-2cb4-d129-4724bed5f91b">
      <Execution id="fdb26209-8e5f-4923-941f-50ae49079b1f" />
      <TestMethod codeBase="C:\Users\BELGP3\OneDrive - PA Consulting Group\Documents\Work\Code\PA\Clients\DfT\dft-dtro-beta\Src\Dft.DTRO.Tests\bin\Debug\net8.0\Dft.DTRO.Tests.dll" adapterTypeName="executor://xunit/VsTestRunner3/netcore/" className="Dft.DTRO.Tests.ServicesTests.Validations.JsonLogicValidationTests" name="AllowsTaInSwaRules" />
    </UnitTest>
    <UnitTest name="Dft.DTRO.Tests.UnitTests.MappingServiceTests.InferIndexFieldsReturnsSampleFiles(path: &quot;../../../TestFiles/D-TROs/3.3.0/JSON-3.3.0-example&quot;···, schemaVersion: &quot;3.3.0&quot;)" storage="c:\users\belgp3\onedrive - pa consulting group\documents\work\code\pa\clients\dft\dft-dtro-beta\src\dft.dtro.tests\bin\debug\net8.0\dft.dtro.tests.dll" id="5ef57b0f-80ef-ecd6-d62d-8096b4e7cee5">
      <Execution id="6d599de9-4b22-4c07-8182-efe0ce561b6a" />
      <TestMethod codeBase="C:\Users\BELGP3\OneDrive - PA Consulting Group\Documents\Work\Code\PA\Clients\DfT\dft-dtro-beta\Src\Dft.DTRO.Tests\bin\Debug\net8.0\Dft.DTRO.Tests.dll" adapterTypeName="executor://xunit/VsTestRunner3/netcore/" className="Dft.DTRO.Tests.UnitTests.MappingServiceTests" name="InferIndexFieldsReturnsSampleFiles" />
    </UnitTest>
    <UnitTest name="Dft.DTRO.Tests.ServicesTests.Tra.TraServiceTests.GetTrasAsyncReturnsRecords(traName: null, records: 5)" storage="c:\users\belgp3\onedrive - pa consulting group\documents\work\code\pa\clients\dft\dft-dtro-beta\src\dft.dtro.tests\bin\debug\net8.0\dft.dtro.tests.dll" id="3210d6f4-03eb-8d4d-660c-d4abc44d9f10">
      <Execution id="56ddde7b-3a2e-4a83-a7b7-68c0fdec7937" />
      <TestMethod codeBase="C:\Users\BELGP3\OneDrive - PA Consulting Group\Documents\Work\Code\PA\Clients\DfT\dft-dtro-beta\Src\Dft.DTRO.Tests\bin\Debug\net8.0\Dft.DTRO.Tests.dll" adapterTypeName="executor://xunit/VsTestRunner3/netcore/" className="Dft.DTRO.Tests.ServicesTests.Tra.TraServiceTests" name="GetTrasAsyncReturnsRecords" />
    </UnitTest>
    <UnitTest name="Dft.DTRO.Tests.ServicesTests.Validations.RateLineValidationServiceTests.ValidateRateLineDurationEnd(conditionType: &quot;ConditionSet&quot;, durationEnd: 0, errorCount: 1)" storage="c:\users\belgp3\onedrive - pa consulting group\documents\work\code\pa\clients\dft\dft-dtro-beta\src\dft.dtro.tests\bin\debug\net8.0\dft.dtro.tests.dll" id="fd527cf5-36af-7480-8be5-e613139e61e9">
      <Execution id="623a5d85-95da-46f0-b626-3b2d273969ca" />
      <TestMethod codeBase="C:\Users\BELGP3\OneDrive - PA Consulting Group\Documents\Work\Code\PA\Clients\DfT\dft-dtro-beta\Src\Dft.DTRO.Tests\bin\Debug\net8.0\Dft.DTRO.Tests.dll" adapterTypeName="executor://xunit/VsTestRunner3/netcore/" className="Dft.DTRO.Tests.ServicesTests.Validations.RateLineValidationServiceTests" name="ValidateRateLineDurationEnd" />
    </UnitTest>
    <UnitTest name="Dft.DTRO.Tests.CodeiumTests.Rules.Service.RuleTemplateServiceTests.SaveRuleTemplateAsJsonAsync_Success" storage="c:\users\belgp3\onedrive - pa consulting group\documents\work\code\pa\clients\dft\dft-dtro-beta\src\dft.dtro.tests\bin\debug\net8.0\dft.dtro.tests.dll" id="ca11e439-bd93-459c-159a-31bf81fd3334">
      <Execution id="68f3afca-e372-48bf-b786-38d8f845d383" />
      <TestMethod codeBase="C:\Users\BELGP3\OneDrive - PA Consulting Group\Documents\Work\Code\PA\Clients\DfT\dft-dtro-beta\Src\Dft.DTRO.Tests\bin\Debug\net8.0\Dft.DTRO.Tests.dll" adapterTypeName="executor://xunit/VsTestRunner3/netcore/" className="Dft.DTRO.Tests.CodeiumTests.Rules.Service.RuleTemplateServiceTests" name="SaveRuleTemplateAsJsonAsync_Success" />
    </UnitTest>
    <UnitTest name="Dft.DTRO.Tests.CodeiumTests.Rules.Controller.RulesControllerCreateTests.CreateRule_WithValidFile_ReturnsCreatedAtAction" storage="c:\users\belgp3\onedrive - pa consulting group\documents\work\code\pa\clients\dft\dft-dtro-beta\src\dft.dtro.tests\bin\debug\net8.0\dft.dtro.tests.dll" id="9eee002c-9f12-e3ef-07a7-39f091c7e7a3">
      <Execution id="1831fd73-4c10-4d1d-b835-52144be4ea58" />
      <TestMethod codeBase="C:\Users\BELGP3\OneDrive - PA Consulting Group\Documents\Work\Code\PA\Clients\DfT\dft-dtro-beta\Src\Dft.DTRO.Tests\bin\Debug\net8.0\Dft.DTRO.Tests.dll" adapterTypeName="executor://xunit/VsTestRunner3/netcore/" className="Dft.DTRO.Tests.CodeiumTests.Rules.Controller.RulesControllerCreateTests" name="CreateRule_WithValidFile_ReturnsCreatedAtAction" />
    </UnitTest>
    <UnitTest name="Dft.DTRO.Tests.UnitTests.Proj4SpatialProjectionTests.BoundingBoxProjection_ProducesResultsWithinErrorMargin(westLongitude: -7.5599999999999996, southLatitude: 49.960000000000001, eastLongitude: 1.78, northLatitude: 60.840000000000003, expectedWestLongitude: 1398.2999115829, expectedSouthLatitude: 21477.17948984, expectedEastLongitude: 605500.21827800001, expectedNorthLatitude: 1223378.4826372999)" storage="c:\users\belgp3\onedrive - pa consulting group\documents\work\code\pa\clients\dft\dft-dtro-beta\src\dft.dtro.tests\bin\debug\net8.0\dft.dtro.tests.dll" id="165107ed-70aa-839a-72de-5d06c52128af">
      <Execution id="354995cf-b36a-40da-a425-4299ca8fd36d" />
      <TestMethod codeBase="C:\Users\BELGP3\OneDrive - PA Consulting Group\Documents\Work\Code\PA\Clients\DfT\dft-dtro-beta\Src\Dft.DTRO.Tests\bin\Debug\net8.0\Dft.DTRO.Tests.dll" adapterTypeName="executor://xunit/VsTestRunner3/netcore/" className="Dft.DTRO.Tests.UnitTests.Proj4SpatialProjectionTests" name="BoundingBoxProjection_ProducesResultsWithinErrorMargin" />
    </UnitTest>
    <UnitTest name="Dft.DTRO.Tests.ServicesTests.Validations.RateLineValidationServiceTests.ValidateRateLineDurationEnd(conditionType: &quot;Condition&quot;, durationEnd: 1000, errorCount: 0)" storage="c:\users\belgp3\onedrive - pa consulting group\documents\work\code\pa\clients\dft\dft-dtro-beta\src\dft.dtro.tests\bin\debug\net8.0\dft.dtro.tests.dll" id="9815ef8a-cf74-0924-748e-a5319474f817">
      <Execution id="4a7658a7-0265-4270-8149-29e3f1dbde14" />
      <TestMethod codeBase="C:\Users\BELGP3\OneDrive - PA Consulting Group\Documents\Work\Code\PA\Clients\DfT\dft-dtro-beta\Src\Dft.DTRO.Tests\bin\Debug\net8.0\Dft.DTRO.Tests.dll" adapterTypeName="executor://xunit/VsTestRunner3/netcore/" className="Dft.DTRO.Tests.ServicesTests.Validations.RateLineValidationServiceTests" name="ValidateRateLineDurationEnd" />
    </UnitTest>
    <UnitTest name="Dft.DTRO.Tests.ControllerTests.DTROsControllerTests.CreateFromFileThrowsException" storage="c:\users\belgp3\onedrive - pa consulting group\documents\work\code\pa\clients\dft\dft-dtro-beta\src\dft.dtro.tests\bin\debug\net8.0\dft.dtro.tests.dll" id="a6917586-542d-0e49-ee22-b4cd9b65d55b">
      <Execution id="a6349045-98f5-4738-8cb3-7846d983e815" />
      <TestMethod codeBase="C:\Users\BELGP3\OneDrive - PA Consulting Group\Documents\Work\Code\PA\Clients\DfT\dft-dtro-beta\Src\Dft.DTRO.Tests\bin\Debug\net8.0\Dft.DTRO.Tests.dll" adapterTypeName="executor://xunit/VsTestRunner3/netcore/" className="Dft.DTRO.Tests.ControllerTests.DTROsControllerTests" name="CreateFromFileThrowsException" />
    </UnitTest>
    <UnitTest name="Dft.DTRO.Tests.ServicesTests.Validations.JsonLogicValidationTests.AllowSequentialProvisionIndex" storage="c:\users\belgp3\onedrive - pa consulting group\documents\work\code\pa\clients\dft\dft-dtro-beta\src\dft.dtro.tests\bin\debug\net8.0\dft.dtro.tests.dll" id="92f1dab1-ac86-00a1-726b-b31e403d5d00">
      <Execution id="1f3ff8e9-52e9-4bdf-bd7c-add10225a62e" />
      <TestMethod codeBase="C:\Users\BELGP3\OneDrive - PA Consulting Group\Documents\Work\Code\PA\Clients\DfT\dft-dtro-beta\Src\Dft.DTRO.Tests\bin\Debug\net8.0\Dft.DTRO.Tests.dll" adapterTypeName="executor://xunit/VsTestRunner3/netcore/" className="Dft.DTRO.Tests.ServicesTests.Validations.JsonLogicValidationTests" name="AllowSequentialProvisionIndex" />
    </UnitTest>
    <UnitTest name="Dft.DTRO.Tests.ServicesTests.Validations.JsonLogicValidationTests.DisallowsDuplicateWeekInMonthInValidityPeriod" storage="c:\users\belgp3\onedrive - pa consulting group\documents\work\code\pa\clients\dft\dft-dtro-beta\src\dft.dtro.tests\bin\debug\net8.0\dft.dtro.tests.dll" id="d0b7b9de-5eb3-f0f4-936e-4bc7ecfad36e">
      <Execution id="2154b3fc-18e7-4e47-8fc3-3509a1cda156" />
      <TestMethod codeBase="C:\Users\BELGP3\OneDrive - PA Consulting Group\Documents\Work\Code\PA\Clients\DfT\dft-dtro-beta\Src\Dft.DTRO.Tests\bin\Debug\net8.0\Dft.DTRO.Tests.dll" adapterTypeName="executor://xunit/VsTestRunner3/netcore/" className="Dft.DTRO.Tests.ServicesTests.Validations.JsonLogicValidationTests" name="DisallowsDuplicateWeekInMonthInValidityPeriod" />
    </UnitTest>
    <UnitTest name="Dft.DTRO.Tests.ServicesTests.Validations.RegulationValidationTests.ValidateGeneralRegulationRegulationType(regulationType: &quot;kerbsideParkingPlace&quot;, errorCount: 0)" storage="c:\users\belgp3\onedrive - pa consulting group\documents\work\code\pa\clients\dft\dft-dtro-beta\src\dft.dtro.tests\bin\debug\net8.0\dft.dtro.tests.dll" id="1fad0372-47f8-1265-31b2-2bc24b4e9351">
      <Execution id="eb34e517-9107-48c9-869e-03dcab465bc2" />
      <TestMethod codeBase="C:\Users\BELGP3\OneDrive - PA Consulting Group\Documents\Work\Code\PA\Clients\DfT\dft-dtro-beta\Src\Dft.DTRO.Tests\bin\Debug\net8.0\Dft.DTRO.Tests.dll" adapterTypeName="executor://xunit/VsTestRunner3/netcore/" className="Dft.DTRO.Tests.ServicesTests.Validations.RegulationValidationTests" name="ValidateGeneralRegulationRegulationType" />
    </UnitTest>
    <UnitTest name="Dft.DTRO.Tests.ServicesTests.Validations.JsonLogicValidationTests.AllowsUniqueApplicableWeekInPeriods" storage="c:\users\belgp3\onedrive - pa consulting group\documents\work\code\pa\clients\dft\dft-dtro-beta\src\dft.dtro.tests\bin\debug\net8.0\dft.dtro.tests.dll" id="e194a8ac-03a4-7192-8998-251afeedd8f3">
      <Execution id="b2127cca-11ed-4967-8dcb-c87707be347b" />
      <TestMethod codeBase="C:\Users\BELGP3\OneDrive - PA Consulting Group\Documents\Work\Code\PA\Clients\DfT\dft-dtro-beta\Src\Dft.DTRO.Tests\bin\Debug\net8.0\Dft.DTRO.Tests.dll" adapterTypeName="executor://xunit/VsTestRunner3/netcore/" className="Dft.DTRO.Tests.ServicesTests.Validations.JsonLogicValidationTests" name="AllowsUniqueApplicableWeekInPeriods" />
    </UnitTest>
    <UnitTest name="Dft.DTRO.Tests.UnitTests.MappingServiceTests.InferIndexFieldsReturnsSampleFiles(path: &quot;../../../TestFiles/D-TROs/3.3.0/JSON-3.3.0-example&quot;···, schemaVersion: &quot;3.3.0&quot;)" storage="c:\users\belgp3\onedrive - pa consulting group\documents\work\code\pa\clients\dft\dft-dtro-beta\src\dft.dtro.tests\bin\debug\net8.0\dft.dtro.tests.dll" id="5175392e-1964-fac0-0535-afd36ea17d7c">
      <Execution id="3a86b8a2-eb25-43eb-af59-c47009731d23" />
      <TestMethod codeBase="C:\Users\BELGP3\OneDrive - PA Consulting Group\Documents\Work\Code\PA\Clients\DfT\dft-dtro-beta\Src\Dft.DTRO.Tests\bin\Debug\net8.0\Dft.DTRO.Tests.dll" adapterTypeName="executor://xunit/VsTestRunner3/netcore/" className="Dft.DTRO.Tests.UnitTests.MappingServiceTests" name="InferIndexFieldsReturnsSampleFiles" />
    </UnitTest>
    <UnitTest name="Dft.DTRO.Tests.ServicesTests.Validations.RateLineValidationServiceTests.ValidateRateLineRateLineType(conditionType: &quot;Condition&quot;, rateLineType: &quot;unknown&quot;, errorCount: 1)" storage="c:\users\belgp3\onedrive - pa consulting group\documents\work\code\pa\clients\dft\dft-dtro-beta\src\dft.dtro.tests\bin\debug\net8.0\dft.dtro.tests.dll" id="85ee611b-d27c-3ed9-7b5e-efbaacd7cb4d">
      <Execution id="2b629abf-bcde-42ae-a946-1720fa1aa0f3" />
      <TestMethod codeBase="C:\Users\BELGP3\OneDrive - PA Consulting Group\Documents\Work\Code\PA\Clients\DfT\dft-dtro-beta\Src\Dft.DTRO.Tests\bin\Debug\net8.0\Dft.DTRO.Tests.dll" adapterTypeName="executor://xunit/VsTestRunner3/netcore/" className="Dft.DTRO.Tests.ServicesTests.Validations.RateLineValidationServiceTests" name="ValidateRateLineRateLineType" />
    </UnitTest>
    <UnitTest name="Dft.DTRO.Tests.ServicesTests.Validations.RegulationValidationTests.ValidateGeneralRegulationRegulationType(regulationType: &quot;kerbsideFootwayParking&quot;, errorCount: 0)" storage="c:\users\belgp3\onedrive - pa consulting group\documents\work\code\pa\clients\dft\dft-dtro-beta\src\dft.dtro.tests\bin\debug\net8.0\dft.dtro.tests.dll" id="5cad4048-ea24-adf1-124a-99b4dce23c92">
      <Execution id="57ec496d-0d4c-45f3-9ace-189d0e5a823c" />
      <TestMethod codeBase="C:\Users\BELGP3\OneDrive - PA Consulting Group\Documents\Work\Code\PA\Clients\DfT\dft-dtro-beta\Src\Dft.DTRO.Tests\bin\Debug\net8.0\Dft.DTRO.Tests.dll" adapterTypeName="executor://xunit/VsTestRunner3/netcore/" className="Dft.DTRO.Tests.ServicesTests.Validations.RegulationValidationTests" name="ValidateGeneralRegulationRegulationType" />
    </UnitTest>
    <UnitTest name="Dft.DTRO.Tests.ServicesTests.Validations.GeometryValidationServiceTests.ValidatePointGeometryVersion(version: 1, schemaVersion: &quot;3.3.0&quot;, errorCount: 0)" storage="c:\users\belgp3\onedrive - pa consulting group\documents\work\code\pa\clients\dft\dft-dtro-beta\src\dft.dtro.tests\bin\debug\net8.0\dft.dtro.tests.dll" id="7585ca7c-25a0-2ba0-1152-0fb04c43e6b3">
      <Execution id="e68de876-0fc6-4017-88ed-eb0021b2de75" />
      <TestMethod codeBase="C:\Users\BELGP3\OneDrive - PA Consulting Group\Documents\Work\Code\PA\Clients\DfT\dft-dtro-beta\Src\Dft.DTRO.Tests\bin\Debug\net8.0\Dft.DTRO.Tests.dll" adapterTypeName="executor://xunit/VsTestRunner3/netcore/" className="Dft.DTRO.Tests.ServicesTests.Validations.GeometryValidationServiceTests" name="ValidatePointGeometryVersion" />
    </UnitTest>
    <UnitTest name="Dft.DTRO.Tests.ServicesTests.Validations.GeometryValidationServiceTests.ValidateLinearGeometryRepresentation(representation: &quot;wrong&quot;, schemaVersion: &quot;3.3.0&quot;, errorCount: 1)" storage="c:\users\belgp3\onedrive - pa consulting group\documents\work\code\pa\clients\dft\dft-dtro-beta\src\dft.dtro.tests\bin\debug\net8.0\dft.dtro.tests.dll" id="d75c6977-b555-bf34-17e2-1fcec915d0c7">
      <Execution id="0b0e1b4d-f612-482f-b8a4-167fb4c90b77" />
      <TestMethod codeBase="C:\Users\BELGP3\OneDrive - PA Consulting Group\Documents\Work\Code\PA\Clients\DfT\dft-dtro-beta\Src\Dft.DTRO.Tests\bin\Debug\net8.0\Dft.DTRO.Tests.dll" adapterTypeName="executor://xunit/VsTestRunner3/netcore/" className="Dft.DTRO.Tests.ServicesTests.Validations.GeometryValidationServiceTests" name="ValidateLinearGeometryRepresentation" />
    </UnitTest>
    <UnitTest name="Dft.DTRO.Tests.ServicesTests.Validations.GeometryValidationServiceTests.ValidateLinearGeometryLateralPosition(lateralPosition: &quot;near&quot;, schemaVersion: &quot;3.3.0&quot;, errorCount: 0)" storage="c:\users\belgp3\onedrive - pa consulting group\documents\work\code\pa\clients\dft\dft-dtro-beta\src\dft.dtro.tests\bin\debug\net8.0\dft.dtro.tests.dll" id="63ae312a-6d24-17b5-13fe-c89eb23cdfe0">
      <Execution id="985e2fb1-950a-47ac-8545-e8dc2aa092ae" />
      <TestMethod codeBase="C:\Users\BELGP3\OneDrive - PA Consulting Group\Documents\Work\Code\PA\Clients\DfT\dft-dtro-beta\Src\Dft.DTRO.Tests\bin\Debug\net8.0\Dft.DTRO.Tests.dll" adapterTypeName="executor://xunit/VsTestRunner3/netcore/" className="Dft.DTRO.Tests.ServicesTests.Validations.GeometryValidationServiceTests" name="ValidateLinearGeometryLateralPosition" />
    </UnitTest>
    <UnitTest name="Dft.DTRO.Tests.ServicesTests.Validations.JsonLogicValidationTests.DisallowsDuplicateApplicableInstanceOfDayWithinMonthInPeriods" storage="c:\users\belgp3\onedrive - pa consulting group\documents\work\code\pa\clients\dft\dft-dtro-beta\src\dft.dtro.tests\bin\debug\net8.0\dft.dtro.tests.dll" id="19daab27-5df7-ee9f-3f66-8ef6cf710a18">
      <Execution id="1d386ca9-f128-4e1e-9190-9b3b48c12137" />
      <TestMethod codeBase="C:\Users\BELGP3\OneDrive - PA Consulting Group\Documents\Work\Code\PA\Clients\DfT\dft-dtro-beta\Src\Dft.DTRO.Tests\bin\Debug\net8.0\Dft.DTRO.Tests.dll" adapterTypeName="executor://xunit/VsTestRunner3/netcore/" className="Dft.DTRO.Tests.ServicesTests.Validations.JsonLogicValidationTests" name="DisallowsDuplicateApplicableInstanceOfDayWithinMonthInPeriods" />
    </UnitTest>
    <UnitTest name="Dft.DTRO.Tests.DALTests.ApplicationDalTests.GetApplicationUserShouldReturnUserEmailWhenAppExists" storage="c:\users\belgp3\onedrive - pa consulting group\documents\work\code\pa\clients\dft\dft-dtro-beta\src\dft.dtro.tests\bin\debug\net8.0\dft.dtro.tests.dll" id="196be7ae-392d-9f1b-1501-a36ad25864e8">
      <Execution id="04982499-b106-4e55-aaa5-36d82c80c6d2" />
      <TestMethod codeBase="C:\Users\BELGP3\OneDrive - PA Consulting Group\Documents\Work\Code\PA\Clients\DfT\dft-dtro-beta\Src\Dft.DTRO.Tests\bin\Debug\net8.0\Dft.DTRO.Tests.dll" adapterTypeName="executor://xunit/VsTestRunner3/netcore/" className="Dft.DTRO.Tests.DALTests.ApplicationDalTests" name="GetApplicationUserShouldReturnUserEmailWhenAppExists" />
    </UnitTest>
    <UnitTest name="Dft.DTRO.Tests.ServicesTests.Validations.JsonSchemaValidationTests.ValidateAgainstSchema320ProducesCorrectResults(schemaVersion: &quot;3.2.0&quot;, sourceJson: &quot;valid-partialRevoke&quot;, expectedResult: False)" storage="c:\users\belgp3\onedrive - pa consulting group\documents\work\code\pa\clients\dft\dft-dtro-beta\src\dft.dtro.tests\bin\debug\net8.0\dft.dtro.tests.dll" id="dabaef7f-f1fd-54d8-3f9a-4542fc2aa4a7">
      <Execution id="21f0cd7b-6089-4541-bbc9-053199bda8bd" />
      <TestMethod codeBase="C:\Users\BELGP3\OneDrive - PA Consulting Group\Documents\Work\Code\PA\Clients\DfT\dft-dtro-beta\Src\Dft.DTRO.Tests\bin\Debug\net8.0\Dft.DTRO.Tests.dll" adapterTypeName="executor://xunit/VsTestRunner3/netcore/" className="Dft.DTRO.Tests.ServicesTests.Validations.JsonSchemaValidationTests" name="ValidateAgainstSchema320ProducesCorrectResults" />
    </UnitTest>
    <UnitTest name="Dft.DTRO.Tests.ServicesTests.Validations.GeometryValidationServiceTests.ValidateLinearGeometryDirection(direction: &quot;endToStart&quot;, schemaVersion: &quot;3.3.0&quot;, errorCount: 0)" storage="c:\users\belgp3\onedrive - pa consulting group\documents\work\code\pa\clients\dft\dft-dtro-beta\src\dft.dtro.tests\bin\debug\net8.0\dft.dtro.tests.dll" id="c38996f6-f07c-b709-703c-7740aaf23cb8">
      <Execution id="5bde995d-3731-42cf-8616-10c23696c2dc" />
      <TestMethod codeBase="C:\Users\BELGP3\OneDrive - PA Consulting Group\Documents\Work\Code\PA\Clients\DfT\dft-dtro-beta\Src\Dft.DTRO.Tests\bin\Debug\net8.0\Dft.DTRO.Tests.dll" adapterTypeName="executor://xunit/VsTestRunner3/netcore/" className="Dft.DTRO.Tests.ServicesTests.Validations.GeometryValidationServiceTests" name="ValidateLinearGeometryDirection" />
    </UnitTest>
    <UnitTest name="Dft.DTRO.Tests.ServicesTests.Validations.ProvisionValidationServiceTests.ValidateProvisionOrderReportingPointTypeForSchema330(orderReportingPointType: &quot;ttroTtmoNoticeOfIntention&quot;, errorCount: 0)" storage="c:\users\belgp3\onedrive - pa consulting group\documents\work\code\pa\clients\dft\dft-dtro-beta\src\dft.dtro.tests\bin\debug\net8.0\dft.dtro.tests.dll" id="dc26829d-34d3-dc8f-49cb-5e7332af9dd9">
      <Execution id="483cc3ad-aaf7-4ce1-9c89-6fa126f07827" />
      <TestMethod codeBase="C:\Users\BELGP3\OneDrive - PA Consulting Group\Documents\Work\Code\PA\Clients\DfT\dft-dtro-beta\Src\Dft.DTRO.Tests\bin\Debug\net8.0\Dft.DTRO.Tests.dll" adapterTypeName="executor://xunit/VsTestRunner3/netcore/" className="Dft.DTRO.Tests.ServicesTests.Validations.ProvisionValidationServiceTests" name="ValidateProvisionOrderReportingPointTypeForSchema330" />
    </UnitTest>
    <UnitTest name="Dft.DTRO.Tests.ServicesTests.Validations.ProvisionValidationServiceTests.ValidateProvisionActionTypeForSchema324(actionType: &quot;fullRevoke&quot;, errorCount: 0)" storage="c:\users\belgp3\onedrive - pa consulting group\documents\work\code\pa\clients\dft\dft-dtro-beta\src\dft.dtro.tests\bin\debug\net8.0\dft.dtro.tests.dll" id="69b4f81e-5feb-c145-8911-a44f5fd4c9eb">
      <Execution id="730dab5c-ece2-49a1-b5bf-4ca9ecfab511" />
      <TestMethod codeBase="C:\Users\BELGP3\OneDrive - PA Consulting Group\Documents\Work\Code\PA\Clients\DfT\dft-dtro-beta\Src\Dft.DTRO.Tests\bin\Debug\net8.0\Dft.DTRO.Tests.dll" adapterTypeName="executor://xunit/VsTestRunner3/netcore/" className="Dft.DTRO.Tests.ServicesTests.Validations.ProvisionValidationServiceTests" name="ValidateProvisionActionTypeForSchema324" />
    </UnitTest>
    <UnitTest name="Dft.DTRO.Tests.ServicesTests.Validations.RateLineCollectionValidationServiceTests.ValidateRateLineCollectionApplicableCurrency(conditionType: &quot;Condition&quot;, currencyType: &quot;EUR&quot;, errorCount: 0)" storage="c:\users\belgp3\onedrive - pa consulting group\documents\work\code\pa\clients\dft\dft-dtro-beta\src\dft.dtro.tests\bin\debug\net8.0\dft.dtro.tests.dll" id="15bd9198-a7a4-5034-8cec-e7b85d5f2fd8">
      <Execution id="8714bb0e-76ea-40c8-9bdd-55e39b95a854" />
      <TestMethod codeBase="C:\Users\BELGP3\OneDrive - PA Consulting Group\Documents\Work\Code\PA\Clients\DfT\dft-dtro-beta\Src\Dft.DTRO.Tests\bin\Debug\net8.0\Dft.DTRO.Tests.dll" adapterTypeName="executor://xunit/VsTestRunner3/netcore/" className="Dft.DTRO.Tests.ServicesTests.Validations.RateLineCollectionValidationServiceTests" name="ValidateRateLineCollectionApplicableCurrency" />
    </UnitTest>
    <UnitTest name="Dft.DTRO.Tests.ServicesTests.Validations.JsonSchemaValidationTests.ValidateAgainstSchema311ProducesCorrectResults(schemaVersion: &quot;3.1.1&quot;, sourceJson: &quot;ha-missing&quot;, expectedResult: False)" storage="c:\users\belgp3\onedrive - pa consulting group\documents\work\code\pa\clients\dft\dft-dtro-beta\src\dft.dtro.tests\bin\debug\net8.0\dft.dtro.tests.dll" id="3f4fb5d2-4690-e2f4-04e9-37137aca02f5">
      <Execution id="a0d91db3-f61f-4d41-9e76-c3af40ffb42f" />
      <TestMethod codeBase="C:\Users\BELGP3\OneDrive - PA Consulting Group\Documents\Work\Code\PA\Clients\DfT\dft-dtro-beta\Src\Dft.DTRO.Tests\bin\Debug\net8.0\Dft.DTRO.Tests.dll" adapterTypeName="executor://xunit/VsTestRunner3/netcore/" className="Dft.DTRO.Tests.ServicesTests.Validations.JsonSchemaValidationTests" name="ValidateAgainstSchema311ProducesCorrectResults" />
    </UnitTest>
    <UnitTest name="Dft.DTRO.Tests.ServicesTests.Validations.RegulationValidationTests.ValidateGeneralRegulationRegulationType(regulationType: &quot;miscSuspensionOfBusway&quot;, errorCount: 0)" storage="c:\users\belgp3\onedrive - pa consulting group\documents\work\code\pa\clients\dft\dft-dtro-beta\src\dft.dtro.tests\bin\debug\net8.0\dft.dtro.tests.dll" id="5f1ab1a0-57dd-04a4-3580-538b9267362b">
      <Execution id="5412f08b-6a15-47f9-8376-e158eeba810f" />
      <TestMethod codeBase="C:\Users\BELGP3\OneDrive - PA Consulting Group\Documents\Work\Code\PA\Clients\DfT\dft-dtro-beta\Src\Dft.DTRO.Tests\bin\Debug\net8.0\Dft.DTRO.Tests.dll" adapterTypeName="executor://xunit/VsTestRunner3/netcore/" className="Dft.DTRO.Tests.ServicesTests.Validations.RegulationValidationTests" name="ValidateGeneralRegulationRegulationType" />
    </UnitTest>
    <UnitTest name="Dft.DTRO.Tests.ServicesTests.Validations.RegulationValidationTests.ValidateSpeedLimitProfileBasedSpeedType(type: &quot;unknown&quot;, errorCount: 1)" storage="c:\users\belgp3\onedrive - pa consulting group\documents\work\code\pa\clients\dft\dft-dtro-beta\src\dft.dtro.tests\bin\debug\net8.0\dft.dtro.tests.dll" id="abe8c50b-7825-b620-e300-9c74116ed06e">
      <Execution id="fe7ae70c-038e-49e4-9377-c378b084d567" />
      <TestMethod codeBase="C:\Users\BELGP3\OneDrive - PA Consulting Group\Documents\Work\Code\PA\Clients\DfT\dft-dtro-beta\Src\Dft.DTRO.Tests\bin\Debug\net8.0\Dft.DTRO.Tests.dll" adapterTypeName="executor://xunit/VsTestRunner3/netcore/" className="Dft.DTRO.Tests.ServicesTests.Validations.RegulationValidationTests" name="ValidateSpeedLimitProfileBasedSpeedType" />
    </UnitTest>
    <UnitTest name="Dft.DTRO.Tests.ServicesTests.Validations.JsonLogicValidationTests.AllowHeaderMissing" storage="c:\users\belgp3\onedrive - pa consulting group\documents\work\code\pa\clients\dft\dft-dtro-beta\src\dft.dtro.tests\bin\debug\net8.0\dft.dtro.tests.dll" id="e0f402b9-82e4-9055-81d6-fdee22b069ea">
      <Execution id="907d4d6c-1f30-4d78-913e-b71424af97eb" />
      <TestMethod codeBase="C:\Users\BELGP3\OneDrive - PA Consulting Group\Documents\Work\Code\PA\Clients\DfT\dft-dtro-beta\Src\Dft.DTRO.Tests\bin\Debug\net8.0\Dft.DTRO.Tests.dll" adapterTypeName="executor://xunit/VsTestRunner3/netcore/" className="Dft.DTRO.Tests.ServicesTests.Validations.JsonLogicValidationTests" name="AllowHeaderMissing" />
    </UnitTest>
    <UnitTest name="Dft.DTRO.Tests.CodeiumTests.Rules.Controller.RulesControllerTests.GetRule_ReturnsNotFound_WhenNotFoundExceptionIsThrown" storage="c:\users\belgp3\onedrive - pa consulting group\documents\work\code\pa\clients\dft\dft-dtro-beta\src\dft.dtro.tests\bin\debug\net8.0\dft.dtro.tests.dll" id="91bb4367-1c35-c4c2-ff5a-fb82756024ba">
      <Execution id="ef597dd6-96c3-4a45-b38a-54175fb93b52" />
      <TestMethod codeBase="C:\Users\BELGP3\OneDrive - PA Consulting Group\Documents\Work\Code\PA\Clients\DfT\dft-dtro-beta\Src\Dft.DTRO.Tests\bin\Debug\net8.0\Dft.DTRO.Tests.dll" adapterTypeName="executor://xunit/VsTestRunner3/netcore/" className="Dft.DTRO.Tests.CodeiumTests.Rules.Controller.RulesControllerTests" name="GetRule_ReturnsNotFound_WhenNotFoundExceptionIsThrown" />
    </UnitTest>
    <UnitTest name="Dft.DTRO.Tests.ServicesTests.Validations.RateLineCollectionValidationServiceTests.ValidateRateLineCollectionMinTime(conditionType: &quot;ConditionSet&quot;, minTime: 0, errorCount: 1)" storage="c:\users\belgp3\onedrive - pa consulting group\documents\work\code\pa\clients\dft\dft-dtro-beta\src\dft.dtro.tests\bin\debug\net8.0\dft.dtro.tests.dll" id="f0a8ea34-dcf1-0850-379a-7dbb510cdab3">
      <Execution id="3bc7737f-ccae-4b39-a617-5added027810" />
      <TestMethod codeBase="C:\Users\BELGP3\OneDrive - PA Consulting Group\Documents\Work\Code\PA\Clients\DfT\dft-dtro-beta\Src\Dft.DTRO.Tests\bin\Debug\net8.0\Dft.DTRO.Tests.dll" adapterTypeName="executor://xunit/VsTestRunner3/netcore/" className="Dft.DTRO.Tests.ServicesTests.Validations.RateLineCollectionValidationServiceTests" name="ValidateRateLineCollectionMinTime" />
    </UnitTest>
    <UnitTest name="Dft.DTRO.Tests.ServicesTests.Validations.RateLineCollectionValidationServiceTests.ValidateRateLineCollectionResetTime(conditionType: &quot;ConditionSet&quot;, resetTime: &quot;24:00:00&quot;, errorCount: 1)" storage="c:\users\belgp3\onedrive - pa consulting group\documents\work\code\pa\clients\dft\dft-dtro-beta\src\dft.dtro.tests\bin\debug\net8.0\dft.dtro.tests.dll" id="2f3401cb-9e12-c50a-ee15-638c2d2e9226">
      <Execution id="5de2502d-ba50-47ac-b26d-bc34961d5314" />
      <TestMethod codeBase="C:\Users\BELGP3\OneDrive - PA Consulting Group\Documents\Work\Code\PA\Clients\DfT\dft-dtro-beta\Src\Dft.DTRO.Tests\bin\Debug\net8.0\Dft.DTRO.Tests.dll" adapterTypeName="executor://xunit/VsTestRunner3/netcore/" className="Dft.DTRO.Tests.ServicesTests.Validations.RateLineCollectionValidationServiceTests" name="ValidateRateLineCollectionResetTime" />
    </UnitTest>
    <UnitTest name="Dft.DTRO.Tests.ServicesTests.Validations.JsonSchemaValidationTests.ValidateAgainstSchema311ProducesCorrectResults(schemaVersion: &quot;3.1.1&quot;, sourceJson: &quot;tro-name-missing&quot;, expectedResult: False)" storage="c:\users\belgp3\onedrive - pa consulting group\documents\work\code\pa\clients\dft\dft-dtro-beta\src\dft.dtro.tests\bin\debug\net8.0\dft.dtro.tests.dll" id="d62ed31e-1ee0-ec5d-bd99-0fa243fe727c">
      <Execution id="d01dc0b2-7300-4489-96a7-2bc022586510" />
      <TestMethod codeBase="C:\Users\BELGP3\OneDrive - PA Consulting Group\Documents\Work\Code\PA\Clients\DfT\dft-dtro-beta\Src\Dft.DTRO.Tests\bin\Debug\net8.0\Dft.DTRO.Tests.dll" adapterTypeName="executor://xunit/VsTestRunner3/netcore/" className="Dft.DTRO.Tests.ServicesTests.Validations.JsonSchemaValidationTests" name="ValidateAgainstSchema311ProducesCorrectResults" />
    </UnitTest>
    <UnitTest name="Dft.DTRO.Tests.ServicesTests.Validations.RegulationValidationTests.ValidateGeneralRegulationRegulationType(regulationType: &quot;miscCongestionLowEmissionZone&quot;, errorCount: 0)" storage="c:\users\belgp3\onedrive - pa consulting group\documents\work\code\pa\clients\dft\dft-dtro-beta\src\dft.dtro.tests\bin\debug\net8.0\dft.dtro.tests.dll" id="ede16b30-5e35-6372-a326-10d61a90a3d6">
      <Execution id="9ac1eb64-09e1-41c9-b2d0-1012c3a9d4b4" />
      <TestMethod codeBase="C:\Users\BELGP3\OneDrive - PA Consulting Group\Documents\Work\Code\PA\Clients\DfT\dft-dtro-beta\Src\Dft.DTRO.Tests\bin\Debug\net8.0\Dft.DTRO.Tests.dll" adapterTypeName="executor://xunit/VsTestRunner3/netcore/" className="Dft.DTRO.Tests.ServicesTests.Validations.RegulationValidationTests" name="ValidateGeneralRegulationRegulationType" />
    </UnitTest>
    <UnitTest name="Dft.DTRO.Tests.CodeiumTests.Users.Controller.UserControllerCreateFromBodyTests.CreateFromBody_ReturnsCreated_WithGuidResponse" storage="c:\users\belgp3\onedrive - pa consulting group\documents\work\code\pa\clients\dft\dft-dtro-beta\src\dft.dtro.tests\bin\debug\net8.0\dft.dtro.tests.dll" id="b0fc5090-f04e-167f-e7a7-78e5c58f18c1">
      <Execution id="e4534faf-a963-4ce1-be86-08704bc658cd" />
      <TestMethod codeBase="C:\Users\BELGP3\OneDrive - PA Consulting Group\Documents\Work\Code\PA\Clients\DfT\dft-dtro-beta\Src\Dft.DTRO.Tests\bin\Debug\net8.0\Dft.DTRO.Tests.dll" adapterTypeName="executor://xunit/VsTestRunner3/netcore/" className="Dft.DTRO.Tests.CodeiumTests.Users.Controller.UserControllerCreateFromBodyTests" name="CreateFromBody_ReturnsCreated_WithGuidResponse" />
    </UnitTest>
    <UnitTest name="Dft.DTRO.Tests.ServicesTests.Validations.SourceValidationServiceTests.ValidateSourceActionType(version: &quot;3.2.4&quot;, actionType: &quot;errorFix&quot;, traCode: 1050, errorCount: 0)" storage="c:\users\belgp3\onedrive - pa consulting group\documents\work\code\pa\clients\dft\dft-dtro-beta\src\dft.dtro.tests\bin\debug\net8.0\dft.dtro.tests.dll" id="410b601d-0673-2f5e-b597-4eb411e4a282">
      <Execution id="d455b01e-7c97-4719-b751-7c7df93573a5" />
      <TestMethod codeBase="C:\Users\BELGP3\OneDrive - PA Consulting Group\Documents\Work\Code\PA\Clients\DfT\dft-dtro-beta\Src\Dft.DTRO.Tests\bin\Debug\net8.0\Dft.DTRO.Tests.dll" adapterTypeName="executor://xunit/VsTestRunner3/netcore/" className="Dft.DTRO.Tests.ServicesTests.Validations.SourceValidationServiceTests" name="ValidateSourceActionType" />
    </UnitTest>
    <UnitTest name="ApplicationControllerTests.GetPendingApplicationsValidUserReturnsOk" storage="c:\users\belgp3\onedrive - pa consulting group\documents\work\code\pa\clients\dft\dft-dtro-beta\src\dft.dtro.tests\bin\debug\net8.0\dft.dtro.tests.dll" id="4426518b-d4b2-1333-5528-0632a9b24c46">
      <Execution id="228563b1-a6c7-4f7a-9f15-674bf36efb32" />
      <TestMethod codeBase="C:\Users\BELGP3\OneDrive - PA Consulting Group\Documents\Work\Code\PA\Clients\DfT\dft-dtro-beta\Src\Dft.DTRO.Tests\bin\Debug\net8.0\Dft.DTRO.Tests.dll" adapterTypeName="executor://xunit/VsTestRunner3/netcore/" className="ApplicationControllerTests" name="GetPendingApplicationsValidUserReturnsOk" />
    </UnitTest>
    <UnitTest name="Dft.DTRO.Tests.ServicesTests.Validations.ConditionValidationServiceTests.ValidateConditionReturnsErrorWhenNegateValueIsIncorrect" storage="c:\users\belgp3\onedrive - pa consulting group\documents\work\code\pa\clients\dft\dft-dtro-beta\src\dft.dtro.tests\bin\debug\net8.0\dft.dtro.tests.dll" id="72642c3f-e834-ae62-9918-00350d06d2aa">
      <Execution id="8b27727f-b5ff-423e-a490-ebc11439803b" />
      <TestMethod codeBase="C:\Users\BELGP3\OneDrive - PA Consulting Group\Documents\Work\Code\PA\Clients\DfT\dft-dtro-beta\Src\Dft.DTRO.Tests\bin\Debug\net8.0\Dft.DTRO.Tests.dll" adapterTypeName="executor://xunit/VsTestRunner3/netcore/" className="Dft.DTRO.Tests.ServicesTests.Validations.ConditionValidationServiceTests" name="ValidateConditionReturnsErrorWhenNegateValueIsIncorrect" />
    </UnitTest>
    <UnitTest name="Dft.DTRO.Tests.ServicesTests.Application.ApplicationServiceTests.ValidateAppBelongsToUserShouldReturnFalseWhenUserDoesNotMatch" storage="c:\users\belgp3\onedrive - pa consulting group\documents\work\code\pa\clients\dft\dft-dtro-beta\src\dft.dtro.tests\bin\debug\net8.0\dft.dtro.tests.dll" id="89bb4e11-bd67-a017-f28b-a0452b3df9a1">
      <Execution id="37cb90fb-8bc8-47a7-a8bf-3c5112b8ad14" />
      <TestMethod codeBase="C:\Users\BELGP3\OneDrive - PA Consulting Group\Documents\Work\Code\PA\Clients\DfT\dft-dtro-beta\Src\Dft.DTRO.Tests\bin\Debug\net8.0\Dft.DTRO.Tests.dll" adapterTypeName="executor://xunit/VsTestRunner3/netcore/" className="Dft.DTRO.Tests.ServicesTests.Application.ApplicationServiceTests" name="ValidateAppBelongsToUserShouldReturnFalseWhenUserDoesNotMatch" />
    </UnitTest>
    <UnitTest name="Dft.DTRO.Tests.CodeiumTests.Integration.BoundingBoxJsonConverterTests.ReadJson_ShouldDeserializeJsonToBoundingBox" storage="c:\users\belgp3\onedrive - pa consulting group\documents\work\code\pa\clients\dft\dft-dtro-beta\src\dft.dtro.tests\bin\debug\net8.0\dft.dtro.tests.dll" id="ecabf59a-4538-fdab-ae33-676b7fd12454">
      <Execution id="20d409f4-e1fe-49a6-bc18-0f6116ea68dd" />
      <TestMethod codeBase="C:\Users\BELGP3\OneDrive - PA Consulting Group\Documents\Work\Code\PA\Clients\DfT\dft-dtro-beta\Src\Dft.DTRO.Tests\bin\Debug\net8.0\Dft.DTRO.Tests.dll" adapterTypeName="executor://xunit/VsTestRunner3/netcore/" className="Dft.DTRO.Tests.CodeiumTests.Integration.BoundingBoxJsonConverterTests" name="ReadJson_ShouldDeserializeJsonToBoundingBox" />
    </UnitTest>
    <UnitTest name="Dft.DTRO.Tests.ServicesTests.Validations.RegulatedPlaceValidationServiceTests.ValidateMultipleRegulatedPlacesTypes(types: [&quot;&quot;, &quot;unknown&quot;], errorCount: 1)" storage="c:\users\belgp3\onedrive - pa consulting group\documents\work\code\pa\clients\dft\dft-dtro-beta\src\dft.dtro.tests\bin\debug\net8.0\dft.dtro.tests.dll" id="0134aee8-bc5b-bb1d-7cdb-040d1de66f13">
      <Execution id="8954f99a-141d-4196-be08-235f754b979a" />
      <TestMethod codeBase="C:\Users\BELGP3\OneDrive - PA Consulting Group\Documents\Work\Code\PA\Clients\DfT\dft-dtro-beta\Src\Dft.DTRO.Tests\bin\Debug\net8.0\Dft.DTRO.Tests.dll" adapterTypeName="executor://xunit/VsTestRunner3/netcore/" className="Dft.DTRO.Tests.ServicesTests.Validations.RegulatedPlaceValidationServiceTests" name="ValidateMultipleRegulatedPlacesTypes" />
    </UnitTest>
    <UnitTest name="Dft.DTRO.Tests.ServicesTests.Validations.SourceValidationServiceTests.ValidateSourceActionType(version: &quot;3.3.0&quot;, actionType: &quot;amendment&quot;, traCode: 1050, errorCount: 0)" storage="c:\users\belgp3\onedrive - pa consulting group\documents\work\code\pa\clients\dft\dft-dtro-beta\src\dft.dtro.tests\bin\debug\net8.0\dft.dtro.tests.dll" id="175302c6-5af5-4217-5724-13d5896119eb">
      <Execution id="d2d6c3db-3e38-499a-a56f-6850dba5c952" />
      <TestMethod codeBase="C:\Users\BELGP3\OneDrive - PA Consulting Group\Documents\Work\Code\PA\Clients\DfT\dft-dtro-beta\Src\Dft.DTRO.Tests\bin\Debug\net8.0\Dft.DTRO.Tests.dll" adapterTypeName="executor://xunit/VsTestRunner3/netcore/" className="Dft.DTRO.Tests.ServicesTests.Validations.SourceValidationServiceTests" name="ValidateSourceActionType" />
    </UnitTest>
    <UnitTest name="Dft.DTRO.Tests.ServicesTests.Validations.RateLineValidationServiceTests.ValidateRateLineRateLineType(conditionType: &quot;Condition&quot;, rateLineType: &quot;incrementingRate&quot;, errorCount: 0)" storage="c:\users\belgp3\onedrive - pa consulting group\documents\work\code\pa\clients\dft\dft-dtro-beta\src\dft.dtro.tests\bin\debug\net8.0\dft.dtro.tests.dll" id="3f25603f-6b9e-f685-4b3c-fecf80d853b9">
      <Execution id="42999bc6-40df-43ef-8640-25d2a7212358" />
      <TestMethod codeBase="C:\Users\BELGP3\OneDrive - PA Consulting Group\Documents\Work\Code\PA\Clients\DfT\dft-dtro-beta\Src\Dft.DTRO.Tests\bin\Debug\net8.0\Dft.DTRO.Tests.dll" adapterTypeName="executor://xunit/VsTestRunner3/netcore/" className="Dft.DTRO.Tests.ServicesTests.Validations.RateLineValidationServiceTests" name="ValidateRateLineRateLineType" />
    </UnitTest>
    <UnitTest name="Dft.DTRO.Tests.ServicesTests.Validations.RegulationValidationTests.ValidateGeneralRegulationRegulationType(regulationType: &quot;kerbsideUrbanClearway&quot;, errorCount: 0)" storage="c:\users\belgp3\onedrive - pa consulting group\documents\work\code\pa\clients\dft\dft-dtro-beta\src\dft.dtro.tests\bin\debug\net8.0\dft.dtro.tests.dll" id="8c5e9d5b-71f7-c874-0232-7f2b1a2230d4">
      <Execution id="ffa88871-44e6-41aa-9c3f-e92422f3d1ca" />
      <TestMethod codeBase="C:\Users\BELGP3\OneDrive - PA Consulting Group\Documents\Work\Code\PA\Clients\DfT\dft-dtro-beta\Src\Dft.DTRO.Tests\bin\Debug\net8.0\Dft.DTRO.Tests.dll" adapterTypeName="executor://xunit/VsTestRunner3/netcore/" className="Dft.DTRO.Tests.ServicesTests.Validations.RegulationValidationTests" name="ValidateGeneralRegulationRegulationType" />
    </UnitTest>
    <UnitTest name="Dft.DTRO.Tests.ServicesTests.Validations.SemanticValidationServiceTests.WhenVersionGeometryIsNotIntegerReturnsError(version: &quot;3.2.4&quot;)" storage="c:\users\belgp3\onedrive - pa consulting group\documents\work\code\pa\clients\dft\dft-dtro-beta\src\dft.dtro.tests\bin\debug\net8.0\dft.dtro.tests.dll" id="532f7cce-b470-de3e-a97b-7ba10f0307a0">
      <Execution id="293b7ab9-dca9-416d-9854-473347f17f96" />
      <TestMethod codeBase="C:\Users\BELGP3\OneDrive - PA Consulting Group\Documents\Work\Code\PA\Clients\DfT\dft-dtro-beta\Src\Dft.DTRO.Tests\bin\Debug\net8.0\Dft.DTRO.Tests.dll" adapterTypeName="executor://xunit/VsTestRunner3/netcore/" className="Dft.DTRO.Tests.ServicesTests.Validations.SemanticValidationServiceTests" name="WhenVersionGeometryIsNotIntegerReturnsError" />
    </UnitTest>
    <UnitTest name="Dft.DTRO.Tests.ServicesTests.Validations.JsonSchemaValidationTests.ValidateAgainstSchema311ProducesCorrectResults(schemaVersion: &quot;3.1.1&quot;, sourceJson: &quot;provision-empty&quot;, expectedResult: False)" storage="c:\users\belgp3\onedrive - pa consulting group\documents\work\code\pa\clients\dft\dft-dtro-beta\src\dft.dtro.tests\bin\debug\net8.0\dft.dtro.tests.dll" id="4c50dc2b-ccbf-2023-7f8e-d0c20b61e829">
      <Execution id="de1a2024-3e57-4028-9323-450d192cd35c" />
      <TestMethod codeBase="C:\Users\BELGP3\OneDrive - PA Consulting Group\Documents\Work\Code\PA\Clients\DfT\dft-dtro-beta\Src\Dft.DTRO.Tests\bin\Debug\net8.0\Dft.DTRO.Tests.dll" adapterTypeName="executor://xunit/VsTestRunner3/netcore/" className="Dft.DTRO.Tests.ServicesTests.Validations.JsonSchemaValidationTests" name="ValidateAgainstSchema311ProducesCorrectResults" />
    </UnitTest>
    <UnitTest name="Dft.DTRO.Tests.ServicesTests.Application.ApplicationServiceTests.ValidateApplicationNameShouldReturnTrueWhenNameDoesNotAlreadyExist" storage="c:\users\belgp3\onedrive - pa consulting group\documents\work\code\pa\clients\dft\dft-dtro-beta\src\dft.dtro.tests\bin\debug\net8.0\dft.dtro.tests.dll" id="57439a33-7384-43dd-2e65-d9f14d551161">
      <Execution id="4546250a-052a-4c09-a675-b14c97dee2f3" />
      <TestMethod codeBase="C:\Users\BELGP3\OneDrive - PA Consulting Group\Documents\Work\Code\PA\Clients\DfT\dft-dtro-beta\Src\Dft.DTRO.Tests\bin\Debug\net8.0\Dft.DTRO.Tests.dll" adapterTypeName="executor://xunit/VsTestRunner3/netcore/" className="Dft.DTRO.Tests.ServicesTests.Application.ApplicationServiceTests" name="ValidateApplicationNameShouldReturnTrueWhenNameDoesNotAlreadyExist" />
    </UnitTest>
    <UnitTest name="Dft.DTRO.Tests.ServicesTests.Validations.RateLineCollectionValidationServiceTests.ValidateRateLineCollectionMinTime(conditionType: &quot;ConditionSet&quot;, minTime: 1, errorCount: 0)" storage="c:\users\belgp3\onedrive - pa consulting group\documents\work\code\pa\clients\dft\dft-dtro-beta\src\dft.dtro.tests\bin\debug\net8.0\dft.dtro.tests.dll" id="bdde6b5a-e6f5-c768-71e0-610fab6f1025">
      <Execution id="9db22946-4a5a-4394-a964-392fc7288ef7" />
      <TestMethod codeBase="C:\Users\BELGP3\OneDrive - PA Consulting Group\Documents\Work\Code\PA\Clients\DfT\dft-dtro-beta\Src\Dft.DTRO.Tests\bin\Debug\net8.0\Dft.DTRO.Tests.dll" adapterTypeName="executor://xunit/VsTestRunner3/netcore/" className="Dft.DTRO.Tests.ServicesTests.Validations.RateLineCollectionValidationServiceTests" name="ValidateRateLineCollectionMinTime" />
    </UnitTest>
    <UnitTest name="Dft.DTRO.Tests.ServicesTests.Validations.JsonLogicValidationTests.DisallowsDuplicateApplicableWeekInPeriods" storage="c:\users\belgp3\onedrive - pa consulting group\documents\work\code\pa\clients\dft\dft-dtro-beta\src\dft.dtro.tests\bin\debug\net8.0\dft.dtro.tests.dll" id="8ed2bcf6-e0b0-4184-2213-9f9470f3afd6">
      <Execution id="c40cf75b-ba07-4bd2-a80c-524c29fc82a0" />
      <TestMethod codeBase="C:\Users\BELGP3\OneDrive - PA Consulting Group\Documents\Work\Code\PA\Clients\DfT\dft-dtro-beta\Src\Dft.DTRO.Tests\bin\Debug\net8.0\Dft.DTRO.Tests.dll" adapterTypeName="executor://xunit/VsTestRunner3/netcore/" className="Dft.DTRO.Tests.ServicesTests.Validations.JsonLogicValidationTests" name="DisallowsDuplicateApplicableWeekInPeriods" />
    </UnitTest>
    <UnitTest name="Dft.DTRO.Tests.ServicesTests.Validations.GeometryValidationServiceTests.ValidatePolygonPolygon(polygon: &quot;SRID=27700;POLYGON((529100 178750, 529200 178750, &quot;···, schemaVersion: &quot;3.3.0&quot;, errorCount: 0)" storage="c:\users\belgp3\onedrive - pa consulting group\documents\work\code\pa\clients\dft\dft-dtro-beta\src\dft.dtro.tests\bin\debug\net8.0\dft.dtro.tests.dll" id="630dd622-08a2-90ef-1e6e-dcff59205790">
      <Execution id="71be07d1-416e-4dfd-bd78-8ee5bdcdf9fa" />
      <TestMethod codeBase="C:\Users\BELGP3\OneDrive - PA Consulting Group\Documents\Work\Code\PA\Clients\DfT\dft-dtro-beta\Src\Dft.DTRO.Tests\bin\Debug\net8.0\Dft.DTRO.Tests.dll" adapterTypeName="executor://xunit/VsTestRunner3/netcore/" className="Dft.DTRO.Tests.ServicesTests.Validations.GeometryValidationServiceTests" name="ValidatePolygonPolygon" />
    </UnitTest>
    <UnitTest name="Dft.DTRO.Tests.ServicesTests.Validations.UniqueStreetReferenceNumberValidationServiceTests.ValidateUniqueStreetReferenceNumberUsrn(usrn: 39605158, errorCount: 0)" storage="c:\users\belgp3\onedrive - pa consulting group\documents\work\code\pa\clients\dft\dft-dtro-beta\src\dft.dtro.tests\bin\debug\net8.0\dft.dtro.tests.dll" id="43e3fcdf-3a9b-ecf9-1082-84818dafaa5c">
      <Execution id="157cc058-109e-473e-81f8-263e8870c1f1" />
      <TestMethod codeBase="C:\Users\BELGP3\OneDrive - PA Consulting Group\Documents\Work\Code\PA\Clients\DfT\dft-dtro-beta\Src\Dft.DTRO.Tests\bin\Debug\net8.0\Dft.DTRO.Tests.dll" adapterTypeName="executor://xunit/VsTestRunner3/netcore/" className="Dft.DTRO.Tests.ServicesTests.Validations.UniqueStreetReferenceNumberValidationServiceTests" name="ValidateUniqueStreetReferenceNumberUsrn" />
    </UnitTest>
    <UnitTest name="Dft.DTRO.Tests.ServicesTests.Validations.RegulationValidationTests.ValidateGeneralRegulationRegulationType(regulationType: &quot;nonOrderMovementBoxJunction&quot;, errorCount: 0)" storage="c:\users\belgp3\onedrive - pa consulting group\documents\work\code\pa\clients\dft\dft-dtro-beta\src\dft.dtro.tests\bin\debug\net8.0\dft.dtro.tests.dll" id="6d542aa6-c960-006f-8f96-9eb40861a2d6">
      <Execution id="99eab9bb-adb8-4e64-bd93-e969da08f32a" />
      <TestMethod codeBase="C:\Users\BELGP3\OneDrive - PA Consulting Group\Documents\Work\Code\PA\Clients\DfT\dft-dtro-beta\Src\Dft.DTRO.Tests\bin\Debug\net8.0\Dft.DTRO.Tests.dll" adapterTypeName="executor://xunit/VsTestRunner3/netcore/" className="Dft.DTRO.Tests.ServicesTests.Validations.RegulationValidationTests" name="ValidateGeneralRegulationRegulationType" />
    </UnitTest>
    <UnitTest name="Dft.DTRO.Tests.CodeiumTests.Rules.Service.RuleTemplateServiceTests.GetRuleTemplateAsync_NotFound" storage="c:\users\belgp3\onedrive - pa consulting group\documents\work\code\pa\clients\dft\dft-dtro-beta\src\dft.dtro.tests\bin\debug\net8.0\dft.dtro.tests.dll" id="dff76161-aa69-6376-c5c0-daaf9e597493">
      <Execution id="1635d8e8-857e-4b61-b4e3-5c72fd913744" />
      <TestMethod codeBase="C:\Users\BELGP3\OneDrive - PA Consulting Group\Documents\Work\Code\PA\Clients\DfT\dft-dtro-beta\Src\Dft.DTRO.Tests\bin\Debug\net8.0\Dft.DTRO.Tests.dll" adapterTypeName="executor://xunit/VsTestRunner3/netcore/" className="Dft.DTRO.Tests.CodeiumTests.Rules.Service.RuleTemplateServiceTests" name="GetRuleTemplateAsync_NotFound" />
    </UnitTest>
    <UnitTest name="DfT.DTRO.Tests.CodeiumTests.Integration.SchemaController_Codeium_Tests.UpdateSchema_ReturnsBadRequest_InvalidSchemaVersionOrBody" storage="c:\users\belgp3\onedrive - pa consulting group\documents\work\code\pa\clients\dft\dft-dtro-beta\src\dft.dtro.tests\bin\debug\net8.0\dft.dtro.tests.dll" id="a94b64b6-baae-ba75-c983-178eec8cb52c">
      <Execution id="174dc8d2-68ec-42aa-962d-3503b9eb6264" />
      <TestMethod codeBase="C:\Users\BELGP3\OneDrive - PA Consulting Group\Documents\Work\Code\PA\Clients\DfT\dft-dtro-beta\Src\Dft.DTRO.Tests\bin\Debug\net8.0\Dft.DTRO.Tests.dll" adapterTypeName="executor://xunit/VsTestRunner3/netcore/" className="DfT.DTRO.Tests.CodeiumTests.Integration.SchemaController_Codeium_Tests" name="UpdateSchema_ReturnsBadRequest_InvalidSchemaVersionOrBody" />
    </UnitTest>
    <UnitTest name="Dft.DTRO.Tests.ServicesTests.Validations.RegulationValidationTests.ValidateGeneralRegulationRegulationType(regulationType: &quot;movementOrderProhibitedAccess&quot;, errorCount: 0)" storage="c:\users\belgp3\onedrive - pa consulting group\documents\work\code\pa\clients\dft\dft-dtro-beta\src\dft.dtro.tests\bin\debug\net8.0\dft.dtro.tests.dll" id="3c676c75-8f61-fa92-18b9-4cb7206bfede">
      <Execution id="9b9fd7b1-bc76-423a-a44f-e010a3362f53" />
      <TestMethod codeBase="C:\Users\BELGP3\OneDrive - PA Consulting Group\Documents\Work\Code\PA\Clients\DfT\dft-dtro-beta\Src\Dft.DTRO.Tests\bin\Debug\net8.0\Dft.DTRO.Tests.dll" adapterTypeName="executor://xunit/VsTestRunner3/netcore/" className="Dft.DTRO.Tests.ServicesTests.Validations.RegulationValidationTests" name="ValidateGeneralRegulationRegulationType" />
    </UnitTest>
    <UnitTest name="Dft.DTRO.Tests.ServicesTests.Validations.RegulationValidationTests.ValidateGeneralRegulationRegulationType(regulationType: &quot;kerbsideMotorcycleParkingPlace&quot;, errorCount: 0)" storage="c:\users\belgp3\onedrive - pa consulting group\documents\work\code\pa\clients\dft\dft-dtro-beta\src\dft.dtro.tests\bin\debug\net8.0\dft.dtro.tests.dll" id="328626e2-2917-106d-f2b4-237f8365a302">
      <Execution id="1aa57f2d-0b30-435d-b893-d14896ef175f" />
      <TestMethod codeBase="C:\Users\BELGP3\OneDrive - PA Consulting Group\Documents\Work\Code\PA\Clients\DfT\dft-dtro-beta\Src\Dft.DTRO.Tests\bin\Debug\net8.0\Dft.DTRO.Tests.dll" adapterTypeName="executor://xunit/VsTestRunner3/netcore/" className="Dft.DTRO.Tests.ServicesTests.Validations.RegulationValidationTests" name="ValidateGeneralRegulationRegulationType" />
    </UnitTest>
    <UnitTest name="Dft.DTRO.Tests.ServicesTests.Validations.RateLineValidationServiceTests.ValidateRateLineRateLineType(conditionType: &quot;Condition&quot;, rateLineType: &quot;flatRate&quot;, errorCount: 0)" storage="c:\users\belgp3\onedrive - pa consulting group\documents\work\code\pa\clients\dft\dft-dtro-beta\src\dft.dtro.tests\bin\debug\net8.0\dft.dtro.tests.dll" id="09e09360-919a-94f8-6acf-4cede5e43872">
      <Execution id="f6d55f87-d842-4e36-91d6-74e6d7971ce7" />
      <TestMethod codeBase="C:\Users\BELGP3\OneDrive - PA Consulting Group\Documents\Work\Code\PA\Clients\DfT\dft-dtro-beta\Src\Dft.DTRO.Tests\bin\Debug\net8.0\Dft.DTRO.Tests.dll" adapterTypeName="executor://xunit/VsTestRunner3/netcore/" className="Dft.DTRO.Tests.ServicesTests.Validations.RateLineValidationServiceTests" name="ValidateRateLineRateLineType" />
    </UnitTest>
    <UnitTest name="Dft.DTRO.Tests.ServicesTests.Validations.RegulationValidationTests.ValidateGeneralRegulationRegulationType(regulationType: &quot;miscLaneClosure&quot;, errorCount: 0)" storage="c:\users\belgp3\onedrive - pa consulting group\documents\work\code\pa\clients\dft\dft-dtro-beta\src\dft.dtro.tests\bin\debug\net8.0\dft.dtro.tests.dll" id="a343c4e4-b373-cc81-2fb5-c60a1075c3fb">
      <Execution id="c3c64330-ae7a-41c6-be5a-dae0a35972c4" />
      <TestMethod codeBase="C:\Users\BELGP3\OneDrive - PA Consulting Group\Documents\Work\Code\PA\Clients\DfT\dft-dtro-beta\Src\Dft.DTRO.Tests\bin\Debug\net8.0\Dft.DTRO.Tests.dll" adapterTypeName="executor://xunit/VsTestRunner3/netcore/" className="Dft.DTRO.Tests.ServicesTests.Validations.RegulationValidationTests" name="ValidateGeneralRegulationRegulationType" />
    </UnitTest>
    <UnitTest name="Dft.DTRO.Tests.ServicesTests.Validations.ProvisionValidationServiceTests.ValidateProvisionReferenceForSchema324(reference: &quot;&quot;, errorCount: 1)" storage="c:\users\belgp3\onedrive - pa consulting group\documents\work\code\pa\clients\dft\dft-dtro-beta\src\dft.dtro.tests\bin\debug\net8.0\dft.dtro.tests.dll" id="0efeb7fd-dd2c-a734-308a-f8dcdbeb13ba">
      <Execution id="83e3e40e-7e2a-4688-a8e3-c9a919741eae" />
      <TestMethod codeBase="C:\Users\BELGP3\OneDrive - PA Consulting Group\Documents\Work\Code\PA\Clients\DfT\dft-dtro-beta\Src\Dft.DTRO.Tests\bin\Debug\net8.0\Dft.DTRO.Tests.dll" adapterTypeName="executor://xunit/VsTestRunner3/netcore/" className="Dft.DTRO.Tests.ServicesTests.Validations.ProvisionValidationServiceTests" name="ValidateProvisionReferenceForSchema324" />
    </UnitTest>
    <UnitTest name="DfT.DTRO.Tests.CodeiumTests.Integration.SchemaController_Codeium_Tests.DeActivateSchema_WhenSchemaTemplateServiceSucceeds_ReturnsOk" storage="c:\users\belgp3\onedrive - pa consulting group\documents\work\code\pa\clients\dft\dft-dtro-beta\src\dft.dtro.tests\bin\debug\net8.0\dft.dtro.tests.dll" id="0c9a5da5-caf1-6b16-eb49-c0fb0ca90a23">
      <Execution id="8d13148d-416c-402d-bd70-1030fc0895df" />
      <TestMethod codeBase="C:\Users\BELGP3\OneDrive - PA Consulting Group\Documents\Work\Code\PA\Clients\DfT\dft-dtro-beta\Src\Dft.DTRO.Tests\bin\Debug\net8.0\Dft.DTRO.Tests.dll" adapterTypeName="executor://xunit/VsTestRunner3/netcore/" className="DfT.DTRO.Tests.CodeiumTests.Integration.SchemaController_Codeium_Tests" name="DeActivateSchema_WhenSchemaTemplateServiceSucceeds_ReturnsOk" />
    </UnitTest>
    <UnitTest name="Dft.DTRO.Tests.ServicesTests.Validations.ProvisionValidationServiceTests.ValidateProvisionActionTypeForSchema324(actionType: &quot;fullAmendment&quot;, errorCount: 0)" storage="c:\users\belgp3\onedrive - pa consulting group\documents\work\code\pa\clients\dft\dft-dtro-beta\src\dft.dtro.tests\bin\debug\net8.0\dft.dtro.tests.dll" id="2224bdbb-c2a8-6508-2eaa-1b4d6180f8ef">
      <Execution id="36568f98-a11f-4c0e-ad9f-f9b590b9f89d" />
      <TestMethod codeBase="C:\Users\BELGP3\OneDrive - PA Consulting Group\Documents\Work\Code\PA\Clients\DfT\dft-dtro-beta\Src\Dft.DTRO.Tests\bin\Debug\net8.0\Dft.DTRO.Tests.dll" adapterTypeName="executor://xunit/VsTestRunner3/netcore/" className="Dft.DTRO.Tests.ServicesTests.Validations.ProvisionValidationServiceTests" name="ValidateProvisionActionTypeForSchema324" />
    </UnitTest>
    <UnitTest name="Dft.DTRO.Tests.ServicesTests.Validations.JsonLogicValidationTests.DisallowsValidPeriodEndTimeAfterOverallPeriodEndTime" storage="c:\users\belgp3\onedrive - pa consulting group\documents\work\code\pa\clients\dft\dft-dtro-beta\src\dft.dtro.tests\bin\debug\net8.0\dft.dtro.tests.dll" id="53169a8b-a180-e250-3920-f4a43b761db8">
      <Execution id="4baeba68-b9dd-45b4-acb1-c93872e55cfd" />
      <TestMethod codeBase="C:\Users\BELGP3\OneDrive - PA Consulting Group\Documents\Work\Code\PA\Clients\DfT\dft-dtro-beta\Src\Dft.DTRO.Tests\bin\Debug\net8.0\Dft.DTRO.Tests.dll" adapterTypeName="executor://xunit/VsTestRunner3/netcore/" className="Dft.DTRO.Tests.ServicesTests.Validations.JsonLogicValidationTests" name="DisallowsValidPeriodEndTimeAfterOverallPeriodEndTime" />
    </UnitTest>
    <UnitTest name="Dft.DTRO.Tests.ServicesTests.Validations.JsonSchemaValidationTests.ValidateAgainstSchema320ProducesCorrectResults(schemaVersion: &quot;3.2.0&quot;, sourceJson: &quot;valid-fullRevoke&quot;, expectedResult: False)" storage="c:\users\belgp3\onedrive - pa consulting group\documents\work\code\pa\clients\dft\dft-dtro-beta\src\dft.dtro.tests\bin\debug\net8.0\dft.dtro.tests.dll" id="083a1112-5161-a41f-340f-e64cdbe5ad5c">
      <Execution id="b9430f34-6860-44a7-81e4-969aa4a847d3" />
      <TestMethod codeBase="C:\Users\BELGP3\OneDrive - PA Consulting Group\Documents\Work\Code\PA\Clients\DfT\dft-dtro-beta\Src\Dft.DTRO.Tests\bin\Debug\net8.0\Dft.DTRO.Tests.dll" adapterTypeName="executor://xunit/VsTestRunner3/netcore/" className="Dft.DTRO.Tests.ServicesTests.Validations.JsonSchemaValidationTests" name="ValidateAgainstSchema320ProducesCorrectResults" />
    </UnitTest>
    <UnitTest name="Dft.DTRO.Tests.ServicesTests.Validations.RegulationValidationTests.ValidateGeneralRegulationRegulationType(regulationType: &quot;miscBusOnlyStreet&quot;, errorCount: 0)" storage="c:\users\belgp3\onedrive - pa consulting group\documents\work\code\pa\clients\dft\dft-dtro-beta\src\dft.dtro.tests\bin\debug\net8.0\dft.dtro.tests.dll" id="02c2924d-8c95-7dfc-7319-ca1cd8494e51">
      <Execution id="c24da4f5-2ac0-489f-af88-75c5dff8596c" />
      <TestMethod codeBase="C:\Users\BELGP3\OneDrive - PA Consulting Group\Documents\Work\Code\PA\Clients\DfT\dft-dtro-beta\Src\Dft.DTRO.Tests\bin\Debug\net8.0\Dft.DTRO.Tests.dll" adapterTypeName="executor://xunit/VsTestRunner3/netcore/" className="Dft.DTRO.Tests.ServicesTests.Validations.RegulationValidationTests" name="ValidateGeneralRegulationRegulationType" />
    </UnitTest>
    <UnitTest name="Dft.DTRO.Tests.ServicesTests.Validations.RegulationValidationTests.ValidateGeneralRegulationRegulationType(regulationType: &quot;miscCycleLane&quot;, errorCount: 0)" storage="c:\users\belgp3\onedrive - pa consulting group\documents\work\code\pa\clients\dft\dft-dtro-beta\src\dft.dtro.tests\bin\debug\net8.0\dft.dtro.tests.dll" id="03dc462f-2604-77fb-787e-59c3e2d74adc">
      <Execution id="2d37c4dc-cbda-446b-91af-768ae9911f80" />
      <TestMethod codeBase="C:\Users\BELGP3\OneDrive - PA Consulting Group\Documents\Work\Code\PA\Clients\DfT\dft-dtro-beta\Src\Dft.DTRO.Tests\bin\Debug\net8.0\Dft.DTRO.Tests.dll" adapterTypeName="executor://xunit/VsTestRunner3/netcore/" className="Dft.DTRO.Tests.ServicesTests.Validations.RegulationValidationTests" name="ValidateGeneralRegulationRegulationType" />
    </UnitTest>
    <UnitTest name="DfT.DTRO.Tests.CodeiumTests.Integration.SchemaController_Codeium_Tests.DeleteSchema_ThrowsInvalidOperationException_ReturnsBadRequest" storage="c:\users\belgp3\onedrive - pa consulting group\documents\work\code\pa\clients\dft\dft-dtro-beta\src\dft.dtro.tests\bin\debug\net8.0\dft.dtro.tests.dll" id="7809fd05-a713-b167-9d84-2f33b7eee2b6">
      <Execution id="208c7e79-ad13-4a82-bebb-de0104f7880e" />
      <TestMethod codeBase="C:\Users\BELGP3\OneDrive - PA Consulting Group\Documents\Work\Code\PA\Clients\DfT\dft-dtro-beta\Src\Dft.DTRO.Tests\bin\Debug\net8.0\Dft.DTRO.Tests.dll" adapterTypeName="executor://xunit/VsTestRunner3/netcore/" className="DfT.DTRO.Tests.CodeiumTests.Integration.SchemaController_Codeium_Tests" name="DeleteSchema_ThrowsInvalidOperationException_ReturnsBadRequest" />
    </UnitTest>
    <UnitTest name="Dft.DTRO.Tests.ServicesTests.Validations.RateLineValidationServiceTests.ValidateRateLineRateLineType(conditionType: &quot;Condition&quot;, rateLineType: &quot;perUnit&quot;, errorCount: 0)" storage="c:\users\belgp3\onedrive - pa consulting group\documents\work\code\pa\clients\dft\dft-dtro-beta\src\dft.dtro.tests\bin\debug\net8.0\dft.dtro.tests.dll" id="6d633dac-80cc-4918-0952-9d10a55d4156">
      <Execution id="b518ac3c-7d5b-4d74-8dbe-583f38db7024" />
      <TestMethod codeBase="C:\Users\BELGP3\OneDrive - PA Consulting Group\Documents\Work\Code\PA\Clients\DfT\dft-dtro-beta\Src\Dft.DTRO.Tests\bin\Debug\net8.0\Dft.DTRO.Tests.dll" adapterTypeName="executor://xunit/VsTestRunner3/netcore/" className="Dft.DTRO.Tests.ServicesTests.Validations.RateLineValidationServiceTests" name="ValidateRateLineRateLineType" />
    </UnitTest>
    <UnitTest name="Dft.DTRO.Tests.ServicesTests.Validations.RateLineCollectionValidationServiceTests.ValidateRateLineCollectionEndValidUsagePeriod(conditionType: &quot;ConditionSet&quot;, endValidUsagePeriod: &quot;bad-date-time&quot;, errorCount: 1)" storage="c:\users\belgp3\onedrive - pa consulting group\documents\work\code\pa\clients\dft\dft-dtro-beta\src\dft.dtro.tests\bin\debug\net8.0\dft.dtro.tests.dll" id="79520cb3-0818-8588-a348-c5472180156a">
      <Execution id="842a3cad-242b-430a-9d5a-796b1d5486b2" />
      <TestMethod codeBase="C:\Users\BELGP3\OneDrive - PA Consulting Group\Documents\Work\Code\PA\Clients\DfT\dft-dtro-beta\Src\Dft.DTRO.Tests\bin\Debug\net8.0\Dft.DTRO.Tests.dll" adapterTypeName="executor://xunit/VsTestRunner3/netcore/" className="Dft.DTRO.Tests.ServicesTests.Validations.RateLineCollectionValidationServiceTests" name="ValidateRateLineCollectionEndValidUsagePeriod" />
    </UnitTest>
    <UnitTest name="Dft.DTRO.Tests.ServicesTests.Validations.RateLineValidationServiceTests.ValidateRateLineRateUsageConditionType(conditionType: &quot;ConditionSet&quot;, usageCondition: &quot;fixedNumber&quot;, errorCount: 0)" storage="c:\users\belgp3\onedrive - pa consulting group\documents\work\code\pa\clients\dft\dft-dtro-beta\src\dft.dtro.tests\bin\debug\net8.0\dft.dtro.tests.dll" id="da8cc568-a3f4-16e8-f287-ad03a6445b93">
      <Execution id="edd8a537-df75-4f9c-a737-200b3cb680e7" />
      <TestMethod codeBase="C:\Users\BELGP3\OneDrive - PA Consulting Group\Documents\Work\Code\PA\Clients\DfT\dft-dtro-beta\Src\Dft.DTRO.Tests\bin\Debug\net8.0\Dft.DTRO.Tests.dll" adapterTypeName="executor://xunit/VsTestRunner3/netcore/" className="Dft.DTRO.Tests.ServicesTests.Validations.RateLineValidationServiceTests" name="ValidateRateLineRateUsageConditionType" />
    </UnitTest>
    <UnitTest name="Dft.DTRO.Tests.CodeiumTests.SystemConfig.Service.SystemConfigServiceTests.GetSystemConfigAsync_ReturnsSystemName" storage="c:\users\belgp3\onedrive - pa consulting group\documents\work\code\pa\clients\dft\dft-dtro-beta\src\dft.dtro.tests\bin\debug\net8.0\dft.dtro.tests.dll" id="deb817bf-7314-2249-4089-c636d27fa84e">
      <Execution id="58302dc9-be3a-40ed-9fc6-9115693c5928" />
      <TestMethod codeBase="C:\Users\BELGP3\OneDrive - PA Consulting Group\Documents\Work\Code\PA\Clients\DfT\dft-dtro-beta\Src\Dft.DTRO.Tests\bin\Debug\net8.0\Dft.DTRO.Tests.dll" adapterTypeName="executor://xunit/VsTestRunner3/netcore/" className="Dft.DTRO.Tests.CodeiumTests.SystemConfig.Service.SystemConfigServiceTests" name="GetSystemConfigAsync_ReturnsSystemName" />
    </UnitTest>
    <UnitTest name="Dft.DTRO.Tests.ServicesTests.Validations.ProvisionValidationServiceTests.ValidateProvisionOrderReportingPointTypeForSchema330(orderReportingPointType: &quot;experimentalMakingPermanent&quot;, errorCount: 0)" storage="c:\users\belgp3\onedrive - pa consulting group\documents\work\code\pa\clients\dft\dft-dtro-beta\src\dft.dtro.tests\bin\debug\net8.0\dft.dtro.tests.dll" id="5cd1d8b7-7caf-b2f8-9b00-016896313ebb">
      <Execution id="77bda583-0120-4aa3-b7df-e5c584365e1b" />
      <TestMethod codeBase="C:\Users\BELGP3\OneDrive - PA Consulting Group\Documents\Work\Code\PA\Clients\DfT\dft-dtro-beta\Src\Dft.DTRO.Tests\bin\Debug\net8.0\Dft.DTRO.Tests.dll" adapterTypeName="executor://xunit/VsTestRunner3/netcore/" className="Dft.DTRO.Tests.ServicesTests.Validations.ProvisionValidationServiceTests" name="ValidateProvisionOrderReportingPointTypeForSchema330" />
    </UnitTest>
    <UnitTest name="Dft.DTRO.Tests.ServicesTests.Validations.GeometryValidationServiceTests.ValidateLinearGeometryDirection(direction: &quot;&quot;, schemaVersion: &quot;3.3.0&quot;, errorCount: 2)" storage="c:\users\belgp3\onedrive - pa consulting group\documents\work\code\pa\clients\dft\dft-dtro-beta\src\dft.dtro.tests\bin\debug\net8.0\dft.dtro.tests.dll" id="2cc8fb43-7b60-0669-52be-57db8c6ae808">
      <Execution id="37c9ebf4-f1ea-40a5-a298-8b12ba9210be" />
      <TestMethod codeBase="C:\Users\BELGP3\OneDrive - PA Consulting Group\Documents\Work\Code\PA\Clients\DfT\dft-dtro-beta\Src\Dft.DTRO.Tests\bin\Debug\net8.0\Dft.DTRO.Tests.dll" adapterTypeName="executor://xunit/VsTestRunner3/netcore/" className="Dft.DTRO.Tests.ServicesTests.Validations.GeometryValidationServiceTests" name="ValidateLinearGeometryDirection" />
    </UnitTest>
    <UnitTest name="Dft.DTRO.Tests.ServicesTests.Validations.JsonLogicValidationTests.AllowSequentialRateLine" storage="c:\users\belgp3\onedrive - pa consulting group\documents\work\code\pa\clients\dft\dft-dtro-beta\src\dft.dtro.tests\bin\debug\net8.0\dft.dtro.tests.dll" id="14e69a2f-b615-8561-48b0-e6891385d4eb">
      <Execution id="ad7e5207-2437-478f-9db8-58846342db41" />
      <TestMethod codeBase="C:\Users\BELGP3\OneDrive - PA Consulting Group\Documents\Work\Code\PA\Clients\DfT\dft-dtro-beta\Src\Dft.DTRO.Tests\bin\Debug\net8.0\Dft.DTRO.Tests.dll" adapterTypeName="executor://xunit/VsTestRunner3/netcore/" className="Dft.DTRO.Tests.ServicesTests.Validations.JsonLogicValidationTests" name="AllowSequentialRateLine" />
    </UnitTest>
    <UnitTest name="Dft.DTRO.Tests.ControllerTests.DTROsControllerTests.UpdateFromFileThrowsInvalidOperationException" storage="c:\users\belgp3\onedrive - pa consulting group\documents\work\code\pa\clients\dft\dft-dtro-beta\src\dft.dtro.tests\bin\debug\net8.0\dft.dtro.tests.dll" id="87e33e26-c1a8-8b47-21d4-f5cc25a5028a">
      <Execution id="80343d50-57f1-4434-88c7-8ecee8d9f86e" />
      <TestMethod codeBase="C:\Users\BELGP3\OneDrive - PA Consulting Group\Documents\Work\Code\PA\Clients\DfT\dft-dtro-beta\Src\Dft.DTRO.Tests\bin\Debug\net8.0\Dft.DTRO.Tests.dll" adapterTypeName="executor://xunit/VsTestRunner3/netcore/" className="Dft.DTRO.Tests.ControllerTests.DTROsControllerTests" name="UpdateFromFileThrowsInvalidOperationException" />
    </UnitTest>
    <UnitTest name="Dft.DTRO.Tests.ServicesTests.Validations.SemanticValidationServiceTests.TypoInExternalReferenceReturnsError" storage="c:\users\belgp3\onedrive - pa consulting group\documents\work\code\pa\clients\dft\dft-dtro-beta\src\dft.dtro.tests\bin\debug\net8.0\dft.dtro.tests.dll" id="c87e3ab6-740f-8528-a09d-e06a6f8e92f2">
      <Execution id="0100d0b1-5095-4691-816c-671006b5a002" />
      <TestMethod codeBase="C:\Users\BELGP3\OneDrive - PA Consulting Group\Documents\Work\Code\PA\Clients\DfT\dft-dtro-beta\Src\Dft.DTRO.Tests\bin\Debug\net8.0\Dft.DTRO.Tests.dll" adapterTypeName="executor://xunit/VsTestRunner3/netcore/" className="Dft.DTRO.Tests.ServicesTests.Validations.SemanticValidationServiceTests" name="TypoInExternalReferenceReturnsError" />
    </UnitTest>
    <UnitTest name="Dft.DTRO.Tests.ServicesTests.Validations.JsonLogicValidationTests.AllowsExceptionPeriodToBeMissing" storage="c:\users\belgp3\onedrive - pa consulting group\documents\work\code\pa\clients\dft\dft-dtro-beta\src\dft.dtro.tests\bin\debug\net8.0\dft.dtro.tests.dll" id="1b61d140-9a8f-c40b-b115-bb0b8d20afb4">
      <Execution id="11d7d86d-3400-443d-8181-b13fd102b8af" />
      <TestMethod codeBase="C:\Users\BELGP3\OneDrive - PA Consulting Group\Documents\Work\Code\PA\Clients\DfT\dft-dtro-beta\Src\Dft.DTRO.Tests\bin\Debug\net8.0\Dft.DTRO.Tests.dll" adapterTypeName="executor://xunit/VsTestRunner3/netcore/" className="Dft.DTRO.Tests.ServicesTests.Validations.JsonLogicValidationTests" name="AllowsExceptionPeriodToBeMissing" />
    </UnitTest>
    <UnitTest name="DfT.DTRO.Tests.CodeiumTests.Integration.DTROsController_Codeium_Tests.GetDtroById_Exception_ReturnsInternalServerError" storage="c:\users\belgp3\onedrive - pa consulting group\documents\work\code\pa\clients\dft\dft-dtro-beta\src\dft.dtro.tests\bin\debug\net8.0\dft.dtro.tests.dll" id="1a9c6d9e-7306-5f02-b5f3-391b8a04dc65">
      <Execution id="eca8d6fa-ccc0-4f1a-ba9d-04681c2994d8" />
      <TestMethod codeBase="C:\Users\BELGP3\OneDrive - PA Consulting Group\Documents\Work\Code\PA\Clients\DfT\dft-dtro-beta\Src\Dft.DTRO.Tests\bin\Debug\net8.0\Dft.DTRO.Tests.dll" adapterTypeName="executor://xunit/VsTestRunner3/netcore/" className="DfT.DTRO.Tests.CodeiumTests.Integration.DTROsController_Codeium_Tests" name="GetDtroById_Exception_ReturnsInternalServerError" />
    </UnitTest>
    <UnitTest name="Dft.DTRO.Tests.UnitTests.MappingServiceTests.InferIndexFieldsReturnsSampleFiles(path: &quot;../../../TestFiles/D-TROs/3.3.0/JSON-3.3.0-example&quot;···, schemaVersion: &quot;3.3.0&quot;)" storage="c:\users\belgp3\onedrive - pa consulting group\documents\work\code\pa\clients\dft\dft-dtro-beta\src\dft.dtro.tests\bin\debug\net8.0\dft.dtro.tests.dll" id="4727f65a-5163-fa97-0b4c-28a5c85285c7">
      <Execution id="d1027bf2-9eb5-4230-b820-8372047123d4" />
      <TestMethod codeBase="C:\Users\BELGP3\OneDrive - PA Consulting Group\Documents\Work\Code\PA\Clients\DfT\dft-dtro-beta\Src\Dft.DTRO.Tests\bin\Debug\net8.0\Dft.DTRO.Tests.dll" adapterTypeName="executor://xunit/VsTestRunner3/netcore/" className="Dft.DTRO.Tests.UnitTests.MappingServiceTests" name="InferIndexFieldsReturnsSampleFiles" />
    </UnitTest>
    <UnitTest name="Dft.DTRO.Tests.ServicesTests.Validations.RateLineValidationServiceTests.ValidateRateLineValue(conditionType: &quot;Condition&quot;, value: 1.01, errorCount: 0)" storage="c:\users\belgp3\onedrive - pa consulting group\documents\work\code\pa\clients\dft\dft-dtro-beta\src\dft.dtro.tests\bin\debug\net8.0\dft.dtro.tests.dll" id="b10798dc-b4ef-4b8e-70ea-0e06199ff821">
      <Execution id="37d1d710-6f6b-4189-87e2-6911eac2029b" />
      <TestMethod codeBase="C:\Users\BELGP3\OneDrive - PA Consulting Group\Documents\Work\Code\PA\Clients\DfT\dft-dtro-beta\Src\Dft.DTRO.Tests\bin\Debug\net8.0\Dft.DTRO.Tests.dll" adapterTypeName="executor://xunit/VsTestRunner3/netcore/" className="Dft.DTRO.Tests.ServicesTests.Validations.RateLineValidationServiceTests" name="ValidateRateLineValue" />
    </UnitTest>
    <UnitTest name="Dft.DTRO.Tests.ServicesTests.Validations.RegulationValidationTests.ValidateGeneralRegulationRegulationType(regulationType: &quot;dimensionMaximumHeightWithTRO&quot;, errorCount: 0)" storage="c:\users\belgp3\onedrive - pa consulting group\documents\work\code\pa\clients\dft\dft-dtro-beta\src\dft.dtro.tests\bin\debug\net8.0\dft.dtro.tests.dll" id="9861a6e0-8ae0-c340-2ead-ffd6d76afa39">
      <Execution id="b065c709-95b9-4ad5-885e-db78f1698a05" />
      <TestMethod codeBase="C:\Users\BELGP3\OneDrive - PA Consulting Group\Documents\Work\Code\PA\Clients\DfT\dft-dtro-beta\Src\Dft.DTRO.Tests\bin\Debug\net8.0\Dft.DTRO.Tests.dll" adapterTypeName="executor://xunit/VsTestRunner3/netcore/" className="Dft.DTRO.Tests.ServicesTests.Validations.RegulationValidationTests" name="ValidateGeneralRegulationRegulationType" />
    </UnitTest>
    <UnitTest name="Dft.DTRO.Tests.ServicesTests.Validations.RegulationValidationTests.ValidateGeneralRegulationRegulationType(regulationType: &quot;kerbsideNoLoading&quot;, errorCount: 0)" storage="c:\users\belgp3\onedrive - pa consulting group\documents\work\code\pa\clients\dft\dft-dtro-beta\src\dft.dtro.tests\bin\debug\net8.0\dft.dtro.tests.dll" id="195c7a74-acd3-65f4-43c7-9ddb6e6b87b1">
      <Execution id="c430b204-b2a5-4048-8ebf-1bd604bc465c" />
      <TestMethod codeBase="C:\Users\BELGP3\OneDrive - PA Consulting Group\Documents\Work\Code\PA\Clients\DfT\dft-dtro-beta\Src\Dft.DTRO.Tests\bin\Debug\net8.0\Dft.DTRO.Tests.dll" adapterTypeName="executor://xunit/VsTestRunner3/netcore/" className="Dft.DTRO.Tests.ServicesTests.Validations.RegulationValidationTests" name="ValidateGeneralRegulationRegulationType" />
    </UnitTest>
    <UnitTest name="Dft.DTRO.Tests.ServicesTests.Validations.RateLineValidationServiceTests.ValidateRateLineRateUsageConditionType(conditionType: &quot;ConditionSet&quot;, usageCondition: &quot;&quot;, errorCount: 1)" storage="c:\users\belgp3\onedrive - pa consulting group\documents\work\code\pa\clients\dft\dft-dtro-beta\src\dft.dtro.tests\bin\debug\net8.0\dft.dtro.tests.dll" id="fb3af10d-50ff-1186-ac4a-4345762fb319">
      <Execution id="e383bdff-a5a5-44b6-a1ce-6177548cfc8b" />
      <TestMethod codeBase="C:\Users\BELGP3\OneDrive - PA Consulting Group\Documents\Work\Code\PA\Clients\DfT\dft-dtro-beta\Src\Dft.DTRO.Tests\bin\Debug\net8.0\Dft.DTRO.Tests.dll" adapterTypeName="executor://xunit/VsTestRunner3/netcore/" className="Dft.DTRO.Tests.ServicesTests.Validations.RateLineValidationServiceTests" name="ValidateRateLineRateUsageConditionType" />
    </UnitTest>
    <UnitTest name="Dft.DTRO.Tests.ServicesTests.Validations.JsonLogicValidationTests.AllowsExceptionPeriodToBeEmpty" storage="c:\users\belgp3\onedrive - pa consulting group\documents\work\code\pa\clients\dft\dft-dtro-beta\src\dft.dtro.tests\bin\debug\net8.0\dft.dtro.tests.dll" id="54b3348c-4cce-b2e4-28d6-926eb4c96965">
      <Execution id="e5d73481-dd7c-4686-8466-30d83377edcc" />
      <TestMethod codeBase="C:\Users\BELGP3\OneDrive - PA Consulting Group\Documents\Work\Code\PA\Clients\DfT\dft-dtro-beta\Src\Dft.DTRO.Tests\bin\Debug\net8.0\Dft.DTRO.Tests.dll" adapterTypeName="executor://xunit/VsTestRunner3/netcore/" className="Dft.DTRO.Tests.ServicesTests.Validations.JsonLogicValidationTests" name="AllowsExceptionPeriodToBeEmpty" />
    </UnitTest>
    <UnitTest name="Dft.DTRO.Tests.ServicesTests.Validations.JsonLogicValidationTests.AllowsValidPeriodToBeEmpty" storage="c:\users\belgp3\onedrive - pa consulting group\documents\work\code\pa\clients\dft\dft-dtro-beta\src\dft.dtro.tests\bin\debug\net8.0\dft.dtro.tests.dll" id="809aba37-ac80-4028-c2e9-0fd5148000a6">
      <Execution id="cee9e766-16f7-48cc-b5d0-7757f9bb3092" />
      <TestMethod codeBase="C:\Users\BELGP3\OneDrive - PA Consulting Group\Documents\Work\Code\PA\Clients\DfT\dft-dtro-beta\Src\Dft.DTRO.Tests\bin\Debug\net8.0\Dft.DTRO.Tests.dll" adapterTypeName="executor://xunit/VsTestRunner3/netcore/" className="Dft.DTRO.Tests.ServicesTests.Validations.JsonLogicValidationTests" name="AllowsValidPeriodToBeEmpty" />
    </UnitTest>
    <UnitTest name="Dft.DTRO.Tests.ServicesTests.Validations.RegulationValidationTests.ValidateRegulationTimeZone(timeZone: &quot;Europe/London&quot;, errorCount: 0)" storage="c:\users\belgp3\onedrive - pa consulting group\documents\work\code\pa\clients\dft\dft-dtro-beta\src\dft.dtro.tests\bin\debug\net8.0\dft.dtro.tests.dll" id="4c8bee2c-f7ab-fe4e-e699-d6996204c2b9">
      <Execution id="483607c8-be7e-4c13-9920-d06b83bb3618" />
      <TestMethod codeBase="C:\Users\BELGP3\OneDrive - PA Consulting Group\Documents\Work\Code\PA\Clients\DfT\dft-dtro-beta\Src\Dft.DTRO.Tests\bin\Debug\net8.0\Dft.DTRO.Tests.dll" adapterTypeName="executor://xunit/VsTestRunner3/netcore/" className="Dft.DTRO.Tests.ServicesTests.Validations.RegulationValidationTests" name="ValidateRegulationTimeZone" />
    </UnitTest>
    <UnitTest name="Dft.DTRO.Tests.ServicesTests.Validations.RegulationValidationTests.ValidateGeneralRegulationRegulationType(regulationType: &quot;kerbsideLoadingBay&quot;, errorCount: 0)" storage="c:\users\belgp3\onedrive - pa consulting group\documents\work\code\pa\clients\dft\dft-dtro-beta\src\dft.dtro.tests\bin\debug\net8.0\dft.dtro.tests.dll" id="fe146c51-d1fb-7be6-c419-9b4be2082cd6">
      <Execution id="18bd0f9d-004b-4214-8a7e-d8456ae33f09" />
      <TestMethod codeBase="C:\Users\BELGP3\OneDrive - PA Consulting Group\Documents\Work\Code\PA\Clients\DfT\dft-dtro-beta\Src\Dft.DTRO.Tests\bin\Debug\net8.0\Dft.DTRO.Tests.dll" adapterTypeName="executor://xunit/VsTestRunner3/netcore/" className="Dft.DTRO.Tests.ServicesTests.Validations.RegulationValidationTests" name="ValidateGeneralRegulationRegulationType" />
    </UnitTest>
    <UnitTest name="Dft.DTRO.Tests.ServicesTests.Validations.RegulationValidationTests.ValidateGeneralRegulationRegulationType(regulationType: &quot;miscBusGate&quot;, errorCount: 0)" storage="c:\users\belgp3\onedrive - pa consulting group\documents\work\code\pa\clients\dft\dft-dtro-beta\src\dft.dtro.tests\bin\debug\net8.0\dft.dtro.tests.dll" id="d2afd7db-d395-6fa9-de1d-2c5422bd8198">
      <Execution id="5d50fca6-aa50-4ff3-9531-b8bbebfc84a3" />
      <TestMethod codeBase="C:\Users\BELGP3\OneDrive - PA Consulting Group\Documents\Work\Code\PA\Clients\DfT\dft-dtro-beta\Src\Dft.DTRO.Tests\bin\Debug\net8.0\Dft.DTRO.Tests.dll" adapterTypeName="executor://xunit/VsTestRunner3/netcore/" className="Dft.DTRO.Tests.ServicesTests.Validations.RegulationValidationTests" name="ValidateGeneralRegulationRegulationType" />
    </UnitTest>
    <UnitTest name="Dft.DTRO.Tests.ServicesTests.Validations.ExternalReferenceValidationServiceTests.ValidateMultipleExternalReferencesWithDifferentGeometriesLastUpdatedDate" storage="c:\users\belgp3\onedrive - pa consulting group\documents\work\code\pa\clients\dft\dft-dtro-beta\src\dft.dtro.tests\bin\debug\net8.0\dft.dtro.tests.dll" id="e4201408-b578-6dcf-2bf5-eb6a0da370c7">
      <Execution id="7c28dad9-a710-4dbf-98ad-c0d14d94aeeb" />
      <TestMethod codeBase="C:\Users\BELGP3\OneDrive - PA Consulting Group\Documents\Work\Code\PA\Clients\DfT\dft-dtro-beta\Src\Dft.DTRO.Tests\bin\Debug\net8.0\Dft.DTRO.Tests.dll" adapterTypeName="executor://xunit/VsTestRunner3/netcore/" className="Dft.DTRO.Tests.ServicesTests.Validations.ExternalReferenceValidationServiceTests" name="ValidateMultipleExternalReferencesWithDifferentGeometriesLastUpdatedDate" />
    </UnitTest>
    <UnitTest name="Dft.DTRO.Tests.ServicesTests.DTROs.GetDtrosTests.GenerateDtrosAsZipAsyncThrowsNotFoundExceptionWhenNoDtrosFound" storage="c:\users\belgp3\onedrive - pa consulting group\documents\work\code\pa\clients\dft\dft-dtro-beta\src\dft.dtro.tests\bin\debug\net8.0\dft.dtro.tests.dll" id="4a68d8f7-f1f6-26cf-5e45-a36ad5c1b9c6">
      <Execution id="a7691a09-5b66-4d78-a927-419e4cb1bc10" />
      <TestMethod codeBase="C:\Users\BELGP3\OneDrive - PA Consulting Group\Documents\Work\Code\PA\Clients\DfT\dft-dtro-beta\Src\Dft.DTRO.Tests\bin\Debug\net8.0\Dft.DTRO.Tests.dll" adapterTypeName="executor://xunit/VsTestRunner3/netcore/" className="Dft.DTRO.Tests.ServicesTests.DTROs.GetDtrosTests" name="GenerateDtrosAsZipAsyncThrowsNotFoundExceptionWhenNoDtrosFound" />
    </UnitTest>
    <UnitTest name="Dft.DTRO.Tests.ServicesTests.Validations.ProvisionValidationServiceTests.ValidateProvisionOrderReportingPointTypeForSchema324(orderReportingPointType: &quot;experimentalAmendment&quot;, errorCount: 0)" storage="c:\users\belgp3\onedrive - pa consulting group\documents\work\code\pa\clients\dft\dft-dtro-beta\src\dft.dtro.tests\bin\debug\net8.0\dft.dtro.tests.dll" id="40f912ca-c928-103d-aadb-7dfb026e8eb2">
      <Execution id="a0354fd8-69d9-4b9e-97eb-737db5f07813" />
      <TestMethod codeBase="C:\Users\BELGP3\OneDrive - PA Consulting Group\Documents\Work\Code\PA\Clients\DfT\dft-dtro-beta\Src\Dft.DTRO.Tests\bin\Debug\net8.0\Dft.DTRO.Tests.dll" adapterTypeName="executor://xunit/VsTestRunner3/netcore/" className="Dft.DTRO.Tests.ServicesTests.Validations.ProvisionValidationServiceTests" name="ValidateProvisionOrderReportingPointTypeForSchema324" />
    </UnitTest>
    <UnitTest name="Dft.DTRO.Tests.ServicesTests.Validations.SourceValidationServiceTests.ValidateSourceTraAffected(version: &quot;3.3.0&quot;, traAffected: &quot;1050, 4, 3300&quot;, errorCount: 0)" storage="c:\users\belgp3\onedrive - pa consulting group\documents\work\code\pa\clients\dft\dft-dtro-beta\src\dft.dtro.tests\bin\debug\net8.0\dft.dtro.tests.dll" id="88415652-1de9-0242-7065-dab2ca909d1d">
      <Execution id="99395293-f371-455c-9220-65203ac03f51" />
      <TestMethod codeBase="C:\Users\BELGP3\OneDrive - PA Consulting Group\Documents\Work\Code\PA\Clients\DfT\dft-dtro-beta\Src\Dft.DTRO.Tests\bin\Debug\net8.0\Dft.DTRO.Tests.dll" adapterTypeName="executor://xunit/VsTestRunner3/netcore/" className="Dft.DTRO.Tests.ServicesTests.Validations.SourceValidationServiceTests" name="ValidateSourceTraAffected" />
    </UnitTest>
    <UnitTest name="Dft.DTRO.Tests.ServicesTests.Validations.JsonLogicValidationTests.AllowsValidPeriodStartTimeAfterOverallPeriodStartTime" storage="c:\users\belgp3\onedrive - pa consulting group\documents\work\code\pa\clients\dft\dft-dtro-beta\src\dft.dtro.tests\bin\debug\net8.0\dft.dtro.tests.dll" id="84fa1ff8-f31d-46ba-e4ce-f126b62f254b">
      <Execution id="ce94e277-d534-4a76-b3a6-cca660644e41" />
      <TestMethod codeBase="C:\Users\BELGP3\OneDrive - PA Consulting Group\Documents\Work\Code\PA\Clients\DfT\dft-dtro-beta\Src\Dft.DTRO.Tests\bin\Debug\net8.0\Dft.DTRO.Tests.dll" adapterTypeName="executor://xunit/VsTestRunner3/netcore/" className="Dft.DTRO.Tests.ServicesTests.Validations.JsonLogicValidationTests" name="AllowsValidPeriodStartTimeAfterOverallPeriodStartTime" />
    </UnitTest>
    <UnitTest name="Dft.DTRO.Tests.ServicesTests.Validations.ElementaryStreetUnitValidationServiceTests.ValidateNoElementStreetUnits" storage="c:\users\belgp3\onedrive - pa consulting group\documents\work\code\pa\clients\dft\dft-dtro-beta\src\dft.dtro.tests\bin\debug\net8.0\dft.dtro.tests.dll" id="c0131109-df76-2fc5-f475-2686f4c42b4a">
      <Execution id="8ad2dbe3-149e-4d5b-bcbc-36fafc2ffcbc" />
      <TestMethod codeBase="C:\Users\BELGP3\OneDrive - PA Consulting Group\Documents\Work\Code\PA\Clients\DfT\dft-dtro-beta\Src\Dft.DTRO.Tests\bin\Debug\net8.0\Dft.DTRO.Tests.dll" adapterTypeName="executor://xunit/VsTestRunner3/netcore/" className="Dft.DTRO.Tests.ServicesTests.Validations.ElementaryStreetUnitValidationServiceTests" name="ValidateNoElementStreetUnits" />
    </UnitTest>
    <UnitTest name="Dft.DTRO.Tests.ServicesTests.Validations.JsonSchemaValidationTests.ValidateAgainstSchema325ProducesCorrectResults(schemaVersion: &quot;3.3.0&quot;, sourceJson: &quot;JSON-3.3.0-example-TTRO-multiple-nested-condition-&quot;···, expectedResult: False)" storage="c:\users\belgp3\onedrive - pa consulting group\documents\work\code\pa\clients\dft\dft-dtro-beta\src\dft.dtro.tests\bin\debug\net8.0\dft.dtro.tests.dll" id="28a75e7f-74a5-9198-2123-05d74da39f94">
      <Execution id="766c5f1b-b245-4ad8-828d-fb592aefa3d1" />
      <TestMethod codeBase="C:\Users\BELGP3\OneDrive - PA Consulting Group\Documents\Work\Code\PA\Clients\DfT\dft-dtro-beta\Src\Dft.DTRO.Tests\bin\Debug\net8.0\Dft.DTRO.Tests.dll" adapterTypeName="executor://xunit/VsTestRunner3/netcore/" className="Dft.DTRO.Tests.ServicesTests.Validations.JsonSchemaValidationTests" name="ValidateAgainstSchema325ProducesCorrectResults" />
    </UnitTest>
    <UnitTest name="DfT.DTRO.Tests.CodeiumTests.Integration.SchemaController_Codeium_Tests.GetSchemaById_UnexpectedException_ReturnsInternalServerError" storage="c:\users\belgp3\onedrive - pa consulting group\documents\work\code\pa\clients\dft\dft-dtro-beta\src\dft.dtro.tests\bin\debug\net8.0\dft.dtro.tests.dll" id="cb1dec09-7a01-a46f-98f0-2acbddeba2c6">
      <Execution id="69b1bace-b809-47f9-a4c7-d660a5bb18f6" />
      <TestMethod codeBase="C:\Users\BELGP3\OneDrive - PA Consulting Group\Documents\Work\Code\PA\Clients\DfT\dft-dtro-beta\Src\Dft.DTRO.Tests\bin\Debug\net8.0\Dft.DTRO.Tests.dll" adapterTypeName="executor://xunit/VsTestRunner3/netcore/" className="DfT.DTRO.Tests.CodeiumTests.Integration.SchemaController_Codeium_Tests" name="GetSchemaById_UnexpectedException_ReturnsInternalServerError" />
    </UnitTest>
    <UnitTest name="Dft.DTRO.Tests.ServicesTests.Validations.JsonLogicValidationTests.AllowValueCollectionMinLessThanMax" storage="c:\users\belgp3\onedrive - pa consulting group\documents\work\code\pa\clients\dft\dft-dtro-beta\src\dft.dtro.tests\bin\debug\net8.0\dft.dtro.tests.dll" id="a2e7c791-67a3-fceb-fd14-1aa4e462c60f">
      <Execution id="e90ed88f-7d1f-4291-8b2b-25c0e2a89138" />
      <TestMethod codeBase="C:\Users\BELGP3\OneDrive - PA Consulting Group\Documents\Work\Code\PA\Clients\DfT\dft-dtro-beta\Src\Dft.DTRO.Tests\bin\Debug\net8.0\Dft.DTRO.Tests.dll" adapterTypeName="executor://xunit/VsTestRunner3/netcore/" className="Dft.DTRO.Tests.ServicesTests.Validations.JsonLogicValidationTests" name="AllowValueCollectionMinLessThanMax" />
    </UnitTest>
    <UnitTest name="Dft.DTRO.Tests.ServicesTests.Validations.RateLineValidationServiceTests.ValidateRateLineRateUsageConditionType(conditionType: &quot;ConditionSet&quot;, usageCondition: &quot;unlimited&quot;, errorCount: 0)" storage="c:\users\belgp3\onedrive - pa consulting group\documents\work\code\pa\clients\dft\dft-dtro-beta\src\dft.dtro.tests\bin\debug\net8.0\dft.dtro.tests.dll" id="87d54fdf-3407-c54a-9f00-45f1cd21f461">
      <Execution id="f589ab9a-37be-4a4d-8bb3-6b641e8fe819" />
      <TestMethod codeBase="C:\Users\BELGP3\OneDrive - PA Consulting Group\Documents\Work\Code\PA\Clients\DfT\dft-dtro-beta\Src\Dft.DTRO.Tests\bin\Debug\net8.0\Dft.DTRO.Tests.dll" adapterTypeName="executor://xunit/VsTestRunner3/netcore/" className="Dft.DTRO.Tests.ServicesTests.Validations.RateLineValidationServiceTests" name="ValidateRateLineRateUsageConditionType" />
    </UnitTest>
    <UnitTest name="DfT.DTRO.Tests.CodeiumTests.Integration.SchemaController_Codeium_Tests.GetSchema_ReturnsBadRequestResult" storage="c:\users\belgp3\onedrive - pa consulting group\documents\work\code\pa\clients\dft\dft-dtro-beta\src\dft.dtro.tests\bin\debug\net8.0\dft.dtro.tests.dll" id="f06993e6-d46e-e83b-06f0-c11ec448b3ea">
      <Execution id="0ca73737-8ce5-437b-8c56-57e5dc2dc3d8" />
      <TestMethod codeBase="C:\Users\BELGP3\OneDrive - PA Consulting Group\Documents\Work\Code\PA\Clients\DfT\dft-dtro-beta\Src\Dft.DTRO.Tests\bin\Debug\net8.0\Dft.DTRO.Tests.dll" adapterTypeName="executor://xunit/VsTestRunner3/netcore/" className="DfT.DTRO.Tests.CodeiumTests.Integration.SchemaController_Codeium_Tests" name="GetSchema_ReturnsBadRequestResult" />
    </UnitTest>
    <UnitTest name="DfT.DTRO.Tests.CodeiumTests.Integration.SchemaController_Codeium_Tests.DeActivateSchema_WhenSchemaTemplateServiceThrowsUnexpectedException_ReturnsInternalServerError" storage="c:\users\belgp3\onedrive - pa consulting group\documents\work\code\pa\clients\dft\dft-dtro-beta\src\dft.dtro.tests\bin\debug\net8.0\dft.dtro.tests.dll" id="9626104c-f929-6253-d6f4-82597b698730">
      <Execution id="64c68299-ef0e-45ab-b158-07791f9dc11e" />
      <TestMethod codeBase="C:\Users\BELGP3\OneDrive - PA Consulting Group\Documents\Work\Code\PA\Clients\DfT\dft-dtro-beta\Src\Dft.DTRO.Tests\bin\Debug\net8.0\Dft.DTRO.Tests.dll" adapterTypeName="executor://xunit/VsTestRunner3/netcore/" className="DfT.DTRO.Tests.CodeiumTests.Integration.SchemaController_Codeium_Tests" name="DeActivateSchema_WhenSchemaTemplateServiceThrowsUnexpectedException_ReturnsInternalServerError" />
    </UnitTest>
    <UnitTest name="Dft.DTRO.Tests.CodeiumTests.Rules.Mapping.RulesTemplateMappingServiceTests.MapToRuleTemplateResponse_EmptyList_ReturnsEmptyList" storage="c:\users\belgp3\onedrive - pa consulting group\documents\work\code\pa\clients\dft\dft-dtro-beta\src\dft.dtro.tests\bin\debug\net8.0\dft.dtro.tests.dll" id="af83b816-8756-30b9-6f55-91ea7daebb7f">
      <Execution id="6241c73f-547d-4f20-b99e-e09c7d0087e2" />
      <TestMethod codeBase="C:\Users\BELGP3\OneDrive - PA Consulting Group\Documents\Work\Code\PA\Clients\DfT\dft-dtro-beta\Src\Dft.DTRO.Tests\bin\Debug\net8.0\Dft.DTRO.Tests.dll" adapterTypeName="executor://xunit/VsTestRunner3/netcore/" className="Dft.DTRO.Tests.CodeiumTests.Rules.Mapping.RulesTemplateMappingServiceTests" name="MapToRuleTemplateResponse_EmptyList_ReturnsEmptyList" />
    </UnitTest>
    <UnitTest name="Dft.DTRO.Tests.ServicesTests.Validations.ProvisionValidationServiceTests.ValidateProvisionOrderReportingPointTypeForSchema330(orderReportingPointType: &quot;variationByNotice&quot;, errorCount: 0)" storage="c:\users\belgp3\onedrive - pa consulting group\documents\work\code\pa\clients\dft\dft-dtro-beta\src\dft.dtro.tests\bin\debug\net8.0\dft.dtro.tests.dll" id="874ebc36-faf0-5c32-49ca-81aef9cdf310">
      <Execution id="edebdd33-f91e-4753-8cda-04167a5b2b98" />
      <TestMethod codeBase="C:\Users\BELGP3\OneDrive - PA Consulting Group\Documents\Work\Code\PA\Clients\DfT\dft-dtro-beta\Src\Dft.DTRO.Tests\bin\Debug\net8.0\Dft.DTRO.Tests.dll" adapterTypeName="executor://xunit/VsTestRunner3/netcore/" className="Dft.DTRO.Tests.ServicesTests.Validations.ProvisionValidationServiceTests" name="ValidateProvisionOrderReportingPointTypeForSchema330" />
    </UnitTest>
    <UnitTest name="DfT.DTRO.Tests.CodeiumTests.Integration.SchemaController_Codeium_Tests.CreateSchema_ThrowsException_ReturnsInternalServerError" storage="c:\users\belgp3\onedrive - pa consulting group\documents\work\code\pa\clients\dft\dft-dtro-beta\src\dft.dtro.tests\bin\debug\net8.0\dft.dtro.tests.dll" id="11bfbdb9-d143-3f6d-2802-dc493020cd48">
      <Execution id="e6eb5cd8-37dd-41df-bd8b-f3d6799d5996" />
      <TestMethod codeBase="C:\Users\BELGP3\OneDrive - PA Consulting Group\Documents\Work\Code\PA\Clients\DfT\dft-dtro-beta\Src\Dft.DTRO.Tests\bin\Debug\net8.0\Dft.DTRO.Tests.dll" adapterTypeName="executor://xunit/VsTestRunner3/netcore/" className="DfT.DTRO.Tests.CodeiumTests.Integration.SchemaController_Codeium_Tests" name="CreateSchema_ThrowsException_ReturnsInternalServerError" />
    </UnitTest>
    <UnitTest name="Dft.DTRO.Tests.ServicesTests.Validations.RateLineCollectionValidationServiceTests.ValidateRateLineCollectionMaxTime(conditionType: &quot;ConditionSet&quot;, maxTime: 1, errorCount: 0)" storage="c:\users\belgp3\onedrive - pa consulting group\documents\work\code\pa\clients\dft\dft-dtro-beta\src\dft.dtro.tests\bin\debug\net8.0\dft.dtro.tests.dll" id="b028f6a7-17b2-aa7c-dfdb-0889f623f263">
      <Execution id="9270d562-6b79-4b3b-a0ec-1ef6e0e6b608" />
      <TestMethod codeBase="C:\Users\BELGP3\OneDrive - PA Consulting Group\Documents\Work\Code\PA\Clients\DfT\dft-dtro-beta\Src\Dft.DTRO.Tests\bin\Debug\net8.0\Dft.DTRO.Tests.dll" adapterTypeName="executor://xunit/VsTestRunner3/netcore/" className="Dft.DTRO.Tests.ServicesTests.Validations.RateLineCollectionValidationServiceTests" name="ValidateRateLineCollectionMaxTime" />
    </UnitTest>
    <UnitTest name="Dft.DTRO.Tests.ServicesTests.Validations.RateLineValidationServiceTests.ValidateRateLineRateUsageConditionType(conditionType: &quot;Condition&quot;, usageCondition: &quot;&quot;, errorCount: 1)" storage="c:\users\belgp3\onedrive - pa consulting group\documents\work\code\pa\clients\dft\dft-dtro-beta\src\dft.dtro.tests\bin\debug\net8.0\dft.dtro.tests.dll" id="b2447340-d774-7aee-df16-3659d952e1b1">
      <Execution id="09eb086e-9bd2-40d9-8d8d-3401c93d54f3" />
      <TestMethod codeBase="C:\Users\BELGP3\OneDrive - PA Consulting Group\Documents\Work\Code\PA\Clients\DfT\dft-dtro-beta\Src\Dft.DTRO.Tests\bin\Debug\net8.0\Dft.DTRO.Tests.dll" adapterTypeName="executor://xunit/VsTestRunner3/netcore/" className="Dft.DTRO.Tests.ServicesTests.Validations.RateLineValidationServiceTests" name="ValidateRateLineRateUsageConditionType" />
    </UnitTest>
    <UnitTest name="DfT.DTRO.Tests.CodeiumTests.Integration.DTROsController_Codeium_Tests.CreateDtro_UnexpectedException_ReturnsInternalServerError" storage="c:\users\belgp3\onedrive - pa consulting group\documents\work\code\pa\clients\dft\dft-dtro-beta\src\dft.dtro.tests\bin\debug\net8.0\dft.dtro.tests.dll" id="58b7b539-1359-0b2b-d37b-ca7e7d393719">
      <Execution id="8022c09f-e11f-48ce-8716-a698a0adb0e8" />
      <TestMethod codeBase="C:\Users\BELGP3\OneDrive - PA Consulting Group\Documents\Work\Code\PA\Clients\DfT\dft-dtro-beta\Src\Dft.DTRO.Tests\bin\Debug\net8.0\Dft.DTRO.Tests.dll" adapterTypeName="executor://xunit/VsTestRunner3/netcore/" className="DfT.DTRO.Tests.CodeiumTests.Integration.DTROsController_Codeium_Tests" name="CreateDtro_UnexpectedException_ReturnsInternalServerError" />
    </UnitTest>
    <UnitTest name="Dft.DTRO.Tests.ServicesTests.Validations.RegulationValidationTests.ValidateGeneralRegulationRegulationType(regulationType: &quot;miscTemporaryParkingRestriction&quot;, errorCount: 0)" storage="c:\users\belgp3\onedrive - pa consulting group\documents\work\code\pa\clients\dft\dft-dtro-beta\src\dft.dtro.tests\bin\debug\net8.0\dft.dtro.tests.dll" id="0f5f46b7-ed1f-3c82-c28a-a5bbcc372818">
      <Execution id="4ae6bcad-3203-4343-8599-83d5ba061696" />
      <TestMethod codeBase="C:\Users\BELGP3\OneDrive - PA Consulting Group\Documents\Work\Code\PA\Clients\DfT\dft-dtro-beta\Src\Dft.DTRO.Tests\bin\Debug\net8.0\Dft.DTRO.Tests.dll" adapterTypeName="executor://xunit/VsTestRunner3/netcore/" className="Dft.DTRO.Tests.ServicesTests.Validations.RegulationValidationTests" name="ValidateGeneralRegulationRegulationType" />
    </UnitTest>
    <UnitTest name="DfT.DTRO.Tests.CodeiumTests.Integration.SchemaController_Codeium_Tests.GetSchemas_ReturnsOk_WhenTemplatesExist" storage="c:\users\belgp3\onedrive - pa consulting group\documents\work\code\pa\clients\dft\dft-dtro-beta\src\dft.dtro.tests\bin\debug\net8.0\dft.dtro.tests.dll" id="eb161d30-b9a2-910c-8445-4692c75e059a">
      <Execution id="0835a16d-f5ed-43cb-8178-71ae27de8285" />
      <TestMethod codeBase="C:\Users\BELGP3\OneDrive - PA Consulting Group\Documents\Work\Code\PA\Clients\DfT\dft-dtro-beta\Src\Dft.DTRO.Tests\bin\Debug\net8.0\Dft.DTRO.Tests.dll" adapterTypeName="executor://xunit/VsTestRunner3/netcore/" className="DfT.DTRO.Tests.CodeiumTests.Integration.SchemaController_Codeium_Tests" name="GetSchemas_ReturnsOk_WhenTemplatesExist" />
    </UnitTest>
    <UnitTest name="DfT.DTRO.Tests.CodeiumTests.Integration.SchemaController_Codeium_Tests.GetSchema_ReturnsInternalServerErrorResult" storage="c:\users\belgp3\onedrive - pa consulting group\documents\work\code\pa\clients\dft\dft-dtro-beta\src\dft.dtro.tests\bin\debug\net8.0\dft.dtro.tests.dll" id="e43760f3-fe72-d307-3cfd-f7abcd1380f3">
      <Execution id="17066263-b4d2-45d1-bdeb-4256ee5ac77c" />
      <TestMethod codeBase="C:\Users\BELGP3\OneDrive - PA Consulting Group\Documents\Work\Code\PA\Clients\DfT\dft-dtro-beta\Src\Dft.DTRO.Tests\bin\Debug\net8.0\Dft.DTRO.Tests.dll" adapterTypeName="executor://xunit/VsTestRunner3/netcore/" className="DfT.DTRO.Tests.CodeiumTests.Integration.SchemaController_Codeium_Tests" name="GetSchema_ReturnsInternalServerErrorResult" />
    </UnitTest>
    <UnitTest name="Dft.DTRO.Tests.ServicesTests.Validations.RateLineValidationServiceTests.ValidateRateLineMinAndMaxValue(conditionType: &quot;Condition&quot;, value: 1.01, errorCount: 0)" storage="c:\users\belgp3\onedrive - pa consulting group\documents\work\code\pa\clients\dft\dft-dtro-beta\src\dft.dtro.tests\bin\debug\net8.0\dft.dtro.tests.dll" id="8867a1ea-b5b0-abf8-8feb-a781f35262f3">
      <Execution id="b97f0e4c-0585-4439-85ed-5f926f758f57" />
      <TestMethod codeBase="C:\Users\BELGP3\OneDrive - PA Consulting Group\Documents\Work\Code\PA\Clients\DfT\dft-dtro-beta\Src\Dft.DTRO.Tests\bin\Debug\net8.0\Dft.DTRO.Tests.dll" adapterTypeName="executor://xunit/VsTestRunner3/netcore/" className="Dft.DTRO.Tests.ServicesTests.Validations.RateLineValidationServiceTests" name="ValidateRateLineMinAndMaxValue" />
    </UnitTest>
    <UnitTest name="Dft.DTRO.Tests.ServicesTests.Validations.JsonLogicValidationTests.DisallowHeightCharacteristicInvalidForRegulationTypeDimensionMaximumHeightWithTro" storage="c:\users\belgp3\onedrive - pa consulting group\documents\work\code\pa\clients\dft\dft-dtro-beta\src\dft.dtro.tests\bin\debug\net8.0\dft.dtro.tests.dll" id="86f999aa-9ba8-c9d3-01e3-ef9686a88023">
      <Execution id="86794800-bcb9-445f-9ddc-fe58b59e709f" />
      <TestMethod codeBase="C:\Users\BELGP3\OneDrive - PA Consulting Group\Documents\Work\Code\PA\Clients\DfT\dft-dtro-beta\Src\Dft.DTRO.Tests\bin\Debug\net8.0\Dft.DTRO.Tests.dll" adapterTypeName="executor://xunit/VsTestRunner3/netcore/" className="Dft.DTRO.Tests.ServicesTests.Validations.JsonLogicValidationTests" name="DisallowHeightCharacteristicInvalidForRegulationTypeDimensionMaximumHeightWithTro" />
    </UnitTest>
    <UnitTest name="Dft.DTRO.Tests.ServicesTests.Validations.RateLineCollectionValidationServiceTests.ValidateRateLineCollectionMinTime(conditionType: &quot;Condition&quot;, minTime: 0, errorCount: 1)" storage="c:\users\belgp3\onedrive - pa consulting group\documents\work\code\pa\clients\dft\dft-dtro-beta\src\dft.dtro.tests\bin\debug\net8.0\dft.dtro.tests.dll" id="149d90b1-87f3-e24d-ddb6-df271a8a4a44">
      <Execution id="5f12a0e0-18ab-4808-b89c-2cfc7c09d2b1" />
      <TestMethod codeBase="C:\Users\BELGP3\OneDrive - PA Consulting Group\Documents\Work\Code\PA\Clients\DfT\dft-dtro-beta\Src\Dft.DTRO.Tests\bin\Debug\net8.0\Dft.DTRO.Tests.dll" adapterTypeName="executor://xunit/VsTestRunner3/netcore/" className="Dft.DTRO.Tests.ServicesTests.Validations.RateLineCollectionValidationServiceTests" name="ValidateRateLineCollectionMinTime" />
    </UnitTest>
    <UnitTest name="Dft.DTRO.Tests.ServicesTests.Validations.SemanticValidationServiceTests.AllowsCoordinatesWithinDirectedLinearGeometry(version: &quot;3.2.4&quot;)" storage="c:\users\belgp3\onedrive - pa consulting group\documents\work\code\pa\clients\dft\dft-dtro-beta\src\dft.dtro.tests\bin\debug\net8.0\dft.dtro.tests.dll" id="2228b57a-4b43-fafe-1333-ebfb7460a795">
      <Execution id="b758ed42-fb62-4620-912b-e5a6db5f259b" />
      <TestMethod codeBase="C:\Users\BELGP3\OneDrive - PA Consulting Group\Documents\Work\Code\PA\Clients\DfT\dft-dtro-beta\Src\Dft.DTRO.Tests\bin\Debug\net8.0\Dft.DTRO.Tests.dll" adapterTypeName="executor://xunit/VsTestRunner3/netcore/" className="Dft.DTRO.Tests.ServicesTests.Validations.SemanticValidationServiceTests" name="AllowsCoordinatesWithinDirectedLinearGeometry" />
    </UnitTest>
    <UnitTest name="ApplicationControllerTests.GetApplicationsValidUserReturnsOk" storage="c:\users\belgp3\onedrive - pa consulting group\documents\work\code\pa\clients\dft\dft-dtro-beta\src\dft.dtro.tests\bin\debug\net8.0\dft.dtro.tests.dll" id="19bbb926-1520-0b26-c383-44a7495d44a0">
      <Execution id="cf4ba72a-3a19-421e-b956-0deaf9adbe09" />
      <TestMethod codeBase="C:\Users\BELGP3\OneDrive - PA Consulting Group\Documents\Work\Code\PA\Clients\DfT\dft-dtro-beta\Src\Dft.DTRO.Tests\bin\Debug\net8.0\Dft.DTRO.Tests.dll" adapterTypeName="executor://xunit/VsTestRunner3/netcore/" className="ApplicationControllerTests" name="GetApplicationsValidUserReturnsOk" />
    </UnitTest>
    <UnitTest name="Dft.DTRO.Tests.ServicesTests.Validations.ConditionValidationServiceTests.ValidateConditionReturnsNoErrorsWhenConditionSetIsPresent" storage="c:\users\belgp3\onedrive - pa consulting group\documents\work\code\pa\clients\dft\dft-dtro-beta\src\dft.dtro.tests\bin\debug\net8.0\dft.dtro.tests.dll" id="4d653019-3ce4-aff3-2466-29c202d955d2">
      <Execution id="8a618af9-112a-4085-a3da-29c11241967f" />
      <TestMethod codeBase="C:\Users\BELGP3\OneDrive - PA Consulting Group\Documents\Work\Code\PA\Clients\DfT\dft-dtro-beta\Src\Dft.DTRO.Tests\bin\Debug\net8.0\Dft.DTRO.Tests.dll" adapterTypeName="executor://xunit/VsTestRunner3/netcore/" className="Dft.DTRO.Tests.ServicesTests.Validations.ConditionValidationServiceTests" name="ValidateConditionReturnsNoErrorsWhenConditionSetIsPresent" />
    </UnitTest>
    <UnitTest name="Dft.DTRO.Tests.UnitTests.Proj4SpatialProjectionTests.CoordinateProjection_ProducesResultsWithinErrorMargin(longitude: 1.78, latitude: 60.840000000000003, expectedLongitude: 605500.21827800001, expectedLatitude: 1223378.4826372999)" storage="c:\users\belgp3\onedrive - pa consulting group\documents\work\code\pa\clients\dft\dft-dtro-beta\src\dft.dtro.tests\bin\debug\net8.0\dft.dtro.tests.dll" id="e14df138-6d0c-0038-3a0e-dc3c41eddbd3">
      <Execution id="933137bd-161d-4a19-a9af-42da9dbf0aa1" />
      <TestMethod codeBase="C:\Users\BELGP3\OneDrive - PA Consulting Group\Documents\Work\Code\PA\Clients\DfT\dft-dtro-beta\Src\Dft.DTRO.Tests\bin\Debug\net8.0\Dft.DTRO.Tests.dll" adapterTypeName="executor://xunit/VsTestRunner3/netcore/" className="Dft.DTRO.Tests.UnitTests.Proj4SpatialProjectionTests" name="CoordinateProjection_ProducesResultsWithinErrorMargin" />
    </UnitTest>
    <UnitTest name="Dft.DTRO.Tests.CodeiumTests.Metrics.Service.MetricsServiceTests.GetMetricsForTra_InvalidTraId_ReturnsNull" storage="c:\users\belgp3\onedrive - pa consulting group\documents\work\code\pa\clients\dft\dft-dtro-beta\src\dft.dtro.tests\bin\debug\net8.0\dft.dtro.tests.dll" id="66c898e9-7c11-a046-a91e-0fd6ccc8277a">
      <Execution id="c720b27b-25e7-4019-bbb0-25e80f3f3d5d" />
      <TestMethod codeBase="C:\Users\BELGP3\OneDrive - PA Consulting Group\Documents\Work\Code\PA\Clients\DfT\dft-dtro-beta\Src\Dft.DTRO.Tests\bin\Debug\net8.0\Dft.DTRO.Tests.dll" adapterTypeName="executor://xunit/VsTestRunner3/netcore/" className="Dft.DTRO.Tests.CodeiumTests.Metrics.Service.MetricsServiceTests" name="GetMetricsForTra_InvalidTraId_ReturnsNull" />
    </UnitTest>
    <UnitTest name="Dft.DTRO.Tests.ServicesTests.Validations.RegulationValidationTests.ValidateSpeedLimitValueBasedSpeedValue(mphValue: 20, errorCount: 0)" storage="c:\users\belgp3\onedrive - pa consulting group\documents\work\code\pa\clients\dft\dft-dtro-beta\src\dft.dtro.tests\bin\debug\net8.0\dft.dtro.tests.dll" id="b54b5292-b5ae-21bb-befb-b0ab07043988">
      <Execution id="192ebf1f-fc20-4805-8156-1093854ed3f2" />
      <TestMethod codeBase="C:\Users\BELGP3\OneDrive - PA Consulting Group\Documents\Work\Code\PA\Clients\DfT\dft-dtro-beta\Src\Dft.DTRO.Tests\bin\Debug\net8.0\Dft.DTRO.Tests.dll" adapterTypeName="executor://xunit/VsTestRunner3/netcore/" className="Dft.DTRO.Tests.ServicesTests.Validations.RegulationValidationTests" name="ValidateSpeedLimitValueBasedSpeedValue" />
    </UnitTest>
    <UnitTest name="Dft.DTRO.Tests.ServicesTests.Validations.RegulationValidationTests.ValidateGeneralRegulationRegulationType(regulationType: &quot;kerbsidePermitParkingArea&quot;, errorCount: 0)" storage="c:\users\belgp3\onedrive - pa consulting group\documents\work\code\pa\clients\dft\dft-dtro-beta\src\dft.dtro.tests\bin\debug\net8.0\dft.dtro.tests.dll" id="a9ff0191-6b91-6b32-8fd1-10387c6d8795">
      <Execution id="38db1ab2-69bf-43b1-b638-c8b57f8a157f" />
      <TestMethod codeBase="C:\Users\BELGP3\OneDrive - PA Consulting Group\Documents\Work\Code\PA\Clients\DfT\dft-dtro-beta\Src\Dft.DTRO.Tests\bin\Debug\net8.0\Dft.DTRO.Tests.dll" adapterTypeName="executor://xunit/VsTestRunner3/netcore/" className="Dft.DTRO.Tests.ServicesTests.Validations.RegulationValidationTests" name="ValidateGeneralRegulationRegulationType" />
    </UnitTest>
    <UnitTest name="Dft.DTRO.Tests.ServicesTests.Validations.SemanticValidationServiceTests.AllowsCoordinatesWithinPolygon(version: &quot;3.3.0&quot;)" storage="c:\users\belgp3\onedrive - pa consulting group\documents\work\code\pa\clients\dft\dft-dtro-beta\src\dft.dtro.tests\bin\debug\net8.0\dft.dtro.tests.dll" id="d503a686-6a04-21a5-1f20-0b45dd701ab1">
      <Execution id="c1e7eac1-4279-4a3b-ac1c-d93c6427576b" />
      <TestMethod codeBase="C:\Users\BELGP3\OneDrive - PA Consulting Group\Documents\Work\Code\PA\Clients\DfT\dft-dtro-beta\Src\Dft.DTRO.Tests\bin\Debug\net8.0\Dft.DTRO.Tests.dll" adapterTypeName="executor://xunit/VsTestRunner3/netcore/" className="Dft.DTRO.Tests.ServicesTests.Validations.SemanticValidationServiceTests" name="AllowsCoordinatesWithinPolygon" />
    </UnitTest>
    <UnitTest name="Dft.DTRO.Tests.ServicesTests.Validations.GeometryValidationServiceTests.ValidateLinearGeometryVersion(version: 1, schemaVersion: &quot;3.3.0&quot;, errorCount: 0)" storage="c:\users\belgp3\onedrive - pa consulting group\documents\work\code\pa\clients\dft\dft-dtro-beta\src\dft.dtro.tests\bin\debug\net8.0\dft.dtro.tests.dll" id="81b86f5c-6dae-6f3d-6951-da766b19e26a">
      <Execution id="5a5ad17f-741c-4c35-bb02-b06698f9b2bd" />
      <TestMethod codeBase="C:\Users\BELGP3\OneDrive - PA Consulting Group\Documents\Work\Code\PA\Clients\DfT\dft-dtro-beta\Src\Dft.DTRO.Tests\bin\Debug\net8.0\Dft.DTRO.Tests.dll" adapterTypeName="executor://xunit/VsTestRunner3/netcore/" className="Dft.DTRO.Tests.ServicesTests.Validations.GeometryValidationServiceTests" name="ValidateLinearGeometryVersion" />
    </UnitTest>
    <UnitTest name="Dft.DTRO.Tests.ServicesTests.Validations.UniqueStreetReferenceNumberValidationServiceTests.ValidateUniqueStreetReferenceNumberMultipleSimilarUsrn" storage="c:\users\belgp3\onedrive - pa consulting group\documents\work\code\pa\clients\dft\dft-dtro-beta\src\dft.dtro.tests\bin\debug\net8.0\dft.dtro.tests.dll" id="bd526214-b651-2179-99c3-a5fdf10af759">
      <Execution id="d7ca90df-fc07-4f79-bebd-bf225c7f504f" />
      <TestMethod codeBase="C:\Users\BELGP3\OneDrive - PA Consulting Group\Documents\Work\Code\PA\Clients\DfT\dft-dtro-beta\Src\Dft.DTRO.Tests\bin\Debug\net8.0\Dft.DTRO.Tests.dll" adapterTypeName="executor://xunit/VsTestRunner3/netcore/" className="Dft.DTRO.Tests.ServicesTests.Validations.UniqueStreetReferenceNumberValidationServiceTests" name="ValidateUniqueStreetReferenceNumberMultipleSimilarUsrn" />
    </UnitTest>
    <UnitTest name="Dft.DTRO.Tests.CodeiumTests.Metrics.Controller.MetricsControllerTests.HealthDatabase_ReturnsStatusCode500_OnException" storage="c:\users\belgp3\onedrive - pa consulting group\documents\work\code\pa\clients\dft\dft-dtro-beta\src\dft.dtro.tests\bin\debug\net8.0\dft.dtro.tests.dll" id="082a2181-e386-d807-0758-be17984275ec">
      <Execution id="83fe7b17-4191-48cf-bc6e-ab7cdf2ad3fc" />
      <TestMethod codeBase="C:\Users\BELGP3\OneDrive - PA Consulting Group\Documents\Work\Code\PA\Clients\DfT\dft-dtro-beta\Src\Dft.DTRO.Tests\bin\Debug\net8.0\Dft.DTRO.Tests.dll" adapterTypeName="executor://xunit/VsTestRunner3/netcore/" className="Dft.DTRO.Tests.CodeiumTests.Metrics.Controller.MetricsControllerTests" name="HealthDatabase_ReturnsStatusCode500_OnException" />
    </UnitTest>
    <UnitTest name="Dft.DTRO.Tests.ServicesTests.Validations.RateLineCollectionValidationServiceTests.ValidateRateLineCollectionMaxValueCollection(conditionType: &quot;ConditionSet&quot;, maxValueCollection: 20.989999999999998, errorCount: 0)" storage="c:\users\belgp3\onedrive - pa consulting group\documents\work\code\pa\clients\dft\dft-dtro-beta\src\dft.dtro.tests\bin\debug\net8.0\dft.dtro.tests.dll" id="14d1873e-2f26-a69e-881e-410157090e2c">
      <Execution id="e93199c9-e992-4776-bcb2-d28272a4d83c" />
      <TestMethod codeBase="C:\Users\BELGP3\OneDrive - PA Consulting Group\Documents\Work\Code\PA\Clients\DfT\dft-dtro-beta\Src\Dft.DTRO.Tests\bin\Debug\net8.0\Dft.DTRO.Tests.dll" adapterTypeName="executor://xunit/VsTestRunner3/netcore/" className="Dft.DTRO.Tests.ServicesTests.Validations.RateLineCollectionValidationServiceTests" name="ValidateRateLineCollectionMaxValueCollection" />
    </UnitTest>
    <UnitTest name="Dft.DTRO.Tests.ControllerTests.DTROsControllerTests.CreateFromFileReturnsCreated" storage="c:\users\belgp3\onedrive - pa consulting group\documents\work\code\pa\clients\dft\dft-dtro-beta\src\dft.dtro.tests\bin\debug\net8.0\dft.dtro.tests.dll" id="e7ac9988-7621-552a-c7ef-2f5d687cb30f">
      <Execution id="160426d8-c9ba-4abd-90a5-12e5c0b8efeb" />
      <TestMethod codeBase="C:\Users\BELGP3\OneDrive - PA Consulting Group\Documents\Work\Code\PA\Clients\DfT\dft-dtro-beta\Src\Dft.DTRO.Tests\bin\Debug\net8.0\Dft.DTRO.Tests.dll" adapterTypeName="executor://xunit/VsTestRunner3/netcore/" className="Dft.DTRO.Tests.ControllerTests.DTROsControllerTests" name="CreateFromFileReturnsCreated" />
    </UnitTest>
    <UnitTest name="Dft.DTRO.Tests.DALTests.ApplicationDalTests.GetApplicationDetailsShouldReturnApplicationDetailsWhenAppExists" storage="c:\users\belgp3\onedrive - pa consulting group\documents\work\code\pa\clients\dft\dft-dtro-beta\src\dft.dtro.tests\bin\debug\net8.0\dft.dtro.tests.dll" id="44c718a5-82e3-c72b-ddba-13ca54278770">
      <Execution id="43a7ef79-eff5-4160-8681-a62f924e24b2" />
      <TestMethod codeBase="C:\Users\BELGP3\OneDrive - PA Consulting Group\Documents\Work\Code\PA\Clients\DfT\dft-dtro-beta\Src\Dft.DTRO.Tests\bin\Debug\net8.0\Dft.DTRO.Tests.dll" adapterTypeName="executor://xunit/VsTestRunner3/netcore/" className="Dft.DTRO.Tests.DALTests.ApplicationDalTests" name="GetApplicationDetailsShouldReturnApplicationDetailsWhenAppExists" />
    </UnitTest>
    <UnitTest name="Dft.DTRO.Tests.CodeiumTests.Users.Controller.UserControllerSearchSwaCodesTests.SearchSwaCodes_ReturnsOk_WithListOfSwaCodeResponse" storage="c:\users\belgp3\onedrive - pa consulting group\documents\work\code\pa\clients\dft\dft-dtro-beta\src\dft.dtro.tests\bin\debug\net8.0\dft.dtro.tests.dll" id="38351467-d512-261e-97b3-9069d023da67">
      <Execution id="3f0763e1-3b79-4192-8ff3-96cf024b7454" />
      <TestMethod codeBase="C:\Users\BELGP3\OneDrive - PA Consulting Group\Documents\Work\Code\PA\Clients\DfT\dft-dtro-beta\Src\Dft.DTRO.Tests\bin\Debug\net8.0\Dft.DTRO.Tests.dll" adapterTypeName="executor://xunit/VsTestRunner3/netcore/" className="Dft.DTRO.Tests.CodeiumTests.Users.Controller.UserControllerSearchSwaCodesTests" name="SearchSwaCodes_ReturnsOk_WithListOfSwaCodeResponse" />
    </UnitTest>
    <UnitTest name="Dft.DTRO.Tests.ServicesTests.Validations.RegulationValidationTests.ValidateGeneralRegulationRegulationType(regulationType: &quot;kerbsideRuralClearway&quot;, errorCount: 0)" storage="c:\users\belgp3\onedrive - pa consulting group\documents\work\code\pa\clients\dft\dft-dtro-beta\src\dft.dtro.tests\bin\debug\net8.0\dft.dtro.tests.dll" id="457df2d6-9c74-7626-6918-e490c47af6cc">
      <Execution id="0fe6c6bb-9a82-482d-a8cd-86e082977072" />
      <TestMethod codeBase="C:\Users\BELGP3\OneDrive - PA Consulting Group\Documents\Work\Code\PA\Clients\DfT\dft-dtro-beta\Src\Dft.DTRO.Tests\bin\Debug\net8.0\Dft.DTRO.Tests.dll" adapterTypeName="executor://xunit/VsTestRunner3/netcore/" className="Dft.DTRO.Tests.ServicesTests.Validations.RegulationValidationTests" name="ValidateGeneralRegulationRegulationType" />
    </UnitTest>
    <UnitTest name="Dft.DTRO.Tests.ServicesTests.Validations.ProvisionValidationServiceTests.ValidateProvisionOrderReportingPointTypeForSchema330(orderReportingPointType: &quot;permanentRevocation&quot;, errorCount: 0)" storage="c:\users\belgp3\onedrive - pa consulting group\documents\work\code\pa\clients\dft\dft-dtro-beta\src\dft.dtro.tests\bin\debug\net8.0\dft.dtro.tests.dll" id="e1463bf1-00fa-a759-409e-18aba5686603">
      <Execution id="4e63ddff-2c22-4e99-a86a-ed177340459f" />
      <TestMethod codeBase="C:\Users\BELGP3\OneDrive - PA Consulting Group\Documents\Work\Code\PA\Clients\DfT\dft-dtro-beta\Src\Dft.DTRO.Tests\bin\Debug\net8.0\Dft.DTRO.Tests.dll" adapterTypeName="executor://xunit/VsTestRunner3/netcore/" className="Dft.DTRO.Tests.ServicesTests.Validations.ProvisionValidationServiceTests" name="ValidateProvisionOrderReportingPointTypeForSchema330" />
    </UnitTest>
    <UnitTest name="Dft.DTRO.Tests.ServicesTests.Validations.GeometryValidationServiceTests.ValidateLinearGeometryRepresentation(representation: &quot;representingZone&quot;, schemaVersion: &quot;3.3.0&quot;, errorCount: 0)" storage="c:\users\belgp3\onedrive - pa consulting group\documents\work\code\pa\clients\dft\dft-dtro-beta\src\dft.dtro.tests\bin\debug\net8.0\dft.dtro.tests.dll" id="de4b9e95-c824-1b8c-444e-6dcfb596c18e">
      <Execution id="911e43ce-3307-485c-a004-4367eb7f0152" />
      <TestMethod codeBase="C:\Users\BELGP3\OneDrive - PA Consulting Group\Documents\Work\Code\PA\Clients\DfT\dft-dtro-beta\Src\Dft.DTRO.Tests\bin\Debug\net8.0\Dft.DTRO.Tests.dll" adapterTypeName="executor://xunit/VsTestRunner3/netcore/" className="Dft.DTRO.Tests.ServicesTests.Validations.GeometryValidationServiceTests" name="ValidateLinearGeometryRepresentation" />
    </UnitTest>
    <UnitTest name="Dft.DTRO.Tests.ServicesTests.Validations.SourceValidationServiceTests.ValidateSourceTraCreator(version: &quot;3.2.4&quot;, traCode: 1050, errorCount: 0)" storage="c:\users\belgp3\onedrive - pa consulting group\documents\work\code\pa\clients\dft\dft-dtro-beta\src\dft.dtro.tests\bin\debug\net8.0\dft.dtro.tests.dll" id="30a7878d-7e86-65d9-dbcc-337be3e8fb00">
      <Execution id="5d633e67-eda5-4082-9334-232a0694283d" />
      <TestMethod codeBase="C:\Users\BELGP3\OneDrive - PA Consulting Group\Documents\Work\Code\PA\Clients\DfT\dft-dtro-beta\Src\Dft.DTRO.Tests\bin\Debug\net8.0\Dft.DTRO.Tests.dll" adapterTypeName="executor://xunit/VsTestRunner3/netcore/" className="Dft.DTRO.Tests.ServicesTests.Validations.SourceValidationServiceTests" name="ValidateSourceTraCreator" />
    </UnitTest>
    <UnitTest name="Dft.DTRO.Tests.ServicesTests.Validations.JsonLogicValidationTests.AllowGrossWeightCharacteristicValidForRegulationTypes(regulationType: &quot;dimensionMaximumWeightStructural&quot;)" storage="c:\users\belgp3\onedrive - pa consulting group\documents\work\code\pa\clients\dft\dft-dtro-beta\src\dft.dtro.tests\bin\debug\net8.0\dft.dtro.tests.dll" id="1dca3f2c-8fe4-5aac-e21a-086a711e7314">
      <Execution id="d0f82217-f362-4028-9ce4-e496367f9126" />
      <TestMethod codeBase="C:\Users\BELGP3\OneDrive - PA Consulting Group\Documents\Work\Code\PA\Clients\DfT\dft-dtro-beta\Src\Dft.DTRO.Tests\bin\Debug\net8.0\Dft.DTRO.Tests.dll" adapterTypeName="executor://xunit/VsTestRunner3/netcore/" className="Dft.DTRO.Tests.ServicesTests.Validations.JsonLogicValidationTests" name="AllowGrossWeightCharacteristicValidForRegulationTypes" />
    </UnitTest>
    <UnitTest name="Dft.DTRO.Tests.ControllerTests.DTROsControllerTests.UpdateFromFileThrowDtroValidationException" storage="c:\users\belgp3\onedrive - pa consulting group\documents\work\code\pa\clients\dft\dft-dtro-beta\src\dft.dtro.tests\bin\debug\net8.0\dft.dtro.tests.dll" id="7a5838d7-c286-bd67-7d86-699d62eb3f5d">
      <Execution id="02d4521f-6b87-4a76-b07d-cec3a073d76d" />
      <TestMethod codeBase="C:\Users\BELGP3\OneDrive - PA Consulting Group\Documents\Work\Code\PA\Clients\DfT\dft-dtro-beta\Src\Dft.DTRO.Tests\bin\Debug\net8.0\Dft.DTRO.Tests.dll" adapterTypeName="executor://xunit/VsTestRunner3/netcore/" className="Dft.DTRO.Tests.ControllerTests.DTROsControllerTests" name="UpdateFromFileThrowDtroValidationException" />
    </UnitTest>
    <UnitTest name="Dft.DTRO.Tests.ServicesTests.Validations.RateLineCollectionValidationServiceTests.ValidateRateLineCollectionResetTime(conditionType: &quot;Condition&quot;, resetTime: &quot;24:00:00&quot;, errorCount: 1)" storage="c:\users\belgp3\onedrive - pa consulting group\documents\work\code\pa\clients\dft\dft-dtro-beta\src\dft.dtro.tests\bin\debug\net8.0\dft.dtro.tests.dll" id="c7dcdf51-041e-c48b-45c4-1eee0a929682">
      <Execution id="04757ae0-5f8b-45c8-8d65-8814f7a1615f" />
      <TestMethod codeBase="C:\Users\BELGP3\OneDrive - PA Consulting Group\Documents\Work\Code\PA\Clients\DfT\dft-dtro-beta\Src\Dft.DTRO.Tests\bin\Debug\net8.0\Dft.DTRO.Tests.dll" adapterTypeName="executor://xunit/VsTestRunner3/netcore/" className="Dft.DTRO.Tests.ServicesTests.Validations.RateLineCollectionValidationServiceTests" name="ValidateRateLineCollectionResetTime" />
    </UnitTest>
    <UnitTest name="Dft.DTRO.Tests.ServicesTests.Validations.SourceValidationServiceTests.ValidateSourceActionType(version: &quot;3.2.4&quot;, actionType: &quot;new&quot;, traCode: 1050, errorCount: 0)" storage="c:\users\belgp3\onedrive - pa consulting group\documents\work\code\pa\clients\dft\dft-dtro-beta\src\dft.dtro.tests\bin\debug\net8.0\dft.dtro.tests.dll" id="d3441655-e0b4-46e3-f90d-5699ebd07e4f">
      <Execution id="ab7e23f1-a7c3-4ad1-94ef-a30ab69e4b4e" />
      <TestMethod codeBase="C:\Users\BELGP3\OneDrive - PA Consulting Group\Documents\Work\Code\PA\Clients\DfT\dft-dtro-beta\Src\Dft.DTRO.Tests\bin\Debug\net8.0\Dft.DTRO.Tests.dll" adapterTypeName="executor://xunit/VsTestRunner3/netcore/" className="Dft.DTRO.Tests.ServicesTests.Validations.SourceValidationServiceTests" name="ValidateSourceActionType" />
    </UnitTest>
    <UnitTest name="Dft.DTRO.Tests.ServicesTests.DTROs.GetDtrosTests.GetDtrosAsyncReturnsNoRecords" storage="c:\users\belgp3\onedrive - pa consulting group\documents\work\code\pa\clients\dft\dft-dtro-beta\src\dft.dtro.tests\bin\debug\net8.0\dft.dtro.tests.dll" id="4240ae15-7000-e069-48a9-8f8132e50705">
      <Execution id="79fb48a6-8e86-409f-92c8-5eec1527bf48" />
      <TestMethod codeBase="C:\Users\BELGP3\OneDrive - PA Consulting Group\Documents\Work\Code\PA\Clients\DfT\dft-dtro-beta\Src\Dft.DTRO.Tests\bin\Debug\net8.0\Dft.DTRO.Tests.dll" adapterTypeName="executor://xunit/VsTestRunner3/netcore/" className="Dft.DTRO.Tests.ServicesTests.DTROs.GetDtrosTests" name="GetDtrosAsyncReturnsNoRecords" />
    </UnitTest>
    <UnitTest name="Dft.DTRO.Tests.ServicesTests.Validations.ExternalReferenceValidationServiceTests.ValidatedExternalReferenceLastUpdatedDate(lastUpdateDate: &quot;2034-01-01T00:00:00&quot;, version: &quot;3.3.0&quot;, errorCount: 1)" storage="c:\users\belgp3\onedrive - pa consulting group\documents\work\code\pa\clients\dft\dft-dtro-beta\src\dft.dtro.tests\bin\debug\net8.0\dft.dtro.tests.dll" id="e4943429-5f2c-1e44-c8a5-6c44e87109e2">
      <Execution id="2ffe7e25-2b54-4c4a-b6ad-746e7d337fbb" />
      <TestMethod codeBase="C:\Users\BELGP3\OneDrive - PA Consulting Group\Documents\Work\Code\PA\Clients\DfT\dft-dtro-beta\Src\Dft.DTRO.Tests\bin\Debug\net8.0\Dft.DTRO.Tests.dll" adapterTypeName="executor://xunit/VsTestRunner3/netcore/" className="Dft.DTRO.Tests.ServicesTests.Validations.ExternalReferenceValidationServiceTests" name="ValidatedExternalReferenceLastUpdatedDate" />
    </UnitTest>
    <UnitTest name="Dft.DTRO.Tests.UnitTests.MappingServiceTests.GetSource_Returns_DtroHistoryResponse" storage="c:\users\belgp3\onedrive - pa consulting group\documents\work\code\pa\clients\dft\dft-dtro-beta\src\dft.dtro.tests\bin\debug\net8.0\dft.dtro.tests.dll" id="843b81cb-bdd1-cc9b-f0be-0887632fb2ec">
      <Execution id="e692d287-b2c6-4f9f-a888-3d81741fbc1b" />
      <TestMethod codeBase="C:\Users\BELGP3\OneDrive - PA Consulting Group\Documents\Work\Code\PA\Clients\DfT\dft-dtro-beta\Src\Dft.DTRO.Tests\bin\Debug\net8.0\Dft.DTRO.Tests.dll" adapterTypeName="executor://xunit/VsTestRunner3/netcore/" className="Dft.DTRO.Tests.UnitTests.MappingServiceTests" name="GetSource_Returns_DtroHistoryResponse" />
    </UnitTest>
    <UnitTest name="Dft.DTRO.Tests.ServicesTests.Validations.RateLineValidationServiceTests.ValidateRateLineDuration(conditionType: &quot;ConditionSet&quot;, description: &quot;free text&quot;, errorCount: 0)" storage="c:\users\belgp3\onedrive - pa consulting group\documents\work\code\pa\clients\dft\dft-dtro-beta\src\dft.dtro.tests\bin\debug\net8.0\dft.dtro.tests.dll" id="137641f6-b837-4c25-278f-c113ee60efd9">
      <Execution id="766500b7-ee48-4469-9a7b-cac6ccf18826" />
      <TestMethod codeBase="C:\Users\BELGP3\OneDrive - PA Consulting Group\Documents\Work\Code\PA\Clients\DfT\dft-dtro-beta\Src\Dft.DTRO.Tests\bin\Debug\net8.0\Dft.DTRO.Tests.dll" adapterTypeName="executor://xunit/VsTestRunner3/netcore/" className="Dft.DTRO.Tests.ServicesTests.Validations.RateLineValidationServiceTests" name="ValidateRateLineDuration" />
    </UnitTest>
    <UnitTest name="Dft.DTRO.Tests.ServicesTests.Validations.RateLineValidationServiceTests.ValidateRateLineDurationStart(conditionType: &quot;Condition&quot;, durationStart: 1, errorCount: 0)" storage="c:\users\belgp3\onedrive - pa consulting group\documents\work\code\pa\clients\dft\dft-dtro-beta\src\dft.dtro.tests\bin\debug\net8.0\dft.dtro.tests.dll" id="2985a020-a1bc-1de9-3305-2cc11732ded6">
      <Execution id="056ffc82-4bd4-49ef-b50c-2cf7858cea7a" />
      <TestMethod codeBase="C:\Users\BELGP3\OneDrive - PA Consulting Group\Documents\Work\Code\PA\Clients\DfT\dft-dtro-beta\Src\Dft.DTRO.Tests\bin\Debug\net8.0\Dft.DTRO.Tests.dll" adapterTypeName="executor://xunit/VsTestRunner3/netcore/" className="Dft.DTRO.Tests.ServicesTests.Validations.RateLineValidationServiceTests" name="ValidateRateLineDurationStart" />
    </UnitTest>
    <UnitTest name="Dft.DTRO.Tests.CodeiumTests.Metrics.Service.MetricsServiceTests.CheckDataBase_InvalidConnection_ReturnsFalse" storage="c:\users\belgp3\onedrive - pa consulting group\documents\work\code\pa\clients\dft\dft-dtro-beta\src\dft.dtro.tests\bin\debug\net8.0\dft.dtro.tests.dll" id="b78956aa-a262-4294-0aed-15a8a068c722">
      <Execution id="10e2f1c4-806b-47bd-a5d6-8927e8ad9d5b" />
      <TestMethod codeBase="C:\Users\BELGP3\OneDrive - PA Consulting Group\Documents\Work\Code\PA\Clients\DfT\dft-dtro-beta\Src\Dft.DTRO.Tests\bin\Debug\net8.0\Dft.DTRO.Tests.dll" adapterTypeName="executor://xunit/VsTestRunner3/netcore/" className="Dft.DTRO.Tests.CodeiumTests.Metrics.Service.MetricsServiceTests" name="CheckDataBase_InvalidConnection_ReturnsFalse" />
    </UnitTest>
    <UnitTest name="Dft.DTRO.Tests.CodeiumTests.Users.Controller.UserControllerSearchSwaCodesTests.SearchSwaCodes_ReturnsInternalServerError_WhenExceptionIsThrown" storage="c:\users\belgp3\onedrive - pa consulting group\documents\work\code\pa\clients\dft\dft-dtro-beta\src\dft.dtro.tests\bin\debug\net8.0\dft.dtro.tests.dll" id="c841fa2e-cb12-6175-4469-b105ff4b861e">
      <Execution id="5c33b33b-71f4-4c9f-b848-8d5a22a4386b" />
      <TestMethod codeBase="C:\Users\BELGP3\OneDrive - PA Consulting Group\Documents\Work\Code\PA\Clients\DfT\dft-dtro-beta\Src\Dft.DTRO.Tests\bin\Debug\net8.0\Dft.DTRO.Tests.dll" adapterTypeName="executor://xunit/VsTestRunner3/netcore/" className="Dft.DTRO.Tests.CodeiumTests.Users.Controller.UserControllerSearchSwaCodesTests" name="SearchSwaCodes_ReturnsInternalServerError_WhenExceptionIsThrown" />
    </UnitTest>
    <UnitTest name="Dft.DTRO.Tests.CodeiumTests.Users.Controller.UserControllerCreateFromBodyTests.CreateFromBody_ReturnsBadRequest_WhenInvalidOperationExceptionIsThrown" storage="c:\users\belgp3\onedrive - pa consulting group\documents\work\code\pa\clients\dft\dft-dtro-beta\src\dft.dtro.tests\bin\debug\net8.0\dft.dtro.tests.dll" id="8805f139-aafe-5533-8bd5-acba252697aa">
      <Execution id="00499dcf-b413-475d-b32f-50d3ce95c26a" />
      <TestMethod codeBase="C:\Users\BELGP3\OneDrive - PA Consulting Group\Documents\Work\Code\PA\Clients\DfT\dft-dtro-beta\Src\Dft.DTRO.Tests\bin\Debug\net8.0\Dft.DTRO.Tests.dll" adapterTypeName="executor://xunit/VsTestRunner3/netcore/" className="Dft.DTRO.Tests.CodeiumTests.Users.Controller.UserControllerCreateFromBodyTests" name="CreateFromBody_ReturnsBadRequest_WhenInvalidOperationExceptionIsThrown" />
    </UnitTest>
    <UnitTest name="Dft.DTRO.Tests.ServicesTests.Validations.GeometryValidationTests.ValidateAgainstCurrentSchemaVersionReturnsBoundingBox" storage="c:\users\belgp3\onedrive - pa consulting group\documents\work\code\pa\clients\dft\dft-dtro-beta\src\dft.dtro.tests\bin\debug\net8.0\dft.dtro.tests.dll" id="22a00502-cbda-eaec-78ec-36e4b24e2ea2">
      <Execution id="2228c03d-cb98-4057-947b-27c8a15dda2e" />
      <TestMethod codeBase="C:\Users\BELGP3\OneDrive - PA Consulting Group\Documents\Work\Code\PA\Clients\DfT\dft-dtro-beta\Src\Dft.DTRO.Tests\bin\Debug\net8.0\Dft.DTRO.Tests.dll" adapterTypeName="executor://xunit/VsTestRunner3/netcore/" className="Dft.DTRO.Tests.ServicesTests.Validations.GeometryValidationTests" name="ValidateAgainstCurrentSchemaVersionReturnsBoundingBox" />
    </UnitTest>
    <UnitTest name="Dft.DTRO.Tests.ServicesTests.Validations.SourceValidationServiceTests.ValidateSourceActionType(version: &quot;3.3.0&quot;, actionType: &quot;something&quot;, traCode: 1050, errorCount: 1)" storage="c:\users\belgp3\onedrive - pa consulting group\documents\work\code\pa\clients\dft\dft-dtro-beta\src\dft.dtro.tests\bin\debug\net8.0\dft.dtro.tests.dll" id="c80c7e33-25d0-b68a-2899-eb4622d44790">
      <Execution id="ad4f4bb6-a1d8-41b3-9080-03c7f21a87ce" />
      <TestMethod codeBase="C:\Users\BELGP3\OneDrive - PA Consulting Group\Documents\Work\Code\PA\Clients\DfT\dft-dtro-beta\Src\Dft.DTRO.Tests\bin\Debug\net8.0\Dft.DTRO.Tests.dll" adapterTypeName="executor://xunit/VsTestRunner3/netcore/" className="Dft.DTRO.Tests.ServicesTests.Validations.SourceValidationServiceTests" name="ValidateSourceActionType" />
    </UnitTest>
    <UnitTest name="Dft.DTRO.Tests.ServicesTests.Validations.ElementaryStreetUnitValidationServiceTests.ValidateElementaryStreetUnitEsu(esu: null, errorCount: 1)" storage="c:\users\belgp3\onedrive - pa consulting group\documents\work\code\pa\clients\dft\dft-dtro-beta\src\dft.dtro.tests\bin\debug\net8.0\dft.dtro.tests.dll" id="386a39e7-7bec-cddf-760b-13eac3cda800">
      <Execution id="02065275-2cb1-440e-bac5-9749254c6555" />
      <TestMethod codeBase="C:\Users\BELGP3\OneDrive - PA Consulting Group\Documents\Work\Code\PA\Clients\DfT\dft-dtro-beta\Src\Dft.DTRO.Tests\bin\Debug\net8.0\Dft.DTRO.Tests.dll" adapterTypeName="executor://xunit/VsTestRunner3/netcore/" className="Dft.DTRO.Tests.ServicesTests.Validations.ElementaryStreetUnitValidationServiceTests" name="ValidateElementaryStreetUnitEsu" />
    </UnitTest>
    <UnitTest name="DfT.DTRO.Tests.CodeiumTests.Integration.DTROsController_Codeium_Tests.UpdateDtro_ReturnsInternalServerError_ForUnexpectedException" storage="c:\users\belgp3\onedrive - pa consulting group\documents\work\code\pa\clients\dft\dft-dtro-beta\src\dft.dtro.tests\bin\debug\net8.0\dft.dtro.tests.dll" id="ecc58207-fcbd-9021-3887-9a418b2b266e">
      <Execution id="ea1784d7-89f7-4294-a4ef-2ecc8b440f61" />
      <TestMethod codeBase="C:\Users\BELGP3\OneDrive - PA Consulting Group\Documents\Work\Code\PA\Clients\DfT\dft-dtro-beta\Src\Dft.DTRO.Tests\bin\Debug\net8.0\Dft.DTRO.Tests.dll" adapterTypeName="executor://xunit/VsTestRunner3/netcore/" className="DfT.DTRO.Tests.CodeiumTests.Integration.DTROsController_Codeium_Tests" name="UpdateDtro_ReturnsInternalServerError_ForUnexpectedException" />
    </UnitTest>
    <UnitTest name="Dft.DTRO.Tests.UnitTests.Proj4SpatialProjectionTests.CoordinateProjection_ProducesResultsWithinErrorMargin(longitude: -7.5599999999999996, latitude: 49.960000000000001, expectedLongitude: 1398.2999115829, expectedLatitude: 21477.17948984)" storage="c:\users\belgp3\onedrive - pa consulting group\documents\work\code\pa\clients\dft\dft-dtro-beta\src\dft.dtro.tests\bin\debug\net8.0\dft.dtro.tests.dll" id="9c6544f3-c93b-0c78-3099-2e281ee37c28">
      <Execution id="5414d119-47d2-420e-b78a-15656223da8b" />
      <TestMethod codeBase="C:\Users\BELGP3\OneDrive - PA Consulting Group\Documents\Work\Code\PA\Clients\DfT\dft-dtro-beta\Src\Dft.DTRO.Tests\bin\Debug\net8.0\Dft.DTRO.Tests.dll" adapterTypeName="executor://xunit/VsTestRunner3/netcore/" className="Dft.DTRO.Tests.UnitTests.Proj4SpatialProjectionTests" name="CoordinateProjection_ProducesResultsWithinErrorMargin" />
    </UnitTest>
    <UnitTest name="Dft.DTRO.Tests.ServicesTests.Validations.RegulationValidationTests.ValidateGeneralRegulationRegulationType(regulationType: &quot;miscSuspensionOfParkingRestriction&quot;, errorCount: 0)" storage="c:\users\belgp3\onedrive - pa consulting group\documents\work\code\pa\clients\dft\dft-dtro-beta\src\dft.dtro.tests\bin\debug\net8.0\dft.dtro.tests.dll" id="f1fca26b-901c-c090-97d0-69df80e6d5e5">
      <Execution id="e9bcb370-bed3-4e25-bab0-fb623513934e" />
      <TestMethod codeBase="C:\Users\BELGP3\OneDrive - PA Consulting Group\Documents\Work\Code\PA\Clients\DfT\dft-dtro-beta\Src\Dft.DTRO.Tests\bin\Debug\net8.0\Dft.DTRO.Tests.dll" adapterTypeName="executor://xunit/VsTestRunner3/netcore/" className="Dft.DTRO.Tests.ServicesTests.Validations.RegulationValidationTests" name="ValidateGeneralRegulationRegulationType" />
    </UnitTest>
    <UnitTest name="Dft.DTRO.Tests.UnitTests.MappingServiceTests.InferIndexFieldsReturnsSampleFiles(path: &quot;../../../TestFiles/D-TROs/3.3.0/JSON-3.3.0-example&quot;···, schemaVersion: &quot;3.3.0&quot;)" storage="c:\users\belgp3\onedrive - pa consulting group\documents\work\code\pa\clients\dft\dft-dtro-beta\src\dft.dtro.tests\bin\debug\net8.0\dft.dtro.tests.dll" id="15cfe394-bb02-36a9-1242-ffe6af4349ea">
      <Execution id="803c5636-7bdf-4335-9b0f-90aa44e395d6" />
      <TestMethod codeBase="C:\Users\BELGP3\OneDrive - PA Consulting Group\Documents\Work\Code\PA\Clients\DfT\dft-dtro-beta\Src\Dft.DTRO.Tests\bin\Debug\net8.0\Dft.DTRO.Tests.dll" adapterTypeName="executor://xunit/VsTestRunner3/netcore/" className="Dft.DTRO.Tests.UnitTests.MappingServiceTests" name="InferIndexFieldsReturnsSampleFiles" />
    </UnitTest>
    <UnitTest name="Dft.DTRO.Tests.ServicesTests.Validations.JsonLogicValidationTests.AllowSequentialRateLineCollection" storage="c:\users\belgp3\onedrive - pa consulting group\documents\work\code\pa\clients\dft\dft-dtro-beta\src\dft.dtro.tests\bin\debug\net8.0\dft.dtro.tests.dll" id="48bac6a0-b02f-4360-e305-58bc4fbe3c2a">
      <Execution id="b5272d2e-dcc0-4a4f-8e49-7629bf9897ce" />
      <TestMethod codeBase="C:\Users\BELGP3\OneDrive - PA Consulting Group\Documents\Work\Code\PA\Clients\DfT\dft-dtro-beta\Src\Dft.DTRO.Tests\bin\Debug\net8.0\Dft.DTRO.Tests.dll" adapterTypeName="executor://xunit/VsTestRunner3/netcore/" className="Dft.DTRO.Tests.ServicesTests.Validations.JsonLogicValidationTests" name="AllowSequentialRateLineCollection" />
    </UnitTest>
    <UnitTest name="Dft.DTRO.Tests.ServicesTests.Validations.GeometryValidationServiceTests.ValidateDirectedLinear(directedLineString: &quot;SRID=27700;LINESTRING(-117.12081232960351 33.91506&quot;···, errorCount: 1)" storage="c:\users\belgp3\onedrive - pa consulting group\documents\work\code\pa\clients\dft\dft-dtro-beta\src\dft.dtro.tests\bin\debug\net8.0\dft.dtro.tests.dll" id="ce854db8-214f-34be-c9b7-36f143c3549d">
      <Execution id="f3ed778a-1f46-4984-9f1a-cbc64c6fe2a0" />
      <TestMethod codeBase="C:\Users\BELGP3\OneDrive - PA Consulting Group\Documents\Work\Code\PA\Clients\DfT\dft-dtro-beta\Src\Dft.DTRO.Tests\bin\Debug\net8.0\Dft.DTRO.Tests.dll" adapterTypeName="executor://xunit/VsTestRunner3/netcore/" className="Dft.DTRO.Tests.ServicesTests.Validations.GeometryValidationServiceTests" name="ValidateDirectedLinear" />
    </UnitTest>
    <UnitTest name="Dft.DTRO.Tests.ServicesTests.Validations.JsonLogicValidationTests.DisallowHeaviestAxleWeightCharacteristicInvalidForRegulationTypes(regulationType: &quot;dimensionMaximumWeightEnvironmental&quot;)" storage="c:\users\belgp3\onedrive - pa consulting group\documents\work\code\pa\clients\dft\dft-dtro-beta\src\dft.dtro.tests\bin\debug\net8.0\dft.dtro.tests.dll" id="e2941846-faaa-6acf-15ad-928b7c4795a3">
      <Execution id="09fc4f9f-8f63-4db7-bda9-e1b4fae79c12" />
      <TestMethod codeBase="C:\Users\BELGP3\OneDrive - PA Consulting Group\Documents\Work\Code\PA\Clients\DfT\dft-dtro-beta\Src\Dft.DTRO.Tests\bin\Debug\net8.0\Dft.DTRO.Tests.dll" adapterTypeName="executor://xunit/VsTestRunner3/netcore/" className="Dft.DTRO.Tests.ServicesTests.Validations.JsonLogicValidationTests" name="DisallowHeaviestAxleWeightCharacteristicInvalidForRegulationTypes" />
    </UnitTest>
    <UnitTest name="Dft.DTRO.Tests.CodeiumTests.Rules.Controller.RulesControllerCreateTests.CreateRule_WithInvalidOperationException_ReturnsBadRequest" storage="c:\users\belgp3\onedrive - pa consulting group\documents\work\code\pa\clients\dft\dft-dtro-beta\src\dft.dtro.tests\bin\debug\net8.0\dft.dtro.tests.dll" id="724bc388-807f-3806-a9ae-e92b6011ea9d">
      <Execution id="31f10add-899a-4d38-b435-fd5e857fdd73" />
      <TestMethod codeBase="C:\Users\BELGP3\OneDrive - PA Consulting Group\Documents\Work\Code\PA\Clients\DfT\dft-dtro-beta\Src\Dft.DTRO.Tests\bin\Debug\net8.0\Dft.DTRO.Tests.dll" adapterTypeName="executor://xunit/VsTestRunner3/netcore/" className="Dft.DTRO.Tests.CodeiumTests.Rules.Controller.RulesControllerCreateTests" name="CreateRule_WithInvalidOperationException_ReturnsBadRequest" />
    </UnitTest>
    <UnitTest name="Dft.DTRO.Tests.ServicesTests.Validations.UniqueStreetReferenceNumberValidationServiceTests.ValidateUniqueStreetReferenceNumberUsrn(usrn: 39605715, errorCount: 0)" storage="c:\users\belgp3\onedrive - pa consulting group\documents\work\code\pa\clients\dft\dft-dtro-beta\src\dft.dtro.tests\bin\debug\net8.0\dft.dtro.tests.dll" id="d5f0f279-8c49-6d01-c59c-a15b6d46fe6b">
      <Execution id="98d79c1d-2ba5-4a72-aaa2-be3d19c1c228" />
      <TestMethod codeBase="C:\Users\BELGP3\OneDrive - PA Consulting Group\Documents\Work\Code\PA\Clients\DfT\dft-dtro-beta\Src\Dft.DTRO.Tests\bin\Debug\net8.0\Dft.DTRO.Tests.dll" adapterTypeName="executor://xunit/VsTestRunner3/netcore/" className="Dft.DTRO.Tests.ServicesTests.Validations.UniqueStreetReferenceNumberValidationServiceTests" name="ValidateUniqueStreetReferenceNumberUsrn" />
    </UnitTest>
    <UnitTest name="Dft.DTRO.Tests.ServicesTests.Validations.RegulationValidationTests.ValidateGeneralRegulationRegulationType(regulationType: &quot;kerbsideRestrictedParkingZone&quot;, errorCount: 0)" storage="c:\users\belgp3\onedrive - pa consulting group\documents\work\code\pa\clients\dft\dft-dtro-beta\src\dft.dtro.tests\bin\debug\net8.0\dft.dtro.tests.dll" id="20b6dc8d-29dc-9b68-c2b0-5770cefc9161">
      <Execution id="d2ec9fac-bbb6-48ed-bfd7-d529133cd4bb" />
      <TestMethod codeBase="C:\Users\BELGP3\OneDrive - PA Consulting Group\Documents\Work\Code\PA\Clients\DfT\dft-dtro-beta\Src\Dft.DTRO.Tests\bin\Debug\net8.0\Dft.DTRO.Tests.dll" adapterTypeName="executor://xunit/VsTestRunner3/netcore/" className="Dft.DTRO.Tests.ServicesTests.Validations.RegulationValidationTests" name="ValidateGeneralRegulationRegulationType" />
    </UnitTest>
    <UnitTest name="Dft.DTRO.Tests.ServicesTests.Validations.RegulationValidationTests.ValidateSpeedLimitValueBasedSpeedValue(mphValue: 0, errorCount: 1)" storage="c:\users\belgp3\onedrive - pa consulting group\documents\work\code\pa\clients\dft\dft-dtro-beta\src\dft.dtro.tests\bin\debug\net8.0\dft.dtro.tests.dll" id="0ccda033-d233-44e7-21a9-74cfd2472f03">
      <Execution id="5474a15c-4873-47d1-985a-c76fd98c5b7f" />
      <TestMethod codeBase="C:\Users\BELGP3\OneDrive - PA Consulting Group\Documents\Work\Code\PA\Clients\DfT\dft-dtro-beta\Src\Dft.DTRO.Tests\bin\Debug\net8.0\Dft.DTRO.Tests.dll" adapterTypeName="executor://xunit/VsTestRunner3/netcore/" className="Dft.DTRO.Tests.ServicesTests.Validations.RegulationValidationTests" name="ValidateSpeedLimitValueBasedSpeedValue" />
    </UnitTest>
    <UnitTest name="ApplicationControllerTests.ValidateApplicationNameValidNameReturnsOk" storage="c:\users\belgp3\onedrive - pa consulting group\documents\work\code\pa\clients\dft\dft-dtro-beta\src\dft.dtro.tests\bin\debug\net8.0\dft.dtro.tests.dll" id="d257da32-c81c-daf1-e1f8-2ae787f004d8">
      <Execution id="82857e98-b439-420d-b1b0-35fa16e9fa89" />
      <TestMethod codeBase="C:\Users\BELGP3\OneDrive - PA Consulting Group\Documents\Work\Code\PA\Clients\DfT\dft-dtro-beta\Src\Dft.DTRO.Tests\bin\Debug\net8.0\Dft.DTRO.Tests.dll" adapterTypeName="executor://xunit/VsTestRunner3/netcore/" className="ApplicationControllerTests" name="ValidateApplicationNameValidNameReturnsOk" />
    </UnitTest>
    <UnitTest name="Dft.DTRO.Tests.ServicesTests.Validations.ProvisionValidationServiceTests.ValidateProvisionOrderReportingPointTypeForSchema330(orderReportingPointType: &quot;experimentalAmendment&quot;, errorCount: 0)" storage="c:\users\belgp3\onedrive - pa consulting group\documents\work\code\pa\clients\dft\dft-dtro-beta\src\dft.dtro.tests\bin\debug\net8.0\dft.dtro.tests.dll" id="c53deeea-1258-9ac8-e05c-859c00a6f6e7">
      <Execution id="c29e97b8-ac0f-4da4-8db7-d50f2b5d5500" />
      <TestMethod codeBase="C:\Users\BELGP3\OneDrive - PA Consulting Group\Documents\Work\Code\PA\Clients\DfT\dft-dtro-beta\Src\Dft.DTRO.Tests\bin\Debug\net8.0\Dft.DTRO.Tests.dll" adapterTypeName="executor://xunit/VsTestRunner3/netcore/" className="Dft.DTRO.Tests.ServicesTests.Validations.ProvisionValidationServiceTests" name="ValidateProvisionOrderReportingPointTypeForSchema330" />
    </UnitTest>
    <UnitTest name="Dft.DTRO.Tests.ServicesTests.Validations.RateLineCollectionValidationServiceTests.ValidateRateLineCollectionEndValidUsagePeriod(conditionType: &quot;Condition&quot;, endValidUsagePeriod: &quot;bad-date-time&quot;, errorCount: 1)" storage="c:\users\belgp3\onedrive - pa consulting group\documents\work\code\pa\clients\dft\dft-dtro-beta\src\dft.dtro.tests\bin\debug\net8.0\dft.dtro.tests.dll" id="9aa2db2f-c5a7-96a9-4028-8f86085fbd39">
      <Execution id="7ceb2a27-c7f3-49a6-ba71-7ff3e2fbfde3" />
      <TestMethod codeBase="C:\Users\BELGP3\OneDrive - PA Consulting Group\Documents\Work\Code\PA\Clients\DfT\dft-dtro-beta\Src\Dft.DTRO.Tests\bin\Debug\net8.0\Dft.DTRO.Tests.dll" adapterTypeName="executor://xunit/VsTestRunner3/netcore/" className="Dft.DTRO.Tests.ServicesTests.Validations.RateLineCollectionValidationServiceTests" name="ValidateRateLineCollectionEndValidUsagePeriod" />
    </UnitTest>
    <UnitTest name="Dft.DTRO.Tests.ServicesTests.Validations.ProvisionValidationServiceTests.ValidateProvisionOrderReportingPointTypeForSchema330(orderReportingPointType: &quot;ttroTtmoRevocation&quot;, errorCount: 0)" storage="c:\users\belgp3\onedrive - pa consulting group\documents\work\code\pa\clients\dft\dft-dtro-beta\src\dft.dtro.tests\bin\debug\net8.0\dft.dtro.tests.dll" id="f8ee3e53-c2f8-85e8-454f-626ec1d4c902">
      <Execution id="cf45c91b-7033-4980-9d3a-50c3e5d75f82" />
      <TestMethod codeBase="C:\Users\BELGP3\OneDrive - PA Consulting Group\Documents\Work\Code\PA\Clients\DfT\dft-dtro-beta\Src\Dft.DTRO.Tests\bin\Debug\net8.0\Dft.DTRO.Tests.dll" adapterTypeName="executor://xunit/VsTestRunner3/netcore/" className="Dft.DTRO.Tests.ServicesTests.Validations.ProvisionValidationServiceTests" name="ValidateProvisionOrderReportingPointTypeForSchema330" />
    </UnitTest>
    <UnitTest name="DfT.DTRO.Tests.CodeiumTests.Integration.SchemaController_Codeium_Tests.DeActivateSchema_ThrowsNotFoundException_ReturnsNotFound" storage="c:\users\belgp3\onedrive - pa consulting group\documents\work\code\pa\clients\dft\dft-dtro-beta\src\dft.dtro.tests\bin\debug\net8.0\dft.dtro.tests.dll" id="20d51d60-9439-c0d4-b57d-2868650e5bc8">
      <Execution id="730cfd3d-4b36-4288-9757-95a49c65f651" />
      <TestMethod codeBase="C:\Users\BELGP3\OneDrive - PA Consulting Group\Documents\Work\Code\PA\Clients\DfT\dft-dtro-beta\Src\Dft.DTRO.Tests\bin\Debug\net8.0\Dft.DTRO.Tests.dll" adapterTypeName="executor://xunit/VsTestRunner3/netcore/" className="DfT.DTRO.Tests.CodeiumTests.Integration.SchemaController_Codeium_Tests" name="DeActivateSchema_ThrowsNotFoundException_ReturnsNotFound" />
    </UnitTest>
    <UnitTest name="DfT.DTRO.Tests.CodeiumTests.Integration.DTROsController_Codeium_Tests.CreateDtro_Returns_OK" storage="c:\users\belgp3\onedrive - pa consulting group\documents\work\code\pa\clients\dft\dft-dtro-beta\src\dft.dtro.tests\bin\debug\net8.0\dft.dtro.tests.dll" id="577fbd8e-a4b9-f591-1357-fbd8e3f56bc9">
      <Execution id="31be9018-1afa-4b13-8f1f-1283b389d67f" />
      <TestMethod codeBase="C:\Users\BELGP3\OneDrive - PA Consulting Group\Documents\Work\Code\PA\Clients\DfT\dft-dtro-beta\Src\Dft.DTRO.Tests\bin\Debug\net8.0\Dft.DTRO.Tests.dll" adapterTypeName="executor://xunit/VsTestRunner3/netcore/" className="DfT.DTRO.Tests.CodeiumTests.Integration.DTROsController_Codeium_Tests" name="CreateDtro_Returns_OK" />
    </UnitTest>
    <UnitTest name="Dft.DTRO.Tests.ServicesTests.Validations.ElementaryStreetUnitValidationServiceTests.ValidateElementaryStreetUnitEsu(esu: 10000001, errorCount: 0)" storage="c:\users\belgp3\onedrive - pa consulting group\documents\work\code\pa\clients\dft\dft-dtro-beta\src\dft.dtro.tests\bin\debug\net8.0\dft.dtro.tests.dll" id="3461d087-9f4c-776a-435d-abfd7aadc84f">
      <Execution id="4b419581-9763-42d7-91d8-6b7235129ba2" />
      <TestMethod codeBase="C:\Users\BELGP3\OneDrive - PA Consulting Group\Documents\Work\Code\PA\Clients\DfT\dft-dtro-beta\Src\Dft.DTRO.Tests\bin\Debug\net8.0\Dft.DTRO.Tests.dll" adapterTypeName="executor://xunit/VsTestRunner3/netcore/" className="Dft.DTRO.Tests.ServicesTests.Validations.ElementaryStreetUnitValidationServiceTests" name="ValidateElementaryStreetUnitEsu" />
    </UnitTest>
    <UnitTest name="Dft.DTRO.Tests.ServicesTests.Validations.RegulationValidationTests.ValidateGeneralRegulationRegulationType(regulationType: &quot;miscSuspensionOfWeightRestriction&quot;, errorCount: 0)" storage="c:\users\belgp3\onedrive - pa consulting group\documents\work\code\pa\clients\dft\dft-dtro-beta\src\dft.dtro.tests\bin\debug\net8.0\dft.dtro.tests.dll" id="4f80e99f-44fb-4a96-7a0c-b8cafc25fd26">
      <Execution id="3145a354-db10-4a05-8989-618e746eb109" />
      <TestMethod codeBase="C:\Users\BELGP3\OneDrive - PA Consulting Group\Documents\Work\Code\PA\Clients\DfT\dft-dtro-beta\Src\Dft.DTRO.Tests\bin\Debug\net8.0\Dft.DTRO.Tests.dll" adapterTypeName="executor://xunit/VsTestRunner3/netcore/" className="Dft.DTRO.Tests.ServicesTests.Validations.RegulationValidationTests" name="ValidateGeneralRegulationRegulationType" />
    </UnitTest>
    <UnitTest name="Dft.DTRO.Tests.ServicesTests.Validations.RateLineCollectionValidationServiceTests.ValidateRateLineCollectionStartValidUsagePeriod(conditionType: &quot;ConditionSet&quot;, startValidUsagePeriod: &quot;bad-date-time&quot;, errorCount: 1)" storage="c:\users\belgp3\onedrive - pa consulting group\documents\work\code\pa\clients\dft\dft-dtro-beta\src\dft.dtro.tests\bin\debug\net8.0\dft.dtro.tests.dll" id="fb0905d4-f81c-d64a-8fcc-3ff932fab69a">
      <Execution id="8b684b2e-dec1-44b6-b8c7-94d4ec06889b" />
      <TestMethod codeBase="C:\Users\BELGP3\OneDrive - PA Consulting Group\Documents\Work\Code\PA\Clients\DfT\dft-dtro-beta\Src\Dft.DTRO.Tests\bin\Debug\net8.0\Dft.DTRO.Tests.dll" adapterTypeName="executor://xunit/VsTestRunner3/netcore/" className="Dft.DTRO.Tests.ServicesTests.Validations.RateLineCollectionValidationServiceTests" name="ValidateRateLineCollectionStartValidUsagePeriod" />
    </UnitTest>
    <UnitTest name="Dft.DTRO.Tests.CodeiumTests.Metrics.Service.MetricsServiceTests.CheckDataBase_ValidConnection_ReturnsTrue" storage="c:\users\belgp3\onedrive - pa consulting group\documents\work\code\pa\clients\dft\dft-dtro-beta\src\dft.dtro.tests\bin\debug\net8.0\dft.dtro.tests.dll" id="8f10b12f-0fc1-7ea8-0d3e-99a1fd1782cc">
      <Execution id="eae3ab2c-4f12-4cc5-91ca-c35e6d93b8bf" />
      <TestMethod codeBase="C:\Users\BELGP3\OneDrive - PA Consulting Group\Documents\Work\Code\PA\Clients\DfT\dft-dtro-beta\Src\Dft.DTRO.Tests\bin\Debug\net8.0\Dft.DTRO.Tests.dll" adapterTypeName="executor://xunit/VsTestRunner3/netcore/" className="Dft.DTRO.Tests.CodeiumTests.Metrics.Service.MetricsServiceTests" name="CheckDataBase_ValidConnection_ReturnsTrue" />
    </UnitTest>
    <UnitTest name="Dft.DTRO.Tests.ServicesTests.Validations.SemanticValidationServiceTests.WhenBritishNationalGridSpatialReferenceIsIncorrectReturnsError(version: &quot;3.2.4&quot;)" storage="c:\users\belgp3\onedrive - pa consulting group\documents\work\code\pa\clients\dft\dft-dtro-beta\src\dft.dtro.tests\bin\debug\net8.0\dft.dtro.tests.dll" id="b22e59ae-4df5-043b-650e-592fc781fe16">
      <Execution id="b2d20c15-e7a3-48ee-9cd2-47e7d7725a5a" />
      <TestMethod codeBase="C:\Users\BELGP3\OneDrive - PA Consulting Group\Documents\Work\Code\PA\Clients\DfT\dft-dtro-beta\Src\Dft.DTRO.Tests\bin\Debug\net8.0\Dft.DTRO.Tests.dll" adapterTypeName="executor://xunit/VsTestRunner3/netcore/" className="Dft.DTRO.Tests.ServicesTests.Validations.SemanticValidationServiceTests" name="WhenBritishNationalGridSpatialReferenceIsIncorrectReturnsError" />
    </UnitTest>
    <UnitTest name="Dft.DTRO.Tests.ServicesTests.Validations.RegulationValidationTests.ValidateGeneralRegulationRegulationType(regulationType: &quot;dimensionMaximumWeightStructural&quot;, errorCount: 0)" storage="c:\users\belgp3\onedrive - pa consulting group\documents\work\code\pa\clients\dft\dft-dtro-beta\src\dft.dtro.tests\bin\debug\net8.0\dft.dtro.tests.dll" id="d76c33c6-298d-077d-b71d-c47981d1f819">
      <Execution id="b0c10ea1-fc50-4bee-99a8-50a67397bae8" />
      <TestMethod codeBase="C:\Users\BELGP3\OneDrive - PA Consulting Group\Documents\Work\Code\PA\Clients\DfT\dft-dtro-beta\Src\Dft.DTRO.Tests\bin\Debug\net8.0\Dft.DTRO.Tests.dll" adapterTypeName="executor://xunit/VsTestRunner3/netcore/" className="Dft.DTRO.Tests.ServicesTests.Validations.RegulationValidationTests" name="ValidateGeneralRegulationRegulationType" />
    </UnitTest>
    <UnitTest name="DfT.DTRO.Tests.CodeiumTests.Integration.SchemaController_Codeium_Tests.GetSchemaById_ValidId_ReturnsOk" storage="c:\users\belgp3\onedrive - pa consulting group\documents\work\code\pa\clients\dft\dft-dtro-beta\src\dft.dtro.tests\bin\debug\net8.0\dft.dtro.tests.dll" id="c0500e37-fb3b-85c8-e6f8-de01fed24563">
      <Execution id="953f1f94-d6b0-451d-aa82-ca3959f74753" />
      <TestMethod codeBase="C:\Users\BELGP3\OneDrive - PA Consulting Group\Documents\Work\Code\PA\Clients\DfT\dft-dtro-beta\Src\Dft.DTRO.Tests\bin\Debug\net8.0\Dft.DTRO.Tests.dll" adapterTypeName="executor://xunit/VsTestRunner3/netcore/" className="DfT.DTRO.Tests.CodeiumTests.Integration.SchemaController_Codeium_Tests" name="GetSchemaById_ValidId_ReturnsOk" />
    </UnitTest>
    <UnitTest name="DfT.DTRO.Tests.CodeiumTests.Integration.DTROsController_Codeium_Tests.GetDtroById_ExistingDtro_ReturnsDtro" storage="c:\users\belgp3\onedrive - pa consulting group\documents\work\code\pa\clients\dft\dft-dtro-beta\src\dft.dtro.tests\bin\debug\net8.0\dft.dtro.tests.dll" id="ed630027-896a-62f3-6a2c-3a292d548ff2">
      <Execution id="3ff318c7-6fd9-48a7-af34-c6197042e6a7" />
      <TestMethod codeBase="C:\Users\BELGP3\OneDrive - PA Consulting Group\Documents\Work\Code\PA\Clients\DfT\dft-dtro-beta\Src\Dft.DTRO.Tests\bin\Debug\net8.0\Dft.DTRO.Tests.dll" adapterTypeName="executor://xunit/VsTestRunner3/netcore/" className="DfT.DTRO.Tests.CodeiumTests.Integration.DTROsController_Codeium_Tests" name="GetDtroById_ExistingDtro_ReturnsDtro" />
    </UnitTest>
    <UnitTest name="Dft.DTRO.Tests.ServicesTests.Validations.RateLineCollectionValidationServiceTests.ValidateRateLineCollectionApplicableCurrency(conditionType: &quot;Condition&quot;, currencyType: &quot;USD&quot;, errorCount: 1)" storage="c:\users\belgp3\onedrive - pa consulting group\documents\work\code\pa\clients\dft\dft-dtro-beta\src\dft.dtro.tests\bin\debug\net8.0\dft.dtro.tests.dll" id="76322a19-dc31-5d97-935c-b78f4fe219cd">
      <Execution id="444ddd9b-52bb-440e-9dbd-e8f2d44820ab" />
      <TestMethod codeBase="C:\Users\BELGP3\OneDrive - PA Consulting Group\Documents\Work\Code\PA\Clients\DfT\dft-dtro-beta\Src\Dft.DTRO.Tests\bin\Debug\net8.0\Dft.DTRO.Tests.dll" adapterTypeName="executor://xunit/VsTestRunner3/netcore/" className="Dft.DTRO.Tests.ServicesTests.Validations.RateLineCollectionValidationServiceTests" name="ValidateRateLineCollectionApplicableCurrency" />
    </UnitTest>
    <UnitTest name="Dft.DTRO.Tests.ServicesTests.Validations.ProvisionValidationServiceTests.ValidateProvisionOrderReportingPointTypeForSchema324(orderReportingPointType: &quot;ttroTtmoNoticeOfIntention&quot;, errorCount: 0)" storage="c:\users\belgp3\onedrive - pa consulting group\documents\work\code\pa\clients\dft\dft-dtro-beta\src\dft.dtro.tests\bin\debug\net8.0\dft.dtro.tests.dll" id="2dad7149-e6c4-c1fa-d1c5-611105089a77">
      <Execution id="f6718483-c842-4893-8b9c-eebd4758d7b8" />
      <TestMethod codeBase="C:\Users\BELGP3\OneDrive - PA Consulting Group\Documents\Work\Code\PA\Clients\DfT\dft-dtro-beta\Src\Dft.DTRO.Tests\bin\Debug\net8.0\Dft.DTRO.Tests.dll" adapterTypeName="executor://xunit/VsTestRunner3/netcore/" className="Dft.DTRO.Tests.ServicesTests.Validations.ProvisionValidationServiceTests" name="ValidateProvisionOrderReportingPointTypeForSchema324" />
    </UnitTest>
    <UnitTest name="Dft.DTRO.Tests.ServicesTests.Validations.RegulationValidationTests.ValidateGeneralRegulationRegulationType(regulationType: &quot;miscPedestrianZone&quot;, errorCount: 0)" storage="c:\users\belgp3\onedrive - pa consulting group\documents\work\code\pa\clients\dft\dft-dtro-beta\src\dft.dtro.tests\bin\debug\net8.0\dft.dtro.tests.dll" id="44386eff-6341-9c98-099c-d97afcfcecaa">
      <Execution id="638f50d1-316b-4f63-aae7-4d2c439b8178" />
      <TestMethod codeBase="C:\Users\BELGP3\OneDrive - PA Consulting Group\Documents\Work\Code\PA\Clients\DfT\dft-dtro-beta\Src\Dft.DTRO.Tests\bin\Debug\net8.0\Dft.DTRO.Tests.dll" adapterTypeName="executor://xunit/VsTestRunner3/netcore/" className="Dft.DTRO.Tests.ServicesTests.Validations.RegulationValidationTests" name="ValidateGeneralRegulationRegulationType" />
    </UnitTest>
    <UnitTest name="Dft.DTRO.Tests.ServicesTests.Validations.JsonLogicValidationTests.DisallowsValidPeriodStartTimeBeforeOverallPeriodStartTime" storage="c:\users\belgp3\onedrive - pa consulting group\documents\work\code\pa\clients\dft\dft-dtro-beta\src\dft.dtro.tests\bin\debug\net8.0\dft.dtro.tests.dll" id="1b0a4e42-bfc7-5bde-e8dd-eeb8493ba8ad">
      <Execution id="b78608cc-91c9-4eb4-92d7-8b3304d8e768" />
      <TestMethod codeBase="C:\Users\BELGP3\OneDrive - PA Consulting Group\Documents\Work\Code\PA\Clients\DfT\dft-dtro-beta\Src\Dft.DTRO.Tests\bin\Debug\net8.0\Dft.DTRO.Tests.dll" adapterTypeName="executor://xunit/VsTestRunner3/netcore/" className="Dft.DTRO.Tests.ServicesTests.Validations.JsonLogicValidationTests" name="DisallowsValidPeriodStartTimeBeforeOverallPeriodStartTime" />
    </UnitTest>
    <UnitTest name="Dft.DTRO.Tests.ServicesTests.Validations.RegulationValidationTests.ValidateGeneralRegulationRegulationType(regulationType: &quot;kerbsideSingleRedLines&quot;, errorCount: 0)" storage="c:\users\belgp3\onedrive - pa consulting group\documents\work\code\pa\clients\dft\dft-dtro-beta\src\dft.dtro.tests\bin\debug\net8.0\dft.dtro.tests.dll" id="7863b4c8-e5be-ab9c-3085-5c8ff7aa6265">
      <Execution id="3cbc90fa-7e4f-4258-b262-6e851ddb37c1" />
      <TestMethod codeBase="C:\Users\BELGP3\OneDrive - PA Consulting Group\Documents\Work\Code\PA\Clients\DfT\dft-dtro-beta\Src\Dft.DTRO.Tests\bin\Debug\net8.0\Dft.DTRO.Tests.dll" adapterTypeName="executor://xunit/VsTestRunner3/netcore/" className="Dft.DTRO.Tests.ServicesTests.Validations.RegulationValidationTests" name="ValidateGeneralRegulationRegulationType" />
    </UnitTest>
    <UnitTest name="Dft.DTRO.Tests.ServicesTests.Validations.RegulatedPlaceValidationServiceTests.ValidateRegulatedPlacesType(type: &quot;diversionRoute&quot;, errorCount: 0)" storage="c:\users\belgp3\onedrive - pa consulting group\documents\work\code\pa\clients\dft\dft-dtro-beta\src\dft.dtro.tests\bin\debug\net8.0\dft.dtro.tests.dll" id="f2f3da8d-10f8-d96b-a2b9-a4f31e6cad5c">
      <Execution id="a357106e-d95d-4c8e-a4d8-102aa2cbabd8" />
      <TestMethod codeBase="C:\Users\BELGP3\OneDrive - PA Consulting Group\Documents\Work\Code\PA\Clients\DfT\dft-dtro-beta\Src\Dft.DTRO.Tests\bin\Debug\net8.0\Dft.DTRO.Tests.dll" adapterTypeName="executor://xunit/VsTestRunner3/netcore/" className="Dft.DTRO.Tests.ServicesTests.Validations.RegulatedPlaceValidationServiceTests" name="ValidateRegulatedPlacesType" />
    </UnitTest>
    <UnitTest name="Dft.DTRO.Tests.ServicesTests.Validations.RateLineValidationServiceTests.ValidateRateLineDurationEnd(conditionType: &quot;Condition&quot;, durationEnd: 1, errorCount: 0)" storage="c:\users\belgp3\onedrive - pa consulting group\documents\work\code\pa\clients\dft\dft-dtro-beta\src\dft.dtro.tests\bin\debug\net8.0\dft.dtro.tests.dll" id="fd6b0272-a101-6e40-704f-453e31b65555">
      <Execution id="362a79dc-75dd-4b33-ad45-8650346d6f62" />
      <TestMethod codeBase="C:\Users\BELGP3\OneDrive - PA Consulting Group\Documents\Work\Code\PA\Clients\DfT\dft-dtro-beta\Src\Dft.DTRO.Tests\bin\Debug\net8.0\Dft.DTRO.Tests.dll" adapterTypeName="executor://xunit/VsTestRunner3/netcore/" className="Dft.DTRO.Tests.ServicesTests.Validations.RateLineValidationServiceTests" name="ValidateRateLineDurationEnd" />
    </UnitTest>
    <UnitTest name="Dft.DTRO.Tests.ServicesTests.Validations.RateLineValidationServiceTests.ValidateRateLineDurationStart(conditionType: &quot;ConditionSet&quot;, durationStart: 1000, errorCount: 0)" storage="c:\users\belgp3\onedrive - pa consulting group\documents\work\code\pa\clients\dft\dft-dtro-beta\src\dft.dtro.tests\bin\debug\net8.0\dft.dtro.tests.dll" id="356d35e7-8fce-f7af-0651-d7c31d707c70">
      <Execution id="7e0e55e1-2413-4e02-b6c7-46eec53b81dc" />
      <TestMethod codeBase="C:\Users\BELGP3\OneDrive - PA Consulting Group\Documents\Work\Code\PA\Clients\DfT\dft-dtro-beta\Src\Dft.DTRO.Tests\bin\Debug\net8.0\Dft.DTRO.Tests.dll" adapterTypeName="executor://xunit/VsTestRunner3/netcore/" className="Dft.DTRO.Tests.ServicesTests.Validations.RateLineValidationServiceTests" name="ValidateRateLineDurationStart" />
    </UnitTest>
    <UnitTest name="Dft.DTRO.Tests.CodeiumTests.Rules.Service.RuleTemplateServiceTests.GetRuleTemplateAsync_Found" storage="c:\users\belgp3\onedrive - pa consulting group\documents\work\code\pa\clients\dft\dft-dtro-beta\src\dft.dtro.tests\bin\debug\net8.0\dft.dtro.tests.dll" id="e5b7f45d-e4d9-fdc0-29e5-75e0c3f35f91">
      <Execution id="2e57883e-fc32-4584-9689-eeaf55d279e3" />
      <TestMethod codeBase="C:\Users\BELGP3\OneDrive - PA Consulting Group\Documents\Work\Code\PA\Clients\DfT\dft-dtro-beta\Src\Dft.DTRO.Tests\bin\Debug\net8.0\Dft.DTRO.Tests.dll" adapterTypeName="executor://xunit/VsTestRunner3/netcore/" className="Dft.DTRO.Tests.CodeiumTests.Rules.Service.RuleTemplateServiceTests" name="GetRuleTemplateAsync_Found" />
    </UnitTest>
    <UnitTest name="Dft.DTRO.Tests.ServicesTests.Validations.ConditionValidationServiceTests.ValidateConditionReturnsErrorWhenConditionSetItPresentAndOperatorIsNotPresent" storage="c:\users\belgp3\onedrive - pa consulting group\documents\work\code\pa\clients\dft\dft-dtro-beta\src\dft.dtro.tests\bin\debug\net8.0\dft.dtro.tests.dll" id="13f0d8fd-3cff-9607-5466-47bb6220019f">
      <Execution id="6616ca69-9614-4b98-a4eb-eccc613da7b5" />
      <TestMethod codeBase="C:\Users\BELGP3\OneDrive - PA Consulting Group\Documents\Work\Code\PA\Clients\DfT\dft-dtro-beta\Src\Dft.DTRO.Tests\bin\Debug\net8.0\Dft.DTRO.Tests.dll" adapterTypeName="executor://xunit/VsTestRunner3/netcore/" className="Dft.DTRO.Tests.ServicesTests.Validations.ConditionValidationServiceTests" name="ValidateConditionReturnsErrorWhenConditionSetItPresentAndOperatorIsNotPresent" />
    </UnitTest>
    <UnitTest name="Dft.DTRO.Tests.ServicesTests.Validations.RegulationValidationTests.ValidateGeneralRegulationRegulationType(regulationType: &quot;bannedMovementNoLeftTurn&quot;, errorCount: 0)" storage="c:\users\belgp3\onedrive - pa consulting group\documents\work\code\pa\clients\dft\dft-dtro-beta\src\dft.dtro.tests\bin\debug\net8.0\dft.dtro.tests.dll" id="4ccc7d56-3296-a134-4c0f-c4b70021c9b8">
      <Execution id="fb7fdb3f-9bd2-4538-8323-58cb16dbe803" />
      <TestMethod codeBase="C:\Users\BELGP3\OneDrive - PA Consulting Group\Documents\Work\Code\PA\Clients\DfT\dft-dtro-beta\Src\Dft.DTRO.Tests\bin\Debug\net8.0\Dft.DTRO.Tests.dll" adapterTypeName="executor://xunit/VsTestRunner3/netcore/" className="Dft.DTRO.Tests.ServicesTests.Validations.RegulationValidationTests" name="ValidateGeneralRegulationRegulationType" />
    </UnitTest>
    <UnitTest name="Dft.DTRO.Tests.ServicesTests.Validations.RegulationValidationTests.ValidateSpeedLimitValueBasedSpeedValue(mphValue: 80, errorCount: 1)" storage="c:\users\belgp3\onedrive - pa consulting group\documents\work\code\pa\clients\dft\dft-dtro-beta\src\dft.dtro.tests\bin\debug\net8.0\dft.dtro.tests.dll" id="e065ab6e-88ad-7cab-61d8-8f5f938996eb">
      <Execution id="645422da-0a5a-4e9d-8472-5ef674b692d9" />
      <TestMethod codeBase="C:\Users\BELGP3\OneDrive - PA Consulting Group\Documents\Work\Code\PA\Clients\DfT\dft-dtro-beta\Src\Dft.DTRO.Tests\bin\Debug\net8.0\Dft.DTRO.Tests.dll" adapterTypeName="executor://xunit/VsTestRunner3/netcore/" className="Dft.DTRO.Tests.ServicesTests.Validations.RegulationValidationTests" name="ValidateSpeedLimitValueBasedSpeedValue" />
    </UnitTest>
    <UnitTest name="Dft.DTRO.Tests.ServicesTests.Validations.ProvisionValidationServiceTests.ValidateProvisionActionTypeForSchema324(actionType: &quot;new&quot;, errorCount: 0)" storage="c:\users\belgp3\onedrive - pa consulting group\documents\work\code\pa\clients\dft\dft-dtro-beta\src\dft.dtro.tests\bin\debug\net8.0\dft.dtro.tests.dll" id="3a23ce4f-6642-9caa-220b-1874b17b7742">
      <Execution id="33ebcb91-5a09-426e-a0ff-c8915478e31a" />
      <TestMethod codeBase="C:\Users\BELGP3\OneDrive - PA Consulting Group\Documents\Work\Code\PA\Clients\DfT\dft-dtro-beta\Src\Dft.DTRO.Tests\bin\Debug\net8.0\Dft.DTRO.Tests.dll" adapterTypeName="executor://xunit/VsTestRunner3/netcore/" className="Dft.DTRO.Tests.ServicesTests.Validations.ProvisionValidationServiceTests" name="ValidateProvisionActionTypeForSchema324" />
    </UnitTest>
    <UnitTest name="Dft.DTRO.Tests.ServicesTests.Validations.RegulationValidationTests.ValidateGeneralRegulationRegulationType(regulationType: &quot;dimensionMaximumWeightEnvironmental&quot;, errorCount: 0)" storage="c:\users\belgp3\onedrive - pa consulting group\documents\work\code\pa\clients\dft\dft-dtro-beta\src\dft.dtro.tests\bin\debug\net8.0\dft.dtro.tests.dll" id="d7bd2eaa-e82e-a738-884a-5a164275ef84">
      <Execution id="93bcd970-241f-4fd7-a854-da5c9306c663" />
      <TestMethod codeBase="C:\Users\BELGP3\OneDrive - PA Consulting Group\Documents\Work\Code\PA\Clients\DfT\dft-dtro-beta\Src\Dft.DTRO.Tests\bin\Debug\net8.0\Dft.DTRO.Tests.dll" adapterTypeName="executor://xunit/VsTestRunner3/netcore/" className="Dft.DTRO.Tests.ServicesTests.Validations.RegulationValidationTests" name="ValidateGeneralRegulationRegulationType" />
    </UnitTest>
    <UnitTest name="Dft.DTRO.Tests.CodeiumTests.Metrics.Service.MetricsServiceTests.IncrementMetric_Failure_ReturnsFalse" storage="c:\users\belgp3\onedrive - pa consulting group\documents\work\code\pa\clients\dft\dft-dtro-beta\src\dft.dtro.tests\bin\debug\net8.0\dft.dtro.tests.dll" id="d85c4c8f-83fc-5445-99f8-ae65334bedf7">
      <Execution id="576d91fa-c4e4-4755-a7c2-3af3eab8f57e" />
      <TestMethod codeBase="C:\Users\BELGP3\OneDrive - PA Consulting Group\Documents\Work\Code\PA\Clients\DfT\dft-dtro-beta\Src\Dft.DTRO.Tests\bin\Debug\net8.0\Dft.DTRO.Tests.dll" adapterTypeName="executor://xunit/VsTestRunner3/netcore/" className="Dft.DTRO.Tests.CodeiumTests.Metrics.Service.MetricsServiceTests" name="IncrementMetric_Failure_ReturnsFalse" />
    </UnitTest>
    <UnitTest name="DfT.DTRO.Tests.CodeiumTests.Integration.SchemaController_Codeium_Tests.GetSchema_ReturnsNotFoundResult" storage="c:\users\belgp3\onedrive - pa consulting group\documents\work\code\pa\clients\dft\dft-dtro-beta\src\dft.dtro.tests\bin\debug\net8.0\dft.dtro.tests.dll" id="6b4d2a41-d157-3ec9-17e8-82efdd62f5c6">
      <Execution id="cd810071-0399-4b18-a336-6188184f8ee9" />
      <TestMethod codeBase="C:\Users\BELGP3\OneDrive - PA Consulting Group\Documents\Work\Code\PA\Clients\DfT\dft-dtro-beta\Src\Dft.DTRO.Tests\bin\Debug\net8.0\Dft.DTRO.Tests.dll" adapterTypeName="executor://xunit/VsTestRunner3/netcore/" className="DfT.DTRO.Tests.CodeiumTests.Integration.SchemaController_Codeium_Tests" name="GetSchema_ReturnsNotFoundResult" />
    </UnitTest>
    <UnitTest name="Dft.DTRO.Tests.ServicesTests.Validations.ProvisionValidationServiceTests.ValidateProvisionActionTypeForSchema330(actionType: &quot;fullRevoke&quot;, errorCount: 0)" storage="c:\users\belgp3\onedrive - pa consulting group\documents\work\code\pa\clients\dft\dft-dtro-beta\src\dft.dtro.tests\bin\debug\net8.0\dft.dtro.tests.dll" id="95cfce05-342e-ee4f-215d-8a4f3f46ece8">
      <Execution id="3e8c4e1f-574f-43eb-9215-6ca90a6e3453" />
      <TestMethod codeBase="C:\Users\BELGP3\OneDrive - PA Consulting Group\Documents\Work\Code\PA\Clients\DfT\dft-dtro-beta\Src\Dft.DTRO.Tests\bin\Debug\net8.0\Dft.DTRO.Tests.dll" adapterTypeName="executor://xunit/VsTestRunner3/netcore/" className="Dft.DTRO.Tests.ServicesTests.Validations.ProvisionValidationServiceTests" name="ValidateProvisionActionTypeForSchema330" />
    </UnitTest>
    <UnitTest name="Dft.DTRO.Tests.ControllerTests.DTROsControllerTests.CreateFromFileThrowsInvalidOperationException" storage="c:\users\belgp3\onedrive - pa consulting group\documents\work\code\pa\clients\dft\dft-dtro-beta\src\dft.dtro.tests\bin\debug\net8.0\dft.dtro.tests.dll" id="2fbf734f-879c-9d00-a4aa-c434bcaf28b4">
      <Execution id="d9aebfae-3ad7-4952-a1cd-65d0bd5055fb" />
      <TestMethod codeBase="C:\Users\BELGP3\OneDrive - PA Consulting Group\Documents\Work\Code\PA\Clients\DfT\dft-dtro-beta\Src\Dft.DTRO.Tests\bin\Debug\net8.0\Dft.DTRO.Tests.dll" adapterTypeName="executor://xunit/VsTestRunner3/netcore/" className="Dft.DTRO.Tests.ControllerTests.DTROsControllerTests" name="CreateFromFileThrowsInvalidOperationException" />
    </UnitTest>
    <UnitTest name="Dft.DTRO.Tests.ServicesTests.Validations.RegulationValidationTests.ValidateGeneralRegulationRegulationType(regulationType: &quot;dimensionMaximumHeightStructural&quot;, errorCount: 0)" storage="c:\users\belgp3\onedrive - pa consulting group\documents\work\code\pa\clients\dft\dft-dtro-beta\src\dft.dtro.tests\bin\debug\net8.0\dft.dtro.tests.dll" id="0ca1aead-f2d1-23ac-78df-b9bd46f37ce1">
      <Execution id="a0cce804-399e-4fe0-b7e7-2218a73105c2" />
      <TestMethod codeBase="C:\Users\BELGP3\OneDrive - PA Consulting Group\Documents\Work\Code\PA\Clients\DfT\dft-dtro-beta\Src\Dft.DTRO.Tests\bin\Debug\net8.0\Dft.DTRO.Tests.dll" adapterTypeName="executor://xunit/VsTestRunner3/netcore/" className="Dft.DTRO.Tests.ServicesTests.Validations.RegulationValidationTests" name="ValidateGeneralRegulationRegulationType" />
    </UnitTest>
    <UnitTest name="Dft.DTRO.Tests.CodeiumTests.Rules.Controller.RulesControllerUpdateTests.UpdateRule_WithEmptyFile_ReturnsBadRequest" storage="c:\users\belgp3\onedrive - pa consulting group\documents\work\code\pa\clients\dft\dft-dtro-beta\src\dft.dtro.tests\bin\debug\net8.0\dft.dtro.tests.dll" id="be1c9750-d504-a105-28fb-5d10cd02702f">
      <Execution id="009577a0-2222-4c96-ad1c-559a88b6a28b" />
      <TestMethod codeBase="C:\Users\BELGP3\OneDrive - PA Consulting Group\Documents\Work\Code\PA\Clients\DfT\dft-dtro-beta\Src\Dft.DTRO.Tests\bin\Debug\net8.0\Dft.DTRO.Tests.dll" adapterTypeName="executor://xunit/VsTestRunner3/netcore/" className="Dft.DTRO.Tests.CodeiumTests.Rules.Controller.RulesControllerUpdateTests" name="UpdateRule_WithEmptyFile_ReturnsBadRequest" />
    </UnitTest>
    <UnitTest name="ApplicationControllerTests.ValidateApplicationNameInvalidNameReturnsBadRequest" storage="c:\users\belgp3\onedrive - pa consulting group\documents\work\code\pa\clients\dft\dft-dtro-beta\src\dft.dtro.tests\bin\debug\net8.0\dft.dtro.tests.dll" id="9da55c81-a19a-05ec-f38f-236d61748204">
      <Execution id="4ab31909-2108-466e-af7e-86b3b395b887" />
      <TestMethod codeBase="C:\Users\BELGP3\OneDrive - PA Consulting Group\Documents\Work\Code\PA\Clients\DfT\dft-dtro-beta\Src\Dft.DTRO.Tests\bin\Debug\net8.0\Dft.DTRO.Tests.dll" adapterTypeName="executor://xunit/VsTestRunner3/netcore/" className="ApplicationControllerTests" name="ValidateApplicationNameInvalidNameReturnsBadRequest" />
    </UnitTest>
    <UnitTest name="Dft.DTRO.Tests.CodeiumTests.Rules.Controller.RulesControllerCreateTests.CreateRule_WithException_ReturnsInternalServerError" storage="c:\users\belgp3\onedrive - pa consulting group\documents\work\code\pa\clients\dft\dft-dtro-beta\src\dft.dtro.tests\bin\debug\net8.0\dft.dtro.tests.dll" id="cc0ee4b1-3d8d-74b0-5a57-d8fb94c672f0">
      <Execution id="8231fd38-3a0b-4f74-89ef-139922fe7ea0" />
      <TestMethod codeBase="C:\Users\BELGP3\OneDrive - PA Consulting Group\Documents\Work\Code\PA\Clients\DfT\dft-dtro-beta\Src\Dft.DTRO.Tests\bin\Debug\net8.0\Dft.DTRO.Tests.dll" adapterTypeName="executor://xunit/VsTestRunner3/netcore/" className="Dft.DTRO.Tests.CodeiumTests.Rules.Controller.RulesControllerCreateTests" name="CreateRule_WithException_ReturnsInternalServerError" />
    </UnitTest>
    <UnitTest name="Dft.DTRO.Tests.ServicesTests.Validations.ProvisionValidationServiceTests.ValidateMultipleProvisionReferencesForSchema330(references: [&quot;D5E7FBE5-5A7A-4A81-8E27-CDB008EC729D&quot;, &quot;0EE20392-DD08-416F-A5E6-3013DB40728C&quot;], errorCount: 0)" storage="c:\users\belgp3\onedrive - pa consulting group\documents\work\code\pa\clients\dft\dft-dtro-beta\src\dft.dtro.tests\bin\debug\net8.0\dft.dtro.tests.dll" id="89a12b9f-813a-4efb-f999-7b92b909759c">
      <Execution id="d46c5fd2-4af1-4a42-8cc8-071a87f44e3d" />
      <TestMethod codeBase="C:\Users\BELGP3\OneDrive - PA Consulting Group\Documents\Work\Code\PA\Clients\DfT\dft-dtro-beta\Src\Dft.DTRO.Tests\bin\Debug\net8.0\Dft.DTRO.Tests.dll" adapterTypeName="executor://xunit/VsTestRunner3/netcore/" className="Dft.DTRO.Tests.ServicesTests.Validations.ProvisionValidationServiceTests" name="ValidateMultipleProvisionReferencesForSchema330" />
    </UnitTest>
    <UnitTest name="Dft.DTRO.Tests.ServicesTests.Validations.RateLineValidationServiceTests.ValidateRateLineIncrementPeriod(conditionType: &quot;Condition&quot;, incrementPeriod: 0, errorCount: 1)" storage="c:\users\belgp3\onedrive - pa consulting group\documents\work\code\pa\clients\dft\dft-dtro-beta\src\dft.dtro.tests\bin\debug\net8.0\dft.dtro.tests.dll" id="ecfc5d7e-3f6b-54a0-2cca-e53b9eae52c8">
      <Execution id="50c4a0c7-9d01-4999-a095-f7d9e1ea764d" />
      <TestMethod codeBase="C:\Users\BELGP3\OneDrive - PA Consulting Group\Documents\Work\Code\PA\Clients\DfT\dft-dtro-beta\Src\Dft.DTRO.Tests\bin\Debug\net8.0\Dft.DTRO.Tests.dll" adapterTypeName="executor://xunit/VsTestRunner3/netcore/" className="Dft.DTRO.Tests.ServicesTests.Validations.RateLineValidationServiceTests" name="ValidateRateLineIncrementPeriod" />
    </UnitTest>
    <UnitTest name="Dft.DTRO.Tests.CodeiumTests.Users.Controller.UserControllerGetSwaCodesTests.GetSwaCodes_ReturnsInternalServerError_WhenExceptionIsThrown" storage="c:\users\belgp3\onedrive - pa consulting group\documents\work\code\pa\clients\dft\dft-dtro-beta\src\dft.dtro.tests\bin\debug\net8.0\dft.dtro.tests.dll" id="592dad0a-89b2-0b5c-0edd-2a7584226c2e">
      <Execution id="3583ebe1-026a-4636-b40a-41366bf356a0" />
      <TestMethod codeBase="C:\Users\BELGP3\OneDrive - PA Consulting Group\Documents\Work\Code\PA\Clients\DfT\dft-dtro-beta\Src\Dft.DTRO.Tests\bin\Debug\net8.0\Dft.DTRO.Tests.dll" adapterTypeName="executor://xunit/VsTestRunner3/netcore/" className="Dft.DTRO.Tests.CodeiumTests.Users.Controller.UserControllerGetSwaCodesTests" name="GetSwaCodes_ReturnsInternalServerError_WhenExceptionIsThrown" />
    </UnitTest>
    <UnitTest name="Dft.DTRO.Tests.ServicesTests.Validations.JsonSchemaValidationTests.ValidateAgainstSchema320ProducesCorrectResults(schemaVersion: &quot;3.2.0&quot;, sourceJson: &quot;valid-new-x&quot;, expectedResult: False)" storage="c:\users\belgp3\onedrive - pa consulting group\documents\work\code\pa\clients\dft\dft-dtro-beta\src\dft.dtro.tests\bin\debug\net8.0\dft.dtro.tests.dll" id="d75541eb-e61d-a5f3-71ca-c66b5a863566">
      <Execution id="5a57025d-7905-4a1a-bfe8-a16cc3a02204" />
      <TestMethod codeBase="C:\Users\BELGP3\OneDrive - PA Consulting Group\Documents\Work\Code\PA\Clients\DfT\dft-dtro-beta\Src\Dft.DTRO.Tests\bin\Debug\net8.0\Dft.DTRO.Tests.dll" adapterTypeName="executor://xunit/VsTestRunner3/netcore/" className="Dft.DTRO.Tests.ServicesTests.Validations.JsonSchemaValidationTests" name="ValidateAgainstSchema320ProducesCorrectResults" />
    </UnitTest>
    <UnitTest name="Dft.DTRO.Tests.ServicesTests.Validations.JsonLogicValidationTests.AllowValidUsagePeriodEndMissing" storage="c:\users\belgp3\onedrive - pa consulting group\documents\work\code\pa\clients\dft\dft-dtro-beta\src\dft.dtro.tests\bin\debug\net8.0\dft.dtro.tests.dll" id="568369f4-b86c-7e7e-0c90-63d6cad1ff1d">
      <Execution id="f7005a0f-d553-414b-ae53-1a63e1f35a38" />
      <TestMethod codeBase="C:\Users\BELGP3\OneDrive - PA Consulting Group\Documents\Work\Code\PA\Clients\DfT\dft-dtro-beta\Src\Dft.DTRO.Tests\bin\Debug\net8.0\Dft.DTRO.Tests.dll" adapterTypeName="executor://xunit/VsTestRunner3/netcore/" className="Dft.DTRO.Tests.ServicesTests.Validations.JsonLogicValidationTests" name="AllowValidUsagePeriodEndMissing" />
    </UnitTest>
    <UnitTest name="Dft.DTRO.Tests.ServicesTests.Validations.ConditionValidationServiceTests.ValidateConditionReturnsErrorsWhenOneConditionIsPresentButNegatePropertyIsWrong" storage="c:\users\belgp3\onedrive - pa consulting group\documents\work\code\pa\clients\dft\dft-dtro-beta\src\dft.dtro.tests\bin\debug\net8.0\dft.dtro.tests.dll" id="9987f3a8-e2be-cd8f-4024-2333ae90e930">
      <Execution id="4e6a8f04-543a-4819-8c3f-9d8059dc404a" />
      <TestMethod codeBase="C:\Users\BELGP3\OneDrive - PA Consulting Group\Documents\Work\Code\PA\Clients\DfT\dft-dtro-beta\Src\Dft.DTRO.Tests\bin\Debug\net8.0\Dft.DTRO.Tests.dll" adapterTypeName="executor://xunit/VsTestRunner3/netcore/" className="Dft.DTRO.Tests.ServicesTests.Validations.ConditionValidationServiceTests" name="ValidateConditionReturnsErrorsWhenOneConditionIsPresentButNegatePropertyIsWrong" />
    </UnitTest>
    <UnitTest name="Dft.DTRO.Tests.ServicesTests.Validations.RateTableValidationServiceTests.ValidateRateTableAdditionalInformation(additionalInformation: &quot;ftp://loremipsum.co.uk&quot;, errorCount: 1)" storage="c:\users\belgp3\onedrive - pa consulting group\documents\work\code\pa\clients\dft\dft-dtro-beta\src\dft.dtro.tests\bin\debug\net8.0\dft.dtro.tests.dll" id="9434bb73-3e3b-db55-af87-7b78d4817295">
      <Execution id="b8568282-60ba-4e90-91b6-58050bff45f1" />
      <TestMethod codeBase="C:\Users\BELGP3\OneDrive - PA Consulting Group\Documents\Work\Code\PA\Clients\DfT\dft-dtro-beta\Src\Dft.DTRO.Tests\bin\Debug\net8.0\Dft.DTRO.Tests.dll" adapterTypeName="executor://xunit/VsTestRunner3/netcore/" className="Dft.DTRO.Tests.ServicesTests.Validations.RateTableValidationServiceTests" name="ValidateRateTableAdditionalInformation" />
    </UnitTest>
    <UnitTest name="Dft.DTRO.Tests.ServicesTests.Validations.RateLineValidationServiceTests.ValidateRateLineRateLineType(conditionType: &quot;ConditionSet&quot;, rateLineType: &quot;unknown&quot;, errorCount: 1)" storage="c:\users\belgp3\onedrive - pa consulting group\documents\work\code\pa\clients\dft\dft-dtro-beta\src\dft.dtro.tests\bin\debug\net8.0\dft.dtro.tests.dll" id="dee645e8-b85a-fe10-5138-068b12309c68">
      <Execution id="5031cccb-2c12-4b8f-9e47-56f879e13d74" />
      <TestMethod codeBase="C:\Users\BELGP3\OneDrive - PA Consulting Group\Documents\Work\Code\PA\Clients\DfT\dft-dtro-beta\Src\Dft.DTRO.Tests\bin\Debug\net8.0\Dft.DTRO.Tests.dll" adapterTypeName="executor://xunit/VsTestRunner3/netcore/" className="Dft.DTRO.Tests.ServicesTests.Validations.RateLineValidationServiceTests" name="ValidateRateLineRateLineType" />
    </UnitTest>
    <UnitTest name="Dft.DTRO.Tests.DALTests.ApplicationDalTests.GetApplicationUserShouldReturnNullWhenAppDoesNotExist" storage="c:\users\belgp3\onedrive - pa consulting group\documents\work\code\pa\clients\dft\dft-dtro-beta\src\dft.dtro.tests\bin\debug\net8.0\dft.dtro.tests.dll" id="b8e71c41-58cc-bb0c-668e-20a5b3e27a4e">
      <Execution id="a528059b-7851-49aa-8118-fc4ce01a6ef5" />
      <TestMethod codeBase="C:\Users\BELGP3\OneDrive - PA Consulting Group\Documents\Work\Code\PA\Clients\DfT\dft-dtro-beta\Src\Dft.DTRO.Tests\bin\Debug\net8.0\Dft.DTRO.Tests.dll" adapterTypeName="executor://xunit/VsTestRunner3/netcore/" className="Dft.DTRO.Tests.DALTests.ApplicationDalTests" name="GetApplicationUserShouldReturnNullWhenAppDoesNotExist" />
    </UnitTest>
    <UnitTest name="Dft.DTRO.Tests.ServicesTests.Validations.RateLineValidationServiceTests.ValidateRateLineValue(conditionType: &quot;ConditionSet&quot;, value: 1.01, errorCount: 0)" storage="c:\users\belgp3\onedrive - pa consulting group\documents\work\code\pa\clients\dft\dft-dtro-beta\src\dft.dtro.tests\bin\debug\net8.0\dft.dtro.tests.dll" id="f03c2b9f-2c41-20e9-8d55-7a3e599e4962">
      <Execution id="08912c9d-ef54-4f89-b74f-538bab09d0bc" />
      <TestMethod codeBase="C:\Users\BELGP3\OneDrive - PA Consulting Group\Documents\Work\Code\PA\Clients\DfT\dft-dtro-beta\Src\Dft.DTRO.Tests\bin\Debug\net8.0\Dft.DTRO.Tests.dll" adapterTypeName="executor://xunit/VsTestRunner3/netcore/" className="Dft.DTRO.Tests.ServicesTests.Validations.RateLineValidationServiceTests" name="ValidateRateLineValue" />
    </UnitTest>
    <UnitTest name="Dft.DTRO.Tests.ServicesTests.Validations.RegulatedPlaceValidationServiceTests.ValidateRegulatedPlacesDescriptionForSchema330(description: &quot;some free text&quot;, errorCount: 0)" storage="c:\users\belgp3\onedrive - pa consulting group\documents\work\code\pa\clients\dft\dft-dtro-beta\src\dft.dtro.tests\bin\debug\net8.0\dft.dtro.tests.dll" id="f8ae11bd-dc78-9fde-93a8-2613eab674a3">
      <Execution id="b133959b-3ef1-48d0-a6f4-be066217f8db" />
      <TestMethod codeBase="C:\Users\BELGP3\OneDrive - PA Consulting Group\Documents\Work\Code\PA\Clients\DfT\dft-dtro-beta\Src\Dft.DTRO.Tests\bin\Debug\net8.0\Dft.DTRO.Tests.dll" adapterTypeName="executor://xunit/VsTestRunner3/netcore/" className="Dft.DTRO.Tests.ServicesTests.Validations.RegulatedPlaceValidationServiceTests" name="ValidateRegulatedPlacesDescriptionForSchema330" />
    </UnitTest>
  </TestDefinitions>
  <TestEntries>
    <TestEntry testId="ac12df46-1dd9-ae4c-ac65-43789f18453d" executionId="8d30cbc9-f65e-4434-8a65-7b80f0e8c364" testListId="8c84fa94-04c1-424b-9868-57a2d4851a1d" />
    <TestEntry testId="66c898e9-7c11-a046-a91e-0fd6ccc8277a" executionId="c720b27b-25e7-4019-bbb0-25e80f3f3d5d" testListId="8c84fa94-04c1-424b-9868-57a2d4851a1d" />
    <TestEntry testId="410b601d-0673-2f5e-b597-4eb411e4a282" executionId="d455b01e-7c97-4719-b751-7c7df93573a5" testListId="8c84fa94-04c1-424b-9868-57a2d4851a1d" />
    <TestEntry testId="e5c7784a-4659-b321-edce-14a7bbafc6f2" executionId="1f55cf83-662e-42ff-aab1-23693391cc19" testListId="8c84fa94-04c1-424b-9868-57a2d4851a1d" />
    <TestEntry testId="568369f4-b86c-7e7e-0c90-63d6cad1ff1d" executionId="f7005a0f-d553-414b-ae53-1a63e1f35a38" testListId="8c84fa94-04c1-424b-9868-57a2d4851a1d" />
    <TestEntry testId="6ded2ebe-4a9f-5891-1f86-16b931bfbdfd" executionId="c83a2d18-ec83-44dc-bd35-60555cb896d1" testListId="8c84fa94-04c1-424b-9868-57a2d4851a1d" />
    <TestEntry testId="127fe8b4-ed00-32dc-e636-3c1d4628ab72" executionId="eb5dbf28-5da2-4feb-91d2-8cdbfabbfb0e" testListId="8c84fa94-04c1-424b-9868-57a2d4851a1d" />
    <TestEntry testId="78f515b2-5e79-e56f-86ce-a9db10a4bb43" executionId="bc2327c5-ddcd-4c7c-9bc1-c508bab0093e" testListId="8c84fa94-04c1-424b-9868-57a2d4851a1d" />
    <TestEntry testId="4124c041-389f-60da-6e08-7b3db34d8629" executionId="5220ed3e-d2c6-4c1d-afcf-af407d788d0f" testListId="8c84fa94-04c1-424b-9868-57a2d4851a1d" />
    <TestEntry testId="887d079c-f12d-06bb-155b-26e5ab328a53" executionId="e8f8bad6-840c-476c-a59d-4a9b96b6e649" testListId="8c84fa94-04c1-424b-9868-57a2d4851a1d" />
    <TestEntry testId="270781d5-bcd1-7d6c-2fff-a08648da3352" executionId="d89a74e9-dc7f-4ef1-bbb4-e570820245e7" testListId="8c84fa94-04c1-424b-9868-57a2d4851a1d" />
    <TestEntry testId="1183be4f-e060-ef59-0fc9-4e5f8d0c8376" executionId="84abb151-befb-45b6-a968-13f51f8205b6" testListId="8c84fa94-04c1-424b-9868-57a2d4851a1d" />
    <TestEntry testId="b54b5292-b5ae-21bb-befb-b0ab07043988" executionId="192ebf1f-fc20-4805-8156-1093854ed3f2" testListId="8c84fa94-04c1-424b-9868-57a2d4851a1d" />
    <TestEntry testId="1e2a8714-2480-3d62-956d-fa48c9a99701" executionId="7217dba0-45ee-4643-bfa3-34dd665f3cba" testListId="8c84fa94-04c1-424b-9868-57a2d4851a1d" />
    <TestEntry testId="5175392e-1964-fac0-0535-afd36ea17d7c" executionId="3a86b8a2-eb25-43eb-af59-c47009731d23" testListId="8c84fa94-04c1-424b-9868-57a2d4851a1d" />
    <TestEntry testId="c9909a8a-44d9-96e9-890d-2df82cbd2be5" executionId="2b3dfdd6-70a2-487d-8942-dfdbf9a2e9bd" testListId="8c84fa94-04c1-424b-9868-57a2d4851a1d" />
    <TestEntry testId="770d934a-987b-8eee-64b6-8ac21a2fa408" executionId="ddfb3d6a-e817-4969-9f8a-217c081c3298" testListId="8c84fa94-04c1-424b-9868-57a2d4851a1d" />
    <TestEntry testId="38351467-d512-261e-97b3-9069d023da67" executionId="3f0763e1-3b79-4192-8ff3-96cf024b7454" testListId="8c84fa94-04c1-424b-9868-57a2d4851a1d" />
    <TestEntry testId="af879690-5989-c1c8-8dad-55f54b799d3f" executionId="a1746319-7afe-412d-929a-bdd4a699994d" testListId="8c84fa94-04c1-424b-9868-57a2d4851a1d" />
    <TestEntry testId="97072d34-e354-83ee-3b87-9602c598035d" executionId="d8548f4a-a43a-4756-882e-a071935d90a4" testListId="8c84fa94-04c1-424b-9868-57a2d4851a1d" />
    <TestEntry testId="699a6789-0f98-8684-73f7-be09990dfe67" executionId="fc8ddcb1-8f21-4450-acd3-f72bbe2406f1" testListId="8c84fa94-04c1-424b-9868-57a2d4851a1d" />
    <TestEntry testId="d376d5d6-c61c-c621-ee61-bf16b26099b3" executionId="fcaf966f-ffb7-4f3e-b290-950fc8038ae2" testListId="8c84fa94-04c1-424b-9868-57a2d4851a1d" />
    <TestEntry testId="f3a9aa7a-518a-5dfe-ca36-bc0dd5e5c494" executionId="28193745-9a1e-4c5c-b75b-6dc14b437553" testListId="8c84fa94-04c1-424b-9868-57a2d4851a1d" />
    <TestEntry testId="29e46c4f-1e42-2c61-0d3c-64e97a08aeb4" executionId="721358bd-8a83-4f83-8ab6-cae615654c08" testListId="8c84fa94-04c1-424b-9868-57a2d4851a1d" />
    <TestEntry testId="32951c26-6c11-4c37-5aca-0ebb7ab293f0" executionId="b4e71389-11ce-472a-a0ca-4fab850124a6" testListId="8c84fa94-04c1-424b-9868-57a2d4851a1d" />
    <TestEntry testId="2cc8fb43-7b60-0669-52be-57db8c6ae808" executionId="37c9ebf4-f1ea-40a5-a298-8b12ba9210be" testListId="8c84fa94-04c1-424b-9868-57a2d4851a1d" />
    <TestEntry testId="4a40900e-3b3b-841f-e46e-836b448e1e4b" executionId="f8473e9b-59a7-4cc9-a287-b2054ab1210d" testListId="8c84fa94-04c1-424b-9868-57a2d4851a1d" />
    <TestEntry testId="fdf33367-4f47-8528-6443-6ac840f27098" executionId="ee3fdcaa-e114-4425-8762-1933c11c47f9" testListId="8c84fa94-04c1-424b-9868-57a2d4851a1d" />
    <TestEntry testId="1b61d140-9a8f-c40b-b115-bb0b8d20afb4" executionId="11d7d86d-3400-443d-8181-b13fd102b8af" testListId="8c84fa94-04c1-424b-9868-57a2d4851a1d" />
    <TestEntry testId="356d35e7-8fce-f7af-0651-d7c31d707c70" executionId="7e0e55e1-2413-4e02-b6c7-46eec53b81dc" testListId="8c84fa94-04c1-424b-9868-57a2d4851a1d" />
    <TestEntry testId="d75c6977-b555-bf34-17e2-1fcec915d0c7" executionId="0b0e1b4d-f612-482f-b8a4-167fb4c90b77" testListId="8c84fa94-04c1-424b-9868-57a2d4851a1d" />
    <TestEntry testId="9da55c81-a19a-05ec-f38f-236d61748204" executionId="4ab31909-2108-466e-af7e-86b3b395b887" testListId="8c84fa94-04c1-424b-9868-57a2d4851a1d" />
    <TestEntry testId="72765f8f-353d-9e74-bdcd-3f552ca9fd98" executionId="69555c79-7dd8-4032-898d-312839606c60" testListId="8c84fa94-04c1-424b-9868-57a2d4851a1d" />
    <TestEntry testId="2d37c0bf-1307-ff25-e891-f581658311ab" executionId="44e53415-ef90-43e5-99c9-cb226a1d0c00" testListId="8c84fa94-04c1-424b-9868-57a2d4851a1d" />
    <TestEntry testId="67e6dd0e-7d44-d82e-2f3b-aa8f66abf920" executionId="b459eefe-648e-4306-bb0d-d69cf7421798" testListId="8c84fa94-04c1-424b-9868-57a2d4851a1d" />
    <TestEntry testId="89a12b9f-813a-4efb-f999-7b92b909759c" executionId="d46c5fd2-4af1-4a42-8cc8-071a87f44e3d" testListId="8c84fa94-04c1-424b-9868-57a2d4851a1d" />
    <TestEntry testId="448c73fd-f2ad-d5a5-835b-f6bc7cc155a0" executionId="1ac797a4-86ad-43e8-90ee-67c36d1eaf17" testListId="8c84fa94-04c1-424b-9868-57a2d4851a1d" />
    <TestEntry testId="e5b7f45d-e4d9-fdc0-29e5-75e0c3f35f91" executionId="2e57883e-fc32-4584-9689-eeaf55d279e3" testListId="8c84fa94-04c1-424b-9868-57a2d4851a1d" />
    <TestEntry testId="5cd1d8b7-7caf-b2f8-9b00-016896313ebb" executionId="77bda583-0120-4aa3-b7df-e5c584365e1b" testListId="8c84fa94-04c1-424b-9868-57a2d4851a1d" />
    <TestEntry testId="4c8bee2c-f7ab-fe4e-e699-d6996204c2b9" executionId="483607c8-be7e-4c13-9920-d06b83bb3618" testListId="8c84fa94-04c1-424b-9868-57a2d4851a1d" />
    <TestEntry testId="fd76fb09-8107-7e4d-8ea5-ec14cf078e04" executionId="324b66fe-e89d-4801-9db4-0608dfa53888" testListId="8c84fa94-04c1-424b-9868-57a2d4851a1d" />
    <TestEntry testId="6dbbc32b-e9b1-4194-246c-6aae1ca78af1" executionId="c916eb56-706d-4b09-88b4-8d82e43fb243" testListId="8c84fa94-04c1-424b-9868-57a2d4851a1d" />
    <TestEntry testId="082a2181-e386-d807-0758-be17984275ec" executionId="83fe7b17-4191-48cf-bc6e-ab7cdf2ad3fc" testListId="8c84fa94-04c1-424b-9868-57a2d4851a1d" />
    <TestEntry testId="9434bb73-3e3b-db55-af87-7b78d4817295" executionId="b8568282-60ba-4e90-91b6-58050bff45f1" testListId="8c84fa94-04c1-424b-9868-57a2d4851a1d" />
    <TestEntry testId="87d54fdf-3407-c54a-9f00-45f1cd21f461" executionId="f589ab9a-37be-4a4d-8bb3-6b641e8fe819" testListId="8c84fa94-04c1-424b-9868-57a2d4851a1d" />
    <TestEntry testId="66143ba8-e212-1bda-6771-8786861c33b4" executionId="542b8719-5063-4a18-b635-fa701cf79c40" testListId="8c84fa94-04c1-424b-9868-57a2d4851a1d" />
    <TestEntry testId="328626e2-2917-106d-f2b4-237f8365a302" executionId="1aa57f2d-0b30-435d-b893-d14896ef175f" testListId="8c84fa94-04c1-424b-9868-57a2d4851a1d" />
    <TestEntry testId="6fef3c26-d8a7-7128-d2f9-5121ba8a1750" executionId="63c1b6cd-da98-4ae2-95f2-37146273a960" testListId="8c84fa94-04c1-424b-9868-57a2d4851a1d" />
    <TestEntry testId="db6a6bcb-535b-e75e-783b-84990807b65a" executionId="1cd89fd5-70fc-4968-b232-d3aba597ec9b" testListId="8c84fa94-04c1-424b-9868-57a2d4851a1d" />
    <TestEntry testId="1fad0372-47f8-1265-31b2-2bc24b4e9351" executionId="eb34e517-9107-48c9-869e-03dcab465bc2" testListId="8c84fa94-04c1-424b-9868-57a2d4851a1d" />
    <TestEntry testId="48923776-a0a2-271d-ce8e-e7308edc08b1" executionId="683ff5f4-64bb-45d9-a856-812351f0e898" testListId="8c84fa94-04c1-424b-9868-57a2d4851a1d" />
    <TestEntry testId="c87ec24b-6dfe-b51f-a90d-b76c779b286f" executionId="325979a8-1019-4313-852d-914c28d7c923" testListId="8c84fa94-04c1-424b-9868-57a2d4851a1d" />
    <TestEntry testId="61a77492-4915-40b9-90fe-7c54c4de7b37" executionId="a353135b-d163-496f-b148-e0d1542c3658" testListId="8c84fa94-04c1-424b-9868-57a2d4851a1d" />
    <TestEntry testId="c0131109-df76-2fc5-f475-2686f4c42b4a" executionId="8ad2dbe3-149e-4d5b-bcbc-36fafc2ffcbc" testListId="8c84fa94-04c1-424b-9868-57a2d4851a1d" />
    <TestEntry testId="dee645e8-b85a-fe10-5138-068b12309c68" executionId="5031cccb-2c12-4b8f-9e47-56f879e13d74" testListId="8c84fa94-04c1-424b-9868-57a2d4851a1d" />
    <TestEntry testId="6163e1f2-56fa-2b92-dc2f-cc1f2046bcab" executionId="7b736af4-0e5b-4de0-a1cf-ea23de99cf00" testListId="8c84fa94-04c1-424b-9868-57a2d4851a1d" />
    <TestEntry testId="41b302a8-308b-7808-e3a2-829387348a25" executionId="662e1fd2-c551-48fc-9bb4-a1757515a745" testListId="8c84fa94-04c1-424b-9868-57a2d4851a1d" />
    <TestEntry testId="20b5d86b-929c-1bc6-3852-161ec92d4157" executionId="1f5855b0-2d82-4b9d-8104-3d882a30ae6b" testListId="8c84fa94-04c1-424b-9868-57a2d4851a1d" />
    <TestEntry testId="f236e674-f38d-ec03-bde4-0374d71b00e6" executionId="9f7943dc-174e-4024-8819-e1c53552b32f" testListId="8c84fa94-04c1-424b-9868-57a2d4851a1d" />
    <TestEntry testId="ca88ddd1-d67a-3fd6-96b7-95639586d7ae" executionId="ea22dcd3-85b7-4913-950d-efd863ce2fc6" testListId="8c84fa94-04c1-424b-9868-57a2d4851a1d" />
    <TestEntry testId="3da72b97-5d7c-0cae-8003-9bd7478d5f25" executionId="140cd619-402e-4efe-abd1-ea7ba274201c" testListId="8c84fa94-04c1-424b-9868-57a2d4851a1d" />
    <TestEntry testId="77e27fa6-0bdb-878e-05e9-7423b1852376" executionId="c4967737-f55c-4156-81d1-c549025231e1" testListId="8c84fa94-04c1-424b-9868-57a2d4851a1d" />
    <TestEntry testId="ab4b4f51-8627-7f5e-ef7b-b3bb21a23b04" executionId="3c548731-645a-4daf-9460-137182046984" testListId="8c84fa94-04c1-424b-9868-57a2d4851a1d" />
    <TestEntry testId="abe91dd2-8471-d4cb-63c4-ccab2aefd83a" executionId="7375676a-a329-410c-91da-77b206f05cb1" testListId="8c84fa94-04c1-424b-9868-57a2d4851a1d" />
    <TestEntry testId="a2e7c791-67a3-fceb-fd14-1aa4e462c60f" executionId="e90ed88f-7d1f-4291-8b2b-25c0e2a89138" testListId="8c84fa94-04c1-424b-9868-57a2d4851a1d" />
    <TestEntry testId="dd2d7910-ec57-5051-fd72-b67700324b92" executionId="059c7832-a39f-47c7-95e2-9cb88c39c3e0" testListId="8c84fa94-04c1-424b-9868-57a2d4851a1d" />
    <TestEntry testId="c80c7e33-25d0-b68a-2899-eb4622d44790" executionId="ad4f4bb6-a1d8-41b3-9080-03c7f21a87ce" testListId="8c84fa94-04c1-424b-9868-57a2d4851a1d" />
    <TestEntry testId="79297ac1-6d0b-47e4-0c82-9c50e396268b" executionId="fd48a12d-ecaa-46d5-8cf4-aacbfd8a58d0" testListId="8c84fa94-04c1-424b-9868-57a2d4851a1d" />
    <TestEntry testId="4c50dc2b-ccbf-2023-7f8e-d0c20b61e829" executionId="de1a2024-3e57-4028-9323-450d192cd35c" testListId="8c84fa94-04c1-424b-9868-57a2d4851a1d" />
    <TestEntry testId="91851dec-943d-8134-4ac6-bcb50da22a00" executionId="2a5b1ad0-5e7a-423e-a722-11a7ffc3588f" testListId="8c84fa94-04c1-424b-9868-57a2d4851a1d" />
    <TestEntry testId="60852b35-3962-6786-5fa3-de0b7bcc0bae" executionId="8596122c-55c5-43fd-9693-33c9b8cfcd72" testListId="8c84fa94-04c1-424b-9868-57a2d4851a1d" />
    <TestEntry testId="e38bbde7-7c32-13f2-8994-c802204d2549" executionId="0760623f-f82c-46a6-99da-ab688ca8e83c" testListId="8c84fa94-04c1-424b-9868-57a2d4851a1d" />
    <TestEntry testId="be1c9750-d504-a105-28fb-5d10cd02702f" executionId="009577a0-2222-4c96-ad1c-559a88b6a28b" testListId="8c84fa94-04c1-424b-9868-57a2d4851a1d" />
    <TestEntry testId="d85c4c8f-83fc-5445-99f8-ae65334bedf7" executionId="576d91fa-c4e4-4755-a7c2-3af3eab8f57e" testListId="8c84fa94-04c1-424b-9868-57a2d4851a1d" />
    <TestEntry testId="fc06c3ad-fab1-b1e2-d0e0-1770e1c4b402" executionId="4f7c5542-c2bc-4ec8-839f-b85e62ef632e" testListId="8c84fa94-04c1-424b-9868-57a2d4851a1d" />
    <TestEntry testId="bbedf32a-3796-74b1-19a9-10291cc20736" executionId="4c40f4a2-22ab-415d-86f3-503044ec17cc" testListId="8c84fa94-04c1-424b-9868-57a2d4851a1d" />
    <TestEntry testId="7462b46d-340e-37a3-3422-34e06138e48d" executionId="e9a31122-fa33-4b75-9b00-1d2fa692b633" testListId="8c84fa94-04c1-424b-9868-57a2d4851a1d" />
    <TestEntry testId="fe9565f0-42b4-c9fd-bca4-8ca0416fa11e" executionId="972b1f5e-4329-4649-b279-5a118c022a52" testListId="8c84fa94-04c1-424b-9868-57a2d4851a1d" />
    <TestEntry testId="22a00502-cbda-eaec-78ec-36e4b24e2ea2" executionId="2228c03d-cb98-4057-947b-27c8a15dda2e" testListId="8c84fa94-04c1-424b-9868-57a2d4851a1d" />
    <TestEntry testId="80521eb1-f083-9fdb-1437-9c31c69a7908" executionId="ac4a5999-d042-4b5f-825f-8f7266b21ee5" testListId="8c84fa94-04c1-424b-9868-57a2d4851a1d" />
    <TestEntry testId="ffa2a26e-7d53-5546-a1bb-301f2b48b480" executionId="08491784-5643-4211-8e9d-d4954d718e06" testListId="8c84fa94-04c1-424b-9868-57a2d4851a1d" />
    <TestEntry testId="2dced8d1-7e70-2c66-9aae-7825a4df21c3" executionId="4ddd4e9a-69db-4231-ac18-d78732639ef8" testListId="8c84fa94-04c1-424b-9868-57a2d4851a1d" />
    <TestEntry testId="4372bc1a-7706-ff33-e768-315e763e3424" executionId="d4188c69-cc19-4688-ab9b-07aa9e5e678c" testListId="8c84fa94-04c1-424b-9868-57a2d4851a1d" />
    <TestEntry testId="ecabf59a-4538-fdab-ae33-676b7fd12454" executionId="20d409f4-e1fe-49a6-bc18-0f6116ea68dd" testListId="8c84fa94-04c1-424b-9868-57a2d4851a1d" />
    <TestEntry testId="32a55c4b-56f8-5284-c7cb-c7f87a2a08ae" executionId="8605ed9c-5667-4c6e-a990-c2516b9648db" testListId="8c84fa94-04c1-424b-9868-57a2d4851a1d" />
    <TestEntry testId="8308e547-c0ff-8abd-123d-5c0c7ab3246c" executionId="32152bd9-ddb2-4e47-a39f-3e3562326002" testListId="8c84fa94-04c1-424b-9868-57a2d4851a1d" />
    <TestEntry testId="7868f79c-2e29-93aa-c0ab-f4ef2134f009" executionId="343d3e38-fff0-403f-9aad-f98a4563bb96" testListId="8c84fa94-04c1-424b-9868-57a2d4851a1d" />
    <TestEntry testId="e2941846-faaa-6acf-15ad-928b7c4795a3" executionId="09fc4f9f-8f63-4db7-bda9-e1b4fae79c12" testListId="8c84fa94-04c1-424b-9868-57a2d4851a1d" />
    <TestEntry testId="866e5ac6-7f3d-16e0-688d-33abc6d5cb08" executionId="85b36baa-dd8d-4888-b619-34ab4270c0a4" testListId="8c84fa94-04c1-424b-9868-57a2d4851a1d" />
    <TestEntry testId="9056c162-5a24-a05d-e6e6-01dbe42c1251" executionId="db3e69fd-d454-4763-abc7-8ea06f871942" testListId="8c84fa94-04c1-424b-9868-57a2d4851a1d" />
    <TestEntry testId="195c7a74-acd3-65f4-43c7-9ddb6e6b87b1" executionId="c430b204-b2a5-4048-8ebf-1bd604bc465c" testListId="8c84fa94-04c1-424b-9868-57a2d4851a1d" />
    <TestEntry testId="19410f8d-3e98-122c-9368-4cdf120d0b7a" executionId="68bb3164-5687-4771-9d17-7be85bd18c5e" testListId="8c84fa94-04c1-424b-9868-57a2d4851a1d" />
    <TestEntry testId="f5f7604d-a744-6e67-dc35-b7f43ec2ee0e" executionId="ce58e1cc-b9f4-452a-89ba-b72cc31ffd6d" testListId="8c84fa94-04c1-424b-9868-57a2d4851a1d" />
    <TestEntry testId="170f0d25-66de-cab8-7c5b-df22fa8aae8e" executionId="4f30b558-7235-4dc7-9874-cdf85b17dba0" testListId="8c84fa94-04c1-424b-9868-57a2d4851a1d" />
    <TestEntry testId="577fbd8e-a4b9-f591-1357-fbd8e3f56bc9" executionId="31be9018-1afa-4b13-8f1f-1283b389d67f" testListId="8c84fa94-04c1-424b-9868-57a2d4851a1d" />
    <TestEntry testId="19f73243-a66c-8183-0523-f8e6e1cbbf4e" executionId="33792330-3f60-4ec9-9b28-8503afbafdd9" testListId="8c84fa94-04c1-424b-9868-57a2d4851a1d" />
    <TestEntry testId="c2cf6b44-23b0-a7d9-10e7-b3a1eef2d243" executionId="16a71559-e8d2-4e3b-ba0c-00a542a2c2eb" testListId="8c84fa94-04c1-424b-9868-57a2d4851a1d" />
    <TestEntry testId="f9b28fb8-34a4-ab1c-8410-ff0fd449dde2" executionId="050c2f5e-20a8-4a03-9d63-4e0211a8f47e" testListId="8c84fa94-04c1-424b-9868-57a2d4851a1d" />
    <TestEntry testId="d7208133-a589-45e3-ff44-627def45f557" executionId="2e21c422-a1c2-45d9-8e7a-86871b1b6732" testListId="8c84fa94-04c1-424b-9868-57a2d4851a1d" />
    <TestEntry testId="4f80e99f-44fb-4a96-7a0c-b8cafc25fd26" executionId="3145a354-db10-4a05-8989-618e746eb109" testListId="8c84fa94-04c1-424b-9868-57a2d4851a1d" />
    <TestEntry testId="645031d7-867b-1ee3-c541-d3d1f5fb462c" executionId="d66909d9-bc80-48f3-86ad-e12c6b7e9e94" testListId="8c84fa94-04c1-424b-9868-57a2d4851a1d" />
    <TestEntry testId="de7366d4-3f24-1c0e-9643-aa6ab62cf820" executionId="e1912259-6481-4cb9-a471-38995f2d5b98" testListId="8c84fa94-04c1-424b-9868-57a2d4851a1d" />
    <TestEntry testId="ee320c22-1469-ca65-6c73-4c07f0f2d414" executionId="5248c12b-7cc2-41ee-b60f-bc0263db8af8" testListId="8c84fa94-04c1-424b-9868-57a2d4851a1d" />
    <TestEntry testId="22241649-4695-fbc7-3422-ad937115572d" executionId="bf200248-09ed-4dcf-b762-127c2a9c32b7" testListId="8c84fa94-04c1-424b-9868-57a2d4851a1d" />
    <TestEntry testId="e7ac9988-7621-552a-c7ef-2f5d687cb30f" executionId="160426d8-c9ba-4abd-90a5-12e5c0b8efeb" testListId="8c84fa94-04c1-424b-9868-57a2d4851a1d" />
    <TestEntry testId="929d068b-2bfa-4bf6-0e7a-85e3b03ac326" executionId="ba4f7c02-6aed-4470-9c0a-5be6d0706bd4" testListId="8c84fa94-04c1-424b-9868-57a2d4851a1d" />
    <TestEntry testId="f8966c9b-7297-e10a-59fa-ccbee59cbb5a" executionId="60c6cbfb-5c1e-407f-84aa-1075ec003816" testListId="8c84fa94-04c1-424b-9868-57a2d4851a1d" />
    <TestEntry testId="9395117e-85f9-d901-768a-95cc1d1379fe" executionId="e170bdd1-65ce-43db-9c59-cd768e61f16a" testListId="8c84fa94-04c1-424b-9868-57a2d4851a1d" />
    <TestEntry testId="71e39148-9c37-ae58-6d36-3d3e37edac56" executionId="41e332da-aa3c-4393-af1b-62a3cbae621d" testListId="8c84fa94-04c1-424b-9868-57a2d4851a1d" />
    <TestEntry testId="149d90b1-87f3-e24d-ddb6-df271a8a4a44" executionId="5f12a0e0-18ab-4808-b89c-2cfc7c09d2b1" testListId="8c84fa94-04c1-424b-9868-57a2d4851a1d" />
    <TestEntry testId="add83e04-1e76-3107-86f3-f7847e1cc757" executionId="c9d14910-f1be-4c9e-bdbe-71739e948749" testListId="8c84fa94-04c1-424b-9868-57a2d4851a1d" />
    <TestEntry testId="e81fb0a8-88ce-4535-49c2-b0978247710e" executionId="d573fde0-5a61-4d7c-b118-9d163f3df8e7" testListId="8c84fa94-04c1-424b-9868-57a2d4851a1d" />
    <TestEntry testId="f03c2b9f-2c41-20e9-8d55-7a3e599e4962" executionId="08912c9d-ef54-4f89-b74f-538bab09d0bc" testListId="8c84fa94-04c1-424b-9868-57a2d4851a1d" />
    <TestEntry testId="cb1dec09-7a01-a46f-98f0-2acbddeba2c6" executionId="69b1bace-b809-47f9-a4c7-d660a5bb18f6" testListId="8c84fa94-04c1-424b-9868-57a2d4851a1d" />
    <TestEntry testId="266780e5-46bd-0799-0fd8-9f45e518108f" executionId="4dffbe5c-100f-4780-87a6-bb8d47177b16" testListId="8c84fa94-04c1-424b-9868-57a2d4851a1d" />
    <TestEntry testId="53169a8b-a180-e250-3920-f4a43b761db8" executionId="4baeba68-b9dd-45b4-acb1-c93872e55cfd" testListId="8c84fa94-04c1-424b-9868-57a2d4851a1d" />
    <TestEntry testId="fb3af10d-50ff-1186-ac4a-4345762fb319" executionId="e383bdff-a5a5-44b6-a1ce-6177548cfc8b" testListId="8c84fa94-04c1-424b-9868-57a2d4851a1d" />
    <TestEntry testId="12cc7e13-dec9-8a97-4964-40bdb73f0d1a" executionId="5c88fced-d047-4e64-8196-fd86f7f59436" testListId="8c84fa94-04c1-424b-9868-57a2d4851a1d" />
    <TestEntry testId="a4752a16-dabb-a85f-b504-02000a44d1fb" executionId="280a223b-56c7-4a2c-b711-75485701c39a" testListId="8c84fa94-04c1-424b-9868-57a2d4851a1d" />
    <TestEntry testId="0eb773fd-ad2b-0a8f-4fea-dae0c1cd7006" executionId="7ff88c87-d67d-4008-aed6-d9d926379e7f" testListId="8c84fa94-04c1-424b-9868-57a2d4851a1d" />
    <TestEntry testId="6dc63753-04e3-cc4e-238f-3edde2e40fc0" executionId="d7b77d40-7d68-487e-a7d9-eaeb5abe19ac" testListId="8c84fa94-04c1-424b-9868-57a2d4851a1d" />
    <TestEntry testId="b78956aa-a262-4294-0aed-15a8a068c722" executionId="10e2f1c4-806b-47bd-a5d6-8927e8ad9d5b" testListId="8c84fa94-04c1-424b-9868-57a2d4851a1d" />
    <TestEntry testId="4d25d56d-2bdb-bbce-03f1-78db85391da1" executionId="d3142f15-c9d2-49b1-b302-c1abbdf9d934" testListId="8c84fa94-04c1-424b-9868-57a2d4851a1d" />
    <TestEntry testId="7a41630d-2138-f286-7852-3dd0b650bdb4" executionId="63023f92-4751-4d98-8665-85f2b370f4f6" testListId="8c84fa94-04c1-424b-9868-57a2d4851a1d" />
    <TestEntry testId="e4943429-5f2c-1e44-c8a5-6c44e87109e2" executionId="2ffe7e25-2b54-4c4a-b6ad-746e7d337fbb" testListId="8c84fa94-04c1-424b-9868-57a2d4851a1d" />
    <TestEntry testId="17852aa4-45a8-826a-0ed9-1fbcdde06043" executionId="2682c52e-271f-4fae-b32d-f9a88272db7d" testListId="8c84fa94-04c1-424b-9868-57a2d4851a1d" />
    <TestEntry testId="32d1c10d-b25c-79a5-177d-d066a5cfd828" executionId="1f9f0d94-c4cc-463c-919e-5e101272e1aa" testListId="8c84fa94-04c1-424b-9868-57a2d4851a1d" />
    <TestEntry testId="feb26464-7985-bb21-dac6-e28d4bf8481f" executionId="2945f8e3-e64a-4b9c-916d-bf0f4861d0f7" testListId="8c84fa94-04c1-424b-9868-57a2d4851a1d" />
    <TestEntry testId="34626241-c38f-af31-751d-ab5813594b69" executionId="836cf064-6b71-4a2f-b429-71ea916a9acd" testListId="8c84fa94-04c1-424b-9868-57a2d4851a1d" />
    <TestEntry testId="22ed2f61-a1e0-6fae-90a0-1f823e7f0e45" executionId="63b35faf-7f87-47af-8f58-eda4b1423bed" testListId="8c84fa94-04c1-424b-9868-57a2d4851a1d" />
    <TestEntry testId="0fb148d8-15fa-4413-315d-3df25bc00ce2" executionId="52f885fe-ba79-4197-919b-f5128e216862" testListId="8c84fa94-04c1-424b-9868-57a2d4851a1d" />
    <TestEntry testId="2cc21eb5-ceab-0e8f-1730-725a5b609ea4" executionId="b5590dec-8f57-49dd-b43a-4966b3183ce8" testListId="8c84fa94-04c1-424b-9868-57a2d4851a1d" />
    <TestEntry testId="2878ec11-f19d-a252-fb97-8489b89749c2" executionId="41a87b91-a3be-4169-8bef-42b0c3208142" testListId="8c84fa94-04c1-424b-9868-57a2d4851a1d" />
    <TestEntry testId="5da07d8d-88b1-ce71-310a-cb1605338078" executionId="684bbe82-5e03-4239-9d5e-4d3d95cd4571" testListId="8c84fa94-04c1-424b-9868-57a2d4851a1d" />
    <TestEntry testId="2d432634-9968-ffac-7c28-ca6fa6c5eaf6" executionId="d88213e0-c7dc-4abd-ad9a-b3f39e3d41a2" testListId="8c84fa94-04c1-424b-9868-57a2d4851a1d" />
    <TestEntry testId="89bb4e11-bd67-a017-f28b-a0452b3df9a1" executionId="37cb90fb-8bc8-47a7-a8bf-3c5112b8ad14" testListId="8c84fa94-04c1-424b-9868-57a2d4851a1d" />
    <TestEntry testId="0ca1aead-f2d1-23ac-78df-b9bd46f37ce1" executionId="a0cce804-399e-4fe0-b7e7-2218a73105c2" testListId="8c84fa94-04c1-424b-9868-57a2d4851a1d" />
    <TestEntry testId="dc26829d-34d3-dc8f-49cb-5e7332af9dd9" executionId="483cc3ad-aaf7-4ce1-9c89-6fa126f07827" testListId="8c84fa94-04c1-424b-9868-57a2d4851a1d" />
    <TestEntry testId="f2d18da3-f3a5-dcdb-3a6d-549a89b517ce" executionId="7070a6f3-05fc-4041-9418-f0563629f73c" testListId="8c84fa94-04c1-424b-9868-57a2d4851a1d" />
    <TestEntry testId="6ea98504-07b6-79b4-9267-d77e7ed1c073" executionId="86b69043-61f9-44c7-a571-9796a2983bb9" testListId="8c84fa94-04c1-424b-9868-57a2d4851a1d" />
    <TestEntry testId="0aa6b240-330d-2b1f-d264-18ddb4420e7f" executionId="f8abae6a-0536-40cf-9dae-b138e6a274a7" testListId="8c84fa94-04c1-424b-9868-57a2d4851a1d" />
    <TestEntry testId="20d51d60-9439-c0d4-b57d-2868650e5bc8" executionId="730cfd3d-4b36-4288-9757-95a49c65f651" testListId="8c84fa94-04c1-424b-9868-57a2d4851a1d" />
    <TestEntry testId="8176aecd-c6f2-42eb-4695-cd457b880b79" executionId="89be5c4c-d90a-4ef7-99c3-b18a6578be68" testListId="8c84fa94-04c1-424b-9868-57a2d4851a1d" />
    <TestEntry testId="3f0b3a1b-4525-74e9-5bff-4c1071c6d7ce" executionId="2dccd9d9-94a2-4096-be7e-5f174354d70e" testListId="8c84fa94-04c1-424b-9868-57a2d4851a1d" />
    <TestEntry testId="62be7d6b-02cd-c0ec-4254-2532cbc87c8f" executionId="9f0bc8c6-b21c-4bf4-b82d-741c4d5a1595" testListId="8c84fa94-04c1-424b-9868-57a2d4851a1d" />
    <TestEntry testId="5a496442-d837-3ea7-dc81-303e093c49a7" executionId="5395b153-942c-48af-b52d-7427310250bc" testListId="8c84fa94-04c1-424b-9868-57a2d4851a1d" />
    <TestEntry testId="a168fdcf-1093-8ec2-c811-9e396971e8b2" executionId="086a46db-b927-4c32-b624-69a420cbcb94" testListId="8c84fa94-04c1-424b-9868-57a2d4851a1d" />
    <TestEntry testId="3210d6f4-03eb-8d4d-660c-d4abc44d9f10" executionId="56ddde7b-3a2e-4a83-a7b7-68c0fdec7937" testListId="8c84fa94-04c1-424b-9868-57a2d4851a1d" />
    <TestEntry testId="b8e71c41-58cc-bb0c-668e-20a5b3e27a4e" executionId="a528059b-7851-49aa-8118-fc4ce01a6ef5" testListId="8c84fa94-04c1-424b-9868-57a2d4851a1d" />
    <TestEntry testId="bce75c1f-6393-5e75-dbbe-de212a4dc098" executionId="8f5fde14-4182-4b02-b66a-667e5eb58c4b" testListId="8c84fa94-04c1-424b-9868-57a2d4851a1d" />
    <TestEntry testId="392c52b0-1480-e21e-2bce-7364e2546100" executionId="7cc0704b-e4ca-443e-b4d4-8eb3a5074fbc" testListId="8c84fa94-04c1-424b-9868-57a2d4851a1d" />
    <TestEntry testId="6ed131d1-c90c-b81e-acc8-600a341c846f" executionId="f842982e-45d2-46f4-89cd-ddb99afeee72" testListId="8c84fa94-04c1-424b-9868-57a2d4851a1d" />
    <TestEntry testId="2c4979d1-dc0c-a5f4-9bbe-9b57c0a4993f" executionId="d8a104c8-db7f-4897-a0b8-90953b3d7cd2" testListId="8c84fa94-04c1-424b-9868-57a2d4851a1d" />
    <TestEntry testId="f1c2a352-5617-b47a-1b59-56c3ce46cc47" executionId="bbf79b93-121a-4c90-b346-ff95317ec692" testListId="8c84fa94-04c1-424b-9868-57a2d4851a1d" />
    <TestEntry testId="86a80db5-891f-39f6-9def-f8d65936162b" executionId="b79bbd38-3e8b-4cf6-a8b6-21f31f96edd9" testListId="8c84fa94-04c1-424b-9868-57a2d4851a1d" />
    <TestEntry testId="4fe09a41-5a93-0d98-4241-67495dd27e36" executionId="831aade1-e631-4e9d-b448-fb96ab56bada" testListId="8c84fa94-04c1-424b-9868-57a2d4851a1d" />
    <TestEntry testId="5b4c9d42-6bf1-4941-1b2b-c27e099e6080" executionId="f13c2b63-2d89-481d-a730-027501eb5098" testListId="8c84fa94-04c1-424b-9868-57a2d4851a1d" />
    <TestEntry testId="aa33984a-b8fb-574b-3b75-4ed442e42f72" executionId="0e8516a2-3005-48f2-bd4b-a2005ab364c8" testListId="8c84fa94-04c1-424b-9868-57a2d4851a1d" />
    <TestEntry testId="890e0418-f8c3-9979-307d-56f29c5ae195" executionId="fcd912e5-9600-47fe-89bd-f192205444aa" testListId="8c84fa94-04c1-424b-9868-57a2d4851a1d" />
    <TestEntry testId="1dca3f2c-8fe4-5aac-e21a-086a711e7314" executionId="d0f82217-f362-4028-9ce4-e496367f9126" testListId="8c84fa94-04c1-424b-9868-57a2d4851a1d" />
    <TestEntry testId="00bff54e-7f18-ddf3-bc86-f287cbf6e72a" executionId="aee81fee-5721-4d18-b54d-2e516e8b069b" testListId="8c84fa94-04c1-424b-9868-57a2d4851a1d" />
    <TestEntry testId="abc92c35-87b4-07da-a074-e83be39f30c9" executionId="3392b995-93fb-4fdc-878b-16da5a95b21e" testListId="8c84fa94-04c1-424b-9868-57a2d4851a1d" />
    <TestEntry testId="da8cc568-a3f4-16e8-f287-ad03a6445b93" executionId="edd8a537-df75-4f9c-a737-200b3cb680e7" testListId="8c84fa94-04c1-424b-9868-57a2d4851a1d" />
    <TestEntry testId="00e5c958-be21-6743-94ba-60b70f6a3a24" executionId="4c63975b-90b1-4278-9173-57e1d7bada06" testListId="8c84fa94-04c1-424b-9868-57a2d4851a1d" />
    <TestEntry testId="61b450b5-39b4-fb02-99de-fb2a3086c4f1" executionId="e63000be-b922-4a44-ad85-bcabaef9fc43" testListId="8c84fa94-04c1-424b-9868-57a2d4851a1d" />
    <TestEntry testId="b8892f75-c86d-8085-ef86-8e01eef462c3" executionId="eb45b7aa-0772-4b96-8dd5-7c959f8860a6" testListId="8c84fa94-04c1-424b-9868-57a2d4851a1d" />
    <TestEntry testId="fe4d663b-63b3-c9e4-9fce-558c745dcd22" executionId="c6c9ac50-bcff-4a1e-a154-891b2b5888a0" testListId="8c84fa94-04c1-424b-9868-57a2d4851a1d" />
    <TestEntry testId="712ba21d-b04b-5e24-bfd1-a2681960a6f7" executionId="cdb04b04-fe68-410c-8c61-8e7ca89228c4" testListId="8c84fa94-04c1-424b-9868-57a2d4851a1d" />
    <TestEntry testId="5a43bf05-5f4d-e430-1a26-67d256d0c993" executionId="cd056cfe-92bb-4963-a48f-1d35e0d48013" testListId="8c84fa94-04c1-424b-9868-57a2d4851a1d" />
    <TestEntry testId="d62e8aa2-3e34-7c99-fc34-b810a2b76c85" executionId="48392b11-f265-438d-ad82-004439b6d5b9" testListId="8c84fa94-04c1-424b-9868-57a2d4851a1d" />
    <TestEntry testId="5f1ab1a0-57dd-04a4-3580-538b9267362b" executionId="5412f08b-6a15-47f9-8376-e158eeba810f" testListId="8c84fa94-04c1-424b-9868-57a2d4851a1d" />
    <TestEntry testId="9aa2db2f-c5a7-96a9-4028-8f86085fbd39" executionId="7ceb2a27-c7f3-49a6-ba71-7ff3e2fbfde3" testListId="8c84fa94-04c1-424b-9868-57a2d4851a1d" />
    <TestEntry testId="a5353e3b-b3e5-0071-44f0-428f7f94dd12" executionId="2ae602e9-dedb-42a1-8914-21431843ba3c" testListId="8c84fa94-04c1-424b-9868-57a2d4851a1d" />
    <TestEntry testId="bb55b398-5265-726a-92b4-f6b83f675a74" executionId="a3196cc7-ea4b-4baa-a2f9-c1da377a0296" testListId="8c84fa94-04c1-424b-9868-57a2d4851a1d" />
    <TestEntry testId="c7dcdf51-041e-c48b-45c4-1eee0a929682" executionId="04757ae0-5f8b-45c8-8d65-8814f7a1615f" testListId="8c84fa94-04c1-424b-9868-57a2d4851a1d" />
    <TestEntry testId="1354295b-99ac-a3f1-e167-ec1dd8347d86" executionId="4d35b391-a637-4a19-b88a-7cc0be456682" testListId="8c84fa94-04c1-424b-9868-57a2d4851a1d" />
    <TestEntry testId="53ecaabf-047d-a0cc-00a9-6cfaab65629f" executionId="2b3febda-9fe3-4a9d-a915-b7717c8d85f8" testListId="8c84fa94-04c1-424b-9868-57a2d4851a1d" />
    <TestEntry testId="1f51fe46-c7e0-adfa-53f8-3a82417583f0" executionId="239e3000-341c-4f77-83ed-63786896ff9c" testListId="8c84fa94-04c1-424b-9868-57a2d4851a1d" />
    <TestEntry testId="f2f3da8d-10f8-d96b-a2b9-a4f31e6cad5c" executionId="a357106e-d95d-4c8e-a4d8-102aa2cbabd8" testListId="8c84fa94-04c1-424b-9868-57a2d4851a1d" />
    <TestEntry testId="80c5f92e-c8f3-51cc-f66f-409a1f90ef96" executionId="20cfab86-b80d-47e8-9ea1-747eb2aca119" testListId="8c84fa94-04c1-424b-9868-57a2d4851a1d" />
    <TestEntry testId="7e984f17-dd82-8aa5-2344-2982963c53e7" executionId="50b3e504-20f8-4ba9-90ae-927268d7fb55" testListId="8c84fa94-04c1-424b-9868-57a2d4851a1d" />
    <TestEntry testId="2b61daef-fccb-21c6-428c-5caf8f81a49c" executionId="c97c927b-3e00-43e8-97fd-afd3e782d7fb" testListId="8c84fa94-04c1-424b-9868-57a2d4851a1d" />
    <TestEntry testId="d79d1f06-a592-222a-eb5b-25e1d3c740a8" executionId="af6253e7-81ac-4623-bfed-874d0b816023" testListId="8c84fa94-04c1-424b-9868-57a2d4851a1d" />
    <TestEntry testId="43000322-6c1e-1d6d-a34b-d5b6776c9399" executionId="0489d1e9-b10a-4d6e-b5d5-a68a3c8bfd9d" testListId="8c84fa94-04c1-424b-9868-57a2d4851a1d" />
    <TestEntry testId="104a6191-95b3-d7f3-0db4-f81eafaa4516" executionId="2f920e4a-6e49-477c-a74d-eb2ef6535b4a" testListId="8c84fa94-04c1-424b-9868-57a2d4851a1d" />
    <TestEntry testId="4426518b-d4b2-1333-5528-0632a9b24c46" executionId="228563b1-a6c7-4f7a-9f15-674bf36efb32" testListId="8c84fa94-04c1-424b-9868-57a2d4851a1d" />
    <TestEntry testId="3a60b339-e8c1-b9bc-2de7-652ebd990838" executionId="7b7b4be1-3822-454d-9d8a-b62b38259192" testListId="8c84fa94-04c1-424b-9868-57a2d4851a1d" />
    <TestEntry testId="13f0d8fd-3cff-9607-5466-47bb6220019f" executionId="6616ca69-9614-4b98-a4eb-eccc613da7b5" testListId="8c84fa94-04c1-424b-9868-57a2d4851a1d" />
    <TestEntry testId="2dad7149-e6c4-c1fa-d1c5-611105089a77" executionId="f6718483-c842-4893-8b9c-eebd4758d7b8" testListId="8c84fa94-04c1-424b-9868-57a2d4851a1d" />
    <TestEntry testId="3f4fb5d2-4690-e2f4-04e9-37137aca02f5" executionId="a0d91db3-f61f-4d41-9e76-c3af40ffb42f" testListId="8c84fa94-04c1-424b-9868-57a2d4851a1d" />
    <TestEntry testId="78cee225-fe07-5f82-24aa-31b32ec8dcda" executionId="8e2bd64e-15d5-46ba-a26d-f2ae34502fb0" testListId="8c84fa94-04c1-424b-9868-57a2d4851a1d" />
    <TestEntry testId="08bc12b0-6775-fb69-e4b2-465356d637f2" executionId="4e40ce25-ad67-41ae-a5f1-09186daba94c" testListId="8c84fa94-04c1-424b-9868-57a2d4851a1d" />
    <TestEntry testId="7f538aba-29cb-35f8-5e74-e92b0ffc71d5" executionId="af9552e0-7b8c-4c57-a586-7401e954309e" testListId="8c84fa94-04c1-424b-9868-57a2d4851a1d" />
    <TestEntry testId="cf4510d3-32bf-acf4-c32d-94d7c6f72d7e" executionId="2f21a2ac-5ffe-46a6-bbaa-f30473800a4d" testListId="8c84fa94-04c1-424b-9868-57a2d4851a1d" />
    <TestEntry testId="94c16b61-21cd-6065-58d9-19e1a8966487" executionId="5496ae35-8ad5-45f2-b5fe-057d30219a2b" testListId="8c84fa94-04c1-424b-9868-57a2d4851a1d" />
    <TestEntry testId="be2ad591-bbe5-f67c-5876-676ee11eac85" executionId="a997e003-7381-4351-9c7f-ff584f34f25b" testListId="8c84fa94-04c1-424b-9868-57a2d4851a1d" />
    <TestEntry testId="2f3401cb-9e12-c50a-ee15-638c2d2e9226" executionId="5de2502d-ba50-47ac-b26d-bc34961d5314" testListId="8c84fa94-04c1-424b-9868-57a2d4851a1d" />
    <TestEntry testId="58aa9e81-5dc2-962d-a539-c4c5acfad102" executionId="ead07e24-2e31-4d5b-a375-24bb3926281f" testListId="8c84fa94-04c1-424b-9868-57a2d4851a1d" />
    <TestEntry testId="8867a1ea-b5b0-abf8-8feb-a781f35262f3" executionId="b97f0e4c-0585-4439-85ed-5f926f758f57" testListId="8c84fa94-04c1-424b-9868-57a2d4851a1d" />
    <TestEntry testId="d5596ba1-58a2-e036-2213-2c791a2175c2" executionId="a9f65898-cc92-4407-aead-7097cc19610f" testListId="8c84fa94-04c1-424b-9868-57a2d4851a1d" />
    <TestEntry testId="a9b42851-3abb-a723-6277-b308a412f0ce" executionId="19b4a553-0d2f-4587-a219-3ddd0abce0c8" testListId="8c84fa94-04c1-424b-9868-57a2d4851a1d" />
    <TestEntry testId="5e404b86-511c-de91-e606-01a24d7424c9" executionId="61fcec6c-540b-49f5-9e8a-821541de9871" testListId="8c84fa94-04c1-424b-9868-57a2d4851a1d" />
    <TestEntry testId="1f5b0f3b-cad3-bc46-f791-552947058f67" executionId="03323500-ebf6-4f8e-8dad-0c85c3f46d40" testListId="8c84fa94-04c1-424b-9868-57a2d4851a1d" />
    <TestEntry testId="c2718f1e-8d00-38b5-2ad6-539df98cecac" executionId="172bd187-1d61-495f-bd8a-19b1b131b704" testListId="8c84fa94-04c1-424b-9868-57a2d4851a1d" />
    <TestEntry testId="6ba6fb3d-39a6-1dd8-aa0e-607ff7f0a981" executionId="5eca23d3-c049-4c2c-a12b-b7b2d87753ae" testListId="8c84fa94-04c1-424b-9868-57a2d4851a1d" />
    <TestEntry testId="90342312-d6d3-e06d-f8df-ea70b88589af" executionId="520266bd-c2d6-4ad4-8244-2d82fc0b58aa" testListId="8c84fa94-04c1-424b-9868-57a2d4851a1d" />
    <TestEntry testId="cc2ee73f-9185-c957-b1a5-0f72a0bc7ff4" executionId="0712e68d-4688-45e7-a6c5-4a48f4f6135f" testListId="8c84fa94-04c1-424b-9868-57a2d4851a1d" />
    <TestEntry testId="6b4d2a41-d157-3ec9-17e8-82efdd62f5c6" executionId="cd810071-0399-4b18-a336-6188184f8ee9" testListId="8c84fa94-04c1-424b-9868-57a2d4851a1d" />
    <TestEntry testId="88a1f050-1b59-46f7-71cf-d1121f76a4b6" executionId="995e1c21-8bd8-47b5-a155-9bf8d3fe1c13" testListId="8c84fa94-04c1-424b-9868-57a2d4851a1d" />
    <TestEntry testId="82952f94-6439-61cc-2565-5dd007792b12" executionId="4c692230-ef0e-43e5-889b-e04f5a096ac1" testListId="8c84fa94-04c1-424b-9868-57a2d4851a1d" />
    <TestEntry testId="56bb4ff6-93b1-f6ef-24e9-0b2a9ab2edd2" executionId="59ee8712-26df-4d97-a95c-fdb125a4f69a" testListId="8c84fa94-04c1-424b-9868-57a2d4851a1d" />
    <TestEntry testId="7a69688c-bd46-93ee-37ce-64a700f75885" executionId="51cff752-66a0-496b-b21b-e163be807c1d" testListId="8c84fa94-04c1-424b-9868-57a2d4851a1d" />
    <TestEntry testId="5cad4048-ea24-adf1-124a-99b4dce23c92" executionId="57ec496d-0d4c-45f3-9ace-189d0e5a823c" testListId="8c84fa94-04c1-424b-9868-57a2d4851a1d" />
    <TestEntry testId="3a7c79e8-7579-67f0-f6b5-e70d21fa205a" executionId="a649291e-008b-4e7c-acc1-6e5bcf511f61" testListId="8c84fa94-04c1-424b-9868-57a2d4851a1d" />
    <TestEntry testId="11bfbdb9-d143-3f6d-2802-dc493020cd48" executionId="e6eb5cd8-37dd-41df-bd8b-f3d6799d5996" testListId="8c84fa94-04c1-424b-9868-57a2d4851a1d" />
    <TestEntry testId="9642b820-96f1-f01e-cf0e-4dee8fdde484" executionId="88057e37-bcdc-45f6-a07e-20e0d8ed45ae" testListId="8c84fa94-04c1-424b-9868-57a2d4851a1d" />
    <TestEntry testId="90263296-bfdd-462c-aa1a-92f4fc18ca1b" executionId="e6304395-da62-4977-bbdd-ab5f31209c46" testListId="8c84fa94-04c1-424b-9868-57a2d4851a1d" />
    <TestEntry testId="8d206e16-1715-ae5e-65f0-f8f67a6144e3" executionId="0a31d2b0-db0c-401a-8e08-94bf8235f0c6" testListId="8c84fa94-04c1-424b-9868-57a2d4851a1d" />
    <TestEntry testId="5bdac0e3-e2e6-ae35-1395-88a49fa41a4e" executionId="f899c86f-f01f-4af9-bddf-ce485730e916" testListId="8c84fa94-04c1-424b-9868-57a2d4851a1d" />
    <TestEntry testId="724bc388-807f-3806-a9ae-e92b6011ea9d" executionId="31f10add-899a-4d38-b435-fd5e857fdd73" testListId="8c84fa94-04c1-424b-9868-57a2d4851a1d" />
    <TestEntry testId="4240ae15-7000-e069-48a9-8f8132e50705" executionId="79fb48a6-8e86-409f-92c8-5eec1527bf48" testListId="8c84fa94-04c1-424b-9868-57a2d4851a1d" />
    <TestEntry testId="fd6b0272-a101-6e40-704f-453e31b65555" executionId="362a79dc-75dd-4b33-ad45-8650346d6f62" testListId="8c84fa94-04c1-424b-9868-57a2d4851a1d" />
    <TestEntry testId="ce854db8-214f-34be-c9b7-36f143c3549d" executionId="f3ed778a-1f46-4984-9f1a-cbc64c6fe2a0" testListId="8c84fa94-04c1-424b-9868-57a2d4851a1d" />
    <TestEntry testId="45babeb2-3253-8279-840d-6ff809b68586" executionId="959711c8-3886-41e5-9271-6b4ab739ae49" testListId="8c84fa94-04c1-424b-9868-57a2d4851a1d" />
    <TestEntry testId="1c572578-df56-b0d2-428b-9556ff03aedb" executionId="17735d44-fa25-4147-893e-7965f8d7717b" testListId="8c84fa94-04c1-424b-9868-57a2d4851a1d" />
    <TestEntry testId="cc5697bb-fb09-f460-53df-95b59d6222c4" executionId="9e3fa3cd-4cdb-45c2-a000-3ae76e95e4f9" testListId="8c84fa94-04c1-424b-9868-57a2d4851a1d" />
    <TestEntry testId="1df00054-a3a6-324e-3fe9-e6d9c1e30f8e" executionId="ecd2d9f3-69f5-464f-8c6c-be6b85c3f586" testListId="8c84fa94-04c1-424b-9868-57a2d4851a1d" />
    <TestEntry testId="83a67981-84aa-6e11-1f24-26f6715350fd" executionId="500873e9-ac10-48a7-97dc-df8e0854d209" testListId="8c84fa94-04c1-424b-9868-57a2d4851a1d" />
    <TestEntry testId="7f480b88-f816-bd49-7431-09f8aa5ec945" executionId="e8f6f24f-bb4a-4f08-90b8-f5ab58d1f3aa" testListId="8c84fa94-04c1-424b-9868-57a2d4851a1d" />
    <TestEntry testId="4789e630-238b-d3d3-a18d-8eb6b6e47208" executionId="9b54b93b-e982-4112-9c3c-7968f912d43e" testListId="8c84fa94-04c1-424b-9868-57a2d4851a1d" />
    <TestEntry testId="11cde18c-5187-63b4-1697-ce1581e722cd" executionId="66af1eb9-8ef4-4b5c-a799-528ac5c92021" testListId="8c84fa94-04c1-424b-9868-57a2d4851a1d" />
    <TestEntry testId="681833e7-6b24-2566-5525-42a679b5407e" executionId="135da09c-fb5a-4f71-9418-3ba7a31ea480" testListId="8c84fa94-04c1-424b-9868-57a2d4851a1d" />
    <TestEntry testId="613b1fae-53e6-2a78-2685-6af6eb087927" executionId="00211cc7-5745-410b-b696-41d1b1682107" testListId="8c84fa94-04c1-424b-9868-57a2d4851a1d" />
    <TestEntry testId="95cfce05-342e-ee4f-215d-8a4f3f46ece8" executionId="3e8c4e1f-574f-43eb-9215-6ca90a6e3453" testListId="8c84fa94-04c1-424b-9868-57a2d4851a1d" />
    <TestEntry testId="e0f11ac8-0975-bd74-055b-2e474314632d" executionId="a2488083-c327-4d64-a4d2-d6302294b47b" testListId="8c84fa94-04c1-424b-9868-57a2d4851a1d" />
    <TestEntry testId="509e3b73-5fc9-0d58-341d-adf4ecd3f36a" executionId="781232a7-6be4-47cc-b63e-d199688634b9" testListId="8c84fa94-04c1-424b-9868-57a2d4851a1d" />
    <TestEntry testId="b22e59ae-4df5-043b-650e-592fc781fe16" executionId="b2d20c15-e7a3-48ee-9cd2-47e7d7725a5a" testListId="8c84fa94-04c1-424b-9868-57a2d4851a1d" />
    <TestEntry testId="916c0bb0-5b48-901c-544c-9cb86c8f069f" executionId="efab2b4d-f4cc-4fae-a21a-960bf343c687" testListId="8c84fa94-04c1-424b-9868-57a2d4851a1d" />
    <TestEntry testId="0c392dfc-d8be-df7f-0175-42925e3478af" executionId="65f223b3-4907-4613-9185-93389c4bc9fd" testListId="8c84fa94-04c1-424b-9868-57a2d4851a1d" />
    <TestEntry testId="19a3f722-2ce4-66c6-edd1-fcbfda5944cd" executionId="31be1f8c-6f3e-4a0a-8909-8192f4a8dda2" testListId="8c84fa94-04c1-424b-9868-57a2d4851a1d" />
    <TestEntry testId="df114e47-35be-e977-d119-8d294a4c8582" executionId="f3420ce5-3414-464b-a48e-937acd2680ca" testListId="8c84fa94-04c1-424b-9868-57a2d4851a1d" />
    <TestEntry testId="39776ff8-8ed0-01fb-fe0d-f6e8d1f22040" executionId="ea32aac2-534c-411c-a301-1e7fa98e786b" testListId="8c84fa94-04c1-424b-9868-57a2d4851a1d" />
    <TestEntry testId="6221ffac-5cd5-bece-91be-14256b03f0c0" executionId="668953fd-55d7-47df-b9d2-e611ebf77a90" testListId="8c84fa94-04c1-424b-9868-57a2d4851a1d" />
    <TestEntry testId="7e001697-4ed2-bb78-b407-43b11983cf4b" executionId="8dd8c9a2-bd6d-4e12-9e3d-521c8eb7d39e" testListId="8c84fa94-04c1-424b-9868-57a2d4851a1d" />
    <TestEntry testId="0ff62c36-0d50-5c91-ceb2-3b4d9449dd60" executionId="b4b5cd2e-6cee-4cb6-8cbe-99eccd0103ce" testListId="8c84fa94-04c1-424b-9868-57a2d4851a1d" />
    <TestEntry testId="3f25603f-6b9e-f685-4b3c-fecf80d853b9" executionId="42999bc6-40df-43ef-8640-25d2a7212358" testListId="8c84fa94-04c1-424b-9868-57a2d4851a1d" />
    <TestEntry testId="96487fe5-4939-3f34-196f-59696b190f36" executionId="40bdfc34-24a6-456c-9884-7bae67de47ca" testListId="8c84fa94-04c1-424b-9868-57a2d4851a1d" />
    <TestEntry testId="e470f79b-9e9f-5960-8cb5-84db82caf7e3" executionId="65df483c-2e9b-4e67-8174-c0e5d35c9951" testListId="8c84fa94-04c1-424b-9868-57a2d4851a1d" />
    <TestEntry testId="2ec9f28a-3e3f-3e8f-9412-835b14c17beb" executionId="4a0dc228-9931-43f8-a7a7-d6793dd80b03" testListId="8c84fa94-04c1-424b-9868-57a2d4851a1d" />
    <TestEntry testId="80fce769-8eb0-a25b-42dd-dd0c98bcd568" executionId="67e748f0-6257-44ae-bd51-1a9c4d0f42da" testListId="8c84fa94-04c1-424b-9868-57a2d4851a1d" />
    <TestEntry testId="4a2a6c00-f38b-03bd-489b-181d50add718" executionId="6c192311-00cb-4d67-bce9-c826be4f135e" testListId="8c84fa94-04c1-424b-9868-57a2d4851a1d" />
    <TestEntry testId="4d2ea24c-e317-8354-2aab-248a3713db73" executionId="9578a223-0129-4cf5-8ff1-8e72780325d0" testListId="8c84fa94-04c1-424b-9868-57a2d4851a1d" />
    <TestEntry testId="c841fa2e-cb12-6175-4469-b105ff4b861e" executionId="5c33b33b-71f4-4c9f-b848-8d5a22a4386b" testListId="8c84fa94-04c1-424b-9868-57a2d4851a1d" />
    <TestEntry testId="5b7fc7b0-b5c4-8c50-2fef-5eccfb6cba07" executionId="7967d4e6-6b25-4a6b-82b1-41c386335bc4" testListId="8c84fa94-04c1-424b-9868-57a2d4851a1d" />
    <TestEntry testId="19fbea96-a832-a008-9e2e-6bf0103deb7e" executionId="d8ce7ef6-062c-4703-a9a1-7cb5d9e5f360" testListId="8c84fa94-04c1-424b-9868-57a2d4851a1d" />
    <TestEntry testId="15655617-d461-7569-0af4-e77d8d0209be" executionId="b61af912-a2b1-4b98-ada9-746e36a024aa" testListId="8c84fa94-04c1-424b-9868-57a2d4851a1d" />
    <TestEntry testId="dd95dd3b-9a2c-382a-3c2a-573eed61ee3d" executionId="50621177-8ef1-4944-8d93-f4e8bab148a7" testListId="8c84fa94-04c1-424b-9868-57a2d4851a1d" />
    <TestEntry testId="f8ae11bd-dc78-9fde-93a8-2613eab674a3" executionId="b133959b-3ef1-48d0-a6f4-be066217f8db" testListId="8c84fa94-04c1-424b-9868-57a2d4851a1d" />
    <TestEntry testId="ff9407fa-f0e9-500e-ed70-ed3d18e3ea90" executionId="f5cf5323-194b-4104-9d95-5b0af5f04f0d" testListId="8c84fa94-04c1-424b-9868-57a2d4851a1d" />
    <TestEntry testId="dc203da1-dc20-1037-a6e0-9aa54b7db4ce" executionId="2e9dc53c-9868-4d83-bb77-dc4d065e7917" testListId="8c84fa94-04c1-424b-9868-57a2d4851a1d" />
    <TestEntry testId="c0fc197b-2b86-02f2-f529-ab1ad6af4329" executionId="4bf267d6-1ea7-44c4-bd15-828b6c795870" testListId="8c84fa94-04c1-424b-9868-57a2d4851a1d" />
    <TestEntry testId="1804ae83-28ca-698a-a154-ea05286519cb" executionId="e89897b2-b736-4cc5-b807-65d1d2149de9" testListId="8c84fa94-04c1-424b-9868-57a2d4851a1d" />
    <TestEntry testId="7fbff48e-e8fd-4413-b393-a8aa890f7daf" executionId="efb4392f-2bc0-405f-b194-c853ea923540" testListId="8c84fa94-04c1-424b-9868-57a2d4851a1d" />
    <TestEntry testId="b2447340-d774-7aee-df16-3659d952e1b1" executionId="09eb086e-9bd2-40d9-8d8d-3401c93d54f3" testListId="8c84fa94-04c1-424b-9868-57a2d4851a1d" />
    <TestEntry testId="a8a57f7d-28f8-2626-30cf-2cad195a0948" executionId="66c06341-db4a-4254-b317-c4d69df648df" testListId="8c84fa94-04c1-424b-9868-57a2d4851a1d" />
    <TestEntry testId="20b6dc8d-29dc-9b68-c2b0-5770cefc9161" executionId="d2ec9fac-bbb6-48ed-bfd7-d529133cd4bb" testListId="8c84fa94-04c1-424b-9868-57a2d4851a1d" />
    <TestEntry testId="a9059311-7907-cea1-f7bc-d6e39a065c6c" executionId="5ff8cb8d-b5f0-418a-885f-2a12c4874e1c" testListId="8c84fa94-04c1-424b-9868-57a2d4851a1d" />
    <TestEntry testId="afbde5da-32c8-d25f-8580-837cca3bcfda" executionId="b2b0c807-f564-4935-980f-f38c479da9d5" testListId="8c84fa94-04c1-424b-9868-57a2d4851a1d" />
    <TestEntry testId="ff58f37c-9628-b814-9adb-2370f4ba54fb" executionId="8f1b94e5-3b32-4838-9853-f113a652de49" testListId="8c84fa94-04c1-424b-9868-57a2d4851a1d" />
    <TestEntry testId="c2d53477-a164-df70-78e1-f22a9fba59e7" executionId="37b6e934-b735-4c00-a713-f945b675650a" testListId="8c84fa94-04c1-424b-9868-57a2d4851a1d" />
    <TestEntry testId="2fbf734f-879c-9d00-a4aa-c434bcaf28b4" executionId="d9aebfae-3ad7-4952-a1cd-65d0bd5055fb" testListId="8c84fa94-04c1-424b-9868-57a2d4851a1d" />
    <TestEntry testId="84318e14-1d07-82a0-83e8-0ba09cd5a047" executionId="3a6d3b20-73a4-4a65-8929-d424b9baa5c5" testListId="8c84fa94-04c1-424b-9868-57a2d4851a1d" />
    <TestEntry testId="286fce15-f575-44ae-2cf8-ed6629c6de8b" executionId="717bc8bb-f054-4a85-81a6-93ad8814d8e0" testListId="8c84fa94-04c1-424b-9868-57a2d4851a1d" />
    <TestEntry testId="a1fc2409-03e5-79f4-efe1-fd7b3951cc7a" executionId="70df7fda-3822-4cbd-9c38-2ac3b0c6e49c" testListId="8c84fa94-04c1-424b-9868-57a2d4851a1d" />
    <TestEntry testId="137641f6-b837-4c25-278f-c113ee60efd9" executionId="766500b7-ee48-4469-9a7b-cac6ccf18826" testListId="8c84fa94-04c1-424b-9868-57a2d4851a1d" />
    <TestEntry testId="0d676467-1a25-4b14-81af-b9274ece7016" executionId="33b57523-659e-4f3f-9099-2a35bacdc1ad" testListId="8c84fa94-04c1-424b-9868-57a2d4851a1d" />
    <TestEntry testId="c8aad2f1-6fcf-0080-841f-8f37e9a45014" executionId="a524f96c-106c-4f4a-9152-7fc7e6bd3b54" testListId="8c84fa94-04c1-424b-9868-57a2d4851a1d" />
    <TestEntry testId="a45fdf4f-1cf6-92c8-a222-4c0b541907f0" executionId="52292b92-213f-48ed-8c9a-37afe5ab101a" testListId="8c84fa94-04c1-424b-9868-57a2d4851a1d" />
    <TestEntry testId="175302c6-5af5-4217-5724-13d5896119eb" executionId="d2d6c3db-3e38-499a-a56f-6850dba5c952" testListId="8c84fa94-04c1-424b-9868-57a2d4851a1d" />
    <TestEntry testId="4ccc7d56-3296-a134-4c0f-c4b70021c9b8" executionId="fb7fdb3f-9bd2-4538-8323-58cb16dbe803" testListId="8c84fa94-04c1-424b-9868-57a2d4851a1d" />
    <TestEntry testId="40cab126-c966-3a30-6cf3-844d5652f555" executionId="4ba2655a-d0c0-4433-9853-0a2d22a6d3c5" testListId="8c84fa94-04c1-424b-9868-57a2d4851a1d" />
    <TestEntry testId="19daab27-5df7-ee9f-3f66-8ef6cf710a18" executionId="1d386ca9-f128-4e1e-9190-9b3b48c12137" testListId="8c84fa94-04c1-424b-9868-57a2d4851a1d" />
    <TestEntry testId="15d9e632-4e86-470a-4a9e-c602af2311ec" executionId="2a7b8deb-3873-4a6f-9887-fa4c2a36ca44" testListId="8c84fa94-04c1-424b-9868-57a2d4851a1d" />
    <TestEntry testId="891891e6-e60a-25e3-1000-9c0556ddbda2" executionId="975f9f82-9a28-47e7-b78e-2cf7202e892b" testListId="8c84fa94-04c1-424b-9868-57a2d4851a1d" />
    <TestEntry testId="6cf8d12e-c15d-8d65-bf4b-e4a91e373185" executionId="d710e3c5-02c7-437b-981e-dae761f93c43" testListId="8c84fa94-04c1-424b-9868-57a2d4851a1d" />
    <TestEntry testId="3a23ce4f-6642-9caa-220b-1874b17b7742" executionId="33ebcb91-5a09-426e-a0ff-c8915478e31a" testListId="8c84fa94-04c1-424b-9868-57a2d4851a1d" />
    <TestEntry testId="809aba37-ac80-4028-c2e9-0fd5148000a6" executionId="cee9e766-16f7-48cc-b5d0-7757f9bb3092" testListId="8c84fa94-04c1-424b-9868-57a2d4851a1d" />
    <TestEntry testId="388a90b3-0230-59b3-e51f-2543977a5ef1" executionId="35826b0b-8d7c-4b36-a64f-fe05bb444910" testListId="8c84fa94-04c1-424b-9868-57a2d4851a1d" />
    <TestEntry testId="196be7ae-392d-9f1b-1501-a36ad25864e8" executionId="04982499-b106-4e55-aaa5-36d82c80c6d2" testListId="8c84fa94-04c1-424b-9868-57a2d4851a1d" />
    <TestEntry testId="c038dd92-2b61-03cb-a735-8b10f888fd43" executionId="b33da859-3a72-427d-8b7d-ab4b553233ad" testListId="8c84fa94-04c1-424b-9868-57a2d4851a1d" />
    <TestEntry testId="54a0f674-cc2d-473a-7461-ae5a5cf117b1" executionId="93db1651-5bc2-4345-80c4-2a65f976bf3f" testListId="8c84fa94-04c1-424b-9868-57a2d4851a1d" />
    <TestEntry testId="e14df138-6d0c-0038-3a0e-dc3c41eddbd3" executionId="933137bd-161d-4a19-a9af-42da9dbf0aa1" testListId="8c84fa94-04c1-424b-9868-57a2d4851a1d" />
    <TestEntry testId="57a934ae-27e4-c459-6ef9-cc0e53404259" executionId="b3a1a999-f434-4605-a2d9-2838dafa73da" testListId="8c84fa94-04c1-424b-9868-57a2d4851a1d" />
    <TestEntry testId="a6917586-542d-0e49-ee22-b4cd9b65d55b" executionId="a6349045-98f5-4738-8cb3-7846d983e815" testListId="8c84fa94-04c1-424b-9868-57a2d4851a1d" />
    <TestEntry testId="0a0a5b34-fcb7-9bb1-90cf-8b3bafe7111e" executionId="49b7cf92-ebbc-4143-b46c-cff492bcba7d" testListId="8c84fa94-04c1-424b-9868-57a2d4851a1d" />
    <TestEntry testId="0efeb7fd-dd2c-a734-308a-f8dcdbeb13ba" executionId="83e3e40e-7e2a-4688-a8e3-c9a919741eae" testListId="8c84fa94-04c1-424b-9868-57a2d4851a1d" />
    <TestEntry testId="196fda87-5a18-48a2-4dbe-5cdf7d590cf4" executionId="ed4b6212-5373-49fc-92b3-407d9ac931ff" testListId="8c84fa94-04c1-424b-9868-57a2d4851a1d" />
    <TestEntry testId="d3220fd2-47dd-3961-bffd-50653aacdc47" executionId="0ab42e21-bfde-4cae-8520-5534a8eb4f05" testListId="8c84fa94-04c1-424b-9868-57a2d4851a1d" />
    <TestEntry testId="6f45b74e-be40-d250-7694-e37515641715" executionId="1f39ba23-0b6c-4640-b988-13230e4dafb0" testListId="8c84fa94-04c1-424b-9868-57a2d4851a1d" />
    <TestEntry testId="843b81cb-bdd1-cc9b-f0be-0887632fb2ec" executionId="e692d287-b2c6-4f9f-a888-3d81741fbc1b" testListId="8c84fa94-04c1-424b-9868-57a2d4851a1d" />
    <TestEntry testId="88415652-1de9-0242-7065-dab2ca909d1d" executionId="99395293-f371-455c-9220-65203ac03f51" testListId="8c84fa94-04c1-424b-9868-57a2d4851a1d" />
    <TestEntry testId="76322a19-dc31-5d97-935c-b78f4fe219cd" executionId="444ddd9b-52bb-440e-9dbd-e8f2d44820ab" testListId="8c84fa94-04c1-424b-9868-57a2d4851a1d" />
    <TestEntry testId="5ff3fa57-7796-5a0f-81b7-72736761406a" executionId="60be6621-ec38-479f-aa65-afdbd23b0d62" testListId="8c84fa94-04c1-424b-9868-57a2d4851a1d" />
    <TestEntry testId="14e69a2f-b615-8561-48b0-e6891385d4eb" executionId="ad7e5207-2437-478f-9db8-58846342db41" testListId="8c84fa94-04c1-424b-9868-57a2d4851a1d" />
    <TestEntry testId="52930f70-f37f-9866-0741-600c27cea2d1" executionId="86ae2077-9800-4686-85a2-202ad9264d9f" testListId="8c84fa94-04c1-424b-9868-57a2d4851a1d" />
    <TestEntry testId="fb2df4cd-689a-3f61-ff02-3edeec760d8f" executionId="2198530f-f87c-4519-b2e7-b4d9c55d3916" testListId="8c84fa94-04c1-424b-9868-57a2d4851a1d" />
    <TestEntry testId="fe146c51-d1fb-7be6-c419-9b4be2082cd6" executionId="18bd0f9d-004b-4214-8a7e-d8456ae33f09" testListId="8c84fa94-04c1-424b-9868-57a2d4851a1d" />
    <TestEntry testId="a6ead852-7be3-6bf7-418e-8f5da7746bb9" executionId="26689874-f216-4dfd-be1e-0f9a661d2011" testListId="8c84fa94-04c1-424b-9868-57a2d4851a1d" />
    <TestEntry testId="8ee66d25-5d41-12e3-281c-36532776893b" executionId="818ad62c-009e-4216-93b3-9b0a8f62f48e" testListId="8c84fa94-04c1-424b-9868-57a2d4851a1d" />
    <TestEntry testId="d2afd7db-d395-6fa9-de1d-2c5422bd8198" executionId="5d50fca6-aa50-4ff3-9531-b8bbebfc84a3" testListId="8c84fa94-04c1-424b-9868-57a2d4851a1d" />
    <TestEntry testId="441dbd82-2bf1-75cd-ee75-a3a03afbe50d" executionId="4e0433c7-db14-481d-b8de-75d686b4d138" testListId="8c84fa94-04c1-424b-9868-57a2d4851a1d" />
    <TestEntry testId="9dcad8c1-a209-2f93-bc26-bac6be6f7657" executionId="05ec8654-7a28-41ec-8eee-2c8040ee7021" testListId="8c84fa94-04c1-424b-9868-57a2d4851a1d" />
    <TestEntry testId="df3d3fb1-8cac-666f-3a99-70bfed35de5b" executionId="8977499b-df9b-4200-98dc-a2b948c60c28" testListId="8c84fa94-04c1-424b-9868-57a2d4851a1d" />
    <TestEntry testId="501de793-6172-a716-aa5d-9bc9029eca7a" executionId="cf9e47a8-3b62-4654-bc40-943ea72afdde" testListId="8c84fa94-04c1-424b-9868-57a2d4851a1d" />
    <TestEntry testId="2ca9eb52-a97a-5bdc-8ec7-f112d5a535f6" executionId="505ea1b9-2e78-454e-819b-b7aeb3440d0f" testListId="8c84fa94-04c1-424b-9868-57a2d4851a1d" />
    <TestEntry testId="a343c4e4-b373-cc81-2fb5-c60a1075c3fb" executionId="c3c64330-ae7a-41c6-be5a-dae0a35972c4" testListId="8c84fa94-04c1-424b-9868-57a2d4851a1d" />
    <TestEntry testId="f9931163-421d-a150-12f6-4a0a1efa8ae3" executionId="67957a30-d6dd-4604-8cd3-451f6b833069" testListId="8c84fa94-04c1-424b-9868-57a2d4851a1d" />
    <TestEntry testId="2a416a94-6b8d-1389-95a0-4dc5b6e17a77" executionId="c203f2ad-d5fa-4e82-a96a-62413df28538" testListId="8c84fa94-04c1-424b-9868-57a2d4851a1d" />
    <TestEntry testId="e1463bf1-00fa-a759-409e-18aba5686603" executionId="4e63ddff-2c22-4e99-a86a-ed177340459f" testListId="8c84fa94-04c1-424b-9868-57a2d4851a1d" />
    <TestEntry testId="45323b87-9094-68e3-5ac9-769566bf65c5" executionId="87838b0d-9d04-4160-9bbc-0f4c59b393ae" testListId="8c84fa94-04c1-424b-9868-57a2d4851a1d" />
    <TestEntry testId="28c77280-6d37-f17c-03a1-c679f63b0cb2" executionId="d96ddafc-33b3-492c-b088-152db338e8e0" testListId="8c84fa94-04c1-424b-9868-57a2d4851a1d" />
    <TestEntry testId="cd208545-947c-b588-7723-c30271adad40" executionId="60a24620-72e5-4d56-bde3-e8859958efd9" testListId="8c84fa94-04c1-424b-9868-57a2d4851a1d" />
    <TestEntry testId="2228b57a-4b43-fafe-1333-ebfb7460a795" executionId="b758ed42-fb62-4620-912b-e5a6db5f259b" testListId="8c84fa94-04c1-424b-9868-57a2d4851a1d" />
    <TestEntry testId="93d97dce-660e-c9a5-1429-d57d8250695d" executionId="46437745-125a-4cf0-a0d0-e66b5e1777ab" testListId="8c84fa94-04c1-424b-9868-57a2d4851a1d" />
    <TestEntry testId="f682192e-9120-4cf1-3523-5a612640d91f" executionId="866d3bef-3ebd-48fa-9f1a-68127bc722c6" testListId="8c84fa94-04c1-424b-9868-57a2d4851a1d" />
    <TestEntry testId="bb2eb309-9bd2-1029-09c9-0c8e5701f6d4" executionId="af406291-16e8-4960-b9f0-1b729ddc6968" testListId="8c84fa94-04c1-424b-9868-57a2d4851a1d" />
    <TestEntry testId="cf61205d-56a5-32a1-7f56-5effab49f780" executionId="0c5fcf9b-b74f-4b31-9229-8d43a3341117" testListId="8c84fa94-04c1-424b-9868-57a2d4851a1d" />
    <TestEntry testId="eae334e6-a1a5-6ca3-638c-d515f8a5dad8" executionId="d21616b7-39c1-4a18-b8ad-322c9cfdf0f8" testListId="8c84fa94-04c1-424b-9868-57a2d4851a1d" />
    <TestEntry testId="1b663aa9-0a92-6f11-2a4d-0a326f4399aa" executionId="692cf18e-9f39-4313-8fd1-b967f134e798" testListId="8c84fa94-04c1-424b-9868-57a2d4851a1d" />
    <TestEntry testId="84662c29-2385-4ff5-e2bc-ddb4571f8a06" executionId="07bd42db-ac85-4300-a222-0c72bc922ecf" testListId="8c84fa94-04c1-424b-9868-57a2d4851a1d" />
    <TestEntry testId="94c40f26-fb01-c841-bd9c-f0c72607b071" executionId="9df192c1-5b87-46ca-90be-015264f88346" testListId="8c84fa94-04c1-424b-9868-57a2d4851a1d" />
    <TestEntry testId="e105c4ab-cb87-8a46-b63a-573086118b70" executionId="845b8020-7a2c-4db0-b94c-be10afae9642" testListId="8c84fa94-04c1-424b-9868-57a2d4851a1d" />
    <TestEntry testId="165107ed-70aa-839a-72de-5d06c52128af" executionId="354995cf-b36a-40da-a425-4299ca8fd36d" testListId="8c84fa94-04c1-424b-9868-57a2d4851a1d" />
    <TestEntry testId="d199f1e6-5816-7e20-f22d-7688ce45e3b4" executionId="2f519ee6-e248-4496-a7ae-1cfc62035525" testListId="8c84fa94-04c1-424b-9868-57a2d4851a1d" />
    <TestEntry testId="69b4f81e-5feb-c145-8911-a44f5fd4c9eb" executionId="730dab5c-ece2-49a1-b5bf-4ca9ecfab511" testListId="8c84fa94-04c1-424b-9868-57a2d4851a1d" />
    <TestEntry testId="314651ab-339c-c305-40cb-d2235f1359fa" executionId="3026753c-da30-4dff-8642-3af6e7d8b352" testListId="8c84fa94-04c1-424b-9868-57a2d4851a1d" />
    <TestEntry testId="d6be6b87-bfa2-31c1-692f-4a9b4fe4bab3" executionId="ffc7ee9e-2aa3-4984-8d28-8493d87870b7" testListId="8c84fa94-04c1-424b-9868-57a2d4851a1d" />
    <TestEntry testId="eb161d30-b9a2-910c-8445-4692c75e059a" executionId="0835a16d-f5ed-43cb-8178-71ae27de8285" testListId="8c84fa94-04c1-424b-9868-57a2d4851a1d" />
    <TestEntry testId="012d1873-d5d1-d2a8-c116-c220f0f59aa4" executionId="f4813190-1999-426f-8873-b6bfe82b7ce9" testListId="8c84fa94-04c1-424b-9868-57a2d4851a1d" />
    <TestEntry testId="f0a8ea34-dcf1-0850-379a-7dbb510cdab3" executionId="3bc7737f-ccae-4b39-a617-5added027810" testListId="8c84fa94-04c1-424b-9868-57a2d4851a1d" />
    <TestEntry testId="3f7370d9-6d5c-ccce-6275-768ad1059992" executionId="2eab6810-95ec-4379-9cef-75ec28df5953" testListId="8c84fa94-04c1-424b-9868-57a2d4851a1d" />
    <TestEntry testId="dd9cf29f-9b11-2bff-385e-6fe5f89235dd" executionId="23c4820e-d82e-43a4-9585-8d90bf59c850" testListId="8c84fa94-04c1-424b-9868-57a2d4851a1d" />
    <TestEntry testId="e43760f3-fe72-d307-3cfd-f7abcd1380f3" executionId="17066263-b4d2-45d1-bdeb-4256ee5ac77c" testListId="8c84fa94-04c1-424b-9868-57a2d4851a1d" />
    <TestEntry testId="f27fca2c-2667-900a-7e7f-905dd0da564e" executionId="2ee2368c-d22d-4c02-8ce5-36bd7400da25" testListId="8c84fa94-04c1-424b-9868-57a2d4851a1d" />
    <TestEntry testId="bf734327-be01-9850-c5e3-d99e322ce00d" executionId="1b6c53e6-c2a0-48b1-97b5-23e6b483a605" testListId="8c84fa94-04c1-424b-9868-57a2d4851a1d" />
    <TestEntry testId="2ca00b2c-01f7-166b-2d07-66bd8aea5392" executionId="eb9c484a-1860-471b-b1c2-b49a2bea6e3f" testListId="8c84fa94-04c1-424b-9868-57a2d4851a1d" />
    <TestEntry testId="3ea2ab87-fbd6-e164-9b49-ac85c4584e25" executionId="8961449b-6e90-4297-9a1a-623fdafbb8ee" testListId="8c84fa94-04c1-424b-9868-57a2d4851a1d" />
    <TestEntry testId="309acad5-f814-caeb-8d15-cb1daa8fda89" executionId="0fd2e126-ff90-478f-87b1-deea56b53d0f" testListId="8c84fa94-04c1-424b-9868-57a2d4851a1d" />
    <TestEntry testId="0134aee8-bc5b-bb1d-7cdb-040d1de66f13" executionId="8954f99a-141d-4196-be08-235f754b979a" testListId="8c84fa94-04c1-424b-9868-57a2d4851a1d" />
    <TestEntry testId="43bdc100-e735-ae31-704b-b33bcd036506" executionId="6c1b9185-5ab1-473b-b535-89061cc653ca" testListId="8c84fa94-04c1-424b-9868-57a2d4851a1d" />
    <TestEntry testId="4b3cfe57-cec6-89b7-f387-45b76c0bd62f" executionId="65059b30-b774-4a7d-b150-0a128e6ef45e" testListId="8c84fa94-04c1-424b-9868-57a2d4851a1d" />
    <TestEntry testId="48bac6a0-b02f-4360-e305-58bc4fbe3c2a" executionId="b5272d2e-dcc0-4a4f-8e49-7629bf9897ce" testListId="8c84fa94-04c1-424b-9868-57a2d4851a1d" />
    <TestEntry testId="dde16220-f386-7f84-2097-e988f5020fc9" executionId="e38d4015-5057-4775-b1a4-30fdef480e0b" testListId="8c84fa94-04c1-424b-9868-57a2d4851a1d" />
    <TestEntry testId="d90750d9-d977-24d9-af48-5a9733afa074" executionId="c92eb206-4cf5-40d8-b03b-cf178872790b" testListId="8c84fa94-04c1-424b-9868-57a2d4851a1d" />
    <TestEntry testId="9475ba48-a170-fc63-cbc7-9d9fc1ff9a8a" executionId="c6f4608c-56eb-40ca-9a68-d0af998cbb9f" testListId="8c84fa94-04c1-424b-9868-57a2d4851a1d" />
    <TestEntry testId="1fec2789-b420-d099-ee73-c429e4241b42" executionId="1385ca22-df18-4309-b1ed-e52fb89ba291" testListId="8c84fa94-04c1-424b-9868-57a2d4851a1d" />
    <TestEntry testId="52b8be79-5510-4a9e-9d69-c1fdc3be8472" executionId="94334252-8234-43ba-afa3-9b457526be72" testListId="8c84fa94-04c1-424b-9868-57a2d4851a1d" />
    <TestEntry testId="6aa6b353-638d-6ea0-4b9a-7366bb12bed4" executionId="eac69693-f556-4e8e-a5f8-c0e7e3670896" testListId="8c84fa94-04c1-424b-9868-57a2d4851a1d" />
    <TestEntry testId="0426dee1-6e7b-dec2-07e0-2b0608c54538" executionId="d29f3842-f81b-4f35-be55-ccd9d8e73f52" testListId="8c84fa94-04c1-424b-9868-57a2d4851a1d" />
    <TestEntry testId="91bb4367-1c35-c4c2-ff5a-fb82756024ba" executionId="ef597dd6-96c3-4a45-b38a-54175fb93b52" testListId="8c84fa94-04c1-424b-9868-57a2d4851a1d" />
    <TestEntry testId="5a9289f0-7d1e-76ad-9fc1-d440e702273c" executionId="b94f291e-c122-4c16-a114-b9d9fafd7323" testListId="8c84fa94-04c1-424b-9868-57a2d4851a1d" />
    <TestEntry testId="e9ecc8fc-f456-9281-6f2a-46a9237fd5cc" executionId="eba2825e-dd43-4966-bed5-71bf8c67509a" testListId="8c84fa94-04c1-424b-9868-57a2d4851a1d" />
    <TestEntry testId="665f7bb5-b6c7-3d77-8d2e-d8c86b15ba55" executionId="61ac4459-24fc-45b4-91a6-8d13e5a8ea2c" testListId="8c84fa94-04c1-424b-9868-57a2d4851a1d" />
    <TestEntry testId="277ae045-3706-787c-f434-552e83d645ae" executionId="9c581d49-6d87-4e8b-b4f3-b1823217aa72" testListId="8c84fa94-04c1-424b-9868-57a2d4851a1d" />
    <TestEntry testId="2d65f7ce-a01e-d9d8-d68d-e147214a1c49" executionId="3727423c-97b7-4ecc-8383-78eb02421b9b" testListId="8c84fa94-04c1-424b-9868-57a2d4851a1d" />
    <TestEntry testId="30a7878d-7e86-65d9-dbcc-337be3e8fb00" executionId="5d633e67-eda5-4082-9334-232a0694283d" testListId="8c84fa94-04c1-424b-9868-57a2d4851a1d" />
    <TestEntry testId="6317aa78-b588-2161-7bcd-85bef72d6c14" executionId="33708395-1f6f-46f9-a706-459f291b5041" testListId="8c84fa94-04c1-424b-9868-57a2d4851a1d" />
    <TestEntry testId="7fd9b5d7-90e8-2b22-a2f6-76ffd6c7486a" executionId="d86ca767-8bf3-46f5-a13a-ea181e3979e4" testListId="8c84fa94-04c1-424b-9868-57a2d4851a1d" />
    <TestEntry testId="54b3348c-4cce-b2e4-28d6-926eb4c96965" executionId="e5d73481-dd7c-4686-8466-30d83377edcc" testListId="8c84fa94-04c1-424b-9868-57a2d4851a1d" />
    <TestEntry testId="f49f8e7e-3f3a-ff7d-f793-b8f4d5d02271" executionId="ccc67a69-e8a0-4c9b-9880-f75348fe21f2" testListId="8c84fa94-04c1-424b-9868-57a2d4851a1d" />
    <TestEntry testId="9308ad43-34b0-4add-f72d-a623de836076" executionId="d6c85807-29a3-4053-bcbe-6132b6f4d27a" testListId="8c84fa94-04c1-424b-9868-57a2d4851a1d" />
    <TestEntry testId="bdde6b5a-e6f5-c768-71e0-610fab6f1025" executionId="9db22946-4a5a-4394-a964-392fc7288ef7" testListId="8c84fa94-04c1-424b-9868-57a2d4851a1d" />
    <TestEntry testId="a9ff0191-6b91-6b32-8fd1-10387c6d8795" executionId="38db1ab2-69bf-43b1-b638-c8b57f8a157f" testListId="8c84fa94-04c1-424b-9868-57a2d4851a1d" />
    <TestEntry testId="280351d5-c8bc-7275-9361-3deb1a3a95b3" executionId="02e2425d-8860-4738-a8cb-b364a9c11cc5" testListId="8c84fa94-04c1-424b-9868-57a2d4851a1d" />
    <TestEntry testId="5eeabe62-0b09-af10-e79d-fbf01b88186a" executionId="ac59b922-d269-4d7c-8b14-39c248eef044" testListId="8c84fa94-04c1-424b-9868-57a2d4851a1d" />
    <TestEntry testId="57439a33-7384-43dd-2e65-d9f14d551161" executionId="4546250a-052a-4c09-a675-b14c97dee2f3" testListId="8c84fa94-04c1-424b-9868-57a2d4851a1d" />
    <TestEntry testId="09139240-b51d-c37c-d76e-72051347a9e1" executionId="6c21b2e7-15ea-47c5-ab58-aa6d50cf65f6" testListId="8c84fa94-04c1-424b-9868-57a2d4851a1d" />
    <TestEntry testId="34402069-9725-2ac3-6c22-cb22182c1896" executionId="96114f67-ddef-4168-ae33-904b1c6fcba5" testListId="8c84fa94-04c1-424b-9868-57a2d4851a1d" />
    <TestEntry testId="3e876a85-a5d0-543c-6f41-5169f765cf5d" executionId="6c99b2a4-5e5f-43db-b936-a2cd0c79d4d2" testListId="8c84fa94-04c1-424b-9868-57a2d4851a1d" />
    <TestEntry testId="01d74a0b-5967-0fa0-7403-c558eb56152d" executionId="2077b358-e581-40ee-b89c-4e9a21ab6ef4" testListId="8c84fa94-04c1-424b-9868-57a2d4851a1d" />
    <TestEntry testId="449cf566-1b5d-9c50-fe4f-766cc171a684" executionId="c08fc9dc-e50a-4ade-9902-667d4c8d6370" testListId="8c84fa94-04c1-424b-9868-57a2d4851a1d" />
    <TestEntry testId="1753b04b-399b-2a17-a91e-d36c9741dfcf" executionId="f035b32d-b771-48e4-8ee4-6180ce617f41" testListId="8c84fa94-04c1-424b-9868-57a2d4851a1d" />
    <TestEntry testId="386a39e7-7bec-cddf-760b-13eac3cda800" executionId="02065275-2cb1-440e-bac5-9749254c6555" testListId="8c84fa94-04c1-424b-9868-57a2d4851a1d" />
    <TestEntry testId="cf15f679-2419-0c8a-701d-8302a6f082f1" executionId="719f117a-1586-4693-a593-504da44bc23c" testListId="8c84fa94-04c1-424b-9868-57a2d4851a1d" />
    <TestEntry testId="250d0314-6e91-4b9f-d3b6-5a7637b94ab9" executionId="f34aa463-78a7-433d-8516-1252a9ae1dc4" testListId="8c84fa94-04c1-424b-9868-57a2d4851a1d" />
    <TestEntry testId="874ebc36-faf0-5c32-49ca-81aef9cdf310" executionId="edebdd33-f91e-4753-8cda-04167a5b2b98" testListId="8c84fa94-04c1-424b-9868-57a2d4851a1d" />
    <TestEntry testId="8ed2bcf6-e0b0-4184-2213-9f9470f3afd6" executionId="c40cf75b-ba07-4bd2-a80c-524c29fc82a0" testListId="8c84fa94-04c1-424b-9868-57a2d4851a1d" />
    <TestEntry testId="5008f3a2-b8fb-f10f-dc2c-17f91a698eb5" executionId="ebda5dba-217f-47a0-ba82-dccc94ff4883" testListId="8c84fa94-04c1-424b-9868-57a2d4851a1d" />
    <TestEntry testId="95a8604d-ec17-1255-5fd3-646d2a21321b" executionId="d821c619-6780-4d93-8935-8944f8959896" testListId="8c84fa94-04c1-424b-9868-57a2d4851a1d" />
    <TestEntry testId="a94b64b6-baae-ba75-c983-178eec8cb52c" executionId="174dc8d2-68ec-42aa-962d-3503b9eb6264" testListId="8c84fa94-04c1-424b-9868-57a2d4851a1d" />
    <TestEntry testId="6515066f-e655-0709-7d99-07f4bbe190d9" executionId="f3dd01ea-cc33-4001-8975-ccd68d23e473" testListId="8c84fa94-04c1-424b-9868-57a2d4851a1d" />
    <TestEntry testId="e685684a-a02b-c1ac-6057-87e9ad5386ab" executionId="112ca485-1137-4f04-a560-ef5cfcf3ab2f" testListId="8c84fa94-04c1-424b-9868-57a2d4851a1d" />
    <TestEntry testId="13da61db-319e-b8d8-afea-0c886671974d" executionId="94659568-2905-47bc-9e10-ae28d7e45dcc" testListId="8c84fa94-04c1-424b-9868-57a2d4851a1d" />
    <TestEntry testId="2d40973a-0cba-a4a3-5704-df38fe9a8585" executionId="8d3da24c-e3c8-4116-bc95-61261a75a164" testListId="8c84fa94-04c1-424b-9868-57a2d4851a1d" />
    <TestEntry testId="14d1873e-2f26-a69e-881e-410157090e2c" executionId="e93199c9-e992-4776-bcb2-d28272a4d83c" testListId="8c84fa94-04c1-424b-9868-57a2d4851a1d" />
    <TestEntry testId="03dc462f-2604-77fb-787e-59c3e2d74adc" executionId="2d37c4dc-cbda-446b-91af-768ae9911f80" testListId="8c84fa94-04c1-424b-9868-57a2d4851a1d" />
    <TestEntry testId="9987f3a8-e2be-cd8f-4024-2333ae90e930" executionId="4e6a8f04-543a-4819-8c3f-9d8059dc404a" testListId="8c84fa94-04c1-424b-9868-57a2d4851a1d" />
    <TestEntry testId="05435c31-98fe-6318-26cf-f344783cd6fc" executionId="c356f2ce-6078-4254-b73e-afa1dff85274" testListId="8c84fa94-04c1-424b-9868-57a2d4851a1d" />
    <TestEntry testId="bedb907b-b0f7-3d6f-819a-8e4f2f8b9e49" executionId="17a53951-691f-4753-8ff0-e88aa02b3e79" testListId="8c84fa94-04c1-424b-9868-57a2d4851a1d" />
    <TestEntry testId="2208b415-7781-5690-405e-f32c6de2bfdf" executionId="7a31a3b1-ba00-4b04-a477-dc9d10b1cbd5" testListId="8c84fa94-04c1-424b-9868-57a2d4851a1d" />
    <TestEntry testId="1aa87dcc-4cfd-153d-376b-9b1eaa4002d8" executionId="b020fbb3-44c3-45e2-9d45-f1fc993cf3d2" testListId="8c84fa94-04c1-424b-9868-57a2d4851a1d" />
    <TestEntry testId="b563c135-e6e5-4f0b-f338-141236f007b4" executionId="e3ff8462-0f8e-425b-934b-98e1fc84f6b1" testListId="8c84fa94-04c1-424b-9868-57a2d4851a1d" />
    <TestEntry testId="630dd622-08a2-90ef-1e6e-dcff59205790" executionId="71be07d1-416e-4dfd-bd78-8ee5bdcdf9fa" testListId="8c84fa94-04c1-424b-9868-57a2d4851a1d" />
    <TestEntry testId="819e60e4-59fb-cf31-a8df-2698326226cf" executionId="4a8717b8-20af-4fb3-9a3f-a65b37e4d554" testListId="8c84fa94-04c1-424b-9868-57a2d4851a1d" />
    <TestEntry testId="de4b9e95-c824-1b8c-444e-6dcfb596c18e" executionId="911e43ce-3307-485c-a004-4367eb7f0152" testListId="8c84fa94-04c1-424b-9868-57a2d4851a1d" />
    <TestEntry testId="c0500e37-fb3b-85c8-e6f8-de01fed24563" executionId="953f1f94-d6b0-451d-aa82-ca3959f74753" testListId="8c84fa94-04c1-424b-9868-57a2d4851a1d" />
    <TestEntry testId="2172f1c8-a33d-5091-561a-8b250bf1f070" executionId="bb3492f4-8314-498a-a2da-34f5a2ce6e6d" testListId="8c84fa94-04c1-424b-9868-57a2d4851a1d" />
    <TestEntry testId="ecfc5d7e-3f6b-54a0-2cca-e53b9eae52c8" executionId="50c4a0c7-9d01-4999-a095-f7d9e1ea764d" testListId="8c84fa94-04c1-424b-9868-57a2d4851a1d" />
    <TestEntry testId="4be8dcf7-1f68-cf17-c7a0-8f55ea634822" executionId="17a5682b-46ad-4581-9dea-b093c1e051ab" testListId="8c84fa94-04c1-424b-9868-57a2d4851a1d" />
    <TestEntry testId="a2663f16-5944-14de-6d8d-ebf5a6d8a5ab" executionId="822dd2ba-bcff-4789-869a-8e86d2e99319" testListId="8c84fa94-04c1-424b-9868-57a2d4851a1d" />
    <TestEntry testId="d74ecddc-a2bf-cd97-505e-63c871564a79" executionId="16414720-c056-4a71-96a3-deda374b022f" testListId="8c84fa94-04c1-424b-9868-57a2d4851a1d" />
    <TestEntry testId="dff76161-aa69-6376-c5c0-daaf9e597493" executionId="1635d8e8-857e-4b61-b4e3-5c72fd913744" testListId="8c84fa94-04c1-424b-9868-57a2d4851a1d" />
    <TestEntry testId="ebae6e20-506d-84d7-4f32-ea878186cbd5" executionId="cb3d3035-1430-47b8-9310-0d04294b799a" testListId="8c84fa94-04c1-424b-9868-57a2d4851a1d" />
    <TestEntry testId="066a0a16-e3dc-4e22-9c3d-c11112a4d785" executionId="e1d32ab9-3679-4503-9cc8-23c72549369f" testListId="8c84fa94-04c1-424b-9868-57a2d4851a1d" />
    <TestEntry testId="97792388-d4a4-0fae-3837-ad93783004b5" executionId="b7c04ca8-3097-4ea2-8ec0-db4fba31f17d" testListId="8c84fa94-04c1-424b-9868-57a2d4851a1d" />
    <TestEntry testId="e0775cfa-a79d-14ff-974f-52106983f147" executionId="6baa952d-9d38-4595-8456-ec47fca08b65" testListId="8c84fa94-04c1-424b-9868-57a2d4851a1d" />
    <TestEntry testId="43e3fcdf-3a9b-ecf9-1082-84818dafaa5c" executionId="157cc058-109e-473e-81f8-263e8870c1f1" testListId="8c84fa94-04c1-424b-9868-57a2d4851a1d" />
    <TestEntry testId="690735d2-ffee-a95a-b58c-d273216693e7" executionId="1f57641c-7823-43c1-beda-de24742574db" testListId="8c84fa94-04c1-424b-9868-57a2d4851a1d" />
    <TestEntry testId="3461d087-9f4c-776a-435d-abfd7aadc84f" executionId="4b419581-9763-42d7-91d8-6b7235129ba2" testListId="8c84fa94-04c1-424b-9868-57a2d4851a1d" />
    <TestEntry testId="8842a3af-8aff-782d-3cd6-bf9de68078a6" executionId="38b12628-fc68-4a09-be83-28870ffd624d" testListId="8c84fa94-04c1-424b-9868-57a2d4851a1d" />
    <TestEntry testId="15bd9198-a7a4-5034-8cec-e7b85d5f2fd8" executionId="8714bb0e-76ea-40c8-9bdd-55e39b95a854" testListId="8c84fa94-04c1-424b-9868-57a2d4851a1d" />
    <TestEntry testId="d76c33c6-298d-077d-b71d-c47981d1f819" executionId="b0c10ea1-fc50-4bee-99a8-50a67397bae8" testListId="8c84fa94-04c1-424b-9868-57a2d4851a1d" />
    <TestEntry testId="85cb3d62-dfa5-2154-972d-a29578919c39" executionId="bed17083-3927-4bf4-9cc1-2b34cd8651e2" testListId="8c84fa94-04c1-424b-9868-57a2d4851a1d" />
    <TestEntry testId="af197733-6104-764d-a376-cf6d3b144218" executionId="ade9f96d-8dd9-41e6-9c71-96b64689fda7" testListId="8c84fa94-04c1-424b-9868-57a2d4851a1d" />
    <TestEntry testId="528aa272-65ac-e3d7-871d-4db04569e4de" executionId="0f0be844-d1c4-45d7-ba9d-b0cbab22a66e" testListId="8c84fa94-04c1-424b-9868-57a2d4851a1d" />
    <TestEntry testId="1a191344-ded8-546b-120e-97eb848fe9d1" executionId="4e800116-9b05-47c6-853a-2e0a37f82258" testListId="8c84fa94-04c1-424b-9868-57a2d4851a1d" />
    <TestEntry testId="3e8aa018-8cda-d8af-d54e-1c98937fe925" executionId="720501de-16ae-4427-aeb4-834859897e28" testListId="8c84fa94-04c1-424b-9868-57a2d4851a1d" />
    <TestEntry testId="083a1112-5161-a41f-340f-e64cdbe5ad5c" executionId="b9430f34-6860-44a7-81e4-969aa4a847d3" testListId="8c84fa94-04c1-424b-9868-57a2d4851a1d" />
    <TestEntry testId="02c2924d-8c95-7dfc-7319-ca1cd8494e51" executionId="c24da4f5-2ac0-489f-af88-75c5dff8596c" testListId="8c84fa94-04c1-424b-9868-57a2d4851a1d" />
    <TestEntry testId="8d65c1d3-29e3-f7d1-203b-f61731af2c6a" executionId="bb97e2bd-96d5-4e48-b30c-67ed15017a52" testListId="8c84fa94-04c1-424b-9868-57a2d4851a1d" />
    <TestEntry testId="c4dee970-e5f7-9b1f-a427-fb6cfc7ef615" executionId="37e4f4ed-f7ad-494e-b5e0-54b022073d43" testListId="8c84fa94-04c1-424b-9868-57a2d4851a1d" />
    <TestEntry testId="94daccb3-b007-0c68-55e4-e0343d1d1e59" executionId="7e41a038-e7a3-4b56-af1b-137b56ae1ab6" testListId="8c84fa94-04c1-424b-9868-57a2d4851a1d" />
    <TestEntry testId="7863b4c8-e5be-ab9c-3085-5c8ff7aa6265" executionId="3cbc90fa-7e4f-4258-b262-6e851ddb37c1" testListId="8c84fa94-04c1-424b-9868-57a2d4851a1d" />
    <TestEntry testId="c78eda7b-81e1-58ee-32f6-721cca0ae0a7" executionId="2fc0f4ef-24bb-417c-a877-34456316fee0" testListId="8c84fa94-04c1-424b-9868-57a2d4851a1d" />
    <TestEntry testId="9eee002c-9f12-e3ef-07a7-39f091c7e7a3" executionId="1831fd73-4c10-4d1d-b835-52144be4ea58" testListId="8c84fa94-04c1-424b-9868-57a2d4851a1d" />
    <TestEntry testId="a2c3751e-e97e-0e48-739d-74dbb492c206" executionId="68ed1d24-3616-40de-a010-8c971ba92cfb" testListId="8c84fa94-04c1-424b-9868-57a2d4851a1d" />
    <TestEntry testId="1d0eaa87-6dd4-a3f1-cc99-cc622ccebe09" executionId="9fdd45ad-8d7e-429e-90a8-fd2757d4a0f7" testListId="8c84fa94-04c1-424b-9868-57a2d4851a1d" />
    <TestEntry testId="99072980-b74e-bb60-e1ca-d6867d1507b3" executionId="28278d95-29c4-44a6-af56-745fa1cd6d52" testListId="8c84fa94-04c1-424b-9868-57a2d4851a1d" />
    <TestEntry testId="bb7aa315-cd83-bdb4-528f-61329cf74549" executionId="dfe4319d-f0ee-4465-9664-e2bcc2952347" testListId="8c84fa94-04c1-424b-9868-57a2d4851a1d" />
    <TestEntry testId="55351817-44dd-3105-6cc3-22e8447111a6" executionId="c442e995-78c3-4713-b5fa-b23f20576a12" testListId="8c84fa94-04c1-424b-9868-57a2d4851a1d" />
    <TestEntry testId="abe8c50b-7825-b620-e300-9c74116ed06e" executionId="fe7ae70c-038e-49e4-9377-c378b084d567" testListId="8c84fa94-04c1-424b-9868-57a2d4851a1d" />
    <TestEntry testId="42b0742d-dff1-56de-95a5-e8b1c3072970" executionId="4d63625f-bfb4-4a62-9646-66563294a335" testListId="8c84fa94-04c1-424b-9868-57a2d4851a1d" />
    <TestEntry testId="ba8f2ff2-6fa5-8687-f623-4129a8623f1d" executionId="f7f9f11d-f4af-49c3-9952-7b439402aef6" testListId="8c84fa94-04c1-424b-9868-57a2d4851a1d" />
    <TestEntry testId="ddf6c466-6463-b413-44ad-2709382ad4a6" executionId="ce32f5b0-2166-4d14-bcbe-13cfdb8ceaa7" testListId="8c84fa94-04c1-424b-9868-57a2d4851a1d" />
    <TestEntry testId="44386eff-6341-9c98-099c-d97afcfcecaa" executionId="638f50d1-316b-4f63-aae7-4d2c439b8178" testListId="8c84fa94-04c1-424b-9868-57a2d4851a1d" />
    <TestEntry testId="0569a22a-b95f-c807-61d4-204c55c95c04" executionId="46d75673-31f3-4c2d-8c91-75e3474c774f" testListId="8c84fa94-04c1-424b-9868-57a2d4851a1d" />
    <TestEntry testId="7113d6e7-1b3c-6e37-21c6-33afee4caeee" executionId="1f7a700a-58dd-471b-a35d-781cfe39acc4" testListId="8c84fa94-04c1-424b-9868-57a2d4851a1d" />
    <TestEntry testId="80d7ad8a-5f46-7aea-ad9d-a8be3b4c5cd0" executionId="cbfbb89a-63e2-43ea-9f4a-156a07eb7434" testListId="8c84fa94-04c1-424b-9868-57a2d4851a1d" />
    <TestEntry testId="818c2b1c-e391-25c4-842b-28fe0d809f60" executionId="e53eae27-e45d-4d61-94eb-acf12fa35f4f" testListId="8c84fa94-04c1-424b-9868-57a2d4851a1d" />
    <TestEntry testId="6d633dac-80cc-4918-0952-9d10a55d4156" executionId="b518ac3c-7d5b-4d74-8dbe-583f38db7024" testListId="8c84fa94-04c1-424b-9868-57a2d4851a1d" />
    <TestEntry testId="318ff720-6ab4-09cd-a246-554b0680ac02" executionId="c1b96dad-99aa-4964-9961-93fc37005eb0" testListId="8c84fa94-04c1-424b-9868-57a2d4851a1d" />
    <TestEntry testId="6d542aa6-c960-006f-8f96-9eb40861a2d6" executionId="99eab9bb-adb8-4e64-bd93-e969da08f32a" testListId="8c84fa94-04c1-424b-9868-57a2d4851a1d" />
    <TestEntry testId="e2001511-bd3d-2cb4-d129-4724bed5f91b" executionId="fdb26209-8e5f-4923-941f-50ae49079b1f" testListId="8c84fa94-04c1-424b-9868-57a2d4851a1d" />
    <TestEntry testId="bff7cb51-93aa-b1a4-055b-6913bedecd72" executionId="f52cdaf8-b673-45d6-9332-6e5b0f2efb50" testListId="8c84fa94-04c1-424b-9868-57a2d4851a1d" />
    <TestEntry testId="ca11e439-bd93-459c-159a-31bf81fd3334" executionId="68f3afca-e372-48bf-b786-38d8f845d383" testListId="8c84fa94-04c1-424b-9868-57a2d4851a1d" />
    <TestEntry testId="3d8965fa-8ba4-35da-5ad7-3f4171e2f174" executionId="71910577-70be-4b05-a0ed-4ad95e0af56c" testListId="8c84fa94-04c1-424b-9868-57a2d4851a1d" />
    <TestEntry testId="b0fc5090-f04e-167f-e7a7-78e5c58f18c1" executionId="e4534faf-a963-4ce1-be86-08704bc658cd" testListId="8c84fa94-04c1-424b-9868-57a2d4851a1d" />
    <TestEntry testId="9c6544f3-c93b-0c78-3099-2e281ee37c28" executionId="5414d119-47d2-420e-b78a-15656223da8b" testListId="8c84fa94-04c1-424b-9868-57a2d4851a1d" />
    <TestEntry testId="9eb0818c-6bb1-beaf-b4d1-ffa0e60e013a" executionId="0b1de1de-6103-415b-9db2-1bc0ba63cc3a" testListId="8c84fa94-04c1-424b-9868-57a2d4851a1d" />
    <TestEntry testId="65b87c1c-eb9c-d015-2b22-c20ef1347992" executionId="ea496f2a-c2e9-4190-9166-82994472ce9e" testListId="8c84fa94-04c1-424b-9868-57a2d4851a1d" />
    <TestEntry testId="40f912ca-c928-103d-aadb-7dfb026e8eb2" executionId="a0354fd8-69d9-4b9e-97eb-737db5f07813" testListId="8c84fa94-04c1-424b-9868-57a2d4851a1d" />
    <TestEntry testId="cdf6d90f-1c19-8d15-0771-fe6764b0a239" executionId="23575d6e-c63d-4dbf-a5cc-32323307adf0" testListId="8c84fa94-04c1-424b-9868-57a2d4851a1d" />
    <TestEntry testId="7cd188eb-5259-41ab-5a00-e31c3e6c2710" executionId="02d22748-0961-4a39-b9f6-bec639bd53a7" testListId="8c84fa94-04c1-424b-9868-57a2d4851a1d" />
    <TestEntry testId="86f999aa-9ba8-c9d3-01e3-ef9686a88023" executionId="86794800-bcb9-445f-9ddc-fe58b59e709f" testListId="8c84fa94-04c1-424b-9868-57a2d4851a1d" />
    <TestEntry testId="19bbb926-1520-0b26-c383-44a7495d44a0" executionId="cf4ba72a-3a19-421e-b956-0deaf9adbe09" testListId="8c84fa94-04c1-424b-9868-57a2d4851a1d" />
    <TestEntry testId="f6178ffd-c673-175e-41ef-f8dd82ec939c" executionId="3d036b94-e011-4e95-8f72-77c016b50198" testListId="8c84fa94-04c1-424b-9868-57a2d4851a1d" />
    <TestEntry testId="ae7d1064-0796-909c-9abc-aa6352ee99b4" executionId="6f3e54ea-7030-4e84-86c9-6da69de0cd32" testListId="8c84fa94-04c1-424b-9868-57a2d4851a1d" />
    <TestEntry testId="202ca08c-90a0-7c26-05f1-30c7e2c8bd6a" executionId="c8d28827-4df1-466d-a55f-97b715514e39" testListId="8c84fa94-04c1-424b-9868-57a2d4851a1d" />
    <TestEntry testId="e4201408-b578-6dcf-2bf5-eb6a0da370c7" executionId="7c28dad9-a710-4dbf-98ad-c0d14d94aeeb" testListId="8c84fa94-04c1-424b-9868-57a2d4851a1d" />
    <TestEntry testId="167a65fb-4072-06f8-c1d4-2c8222baa594" executionId="bf7dbc35-0d77-4a31-9102-6cae67a517b7" testListId="8c84fa94-04c1-424b-9868-57a2d4851a1d" />
    <TestEntry testId="9815ef8a-cf74-0924-748e-a5319474f817" executionId="4a7658a7-0265-4270-8149-29e3f1dbde14" testListId="8c84fa94-04c1-424b-9868-57a2d4851a1d" />
    <TestEntry testId="0c9a5da5-caf1-6b16-eb49-c0fb0ca90a23" executionId="8d13148d-416c-402d-bd70-1030fc0895df" testListId="8c84fa94-04c1-424b-9868-57a2d4851a1d" />
    <TestEntry testId="e013788d-3e35-3f07-e2ee-11ac5735037e" executionId="f17d8787-c2e0-43eb-ae67-2d29d0439160" testListId="8c84fa94-04c1-424b-9868-57a2d4851a1d" />
    <TestEntry testId="3ba850b3-02c9-45d9-9f8c-ee8c0cf88ad3" executionId="79866938-f6b5-423c-8aa9-8516daa3b61b" testListId="8c84fa94-04c1-424b-9868-57a2d4851a1d" />
    <TestEntry testId="f8ee3e53-c2f8-85e8-454f-626ec1d4c902" executionId="cf45c91b-7033-4980-9d3a-50c3e5d75f82" testListId="8c84fa94-04c1-424b-9868-57a2d4851a1d" />
    <TestEntry testId="962d3a09-014f-3b97-2379-31aa2ef13b7d" executionId="2b574d03-679e-4ea6-8477-5d468435379e" testListId="8c84fa94-04c1-424b-9868-57a2d4851a1d" />
    <TestEntry testId="fdb91b9f-8c7b-92f0-1767-4b2e70d10861" executionId="4a259856-bd1a-40cb-8030-e6bfb5f804bb" testListId="8c84fa94-04c1-424b-9868-57a2d4851a1d" />
    <TestEntry testId="09e09360-919a-94f8-6acf-4cede5e43872" executionId="f6d55f87-d842-4e36-91d6-74e6d7971ce7" testListId="8c84fa94-04c1-424b-9868-57a2d4851a1d" />
    <TestEntry testId="baaefc24-7a87-875d-4ebc-eb3d831a8ba7" executionId="ce9b4810-d52a-4c44-9e8a-1cdd2d72cdeb" testListId="8c84fa94-04c1-424b-9868-57a2d4851a1d" />
    <TestEntry testId="3c5342c7-3a69-abad-4b58-b383c51ca2dc" executionId="8821b896-ebc8-469e-8fe0-6fbd19e54891" testListId="8c84fa94-04c1-424b-9868-57a2d4851a1d" />
    <TestEntry testId="f06993e6-d46e-e83b-06f0-c11ec448b3ea" executionId="0ca73737-8ce5-437b-8c56-57e5dc2dc3d8" testListId="8c84fa94-04c1-424b-9868-57a2d4851a1d" />
    <TestEntry testId="02f27a45-61c1-c0be-a770-4dbeb278d254" executionId="0eb57e7f-addf-4aa4-8091-1527ee321a78" testListId="8c84fa94-04c1-424b-9868-57a2d4851a1d" />
    <TestEntry testId="bfbd1fe8-c6d4-a72f-c3bc-c829bb915128" executionId="41fcf299-b8a3-445d-9c7d-da0440f133b2" testListId="8c84fa94-04c1-424b-9868-57a2d4851a1d" />
    <TestEntry testId="ede16b30-5e35-6372-a326-10d61a90a3d6" executionId="9ac1eb64-09e1-41c9-b2d0-1012c3a9d4b4" testListId="8c84fa94-04c1-424b-9868-57a2d4851a1d" />
    <TestEntry testId="96ccc192-e2ef-3f46-2a40-1c19aecfb034" executionId="f83db271-a49d-4dcc-9807-4e19cab21cac" testListId="8c84fa94-04c1-424b-9868-57a2d4851a1d" />
    <TestEntry testId="70ada400-13ce-ab7e-a298-b102d1fffd27" executionId="bc1de427-d0fe-4daa-9984-7531c4b22a25" testListId="8c84fa94-04c1-424b-9868-57a2d4851a1d" />
    <TestEntry testId="a2b2f5c2-467a-45f9-4ca9-e16ad38ed5f7" executionId="81ee7e10-19c3-4968-807b-c960575f9c89" testListId="8c84fa94-04c1-424b-9868-57a2d4851a1d" />
    <TestEntry testId="156bef2f-7815-e37f-cfa9-05a6c5bcd60e" executionId="34bc7ca8-5ca0-4134-ab46-f67fde07a182" testListId="8c84fa94-04c1-424b-9868-57a2d4851a1d" />
    <TestEntry testId="d5f0f279-8c49-6d01-c59c-a15b6d46fe6b" executionId="98d79c1d-2ba5-4a72-aaa2-be3d19c1c228" testListId="8c84fa94-04c1-424b-9868-57a2d4851a1d" />
    <TestEntry testId="d0b7b9de-5eb3-f0f4-936e-4bc7ecfad36e" executionId="2154b3fc-18e7-4e47-8fc3-3509a1cda156" testListId="8c84fa94-04c1-424b-9868-57a2d4851a1d" />
    <TestEntry testId="ed630027-896a-62f3-6a2c-3a292d548ff2" executionId="3ff318c7-6fd9-48a7-af34-c6197042e6a7" testListId="8c84fa94-04c1-424b-9868-57a2d4851a1d" />
    <TestEntry testId="0f5f46b7-ed1f-3c82-c28a-a5bbcc372818" executionId="4ae6bcad-3203-4343-8599-83d5ba061696" testListId="8c84fa94-04c1-424b-9868-57a2d4851a1d" />
    <TestEntry testId="bd526214-b651-2179-99c3-a5fdf10af759" executionId="d7ca90df-fc07-4f79-bebd-bf225c7f504f" testListId="8c84fa94-04c1-424b-9868-57a2d4851a1d" />
    <TestEntry testId="8f10b12f-0fc1-7ea8-0d3e-99a1fd1782cc" executionId="eae3ab2c-4f12-4cc5-91ca-c35e6d93b8bf" testListId="8c84fa94-04c1-424b-9868-57a2d4851a1d" />
    <TestEntry testId="c7c49bc2-8426-a4ca-0659-74860b7a9f77" executionId="95b065f6-bbd7-4b35-80d6-975b3a0be204" testListId="8c84fa94-04c1-424b-9868-57a2d4851a1d" />
    <TestEntry testId="fa677450-2c11-6c1d-e6db-68b08165a159" executionId="2bb1646b-98f2-473f-b2c6-2d357061dc5d" testListId="8c84fa94-04c1-424b-9868-57a2d4851a1d" />
    <TestEntry testId="cf00bcad-3377-5df0-e760-6e16de44e136" executionId="f933e817-01c6-4e87-af2d-c970e287f711" testListId="8c84fa94-04c1-424b-9868-57a2d4851a1d" />
    <TestEntry testId="cdbf507e-108a-157f-b4e9-c00de71225a1" executionId="99642f49-5f33-49a0-bf4d-cb58982c5631" testListId="8c84fa94-04c1-424b-9868-57a2d4851a1d" />
    <TestEntry testId="91e34eae-5e10-2c4d-2f0a-b1761fada1ce" executionId="db67e4b9-de9e-406b-86d0-66aebdb3ad21" testListId="8c84fa94-04c1-424b-9868-57a2d4851a1d" />
    <TestEntry testId="80561b9a-c836-8b20-8c0c-9496cb0dd45d" executionId="8ead71bb-f8bd-4327-8b09-2c1933139ff8" testListId="8c84fa94-04c1-424b-9868-57a2d4851a1d" />
    <TestEntry testId="2c3b9660-5d82-eb0b-2a22-f2f948173332" executionId="2377bb7e-0921-4bc5-bf8a-1ba86e53785e" testListId="8c84fa94-04c1-424b-9868-57a2d4851a1d" />
    <TestEntry testId="4a68d8f7-f1f6-26cf-5e45-a36ad5c1b9c6" executionId="a7691a09-5b66-4d78-a927-419e4cb1bc10" testListId="8c84fa94-04c1-424b-9868-57a2d4851a1d" />
    <TestEntry testId="58b7b539-1359-0b2b-d37b-ca7e7d393719" executionId="8022c09f-e11f-48ce-8716-a698a0adb0e8" testListId="8c84fa94-04c1-424b-9868-57a2d4851a1d" />
    <TestEntry testId="e71570a5-6ac1-152a-d868-316618e556bb" executionId="8c2ba8cc-bb3a-4408-b2b5-96f4bff29a12" testListId="8c84fa94-04c1-424b-9868-57a2d4851a1d" />
    <TestEntry testId="de7d8dcf-da6a-dd16-3049-a9bb6d820c64" executionId="7e1a8e84-7210-4f96-a4d1-d7d9da792f21" testListId="8c84fa94-04c1-424b-9868-57a2d4851a1d" />
    <TestEntry testId="7522e28f-c541-6689-7744-ced71c9ecc3b" executionId="70263d05-b333-4c94-9543-b540574a710f" testListId="8c84fa94-04c1-424b-9868-57a2d4851a1d" />
    <TestEntry testId="e826c483-9934-e7c7-6a7f-00a0c30090d8" executionId="3a33e2b7-cbdc-4edf-9515-2c6476961a40" testListId="8c84fa94-04c1-424b-9868-57a2d4851a1d" />
    <TestEntry testId="c38996f6-f07c-b709-703c-7740aaf23cb8" executionId="5bde995d-3731-42cf-8616-10c23696c2dc" testListId="8c84fa94-04c1-424b-9868-57a2d4851a1d" />
    <TestEntry testId="796dd29b-920d-9a6d-93aa-d2be6399ae9b" executionId="b764b0ad-7d88-469f-ab37-129fef0416f1" testListId="8c84fa94-04c1-424b-9868-57a2d4851a1d" />
    <TestEntry testId="a296005b-44fd-2286-ea0d-a579795627c9" executionId="65f6f383-fa2c-4038-93e4-a23a107989e2" testListId="8c84fa94-04c1-424b-9868-57a2d4851a1d" />
    <TestEntry testId="9626104c-f929-6253-d6f4-82597b698730" executionId="64c68299-ef0e-45ab-b158-07791f9dc11e" testListId="8c84fa94-04c1-424b-9868-57a2d4851a1d" />
    <TestEntry testId="7809fd05-a713-b167-9d84-2f33b7eee2b6" executionId="208c7e79-ad13-4a82-bebb-de0104f7880e" testListId="8c84fa94-04c1-424b-9868-57a2d4851a1d" />
    <TestEntry testId="28a75e7f-74a5-9198-2123-05d74da39f94" executionId="766c5f1b-b245-4ad8-828d-fb592aefa3d1" testListId="8c84fa94-04c1-424b-9868-57a2d4851a1d" />
    <TestEntry testId="9dac6a93-2b17-3d7d-c5f8-8c271cd1f8af" executionId="7045fc2b-b2d7-4de8-b281-98d15701cd88" testListId="8c84fa94-04c1-424b-9868-57a2d4851a1d" />
    <TestEntry testId="c4516690-57a8-1e4a-a2e4-7b0cfe98bea2" executionId="1a6caf8a-aaa2-4cf6-b92b-8bb364b9ee01" testListId="8c84fa94-04c1-424b-9868-57a2d4851a1d" />
    <TestEntry testId="fd527cf5-36af-7480-8be5-e613139e61e9" executionId="623a5d85-95da-46f0-b626-3b2d273969ca" testListId="8c84fa94-04c1-424b-9868-57a2d4851a1d" />
    <TestEntry testId="cddf6671-798f-d267-8816-10c7ad43fe26" executionId="ef864668-8626-43ea-b518-3decb96662fe" testListId="8c84fa94-04c1-424b-9868-57a2d4851a1d" />
    <TestEntry testId="70a05764-e0d8-b09b-f92e-313088f6434a" executionId="baa756ef-f70f-43b7-aeef-ff8ace8fa76b" testListId="8c84fa94-04c1-424b-9868-57a2d4851a1d" />
    <TestEntry testId="863f2649-8cc4-ed85-7319-005d14d0d4bf" executionId="bcf6976d-803d-4cd0-a5b6-5aca90d94a9c" testListId="8c84fa94-04c1-424b-9868-57a2d4851a1d" />
    <TestEntry testId="216d19eb-21c1-9c67-7aaf-065bd8a93579" executionId="84b41cd8-649d-4efd-9512-15ad9152e071" testListId="8c84fa94-04c1-424b-9868-57a2d4851a1d" />
    <TestEntry testId="25fcc127-0500-ffa9-1c68-d559fb8a1e18" executionId="bfded9cc-9f69-42d2-af21-11572bb9dc45" testListId="8c84fa94-04c1-424b-9868-57a2d4851a1d" />
    <TestEntry testId="758fa9d0-6172-6e35-35a2-29bd230f8472" executionId="1e310178-4e26-4eab-a80f-e120d09f2837" testListId="8c84fa94-04c1-424b-9868-57a2d4851a1d" />
    <TestEntry testId="dc6a7408-3b88-a62f-1b1f-259afef33913" executionId="804f9e4d-d938-4701-a508-83aaa90feb28" testListId="8c84fa94-04c1-424b-9868-57a2d4851a1d" />
    <TestEntry testId="72642c3f-e834-ae62-9918-00350d06d2aa" executionId="8b27727f-b5ff-423e-a490-ebc11439803b" testListId="8c84fa94-04c1-424b-9868-57a2d4851a1d" />
    <TestEntry testId="690f8627-561d-14e0-e478-0b8095ffe5c7" executionId="ecfb57da-2a3b-44be-99d0-e17f4c6e5fb4" testListId="8c84fa94-04c1-424b-9868-57a2d4851a1d" />
    <TestEntry testId="1aad12de-540d-771d-326a-d20f478bddbf" executionId="19b3af24-ea98-4a16-a38b-f56b6e8c3329" testListId="8c84fa94-04c1-424b-9868-57a2d4851a1d" />
    <TestEntry testId="33014227-5ea8-706b-3c0b-c1bb2284d215" executionId="c329c2a1-0019-4451-825e-11fc3a0162f8" testListId="8c84fa94-04c1-424b-9868-57a2d4851a1d" />
    <TestEntry testId="8dddaf55-6ab4-003b-ed4d-847922d48b23" executionId="85add49f-0fcf-461d-bec9-eaebd621d5e9" testListId="8c84fa94-04c1-424b-9868-57a2d4851a1d" />
    <TestEntry testId="ad370dbb-359a-2cf7-a48a-262ae5238fac" executionId="b86f8c97-5a58-4a01-ad00-e0ba27e5e6db" testListId="8c84fa94-04c1-424b-9868-57a2d4851a1d" />
    <TestEntry testId="bbc78ea0-a48f-af28-31b3-c6379b4b6300" executionId="bcedca8a-ea57-4faa-affc-2d8f914f8eda" testListId="8c84fa94-04c1-424b-9868-57a2d4851a1d" />
    <TestEntry testId="94efa4ec-f685-ef1c-c67c-9022bd160ca2" executionId="65c6d262-b897-4348-8de8-dc568a93629a" testListId="8c84fa94-04c1-424b-9868-57a2d4851a1d" />
    <TestEntry testId="872cdf90-b509-fd87-28ea-a274dc3ce9ca" executionId="3cf03001-02f4-435b-b463-b9273d0da6e0" testListId="8c84fa94-04c1-424b-9868-57a2d4851a1d" />
    <TestEntry testId="8a189707-77aa-d68d-82e8-022eac8ffdec" executionId="a01badf4-8103-406e-ad4a-196b03c15658" testListId="8c84fa94-04c1-424b-9868-57a2d4851a1d" />
    <TestEntry testId="4d653019-3ce4-aff3-2466-29c202d955d2" executionId="8a618af9-112a-4085-a3da-29c11241967f" testListId="8c84fa94-04c1-424b-9868-57a2d4851a1d" />
    <TestEntry testId="e065ab6e-88ad-7cab-61d8-8f5f938996eb" executionId="645422da-0a5a-4e9d-8472-5ef674b692d9" testListId="8c84fa94-04c1-424b-9868-57a2d4851a1d" />
    <TestEntry testId="deb817bf-7314-2249-4089-c636d27fa84e" executionId="58302dc9-be3a-40ed-9fc6-9115693c5928" testListId="8c84fa94-04c1-424b-9868-57a2d4851a1d" />
    <TestEntry testId="532f7cce-b470-de3e-a97b-7ba10f0307a0" executionId="293b7ab9-dca9-416d-9854-473347f17f96" testListId="8c84fa94-04c1-424b-9868-57a2d4851a1d" />
    <TestEntry testId="b696b391-82f2-b3a5-6f2e-f9f45fcc2c16" executionId="5ccbde73-4de1-48c2-99fc-34e1b2fe9aac" testListId="8c84fa94-04c1-424b-9868-57a2d4851a1d" />
    <TestEntry testId="f64257ad-ee98-9de7-efdf-564a1945d2bb" executionId="76b858ec-c60a-4d6b-b84d-b207c6925689" testListId="8c84fa94-04c1-424b-9868-57a2d4851a1d" />
    <TestEntry testId="dabaef7f-f1fd-54d8-3f9a-4542fc2aa4a7" executionId="21f0cd7b-6089-4541-bbc9-053199bda8bd" testListId="8c84fa94-04c1-424b-9868-57a2d4851a1d" />
    <TestEntry testId="e0f402b9-82e4-9055-81d6-fdee22b069ea" executionId="907d4d6c-1f30-4d78-913e-b71424af97eb" testListId="8c84fa94-04c1-424b-9868-57a2d4851a1d" />
    <TestEntry testId="7d1df5e4-844c-f2c5-dec5-add8beb6408a" executionId="4a374e0f-6f73-42f3-83fb-caf418bb19d4" testListId="8c84fa94-04c1-424b-9868-57a2d4851a1d" />
    <TestEntry testId="9f206690-97bf-be5d-f642-6ef35d60ede1" executionId="43c9351e-4717-442c-9c79-936789a06a9f" testListId="8c84fa94-04c1-424b-9868-57a2d4851a1d" />
    <TestEntry testId="acabdf2e-38e9-54e7-3a6a-06c76dc1a861" executionId="d5c3596b-4ce6-463a-9a64-59fc1d897f3c" testListId="8c84fa94-04c1-424b-9868-57a2d4851a1d" />
    <TestEntry testId="2985a020-a1bc-1de9-3305-2cc11732ded6" executionId="056ffc82-4bd4-49ef-b50c-2cf7858cea7a" testListId="8c84fa94-04c1-424b-9868-57a2d4851a1d" />
    <TestEntry testId="b10798dc-b4ef-4b8e-70ea-0e06199ff821" executionId="37d1d710-6f6b-4189-87e2-6911eac2029b" testListId="8c84fa94-04c1-424b-9868-57a2d4851a1d" />
    <TestEntry testId="ca2dbcc5-e0fa-a00a-d5d7-4dbedb6506d9" executionId="1f1fc882-41df-4acf-b1cc-d7ce9c34b264" testListId="8c84fa94-04c1-424b-9868-57a2d4851a1d" />
    <TestEntry testId="f7a86cf5-eecd-e7a3-fa52-895112ba4d85" executionId="9e400e67-f9ab-4ec6-8f3c-149028eec90d" testListId="8c84fa94-04c1-424b-9868-57a2d4851a1d" />
    <TestEntry testId="44850138-cd1b-111f-e0af-241c17a3dcfc" executionId="341d5c56-46ca-44ee-9347-71679ea39bde" testListId="8c84fa94-04c1-424b-9868-57a2d4851a1d" />
    <TestEntry testId="5bc0b448-4f61-09cf-dbd0-257e15ba89d7" executionId="ffaf2e4c-4eeb-4797-aeca-db5fe84e1cab" testListId="8c84fa94-04c1-424b-9868-57a2d4851a1d" />
    <TestEntry testId="1a9c6d9e-7306-5f02-b5f3-391b8a04dc65" executionId="eca8d6fa-ccc0-4f1a-ba9d-04681c2994d8" testListId="8c84fa94-04c1-424b-9868-57a2d4851a1d" />
    <TestEntry testId="d30bd93a-296b-5efe-6a20-f2d851fa8050" executionId="645e1556-45a5-41c9-9d9b-2d37aa8e83b1" testListId="8c84fa94-04c1-424b-9868-57a2d4851a1d" />
    <TestEntry testId="9861a6e0-8ae0-c340-2ead-ffd6d76afa39" executionId="b065c709-95b9-4ad5-885e-db78f1698a05" testListId="8c84fa94-04c1-424b-9868-57a2d4851a1d" />
    <TestEntry testId="97807180-ab21-d476-a2fb-64cf38370c2d" executionId="c6c6642e-f140-4e17-8ef3-434f3bc041dc" testListId="8c84fa94-04c1-424b-9868-57a2d4851a1d" />
    <TestEntry testId="88b1452c-0c99-46f0-2842-08f23844adce" executionId="06c3981e-9bc5-4988-a923-56b89ed6aa69" testListId="8c84fa94-04c1-424b-9868-57a2d4851a1d" />
    <TestEntry testId="4b00ba75-ba91-b32a-1108-6b47000f0afa" executionId="c64aee19-97f7-4b66-acd0-abe937c10c63" testListId="8c84fa94-04c1-424b-9868-57a2d4851a1d" />
    <TestEntry testId="d7bd2eaa-e82e-a738-884a-5a164275ef84" executionId="93bcd970-241f-4fd7-a854-da5c9306c663" testListId="8c84fa94-04c1-424b-9868-57a2d4851a1d" />
    <TestEntry testId="9c347e62-7bd0-76b6-3f37-6a83ecbc4d62" executionId="92e8956d-5971-403f-9a35-4dc19cda4bd9" testListId="8c84fa94-04c1-424b-9868-57a2d4851a1d" />
    <TestEntry testId="565a25b8-f9a1-2bc6-7866-9b901ef77a1f" executionId="e7aec471-2b95-4a8b-af5d-c362cf1890fe" testListId="8c84fa94-04c1-424b-9868-57a2d4851a1d" />
    <TestEntry testId="a4e10eba-c6d2-ce83-6b33-630d0c6bb787" executionId="3ba0f300-20f7-45af-a7e0-7d1eddfd59e7" testListId="8c84fa94-04c1-424b-9868-57a2d4851a1d" />
    <TestEntry testId="7599dcb1-9549-1a81-282d-0480debc06a6" executionId="854b8aff-0f2f-46ca-86d3-7add066736a8" testListId="8c84fa94-04c1-424b-9868-57a2d4851a1d" />
    <TestEntry testId="592dad0a-89b2-0b5c-0edd-2a7584226c2e" executionId="3583ebe1-026a-4636-b40a-41366bf356a0" testListId="8c84fa94-04c1-424b-9868-57a2d4851a1d" />
    <TestEntry testId="41afcd36-62d0-7e8b-02a8-a36dd1064b0c" executionId="33d6bb05-3214-41a8-bea7-00c8c1f0ddce" testListId="8c84fa94-04c1-424b-9868-57a2d4851a1d" />
    <TestEntry testId="5f5cdcb6-d94d-6f8f-189f-f0980d69f84f" executionId="692314e7-579b-470a-91c3-8785a3b95768" testListId="8c84fa94-04c1-424b-9868-57a2d4851a1d" />
    <TestEntry testId="96a235c8-4e08-cd2c-b752-ab93f6cb84cc" executionId="dbb5772a-f413-4640-b3d0-a9da76a15550" testListId="8c84fa94-04c1-424b-9868-57a2d4851a1d" />
    <TestEntry testId="92ca6dfc-a779-f933-90b4-1257d69a07f6" executionId="8003e7b6-53c4-43e5-91f5-98d91341ea46" testListId="8c84fa94-04c1-424b-9868-57a2d4851a1d" />
    <TestEntry testId="af42cc59-db56-1545-830e-265d4cbd02a1" executionId="a4e6c058-7592-4ecf-968f-0442b14d5536" testListId="8c84fa94-04c1-424b-9868-57a2d4851a1d" />
    <TestEntry testId="41f91646-9f56-d19d-d379-ef95e9592fdb" executionId="6959afaa-a0e4-4a22-b360-d43c71cb16b0" testListId="8c84fa94-04c1-424b-9868-57a2d4851a1d" />
    <TestEntry testId="45d5803c-2405-6221-7ac6-e44ff1338937" executionId="691cb6b0-c282-40b2-bd58-d35bec1dcd71" testListId="8c84fa94-04c1-424b-9868-57a2d4851a1d" />
    <TestEntry testId="6800e534-ea07-f491-37b3-0df1ba209d9f" executionId="19766a2f-531d-4482-887d-ea4b449e1694" testListId="8c84fa94-04c1-424b-9868-57a2d4851a1d" />
    <TestEntry testId="d3d52aaf-e1ee-fbf2-2577-d33da3780632" executionId="86cf7b74-3644-41dd-ad99-3a53c7f25958" testListId="8c84fa94-04c1-424b-9868-57a2d4851a1d" />
    <TestEntry testId="b1e9e98b-f7ec-c47b-837f-12fa5cf25f2e" executionId="3f88ef8f-bd9f-4e4e-99c0-798e953b8440" testListId="8c84fa94-04c1-424b-9868-57a2d4851a1d" />
    <TestEntry testId="e713d4b3-ec20-3d25-7d98-530441661b2f" executionId="45f6fb1c-7def-4c2c-99f2-38e831d31c56" testListId="8c84fa94-04c1-424b-9868-57a2d4851a1d" />
    <TestEntry testId="5ef57b0f-80ef-ecd6-d62d-8096b4e7cee5" executionId="6d599de9-4b22-4c07-8182-efe0ce561b6a" testListId="8c84fa94-04c1-424b-9868-57a2d4851a1d" />
    <TestEntry testId="81b86f5c-6dae-6f3d-6951-da766b19e26a" executionId="5a5ad17f-741c-4c35-bb02-b06698f9b2bd" testListId="8c84fa94-04c1-424b-9868-57a2d4851a1d" />
    <TestEntry testId="7f673576-6d2b-af93-18a8-7608b84dcec9" executionId="e587d48a-eb18-4e41-94f7-15293cfbaec9" testListId="8c84fa94-04c1-424b-9868-57a2d4851a1d" />
    <TestEntry testId="f2bcaa66-f6a7-46a5-b774-44acc3e14086" executionId="0b185ccc-ce72-430f-b00d-15118404637c" testListId="8c84fa94-04c1-424b-9868-57a2d4851a1d" />
    <TestEntry testId="3c676c75-8f61-fa92-18b9-4cb7206bfede" executionId="9b9fd7b1-bc76-423a-a44f-e010a3362f53" testListId="8c84fa94-04c1-424b-9868-57a2d4851a1d" />
    <TestEntry testId="92f1dab1-ac86-00a1-726b-b31e403d5d00" executionId="1f3ff8e9-52e9-4bdf-bd7c-add10225a62e" testListId="8c84fa94-04c1-424b-9868-57a2d4851a1d" />
    <TestEntry testId="8805f139-aafe-5533-8bd5-acba252697aa" executionId="00499dcf-b413-475d-b32f-50d3ce95c26a" testListId="8c84fa94-04c1-424b-9868-57a2d4851a1d" />
    <TestEntry testId="7a5838d7-c286-bd67-7d86-699d62eb3f5d" executionId="02d4521f-6b87-4a76-b07d-cec3a073d76d" testListId="8c84fa94-04c1-424b-9868-57a2d4851a1d" />
    <TestEntry testId="f94e520a-5fd8-90a7-19ef-b09ff747fa83" executionId="eb331f47-d3f2-4232-b77f-568448a9eaa2" testListId="8c84fa94-04c1-424b-9868-57a2d4851a1d" />
    <TestEntry testId="4ee99bb9-8c5a-0993-d378-16d2de3c2004" executionId="1a6ea944-3169-4532-86ef-24ac87af65f3" testListId="8c84fa94-04c1-424b-9868-57a2d4851a1d" />
    <TestEntry testId="f1fca26b-901c-c090-97d0-69df80e6d5e5" executionId="e9bcb370-bed3-4e25-bab0-fb623513934e" testListId="8c84fa94-04c1-424b-9868-57a2d4851a1d" />
    <TestEntry testId="7585ca7c-25a0-2ba0-1152-0fb04c43e6b3" executionId="e68de876-0fc6-4017-88ed-eb0021b2de75" testListId="8c84fa94-04c1-424b-9868-57a2d4851a1d" />
    <TestEntry testId="a0b7524f-9eef-93f9-22f6-32455f9a03a1" executionId="fa5dc617-966b-422f-82fa-f6fe11a2464c" testListId="8c84fa94-04c1-424b-9868-57a2d4851a1d" />
    <TestEntry testId="5efadefc-df26-d75f-1a78-06cc14b0dbac" executionId="781b3511-4e51-45b3-ae19-7e0670d07cec" testListId="8c84fa94-04c1-424b-9868-57a2d4851a1d" />
    <TestEntry testId="0fb198d3-6540-8e2f-4908-469587f895ba" executionId="496832d1-e0df-45eb-9095-0fc4e9ca75c9" testListId="8c84fa94-04c1-424b-9868-57a2d4851a1d" />
    <TestEntry testId="23545a58-e8db-740a-c57b-918b9227ee2a" executionId="e2e6fdaf-d63d-427b-9f9a-fe60be860b31" testListId="8c84fa94-04c1-424b-9868-57a2d4851a1d" />
    <TestEntry testId="4e446c87-1608-355f-130b-a1761cd146eb" executionId="3deb4ad2-d594-48fb-babb-a617d93dadcb" testListId="8c84fa94-04c1-424b-9868-57a2d4851a1d" />
    <TestEntry testId="ecc58207-fcbd-9021-3887-9a418b2b266e" executionId="ea1784d7-89f7-4294-a4ef-2ecc8b440f61" testListId="8c84fa94-04c1-424b-9868-57a2d4851a1d" />
    <TestEntry testId="87e33e26-c1a8-8b47-21d4-f5cc25a5028a" executionId="80343d50-57f1-4434-88c7-8ecee8d9f86e" testListId="8c84fa94-04c1-424b-9868-57a2d4851a1d" />
    <TestEntry testId="9f225249-0ce8-ee81-db01-490afe7d67f4" executionId="00babc2e-fffe-45d7-9f09-70653fe3dc64" testListId="8c84fa94-04c1-424b-9868-57a2d4851a1d" />
    <TestEntry testId="866b9225-5edc-7f37-078c-a8eb15b450a4" executionId="28eff032-c30c-4690-9fd8-1ea68951d1bb" testListId="8c84fa94-04c1-424b-9868-57a2d4851a1d" />
    <TestEntry testId="dbbf981d-9cd3-a048-ada5-c6a73d25f10b" executionId="7a1c4376-bfad-47f6-adf5-482b84481ee0" testListId="8c84fa94-04c1-424b-9868-57a2d4851a1d" />
    <TestEntry testId="8af32a14-ba02-6653-c378-697384df6c1e" executionId="5f3922be-5a54-4c20-9524-58e6fa695109" testListId="8c84fa94-04c1-424b-9868-57a2d4851a1d" />
    <TestEntry testId="e194a8ac-03a4-7192-8998-251afeedd8f3" executionId="b2127cca-11ed-4967-8dcb-c87707be347b" testListId="8c84fa94-04c1-424b-9868-57a2d4851a1d" />
    <TestEntry testId="c87e3ab6-740f-8528-a09d-e06a6f8e92f2" executionId="0100d0b1-5095-4691-816c-671006b5a002" testListId="8c84fa94-04c1-424b-9868-57a2d4851a1d" />
    <TestEntry testId="4f104680-9c20-5310-9157-5c68ac7b0119" executionId="58ffa1ca-4b8d-4079-ae91-8785a53715a6" testListId="8c84fa94-04c1-424b-9868-57a2d4851a1d" />
    <TestEntry testId="f317fe26-0e84-f219-3664-548ca34dcc56" executionId="1dc58134-e474-4db5-91a1-4c20585f0dee" testListId="8c84fa94-04c1-424b-9868-57a2d4851a1d" />
    <TestEntry testId="d503a686-6a04-21a5-1f20-0b45dd701ab1" executionId="c1e7eac1-4279-4a3b-ac1c-d93c6427576b" testListId="8c84fa94-04c1-424b-9868-57a2d4851a1d" />
    <TestEntry testId="b2c77e51-935c-ab61-6ab9-b9935fd846b1" executionId="e3e432c3-3515-4556-8f4d-09398b681f54" testListId="8c84fa94-04c1-424b-9868-57a2d4851a1d" />
    <TestEntry testId="9bf87767-1b85-0cc8-81d0-bbf4f57a5684" executionId="ade86117-56e4-410b-85d1-a40ab42dd8eb" testListId="8c84fa94-04c1-424b-9868-57a2d4851a1d" />
    <TestEntry testId="43d197ae-95e9-970a-1fd4-582236627511" executionId="72aa8cae-751b-47fc-88e4-f2831ae0aa44" testListId="8c84fa94-04c1-424b-9868-57a2d4851a1d" />
    <TestEntry testId="d257da32-c81c-daf1-e1f8-2ae787f004d8" executionId="82857e98-b439-420d-b1b0-35fa16e9fa89" testListId="8c84fa94-04c1-424b-9868-57a2d4851a1d" />
    <TestEntry testId="c895ba20-fd5d-22e2-77e4-1c2d63d9d75c" executionId="4fd6bc33-0fec-4ee2-ac9b-9a728886969c" testListId="8c84fa94-04c1-424b-9868-57a2d4851a1d" />
    <TestEntry testId="63ae312a-6d24-17b5-13fe-c89eb23cdfe0" executionId="985e2fb1-950a-47ac-8545-e8dc2aa092ae" testListId="8c84fa94-04c1-424b-9868-57a2d4851a1d" />
    <TestEntry testId="15cfe394-bb02-36a9-1242-ffe6af4349ea" executionId="803c5636-7bdf-4335-9b0f-90aa44e395d6" testListId="8c84fa94-04c1-424b-9868-57a2d4851a1d" />
    <TestEntry testId="63549c9b-02dc-51e0-1963-4eafd438445e" executionId="d1f5cae5-1273-492d-b264-5d7b017082a4" testListId="8c84fa94-04c1-424b-9868-57a2d4851a1d" />
    <TestEntry testId="2224bdbb-c2a8-6508-2eaa-1b4d6180f8ef" executionId="36568f98-a11f-4c0e-ad9f-f9b590b9f89d" testListId="8c84fa94-04c1-424b-9868-57a2d4851a1d" />
    <TestEntry testId="b028f6a7-17b2-aa7c-dfdb-0889f623f263" executionId="9270d562-6b79-4b3b-a0ec-1ef6e0e6b608" testListId="8c84fa94-04c1-424b-9868-57a2d4851a1d" />
    <TestEntry testId="1b0a4e42-bfc7-5bde-e8dd-eeb8493ba8ad" executionId="b78608cc-91c9-4eb4-92d7-8b3304d8e768" testListId="8c84fa94-04c1-424b-9868-57a2d4851a1d" />
    <TestEntry testId="d3441655-e0b4-46e3-f90d-5699ebd07e4f" executionId="ab7e23f1-a7c3-4ad1-94ef-a30ab69e4b4e" testListId="8c84fa94-04c1-424b-9868-57a2d4851a1d" />
    <TestEntry testId="194d4e63-d013-7ae2-f17f-3985dc0f2c80" executionId="ba98a61a-8850-4bbd-8abc-9b0edd584972" testListId="8c84fa94-04c1-424b-9868-57a2d4851a1d" />
    <TestEntry testId="cc0ee4b1-3d8d-74b0-5a57-d8fb94c672f0" executionId="8231fd38-3a0b-4f74-89ef-139922fe7ea0" testListId="8c84fa94-04c1-424b-9868-57a2d4851a1d" />
    <TestEntry testId="214486a2-edab-4257-1f0d-42828c9203ef" executionId="77f4f08d-6160-4896-b265-1c0648b9fdd2" testListId="8c84fa94-04c1-424b-9868-57a2d4851a1d" />
    <TestEntry testId="98ea92e0-af35-c6a0-be9c-148004b47c2f" executionId="1f38cdfb-603e-4a39-b940-cb74b4400d7b" testListId="8c84fa94-04c1-424b-9868-57a2d4851a1d" />
    <TestEntry testId="cd9e548a-b8c4-4c88-b210-758f9f841cbe" executionId="1cf16385-e3bd-4ae6-ab6c-2f93d1eacd50" testListId="8c84fa94-04c1-424b-9868-57a2d4851a1d" />
    <TestEntry testId="6283613c-c4a4-0fde-36c9-18190bfb63e2" executionId="3f923eb2-dbb4-4b7b-a44e-85b709cb6783" testListId="8c84fa94-04c1-424b-9868-57a2d4851a1d" />
    <TestEntry testId="1d24e03e-aa4b-1bc3-f837-b543c34cc825" executionId="1167b8e4-77f1-47ff-9634-f434c7da4c3c" testListId="8c84fa94-04c1-424b-9868-57a2d4851a1d" />
    <TestEntry testId="d75541eb-e61d-a5f3-71ca-c66b5a863566" executionId="5a57025d-7905-4a1a-bfe8-a16cc3a02204" testListId="8c84fa94-04c1-424b-9868-57a2d4851a1d" />
    <TestEntry testId="b120bb16-aea5-8969-7566-c5fbda9760b7" executionId="84bd5908-7936-4a09-bc9a-9efbe4d515ee" testListId="8c84fa94-04c1-424b-9868-57a2d4851a1d" />
    <TestEntry testId="2db26635-7aea-14d9-2b74-55bb00ce5482" executionId="12d00589-3b54-4f4f-95bd-91722d1911c5" testListId="8c84fa94-04c1-424b-9868-57a2d4851a1d" />
    <TestEntry testId="a05a1f97-4ffd-31e5-4882-0a874872f5d5" executionId="8647e3d6-a7e4-4d00-b0f4-5d40086779d0" testListId="8c84fa94-04c1-424b-9868-57a2d4851a1d" />
    <TestEntry testId="a78bb7b1-c1c7-26df-b1d6-dc911ac94825" executionId="2371d194-f3d3-42ed-ab75-022ede041417" testListId="8c84fa94-04c1-424b-9868-57a2d4851a1d" />
    <TestEntry testId="282f7e17-6261-6da8-fb2a-37981ad2f3a9" executionId="19414634-7470-46e9-920a-c8b717f8dd0e" testListId="8c84fa94-04c1-424b-9868-57a2d4851a1d" />
    <TestEntry testId="feaba9d5-3e6c-74d8-c166-3df79ea5d2ae" executionId="d62ff35b-3d08-491f-a427-42e0913dfb9e" testListId="8c84fa94-04c1-424b-9868-57a2d4851a1d" />
    <TestEntry testId="85ee611b-d27c-3ed9-7b5e-efbaacd7cb4d" executionId="2b629abf-bcde-42ae-a946-1720fa1aa0f3" testListId="8c84fa94-04c1-424b-9868-57a2d4851a1d" />
    <TestEntry testId="5ed683c2-077f-ecf8-73c9-4400a9b6a6cd" executionId="ba5ab1a9-c223-408b-897f-fdb532a582d7" testListId="8c84fa94-04c1-424b-9868-57a2d4851a1d" />
    <TestEntry testId="14ca5263-de90-cb01-e248-e12b69aea6a9" executionId="0766a86c-6361-43d5-b80e-ebc8edced5d6" testListId="8c84fa94-04c1-424b-9868-57a2d4851a1d" />
    <TestEntry testId="4727f65a-5163-fa97-0b4c-28a5c85285c7" executionId="d1027bf2-9eb5-4230-b820-8372047123d4" testListId="8c84fa94-04c1-424b-9868-57a2d4851a1d" />
    <TestEntry testId="44c718a5-82e3-c72b-ddba-13ca54278770" executionId="43a7ef79-eff5-4160-8681-a62f924e24b2" testListId="8c84fa94-04c1-424b-9868-57a2d4851a1d" />
    <TestEntry testId="c53deeea-1258-9ac8-e05c-859c00a6f6e7" executionId="c29e97b8-ac0f-4da4-8db7-d50f2b5d5500" testListId="8c84fa94-04c1-424b-9868-57a2d4851a1d" />
    <TestEntry testId="f4fbaf98-45ec-dce5-c9d5-276d66058281" executionId="f5d7016e-2367-4d24-bb0d-1564f741734a" testListId="8c84fa94-04c1-424b-9868-57a2d4851a1d" />
    <TestEntry testId="75daf8bf-cae2-3ea6-abcd-08e4d6964ab7" executionId="6aa43fd1-a455-4478-a0d2-2f874240729e" testListId="8c84fa94-04c1-424b-9868-57a2d4851a1d" />
    <TestEntry testId="84fa1ff8-f31d-46ba-e4ce-f126b62f254b" executionId="ce94e277-d534-4a76-b3a6-cca660644e41" testListId="8c84fa94-04c1-424b-9868-57a2d4851a1d" />
    <TestEntry testId="5544d42f-f723-1e0e-c70f-0c0bc4eb6048" executionId="6fe0f274-f97c-42e8-bbb3-eadfb9be7e4c" testListId="8c84fa94-04c1-424b-9868-57a2d4851a1d" />
    <TestEntry testId="7868665f-0fdf-b506-7a6b-7c96ab06b849" executionId="d7969650-083d-40c9-991f-dc1e046cf623" testListId="8c84fa94-04c1-424b-9868-57a2d4851a1d" />
    <TestEntry testId="457df2d6-9c74-7626-6918-e490c47af6cc" executionId="0fe6c6bb-9a82-482d-a8cd-86e082977072" testListId="8c84fa94-04c1-424b-9868-57a2d4851a1d" />
    <TestEntry testId="03ef5418-9dd2-5656-aaf0-fa4a6874556e" executionId="a6319566-c711-4e92-b7b9-a63924d88f33" testListId="8c84fa94-04c1-424b-9868-57a2d4851a1d" />
    <TestEntry testId="f4ccf73f-caa8-2f1d-6c71-c0140e2429ee" executionId="6dab6214-3cf5-477a-90ad-7d67fb0d8c31" testListId="8c84fa94-04c1-424b-9868-57a2d4851a1d" />
    <TestEntry testId="83549ff6-8e0a-13c8-8f13-d47d340f5166" executionId="2b9888a1-4297-428c-8705-7c89915f77c1" testListId="8c84fa94-04c1-424b-9868-57a2d4851a1d" />
    <TestEntry testId="17638d5c-259d-1a24-4168-45494fad0f80" executionId="7c7ddeaa-8243-42c7-ac4b-ac85d15a4337" testListId="8c84fa94-04c1-424b-9868-57a2d4851a1d" />
    <TestEntry testId="bfde6737-a8f2-69a3-5013-84ee82957941" executionId="4b4ae4f8-8281-49a6-b731-60e84d436069" testListId="8c84fa94-04c1-424b-9868-57a2d4851a1d" />
    <TestEntry testId="d846a943-193c-64d7-cc31-5c328c43d41b" executionId="e342e71d-bd67-441d-aadd-8c369c708297" testListId="8c84fa94-04c1-424b-9868-57a2d4851a1d" />
    <TestEntry testId="a66b4381-0a6f-3329-2386-02c94f72fb5d" executionId="5542ab56-0374-4713-993f-ed21ad3d21a1" testListId="8c84fa94-04c1-424b-9868-57a2d4851a1d" />
    <TestEntry testId="f9195684-3aa5-02a3-8500-d490b9d702ff" executionId="d2879d43-97f8-4b0f-9c3d-69b6eca6cb86" testListId="8c84fa94-04c1-424b-9868-57a2d4851a1d" />
    <TestEntry testId="4eeaa6e6-5379-b846-4ef1-52b28dd7b1f0" executionId="0b20b4e2-1b23-476d-8122-0fb83d390571" testListId="8c84fa94-04c1-424b-9868-57a2d4851a1d" />
    <TestEntry testId="8c5e9d5b-71f7-c874-0232-7f2b1a2230d4" executionId="ffa88871-44e6-41aa-9c3f-e92422f3d1ca" testListId="8c84fa94-04c1-424b-9868-57a2d4851a1d" />
    <TestEntry testId="79520cb3-0818-8588-a348-c5472180156a" executionId="842a3cad-242b-430a-9d5a-796b1d5486b2" testListId="8c84fa94-04c1-424b-9868-57a2d4851a1d" />
    <TestEntry testId="ea1e4418-4adf-f420-b0df-7314d9921618" executionId="6d507176-e30a-480f-add0-da1e73b10a60" testListId="8c84fa94-04c1-424b-9868-57a2d4851a1d" />
    <TestEntry testId="fb0905d4-f81c-d64a-8fcc-3ff932fab69a" executionId="8b684b2e-dec1-44b6-b8c7-94d4ec06889b" testListId="8c84fa94-04c1-424b-9868-57a2d4851a1d" />
    <TestEntry testId="d62ed31e-1ee0-ec5d-bd99-0fa243fe727c" executionId="d01dc0b2-7300-4489-96a7-2bc022586510" testListId="8c84fa94-04c1-424b-9868-57a2d4851a1d" />
    <TestEntry testId="ec6e3fc0-848b-8b59-4342-f3a819a10a25" executionId="ef431d55-86b5-4965-a6cb-c8e42f0fae3d" testListId="8c84fa94-04c1-424b-9868-57a2d4851a1d" />
    <TestEntry testId="dc66fab3-0ecf-268b-3063-a251a0d2ddc9" executionId="ac69d835-bec9-49dd-b472-0693dcf34170" testListId="8c84fa94-04c1-424b-9868-57a2d4851a1d" />
    <TestEntry testId="15b05d71-20ff-ac80-1e33-bf2d45acec16" executionId="22d859e0-2540-4521-bbf1-1bc18f722879" testListId="8c84fa94-04c1-424b-9868-57a2d4851a1d" />
    <TestEntry testId="fdfdcdf1-0cb2-39d3-3e79-4e8b7a6af333" executionId="33617e5d-f9f7-4031-9411-ad136ea938cd" testListId="8c84fa94-04c1-424b-9868-57a2d4851a1d" />
    <TestEntry testId="0ccda033-d233-44e7-21a9-74cfd2472f03" executionId="5474a15c-4873-47d1-985a-c76fd98c5b7f" testListId="8c84fa94-04c1-424b-9868-57a2d4851a1d" />
    <TestEntry testId="9b826efc-5fb4-6b1d-15b1-9476bc9cdbc3" executionId="bdd2311b-68f8-496a-a3c4-6d3d9563c2bb" testListId="8c84fa94-04c1-424b-9868-57a2d4851a1d" />
    <TestEntry testId="471af923-4865-926e-b456-3302dc76d53c" executionId="3e570463-9743-4790-bf69-c42bb2449038" testListId="8c84fa94-04c1-424b-9868-57a2d4851a1d" />
    <TestEntry testId="af83b816-8756-30b9-6f55-91ea7daebb7f" executionId="6241c73f-547d-4f20-b99e-e09c7d0087e2" testListId="8c84fa94-04c1-424b-9868-57a2d4851a1d" />
  </TestEntries>
  <TestLists>
    <TestList name="Results Not in a List" id="8c84fa94-04c1-424b-9868-57a2d4851a1d" />
    <TestList name="All Loaded Results" id="19431567-8539-422a-85d7-44ee4e166bda" />
  </TestLists>
  <ResultSummary outcome="Completed">
    <Counters total="661" executed="660" passed="660" failed="0" error="0" timeout="0" aborted="0" inconclusive="0" passedButRunAborted="0" notRunnable="0" notExecuted="0" disconnected="0" warning="0" completed="0" inProgress="0" pending="0" />
    <Output>
      <StdOut>[xUnit.net 00:00:00.00] xUnit.net VSTest Adapter v3.0.1+f8675c32e5 (64-bit .NET 8.0.13)&#xD;
[xUnit.net 00:00:00.15]   Discovering: Dft.DTRO.Tests&#xD;
[xUnit.net 00:00:00.45]   Discovered:  Dft.DTRO.Tests&#xD;
[xUnit.net 00:00:00.66]   Starting:    Dft.DTRO.Tests&#xD;
{"Type":"ERROR","CalledFromMethod":"GetSystemConfig","Endpoint":"/systemConfig","AppId":null,"Message":"","ExceptionMessage":"Service failure"}&#xD;
{"Type":"ERROR","CalledFromMethod":"SearchDtroUsers","Endpoint":"/dtroUsers/search/test","AppId":null,"Message":"","ExceptionMessage":"Exception of type \u0027System.Exception\u0027 was thrown."}&#xD;
{"Type":"INFO","CalledFromMethod":"FindAll","Endpoint":"/tras","AppId":null,"Message":"\u0027FindAll\u0027 method called.","ExceptionMessage":null}&#xD;
{"Type":"INFO","CalledFromMethod":"CreateFromFile","Endpoint":"/rules/createFromFile/1.0","AppId":null,"Message":"\u0027CreateFromFile\u0027 method called using version \u00271.0\u0027 and file \u0027\u0027","ExceptionMessage":null}&#xD;
{"Type":"INFO","CalledFromMethod":"GetVersions","Endpoint":"/rules/versions","AppId":null,"Message":"\u0027GetVersions\u0027 method called","ExceptionMessage":null}&#xD;
{"Type":"ERROR","CalledFromMethod":"GetMetricsForDtroUser","Endpoint":"/metricsForDtroUser","AppId":null,"Message":"An error occurred while retrieving full metrics for Dtro User: ","ExceptionMessage":"Test exception"}&#xD;
{"Type":"ERROR","CalledFromMethod":"GetById","Endpoint":"/rules/a22dfa14-02a8-4bb9-ab01-9286fc3e9d8d","AppId":null,"Message":"","ExceptionMessage":"not found"}&#xD;
{"Type":"INFO","CalledFromMethod":"GetToken","Endpoint":"/oauth/token","AppId":null,"Message":"\u0027GetToken\u0027 method called.","ExceptionMessage":null}&#xD;
{"Type":"INFO","CalledFromMethod":"UpdateFromFile","Endpoint":"/rules/updateFromFile/1.0","AppId":null,"Message":"\u0027UpdateFromFile\u0027 method called using version \u00271.0\u0027 and file \u0027\u0027","ExceptionMessage":null}&#xD;
{"Type":"ERROR","CalledFromMethod":"ValidateGeometryAgainstCurrentSchemaVersion","Endpoint":"","AppId":null,"Message":"Version error","ExceptionMessage":"DfT.DTRO.Models.Validation.SemanticValidationError"}&#xD;
{"Type":"ERROR","CalledFromMethod":"UpdateFromBodyByVersion","Endpoint":"/schemas/updateFromBody/0.0.0","AppId":null,"Message":"Unexpected Null value was found","ExceptionMessage":"Invalid schema version or body"}&#xD;
{"Type":"INFO","CalledFromMethod":"GetSystemConfig","Endpoint":"/systemConfig","AppId":null,"Message":"\u0027GetSystemConfig\u0027 method called","ExceptionMessage":null}&#xD;
{"Type":"INFO","CalledFromMethod":"SearchDtroUsers","Endpoint":"/dtroUsers/search/test","AppId":null,"Message":"\u0027SearchDtroUsers\u0027 method called for test","ExceptionMessage":null}&#xD;
{"Type":"ERROR","CalledFromMethod":"HealthDatabase","Endpoint":"/healthDatabase","AppId":null,"Message":"Database is not available","ExceptionMessage":"Test exception"}&#xD;
{"Type":"ERROR","CalledFromMethod":"GetVersions","Endpoint":"/rules/versions","AppId":null,"Message":"","ExceptionMessage":"Test exception"}&#xD;
{"Type":"ERROR","CalledFromMethod":"GetById","Endpoint":"/rules/46c2db4d-0177-42d1-98af-d77023453dc3","AppId":null,"Message":"An unexpected error occurred: Unexpected error","ExceptionMessage":"Unexpected error"}&#xD;
{"Type":"INFO","CalledFromMethod":"HealthApi","Endpoint":"/healthApi","AppId":null,"Message":"\u0027HealthApi\u0027 method called","ExceptionMessage":null}&#xD;
{"Type":"ERROR","CalledFromMethod":"UpdateFromFile","Endpoint":"/rules/updateFromFile/1.0","AppId":null,"Message":"An unexpected error occurred: General exception","ExceptionMessage":"General exception"}&#xD;
{"Type":"INFO","CalledFromMethod":"HealthDatabase","Endpoint":"/healthDatabase","AppId":null,"Message":"\u0027HealthDatabase\u0027 method called","ExceptionMessage":null}&#xD;
{"Type":"INFO","CalledFromMethod":"GetById","Endpoint":"/rules/00000000-0000-0000-0000-000000000000","AppId":null,"Message":"\u0027GetById\u0027 method called using unique identifier\u002700000000-0000-0000-0000-000000000000\u0027","ExceptionMessage":null}&#xD;
{"Type":"ERROR","CalledFromMethod":"UpdateFromFile","Endpoint":"/rules/updateFromFile/1.0","AppId":null,"Message":"Bad Request","ExceptionMessage":"Invalid operation"}&#xD;
{"Type":"ERROR","CalledFromMethod":"GetById","Endpoint":"/rules/e5d7f35b-16c4-4c40-8a2f-17865a7f3285","AppId":null,"Message":"Bad Request","ExceptionMessage":"Invalid operation"}&#xD;
{"Type":"INFO","CalledFromMethod":"GetMetricsForDtroUser","Endpoint":"/metricsForDtroUser","AppId":null,"Message":"\u0027GetMetricsForDtroUser\u0027 method called using DtroUserId \u0027\u0027","ExceptionMessage":null}&#xD;
{"Type":"ERROR","CalledFromMethod":"GetVersions","Endpoint":"/rules/versions","AppId":null,"Message":"","ExceptionMessage":"Test exception"}&#xD;
{"Type":"ERROR","CalledFromMethod":"GetDtroUsers","Endpoint":"/dtroUsers","AppId":null,"Message":"","ExceptionMessage":"Exception of type \u0027System.Exception\u0027 was thrown."}&#xD;
{"Type":"ERROR","CalledFromMethod":"CreateFromBody","Endpoint":"/dtroUsers/createFromBody","AppId":null,"Message":"Bad Request using ID \u002700000000-0000-0000-0000-000000000000\u0027","ExceptionMessage":"Invalid operation"}&#xD;
{"Type":"ERROR","CalledFromMethod":"SetBoundingBoxForSingleGeometry","Endpoint":"","AppId":null,"Message":"Spatial reference error","ExceptionMessage":"DfT.DTRO.Models.Validation.SemanticValidationError"}&#xD;
{"Type":"INFO","CalledFromMethod":"GetDtroUsers","Endpoint":"/dtroUsers","AppId":null,"Message":"\u0027GetDtroUsers\u0027 method called","ExceptionMessage":null}&#xD;
{"Type":"ERROR","CalledFromMethod":"ValidateGeometryAgainstCurrentSchemaVersion","Endpoint":"","AppId":null,"Message":"Version error","ExceptionMessage":"DfT.DTRO.Models.Validation.SemanticValidationError"}&#xD;
{"Type":"ERROR","CalledFromMethod":"Get","Endpoint":"/rules","AppId":null,"Message":"","ExceptionMessage":"Exception of type \u0027System.Exception\u0027 was thrown."}&#xD;
{"Type":"ERROR","CalledFromMethod":"SetBoundingBoxForMultipleGeometries","Endpoint":"","AppId":null,"Message":"Spatial reference error","ExceptionMessage":"DfT.DTRO.Models.Validation.SemanticValidationError,DfT.DTRO.Models.Validation.SemanticValidationError"}&#xD;
{"Type":"ERROR","CalledFromMethod":"DeactivateByVersion","Endpoint":"/schemas/deactivate/1.0.0","AppId":null,"Message":"An unexpected error occurred: Invalid version","ExceptionMessage":"Invalid version"}&#xD;
{"Type":"ERROR","CalledFromMethod":"CreateFromBody","Endpoint":"/dtroUsers/createFromBody","AppId":null,"Message":"","ExceptionMessage":"Exception of type \u0027System.Exception\u0027 was thrown."}&#xD;
{"Type":"INFO","CalledFromMethod":"GetById","Endpoint":"/dtros/df7290dd-9c8f-43bc-868b-7e62aa84e803","AppId":null,"Message":"\u0027GetById\u0027 method called using \u0027df7290dd-9c8f-43bc-868b-7e62aa84e803\u0027 unique identifier","ExceptionMessage":null}&#xD;
{"Type":"ERROR","CalledFromMethod":"ValidateGeometryAgainstCurrentSchemaVersion","Endpoint":"","AppId":null,"Message":"Version type error","ExceptionMessage":"DfT.DTRO.Models.Validation.SemanticValidationError"}&#xD;
{"Type":"ERROR","CalledFromMethod":"ValidateGeometryAgainstPreviousSchemaVersions","Endpoint":"","AppId":null,"Message":"Version type error","ExceptionMessage":"DfT.DTRO.Models.Validation.SemanticValidationError"}&#xD;
{"Type":"INFO","CalledFromMethod":"CreateFromBody","Endpoint":"/dtroUsers/createFromBody","AppId":null,"Message":"\u0027CreateFromBody\u0027 method called using ID \u002700000000-0000-0000-0000-000000000000\u0027","ExceptionMessage":null}&#xD;
{"Type":"ERROR","CalledFromMethod":"GetByVersion","Endpoint":"/rules/1.0.0","AppId":null,"Message":"An unexpected error occurred: Exception of type \u0027System.Exception\u0027 was thrown.","ExceptionMessage":"Exception of type \u0027System.Exception\u0027 was thrown."}&#xD;
{"Type":"ERROR","CalledFromMethod":"GetByVersion","Endpoint":"/rules/1.0.0","AppId":null,"Message":"Schema version \u00271.0.0\u0027 not found","ExceptionMessage":"not found"}&#xD;
{"Type":"INFO","CalledFromMethod":"UpdateFromBodyByVersion","Endpoint":"/schemas/updateFromBody/3.2.0","AppId":null,"Message":"\u0027UpdateFromBodyByVersion\u0027 method called using version \u00273.2.0\u0027 and body \u0027System.Dynamic.ExpandoObject\u0027","ExceptionMessage":null}&#xD;
{"Type":"ERROR","CalledFromMethod":"GetByVersion","Endpoint":"/rules/1.0.0","AppId":null,"Message":"","ExceptionMessage":"Invalid operation"}&#xD;
{"Type":"ERROR","CalledFromMethod":"SetBoundingBoxForSingleGeometry","Endpoint":"","AppId":null,"Message":"Spatial reference error","ExceptionMessage":"DfT.DTRO.Models.Validation.SemanticValidationError"}&#xD;
{"Type":"ERROR","CalledFromMethod":"ValidateGeometryAgainstCurrentSchemaVersion","Endpoint":"","AppId":null,"Message":"Version error","ExceptionMessage":"DfT.DTRO.Models.Validation.SemanticValidationError"}&#xD;
{"Type":"ERROR","CalledFromMethod":"SetBoundingBoxForMultipleGeometries","Endpoint":"","AppId":null,"Message":"Spatial reference error","ExceptionMessage":"DfT.DTRO.Models.Validation.SemanticValidationError,DfT.DTRO.Models.Validation.SemanticValidationError"}&#xD;
{"Type":"INFO","CalledFromMethod":"GetByVersion","Endpoint":"/rules/1.0.0","AppId":null,"Message":"\u0027GetByVersion\u0027 method called using version \u00271.0.0\u0027","ExceptionMessage":null}&#xD;
{"Type":"INFO","CalledFromMethod":"Get","Endpoint":"/rules","AppId":null,"Message":"\u0027Get\u0027 method called","ExceptionMessage":null}&#xD;
{"Type":"INFO","CalledFromMethod":"GetVersions","Endpoint":"/rules/versions","AppId":null,"Message":"\u0027GetVersions\u0027 method called","ExceptionMessage":null}&#xD;
{"Type":"ERROR","CalledFromMethod":"DeleteByVersion","Endpoint":"/schemas/0.0.0","AppId":null,"Message":"Schema template with version \u00270.0.0\u0027 not found.","ExceptionMessage":""}&#xD;
{"Type":"ERROR","CalledFromMethod":"UpdateFromBody","Endpoint":"/dtros/updateFromBody/939087c3-4e4e-49ee-9b7a-fa4f6be465a5","AppId":null,"Message":"TRO \u0027939087c3-4e4e-49ee-9b7a-fa4f6be465a5\u0027 not found","ExceptionMessage":"not found"}&#xD;
{"Type":"ERROR","CalledFromMethod":"CreateFromBodyByVersion","Endpoint":"/schemas/createFromBody/0.0.0","AppId":null,"Message":"Unexpected Null value was found","ExceptionMessage":"Invalid schema"}&#xD;
{"Type":"INFO","CalledFromMethod":"CreateFromBody","Endpoint":"/dtros/createFromBody","AppId":null,"Message":"\u0027CreateFromBody\u0027 method called using appId: \u0027e82d6366-3891-4b73-a989-129982ff13b3\u0027 and body \u0027DfT.DTRO.Models.DtroDtos.DtroSubmit\u0027","ExceptionMessage":null}&#xD;
{"Type":"ERROR","CalledFromMethod":"UpdateFromFile","Endpoint":"/dtros/UpdateFromFile/6f10ff91-e58f-4d7a-acb2-2fd1ab9713c5","AppId":null,"Message":"TRO not found","ExceptionMessage":"not found"}&#xD;
{"Type":"ERROR","CalledFromMethod":"GetByVersion","Endpoint":"/schemas/0.0.0","AppId":null,"Message":"Schema version \u00270.0.0\u0027 not found","ExceptionMessage":"not found"}&#xD;
{"Type":"INFO","CalledFromMethod":"UpdateFromBody","Endpoint":"/dtros/updateFromBody/fe8750a2-467a-4877-a837-b8899687aa75","AppId":null,"Message":"\u0027UpdateFromBody\u0027 method called using appId: \u0027358e2c9e-63b6-4439-99d9-0409f2396ad6\u0027, unique identifier: \u0027fe8750a2-467a-4877-a837-b8899687aa75\u0027 and body: \u0027DfT.DTRO.Models.DtroDtos.DtroSubmit\u0027","ExceptionMessage":null}&#xD;
{"Type":"ERROR","CalledFromMethod":"CreateFromFile","Endpoint":"/dtros/createFromFile","AppId":null,"Message":"Bad Request","ExceptionMessage":"Operation is not valid due to the current state of the object."}&#xD;
{"Type":"INFO","CalledFromMethod":"Get","Endpoint":"/schemas","AppId":null,"Message":"\u0027Get\u0027 method called","ExceptionMessage":null}&#xD;
{"Type":"ERROR","CalledFromMethod":"UpdateFromFile","Endpoint":"/dtros/UpdateFromFile/fa4b423b-01af-4928-ab86-cf76ffb015cb","AppId":null,"Message":"Bad Request","ExceptionMessage":"Operation is not valid due to the current state of the object."}&#xD;
{"Type":"INFO","CalledFromMethod":"Delete","Endpoint":"/dtros/3a65158b-e4dc-4886-8d3e-5b17e587484f","AppId":null,"Message":"\u0027Delete\u0027 method called using appId: \u00279748be98-6931-4cb9-877f-4f500ab1dafe\u0027 and unique identifier \u00273a65158b-e4dc-4886-8d3e-5b17e587484f\u0027","ExceptionMessage":null}&#xD;
{"Type":"ERROR","CalledFromMethod":"CreateFromFile","Endpoint":"/dtros/createFromFile","AppId":null,"Message":"","ExceptionMessage":"Dtro Validation Failure"}&#xD;
{"Type":"ERROR","CalledFromMethod":"GetById","Endpoint":"/schemas/63dff7e3-f12a-42bc-97b3-55cdee26f218","AppId":null,"Message":"An unexpected error occurred: Exception of type \u0027System.Exception\u0027 was thrown.","ExceptionMessage":"Exception of type \u0027System.Exception\u0027 was thrown."}&#xD;
{"Type":"ERROR","CalledFromMethod":"GetById","Endpoint":"/dtros/1e675e3d-46e5-4665-817c-374ab063b807","AppId":null,"Message":"","ExceptionMessage":"Exception of type \u0027System.Exception\u0027 was thrown."}&#xD;
{"Type":"ERROR","CalledFromMethod":"UpdateFromFile","Endpoint":"/dtros/UpdateFromFile/3eb2b51f-3799-4be9-83c8-267eb5ffa5ec","AppId":null,"Message":"TRO invaild: System.Collections.Generic.Dictionary\u00602[System.String,System.Collections.Generic.Dictionary\u00602[System.String,System.Object]]","ExceptionMessage":"Dtro Validation Failure"}&#xD;
{"Type":"ERROR","CalledFromMethod":"CreateFromFile","Endpoint":"/rules/createFromFile/1.0","AppId":null,"Message":"Bad Request","ExceptionMessage":"Invalid operation"}&#xD;
{"Type":"INFO","CalledFromMethod":"GetById","Endpoint":"/dtros/6ce259f2-bdfb-47c3-bd3f-aeefa931c112","AppId":null,"Message":"\u0027GetById\u0027 method called using \u00276ce259f2-bdfb-47c3-bd3f-aeefa931c112\u0027 unique identifier","ExceptionMessage":null}&#xD;
{"Type":"INFO","CalledFromMethod":"DeleteByVersion","Endpoint":"/schemas/1.0.0","AppId":null,"Message":"Schema template with version \u00271.0.0\u0027 deleted.","ExceptionMessage":null}&#xD;
{"Type":"ERROR","CalledFromMethod":"CreateFromFile","Endpoint":"/rules/createFromFile/1.0","AppId":null,"Message":"An unexpected error occurred: General exception","ExceptionMessage":"General exception"}&#xD;
{"Type":"INFO","CalledFromMethod":"UpdateFromFile","Endpoint":"/dtros/UpdateFromFile/cdcd84fc-4935-4c6d-b4c0-67bca4174924","AppId":null,"Message":"\u0027UpdateFromFile\u0027 method called using appId: \u002700000000-0000-0000-0000-000000000000\u0027, unique identifier: \u0027cdcd84fc-4935-4c6d-b4c0-67bca4174924\u0027 and file \u0027Data\u0027","ExceptionMessage":null}&#xD;
{"Type":"ERROR","CalledFromMethod":"UpdateFromBody","Endpoint":"/dtros/updateFromBody/06275814-8f77-4cdc-9460-da750f498a19","AppId":null,"Message":"","ExceptionMessage":"Exception of type \u0027System.Exception\u0027 was thrown."}&#xD;
{"Type":"ERROR","CalledFromMethod":"UpdateFromBodyByVersion","Endpoint":"/schemas/updateFromBody/0.0.0","AppId":null,"Message":"Schema version not found","ExceptionMessage":"not found"}&#xD;
{"Type":"INFO","CalledFromMethod":"GetAll","Endpoint":"/dtros","AppId":null,"Message":"\u0027GetAll\u0027 method called.","ExceptionMessage":null}&#xD;
{"Type":"ERROR","CalledFromMethod":"CreateFromBody","Endpoint":"/dtros/createFromBody","AppId":null,"Message":"","ExceptionMessage":"Unexpected error"}&#xD;
{"Type":"ERROR","CalledFromMethod":"GetById","Endpoint":"/schemas/f83de1e3-cf76-4b8e-941c-cda9f77f431a","AppId":null,"Message":"","ExceptionMessage":"not found"}&#xD;
{"Type":"ERROR","CalledFromMethod":"UpdateFromFile","Endpoint":"/dtros/UpdateFromFile/ca3157b4-f0c9-450a-b579-eb7d0c32792b","AppId":null,"Message":"","ExceptionMessage":"Exception of type \u0027System.Exception\u0027 was thrown."}&#xD;
{"Type":"ERROR","CalledFromMethod":"CreateFromFile","Endpoint":"/dtros/createFromFile","AppId":null,"Message":" not found","ExceptionMessage":"not found"}&#xD;
{"Type":"INFO","CalledFromMethod":"DeactivateByVersion","Endpoint":"/schemas/deactivate/1.0.0","AppId":null,"Message":"\u0027DeactivateByVersion\u0027 method called using version \u00271.0.0\u0027","ExceptionMessage":null}&#xD;
{"Type":"INFO","CalledFromMethod":"CreateFromFile","Endpoint":"/dtros/createFromFile","AppId":null,"Message":"\u0027CreateFromFile\u0027 method called using appId: \u002700000000-0000-0000-0000-000000000000\u0027 and file \u0027Data\u0027","ExceptionMessage":null}&#xD;
{"Type":"ERROR","CalledFromMethod":"CreateFromFile","Endpoint":"/dtros/createFromFile","AppId":null,"Message":"","ExceptionMessage":"Exception of type \u0027System.Exception\u0027 was thrown."}&#xD;
{"Type":"ERROR","CalledFromMethod":"ActivateByVersion","Endpoint":"/schemas/activate/0.0.0","AppId":null,"Message":"An unexpected error occurred: Some error","ExceptionMessage":"Some error"}&#xD;
{"Type":"INFO","CalledFromMethod":"GetById","Endpoint":"/schemas/11e5d094-770b-4475-a094-1237a773853e","AppId":null,"Message":"\u0027GetById\u0027 method called using unique identifier\u002711e5d094-770b-4475-a094-1237a773853e\u0027","ExceptionMessage":null}&#xD;
{"Type":"ERROR","CalledFromMethod":"DeleteByVersion","Endpoint":"/schemas/1.0.0","AppId":null,"Message":"","ExceptionMessage":"Invalid version"}&#xD;
{"Type":"ERROR","CalledFromMethod":"Get","Endpoint":"/schemas","AppId":null,"Message":"An unexpected error occurred: Exception of type \u0027System.Exception\u0027 was thrown.","ExceptionMessage":"Exception of type \u0027System.Exception\u0027 was thrown."}&#xD;
{"Type":"ERROR","CalledFromMethod":"GetByVersion","Endpoint":"/schemas/0.0.0","AppId":null,"Message":"","ExceptionMessage":"Invalid operation"}&#xD;
[xUnit.net 00:00:01.23]       Needs refactoring&#xD;
{"Type":"ERROR","CalledFromMethod":"DeleteByVersion","Endpoint":"/schemas/1.0.0","AppId":null,"Message":"Bad Request","ExceptionMessage":"Invalid version"}&#xD;
Test 'Dft.DTRO.Tests.ServicesTests.DTROs.GetDtrosTests.GenerateDtrosAsZipAsyncReturnsTrueWhenZipGeneratedSuccessfully' was skipped in the test run.&#xD;
{"Type":"ERROR","CalledFromMethod":"DeactivateByVersion","Endpoint":"/schemas/deactivate/0.0.0","AppId":null,"Message":"An unexpected error occurred: not found","ExceptionMessage":"not found"}&#xD;
{"Type":"INFO","CalledFromMethod":"GetByVersion","Endpoint":"/schemas/3.2.0","AppId":null,"Message":"\u0027GetByVersion\u0027 method called using version \u00273.2.0\u0027","ExceptionMessage":null}&#xD;
{"Type":"ERROR","CalledFromMethod":"DeactivateByVersion","Endpoint":"/schemas/deactivate/1.0.0","AppId":null,"Message":"An unexpected error occurred: Unexpected error","ExceptionMessage":"Unexpected error"}&#xD;
{"Type":"ERROR","CalledFromMethod":"GetById","Endpoint":"/schemas/23d66fb4-a932-4bad-9a43-96b6013eb397","AppId":null,"Message":"Bad Request","ExceptionMessage":"Operation is not valid due to the current state of the object."}&#xD;
{"Type":"INFO","CalledFromMethod":"CreateFromBodyByVersion","Endpoint":"/schemas/createFromBody/3.2.0","AppId":null,"Message":"\u0027CreateFromBodyByVersion\u0027 method called using version \u00273.2.0\u0027 and body \u0027System.Dynamic.ExpandoObject\u0027","ExceptionMessage":null}&#xD;
{"Type":"ERROR","CalledFromMethod":"GetByVersion","Endpoint":"/schemas/0.0.0","AppId":null,"Message":"An unexpected error occurred: Something went wrong","ExceptionMessage":"Something went wrong"}&#xD;
{"Type":"INFO","CalledFromMethod":"ActivateByVersion","Endpoint":"/schemas/activate/1.0.0","AppId":null,"Message":"\u0027ActivateByVersion\u0027 method called using version \u00271.0.0\u0027","ExceptionMessage":null}&#xD;
{"Type":"ERROR","CalledFromMethod":"UpdateFromBodyByVersion","Endpoint":"/schemas/updateFromBody/1.0.0","AppId":null,"Message":"An unexpected error occurred: Exception of type \u0027System.Exception\u0027 was thrown.","ExceptionMessage":"Exception of type \u0027System.Exception\u0027 was thrown."}&#xD;
{"Type":"ERROR","CalledFromMethod":"CreateFromBodyByVersion","Endpoint":"/schemas/createFromBody/0.0.0","AppId":null,"Message":"An unexpected error occurred: Unexpected error","ExceptionMessage":"Unexpected error"}&#xD;
{"Type":"INFO","CalledFromMethod":"Get","Endpoint":"/schemas","AppId":null,"Message":"\u0027Get\u0027 method called","ExceptionMessage":null}&#xD;
{"Type":"ERROR","CalledFromMethod":"ActivateByVersion","Endpoint":"/schemas/activate/0.0.0","AppId":null,"Message":"An unexpected error occurred: not found","ExceptionMessage":"not found"}&#xD;
[xUnit.net 00:00:02.51]   Finished:    Dft.DTRO.Tests&#xD;
</StdOut>
    </Output>
    <RunInfos>
      <RunInfo computerName="PA_AP-3UINUHLUM" outcome="Warning" timestamp="2025-02-28T10:34:03.8186104+00:00">
        <Text>[xUnit.net 00:00:01.23]     Dft.DTRO.Tests.ServicesTests.DTROs.GetDtrosTests.GenerateDtrosAsZipAsyncReturnsTrueWhenZipGeneratedSuccessfully [SKIP]</Text>
      </RunInfo>
    </RunInfos>
  </ResultSummary>
</TestRun>