<?xml version="1.0" encoding="utf-8"?>
<TestRun id="bf7b2b39-890d-401a-a05a-23e0b110c70d" name="BELGP3@PA_AP-3UINUHLUM 2025-02-28 10:34:09" runUser="PACONSULTING\BELGP3" xmlns="http://microsoft.com/schemas/VisualStudio/TeamTest/2010">
  <Times creation="2025-02-28T10:34:09.4184203+00:00" queuing="2025-02-28T10:34:09.4184206+00:00" start="2025-02-28T10:34:01.5970840+00:00" finish="2025-02-28T10:34:16.7832607+00:00" />
  <TestSettings name="default" id="2ef7baae-6c1c-45d3-b0d5-aef6fbdf7f76">
    <Deployment runDeploymentRoot="BELGP3_PA_AP-3UINUHLUM_2025-02-28_10_34_09" />
  </TestSettings>
  <Results>
    <UnitTestResult executionId="cb8958f3-2a17-4c3c-9f8e-2db7d700751f" testId="c2c37ad6-4530-5677-911c-c661f1f30740" testName="DfT.DTRO.IntegrationTests.IntegrationTests.SendDtroIntegrationTests.DtroSubmittedFromJsonBodyShouldBeSavedCorrectly(fileName: &quot;JSON-3.3.1-example-Derbyshire 2024 DJ388 partial.j&quot;···)" computerName="PA_AP-3UINUHLUM" duration="00:00:00.2984676" startTime="2025-02-28T10:34:12.1014765+00:00" endTime="2025-02-28T10:34:12.5738698+00:00" testType="13cdc9d9-ddb5-4fa4-a97d-d965ccfc6d4b" outcome="Passed" testListId="8c84fa94-04c1-424b-9868-57a2d4851a1d" relativeResultsDirectory="cb8958f3-2a17-4c3c-9f8e-2db7d700751f" />
    <UnitTestResult executionId="789b31f4-2e89-402f-b3b3-2e5d74ae7f0b" testId="dd083859-d5ec-e3d3-d527-23bcdcf70d26" testName="DfT.DTRO.IntegrationTests.IntegrationTests.SendDtroIntegrationTests.DtroSubmittedFromJsonBodyShouldBeSavedCorrectly(fileName: &quot;JSON-3.3.1-example-TTRO-RatesExample.json&quot;)" computerName="PA_AP-3UINUHLUM" duration="00:00:00.3081550" startTime="2025-02-28T10:34:09.7635409+00:00" endTime="2025-02-28T10:34:10.2119505+00:00" testType="13cdc9d9-ddb5-4fa4-a97d-d965ccfc6d4b" outcome="Passed" testListId="8c84fa94-04c1-424b-9868-57a2d4851a1d" relativeResultsDirectory="789b31f4-2e89-402f-b3b3-2e5d74ae7f0b" />
    <UnitTestResult executionId="afe4bfdd-6fdc-4df2-9bfd-a62ebe0d6d7b" testId="3c9e7cbe-9e24-6ee6-f1c2-1375e0b44746" testName="DfT.DTRO.IntegrationTests.IntegrationTests.SendDtroIntegrationTests.DtroSubmittedFromJsonBodyShouldBeSavedCorrectly(fileName: &quot;JSON-3.3.1-example-TTRO-TempOneWayWithConditions.j&quot;···)" computerName="PA_AP-3UINUHLUM" duration="00:00:00.3353897" startTime="2025-02-28T10:34:10.8659550+00:00" endTime="2025-02-28T10:34:11.3832416+00:00" testType="13cdc9d9-ddb5-4fa4-a97d-d965ccfc6d4b" outcome="Passed" testListId="8c84fa94-04c1-424b-9868-57a2d4851a1d" relativeResultsDirectory="afe4bfdd-6fdc-4df2-9bfd-a62ebe0d6d7b" />
    <UnitTestResult executionId="e21a6248-e0af-4610-b8ff-c1d8b87a07c9" testId="ae20e69d-eb94-121d-f0ab-5441cdbebfe4" testName="DfT.DTRO.IntegrationTests.IntegrationTests.SendDtroIntegrationTests.DtroSubmittedFromFileShouldBeSavedCorrectly(fileName: &quot;JSON-3.3.1-example-TTRO-RatesExample.json&quot;)" computerName="PA_AP-3UINUHLUM" duration="00:00:00.2359329" startTime="2025-02-28T10:34:16.3211877+00:00" endTime="2025-02-28T10:34:16.6749187+00:00" testType="13cdc9d9-ddb5-4fa4-a97d-d965ccfc6d4b" outcome="Passed" testListId="8c84fa94-04c1-424b-9868-57a2d4851a1d" relativeResultsDirectory="e21a6248-e0af-4610-b8ff-c1d8b87a07c9" />
    <UnitTestResult executionId="1560de45-4b24-4614-b85c-d4673eb113d6" testId="8a201196-5ec1-0efd-73df-b4c1d89c060a" testName="DfT.DTRO.IntegrationTests.IntegrationTests.SendDtroIntegrationTests.DtroSubmittedFromJsonBodyShouldBeSavedCorrectly(fileName: &quot;JSON-3.3.1-example-TTRO-SuspensionOneWay.json&quot;)" computerName="PA_AP-3UINUHLUM" duration="00:00:00.2305639" startTime="2025-02-28T10:34:11.3840324+00:00" endTime="2025-02-28T10:34:11.7419730+00:00" testType="13cdc9d9-ddb5-4fa4-a97d-d965ccfc6d4b" outcome="Passed" testListId="8c84fa94-04c1-424b-9868-57a2d4851a1d" relativeResultsDirectory="1560de45-4b24-4614-b85c-d4673eb113d6" />
    <UnitTestResult executionId="57b6d20c-c4fe-4efd-ab8c-66feeca3a637" testId="7fb9d4c6-5423-1ad7-0b48-e282442f7ec6" testName="DfT.DTRO.IntegrationTests.IntegrationTests.SendDtroIntegrationTests.DtroSubmittedFromJsonBodyShouldBeSavedCorrectly(fileName: &quot;JSON-3.3.1-example-TTRO-WeightRestriction.json&quot;)" computerName="PA_AP-3UINUHLUM" duration="00:00:06.3204779" startTime="2025-02-28T10:34:02.9718573+00:00" endTime="2025-02-28T10:34:09.3696753+00:00" testType="13cdc9d9-ddb5-4fa4-a97d-d965ccfc6d4b" outcome="Passed" testListId="8c84fa94-04c1-424b-9868-57a2d4851a1d" relativeResultsDirectory="57b6d20c-c4fe-4efd-ab8c-66feeca3a637" />
    <UnitTestResult executionId="a0337a84-93e1-43b7-922a-de215b827907" testId="5c1296ba-6adc-b863-1a42-a3013919c463" testName="DfT.DTRO.IntegrationTests.IntegrationTests.SendDtroIntegrationTests.DtroSubmittedFromFileShouldBeSavedCorrectly(fileName: &quot;JSON-3.3.1-example-TTRO-MoreComplexExample.json&quot;)" computerName="PA_AP-3UINUHLUM" duration="00:00:00.3358292" startTime="2025-02-28T10:34:14.5593082+00:00" endTime="2025-02-28T10:34:15.1503246+00:00" testType="13cdc9d9-ddb5-4fa4-a97d-d965ccfc6d4b" outcome="Passed" testListId="8c84fa94-04c1-424b-9868-57a2d4851a1d" relativeResultsDirectory="a0337a84-93e1-43b7-922a-de215b827907" />
    <UnitTestResult executionId="71d90c7b-f095-4b98-aa86-746450a3469f" testId="1cb54a59-b26e-1b7e-3e03-7ede321438e6" testName="DfT.DTRO.IntegrationTests.IntegrationTests.SendDtroIntegrationTests.DtroSubmittedFromFileShouldBeSavedCorrectly(fileName: &quot;JSON-3.3.1-example-TTRO-TempOneWayWithConditions.j&quot;···)" computerName="PA_AP-3UINUHLUM" duration="00:00:00.2270175" startTime="2025-02-28T10:34:15.1507969+00:00" endTime="2025-02-28T10:34:15.6159875+00:00" testType="13cdc9d9-ddb5-4fa4-a97d-d965ccfc6d4b" outcome="Passed" testListId="8c84fa94-04c1-424b-9868-57a2d4851a1d" relativeResultsDirectory="71d90c7b-f095-4b98-aa86-746450a3469f" />
    <UnitTestResult executionId="a86a8052-f915-4ed7-a2f0-73b915e01e1d" testId="2b839bc3-fb8b-0d1f-40e4-0ebb0226720d" testName="DfT.DTRO.IntegrationTests.IntegrationTests.SendDtroIntegrationTests.DtroSubmittedFromJsonBodyShouldBeSavedCorrectly(fileName: &quot;JSON-3.3.1-example-TTRO-multiple-nested-ConditionS&quot;···)" computerName="PA_AP-3UINUHLUM" duration="00:00:00.2259249" startTime="2025-02-28T10:34:11.7424489+00:00" endTime="2025-02-28T10:34:12.1011865+00:00" testType="13cdc9d9-ddb5-4fa4-a97d-d965ccfc6d4b" outcome="Passed" testListId="8c84fa94-04c1-424b-9868-57a2d4851a1d" relativeResultsDirectory="a86a8052-f915-4ed7-a2f0-73b915e01e1d" />
    <UnitTestResult executionId="5c019578-bd89-4eaa-914a-fde865de758b" testId="561b1520-72bc-a0d9-d598-9ef23ae8ce27" testName="DfT.DTRO.IntegrationTests.IntegrationTests.SendDtroIntegrationTests.DtroSubmittedFromFileShouldBeSavedCorrectly(fileName: &quot;JSON-3.3.1-example-TTRO-RoadClosureWithDiversionRo&quot;···)" computerName="PA_AP-3UINUHLUM" duration="00:00:00.2375427" startTime="2025-02-28T10:34:13.8183593+00:00" endTime="2025-02-28T10:34:14.1822855+00:00" testType="13cdc9d9-ddb5-4fa4-a97d-d965ccfc6d4b" outcome="Passed" testListId="8c84fa94-04c1-424b-9868-57a2d4851a1d" relativeResultsDirectory="5c019578-bd89-4eaa-914a-fde865de758b" />
    <UnitTestResult executionId="3dac20e4-1fca-4a42-a0f3-f6733d187072" testId="aa433ca9-33d4-3d6f-7f51-b03a800f3c86" testName="DfT.DTRO.IntegrationTests.IntegrationTests.SendDtroIntegrationTests.DtroSubmittedFromJsonBodyShouldBeSavedCorrectly(fileName: &quot;JSON-3.3.1-example-TTRO-MoreComplexExample.json&quot;)" computerName="PA_AP-3UINUHLUM" duration="00:00:00.4946835" startTime="2025-02-28T10:34:10.2125191+00:00" endTime="2025-02-28T10:34:10.8653828+00:00" testType="13cdc9d9-ddb5-4fa4-a97d-d965ccfc6d4b" outcome="Passed" testListId="8c84fa94-04c1-424b-9868-57a2d4851a1d" relativeResultsDirectory="3dac20e4-1fca-4a42-a0f3-f6733d187072" />
    <UnitTestResult executionId="1d5480b8-f42b-43f2-9f2a-93b660dcec91" testId="baa28310-60da-18f0-93b8-5dcda6b658ec" testName="DfT.DTRO.IntegrationTests.IntegrationTests.SendDtroIntegrationTests.DtroSubmittedFromFileShouldBeSavedCorrectly(fileName: &quot;JSON-3.3.1-example-TTRO-HeightRestrictionwithCondi&quot;···)" computerName="PA_AP-3UINUHLUM" duration="00:00:00.2981673" startTime="2025-02-28T10:34:13.3304871+00:00" endTime="2025-02-28T10:34:13.8179843+00:00" testType="13cdc9d9-ddb5-4fa4-a97d-d965ccfc6d4b" outcome="Passed" testListId="8c84fa94-04c1-424b-9868-57a2d4851a1d" relativeResultsDirectory="1d5480b8-f42b-43f2-9f2a-93b660dcec91" />
    <UnitTestResult executionId="236202bf-9a4c-4a56-8a3a-8bc87781cbb9" testId="72f808cb-f567-4bf5-eb71-ae6b112a7ab3" testName="DfT.DTRO.IntegrationTests.IntegrationTests.SendDtroIntegrationTests.DtroSubmittedFromFileShouldBeSavedCorrectly(fileName: &quot;JSON-3.3.1-example-TTRO-multiple-nested-ConditionS&quot;···)" computerName="PA_AP-3UINUHLUM" duration="00:00:00.2359601" startTime="2025-02-28T10:34:14.1827363+00:00" endTime="2025-02-28T10:34:14.5587378+00:00" testType="13cdc9d9-ddb5-4fa4-a97d-d965ccfc6d4b" outcome="Passed" testListId="8c84fa94-04c1-424b-9868-57a2d4851a1d" relativeResultsDirectory="236202bf-9a4c-4a56-8a3a-8bc87781cbb9" />
    <UnitTestResult executionId="7c7f989d-cad0-4935-a7a1-5635e30a33e9" testId="e510a6c0-47dd-a272-8c92-c3f4d985e4a5" testName="DfT.DTRO.IntegrationTests.IntegrationTests.SendDtroIntegrationTests.DtroSubmittedFromFileShouldBeSavedCorrectly(fileName: &quot;JSON-3.3.1-example-TTRO-WeightRestriction.json&quot;)" computerName="PA_AP-3UINUHLUM" duration="00:00:00.2513082" startTime="2025-02-28T10:34:12.9410297+00:00" endTime="2025-02-28T10:34:13.3300977+00:00" testType="13cdc9d9-ddb5-4fa4-a97d-d965ccfc6d4b" outcome="Passed" testListId="8c84fa94-04c1-424b-9868-57a2d4851a1d" relativeResultsDirectory="7c7f989d-cad0-4935-a7a1-5635e30a33e9" />
    <UnitTestResult executionId="6e03802a-e129-4e7c-9dc9-41c6109ae315" testId="3fde5e79-2853-88f1-b543-1d1f54bd4e72" testName="DfT.DTRO.IntegrationTests.IntegrationTests.SendDtroIntegrationTests.DtroSubmittedFromFileShouldBeSavedCorrectly(fileName: &quot;JSON-3.3.1-example-TTRO-SuspensionOneWay.json&quot;)" computerName="PA_AP-3UINUHLUM" duration="00:00:00.2433361" startTime="2025-02-28T10:34:15.9488174+00:00" endTime="2025-02-28T10:34:16.3207331+00:00" testType="13cdc9d9-ddb5-4fa4-a97d-d965ccfc6d4b" outcome="Passed" testListId="8c84fa94-04c1-424b-9868-57a2d4851a1d" relativeResultsDirectory="6e03802a-e129-4e7c-9dc9-41c6109ae315" />
    <UnitTestResult executionId="e39c2802-66b2-4a0a-99cb-97ee2d29d94f" testId="8e879001-225e-b408-4863-07b20bffa46a" testName="DfT.DTRO.IntegrationTests.IntegrationTests.SendDtroIntegrationTests.DtroSubmittedFromJsonBodyShouldBeSavedCorrectly(fileName: &quot;JSON-3.3.1-example-TTRO-RoadClosureWithDiversionRo&quot;···)" computerName="PA_AP-3UINUHLUM" duration="00:00:00.2381180" startTime="2025-02-28T10:34:12.5742349+00:00" endTime="2025-02-28T10:34:12.9383548+00:00" testType="13cdc9d9-ddb5-4fa4-a97d-d965ccfc6d4b" outcome="Passed" testListId="8c84fa94-04c1-424b-9868-57a2d4851a1d" relativeResultsDirectory="e39c2802-66b2-4a0a-99cb-97ee2d29d94f" />
    <UnitTestResult executionId="edd9ae15-9108-47d7-ad5b-ce3264e6d958" testId="cf36bd42-e310-fbf7-9cc5-b34987c189cb" testName="DfT.DTRO.IntegrationTests.IntegrationTests.SendDtroIntegrationTests.DtroSubmittedFromFileShouldBeSavedCorrectly(fileName: &quot;JSON-3.3.1-example-Derbyshire 2024 DJ388 partial.j&quot;···)" computerName="PA_AP-3UINUHLUM" duration="00:00:00.2117965" startTime="2025-02-28T10:34:15.6163894+00:00" endTime="2025-02-28T10:34:15.9484958+00:00" testType="13cdc9d9-ddb5-4fa4-a97d-d965ccfc6d4b" outcome="Passed" testListId="8c84fa94-04c1-424b-9868-57a2d4851a1d" relativeResultsDirectory="edd9ae15-9108-47d7-ad5b-ce3264e6d958" />
    <UnitTestResult executionId="32d8acb5-2922-4863-a097-b609016f983b" testId="0f3ce8f3-c07b-7faf-6172-085a7633087d" testName="DfT.DTRO.IntegrationTests.IntegrationTests.SendDtroIntegrationTests.DtroSubmittedFromJsonBodyShouldBeSavedCorrectly(fileName: &quot;JSON-3.3.1-example-TTRO-HeightRestrictionwithCondi&quot;···)" computerName="PA_AP-3UINUHLUM" duration="00:00:00.2594128" startTime="2025-02-28T10:34:09.3898349+00:00" endTime="2025-02-28T10:34:09.7624543+00:00" testType="13cdc9d9-ddb5-4fa4-a97d-d965ccfc6d4b" outcome="Passed" testListId="8c84fa94-04c1-424b-9868-57a2d4851a1d" relativeResultsDirectory="32d8acb5-2922-4863-a097-b609016f983b" />
  </Results>
  <TestDefinitions>
    <UnitTest name="DfT.DTRO.IntegrationTests.IntegrationTests.SendDtroIntegrationTests.DtroSubmittedFromJsonBodyShouldBeSavedCorrectly(fileName: &quot;JSON-3.3.1-example-TTRO-RatesExample.json&quot;)" storage="c:\users\belgp3\onedrive - pa consulting group\documents\work\code\pa\clients\dft\dft-dtro-beta\src\dft.dtro.integrationtests\bin\debug\net8.0\dft.dtro.integrationtests.dll" id="dd083859-d5ec-e3d3-d527-23bcdcf70d26">
      <Execution id="789b31f4-2e89-402f-b3b3-2e5d74ae7f0b" />
      <TestMethod codeBase="C:\Users\BELGP3\OneDrive - PA Consulting Group\Documents\Work\Code\PA\Clients\DfT\dft-dtro-beta\Src\DfT.DTRO.IntegrationTests\bin\Debug\net8.0\DfT.DTRO.IntegrationTests.dll" adapterTypeName="executor://xunit/VsTestRunner3/netcore/" className="DfT.DTRO.IntegrationTests.IntegrationTests.SendDtroIntegrationTests" name="DtroSubmittedFromJsonBodyShouldBeSavedCorrectly" />
    </UnitTest>
    <UnitTest name="DfT.DTRO.IntegrationTests.IntegrationTests.SendDtroIntegrationTests.DtroSubmittedFromJsonBodyShouldBeSavedCorrectly(fileName: &quot;JSON-3.3.1-example-TTRO-HeightRestrictionwithCondi&quot;···)" storage="c:\users\belgp3\onedrive - pa consulting group\documents\work\code\pa\clients\dft\dft-dtro-beta\src\dft.dtro.integrationtests\bin\debug\net8.0\dft.dtro.integrationtests.dll" id="0f3ce8f3-c07b-7faf-6172-085a7633087d">
      <Execution id="32d8acb5-2922-4863-a097-b609016f983b" />
      <TestMethod codeBase="C:\Users\BELGP3\OneDrive - PA Consulting Group\Documents\Work\Code\PA\Clients\DfT\dft-dtro-beta\Src\DfT.DTRO.IntegrationTests\bin\Debug\net8.0\DfT.DTRO.IntegrationTests.dll" adapterTypeName="executor://xunit/VsTestRunner3/netcore/" className="DfT.DTRO.IntegrationTests.IntegrationTests.SendDtroIntegrationTests" name="DtroSubmittedFromJsonBodyShouldBeSavedCorrectly" />
    </UnitTest>
    <UnitTest name="DfT.DTRO.IntegrationTests.IntegrationTests.SendDtroIntegrationTests.DtroSubmittedFromJsonBodyShouldBeSavedCorrectly(fileName: &quot;JSON-3.3.1-example-Derbyshire 2024 DJ388 partial.j&quot;···)" storage="c:\users\belgp3\onedrive - pa consulting group\documents\work\code\pa\clients\dft\dft-dtro-beta\src\dft.dtro.integrationtests\bin\debug\net8.0\dft.dtro.integrationtests.dll" id="c2c37ad6-4530-5677-911c-c661f1f30740">
      <Execution id="cb8958f3-2a17-4c3c-9f8e-2db7d700751f" />
      <TestMethod codeBase="C:\Users\BELGP3\OneDrive - PA Consulting Group\Documents\Work\Code\PA\Clients\DfT\dft-dtro-beta\Src\DfT.DTRO.IntegrationTests\bin\Debug\net8.0\DfT.DTRO.IntegrationTests.dll" adapterTypeName="executor://xunit/VsTestRunner3/netcore/" className="DfT.DTRO.IntegrationTests.IntegrationTests.SendDtroIntegrationTests" name="DtroSubmittedFromJsonBodyShouldBeSavedCorrectly" />
    </UnitTest>
    <UnitTest name="DfT.DTRO.IntegrationTests.IntegrationTests.SendDtroIntegrationTests.DtroSubmittedFromJsonBodyShouldBeSavedCorrectly(fileName: &quot;JSON-3.3.1-example-TTRO-SuspensionOneWay.json&quot;)" storage="c:\users\belgp3\onedrive - pa consulting group\documents\work\code\pa\clients\dft\dft-dtro-beta\src\dft.dtro.integrationtests\bin\debug\net8.0\dft.dtro.integrationtests.dll" id="8a201196-5ec1-0efd-73df-b4c1d89c060a">
      <Execution id="1560de45-4b24-4614-b85c-d4673eb113d6" />
      <TestMethod codeBase="C:\Users\BELGP3\OneDrive - PA Consulting Group\Documents\Work\Code\PA\Clients\DfT\dft-dtro-beta\Src\DfT.DTRO.IntegrationTests\bin\Debug\net8.0\DfT.DTRO.IntegrationTests.dll" adapterTypeName="executor://xunit/VsTestRunner3/netcore/" className="DfT.DTRO.IntegrationTests.IntegrationTests.SendDtroIntegrationTests" name="DtroSubmittedFromJsonBodyShouldBeSavedCorrectly" />
    </UnitTest>
    <UnitTest name="DfT.DTRO.IntegrationTests.IntegrationTests.SendDtroIntegrationTests.DtroSubmittedFromFileShouldBeSavedCorrectly(fileName: &quot;JSON-3.3.1-example-TTRO-RoadClosureWithDiversionRo&quot;···)" storage="c:\users\belgp3\onedrive - pa consulting group\documents\work\code\pa\clients\dft\dft-dtro-beta\src\dft.dtro.integrationtests\bin\debug\net8.0\dft.dtro.integrationtests.dll" id="561b1520-72bc-a0d9-d598-9ef23ae8ce27">
      <Execution id="5c019578-bd89-4eaa-914a-fde865de758b" />
      <TestMethod codeBase="C:\Users\BELGP3\OneDrive - PA Consulting Group\Documents\Work\Code\PA\Clients\DfT\dft-dtro-beta\Src\DfT.DTRO.IntegrationTests\bin\Debug\net8.0\DfT.DTRO.IntegrationTests.dll" adapterTypeName="executor://xunit/VsTestRunner3/netcore/" className="DfT.DTRO.IntegrationTests.IntegrationTests.SendDtroIntegrationTests" name="DtroSubmittedFromFileShouldBeSavedCorrectly" />
    </UnitTest>
    <UnitTest name="DfT.DTRO.IntegrationTests.IntegrationTests.SendDtroIntegrationTests.DtroSubmittedFromFileShouldBeSavedCorrectly(fileName: &quot;JSON-3.3.1-example-TTRO-HeightRestrictionwithCondi&quot;···)" storage="c:\users\belgp3\onedrive - pa consulting group\documents\work\code\pa\clients\dft\dft-dtro-beta\src\dft.dtro.integrationtests\bin\debug\net8.0\dft.dtro.integrationtests.dll" id="baa28310-60da-18f0-93b8-5dcda6b658ec">
      <Execution id="1d5480b8-f42b-43f2-9f2a-93b660dcec91" />
      <TestMethod codeBase="C:\Users\BELGP3\OneDrive - PA Consulting Group\Documents\Work\Code\PA\Clients\DfT\dft-dtro-beta\Src\DfT.DTRO.IntegrationTests\bin\Debug\net8.0\DfT.DTRO.IntegrationTests.dll" adapterTypeName="executor://xunit/VsTestRunner3/netcore/" className="DfT.DTRO.IntegrationTests.IntegrationTests.SendDtroIntegrationTests" name="DtroSubmittedFromFileShouldBeSavedCorrectly" />
    </UnitTest>
    <UnitTest name="DfT.DTRO.IntegrationTests.IntegrationTests.SendDtroIntegrationTests.DtroSubmittedFromFileShouldBeSavedCorrectly(fileName: &quot;JSON-3.3.1-example-TTRO-RatesExample.json&quot;)" storage="c:\users\belgp3\onedrive - pa consulting group\documents\work\code\pa\clients\dft\dft-dtro-beta\src\dft.dtro.integrationtests\bin\debug\net8.0\dft.dtro.integrationtests.dll" id="ae20e69d-eb94-121d-f0ab-5441cdbebfe4">
      <Execution id="e21a6248-e0af-4610-b8ff-c1d8b87a07c9" />
      <TestMethod codeBase="C:\Users\BELGP3\OneDrive - PA Consulting Group\Documents\Work\Code\PA\Clients\DfT\dft-dtro-beta\Src\DfT.DTRO.IntegrationTests\bin\Debug\net8.0\DfT.DTRO.IntegrationTests.dll" adapterTypeName="executor://xunit/VsTestRunner3/netcore/" className="DfT.DTRO.IntegrationTests.IntegrationTests.SendDtroIntegrationTests" name="DtroSubmittedFromFileShouldBeSavedCorrectly" />
    </UnitTest>
    <UnitTest name="DfT.DTRO.IntegrationTests.IntegrationTests.SendDtroIntegrationTests.DtroSubmittedFromFileShouldBeSavedCorrectly(fileName: &quot;JSON-3.3.1-example-TTRO-multiple-nested-ConditionS&quot;···)" storage="c:\users\belgp3\onedrive - pa consulting group\documents\work\code\pa\clients\dft\dft-dtro-beta\src\dft.dtro.integrationtests\bin\debug\net8.0\dft.dtro.integrationtests.dll" id="72f808cb-f567-4bf5-eb71-ae6b112a7ab3">
      <Execution id="236202bf-9a4c-4a56-8a3a-8bc87781cbb9" />
      <TestMethod codeBase="C:\Users\BELGP3\OneDrive - PA Consulting Group\Documents\Work\Code\PA\Clients\DfT\dft-dtro-beta\Src\DfT.DTRO.IntegrationTests\bin\Debug\net8.0\DfT.DTRO.IntegrationTests.dll" adapterTypeName="executor://xunit/VsTestRunner3/netcore/" className="DfT.DTRO.IntegrationTests.IntegrationTests.SendDtroIntegrationTests" name="DtroSubmittedFromFileShouldBeSavedCorrectly" />
    </UnitTest>
    <UnitTest name="DfT.DTRO.IntegrationTests.IntegrationTests.SendDtroIntegrationTests.DtroSubmittedFromJsonBodyShouldBeSavedCorrectly(fileName: &quot;JSON-3.3.1-example-TTRO-MoreComplexExample.json&quot;)" storage="c:\users\belgp3\onedrive - pa consulting group\documents\work\code\pa\clients\dft\dft-dtro-beta\src\dft.dtro.integrationtests\bin\debug\net8.0\dft.dtro.integrationtests.dll" id="aa433ca9-33d4-3d6f-7f51-b03a800f3c86">
      <Execution id="3dac20e4-1fca-4a42-a0f3-f6733d187072" />
      <TestMethod codeBase="C:\Users\BELGP3\OneDrive - PA Consulting Group\Documents\Work\Code\PA\Clients\DfT\dft-dtro-beta\Src\DfT.DTRO.IntegrationTests\bin\Debug\net8.0\DfT.DTRO.IntegrationTests.dll" adapterTypeName="executor://xunit/VsTestRunner3/netcore/" className="DfT.DTRO.IntegrationTests.IntegrationTests.SendDtroIntegrationTests" name="DtroSubmittedFromJsonBodyShouldBeSavedCorrectly" />
    </UnitTest>
    <UnitTest name="DfT.DTRO.IntegrationTests.IntegrationTests.SendDtroIntegrationTests.DtroSubmittedFromFileShouldBeSavedCorrectly(fileName: &quot;JSON-3.3.1-example-TTRO-SuspensionOneWay.json&quot;)" storage="c:\users\belgp3\onedrive - pa consulting group\documents\work\code\pa\clients\dft\dft-dtro-beta\src\dft.dtro.integrationtests\bin\debug\net8.0\dft.dtro.integrationtests.dll" id="3fde5e79-2853-88f1-b543-1d1f54bd4e72">
      <Execution id="6e03802a-e129-4e7c-9dc9-41c6109ae315" />
      <TestMethod codeBase="C:\Users\BELGP3\OneDrive - PA Consulting Group\Documents\Work\Code\PA\Clients\DfT\dft-dtro-beta\Src\DfT.DTRO.IntegrationTests\bin\Debug\net8.0\DfT.DTRO.IntegrationTests.dll" adapterTypeName="executor://xunit/VsTestRunner3/netcore/" className="DfT.DTRO.IntegrationTests.IntegrationTests.SendDtroIntegrationTests" name="DtroSubmittedFromFileShouldBeSavedCorrectly" />
    </UnitTest>
    <UnitTest name="DfT.DTRO.IntegrationTests.IntegrationTests.SendDtroIntegrationTests.DtroSubmittedFromFileShouldBeSavedCorrectly(fileName: &quot;JSON-3.3.1-example-TTRO-TempOneWayWithConditions.j&quot;···)" storage="c:\users\belgp3\onedrive - pa consulting group\documents\work\code\pa\clients\dft\dft-dtro-beta\src\dft.dtro.integrationtests\bin\debug\net8.0\dft.dtro.integrationtests.dll" id="1cb54a59-b26e-1b7e-3e03-7ede321438e6">
      <Execution id="71d90c7b-f095-4b98-aa86-746450a3469f" />
      <TestMethod codeBase="C:\Users\BELGP3\OneDrive - PA Consulting Group\Documents\Work\Code\PA\Clients\DfT\dft-dtro-beta\Src\DfT.DTRO.IntegrationTests\bin\Debug\net8.0\DfT.DTRO.IntegrationTests.dll" adapterTypeName="executor://xunit/VsTestRunner3/netcore/" className="DfT.DTRO.IntegrationTests.IntegrationTests.SendDtroIntegrationTests" name="DtroSubmittedFromFileShouldBeSavedCorrectly" />
    </UnitTest>
    <UnitTest name="DfT.DTRO.IntegrationTests.IntegrationTests.SendDtroIntegrationTests.DtroSubmittedFromJsonBodyShouldBeSavedCorrectly(fileName: &quot;JSON-3.3.1-example-TTRO-multiple-nested-ConditionS&quot;···)" storage="c:\users\belgp3\onedrive - pa consulting group\documents\work\code\pa\clients\dft\dft-dtro-beta\src\dft.dtro.integrationtests\bin\debug\net8.0\dft.dtro.integrationtests.dll" id="2b839bc3-fb8b-0d1f-40e4-0ebb0226720d">
      <Execution id="a86a8052-f915-4ed7-a2f0-73b915e01e1d" />
      <TestMethod codeBase="C:\Users\BELGP3\OneDrive - PA Consulting Group\Documents\Work\Code\PA\Clients\DfT\dft-dtro-beta\Src\DfT.DTRO.IntegrationTests\bin\Debug\net8.0\DfT.DTRO.IntegrationTests.dll" adapterTypeName="executor://xunit/VsTestRunner3/netcore/" className="DfT.DTRO.IntegrationTests.IntegrationTests.SendDtroIntegrationTests" name="DtroSubmittedFromJsonBodyShouldBeSavedCorrectly" />
    </UnitTest>
    <UnitTest name="DfT.DTRO.IntegrationTests.IntegrationTests.SendDtroIntegrationTests.DtroSubmittedFromJsonBodyShouldBeSavedCorrectly(fileName: &quot;JSON-3.3.1-example-TTRO-WeightRestriction.json&quot;)" storage="c:\users\belgp3\onedrive - pa consulting group\documents\work\code\pa\clients\dft\dft-dtro-beta\src\dft.dtro.integrationtests\bin\debug\net8.0\dft.dtro.integrationtests.dll" id="7fb9d4c6-5423-1ad7-0b48-e282442f7ec6">
      <Execution id="57b6d20c-c4fe-4efd-ab8c-66feeca3a637" />
      <TestMethod codeBase="C:\Users\BELGP3\OneDrive - PA Consulting Group\Documents\Work\Code\PA\Clients\DfT\dft-dtro-beta\Src\DfT.DTRO.IntegrationTests\bin\Debug\net8.0\DfT.DTRO.IntegrationTests.dll" adapterTypeName="executor://xunit/VsTestRunner3/netcore/" className="DfT.DTRO.IntegrationTests.IntegrationTests.SendDtroIntegrationTests" name="DtroSubmittedFromJsonBodyShouldBeSavedCorrectly" />
    </UnitTest>
    <UnitTest name="DfT.DTRO.IntegrationTests.IntegrationTests.SendDtroIntegrationTests.DtroSubmittedFromJsonBodyShouldBeSavedCorrectly(fileName: &quot;JSON-3.3.1-example-TTRO-TempOneWayWithConditions.j&quot;···)" storage="c:\users\belgp3\onedrive - pa consulting group\documents\work\code\pa\clients\dft\dft-dtro-beta\src\dft.dtro.integrationtests\bin\debug\net8.0\dft.dtro.integrationtests.dll" id="3c9e7cbe-9e24-6ee6-f1c2-1375e0b44746">
      <Execution id="afe4bfdd-6fdc-4df2-9bfd-a62ebe0d6d7b" />
      <TestMethod codeBase="C:\Users\BELGP3\OneDrive - PA Consulting Group\Documents\Work\Code\PA\Clients\DfT\dft-dtro-beta\Src\DfT.DTRO.IntegrationTests\bin\Debug\net8.0\DfT.DTRO.IntegrationTests.dll" adapterTypeName="executor://xunit/VsTestRunner3/netcore/" className="DfT.DTRO.IntegrationTests.IntegrationTests.SendDtroIntegrationTests" name="DtroSubmittedFromJsonBodyShouldBeSavedCorrectly" />
    </UnitTest>
    <UnitTest name="DfT.DTRO.IntegrationTests.IntegrationTests.SendDtroIntegrationTests.DtroSubmittedFromFileShouldBeSavedCorrectly(fileName: &quot;JSON-3.3.1-example-TTRO-WeightRestriction.json&quot;)" storage="c:\users\belgp3\onedrive - pa consulting group\documents\work\code\pa\clients\dft\dft-dtro-beta\src\dft.dtro.integrationtests\bin\debug\net8.0\dft.dtro.integrationtests.dll" id="e510a6c0-47dd-a272-8c92-c3f4d985e4a5">
      <Execution id="7c7f989d-cad0-4935-a7a1-5635e30a33e9" />
      <TestMethod codeBase="C:\Users\BELGP3\OneDrive - PA Consulting Group\Documents\Work\Code\PA\Clients\DfT\dft-dtro-beta\Src\DfT.DTRO.IntegrationTests\bin\Debug\net8.0\DfT.DTRO.IntegrationTests.dll" adapterTypeName="executor://xunit/VsTestRunner3/netcore/" className="DfT.DTRO.IntegrationTests.IntegrationTests.SendDtroIntegrationTests" name="DtroSubmittedFromFileShouldBeSavedCorrectly" />
    </UnitTest>
    <UnitTest name="DfT.DTRO.IntegrationTests.IntegrationTests.SendDtroIntegrationTests.DtroSubmittedFromJsonBodyShouldBeSavedCorrectly(fileName: &quot;JSON-3.3.1-example-TTRO-RoadClosureWithDiversionRo&quot;···)" storage="c:\users\belgp3\onedrive - pa consulting group\documents\work\code\pa\clients\dft\dft-dtro-beta\src\dft.dtro.integrationtests\bin\debug\net8.0\dft.dtro.integrationtests.dll" id="8e879001-225e-b408-4863-07b20bffa46a">
      <Execution id="e39c2802-66b2-4a0a-99cb-97ee2d29d94f" />
      <TestMethod codeBase="C:\Users\BELGP3\OneDrive - PA Consulting Group\Documents\Work\Code\PA\Clients\DfT\dft-dtro-beta\Src\DfT.DTRO.IntegrationTests\bin\Debug\net8.0\DfT.DTRO.IntegrationTests.dll" adapterTypeName="executor://xunit/VsTestRunner3/netcore/" className="DfT.DTRO.IntegrationTests.IntegrationTests.SendDtroIntegrationTests" name="DtroSubmittedFromJsonBodyShouldBeSavedCorrectly" />
    </UnitTest>
    <UnitTest name="DfT.DTRO.IntegrationTests.IntegrationTests.SendDtroIntegrationTests.DtroSubmittedFromFileShouldBeSavedCorrectly(fileName: &quot;JSON-3.3.1-example-TTRO-MoreComplexExample.json&quot;)" storage="c:\users\belgp3\onedrive - pa consulting group\documents\work\code\pa\clients\dft\dft-dtro-beta\src\dft.dtro.integrationtests\bin\debug\net8.0\dft.dtro.integrationtests.dll" id="5c1296ba-6adc-b863-1a42-a3013919c463">
      <Execution id="a0337a84-93e1-43b7-922a-de215b827907" />
      <TestMethod codeBase="C:\Users\BELGP3\OneDrive - PA Consulting Group\Documents\Work\Code\PA\Clients\DfT\dft-dtro-beta\Src\DfT.DTRO.IntegrationTests\bin\Debug\net8.0\DfT.DTRO.IntegrationTests.dll" adapterTypeName="executor://xunit/VsTestRunner3/netcore/" className="DfT.DTRO.IntegrationTests.IntegrationTests.SendDtroIntegrationTests" name="DtroSubmittedFromFileShouldBeSavedCorrectly" />
    </UnitTest>
    <UnitTest name="DfT.DTRO.IntegrationTests.IntegrationTests.SendDtroIntegrationTests.DtroSubmittedFromFileShouldBeSavedCorrectly(fileName: &quot;JSON-3.3.1-example-Derbyshire 2024 DJ388 partial.j&quot;···)" storage="c:\users\belgp3\onedrive - pa consulting group\documents\work\code\pa\clients\dft\dft-dtro-beta\src\dft.dtro.integrationtests\bin\debug\net8.0\dft.dtro.integrationtests.dll" id="cf36bd42-e310-fbf7-9cc5-b34987c189cb">
      <Execution id="edd9ae15-9108-47d7-ad5b-ce3264e6d958" />
      <TestMethod codeBase="C:\Users\BELGP3\OneDrive - PA Consulting Group\Documents\Work\Code\PA\Clients\DfT\dft-dtro-beta\Src\DfT.DTRO.IntegrationTests\bin\Debug\net8.0\DfT.DTRO.IntegrationTests.dll" adapterTypeName="executor://xunit/VsTestRunner3/netcore/" className="DfT.DTRO.IntegrationTests.IntegrationTests.SendDtroIntegrationTests" name="DtroSubmittedFromFileShouldBeSavedCorrectly" />
    </UnitTest>
  </TestDefinitions>
  <TestEntries>
    <TestEntry testId="c2c37ad6-4530-5677-911c-c661f1f30740" executionId="cb8958f3-2a17-4c3c-9f8e-2db7d700751f" testListId="8c84fa94-04c1-424b-9868-57a2d4851a1d" />
    <TestEntry testId="dd083859-d5ec-e3d3-d527-23bcdcf70d26" executionId="789b31f4-2e89-402f-b3b3-2e5d74ae7f0b" testListId="8c84fa94-04c1-424b-9868-57a2d4851a1d" />
    <TestEntry testId="3c9e7cbe-9e24-6ee6-f1c2-1375e0b44746" executionId="afe4bfdd-6fdc-4df2-9bfd-a62ebe0d6d7b" testListId="8c84fa94-04c1-424b-9868-57a2d4851a1d" />
    <TestEntry testId="ae20e69d-eb94-121d-f0ab-5441cdbebfe4" executionId="e21a6248-e0af-4610-b8ff-c1d8b87a07c9" testListId="8c84fa94-04c1-424b-9868-57a2d4851a1d" />
    <TestEntry testId="8a201196-5ec1-0efd-73df-b4c1d89c060a" executionId="1560de45-4b24-4614-b85c-d4673eb113d6" testListId="8c84fa94-04c1-424b-9868-57a2d4851a1d" />
    <TestEntry testId="7fb9d4c6-5423-1ad7-0b48-e282442f7ec6" executionId="57b6d20c-c4fe-4efd-ab8c-66feeca3a637" testListId="8c84fa94-04c1-424b-9868-57a2d4851a1d" />
    <TestEntry testId="5c1296ba-6adc-b863-1a42-a3013919c463" executionId="a0337a84-93e1-43b7-922a-de215b827907" testListId="8c84fa94-04c1-424b-9868-57a2d4851a1d" />
    <TestEntry testId="1cb54a59-b26e-1b7e-3e03-7ede321438e6" executionId="71d90c7b-f095-4b98-aa86-746450a3469f" testListId="8c84fa94-04c1-424b-9868-57a2d4851a1d" />
    <TestEntry testId="2b839bc3-fb8b-0d1f-40e4-0ebb0226720d" executionId="a86a8052-f915-4ed7-a2f0-73b915e01e1d" testListId="8c84fa94-04c1-424b-9868-57a2d4851a1d" />
    <TestEntry testId="561b1520-72bc-a0d9-d598-9ef23ae8ce27" executionId="5c019578-bd89-4eaa-914a-fde865de758b" testListId="8c84fa94-04c1-424b-9868-57a2d4851a1d" />
    <TestEntry testId="aa433ca9-33d4-3d6f-7f51-b03a800f3c86" executionId="3dac20e4-1fca-4a42-a0f3-f6733d187072" testListId="8c84fa94-04c1-424b-9868-57a2d4851a1d" />
    <TestEntry testId="baa28310-60da-18f0-93b8-5dcda6b658ec" executionId="1d5480b8-f42b-43f2-9f2a-93b660dcec91" testListId="8c84fa94-04c1-424b-9868-57a2d4851a1d" />
    <TestEntry testId="72f808cb-f567-4bf5-eb71-ae6b112a7ab3" executionId="236202bf-9a4c-4a56-8a3a-8bc87781cbb9" testListId="8c84fa94-04c1-424b-9868-57a2d4851a1d" />
    <TestEntry testId="e510a6c0-47dd-a272-8c92-c3f4d985e4a5" executionId="7c7f989d-cad0-4935-a7a1-5635e30a33e9" testListId="8c84fa94-04c1-424b-9868-57a2d4851a1d" />
    <TestEntry testId="3fde5e79-2853-88f1-b543-1d1f54bd4e72" executionId="6e03802a-e129-4e7c-9dc9-41c6109ae315" testListId="8c84fa94-04c1-424b-9868-57a2d4851a1d" />
    <TestEntry testId="8e879001-225e-b408-4863-07b20bffa46a" executionId="e39c2802-66b2-4a0a-99cb-97ee2d29d94f" testListId="8c84fa94-04c1-424b-9868-57a2d4851a1d" />
    <TestEntry testId="cf36bd42-e310-fbf7-9cc5-b34987c189cb" executionId="edd9ae15-9108-47d7-ad5b-ce3264e6d958" testListId="8c84fa94-04c1-424b-9868-57a2d4851a1d" />
    <TestEntry testId="0f3ce8f3-c07b-7faf-6172-085a7633087d" executionId="32d8acb5-2922-4863-a097-b609016f983b" testListId="8c84fa94-04c1-424b-9868-57a2d4851a1d" />
  </TestEntries>
  <TestLists>
    <TestList name="Results Not in a List" id="8c84fa94-04c1-424b-9868-57a2d4851a1d" />
    <TestList name="All Loaded Results" id="19431567-8539-422a-85d7-44ee4e166bda" />
  </TestLists>
  <ResultSummary outcome="Completed">
    <Counters total="18" executed="18" passed="18" failed="0" error="0" timeout="0" aborted="0" inconclusive="0" passedButRunAborted="0" notRunnable="0" notExecuted="0" disconnected="0" warning="0" completed="0" inProgress="0" pending="0" />
    <Output>
      <StdOut>[xUnit.net 00:00:00.00] xUnit.net VSTest Adapter v3.0.1+f8675c32e5 (64-bit .NET 8.0.13)&#xD;
[xUnit.net 00:00:00.14]   Discovering: DfT.DTRO.IntegrationTests&#xD;
[xUnit.net 00:00:00.22]   Discovered:  DfT.DTRO.IntegrationTests&#xD;
[xUnit.net 00:00:00.27]   Starting:    DfT.DTRO.IntegrationTests&#xD;
Do once before each test run...&#xD;
App ID: 6c6ae656-181d-4da3-b74a-90105670bbe9&#xD;
TRA ID: 929920068&#xD;
Group ID: 0&#xD;
========= cURL request =========&#xD;
curl -k -X POST "https://localhost:5001/dtroUsers/createFromBody" -H "x-App-Id: 8c5dd928-2c6b-4104-a000-283f8b366cf2" -H "Content-Type: application/json" -d "{\r    \"id\": \"26fc4211-fa5b-442b-9978-fda7b1109a3c\",\r    \"traId\": 929920068,\r    \"name\": \"All permissions\",\r    \"prefix\": \"AB\",\r    \"userGroup\": 0,\r    \"xAppId\": \"8c5dd928-2c6b-4104-a000-283f8b366cf2\"\r}"&#xD;
================================&#xD;
========= HTTP response =========&#xD;
Response status code: Created&#xD;
Response headers:&#xD;
  Date: Fri, 28 Feb 2025 10:34:05 GMT&#xD;
  Server: Kestrel&#xD;
  Cache-Control: no-store, must-revalidate, no-cache&#xD;
  Location: https://localhost:5001/dtroUsers/createFromBody?id=6d6f5af4-9fbe-4b2c-9b9e-ab541ca6e602&#xD;
  Pragma: no-cache&#xD;
  Cross-Origin-Embedder-Policy: unsafe-none&#xD;
  Cross-Origin-Opener-Policy: same-origin&#xD;
  Cross-Origin-Resource-Policy: cross-origin&#xD;
  permissions-policy: geolocation=(), midi=(), sync-xhr=(), microphone=(), camera=(), magnetometer=(), gyroscope=(), fullscreen=(), payment=()&#xD;
  Referrer-Policy: no-referrer&#xD;
  X-Content-Type-Options: nosniff&#xD;
  X-Frame-Options: DENY&#xD;
  X-Permitted-Cross-Domain-Policies: none&#xD;
  X-XSS-Protection: 1; mode=block&#xD;
  X-UA-Compatible: IE=Edge&#xD;
  Strict-Transport-Security: max-age=31536000&#xD;
  X-Correlation-ID: 6e8c5c4b-729c-4b4b-b1af-4069e2c54e84&#xD;
Response body:&#xD;
{&#xD;
  "id": "6d6f5af4-9fbe-4b2c-9b9e-ab541ca6e602"&#xD;
}&#xD;
=================================&#xD;
Deleted file C:\Users\BELGP3\OneDrive - PA Consulting Group\Documents\Work\Code\PA\Clients\DfT\dft-dtro-beta/examples/temp\JSON-3.3.1-example-Derbyshire 2024 DJ388 partial.json&#xD;
Deleted file C:\Users\BELGP3\OneDrive - PA Consulting Group\Documents\Work\Code\PA\Clients\DfT\dft-dtro-beta/examples/temp\JSON-3.3.1-example-TTRO-HeightRestrictionwithConditions.json&#xD;
Deleted file C:\Users\BELGP3\OneDrive - PA Consulting Group\Documents\Work\Code\PA\Clients\DfT\dft-dtro-beta/examples/temp\JSON-3.3.1-example-TTRO-MoreComplexExample.json&#xD;
Deleted file C:\Users\BELGP3\OneDrive - PA Consulting Group\Documents\Work\Code\PA\Clients\DfT\dft-dtro-beta/examples/temp\JSON-3.3.1-example-TTRO-multiple-nested-ConditionSet.json&#xD;
Deleted file C:\Users\BELGP3\OneDrive - PA Consulting Group\Documents\Work\Code\PA\Clients\DfT\dft-dtro-beta/examples/temp\JSON-3.3.1-example-TTRO-RatesExample.json&#xD;
Deleted file C:\Users\BELGP3\OneDrive - PA Consulting Group\Documents\Work\Code\PA\Clients\DfT\dft-dtro-beta/examples/temp\JSON-3.3.1-example-TTRO-RoadClosureWithDiversionRoute.json&#xD;
Deleted file C:\Users\BELGP3\OneDrive - PA Consulting Group\Documents\Work\Code\PA\Clients\DfT\dft-dtro-beta/examples/temp\JSON-3.3.1-example-TTRO-SuspensionOneWay.json&#xD;
Deleted file C:\Users\BELGP3\OneDrive - PA Consulting Group\Documents\Work\Code\PA\Clients\DfT\dft-dtro-beta/examples/temp\JSON-3.3.1-example-TTRO-TempOneWayWithConditions.json&#xD;
Deleted file C:\Users\BELGP3\OneDrive - PA Consulting Group\Documents\Work\Code\PA\Clients\DfT\dft-dtro-beta/examples/temp\JSON-3.3.1-example-TTRO-WeightRestriction.json&#xD;
========= cURL request =========&#xD;
curl -k -X GET "https://localhost:5001/dtroUsers" -H "x-App-Id: 8c5dd928-2c6b-4104-a000-283f8b366cf2"&#xD;
================================&#xD;
========= HTTP response =========&#xD;
Response status code: OK&#xD;
Response headers:&#xD;
  Date: Fri, 28 Feb 2025 10:34:05 GMT&#xD;
  Server: Kestrel&#xD;
  Cache-Control: no-store, must-revalidate, no-cache&#xD;
  Pragma: no-cache&#xD;
  Cross-Origin-Embedder-Policy: unsafe-none&#xD;
  Cross-Origin-Opener-Policy: same-origin&#xD;
  Cross-Origin-Resource-Policy: cross-origin&#xD;
  permissions-policy: geolocation=(), midi=(), sync-xhr=(), microphone=(), camera=(), magnetometer=(), gyroscope=(), fullscreen=(), payment=()&#xD;
  Referrer-Policy: no-referrer&#xD;
  X-Content-Type-Options: nosniff&#xD;
  X-Frame-Options: DENY&#xD;
  X-Permitted-Cross-Domain-Policies: none&#xD;
  X-XSS-Protection: 1; mode=block&#xD;
  X-UA-Compatible: IE=Edge&#xD;
  Strict-Transport-Security: max-age=31536000&#xD;
  X-Correlation-ID: 784a6926-fa8d-4f67-9517-66b099b21e91&#xD;
Response body:&#xD;
[&#xD;
  {&#xD;
    "id": "a0caea9e-11dd-4ba5-ad0b-7f87327c2c48",&#xD;
    "xAppId": "a63f237a-429f-4667-80bc-cd624b2f6d20",&#xD;
    "traId": 987917961,&#xD;
    "name": "A Publisher / Tra",&#xD;
    "prefix": "AB",&#xD;
    "userGroup": "tra"&#xD;
  },&#xD;
  {&#xD;
    "id": "6d6f5af4-9fbe-4b2c-9b9e-ab541ca6e602",&#xD;
    "xAppId": "8c5dd928-2c6b-4104-a000-283f8b366cf2",&#xD;
    "traId": 929920068,&#xD;
    "name": "All Permissions",&#xD;
    "prefix": "AB",&#xD;
    "userGroup": "all"&#xD;
  }&#xD;
]&#xD;
=================================&#xD;
========= cURL request =========&#xD;
curl -k -X DELETE "https://localhost:5001/dtroUsers/redundant" -H "x-App-Id: 8c5dd928-2c6b-4104-a000-283f8b366cf2" -H "Content-Type: application/json" -d "{\"ids\":[\"a0caea9e-11dd-4ba5-ad0b-7f87327c2c48\",\"6d6f5af4-9fbe-4b2c-9b9e-ab541ca6e602\"]}"&#xD;
================================&#xD;
========= HTTP response =========&#xD;
Response status code: OK&#xD;
Response headers:&#xD;
  Date: Fri, 28 Feb 2025 10:34:06 GMT&#xD;
  Server: Kestrel&#xD;
  Cache-Control: no-store, must-revalidate, no-cache&#xD;
  Pragma: no-cache&#xD;
  Cross-Origin-Embedder-Policy: unsafe-none&#xD;
  Cross-Origin-Opener-Policy: same-origin&#xD;
  Cross-Origin-Resource-Policy: cross-origin&#xD;
  permissions-policy: geolocation=(), midi=(), sync-xhr=(), microphone=(), camera=(), magnetometer=(), gyroscope=(), fullscreen=(), payment=()&#xD;
  Referrer-Policy: no-referrer&#xD;
  X-Content-Type-Options: nosniff&#xD;
  X-Frame-Options: DENY&#xD;
  X-Permitted-Cross-Domain-Policies: none&#xD;
  X-XSS-Protection: 1; mode=block&#xD;
  X-UA-Compatible: IE=Edge&#xD;
  Strict-Transport-Security: max-age=31536000&#xD;
  X-Correlation-ID: c6a47b8f-b0ee-44c2-a401-bf1fdba1fafc&#xD;
Response body:&#xD;
true&#xD;
=================================&#xD;
RuleTemplate table truncated successfully!&#xD;
========= cURL request =========&#xD;
curl -k -X GET "https://localhost:5001/schemas/versions" -H "x-App-Id: 8c5dd928-2c6b-4104-a000-283f8b366cf2"&#xD;
================================&#xD;
========= HTTP response =========&#xD;
Response status code: OK&#xD;
Response headers:&#xD;
  Date: Fri, 28 Feb 2025 10:34:06 GMT&#xD;
  Server: Kestrel&#xD;
  Cache-Control: no-store, must-revalidate, no-cache&#xD;
  Pragma: no-cache&#xD;
  Cross-Origin-Embedder-Policy: unsafe-none&#xD;
  Cross-Origin-Opener-Policy: same-origin&#xD;
  Cross-Origin-Resource-Policy: cross-origin&#xD;
  permissions-policy: geolocation=(), midi=(), sync-xhr=(), microphone=(), camera=(), magnetometer=(), gyroscope=(), fullscreen=(), payment=()&#xD;
  Referrer-Policy: no-referrer&#xD;
  X-Content-Type-Options: nosniff&#xD;
  X-Frame-Options: DENY&#xD;
  X-Permitted-Cross-Domain-Policies: none&#xD;
  X-XSS-Protection: 1; mode=block&#xD;
  X-UA-Compatible: IE=Edge&#xD;
  Strict-Transport-Security: max-age=31536000&#xD;
  X-Correlation-ID: 3ab98061-701a-487e-a1b6-0c86264da316&#xD;
Response body:&#xD;
[&#xD;
  {&#xD;
    "schemaVersion": "3.3.1",&#xD;
    "isActive": true,&#xD;
    "rulesExist": false&#xD;
  }&#xD;
]&#xD;
=================================&#xD;
========= cURL request =========&#xD;
curl -k -X PATCH "https://localhost:5001/schemas/deactivate/3.3.1" -H "x-App-Id: 8c5dd928-2c6b-4104-a000-283f8b366cf2"&#xD;
================================&#xD;
========= HTTP response =========&#xD;
Response status code: OK&#xD;
Response headers:&#xD;
  Date: Fri, 28 Feb 2025 10:34:06 GMT&#xD;
  Server: Kestrel&#xD;
  Cache-Control: no-store, must-revalidate, no-cache&#xD;
  Pragma: no-cache&#xD;
  Cross-Origin-Embedder-Policy: unsafe-none&#xD;
  Cross-Origin-Opener-Policy: same-origin&#xD;
  Cross-Origin-Resource-Policy: cross-origin&#xD;
  permissions-policy: geolocation=(), midi=(), sync-xhr=(), microphone=(), camera=(), magnetometer=(), gyroscope=(), fullscreen=(), payment=()&#xD;
  Referrer-Policy: no-referrer&#xD;
  X-Content-Type-Options: nosniff&#xD;
  X-Frame-Options: DENY&#xD;
  X-Permitted-Cross-Domain-Policies: none&#xD;
  X-XSS-Protection: 1; mode=block&#xD;
  X-UA-Compatible: IE=Edge&#xD;
  Strict-Transport-Security: max-age=31536000&#xD;
  X-Correlation-ID: a77a2b15-0187-4948-8020-a66834b749d1&#xD;
Response body:&#xD;
{&#xD;
  "id": "b6a0bd8d-edc0-457b-bdc3-96808048449c"&#xD;
}&#xD;
=================================&#xD;
========= cURL request =========&#xD;
curl -k -X DELETE "https://localhost:5001/schemas/3.3.1" -H "x-App-Id: 8c5dd928-2c6b-4104-a000-283f8b366cf2"&#xD;
================================&#xD;
========= HTTP response =========&#xD;
Response status code: OK&#xD;
Response headers:&#xD;
  Date: Fri, 28 Feb 2025 10:34:07 GMT&#xD;
  Server: Kestrel&#xD;
  Cache-Control: no-store, must-revalidate, no-cache&#xD;
  Pragma: no-cache&#xD;
  Cross-Origin-Embedder-Policy: unsafe-none&#xD;
  Cross-Origin-Opener-Policy: same-origin&#xD;
  Cross-Origin-Resource-Policy: cross-origin&#xD;
  permissions-policy: geolocation=(), midi=(), sync-xhr=(), microphone=(), camera=(), magnetometer=(), gyroscope=(), fullscreen=(), payment=()&#xD;
  Referrer-Policy: no-referrer&#xD;
  X-Content-Type-Options: nosniff&#xD;
  X-Frame-Options: DENY&#xD;
  X-Permitted-Cross-Domain-Policies: none&#xD;
  X-XSS-Protection: 1; mode=block&#xD;
  X-UA-Compatible: IE=Edge&#xD;
  Strict-Transport-Security: max-age=31536000&#xD;
  X-Correlation-ID: f6279a06-0d25-4b05-81d9-c5cf7d308863&#xD;
Response body:&#xD;
true&#xD;
=================================&#xD;
Dtros table truncated successfully!&#xD;
========= cURL request =========&#xD;
curl -k -X POST "https://localhost:5001/rules/createFromFile/3.3.1" -H "x-App-Id: 8c5dd928-2c6b-4104-a000-283f8b366cf2" -H "Content-Type: multipart/form-data" --form 'file=@"C:\Users\BELGP3\OneDrive - PA Consulting Group\Documents\Work\Code\PA\Clients\DfT\dft-dtro-beta/examples/Rules/rules-3.3.1.json"'&#xD;
================================&#xD;
========= HTTP response =========&#xD;
Response status code: Created&#xD;
Response headers:&#xD;
  Date: Fri, 28 Feb 2025 10:34:07 GMT&#xD;
  Server: Kestrel&#xD;
  Cache-Control: no-store, must-revalidate, no-cache&#xD;
  Location: https://localhost:5001/rules/createFromFile/3.3.1?id=69597797-03a9-40fc-96ea-8d8ccd9b64ab&#xD;
  Pragma: no-cache&#xD;
  Cross-Origin-Embedder-Policy: unsafe-none&#xD;
  Cross-Origin-Opener-Policy: same-origin&#xD;
  Cross-Origin-Resource-Policy: cross-origin&#xD;
  permissions-policy: geolocation=(), midi=(), sync-xhr=(), microphone=(), camera=(), magnetometer=(), gyroscope=(), fullscreen=(), payment=()&#xD;
  Referrer-Policy: no-referrer&#xD;
  X-Content-Type-Options: nosniff&#xD;
  X-Frame-Options: DENY&#xD;
  X-Permitted-Cross-Domain-Policies: none&#xD;
  X-XSS-Protection: 1; mode=block&#xD;
  X-UA-Compatible: IE=Edge&#xD;
  Strict-Transport-Security: max-age=31536000&#xD;
  X-Correlation-ID: 669b1d84-739d-4de0-bad6-047be9a60f77&#xD;
Response body:&#xD;
{&#xD;
  "id": "69597797-03a9-40fc-96ea-8d8ccd9b64ab"&#xD;
}&#xD;
=================================&#xD;
========= cURL request =========&#xD;
curl -k -X POST "https://localhost:5001/schemas/createFromFile/3.3.1" -H "x-App-Id: 8c5dd928-2c6b-4104-a000-283f8b366cf2" -H "Content-Type: multipart/form-data" --form 'file=@"C:\Users\BELGP3\OneDrive - PA Consulting Group\Documents\Work\Code\PA\Clients\DfT\dft-dtro-beta/examples/Schemas/schemas-3.3.1.json"'&#xD;
================================&#xD;
========= HTTP response =========&#xD;
Response status code: Created&#xD;
Response headers:&#xD;
  Date: Fri, 28 Feb 2025 10:34:07 GMT&#xD;
  Server: Kestrel&#xD;
  Cache-Control: no-store, must-revalidate, no-cache&#xD;
  Location: https://localhost:5001/schemas/createFromFile/3.3.1?id=574f595b-a4c3-4cbe-acd8-b81f82d37958&#xD;
  Pragma: no-cache&#xD;
  Cross-Origin-Embedder-Policy: unsafe-none&#xD;
  Cross-Origin-Opener-Policy: same-origin&#xD;
  Cross-Origin-Resource-Policy: cross-origin&#xD;
  permissions-policy: geolocation=(), midi=(), sync-xhr=(), microphone=(), camera=(), magnetometer=(), gyroscope=(), fullscreen=(), payment=()&#xD;
  Referrer-Policy: no-referrer&#xD;
  X-Content-Type-Options: nosniff&#xD;
  X-Frame-Options: DENY&#xD;
  X-Permitted-Cross-Domain-Policies: none&#xD;
  X-XSS-Protection: 1; mode=block&#xD;
  X-UA-Compatible: IE=Edge&#xD;
  Strict-Transport-Security: max-age=31536000&#xD;
  X-Correlation-ID: 1b43fd6e-7661-4e5f-8acd-bc645aefba4d&#xD;
Response body:&#xD;
{&#xD;
  "id": "574f595b-a4c3-4cbe-acd8-b81f82d37958"&#xD;
}&#xD;
=================================&#xD;
========= cURL request =========&#xD;
curl -k -X PATCH "https://localhost:5001/schemas/activate/3.3.1" -H "x-App-Id: 8c5dd928-2c6b-4104-a000-283f8b366cf2"&#xD;
================================&#xD;
========= HTTP response =========&#xD;
Response status code: OK&#xD;
Response headers:&#xD;
  Date: Fri, 28 Feb 2025 10:34:07 GMT&#xD;
  Server: Kestrel&#xD;
  Cache-Control: no-store, must-revalidate, no-cache&#xD;
  Pragma: no-cache&#xD;
  Cross-Origin-Embedder-Policy: unsafe-none&#xD;
  Cross-Origin-Opener-Policy: same-origin&#xD;
  Cross-Origin-Resource-Policy: cross-origin&#xD;
  permissions-policy: geolocation=(), midi=(), sync-xhr=(), microphone=(), camera=(), magnetometer=(), gyroscope=(), fullscreen=(), payment=()&#xD;
  Referrer-Policy: no-referrer&#xD;
  X-Content-Type-Options: nosniff&#xD;
  X-Frame-Options: DENY&#xD;
  X-Permitted-Cross-Domain-Policies: none&#xD;
  X-XSS-Protection: 1; mode=block&#xD;
  X-UA-Compatible: IE=Edge&#xD;
  Strict-Transport-Security: max-age=31536000&#xD;
  X-Correlation-ID: 3e18702f-0623-43bf-a1ed-f912540169d9&#xD;
Response body:&#xD;
{&#xD;
  "id": "574f595b-a4c3-4cbe-acd8-b81f82d37958"&#xD;
}&#xD;
=================================&#xD;
Do before each test...&#xD;
========= cURL request =========&#xD;
curl -k -X GET "https://localhost:5001/dtroUsers" -H "x-App-Id: 8c5dd928-2c6b-4104-a000-283f8b366cf2"&#xD;
================================&#xD;
========= HTTP response =========&#xD;
Response status code: OK&#xD;
Response headers:&#xD;
  Date: Fri, 28 Feb 2025 10:34:07 GMT&#xD;
  Server: Kestrel&#xD;
  Cache-Control: no-store, must-revalidate, no-cache&#xD;
  Pragma: no-cache&#xD;
  Cross-Origin-Embedder-Policy: unsafe-none&#xD;
  Cross-Origin-Opener-Policy: same-origin&#xD;
  Cross-Origin-Resource-Policy: cross-origin&#xD;
  permissions-policy: geolocation=(), midi=(), sync-xhr=(), microphone=(), camera=(), magnetometer=(), gyroscope=(), fullscreen=(), payment=()&#xD;
  Referrer-Policy: no-referrer&#xD;
  X-Content-Type-Options: nosniff&#xD;
  X-Frame-Options: DENY&#xD;
  X-Permitted-Cross-Domain-Policies: none&#xD;
  X-XSS-Protection: 1; mode=block&#xD;
  X-UA-Compatible: IE=Edge&#xD;
  Strict-Transport-Security: max-age=31536000&#xD;
  X-Correlation-ID: c6e13983-9ea2-4817-92c4-97cc2633e260&#xD;
Response body:&#xD;
[]&#xD;
=================================&#xD;
Dtros table truncated successfully!&#xD;
Testing with file JSON-3.3.1-example-TTRO-WeightRestriction.json...&#xD;
App ID: e10dea50-118a-4b9f-be80-7fd8866fac36&#xD;
TRA ID: 983090648&#xD;
Group ID: 1&#xD;
========= cURL request =========&#xD;
curl -k -X POST "https://localhost:5001/dtroUsers/createFromBody" -H "x-App-Id: 3ae362db-fdc1-4d7d-be33-a50fa2d66e57" -H "Content-Type: application/json" -d "{\r    \"id\": \"26fc4211-fa5b-442b-9978-fda7b1109a3c\",\r    \"traId\": 983090648,\r    \"name\": \"A publisher / TRA\",\r    \"prefix\": \"AB\",\r    \"userGroup\": 1,\r    \"xAppId\": \"3ae362db-fdc1-4d7d-be33-a50fa2d66e57\"\r}"&#xD;
================================&#xD;
========= HTTP response =========&#xD;
Response status code: Created&#xD;
Response headers:&#xD;
  Date: Fri, 28 Feb 2025 10:34:07 GMT&#xD;
  Server: Kestrel&#xD;
  Cache-Control: no-store, must-revalidate, no-cache&#xD;
  Location: https://localhost:5001/dtroUsers/createFromBody?id=33b34eda-2b9c-489a-9879-b5186160c241&#xD;
  Pragma: no-cache&#xD;
  Cross-Origin-Embedder-Policy: unsafe-none&#xD;
  Cross-Origin-Opener-Policy: same-origin&#xD;
  Cross-Origin-Resource-Policy: cross-origin&#xD;
  permissions-policy: geolocation=(), midi=(), sync-xhr=(), microphone=(), camera=(), magnetometer=(), gyroscope=(), fullscreen=(), payment=()&#xD;
  Referrer-Policy: no-referrer&#xD;
  X-Content-Type-Options: nosniff&#xD;
  X-Frame-Options: DENY&#xD;
  X-Permitted-Cross-Domain-Policies: none&#xD;
  X-XSS-Protection: 1; mode=block&#xD;
  X-UA-Compatible: IE=Edge&#xD;
  Strict-Transport-Security: max-age=31536000&#xD;
  X-Correlation-ID: df13fc83-b7c9-441c-b84b-78dbac5e4485&#xD;
Response body:&#xD;
{&#xD;
  "id": "33b34eda-2b9c-489a-9879-b5186160c241"&#xD;
}&#xD;
=================================&#xD;
========= cURL request =========&#xD;
curl -k -X POST "https://localhost:5001/dtros/createFromBody" -H "x-App-Id: 3ae362db-fdc1-4d7d-be33-a50fa2d66e57" -H "Content-Type: application/json" -d "{\r  \"schemaVersion\": \"3.3.1\",\r  \"data\": {\r    \"Source\": {\r      \"actionType\": \"new\",\r      \"currentTraOwner\": 983090648,\r      \"Provision\": [\r        {\r          \"actionType\": \"new\",\r          \"orderReportingPoint\": \"ttroTtmoNoticeOfIntention\",\r          \"provisionDescription\": \"Temporary weight restriction Netherclay Bridge (2 tonnes)\",\r          \"reference\": \"b1618e6f-f65c-48c7-9cc7-45da9f45fbda\",\r          \"RegulatedPlace\": [\r            {\r              \"description\": \"Netherclay Bridge, Bishops Hull, Taunton\",\r              \"type\": \"regulationLocation\",\r              \"LinearGeometry\": {\r                \"direction\": \"bidirectional\",\r                \"ExternalReference\": [\r                  {\r                    \"lastUpdateDate\": \"2024-08-01T00:00:00\",\r                    \"UniqueStreetReferenceNumber\": [\r                      {\r                        \"usrn\": 39605836\r                      }\r                    ]\r                  }\r                ],\r                \"lateralPosition\": \"centreline\",\r                \"linestring\": \"SRID=27700;LINESTRING(320620 124993, 320621 124997, 320625 125007)\",\r                \"representation\": \"representingZone\",\r                \"version\": 1\r              }\r            }\r          ],\r          \"Regulation\": [\r            {\r              \"ConditionSet\": [\r                {\r                  \"operator\": \"and\",\r                  \"conditions\": [\r                    {\r                      \"negate\": false,\r                      \"TimeValidity\": {\r                        \"start\": \"2024-08-01T08:00:00\",\r                        \"end\": \"2024-11-29T18:00:00\"\r                      }\r                    },\r                    {\r                      \"negate\": false,\r                      \"VehicleCharacteristics\": {\r                        \"MaximumGrossWeightCharacteristic\": {\r                          \"grossVehicleWeight\": 2,\r                          \"typeOfWeight\": \"maximumPermitted\"\r                        }\r                      }\r                    }\r                  ]\r                }\r              ],\r              \"GeneralRegulation\": {\r                \"regulationType\": \"dimensionMaximumWeightStructural\"\r              },\r              \"isDynamic\": false,\r              \"TemporaryRegulation\": {\r                \"TemporaryOverriddenProvision\": {\r                  \"actionType\": \"new\",\r                  \"orderReportingPoint\": \"permanentNoticeOfMaking\",\r                  \"provisionDescription\": \"3 Tonnes Structural Weight Limit, Netherclay Bridge\",\r                  \"reference\": \"DA3C3631-7710-4EA5-B654-62CD316D487A\"\r                }\r              },\r              \"timeZone\": \"Europe/London\"\r            }\r          ]\r        }\r      ],\r      \"reference\": \"c962b51f-e1aa-416e-8f0b-aefe39a4c099\",\r      \"section\": \"All sections\",\r      \"traAffected\": [\r        983090648\r      ],\r      \"traCreator\": 983090648,\r      \"troName\": \"DfT Example - TTRO weight restriction v2, Jan. 2025\"\r    }\r  }\r}"&#xD;
================================&#xD;
========= HTTP response =========&#xD;
Response status code: Created&#xD;
Response headers:&#xD;
  Date: Fri, 28 Feb 2025 10:34:08 GMT&#xD;
  Server: Kestrel&#xD;
  Cache-Control: no-store, must-revalidate, no-cache&#xD;
  Location: https://localhost:5001/dtros/5d81fa9e-210a-4630-b0dc-544944aa1916&#xD;
  Pragma: no-cache&#xD;
  Cross-Origin-Embedder-Policy: unsafe-none&#xD;
  Cross-Origin-Opener-Policy: same-origin&#xD;
  Cross-Origin-Resource-Policy: cross-origin&#xD;
  permissions-policy: geolocation=(), midi=(), sync-xhr=(), microphone=(), camera=(), magnetometer=(), gyroscope=(), fullscreen=(), payment=()&#xD;
  Referrer-Policy: no-referrer&#xD;
  X-Content-Type-Options: nosniff&#xD;
  X-Frame-Options: DENY&#xD;
  X-Permitted-Cross-Domain-Policies: none&#xD;
  X-XSS-Protection: 1; mode=block&#xD;
  X-UA-Compatible: IE=Edge&#xD;
  Strict-Transport-Security: max-age=31536000&#xD;
  X-Correlation-ID: a85fafea-55eb-449d-a5d1-b4c064a13aff&#xD;
Response body:&#xD;
{&#xD;
  "id": "5d81fa9e-210a-4630-b0dc-544944aa1916"&#xD;
}&#xD;
=================================&#xD;
========= cURL request =========&#xD;
curl -k -X GET "https://localhost:5001/dtros/5d81fa9e-210a-4630-b0dc-544944aa1916" -H "x-App-Id: 3ae362db-fdc1-4d7d-be33-a50fa2d66e57"&#xD;
================================&#xD;
========= HTTP response =========&#xD;
Response status code: OK&#xD;
Response headers:&#xD;
  Date: Fri, 28 Feb 2025 10:34:08 GMT&#xD;
  Server: Kestrel&#xD;
  Cache-Control: no-store, must-revalidate, no-cache&#xD;
  Pragma: no-cache&#xD;
  Cross-Origin-Embedder-Policy: unsafe-none&#xD;
  Cross-Origin-Opener-Policy: same-origin&#xD;
  Cross-Origin-Resource-Policy: cross-origin&#xD;
  permissions-policy: geolocation=(), midi=(), sync-xhr=(), microphone=(), camera=(), magnetometer=(), gyroscope=(), fullscreen=(), payment=()&#xD;
  Referrer-Policy: no-referrer&#xD;
  X-Content-Type-Options: nosniff&#xD;
  X-Frame-Options: DENY&#xD;
  X-Permitted-Cross-Domain-Policies: none&#xD;
  X-XSS-Protection: 1; mode=block&#xD;
  X-UA-Compatible: IE=Edge&#xD;
  Strict-Transport-Security: max-age=31536000&#xD;
  X-Correlation-ID: 1dc2ab44-564f-440d-b8de-3f2497ad9649&#xD;
Response body:&#xD;
{&#xD;
  "id": "5d81fa9e-210a-4630-b0dc-544944aa1916",&#xD;
  "schemaVersion": "3.3.1",&#xD;
  "data": {&#xD;
    "source": {&#xD;
      "section": "All sections",&#xD;
      "troName": "DfT Example - TTRO weight restriction v2, Jan. 2025",&#xD;
      "provision": [&#xD;
        {&#xD;
          "reference": "b1618e6f-f65c-48c7-9cc7-45da9f45fbda",&#xD;
          "regulation": [&#xD;
            {&#xD;
              "timeZone": "Europe/London",&#xD;
              "isDynamic": false,&#xD;
              "conditionSet": [&#xD;
                {&#xD;
                  "operator": "and",&#xD;
                  "conditions": [&#xD;
                    {&#xD;
                      "negate": false,&#xD;
                      "timeValidity": {&#xD;
                        "end": "2024-11-29T18:00:00",&#xD;
                        "start": "2024-08-01T08:00:00"&#xD;
                      }&#xD;
                    },&#xD;
                    {&#xD;
                      "negate": false,&#xD;
                      "vehicleCharacteristics": {&#xD;
                        "maximumGrossWeightCharacteristic": {&#xD;
                          "typeOfWeight": "maximumPermitted",&#xD;
                          "grossVehicleWeight": 2&#xD;
                        }&#xD;
                      }&#xD;
                    }&#xD;
                  ]&#xD;
                }&#xD;
              ],&#xD;
              "generalRegulation": {&#xD;
                "regulationType": "dimensionMaximumWeightStructural"&#xD;
              },&#xD;
              "temporaryRegulation": {&#xD;
                "temporaryOverriddenProvision": {&#xD;
                  "reference": "DA3C3631-7710-4EA5-B654-62CD316D487A",&#xD;
                  "actionType": "new",&#xD;
                  "orderReportingPoint": "permanentNoticeOfMaking",&#xD;
                  "provisionDescription": "3 Tonnes Structural Weight Limit, Netherclay Bridge"&#xD;
                }&#xD;
              }&#xD;
            }&#xD;
          ],&#xD;
          "actionType": "new",&#xD;
          "regulatedPlace": [&#xD;
            {&#xD;
              "type": "regulationLocation",&#xD;
              "description": "Netherclay Bridge, Bishops Hull, Taunton",&#xD;
              "linearGeometry": {&#xD;
                "version": 1,&#xD;
                "direction": "bidirectional",&#xD;
                "linestring": "SRID=27700;LINESTRING(320620 124993, 320621 124997, 320625 125007)",&#xD;
                "representation": "representingZone",&#xD;
                "lateralPosition": "centreline",&#xD;
                "externalReference": [&#xD;
                  {&#xD;
                    "lastUpdateDate": "2024-08-01T00:00:00",&#xD;
                    "uniqueStreetReferenceNumber": [&#xD;
                      {&#xD;
                        "usrn": 39605836&#xD;
                      }&#xD;
                    ]&#xD;
                  }&#xD;
                ]&#xD;
              }&#xD;
            }&#xD;
          ],&#xD;
          "orderReportingPoint": "ttroTtmoNoticeOfIntention",&#xD;
          "provisionDescription": "Temporary weight restriction Netherclay Bridge (2 tonnes)"&#xD;
        }&#xD;
      ],&#xD;
      "reference": "c962b51f-e1aa-416e-8f0b-aefe39a4c099",&#xD;
      "actionType": "new",&#xD;
      "traCreator": 983090648,&#xD;
      "traAffected": [&#xD;
        983090648&#xD;
      ],&#xD;
      "currentTraOwner": 983090648&#xD;
    }&#xD;
  }&#xD;
}&#xD;
=================================&#xD;
Comparing JSON...&#xD;
{&#xD;
  "data": {&#xD;
    "source": {&#xD;
      "actiontype": "new",&#xD;
      "currenttraowner": 983090648,&#xD;
      "provision": [&#xD;
        {&#xD;
          "actiontype": "new",&#xD;
          "orderreportingpoint": "ttrottmonoticeofintention",&#xD;
          "provisiondescription": "temporary weight restriction netherclay bridge (2 tonnes)",&#xD;
          "reference": "b1618e6f-f65c-48c7-9cc7-45da9f45fbda",&#xD;
          "regulatedplace": [&#xD;
            {&#xD;
              "description": "netherclay bridge, bishops hull, taunton",&#xD;
              "lineargeometry": {&#xD;
                "direction": "bidirectional",&#xD;
                "externalreference": [&#xD;
                  {&#xD;
                    "lastupdatedate": "2024-08-01t00:00:00",&#xD;
                    "uniquestreetreferencenumber": [&#xD;
                      {&#xD;
                        "usrn": 39605836&#xD;
                      }&#xD;
                    ]&#xD;
                  }&#xD;
                ],&#xD;
                "lateralposition": "centreline",&#xD;
                "linestring": "srid=27700;linestring(320620 124993, 320621 124997, 320625 125007)",&#xD;
                "representation": "representingzone",&#xD;
                "version": 1&#xD;
              },&#xD;
              "type": "regulationlocation"&#xD;
            }&#xD;
          ],&#xD;
          "regulation": [&#xD;
            {&#xD;
              "conditionset": [&#xD;
                {&#xD;
                  "conditions": [&#xD;
                    {&#xD;
                      "negate": false,&#xD;
                      "timevalidity": {&#xD;
                        "end": "2024-11-29t18:00:00",&#xD;
                        "start": "2024-08-01t08:00:00"&#xD;
                      }&#xD;
                    },&#xD;
                    {&#xD;
                      "negate": false,&#xD;
                      "vehiclecharacteristics": {&#xD;
                        "maximumgrossweightcharacteristic": {&#xD;
                          "grossvehicleweight": 2,&#xD;
                          "typeofweight": "maximumpermitted"&#xD;
                        }&#xD;
                      }&#xD;
                    }&#xD;
                  ],&#xD;
                  "operator": "and"&#xD;
                }&#xD;
              ],&#xD;
              "generalregulation": {&#xD;
                "regulationtype": "dimensionmaximumweightstructural"&#xD;
              },&#xD;
              "isdynamic": false,&#xD;
              "temporaryregulation": {&#xD;
                "temporaryoverriddenprovision": {&#xD;
                  "actiontype": "new",&#xD;
                  "orderreportingpoint": "permanentnoticeofmaking",&#xD;
                  "provisiondescription": "3 tonnes structural weight limit, netherclay bridge",&#xD;
                  "reference": "da3c3631-7710-4ea5-b654-62cd316d487a"&#xD;
                }&#xD;
              },&#xD;
              "timezone": "europe/london"&#xD;
            }&#xD;
          ]&#xD;
        }&#xD;
      ],&#xD;
      "reference": "c962b51f-e1aa-416e-8f0b-aefe39a4c099",&#xD;
      "section": "all sections",&#xD;
      "traaffected": [&#xD;
        983090648&#xD;
      ],&#xD;
      "tracreator": 983090648,&#xD;
      "troname": "dft example - ttro weight restriction v2, jan. 2025"&#xD;
    }&#xD;
  },&#xD;
  "id": "5d81fa9e-210a-4630-b0dc-544944aa1916",&#xD;
  "schemaversion": "3.3.1"&#xD;
}&#xD;
JSONs match!&#xD;
Global async teardown after each test...&#xD;
Do before each test...&#xD;
========= cURL request =========&#xD;
curl -k -X GET "https://localhost:5001/dtroUsers" -H "x-App-Id: 8c5dd928-2c6b-4104-a000-283f8b366cf2"&#xD;
================================&#xD;
========= HTTP response =========&#xD;
Response status code: OK&#xD;
Response headers:&#xD;
  Date: Fri, 28 Feb 2025 10:34:08 GMT&#xD;
  Server: Kestrel&#xD;
  Cache-Control: no-store, must-revalidate, no-cache&#xD;
  Pragma: no-cache&#xD;
  Cross-Origin-Embedder-Policy: unsafe-none&#xD;
  Cross-Origin-Opener-Policy: same-origin&#xD;
  Cross-Origin-Resource-Policy: cross-origin&#xD;
  permissions-policy: geolocation=(), midi=(), sync-xhr=(), microphone=(), camera=(), magnetometer=(), gyroscope=(), fullscreen=(), payment=()&#xD;
  Referrer-Policy: no-referrer&#xD;
  X-Content-Type-Options: nosniff&#xD;
  X-Frame-Options: DENY&#xD;
  X-Permitted-Cross-Domain-Policies: none&#xD;
  X-XSS-Protection: 1; mode=block&#xD;
  X-UA-Compatible: IE=Edge&#xD;
  Strict-Transport-Security: max-age=31536000&#xD;
  X-Correlation-ID: 3dbc2bab-1a54-44ec-997b-e35b98938661&#xD;
Response body:&#xD;
[&#xD;
  {&#xD;
    "id": "33b34eda-2b9c-489a-9879-b5186160c241",&#xD;
    "xAppId": "3ae362db-fdc1-4d7d-be33-a50fa2d66e57",&#xD;
    "traId": 983090648,&#xD;
    "name": "A Publisher / Tra",&#xD;
    "prefix": "AB",&#xD;
    "userGroup": "tra"&#xD;
  }&#xD;
]&#xD;
=================================&#xD;
========= cURL request =========&#xD;
curl -k -X DELETE "https://localhost:5001/dtroUsers/redundant" -H "x-App-Id: 8c5dd928-2c6b-4104-a000-283f8b366cf2" -H "Content-Type: application/json" -d "{\"ids\":[\"33b34eda-2b9c-489a-9879-b5186160c241\"]}"&#xD;
================================&#xD;
========= HTTP response =========&#xD;
Response status code: OK&#xD;
Response headers:&#xD;
  Date: Fri, 28 Feb 2025 10:34:08 GMT&#xD;
  Server: Kestrel&#xD;
  Cache-Control: no-store, must-revalidate, no-cache&#xD;
  Pragma: no-cache&#xD;
  Cross-Origin-Embedder-Policy: unsafe-none&#xD;
  Cross-Origin-Opener-Policy: same-origin&#xD;
  Cross-Origin-Resource-Policy: cross-origin&#xD;
  permissions-policy: geolocation=(), midi=(), sync-xhr=(), microphone=(), camera=(), magnetometer=(), gyroscope=(), fullscreen=(), payment=()&#xD;
  Referrer-Policy: no-referrer&#xD;
  X-Content-Type-Options: nosniff&#xD;
  X-Frame-Options: DENY&#xD;
  X-Permitted-Cross-Domain-Policies: none&#xD;
  X-XSS-Protection: 1; mode=block&#xD;
  X-UA-Compatible: IE=Edge&#xD;
  Strict-Transport-Security: max-age=31536000&#xD;
  X-Correlation-ID: 08790d24-6549-4637-ab6f-7e1aafe78659&#xD;
Response body:&#xD;
true&#xD;
=================================&#xD;
Dtros table truncated successfully!&#xD;
Testing with file JSON-3.3.1-example-TTRO-HeightRestrictionwithConditions.json...&#xD;
App ID: 7933ef57-11b8-4389-91df-4338d1ba1028&#xD;
TRA ID: 995018663&#xD;
Group ID: 1&#xD;
========= cURL request =========&#xD;
curl -k -X POST "https://localhost:5001/dtroUsers/createFromBody" -H "x-App-Id: 25a856e0-6409-46a6-bae8-dc92dc0d19fd" -H "Content-Type: application/json" -d "{\r    \"id\": \"26fc4211-fa5b-442b-9978-fda7b1109a3c\",\r    \"traId\": 995018663,\r    \"name\": \"A publisher / TRA\",\r    \"prefix\": \"AB\",\r    \"userGroup\": 1,\r    \"xAppId\": \"25a856e0-6409-46a6-bae8-dc92dc0d19fd\"\r}"&#xD;
================================&#xD;
========= HTTP response =========&#xD;
Response status code: Created&#xD;
Response headers:&#xD;
  Date: Fri, 28 Feb 2025 10:34:08 GMT&#xD;
  Server: Kestrel&#xD;
  Cache-Control: no-store, must-revalidate, no-cache&#xD;
  Location: https://localhost:5001/dtroUsers/createFromBody?id=aedc663b-b833-4bbd-b83e-475dfb5eee44&#xD;
  Pragma: no-cache&#xD;
  Cross-Origin-Embedder-Policy: unsafe-none&#xD;
  Cross-Origin-Opener-Policy: same-origin&#xD;
  Cross-Origin-Resource-Policy: cross-origin&#xD;
  permissions-policy: geolocation=(), midi=(), sync-xhr=(), microphone=(), camera=(), magnetometer=(), gyroscope=(), fullscreen=(), payment=()&#xD;
  Referrer-Policy: no-referrer&#xD;
  X-Content-Type-Options: nosniff&#xD;
  X-Frame-Options: DENY&#xD;
  X-Permitted-Cross-Domain-Policies: none&#xD;
  X-XSS-Protection: 1; mode=block&#xD;
  X-UA-Compatible: IE=Edge&#xD;
  Strict-Transport-Security: max-age=31536000&#xD;
  X-Correlation-ID: b24e8741-d61a-4c1e-a86a-10cd5b970108&#xD;
Response body:&#xD;
{&#xD;
  "id": "aedc663b-b833-4bbd-b83e-475dfb5eee44"&#xD;
}&#xD;
=================================&#xD;
========= cURL request =========&#xD;
curl -k -X POST "https://localhost:5001/dtros/createFromBody" -H "x-App-Id: 25a856e0-6409-46a6-bae8-dc92dc0d19fd" -H "Content-Type: application/json" -d "{\r  \"schemaVersion\": \"3.3.1\",\r  \"data\": {\r    \"Source\": {\r      \"actionType\": \"new\",\r      \"currentTraOwner\": 995018663,\r      \"Provision\": [\r        {\r          \"actionType\": \"new\",\r          \"orderReportingPoint\": \"ttroTtmoNoticeOfIntention\",\r          \"provisionDescription\": \"Temporary height restriction (2.5m)\",\r          \"reference\": \"c962b51f-e1aa-416e-8f0b-aefe39a4c099\",\r          \"RegulatedPlace\": [\r            {\r              \"description\": \"East Reach - Taunton\",\r              \"type\": \"regulationLocation\",\r              \"PointGeometry\": {\r                \"ExternalReference\": [\r                  {\r                    \"lastUpdateDate\": \"2024-08-01T00:00:00\",\r                    \"UniqueStreetReferenceNumber\": [\r                      {\r                        \"usrn\": 39608173\r                      }\r                    ]\r                  }\r                ],\r                \"point\": \"SRID=27700;POINT(323544 124622)\",\r                \"representation\": \"centreLinePoint\",\r                \"version\": 1\r              }\r            }\r          ],\r          \"Regulation\": [\r            {\r              \"ConditionSet\": [\r                {\r                  \"operator\": \"and\",\r                  \"conditions\": [\r                    {\r                      \"negate\": false,\r                      \"TimeValidity\": {\r                        \"start\": \"2024-08-22T08:00:00\",\r                        \"end\": \"2024-08-22T20:00:00\"\r                      }\r                    },\r                    {\r                      \"negate\": false,\r                      \"VehicleCharacteristics\": {\r                        \"MaximumHeightCharacteristic\": {\r                          \"vehicleHeight\": 2.5\r                        }\r                      }\r                    }\r                  ]\r                }\r              ],\r              \"GeneralRegulation\": {\r                \"regulationType\": \"dimensionMaximumHeightWithTRO\"\r              },\r              \"isDynamic\": false,\r              \"timeZone\": \"Europe/London\"\r            }\r          ]\r        }\r      ],\r      \"reference\": \"c962b51f-e1aa-416e-8f0b-aefe39a4c099\",\r      \"section\": \"All sections\",\r      \"traAffected\": [\r        995018663\r      ],\r      \"traCreator\": 995018663,\r      \"troName\": \"DfT Example - TTRO height restriction with multiple conditions v2, Nov. 2024\"\r    }\r  }\r}"&#xD;
================================&#xD;
========= HTTP response =========&#xD;
Response status code: Created&#xD;
Response headers:&#xD;
  Date: Fri, 28 Feb 2025 10:34:08 GMT&#xD;
  Server: Kestrel&#xD;
  Cache-Control: no-store, must-revalidate, no-cache&#xD;
  Location: https://localhost:5001/dtros/22fd3f4e-b239-479a-9d10-23d41bd380a9&#xD;
  Pragma: no-cache&#xD;
  Cross-Origin-Embedder-Policy: unsafe-none&#xD;
  Cross-Origin-Opener-Policy: same-origin&#xD;
  Cross-Origin-Resource-Policy: cross-origin&#xD;
  permissions-policy: geolocation=(), midi=(), sync-xhr=(), microphone=(), camera=(), magnetometer=(), gyroscope=(), fullscreen=(), payment=()&#xD;
  Referrer-Policy: no-referrer&#xD;
  X-Content-Type-Options: nosniff&#xD;
  X-Frame-Options: DENY&#xD;
  X-Permitted-Cross-Domain-Policies: none&#xD;
  X-XSS-Protection: 1; mode=block&#xD;
  X-UA-Compatible: IE=Edge&#xD;
  Strict-Transport-Security: max-age=31536000&#xD;
  X-Correlation-ID: 65d1c176-ecb4-4b03-87d0-274e315517ca&#xD;
Response body:&#xD;
{&#xD;
  "id": "22fd3f4e-b239-479a-9d10-23d41bd380a9"&#xD;
}&#xD;
=================================&#xD;
========= cURL request =========&#xD;
curl -k -X GET "https://localhost:5001/dtros/22fd3f4e-b239-479a-9d10-23d41bd380a9" -H "x-App-Id: 25a856e0-6409-46a6-bae8-dc92dc0d19fd"&#xD;
================================&#xD;
========= HTTP response =========&#xD;
Response status code: OK&#xD;
Response headers:&#xD;
  Date: Fri, 28 Feb 2025 10:34:08 GMT&#xD;
  Server: Kestrel&#xD;
  Cache-Control: no-store, must-revalidate, no-cache&#xD;
  Pragma: no-cache&#xD;
  Cross-Origin-Embedder-Policy: unsafe-none&#xD;
  Cross-Origin-Opener-Policy: same-origin&#xD;
  Cross-Origin-Resource-Policy: cross-origin&#xD;
  permissions-policy: geolocation=(), midi=(), sync-xhr=(), microphone=(), camera=(), magnetometer=(), gyroscope=(), fullscreen=(), payment=()&#xD;
  Referrer-Policy: no-referrer&#xD;
  X-Content-Type-Options: nosniff&#xD;
  X-Frame-Options: DENY&#xD;
  X-Permitted-Cross-Domain-Policies: none&#xD;
  X-XSS-Protection: 1; mode=block&#xD;
  X-UA-Compatible: IE=Edge&#xD;
  Strict-Transport-Security: max-age=31536000&#xD;
  X-Correlation-ID: 423a9f58-9789-4026-adbb-888de40158f9&#xD;
Response body:&#xD;
{&#xD;
  "id": "22fd3f4e-b239-479a-9d10-23d41bd380a9",&#xD;
  "schemaVersion": "3.3.1",&#xD;
  "data": {&#xD;
    "source": {&#xD;
      "section": "All sections",&#xD;
      "troName": "DfT Example - TTRO height restriction with multiple conditions v2, Nov. 2024",&#xD;
      "provision": [&#xD;
        {&#xD;
          "reference": "c962b51f-e1aa-416e-8f0b-aefe39a4c099",&#xD;
          "regulation": [&#xD;
            {&#xD;
              "timeZone": "Europe/London",&#xD;
              "isDynamic": false,&#xD;
              "conditionSet": [&#xD;
                {&#xD;
                  "operator": "and",&#xD;
                  "conditions": [&#xD;
                    {&#xD;
                      "negate": false,&#xD;
                      "timeValidity": {&#xD;
                        "end": "2024-08-22T20:00:00",&#xD;
                        "start": "2024-08-22T08:00:00"&#xD;
                      }&#xD;
                    },&#xD;
                    {&#xD;
                      "negate": false,&#xD;
                      "vehicleCharacteristics": {&#xD;
                        "maximumHeightCharacteristic": {&#xD;
                          "vehicleHeight": 2.5&#xD;
                        }&#xD;
                      }&#xD;
                    }&#xD;
                  ]&#xD;
                }&#xD;
              ],&#xD;
              "generalRegulation": {&#xD;
                "regulationType": "dimensionMaximumHeightWithTRO"&#xD;
              }&#xD;
            }&#xD;
          ],&#xD;
          "actionType": "new",&#xD;
          "regulatedPlace": [&#xD;
            {&#xD;
              "type": "regulationLocation",&#xD;
              "description": "East Reach - Taunton",&#xD;
              "pointGeometry": {&#xD;
                "point": "SRID=27700;POINT(323544 124622)",&#xD;
                "version": 1,&#xD;
                "representation": "centreLinePoint",&#xD;
                "externalReference": [&#xD;
                  {&#xD;
                    "lastUpdateDate": "2024-08-01T00:00:00",&#xD;
                    "uniqueStreetReferenceNumber": [&#xD;
                      {&#xD;
                        "usrn": 39608173&#xD;
                      }&#xD;
                    ]&#xD;
                  }&#xD;
                ]&#xD;
              }&#xD;
            }&#xD;
          ],&#xD;
          "orderReportingPoint": "ttroTtmoNoticeOfIntention",&#xD;
          "provisionDescription": "Temporary height restriction (2.5m)"&#xD;
        }&#xD;
      ],&#xD;
      "reference": "c962b51f-e1aa-416e-8f0b-aefe39a4c099",&#xD;
      "actionType": "new",&#xD;
      "traCreator": 995018663,&#xD;
      "traAffected": [&#xD;
        995018663&#xD;
      ],&#xD;
      "currentTraOwner": 995018663&#xD;
    }&#xD;
  }&#xD;
}&#xD;
=================================&#xD;
Comparing JSON...&#xD;
{&#xD;
  "data": {&#xD;
    "source": {&#xD;
      "actiontype": "new",&#xD;
      "currenttraowner": 995018663,&#xD;
      "provision": [&#xD;
        {&#xD;
          "actiontype": "new",&#xD;
          "orderreportingpoint": "ttrottmonoticeofintention",&#xD;
          "provisiondescription": "temporary height restriction (2.5m)",&#xD;
          "reference": "c962b51f-e1aa-416e-8f0b-aefe39a4c099",&#xD;
          "regulatedplace": [&#xD;
            {&#xD;
              "description": "east reach - taunton",&#xD;
              "pointgeometry": {&#xD;
                "externalreference": [&#xD;
                  {&#xD;
                    "lastupdatedate": "2024-08-01t00:00:00",&#xD;
                    "uniquestreetreferencenumber": [&#xD;
                      {&#xD;
                        "usrn": 39608173&#xD;
                      }&#xD;
                    ]&#xD;
                  }&#xD;
                ],&#xD;
                "point": "srid=27700;point(323544 124622)",&#xD;
                "representation": "centrelinepoint",&#xD;
                "version": 1&#xD;
              },&#xD;
              "type": "regulationlocation"&#xD;
            }&#xD;
          ],&#xD;
          "regulation": [&#xD;
            {&#xD;
              "conditionset": [&#xD;
                {&#xD;
                  "conditions": [&#xD;
                    {&#xD;
                      "negate": false,&#xD;
                      "timevalidity": {&#xD;
                        "end": "2024-08-22t20:00:00",&#xD;
                        "start": "2024-08-22t08:00:00"&#xD;
                      }&#xD;
                    },&#xD;
                    {&#xD;
                      "negate": false,&#xD;
                      "vehiclecharacteristics": {&#xD;
                        "maximumheightcharacteristic": {&#xD;
                          "vehicleheight": 2.5&#xD;
                        }&#xD;
                      }&#xD;
                    }&#xD;
                  ],&#xD;
                  "operator": "and"&#xD;
                }&#xD;
              ],&#xD;
              "generalregulation": {&#xD;
                "regulationtype": "dimensionmaximumheightwithtro"&#xD;
              },&#xD;
              "isdynamic": false,&#xD;
              "timezone": "europe/london"&#xD;
            }&#xD;
          ]&#xD;
        }&#xD;
      ],&#xD;
      "reference": "c962b51f-e1aa-416e-8f0b-aefe39a4c099",&#xD;
      "section": "all sections",&#xD;
      "traaffected": [&#xD;
        995018663&#xD;
      ],&#xD;
      "tracreator": 995018663,&#xD;
      "troname": "dft example - ttro height restriction with multiple conditions v2, nov. 2024"&#xD;
    }&#xD;
  },&#xD;
  "id": "22fd3f4e-b239-479a-9d10-23d41bd380a9",&#xD;
  "schemaversion": "3.3.1"&#xD;
}&#xD;
JSONs match!&#xD;
Global async teardown after each test...&#xD;
Do before each test...&#xD;
========= cURL request =========&#xD;
curl -k -X GET "https://localhost:5001/dtroUsers" -H "x-App-Id: 8c5dd928-2c6b-4104-a000-283f8b366cf2"&#xD;
================================&#xD;
========= HTTP response =========&#xD;
Response status code: OK&#xD;
Response headers:&#xD;
  Date: Fri, 28 Feb 2025 10:34:08 GMT&#xD;
  Server: Kestrel&#xD;
  Cache-Control: no-store, must-revalidate, no-cache&#xD;
  Pragma: no-cache&#xD;
  Cross-Origin-Embedder-Policy: unsafe-none&#xD;
  Cross-Origin-Opener-Policy: same-origin&#xD;
  Cross-Origin-Resource-Policy: cross-origin&#xD;
  permissions-policy: geolocation=(), midi=(), sync-xhr=(), microphone=(), camera=(), magnetometer=(), gyroscope=(), fullscreen=(), payment=()&#xD;
  Referrer-Policy: no-referrer&#xD;
  X-Content-Type-Options: nosniff&#xD;
  X-Frame-Options: DENY&#xD;
  X-Permitted-Cross-Domain-Policies: none&#xD;
  X-XSS-Protection: 1; mode=block&#xD;
  X-UA-Compatible: IE=Edge&#xD;
  Strict-Transport-Security: max-age=31536000&#xD;
  X-Correlation-ID: 8da4785e-ee24-4831-a676-84bc31af062b&#xD;
Response body:&#xD;
[&#xD;
  {&#xD;
    "id": "aedc663b-b833-4bbd-b83e-475dfb5eee44",&#xD;
    "xAppId": "25a856e0-6409-46a6-bae8-dc92dc0d19fd",&#xD;
    "traId": 995018663,&#xD;
    "name": "A Publisher / Tra",&#xD;
    "prefix": "AB",&#xD;
    "userGroup": "tra"&#xD;
  }&#xD;
]&#xD;
=================================&#xD;
========= cURL request =========&#xD;
curl -k -X DELETE "https://localhost:5001/dtroUsers/redundant" -H "x-App-Id: 8c5dd928-2c6b-4104-a000-283f8b366cf2" -H "Content-Type: application/json" -d "{\"ids\":[\"aedc663b-b833-4bbd-b83e-475dfb5eee44\"]}"&#xD;
================================&#xD;
========= HTTP response =========&#xD;
Response status code: OK&#xD;
Response headers:&#xD;
  Date: Fri, 28 Feb 2025 10:34:09 GMT&#xD;
  Server: Kestrel&#xD;
  Cache-Control: no-store, must-revalidate, no-cache&#xD;
  Pragma: no-cache&#xD;
  Cross-Origin-Embedder-Policy: unsafe-none&#xD;
  Cross-Origin-Opener-Policy: same-origin&#xD;
  Cross-Origin-Resource-Policy: cross-origin&#xD;
  permissions-policy: geolocation=(), midi=(), sync-xhr=(), microphone=(), camera=(), magnetometer=(), gyroscope=(), fullscreen=(), payment=()&#xD;
  Referrer-Policy: no-referrer&#xD;
  X-Content-Type-Options: nosniff&#xD;
  X-Frame-Options: DENY&#xD;
  X-Permitted-Cross-Domain-Policies: none&#xD;
  X-XSS-Protection: 1; mode=block&#xD;
  X-UA-Compatible: IE=Edge&#xD;
  Strict-Transport-Security: max-age=31536000&#xD;
  X-Correlation-ID: ac5b1ae6-0e7f-4ed0-bc78-446331a8c31e&#xD;
Response body:&#xD;
true&#xD;
=================================&#xD;
Dtros table truncated successfully!&#xD;
Testing with file JSON-3.3.1-example-TTRO-RatesExample.json...&#xD;
App ID: bcc0bd7d-d980-4e07-b04e-fc5cfc27bc3d&#xD;
TRA ID: 999022060&#xD;
Group ID: 1&#xD;
========= cURL request =========&#xD;
curl -k -X POST "https://localhost:5001/dtroUsers/createFromBody" -H "x-App-Id: 1a75f1cf-5899-4479-8d0b-34d92623679f" -H "Content-Type: application/json" -d "{\r    \"id\": \"26fc4211-fa5b-442b-9978-fda7b1109a3c\",\r    \"traId\": 999022060,\r    \"name\": \"A publisher / TRA\",\r    \"prefix\": \"AB\",\r    \"userGroup\": 1,\r    \"xAppId\": \"1a75f1cf-5899-4479-8d0b-34d92623679f\"\r}"&#xD;
================================&#xD;
========= HTTP response =========&#xD;
Response status code: Created&#xD;
Response headers:&#xD;
  Date: Fri, 28 Feb 2025 10:34:09 GMT&#xD;
  Server: Kestrel&#xD;
  Cache-Control: no-store, must-revalidate, no-cache&#xD;
  Location: https://localhost:5001/dtroUsers/createFromBody?id=25d68434-5884-4946-8023-079b64774078&#xD;
  Pragma: no-cache&#xD;
  Cross-Origin-Embedder-Policy: unsafe-none&#xD;
  Cross-Origin-Opener-Policy: same-origin&#xD;
  Cross-Origin-Resource-Policy: cross-origin&#xD;
  permissions-policy: geolocation=(), midi=(), sync-xhr=(), microphone=(), camera=(), magnetometer=(), gyroscope=(), fullscreen=(), payment=()&#xD;
  Referrer-Policy: no-referrer&#xD;
  X-Content-Type-Options: nosniff&#xD;
  X-Frame-Options: DENY&#xD;
  X-Permitted-Cross-Domain-Policies: none&#xD;
  X-XSS-Protection: 1; mode=block&#xD;
  X-UA-Compatible: IE=Edge&#xD;
  Strict-Transport-Security: max-age=31536000&#xD;
  X-Correlation-ID: fc80df80-be9f-4827-b0d7-5782d9408ef7&#xD;
Response body:&#xD;
{&#xD;
  "id": "25d68434-5884-4946-8023-079b64774078"&#xD;
}&#xD;
=================================&#xD;
========= cURL request =========&#xD;
curl -k -X POST "https://localhost:5001/dtros/createFromBody" -H "x-App-Id: 1a75f1cf-5899-4479-8d0b-34d92623679f" -H "Content-Type: application/json" -d "{\r  \"schemaVersion\": \"3.3.1\",\r  \"data\": {\r    \"Source\": {\r      \"_comment\": \"DfT example D-TRO, multiple provisions, multiple conditions, TemporaryRegulation, OffListRegulation, Permits, Rates\",\r      \"actionType\": \"new\",\r      \"currentTraOwner\": 999022060,\r      \"Provision\": [\r        {\r          \"_comment\": \"Provision 1: Permanent TRO - parking controls, with day - time restrictions, rate table\",\r          \"actionType\": \"new\",\r          \"orderReportingPoint\": \"permanentNoticeOfMaking\",\r          \"provisionDescription\": \"Parking restrictions, East Reach, Pay &amp; Display Parking Places - Monday to Sunday 9.00 am to 8.00 pm\",\r          \"reference\": \"c962b51f-e1aa-416e-8f0b-aefe39a4c099\",\r          \"RegulatedPlace\": [\r            {\r              \"description\": \"East Reach, Taunton, northside / eastbound, between 10 metres east from the junction with Tancred Street to 15 metres west of the junction with South Street {approximate - linear}\",\r              \"DirectedLinear\": {\r                \"directedLineString\": \"SRID=27700;LINESTRING(323158 124529,323252 124546)\",\r                \"ExternalReference\": [\r                  {\r                    \"lastUpdateDate\": \"2024-10-01T00:00:00\",\r                    \"UniqueStreetReferenceNumber\": [\r                      {\r                        \"usrn\": 39608173\r                      }\r                    ]\r                  }\r                ],\r                \"version\": 1\r              },\r              \"type\": \"regulationLocation\"\r            }\r          ],\r          \"Regulation\": [\r            {\r              \"ConditionSet\": [\r                {\r                  \"operator\": \"and\",\r                  \"ConditionSet\": [\r                    {\r                      \"operator\": \"or\",\r                      \"conditions\": [\r                        {\r                          \"negate\": false,\r                          \"VehicleCharacteristics\": {\r                            \"vehicleType\": \"car\"\r                          }\r                        },\r                        {\r                          \"negate\": true,\r                          \"VehicleCharacteristics\": {\r                            \"vehicleType\": \"caravan\"\r                          }\r                        },\r                        {\r                          \"negate\": true,\r                          \"VehicleCharacteristics\": {\r                            \"vehicleType\": \"vehicleWithTrailer\"\r                          }\r                        }\r                      ]\r                    }\r                  ],\r                  \"Condition\": [\r                    {\r                      \"negate\": false,\r                      \"TimeValidity\": {\r                        \"start\": \"2024-09-22T08:00:00\",\r                        \"validPeriod\": [\r                          {\r                            \"recurringDayWeekMonthPeriod\": [\r                              {\r                                \"applicableDay\": [\r                                  \"monday\",\r                                  \"tuesday\",\r                                  \"wednesday\",\r                                  \"thursday\",\r                                  \"friday\",\r                                  \"saturday\",\r                                  \"sunday\"\r                                ]\r                              }\r                            ],\r                            \"recurringTimePeriodOfDay\": [\r                              {\r                                \"startTimeOfPeriod\": \"09:00:00\",\r                                \"endTimeOfPeriod\": \"20:00:00\"\r                              }\r                            ]\r                          }\r                        ],\r                        \"exceptionPeriod\": [\r                          {\r                            \"recurringSpecialDay\": [\r                              {\r                                \"intersectWithApplicableDays\": true,\r                                \"specialDayType\": \"publicHoliday\"\r                              }\r                            ]\r                          }\r                        ]\r                      }\r                    }\r                  ]\r                }\r              ],\r              \"RateTable\": {\r                \"_comment\": \"trial rates table, with increments �1 first hour, �2 cumulative for first two hours, �7.20 thereafter, between 9am and 8pm\",\r                \"additionalInformation\": \"http://www.somewhere.something.gov.uk\",\r                \"type\": \"hourly\",\r                \"RateLineCollection\": [\r                  {\r                    \"applicableCurrency\": \"GBP\",\r                    \"maxTime\": 660,\r                    \"maxValueCollection\": 7.2,\r                    \"minTime\": 60,\r                    \"minValueCollection\": 1.0,\r                    \"RateLine\": [\r                      {\r                        \"durationEnd\": 59,\r                        \"durationStart\": 1,\r                        \"incrementPeriod\": 58,\r                        \"maxValue\": 7.2,\r                        \"minValue\": 1,\r                        \"sequence\": 1,\r                        \"type\": \"flatRateTier\",\r                        \"usageCondition\": \"fixedDuration\",\r                        \"value\": 1\r                      },\r                      {\r                        \"durationEnd\": 119,\r                        \"durationStart\": 60,\r                        \"incrementPeriod\": 59,\r                        \"maxValue\": 7.2,\r                        \"minValue\": 2,\r                        \"sequence\": 2,\r                        \"type\": \"flatRateTier\",\r                        \"usageCondition\": \"fixedDuration\",\r                        \"value\": 1\r                      },\r                      {\r                        \"durationEnd\": 660,\r                        \"durationStart\": 120,\r                        \"incrementPeriod\": 540,\r                        \"maxValue\": 7.2,\r                        \"minValue\": 2,\r                        \"sequence\": 3,\r                        \"type\": \"flatRateTier\",\r                        \"usageCondition\": \"fixedDuration\",\r                        \"value\": 5.2\r                      }\r                    ],\r                    \"resetTime\": \"20:00:00\",\r                    \"sequence\": 1,\r                    \"startValidUsagePeriod\": \"2024-12-10T09:00:00\"\r                  }\r                ]\r              },\r              \"GeneralRegulation\": {\r                \"regulationType\": \"kerbsidePaymentParkingPlace\"\r              },\r              \"isDynamic\": false,\r              \"timeZone\": \"Europe/London\"\r            }\r          ]\r        },\r        {\r          \"_comment\": \"Provision 2: Permanent TRO - parking controls, with day - time restrictions, rate table\",\r          \"actionType\": \"new\",\r          \"orderReportingPoint\": \"permanentNoticeOfMaking\",\r          \"provisionDescription\": \"Parking restrictions, East Reach, southside / westbound, Pay &amp; Display Parking Places - Monday to Friday 8.00 am to 6.00 pm\",\r          \"reference\": \"c962b51f-e1aa-416e-8f0b-aefe39a4c098\",\r          \"RegulatedPlace\": [\r            {\r              \"description\": \"East Reach, Taunton, southside / westbound, between 15 metres west from the junction with Victoria Street to 23 metres east of the junction with Haydon Road {approximate - linear}\",\r              \"LinearGeometry\": {\r                \"direction\": \"startToEnd\",\r                \"ExternalReference\": [\r                  {\r                    \"lastUpdateDate\": \"2024-10-01T00:00:00\",\r                    \"UniqueStreetReferenceNumber\": [\r                      {\r                        \"nsgStreetName\": \"East Reach\",\r                        \"nsgStreetNumber\": \"A38\",\r                        \"usrn\": 39608173\r                      }\r                    ]\r                  }\r                ],\r                \"lateralPosition\": \"onKerb\",\r                \"linestring\": \"SRID=27700;LINESTRING(323549 124618,323478 124594,323381 124569)\",\r                \"representation\": \"linear\",\r                \"version\": 1\r              },\r              \"type\": \"regulationLocation\"\r            }\r          ],\r          \"Regulation\": [\r            {\r              \"Condition\": [\r                {\r                  \"negate\": false,\r                  \"TimeValidity\": {\r                    \"start\": \"2024-09-22T08:00:00\",\r                    \"validPeriod\": [\r                      {\r                        \"recurringDayWeekMonthPeriod\": [\r                          {\r                            \"applicableDay\": [\r                              \"monday\",\r                              \"tuesday\",\r                              \"wednesday\",\r                              \"thursday\",\r                              \"friday\"\r                            ]\r                          }\r                        ],\r                        \"recurringTimePeriodOfDay\": [\r                          {\r                            \"startTimeOfPeriod\": \"08:00:00\",\r                            \"endTimeOfPeriod\": \"18:00:00\"\r                          }\r                        ]\r                      }\r                    ],\r                    \"exceptionPeriod\": [\r                      {\r                        \"recurringSpecialDay\": [\r                          {\r                            \"intersectWithApplicableDays\": true,\r                            \"specialDayType\": \"publicHoliday\"\r                          }\r                        ]\r                      }\r                    ]\r                  }\r                }\r              ],\r              \"RateTable\": {\r                \"_comment\": \"trial rates table, with increments �1 first hour, �2 cumulative for first two hours, �7.20 thereafter, between 9am and 8pm\",\r                \"additionalInformation\": \"http://www.somewhere.something.gov.uk\",\r                \"type\": \"hourly\",\r                \"RateLineCollection\": [\r                  {\r                    \"applicableCurrency\": \"GBP\",\r                    \"maxTime\": 660,\r                    \"maxValueCollection\": 7.2,\r                    \"minTime\": 60,\r                    \"minValueCollection\": 1.0,\r                    \"RateLine\": [\r                      {\r                        \"durationEnd\": 59,\r                        \"durationStart\": 1,\r                        \"incrementPeriod\": 58,\r                        \"maxValue\": 7.2,\r                        \"minValue\": 1,\r                        \"sequence\": 1,\r                        \"type\": \"flatRateTier\",\r                        \"usageCondition\": \"fixedDuration\",\r                        \"value\": 1\r                      },\r                      {\r                        \"durationEnd\": 119,\r                        \"durationStart\": 60,\r                        \"incrementPeriod\": 59,\r                        \"maxValue\": 7.2,\r                        \"minValue\": 2,\r                        \"sequence\": 2,\r                        \"type\": \"flatRateTier\",\r                        \"usageCondition\": \"fixedDuration\",\r                        \"value\": 1\r                      },\r                      {\r                        \"durationEnd\": 660,\r                        \"durationStart\": 120,\r                        \"incrementPeriod\": 540,\r                        \"maxValue\": 7.2,\r                        \"minValue\": 2,\r                        \"sequence\": 3,\r                        \"type\": \"flatRateTier\",\r                        \"usageCondition\": \"fixedDuration\",\r                        \"value\": 5.2\r                      }\r                    ],\r                    \"resetTime\": \"18:00:00\",\r                    \"sequence\": 1,\r                    \"startValidUsagePeriod\": \"2024-12-10T08:00:00\"\r                  }\r                ]\r              },\r              \"GeneralRegulation\": {\r                \"regulationType\": \"kerbsidePaymentParkingPlace\"\r              },\r              \"isDynamic\": false,\r              \"timeZone\": \"Europe/London\"\r            }\r          ]\r        }\r      ],\r      \"reference\": \"abc\",\r      \"section\": \"All sections\",\r      \"traAffected\": [\r        999022060\r      ],\r      \"traCreator\": 999022060,\r      \"troName\": \"DfT Example - Rates example v1, Jan. 2025\"\r    }\r  }\r}"&#xD;
================================&#xD;
========= HTTP response =========&#xD;
Response status code: Created&#xD;
Response headers:&#xD;
  Date: Fri, 28 Feb 2025 10:34:09 GMT&#xD;
  Server: Kestrel&#xD;
  Cache-Control: no-store, must-revalidate, no-cache&#xD;
  Location: https://localhost:5001/dtros/1dfefc96-f9ac-4772-b5d5-e18743984db2&#xD;
  Pragma: no-cache&#xD;
  Cross-Origin-Embedder-Policy: unsafe-none&#xD;
  Cross-Origin-Opener-Policy: same-origin&#xD;
  Cross-Origin-Resource-Policy: cross-origin&#xD;
  permissions-policy: geolocation=(), midi=(), sync-xhr=(), microphone=(), camera=(), magnetometer=(), gyroscope=(), fullscreen=(), payment=()&#xD;
  Referrer-Policy: no-referrer&#xD;
  X-Content-Type-Options: nosniff&#xD;
  X-Frame-Options: DENY&#xD;
  X-Permitted-Cross-Domain-Policies: none&#xD;
  X-XSS-Protection: 1; mode=block&#xD;
  X-UA-Compatible: IE=Edge&#xD;
  Strict-Transport-Security: max-age=31536000&#xD;
  X-Correlation-ID: fcd961d0-0d53-490f-8e55-aa78db05fef0&#xD;
Response body:&#xD;
{&#xD;
  "id": "1dfefc96-f9ac-4772-b5d5-e18743984db2"&#xD;
}&#xD;
=================================&#xD;
========= cURL request =========&#xD;
curl -k -X GET "https://localhost:5001/dtros/1dfefc96-f9ac-4772-b5d5-e18743984db2" -H "x-App-Id: 1a75f1cf-5899-4479-8d0b-34d92623679f"&#xD;
================================&#xD;
========= HTTP response =========&#xD;
Response status code: OK&#xD;
Response headers:&#xD;
  Date: Fri, 28 Feb 2025 10:34:09 GMT&#xD;
  Server: Kestrel&#xD;
  Cache-Control: no-store, must-revalidate, no-cache&#xD;
  Pragma: no-cache&#xD;
  Cross-Origin-Embedder-Policy: unsafe-none&#xD;
  Cross-Origin-Opener-Policy: same-origin&#xD;
  Cross-Origin-Resource-Policy: cross-origin&#xD;
  permissions-policy: geolocation=(), midi=(), sync-xhr=(), microphone=(), camera=(), magnetometer=(), gyroscope=(), fullscreen=(), payment=()&#xD;
  Referrer-Policy: no-referrer&#xD;
  X-Content-Type-Options: nosniff&#xD;
  X-Frame-Options: DENY&#xD;
  X-Permitted-Cross-Domain-Policies: none&#xD;
  X-XSS-Protection: 1; mode=block&#xD;
  X-UA-Compatible: IE=Edge&#xD;
  Strict-Transport-Security: max-age=31536000&#xD;
  X-Correlation-ID: 657e67a4-8872-4050-9a6c-b87fd9696d5f&#xD;
Response body:&#xD;
{&#xD;
  "id": "1dfefc96-f9ac-4772-b5d5-e18743984db2",&#xD;
  "schemaVersion": "3.3.1",&#xD;
  "data": {&#xD;
    "source": {&#xD;
      "section": "All sections",&#xD;
      "troName": "DfT Example - Rates example v1, Jan. 2025",&#xD;
      "_comment": "DfT example D-TRO, multiple provisions, multiple conditions, TemporaryRegulation, OffListRegulation, Permits, Rates",&#xD;
      "provision": [&#xD;
        {&#xD;
          "_comment": "Provision 1: Permanent TRO - parking controls, with day - time restrictions, rate table",&#xD;
          "reference": "c962b51f-e1aa-416e-8f0b-aefe39a4c099",&#xD;
          "regulation": [&#xD;
            {&#xD;
              "timeZone": "Europe/London",&#xD;
              "rateTable": {&#xD;
                "type": "hourly",&#xD;
                "_comment": "trial rates table, with increments \u00A31 first hour, \u00A32 cumulative for first two hours, \u00A37.20 thereafter, between 9am and 8pm",&#xD;
                "rateLineCollection": [&#xD;
                  {&#xD;
                    "maxTime": 660,&#xD;
                    "minTime": 60,&#xD;
                    "rateLine": [&#xD;
                      {&#xD;
                        "type": "flatRateTier",&#xD;
                        "value": 1,&#xD;
                        "maxValue": 7.2,&#xD;
                        "minValue": 1,&#xD;
                        "sequence": 1,&#xD;
                        "durationEnd": 59,&#xD;
                        "durationStart": 1,&#xD;
                        "usageCondition": "fixedDuration",&#xD;
                        "incrementPeriod": 58&#xD;
                      },&#xD;
                      {&#xD;
                        "type": "flatRateTier",&#xD;
                        "value": 1,&#xD;
                        "maxValue": 7.2,&#xD;
                        "minValue": 2,&#xD;
                        "sequence": 2,&#xD;
                        "durationEnd": 119,&#xD;
                        "durationStart": 60,&#xD;
                        "usageCondition": "fixedDuration",&#xD;
                        "incrementPeriod": 59&#xD;
                      },&#xD;
                      {&#xD;
                        "type": "flatRateTier",&#xD;
                        "value": 5.2,&#xD;
                        "maxValue": 7.2,&#xD;
                        "minValue": 2,&#xD;
                        "sequence": 3,&#xD;
                        "durationEnd": 660,&#xD;
                        "durationStart": 120,&#xD;
                        "usageCondition": "fixedDuration",&#xD;
                        "incrementPeriod": 540&#xD;
                      }&#xD;
                    ],&#xD;
                    "sequence": 1,&#xD;
                    "resetTime": "20:00:00",&#xD;
                    "applicableCurrency": "GBP",&#xD;
                    "maxValueCollection": 7.2,&#xD;
                    "minValueCollection": 1.0,&#xD;
                    "startValidUsagePeriod": "2024-12-10T09:00:00"&#xD;
                  }&#xD;
                ],&#xD;
                "additionalInformation": "http://www.somewhere.something.gov.uk"&#xD;
              },&#xD;
              "isDynamic": false,&#xD;
              "conditionSet": [&#xD;
                {&#xD;
                  "operator": "and",&#xD;
                  "condition": [&#xD;
                    {&#xD;
                      "negate": false,&#xD;
                      "timeValidity": {&#xD;
                        "start": "2024-09-22T08:00:00",&#xD;
                        "validPeriod": [&#xD;
                          {&#xD;
                            "recurringTimePeriodOfDay": [&#xD;
                              {&#xD;
                                "endTimeOfPeriod": "20:00:00",&#xD;
                                "startTimeOfPeriod": "09:00:00"&#xD;
                              }&#xD;
                            ],&#xD;
                            "recurringDayWeekMonthPeriod": [&#xD;
                              {&#xD;
                                "applicableDay": [&#xD;
                                  "monday",&#xD;
                                  "tuesday",&#xD;
                                  "wednesday",&#xD;
                                  "thursday",&#xD;
                                  "friday",&#xD;
                                  "saturday",&#xD;
                                  "sunday"&#xD;
                                ]&#xD;
                              }&#xD;
                            ]&#xD;
                          }&#xD;
                        ],&#xD;
                        "exceptionPeriod": [&#xD;
                          {&#xD;
                            "recurringSpecialDay": [&#xD;
                              {&#xD;
                                "specialDayType": "publicHoliday",&#xD;
                                "intersectWithApplicableDays": true&#xD;
                              }&#xD;
                            ]&#xD;
                          }&#xD;
                        ]&#xD;
                      }&#xD;
                    }&#xD;
                  ],&#xD;
                  "conditionSet": [&#xD;
                    {&#xD;
                      "operator": "or",&#xD;
                      "conditions": [&#xD;
                        {&#xD;
                          "negate": false,&#xD;
                          "vehicleCharacteristics": {&#xD;
                            "vehicleType": "car"&#xD;
                          }&#xD;
                        },&#xD;
                        {&#xD;
                          "negate": true,&#xD;
                          "vehicleCharacteristics": {&#xD;
                            "vehicleType": "caravan"&#xD;
                          }&#xD;
                        },&#xD;
                        {&#xD;
                          "negate": true,&#xD;
                          "vehicleCharacteristics": {&#xD;
                            "vehicleType": "vehicleWithTrailer"&#xD;
                          }&#xD;
                        }&#xD;
                      ]&#xD;
                    }&#xD;
                  ]&#xD;
                }&#xD;
              ],&#xD;
              "generalRegulation": {&#xD;
                "regulationType": "kerbsidePaymentParkingPlace"&#xD;
              }&#xD;
            }&#xD;
          ],&#xD;
          "actionType": "new",&#xD;
          "regulatedPlace": [&#xD;
            {&#xD;
              "type": "regulationLocation",&#xD;
              "description": "East Reach, Taunton, northside / eastbound, between 10 metres east from the junction with Tancred Street to 15 metres west of the junction with South Street {approximate - linear}",&#xD;
              "directedLinear": {&#xD;
                "version": 1,&#xD;
                "externalReference": [&#xD;
                  {&#xD;
                    "lastUpdateDate": "2024-10-01T00:00:00",&#xD;
                    "uniqueStreetReferenceNumber": [&#xD;
                      {&#xD;
                        "usrn": 39608173&#xD;
                      }&#xD;
                    ]&#xD;
                  }&#xD;
                ],&#xD;
                "directedLineString": "SRID=27700;LINESTRING(323158 124529,323252 124546)"&#xD;
              }&#xD;
            }&#xD;
          ],&#xD;
          "orderReportingPoint": "permanentNoticeOfMaking",&#xD;
          "provisionDescription": "Parking restrictions, East Reach, Pay \u0026 Display Parking Places - Monday to Sunday 9.00 am to 8.00 pm"&#xD;
        },&#xD;
        {&#xD;
          "_comment": "Provision 2: Permanent TRO - parking controls, with day - time restrictions, rate table",&#xD;
          "reference": "c962b51f-e1aa-416e-8f0b-aefe39a4c098",&#xD;
          "regulation": [&#xD;
            {&#xD;
              "timeZone": "Europe/London",&#xD;
              "condition": [&#xD;
                {&#xD;
                  "negate": false,&#xD;
                  "timeValidity": {&#xD;
                    "start": "2024-09-22T08:00:00",&#xD;
                    "validPeriod": [&#xD;
                      {&#xD;
                        "recurringTimePeriodOfDay": [&#xD;
                          {&#xD;
                            "endTimeOfPeriod": "18:00:00",&#xD;
                            "startTimeOfPeriod": "08:00:00"&#xD;
                          }&#xD;
                        ],&#xD;
                        "recurringDayWeekMonthPeriod": [&#xD;
                          {&#xD;
                            "applicableDay": [&#xD;
                              "monday",&#xD;
                              "tuesday",&#xD;
                              "wednesday",&#xD;
                              "thursday",&#xD;
                              "friday"&#xD;
                            ]&#xD;
                          }&#xD;
                        ]&#xD;
                      }&#xD;
                    ],&#xD;
                    "exceptionPeriod": [&#xD;
                      {&#xD;
                        "recurringSpecialDay": [&#xD;
                          {&#xD;
                            "specialDayType": "publicHoliday",&#xD;
                            "intersectWithApplicableDays": true&#xD;
                          }&#xD;
                        ]&#xD;
                      }&#xD;
                    ]&#xD;
                  }&#xD;
                }&#xD;
              ],&#xD;
              "rateTable": {&#xD;
                "type": "hourly",&#xD;
                "_comment": "trial rates table, with increments \u00A31 first hour, \u00A32 cumulative for first two hours, \u00A37.20 thereafter, between 9am and 8pm",&#xD;
                "rateLineCollection": [&#xD;
                  {&#xD;
                    "maxTime": 660,&#xD;
                    "minTime": 60,&#xD;
                    "rateLine": [&#xD;
                      {&#xD;
                        "type": "flatRateTier",&#xD;
                        "value": 1,&#xD;
                        "maxValue": 7.2,&#xD;
                        "minValue": 1,&#xD;
                        "sequence": 1,&#xD;
                        "durationEnd": 59,&#xD;
                        "durationStart": 1,&#xD;
                        "usageCondition": "fixedDuration",&#xD;
                        "incrementPeriod": 58&#xD;
                      },&#xD;
                      {&#xD;
                        "type": "flatRateTier",&#xD;
                        "value": 1,&#xD;
                        "maxValue": 7.2,&#xD;
                        "minValue": 2,&#xD;
                        "sequence": 2,&#xD;
                        "durationEnd": 119,&#xD;
                        "durationStart": 60,&#xD;
                        "usageCondition": "fixedDuration",&#xD;
                        "incrementPeriod": 59&#xD;
                      },&#xD;
                      {&#xD;
                        "type": "flatRateTier",&#xD;
                        "value": 5.2,&#xD;
                        "maxValue": 7.2,&#xD;
                        "minValue": 2,&#xD;
                        "sequence": 3,&#xD;
                        "durationEnd": 660,&#xD;
                        "durationStart": 120,&#xD;
                        "usageCondition": "fixedDuration",&#xD;
                        "incrementPeriod": 540&#xD;
                      }&#xD;
                    ],&#xD;
                    "sequence": 1,&#xD;
                    "resetTime": "18:00:00",&#xD;
                    "applicableCurrency": "GBP",&#xD;
                    "maxValueCollection": 7.2,&#xD;
                    "minValueCollection": 1.0,&#xD;
                    "startValidUsagePeriod": "2024-12-10T08:00:00"&#xD;
                  }&#xD;
                ],&#xD;
                "additionalInformation": "http://www.somewhere.something.gov.uk"&#xD;
              },&#xD;
              "isDynamic": false,&#xD;
              "generalRegulation": {&#xD;
                "regulationType": "kerbsidePaymentParkingPlace"&#xD;
              }&#xD;
            }&#xD;
          ],&#xD;
          "actionType": "new",&#xD;
          "regulatedPlace": [&#xD;
            {&#xD;
              "type": "regulationLocation",&#xD;
              "description": "East Reach, Taunton, southside / westbound, between 15 metres west from the junction with Victoria Street to 23 metres east of the junction with Haydon Road {approximate - linear}",&#xD;
              "linearGeometry": {&#xD;
                "version": 1,&#xD;
                "direction": "startToEnd",&#xD;
                "linestring": "SRID=27700;LINESTRING(323549 124618,323478 124594,323381 124569)",&#xD;
                "representation": "linear",&#xD;
                "lateralPosition": "onKerb",&#xD;
                "externalReference": [&#xD;
                  {&#xD;
                    "lastUpdateDate": "2024-10-01T00:00:00",&#xD;
                    "uniqueStreetReferenceNumber": [&#xD;
                      {&#xD;
                        "usrn": 39608173,&#xD;
                        "nsgStreetName": "East Reach",&#xD;
                        "nsgStreetNumber": "A38"&#xD;
                      }&#xD;
                    ]&#xD;
                  }&#xD;
                ]&#xD;
              }&#xD;
            }&#xD;
          ],&#xD;
          "orderReportingPoint": "permanentNoticeOfMaking",&#xD;
          "provisionDescription": "Parking restrictions, East Reach, southside / westbound, Pay \u0026 Display Parking Places - Monday to Friday 8.00 am to 6.00 pm"&#xD;
        }&#xD;
      ],&#xD;
      "reference": "abc",&#xD;
      "actionType": "new",&#xD;
      "traCreator": 999022060,&#xD;
      "traAffected": [&#xD;
        999022060&#xD;
      ],&#xD;
      "currentTraOwner": 999022060&#xD;
    }&#xD;
  }&#xD;
}&#xD;
=================================&#xD;
Comparing JSON...&#xD;
{&#xD;
  "data": {&#xD;
    "source": {&#xD;
      "_comment": "dft example d-tro, multiple provisions, multiple conditions, temporaryregulation, offlistregulation, permits, rates",&#xD;
      "actiontype": "new",&#xD;
      "currenttraowner": 999022060,&#xD;
      "provision": [&#xD;
        {&#xD;
          "_comment": "provision 1: permanent tro - parking controls, with day - time restrictions, rate table",&#xD;
          "actiontype": "new",&#xD;
          "orderreportingpoint": "permanentnoticeofmaking",&#xD;
          "provisiondescription": "parking restrictions, east reach, pay &amp; display parking places - monday to sunday 9.00 am to 8.00 pm",&#xD;
          "reference": "c962b51f-e1aa-416e-8f0b-aefe39a4c099",&#xD;
          "regulatedplace": [&#xD;
            {&#xD;
              "description": "east reach, taunton, northside / eastbound, between 10 metres east from the junction with tancred street to 15 metres west of the junction with south street {approximate - linear}",&#xD;
              "directedlinear": {&#xD;
                "directedlinestring": "srid=27700;linestring(323158 124529,323252 124546)",&#xD;
                "externalreference": [&#xD;
                  {&#xD;
                    "lastupdatedate": "2024-10-01t00:00:00",&#xD;
                    "uniquestreetreferencenumber": [&#xD;
                      {&#xD;
                        "usrn": 39608173&#xD;
                      }&#xD;
                    ]&#xD;
                  }&#xD;
                ],&#xD;
                "version": 1&#xD;
              },&#xD;
              "type": "regulationlocation"&#xD;
            }&#xD;
          ],&#xD;
          "regulation": [&#xD;
            {&#xD;
              "conditionset": [&#xD;
                {&#xD;
                  "condition": [&#xD;
                    {&#xD;
                      "negate": false,&#xD;
                      "timevalidity": {&#xD;
                        "exceptionperiod": [&#xD;
                          {&#xD;
                            "recurringspecialday": [&#xD;
                              {&#xD;
                                "intersectwithapplicabledays": true,&#xD;
                                "specialdaytype": "publicholiday"&#xD;
                              }&#xD;
                            ]&#xD;
                          }&#xD;
                        ],&#xD;
                        "start": "2024-09-22t08:00:00",&#xD;
                        "validperiod": [&#xD;
                          {&#xD;
                            "recurringdayweekmonthperiod": [&#xD;
                              {&#xD;
                                "applicableday": [&#xD;
                                  "monday",&#xD;
                                  "tuesday",&#xD;
                                  "wednesday",&#xD;
                                  "thursday",&#xD;
                                  "friday",&#xD;
                                  "saturday",&#xD;
                                  "sunday"&#xD;
                                ]&#xD;
                              }&#xD;
                            ],&#xD;
                            "recurringtimeperiodofday": [&#xD;
                              {&#xD;
                                "endtimeofperiod": "20:00:00",&#xD;
                                "starttimeofperiod": "09:00:00"&#xD;
                              }&#xD;
                            ]&#xD;
                          }&#xD;
                        ]&#xD;
                      }&#xD;
                    }&#xD;
                  ],&#xD;
                  "conditionset": [&#xD;
                    {&#xD;
                      "conditions": [&#xD;
                        {&#xD;
                          "negate": false,&#xD;
                          "vehiclecharacteristics": {&#xD;
                            "vehicletype": "car"&#xD;
                          }&#xD;
                        },&#xD;
                        {&#xD;
                          "negate": true,&#xD;
                          "vehiclecharacteristics": {&#xD;
                            "vehicletype": "caravan"&#xD;
                          }&#xD;
                        },&#xD;
                        {&#xD;
                          "negate": true,&#xD;
                          "vehiclecharacteristics": {&#xD;
                            "vehicletype": "vehiclewithtrailer"&#xD;
                          }&#xD;
                        }&#xD;
                      ],&#xD;
                      "operator": "or"&#xD;
                    }&#xD;
                  ],&#xD;
                  "operator": "and"&#xD;
                }&#xD;
              ],&#xD;
              "generalregulation": {&#xD;
                "regulationtype": "kerbsidepaymentparkingplace"&#xD;
              },&#xD;
              "isdynamic": false,&#xD;
              "ratetable": {&#xD;
                "_comment": "trial rates table, with increments �1 first hour, �2 cumulative for first two hours, �7.20 thereafter, between 9am and 8pm",&#xD;
                "additionalinformation": "http://www.somewhere.something.gov.uk",&#xD;
                "ratelinecollection": [&#xD;
                  {&#xD;
                    "applicablecurrency": "gbp",&#xD;
                    "maxtime": 660,&#xD;
                    "maxvaluecollection": 7.2,&#xD;
                    "mintime": 60,&#xD;
                    "minvaluecollection": 1.0,&#xD;
                    "rateline": [&#xD;
                      {&#xD;
                        "durationend": 59,&#xD;
                        "durationstart": 1,&#xD;
                        "incrementperiod": 58,&#xD;
                        "maxvalue": 7.2,&#xD;
                        "minvalue": 1,&#xD;
                        "sequence": 1,&#xD;
                        "type": "flatratetier",&#xD;
                        "usagecondition": "fixedduration",&#xD;
                        "value": 1&#xD;
                      },&#xD;
                      {&#xD;
                        "durationend": 119,&#xD;
                        "durationstart": 60,&#xD;
                        "incrementperiod": 59,&#xD;
                        "maxvalue": 7.2,&#xD;
                        "minvalue": 2,&#xD;
                        "sequence": 2,&#xD;
                        "type": "flatratetier",&#xD;
                        "usagecondition": "fixedduration",&#xD;
                        "value": 1&#xD;
                      },&#xD;
                      {&#xD;
                        "durationend": 660,&#xD;
                        "durationstart": 120,&#xD;
                        "incrementperiod": 540,&#xD;
                        "maxvalue": 7.2,&#xD;
                        "minvalue": 2,&#xD;
                        "sequence": 3,&#xD;
                        "type": "flatratetier",&#xD;
                        "usagecondition": "fixedduration",&#xD;
                        "value": 5.2&#xD;
                      }&#xD;
                    ],&#xD;
                    "resettime": "20:00:00",&#xD;
                    "sequence": 1,&#xD;
                    "startvalidusageperiod": "2024-12-10t09:00:00"&#xD;
                  }&#xD;
                ],&#xD;
                "type": "hourly"&#xD;
              },&#xD;
              "timezone": "europe/london"&#xD;
            }&#xD;
          ]&#xD;
        },&#xD;
        {&#xD;
          "_comment": "provision 2: permanent tro - parking controls, with day - time restrictions, rate table",&#xD;
          "actiontype": "new",&#xD;
          "orderreportingpoint": "permanentnoticeofmaking",&#xD;
          "provisiondescription": "parking restrictions, east reach, southside / westbound, pay &amp; display parking places - monday to friday 8.00 am to 6.00 pm",&#xD;
          "reference": "c962b51f-e1aa-416e-8f0b-aefe39a4c098",&#xD;
          "regulatedplace": [&#xD;
            {&#xD;
              "description": "east reach, taunton, southside / westbound, between 15 metres west from the junction with victoria street to 23 metres east of the junction with haydon road {approximate - linear}",&#xD;
              "lineargeometry": {&#xD;
                "direction": "starttoend",&#xD;
                "externalreference": [&#xD;
                  {&#xD;
                    "lastupdatedate": "2024-10-01t00:00:00",&#xD;
                    "uniquestreetreferencenumber": [&#xD;
                      {&#xD;
                        "nsgstreetname": "east reach",&#xD;
                        "nsgstreetnumber": "a38",&#xD;
                        "usrn": 39608173&#xD;
                      }&#xD;
                    ]&#xD;
                  }&#xD;
                ],&#xD;
                "lateralposition": "onkerb",&#xD;
                "linestring": "srid=27700;linestring(323549 124618,323478 124594,323381 124569)",&#xD;
                "representation": "linear",&#xD;
                "version": 1&#xD;
              },&#xD;
              "type": "regulationlocation"&#xD;
            }&#xD;
          ],&#xD;
          "regulation": [&#xD;
            {&#xD;
              "condition": [&#xD;
                {&#xD;
                  "negate": false,&#xD;
                  "timevalidity": {&#xD;
                    "exceptionperiod": [&#xD;
                      {&#xD;
                        "recurringspecialday": [&#xD;
                          {&#xD;
                            "intersectwithapplicabledays": true,&#xD;
                            "specialdaytype": "publicholiday"&#xD;
                          }&#xD;
                        ]&#xD;
                      }&#xD;
                    ],&#xD;
                    "start": "2024-09-22t08:00:00",&#xD;
                    "validperiod": [&#xD;
                      {&#xD;
                        "recurringdayweekmonthperiod": [&#xD;
                          {&#xD;
                            "applicableday": [&#xD;
                              "monday",&#xD;
                              "tuesday",&#xD;
                              "wednesday",&#xD;
                              "thursday",&#xD;
                              "friday"&#xD;
                            ]&#xD;
                          }&#xD;
                        ],&#xD;
                        "recurringtimeperiodofday": [&#xD;
                          {&#xD;
                            "endtimeofperiod": "18:00:00",&#xD;
                            "starttimeofperiod": "08:00:00"&#xD;
                          }&#xD;
                        ]&#xD;
                      }&#xD;
                    ]&#xD;
                  }&#xD;
                }&#xD;
              ],&#xD;
              "generalregulation": {&#xD;
                "regulationtype": "kerbsidepaymentparkingplace"&#xD;
              },&#xD;
              "isdynamic": false,&#xD;
              "ratetable": {&#xD;
                "_comment": "trial rates table, with increments �1 first hour, �2 cumulative for first two hours, �7.20 thereafter, between 9am and 8pm",&#xD;
                "additionalinformation": "http://www.somewhere.something.gov.uk",&#xD;
                "ratelinecollection": [&#xD;
                  {&#xD;
                    "applicablecurrency": "gbp",&#xD;
                    "maxtime": 660,&#xD;
                    "maxvaluecollection": 7.2,&#xD;
                    "mintime": 60,&#xD;
                    "minvaluecollection": 1.0,&#xD;
                    "rateline": [&#xD;
                      {&#xD;
                        "durationend": 59,&#xD;
                        "durationstart": 1,&#xD;
                        "incrementperiod": 58,&#xD;
                        "maxvalue": 7.2,&#xD;
                        "minvalue": 1,&#xD;
                        "sequence": 1,&#xD;
                        "type": "flatratetier",&#xD;
                        "usagecondition": "fixedduration",&#xD;
                        "value": 1&#xD;
                      },&#xD;
                      {&#xD;
                        "durationend": 119,&#xD;
                        "durationstart": 60,&#xD;
                        "incrementperiod": 59,&#xD;
                        "maxvalue": 7.2,&#xD;
                        "minvalue": 2,&#xD;
                        "sequence": 2,&#xD;
                        "type": "flatratetier",&#xD;
                        "usagecondition": "fixedduration",&#xD;
                        "value": 1&#xD;
                      },&#xD;
                      {&#xD;
                        "durationend": 660,&#xD;
                        "durationstart": 120,&#xD;
                        "incrementperiod": 540,&#xD;
                        "maxvalue": 7.2,&#xD;
                        "minvalue": 2,&#xD;
                        "sequence": 3,&#xD;
                        "type": "flatratetier",&#xD;
                        "usagecondition": "fixedduration",&#xD;
                        "value": 5.2&#xD;
                      }&#xD;
                    ],&#xD;
                    "resettime": "18:00:00",&#xD;
                    "sequence": 1,&#xD;
                    "startvalidusageperiod": "2024-12-10t08:00:00"&#xD;
                  }&#xD;
                ],&#xD;
                "type": "hourly"&#xD;
              },&#xD;
              "timezone": "europe/london"&#xD;
            }&#xD;
          ]&#xD;
        }&#xD;
      ],&#xD;
      "reference": "abc",&#xD;
      "section": "all sections",&#xD;
      "traaffected": [&#xD;
        999022060&#xD;
      ],&#xD;
      "tracreator": 999022060,&#xD;
      "troname": "dft example - rates example v1, jan. 2025"&#xD;
    }&#xD;
  },&#xD;
  "id": "1dfefc96-f9ac-4772-b5d5-e18743984db2",&#xD;
  "schemaversion": "3.3.1"&#xD;
}&#xD;
JSONs match!&#xD;
Global async teardown after each test...&#xD;
Do before each test...&#xD;
========= cURL request =========&#xD;
curl -k -X GET "https://localhost:5001/dtroUsers" -H "x-App-Id: 8c5dd928-2c6b-4104-a000-283f8b366cf2"&#xD;
================================&#xD;
========= HTTP response =========&#xD;
Response status code: OK&#xD;
Response headers:&#xD;
  Date: Fri, 28 Feb 2025 10:34:09 GMT&#xD;
  Server: Kestrel&#xD;
  Cache-Control: no-store, must-revalidate, no-cache&#xD;
  Pragma: no-cache&#xD;
  Cross-Origin-Embedder-Policy: unsafe-none&#xD;
  Cross-Origin-Opener-Policy: same-origin&#xD;
  Cross-Origin-Resource-Policy: cross-origin&#xD;
  permissions-policy: geolocation=(), midi=(), sync-xhr=(), microphone=(), camera=(), magnetometer=(), gyroscope=(), fullscreen=(), payment=()&#xD;
  Referrer-Policy: no-referrer&#xD;
  X-Content-Type-Options: nosniff&#xD;
  X-Frame-Options: DENY&#xD;
  X-Permitted-Cross-Domain-Policies: none&#xD;
  X-XSS-Protection: 1; mode=block&#xD;
  X-UA-Compatible: IE=Edge&#xD;
  Strict-Transport-Security: max-age=31536000&#xD;
  X-Correlation-ID: e4116469-cde3-4ea5-b975-11c5afb945da&#xD;
Response body:&#xD;
[&#xD;
  {&#xD;
    "id": "25d68434-5884-4946-8023-079b64774078",&#xD;
    "xAppId": "1a75f1cf-5899-4479-8d0b-34d92623679f",&#xD;
    "traId": 999022060,&#xD;
    "name": "A Publisher / Tra",&#xD;
    "prefix": "AB",&#xD;
    "userGroup": "tra"&#xD;
  }&#xD;
]&#xD;
=================================&#xD;
========= cURL request =========&#xD;
curl -k -X DELETE "https://localhost:5001/dtroUsers/redundant" -H "x-App-Id: 8c5dd928-2c6b-4104-a000-283f8b366cf2" -H "Content-Type: application/json" -d "{\"ids\":[\"25d68434-5884-4946-8023-079b64774078\"]}"&#xD;
================================&#xD;
========= HTTP response =========&#xD;
Response status code: OK&#xD;
Response headers:&#xD;
  Date: Fri, 28 Feb 2025 10:34:09 GMT&#xD;
  Server: Kestrel&#xD;
  Cache-Control: no-store, must-revalidate, no-cache&#xD;
  Pragma: no-cache&#xD;
  Cross-Origin-Embedder-Policy: unsafe-none&#xD;
  Cross-Origin-Opener-Policy: same-origin&#xD;
  Cross-Origin-Resource-Policy: cross-origin&#xD;
  permissions-policy: geolocation=(), midi=(), sync-xhr=(), microphone=(), camera=(), magnetometer=(), gyroscope=(), fullscreen=(), payment=()&#xD;
  Referrer-Policy: no-referrer&#xD;
  X-Content-Type-Options: nosniff&#xD;
  X-Frame-Options: DENY&#xD;
  X-Permitted-Cross-Domain-Policies: none&#xD;
  X-XSS-Protection: 1; mode=block&#xD;
  X-UA-Compatible: IE=Edge&#xD;
  Strict-Transport-Security: max-age=31536000&#xD;
  X-Correlation-ID: 616fdd2d-bdcc-44b4-818a-02dc4f063c0c&#xD;
Response body:&#xD;
true&#xD;
=================================&#xD;
Dtros table truncated successfully!&#xD;
Testing with file JSON-3.3.1-example-TTRO-MoreComplexExample.json...&#xD;
App ID: 6eb96c1b-7652-43de-8455-cab0de41a34f&#xD;
TRA ID: 903695393&#xD;
Group ID: 1&#xD;
========= cURL request =========&#xD;
curl -k -X POST "https://localhost:5001/dtroUsers/createFromBody" -H "x-App-Id: 5c9cc1b2-5504-484a-96bb-3072ffbc79b2" -H "Content-Type: application/json" -d "{\r    \"id\": \"26fc4211-fa5b-442b-9978-fda7b1109a3c\",\r    \"traId\": 903695393,\r    \"name\": \"A publisher / TRA\",\r    \"prefix\": \"AB\",\r    \"userGroup\": 1,\r    \"xAppId\": \"5c9cc1b2-5504-484a-96bb-3072ffbc79b2\"\r}"&#xD;
================================&#xD;
========= HTTP response =========&#xD;
Response status code: Created&#xD;
Response headers:&#xD;
  Date: Fri, 28 Feb 2025 10:34:09 GMT&#xD;
  Server: Kestrel&#xD;
  Cache-Control: no-store, must-revalidate, no-cache&#xD;
  Location: https://localhost:5001/dtroUsers/createFromBody?id=45a56949-dac9-4e87-947d-df989afa0b83&#xD;
  Pragma: no-cache&#xD;
  Cross-Origin-Embedder-Policy: unsafe-none&#xD;
  Cross-Origin-Opener-Policy: same-origin&#xD;
  Cross-Origin-Resource-Policy: cross-origin&#xD;
  permissions-policy: geolocation=(), midi=(), sync-xhr=(), microphone=(), camera=(), magnetometer=(), gyroscope=(), fullscreen=(), payment=()&#xD;
  Referrer-Policy: no-referrer&#xD;
  X-Content-Type-Options: nosniff&#xD;
  X-Frame-Options: DENY&#xD;
  X-Permitted-Cross-Domain-Policies: none&#xD;
  X-XSS-Protection: 1; mode=block&#xD;
  X-UA-Compatible: IE=Edge&#xD;
  Strict-Transport-Security: max-age=31536000&#xD;
  X-Correlation-ID: 7d7e757e-2767-4f2b-a501-d34fa03117cb&#xD;
Response body:&#xD;
{&#xD;
  "id": "45a56949-dac9-4e87-947d-df989afa0b83"&#xD;
}&#xD;
=================================&#xD;
========= cURL request =========&#xD;
curl -k -X POST "https://localhost:5001/dtros/createFromBody" -H "x-App-Id: 5c9cc1b2-5504-484a-96bb-3072ffbc79b2" -H "Content-Type: application/json" -d "{\r  \"schemaVersion\": \"3.3.1\",\r  \"data\": {\r    \"Source\": {\r      \"_comment\": \"DfT example D-TRO, multiple provisions, multiple conditions, TemporaryRegulation, OffListRegulation, Permits, Rates\",\r      \"actionType\": \"new\",\r      \"currentTraOwner\": 903695393,\r      \"Provision\": [\r        {\r          \"_comment\": \"Provision 1: TTRO with Diversion route, and use of temporily overridden regulation {Provision}\",\r          \"actionType\": \"new\",\r          \"orderReportingPoint\": \"ttroTtmoNoticeOfIntention\",\r          \"provisionDescription\": \"Temporary full road closure, for combined utility works and carriageway repair\",\r          \"reference\": \"b1618e6f-f65c-48c7-9cc7-45da9f45fbda\",\r          \"RegulatedPlace\": [\r            {\r              \"description\": \"East Reach, Taunton, bi-directional\",\r              \"DirectedLinear\": {\r                \"directedLineString\": \"SRID=27700;LINESTRING(323544 124622, 323464 124595)\",\r                \"ExternalReference\": [\r                  {\r                    \"lastUpdateDate\": \"2024-10-01T00:00:00\",\r                    \"UniqueStreetReferenceNumber\": [\r                      {\r                        \"usrn\": 39608173\r                      }\r                    ]\r                  }\r                ],\r                \"version\": 1\r              },\r              \"type\": \"regulationLocation\"\r            },\r            {\r              \"description\": \"Diversion Route - through traffic - Toneway Wickes roundabout (A38) - Priory Avenue (A3038) - Trenchard Way (A3087) - Staplegrove Road (A3027/A338) - Silk Mills Road (A3065) - Galmington Roundabout (A38) - bi-directional\",\r              \"type\": \"diversionRoute\",\r              \"LinearGeometry\": {\r                \"direction\": \"bidirectional\",\r                \"ExternalReference\": [\r                  {\r                    \"lastUpdateDate\": \"2024-10-01T00:00:00\",\r                    \"UniqueStreetReferenceNumber\": [\r                      {\r                        \"usrn\": 39609331\r                      },\r                      {\r                        \"usrn\": 39605119\r                      },\r                      {\r                        \"usrn\": 39609519\r                      },\r                      {\r                        \"usrn\": 39609406\r                      },\r                      {\r                        \"usrn\": 39605180\r                      },\r                      {\r                        \"usrn\": 39609179\r                      },\r                      {\r                        \"usrn\": 39605082\r                      },\r                      {\r                        \"usrn\": 39605158\r                      },\r                      {\r                        \"usrn\": 39607389\r                      },\r                      {\r                        \"usrn\": 39605156\r                      },\r                      {\r                        \"usrn\": 39606013\r                      }\r                    ]\r                  }\r                ],\r                \"lateralPosition\": \"centreline\",\r                \"linestring\": \"SRID=27700;LINESTRING(323589 125149, 323340 125227, 321986 125569, 320737 126347, 320715 124191)\",\r                \"representation\": \"linear\",\r                \"version\": 1\r              }\r            }\r          ],\r          \"Regulation\": [\r            {\r              \"Condition\": [\r                {\r                  \"TimeValidity\": {\r                    \"end\": \"2024-10-24T20:00:00\",\r                    \"start\": \"2024-10-22T06:00:00\"\r                  }\r                }\r              ],\r              \"GeneralRegulation\": {\r                \"regulationType\": \"miscRoadClosure\"\r              },\r              \"isDynamic\": false,\r              \"TemporaryRegulation\": {\r                \"TemporaryOverriddenProvision\": {\r                  \"actionType\": \"new\",\r                  \"orderReportingPoint\": \"permanentNoticeOfMaking\",\r                  \"provisionDescription\": \"Speed Limit, East Reach\",\r                  \"reference\": \"DA3C3631-7710-4EA5-B654-62CD316D487A\"\r                }\r              },\r              \"timeZone\": \"Europe/London\"\r            }\r          ]\r        },\r        {\r          \"_comment\": \"Provision 2: Permanent TRO - parking controls, with day - time restrictions, rate table, and versioned RegulatedPlace instances\",\r          \"actionType\": \"new\",\r          \"orderReportingPoint\": \"permanentNoticeOfMaking\",\r          \"provisionDescription\": \"Parking restrictions, East Reach, Pay &amp; Display Parking Places - Monday to Sunday 9.00 am to 8.00 pm\",\r          \"reference\": \"c962b51f-e1aa-416e-8f0b-aefe39a4c099\",\r          \"RegulatedPlace\": [\r            {\r              \"_comment\": \"First location - Two versions of same regulated location - version 1\",\r              \"description\": \"East Reach, Taunton, northside / eastbound, between 10 metres east from the junction with Tancred Street to 15 metres west of the junction with South Street {approximate - linear}\",\r              \"DirectedLinear\": {\r                \"directedLineString\": \"SRID=27700;LINESTRING(323158 124529,323252 124546)\",\r                \"ExternalReference\": [\r                  {\r                    \"lastUpdateDate\": \"2024-10-01T00:00:00\",\r                    \"UniqueStreetReferenceNumber\": [\r                      {\r                        \"usrn\": 39608173\r                      }\r                    ]\r                  }\r                ],\r                \"version\": 1\r              },\r              \"type\": \"regulationLocation\"\r            },\r            {\r              \"_comment\": \"First location - Two versions of same regulated location - version 2\",\r              \"description\": \"East Reach, Taunton, northside / eastbound, between 10 metres east from the junction with Tancred Street to 15 metres west of the junction with South Street {approximate - polygon}\",\r              \"Geometry\": {\r                \"ExternalReference\": [\r                  {\r                    \"lastUpdateDate\": \"2024-10-01T00:00:00\",\r                    \"UniqueStreetReferenceNumber\": [\r                      {\r                        \"usrn\": 39608173\r                      }\r                    ]\r                  }\r                ],\r                \"geometry\": \"SRID=27700;POLYGON((323158 124529, 323156 124529, 323587 125149,323589 125149,323158 124529))\",\r                \"version\": 2\r              },\r              \"type\": \"regulationLocation\"\r            },\r            {\r              \"_comment\": \"Second location\",\r              \"description\": \"East Reach, Taunton, southside / westbound, between 15 metres west from the junction with Victoria Street to 23 metres east of the junction with Haydon Road {approximate - linear}\",\r              \"LinearGeometry\": {\r                \"direction\": \"startToEnd\",\r                \"ExternalReference\": [\r                  {\r                    \"lastUpdateDate\": \"2024-10-01T00:00:00\",\r                    \"UniqueStreetReferenceNumber\": [\r                      {\r                        \"ElementaryStreetUnit\": [\r                          {\r                            \"esu\": 3235350124617\r                          },\r                          {\r                            \"esu\": 3235700124630\r                          }\r                        ],\r                        \"nsgStreetName\": \"East Reach\",\r                        \"nsgStreetNumber\": \"A38\",\r                        \"usrn\": 39608173\r                      }\r                    ]\r                  }\r                ],\r                \"lateralPosition\": \"onKerb\",\r                \"linestring\": \"SRID=27700;LINESTRING(323549 124618,323478 124594,323381 124569)\",\r                \"representation\": \"linear\",\r                \"version\": 1\r              },\r              \"type\": \"regulationLocation\"\r            }\r          ],\r          \"Regulation\": [\r            {\r              \"Condition\": [\r                {\r                  \"negate\": false,\r                  \"TimeValidity\": {\r                    \"start\": \"2024-12-10T09:00:00\",\r                    \"validPeriod\": [\r                      {\r                        \"recurringDayWeekMonthPeriod\": [\r                          {\r                            \"applicableDay\": [\r                              \"friday\",\r                              \"monday\",\r                              \"saturday\",\r                              \"sunday\",\r                              \"thursday\",\r                              \"tuesday\",\r                              \"wednesday\"\r                            ]\r                          }\r                        ],\r                        \"recurringTimePeriodOfDay\": [\r                          {\r                            \"endTimeOfPeriod\": \"20:00:00\",\r                            \"startTimeOfPeriod\": \"09:00:00\"\r                          }\r                        ]\r                      }\r                    ]\r                  }\r                }\r              ],\r              \"RateTable\": {\r                \"_comment\": \"trial rates table, with increments �1 first hour, �2 cumulative for first two hours, �7.20 thereafter, between 9am and 8pm\",\r                \"additionalInformation\": \"http://www.somewhere.something.gov.uk\",\r                \"type\": \"hourly\",\r                \"RateLineCollection\": [\r                  {\r                    \"applicableCurrency\": \"GBP\",\r                    \"maxTime\": 660,\r                    \"maxValueCollection\": 7.2,\r                    \"minTime\": 60,\r                    \"minValueCollection\": 1.0,\r                    \"RateLine\": [\r                      {\r                        \"durationEnd\": 59,\r                        \"durationStart\": 1,\r                        \"incrementPeriod\": 58,\r                        \"maxValue\": 7.2,\r                        \"minValue\": 1.0,\r                        \"sequence\": 1,\r                        \"type\": \"flatRateTier\",\r                        \"usageCondition\": \"fixedDuration\",\r                        \"value\": 1.0\r                      },\r                      {\r                        \"durationEnd\": 119,\r                        \"durationStart\": 60,\r                        \"incrementPeriod\": 59,\r                        \"maxValue\": 7.2,\r                        \"minValue\": 2.0,\r                        \"sequence\": 2,\r                        \"type\": \"flatRateTier\",\r                        \"usageCondition\": \"fixedDuration\",\r                        \"value\": 1.0\r                      },\r                      {\r                        \"durationEnd\": 660,\r                        \"durationStart\": 120,\r                        \"incrementPeriod\": 540,\r                        \"maxValue\": 7.2,\r                        \"minValue\": 2.02,\r                        \"sequence\": 3,\r                        \"type\": \"flatRateTier\",\r                        \"usageCondition\": \"fixedDuration\",\r                        \"value\": 5.2\r                      }\r                    ],\r                    \"resetTime\": \"23:59:59\",\r                    \"sequence\": 1,\r                    \"startValidUsagePeriod\": \"2024-08-10T09:00:00\",\r                    \"endValidUsagePeriod\": \"2024-12-31T20:00:00\"\r                  },\r                  {\r                    \"applicableCurrency\": \"GBP\",\r                    \"maxTime\": 660,\r                    \"maxValueCollection\": 7.2,\r                    \"minTime\": 60,\r                    \"minValueCollection\": 1.0,\r                    \"RateLine\": [\r                      {\r                        \"durationEnd\": 59,\r                        \"durationStart\": 1,\r                        \"incrementPeriod\": 58,\r                        \"maxValue\": 7.3,\r                        \"minValue\": 1.0,\r                        \"sequence\": 1,\r                        \"type\": \"flatRateTier\",\r                        \"usageCondition\": \"fixedDuration\",\r                        \"value\": 1.0\r                      },\r                      {\r                        \"durationEnd\": 119,\r                        \"durationStart\": 60,\r                        \"incrementPeriod\": 59,\r                        \"maxValue\": 7.3,\r                        \"minValue\": 2.0,\r                        \"sequence\": 2,\r                        \"type\": \"flatRateTier\",\r                        \"usageCondition\": \"fixedDuration\",\r                        \"value\": 1.0\r                      },\r                      {\r                        \"durationEnd\": 660,\r                        \"durationStart\": 120,\r                        \"incrementPeriod\": 540,\r                        \"maxValue\": 7.3,\r                        \"minValue\": 2.0,\r                        \"sequence\": 3,\r                        \"type\": \"flatRateTier\",\r                        \"usageCondition\": \"fixedDuration\",\r                        \"value\": 5.3\r                      }\r                    ],\r                    \"resetTime\": \"23:59:59\",\r                    \"sequence\": 2,\r                    \"startValidUsagePeriod\": \"2025-01-01T09:00:00\"\r                  }\r                ]\r              },\r              \"GeneralRegulation\": {\r                \"regulationType\": \"kerbsidePaymentParkingPlace\"\r              },\r              \"isDynamic\": false,\r              \"timeZone\": \"Europe/London\"\r            }\r          ]\r        },\r        {\r          \"_comment\": \"Provision 3: Speed Limits - defined speed in mph\",\r          \"actionType\": \"fullAmendment\",\r          \"orderReportingPoint\": \"permanentNoticeOfMaking\",\r          \"provisionDescription\": \"Speed limit, Toneway, Taunton\",\r          \"reference\": \"c962b51f-e1aa-416e-8f0b-aefe39a4c089\",\r          \"RegulatedPlace\": [\r            {\r              \"_comment\": \"First location - Toneway - Eastbound {linear}\",\r              \"description\": \"Toneway Eastbound (A38, A358) {approximate - linear}\",\r              \"LinearGeometry\": {\r                \"direction\": \"startToEnd\",\r                \"ExternalReference\": [\r                  {\r                    \"lastUpdateDate\": \"2024-10-01T00:00:00\",\r                    \"UniqueStreetReferenceNumber\": [\r                      {\r                        \"nsgStreetName\": \"Toneway\",\r                        \"nsgStreetNumber\": \"A38\",\r                        \"usrn\": 39612030\r                      },\r                      {\r                        \"nsgStreetName\": \"Hankridge Dual Carriageway\",\r                        \"nsgStreetNumber\": \"A358\",\r                        \"usrn\": 39686520\r                      },\r                      {\r                        \"nsgStreetName\": \"Hankridge Roundabout\",\r                        \"nsgStreetNumber\": \"A358\",\r                        \"usrn\": 39604745\r                      }\r                    ]\r                  }\r                ],\r                \"lateralPosition\": \"centreline\",\r                \"linestring\": \"SRID=27700;LINESTRING(323628 125167,325437 124895)\",\r                \"representation\": \"linear\",\r                \"version\": 1\r              },\r              \"type\": \"regulationLocation\"\r            },\r            {\r              \"_comment\": \"Second location - Toneway - Westbound {linear}\",\r              \"description\": \"Toneway Westbound (A38, A358) {approximate - linear}\",\r              \"LinearGeometry\": {\r                \"direction\": \"endToStart\",\r                \"ExternalReference\": [\r                  {\r                    \"lastUpdateDate\": \"2024-10-01T00:00:00\",\r                    \"UniqueStreetReferenceNumber\": [\r                      {\r                        \"nsgStreetName\": \"Toneway\",\r                        \"nsgStreetNumber\": \"A38\",\r                        \"usrn\": 39612030\r                      },\r                      {\r                        \"nsgStreetName\": \"Hankridge Dual Carriageway\",\r                        \"nsgStreetNumber\": \"A358\",\r                        \"usrn\": 39686520\r                      },\r                      {\r                        \"nsgStreetName\": \"Hankridge Roundabout\",\r                        \"nsgStreetNumber\": \"A358\",\r                        \"usrn\": 39604745\r                      }\r                    ]\r                  }\r                ],\r                \"lateralPosition\": \"centreline\",\r                \"linestring\": \"SRID=27700;LINESTRING(323634 125151,325393 124859)\",\r                \"representation\": \"linear\",\r                \"version\": 1\r              },\r              \"type\": \"regulationLocation\"\r            }\r          ],\r          \"Regulation\": [\r            {\r              \"Condition\": [\r                {\r                  \"negate\": false,\r                  \"TimeValidity\": {\r                    \"start\": \"2024-12-01T00:00:00\"\r                  }\r                }\r              ],\r              \"isDynamic\": false,\r              \"SpeedLimitValueBased\": {\r                \"type\": \"maximumSpeedLimit\",\r                \"mphValue\": 40\r              },\r              \"timeZone\": \"Europe/London\"\r            }\r          ]\r        },\r        {\r          \"_comment\": \"Provision 4: Speed Limits - defined by profile\",\r          \"actionType\": \"new\",\r          \"orderReportingPoint\": \"permanentNoticeOfMaking\",\r          \"provisionDescription\": \"Speed limit, national speed limit, A38 between Boome Lane and 147 metres north of the northern boundary of Bell House {approximate}\",\r          \"reference\": \"c962b51f-e1aa-416e-8f0b-bcfe39a4d089\",\r          \"RegulatedPlace\": [\r            {\r              \"_comment\": \"Only location in Provision - A38 between Taunton and North Petherton {linear}\",\r              \"description\": \"A38 between Boome Lane and 147 metres north of the northern boundary of Bell House {approximate - linear}\",\r              \"LinearGeometry\": {\r                \"direction\": \"startToEnd\",\r                \"ExternalReference\": [\r                  {\r                    \"lastUpdateDate\": \"2024-10-01T00:00:00\",\r                    \"UniqueStreetReferenceNumber\": [\r                      {\r                        \"nsgStreetNumber\": \"A38\",\r                        \"usrn\": 39604805\r                      },\r                      {\r                        \"nsgStreetNumber\": \"A38\",\r                        \"usrn\": 34004899\r                      },\r                      {\r                        \"nsgStreetNumber\": \"A38\",\r                        \"usrn\": 34000991\r                      }\r                    ]\r                  }\r                ],\r                \"lateralPosition\": \"centreline\",\r                \"linestring\": \"SRID=27700;LINESTRING(327506 128646,325437 124895)\",\r                \"representation\": \"linear\",\r                \"version\": 1\r              },\r              \"type\": \"regulationLocation\"\r            },\r            {\r              \"_comment\": \"Second location - Toneway - Westbound {linear}\",\r              \"description\": \"Toneway Westbound (A38, A358) {approximate - linear}\",\r              \"LinearGeometry\": {\r                \"direction\": \"endToStart\",\r                \"ExternalReference\": [\r                  {\r                    \"lastUpdateDate\": \"2024-10-01T00:00:00\",\r                    \"UniqueStreetReferenceNumber\": [\r                      {\r                        \"nsgStreetName\": \"Toneway\",\r                        \"nsgStreetNumber\": \"A38\",\r                        \"usrn\": 39612030\r                      },\r                      {\r                        \"nsgStreetName\": \"Hankridge Dual Carriageway\",\r                        \"nsgStreetNumber\": \"A358\",\r                        \"usrn\": 39686520\r                      },\r                      {\r                        \"nsgStreetName\": \"Hankridge Roundabout\",\r                        \"nsgStreetNumber\": \"A358\",\r                        \"usrn\": 39604745\r                      }\r                    ]\r                  }\r                ],\r                \"lateralPosition\": \"centreline\",\r                \"linestring\": \"SRID=27700;LINESTRING(323634 125151,325393 124859)\",\r                \"representation\": \"linear\",\r                \"version\": 1\r              },\r              \"type\": \"regulationLocation\"\r            }\r          ],\r          \"Regulation\": [\r            {\r              \"Condition\": [\r                {\r                  \"negate\": false,\r                  \"TimeValidity\": {\r                    \"start\": \"2024-12-12T00:00:00\"\r                  }\r                }\r              ],\r              \"isDynamic\": false,\r              \"SpeedLimitProfileBased\": {\r                \"type\": \"nationalSpeedLimitSingleCarriageway\"\r              },\r              \"timeZone\": \"Europe/London\"\r            }\r          ]\r        },\r        {\r          \"_comment\": \"Provision 5: Bus Lane restriction, with fictitious non-trivial time restrictions, and other conditions\",\r          \"actionType\": \"new\",\r          \"orderReportingPoint\": \"permanentNoticeOfMaking\",\r          \"provisionDescription\": \"Bus Lane restriction, Collett Road, Norton Fitzwarren {approximate} with fictitious time restrictions\",\r          \"reference\": \"c962b51f-e1aa-416e-8f0b-bcfd09a4d089\",\r          \"RegulatedPlace\": [\r            {\r              \"_comment\": \"Only location in Provision - Collett Road - version 1 {linear}\",\r              \"description\": \"Collett Road, from 125 metres to 158 metres from the junction with Great Western Way Roundabout {approximate - linear}\",\r              \"LinearGeometry\": {\r                \"direction\": \"startToEnd\",\r                \"ExternalReference\": [\r                  {\r                    \"lastUpdateDate\": \"2024-10-01T00:00:00\",\r                    \"UniqueStreetReferenceNumber\": [\r                      {\r                        \"nsgStreetName\": \"Collett Road\",\r                        \"usrn\": 39609232\r                      }\r                    ]\r                  }\r                ],\r                \"lateralPosition\": \"centreline\",\r                \"linestring\": \"SRID=27700;LINESTRING(320336 126142,320315 126172)\",\r                \"representation\": \"linear\",\r                \"version\": 1\r              },\r              \"type\": \"regulationLocation\"\r            },\r            {\r              \"_comment\": \"Only location in Provision - Collett Road - version 2 {point}\",\r              \"description\": \"Collett Road, from 125 metres to 158 metres from the junction with Great Western Way Roundabout {approximate - notational point of effect}\",\r              \"PointGeometry\": {\r                \"ExternalReference\": [\r                  {\r                    \"lastUpdateDate\": \"2024-10-01T00:00:00\",\r                    \"UniqueStreetReferenceNumber\": [\r                      {\r                        \"usrn\": 39609234\r                      }\r                    ]\r                  }\r                ],\r                \"point\": \"SRID=27700;POINT(320329 126155)\",\r                \"representation\": \"centreLinePoint\",\r                \"version\": 2\r              },\r              \"type\": \"regulationLocation\"\r            }\r          ],\r          \"Regulation\": [\r            {\r              \"ConditionSet\": [\r                {\r                  \"operator\": \"and\",\r                  \"ConditionSet\": [\r                    {\r                      \"operator\": \"or\",\r                      \"conditions\": [\r                        {\r                          \"negate\": true,\r                          \"VehicleCharacteristics\": {\r                            \"vehicleType\": \"anyVehicle\"\r                          }\r                        },\r                        {\r                          \"negate\": false,\r                          \"VehicleCharacteristics\": {\r                            \"vehicleType\": \"bus\"\r                          }\r                        },\r                        {\r                          \"negate\": false,\r                          \"VehicleCharacteristics\": {\r                            \"vehicleType\": \"pedalCycle\"\r                          }\r                        },\r                        {\r                          \"negate\": false,\r                          \"OccupantCondition\": {\r                            \"disabledWithPermit\": true\r                          }\r                        },\r                        {\r                          \"negate\": false,\r                          \"OccupantCondition\": {\r                            \"NumberOfOccupants\": {\r                              \"operator\": \"greaterThan\",\r                              \"value\": 2\r                            }\r                          }\r                        },\r                        {\r                          \"negate\": false,\r                          \"PermitCondition\": {\r                            \"schemeIdentifier\": \"ABC123\",\r                            \"type\": \"resident\",\r                            \"Authority\": {\r                              \"name\": \"Somerset Council\"\r                            }\r                          }\r                        }\r                      ]\r                    }\r                  ],\r                  \"Condition\": [\r                    {\r                      \"negate\": false,\r                      \"TimeValidity\": {\r                        \"start\": \"2024-09-22T08:00:00\",\r                        \"validPeriod\": [\r                          {\r                            \"recurringDayWeekMonthPeriod\": [\r                              {\r                                \"applicableDay\": [\r                                  \"monday\",\r                                  \"tuesday\",\r                                  \"wednesday\",\r                                  \"thursday\",\r                                  \"friday\"\r                                ]\r                              }\r                            ],\r                            \"recurringTimePeriodOfDay\": [\r                              {\r                                \"startTimeOfPeriod\": \"08:00:00\",\r                                \"endTimeOfPeriod\": \"09:30:00\"\r                              },\r                              {\r                                \"startTimeOfPeriod\": \"16:30:00:00\",\r                                \"endTimeOfPeriod\": \"18:30:00\"\r                              }\r                            ]\r                          }\r                        ],\r                        \"exceptionPeriod\": [\r                          {\r                            \"recurringSpecialDay\": [\r                              {\r                                \"intersectWithApplicableDays\": true,\r                                \"specialDayType\": \"publicHoliday\"\r                              },\r                              {\r                                \"intersectWithApplicableDays\": true,\r                                \"specialDayType\": \"matchDay\"\r                              }\r                            ]\r                          },\r                          {\r                            \"ChangeableTimePeriodStart\": [\r                              {\r                                \"startType\": \"external\",\r                                \"ChangeableTimePeriodSource\": {\r                                  \"definition\": \"Source of start of non-school day periods, in 'Any' county\",\r                                  \"source\": \"http://www.schooldiaries.com\"\r                                }\r                              }\r                            ]\r                          },\r                          {\r                            \"ChangeableTimePeriodEnd\": [\r                              {\r                                \"startType\": \"external\",\r                                \"ChangeableTimePeriodSource\": {\r                                  \"definition\": \"Source of end of non-school day periods, in 'Any' county\",\r                                  \"source\": \"http:\\\\www.schooldiaries.com\"\r                                }\r                              }\r                            ]\r                          }\r                        ]\r                      }\r                    }\r                  ]\r                }\r              ],\r              \"GeneralRegulation\": {\r                \"regulationType\": \"miscBusGate\"\r              },\r              \"isDynamic\": false,\r              \"timeZone\": \"Europe/London\"\r            }\r          ]\r        },\r        {\r          \"_comment\": \"Provision 6: Off List regulation - escooter restriction\",\r          \"actionType\": \"new\",\r          \"orderReportingPoint\": \"permanentNoticeOfMaking\",\r          \"provisionDescription\": \"Use of e-scooter restriction, Collett Road, Norton Fitzwarren\",\r          \"reference\": \"c962b51f-e1aa-416e-8f0b-bcfd09a4d060\",\r          \"RegulatedPlace\": [\r            {\r              \"_comment\": \"Only location in Provision - Collett Road - version 1 {linear}\",\r              \"description\": \"Collett Road, from 125 metres to 158 metres from the junction with Great Western Way Roundabout {approximate - linear}\",\r              \"LinearGeometry\": {\r                \"direction\": \"startToEnd\",\r                \"ExternalReference\": [\r                  {\r                    \"lastUpdateDate\": \"2024-10-01T00:00:00\",\r                    \"UniqueStreetReferenceNumber\": [\r                      {\r                        \"nsgStreetName\": \"Collett Road\",\r                        \"usrn\": 39609232\r                      }\r                    ]\r                  }\r                ],\r                \"lateralPosition\": \"centreline\",\r                \"linestring\": \"SRID=27700;LINESTRING(320336 126142,320315 126172)\",\r                \"representation\": \"linear\",\r                \"version\": 1\r              },\r              \"type\": \"regulationLocation\"\r            }\r          ],\r          \"Regulation\": [\r            {\r              \"ConditionSet\": [\r                {\r                  \"operator\": \"and\",\r                  \"ConditionSet\": [\r                    {\r                      \"operator\": \"or\",\r                      \"conditions\": [\r                        {\r                          \"negate\": true,\r                          \"VehicleCharacteristics\": {\r                            \"MaximumWidthCharacteristic\": {\r                              \"vehicleWidth\": 12.1\r                            }\r                          }\r                        },\r                        {\r                          \"negate\": true,\r                          \"VehicleCharacteristics\": {\r                            \"MaximumHeightCharacteristic\": {\r                              \"vehicleHeight\": 15.19\r                            }\r                          }\r                        },\r                        {\r                          \"negate\": true,\r                          \"VehicleCharacteristics\": {\r                            \"MaximumLengthCharacteristic\": {\r                              \"vehicleLength\": 55.2\r                            }\r                          }\r                        },\r                        {\r                          \"negate\": true,\r                          \"VehicleCharacteristics\": {\r                            \"MaximumGrossWeightCharacteristic\": {\r                              \"grossVehicleWeight\": 78.0\r                            }\r                          }\r                        },\r                        {\r                          \"negate\": true,\r                          \"VehicleCharacteristics\": {\r                            \"HeaviestAxleWeightCharacteristic\": {\r                              \"heaviestAxleWeight\": 72.5\r                            }\r                          }\r                        }\r                      ]\r                    }\r                  ],\r                  \"Condition\": [\r                    {\r                      \"negate\": false,\r                      \"TimeValidity\": {\r                        \"end\": \"2024-10-30T20:00:00\",\r                        \"start\": \"2024-09-22T08:00:00\",\r                        \"validPeriod\": [\r                          {\r                            \"recurringDayWeekMonthPeriod\": [\r                              {\r                                \"applicableDay\": [\r                                  \"monday\",\r                                  \"tuesday\",\r                                  \"wednesday\",\r                                  \"thursday\",\r                                  \"friday\"\r                                ]\r                              }\r                            ],\r                            \"recurringTimePeriodOfDay\": [\r                              {\r                                \"startTimeOfPeriod\": \"08:00:00\",\r                                \"endTimeOfPeriod\": \"09:30:00\"\r                              },\r                              {\r                                \"startTimeOfPeriod\": \"16:30:00:00\",\r                                \"endTimeOfPeriod\": \"18:30:00\"\r                              }\r                            ]\r                          }\r                        ],\r                        \"exceptionPeriod\": [\r                          {\r                            \"recurringSpecialDay\": [\r                              {\r                                \"intersectWithApplicableDays\": true,\r                                \"specialDayType\": \"publicHoliday\"\r                              },\r                              {\r                                \"intersectWithApplicableDays\": true,\r                                \"specialDayType\": \"matchDay\"\r                              }\r                            ]\r                          },\r                          {\r                            \"ChangeableTimePeriodStart\": [\r                              {\r                                \"startType\": \"external\",\r                                \"ChangeableTimePeriodSource\": {\r                                  \"definition\": \"Source of start of non-school day periods, in 'Any' county\",\r                                  \"source\": \"http://www.schooldiaries.com\"\r                                }\r                              }\r                            ]\r                          },\r                          {\r                            \"ChangeableTimePeriodEnd\": [\r                              {\r                                \"startType\": \"external\",\r                                \"ChangeableTimePeriodSource\": {\r                                  \"definition\": \"Source of end of non-school day periods, in 'Any' county\",\r                                  \"source\": \"http:\\\\www.schooldiaries.com\"\r                                }\r                              }\r                            ]\r                          }\r                        ]\r                      }\r                    }\r                  ]\r                }\r              ],\r              \"OffListRegulation\": {\r                \"legislationCrossReference\": [\r                  \"regulation no.1\",\r                  \"regulation no.2\"\r                ],\r                \"regulationFullText\": \"e-scooter regs\",\r                \"regulationShortName\": \"Regulations for the use of e-scooters in Anytown\"\r              },\r              \"isDynamic\": false,\r              \"timeZone\": \"Europe/London\"\r            }\r          ]\r        }\r      ],\r      \"reference\": \"abc\",\r      \"section\": \"All sections\",\r      \"traAffected\": [\r        903695393\r      ],\r      \"traCreator\": 903695393,\r      \"troName\": \"DfT Example - More complex v2, Jan. 2025\"\r    }\r  }\r}"&#xD;
================================&#xD;
========= HTTP response =========&#xD;
Response status code: Created&#xD;
Response headers:&#xD;
  Date: Fri, 28 Feb 2025 10:34:09 GMT&#xD;
  Server: Kestrel&#xD;
  Cache-Control: no-store, must-revalidate, no-cache&#xD;
  Location: https://localhost:5001/dtros/47302698-dd82-482c-8a77-5ac0ec9c1d70&#xD;
  Pragma: no-cache&#xD;
  Cross-Origin-Embedder-Policy: unsafe-none&#xD;
  Cross-Origin-Opener-Policy: same-origin&#xD;
  Cross-Origin-Resource-Policy: cross-origin&#xD;
  permissions-policy: geolocation=(), midi=(), sync-xhr=(), microphone=(), camera=(), magnetometer=(), gyroscope=(), fullscreen=(), payment=()&#xD;
  Referrer-Policy: no-referrer&#xD;
  X-Content-Type-Options: nosniff&#xD;
  X-Frame-Options: DENY&#xD;
  X-Permitted-Cross-Domain-Policies: none&#xD;
  X-XSS-Protection: 1; mode=block&#xD;
  X-UA-Compatible: IE=Edge&#xD;
  Strict-Transport-Security: max-age=31536000&#xD;
  X-Correlation-ID: 4cf09abd-1460-4344-bb21-f095e791ffa1&#xD;
Response body:&#xD;
{&#xD;
  "id": "47302698-dd82-482c-8a77-5ac0ec9c1d70"&#xD;
}&#xD;
=================================&#xD;
========= cURL request =========&#xD;
curl -k -X GET "https://localhost:5001/dtros/47302698-dd82-482c-8a77-5ac0ec9c1d70" -H "x-App-Id: 5c9cc1b2-5504-484a-96bb-3072ffbc79b2"&#xD;
================================&#xD;
========= HTTP response =========&#xD;
Response status code: OK&#xD;
Response headers:&#xD;
  Date: Fri, 28 Feb 2025 10:34:09 GMT&#xD;
  Server: Kestrel&#xD;
  Cache-Control: no-store, must-revalidate, no-cache&#xD;
  Pragma: no-cache&#xD;
  Cross-Origin-Embedder-Policy: unsafe-none&#xD;
  Cross-Origin-Opener-Policy: same-origin&#xD;
  Cross-Origin-Resource-Policy: cross-origin&#xD;
  permissions-policy: geolocation=(), midi=(), sync-xhr=(), microphone=(), camera=(), magnetometer=(), gyroscope=(), fullscreen=(), payment=()&#xD;
  Referrer-Policy: no-referrer&#xD;
  X-Content-Type-Options: nosniff&#xD;
  X-Frame-Options: DENY&#xD;
  X-Permitted-Cross-Domain-Policies: none&#xD;
  X-XSS-Protection: 1; mode=block&#xD;
  X-UA-Compatible: IE=Edge&#xD;
  Strict-Transport-Security: max-age=31536000&#xD;
  X-Correlation-ID: 528e23a6-aa56-4eec-97c1-da68f0927d28&#xD;
Response body:&#xD;
{&#xD;
  "id": "47302698-dd82-482c-8a77-5ac0ec9c1d70",&#xD;
  "schemaVersion": "3.3.1",&#xD;
  "data": {&#xD;
    "source": {&#xD;
      "section": "All sections",&#xD;
      "troName": "DfT Example - More complex v2, Jan. 2025",&#xD;
      "_comment": "DfT example D-TRO, multiple provisions, multiple conditions, TemporaryRegulation, OffListRegulation, Permits, Rates",&#xD;
      "provision": [&#xD;
        {&#xD;
          "_comment": "Provision 1: TTRO with Diversion route, and use of temporily overridden regulation {Provision}",&#xD;
          "reference": "b1618e6f-f65c-48c7-9cc7-45da9f45fbda",&#xD;
          "regulation": [&#xD;
            {&#xD;
              "timeZone": "Europe/London",&#xD;
              "condition": [&#xD;
                {&#xD;
                  "timeValidity": {&#xD;
                    "end": "2024-10-24T20:00:00",&#xD;
                    "start": "2024-10-22T06:00:00"&#xD;
                  }&#xD;
                }&#xD;
              ],&#xD;
              "isDynamic": false,&#xD;
              "generalRegulation": {&#xD;
                "regulationType": "miscRoadClosure"&#xD;
              },&#xD;
              "temporaryRegulation": {&#xD;
                "temporaryOverriddenProvision": {&#xD;
                  "reference": "DA3C3631-7710-4EA5-B654-62CD316D487A",&#xD;
                  "actionType": "new",&#xD;
                  "orderReportingPoint": "permanentNoticeOfMaking",&#xD;
                  "provisionDescription": "Speed Limit, East Reach"&#xD;
                }&#xD;
              }&#xD;
            }&#xD;
          ],&#xD;
          "actionType": "new",&#xD;
          "regulatedPlace": [&#xD;
            {&#xD;
              "type": "regulationLocation",&#xD;
              "description": "East Reach, Taunton, bi-directional",&#xD;
              "directedLinear": {&#xD;
                "version": 1,&#xD;
                "externalReference": [&#xD;
                  {&#xD;
                    "lastUpdateDate": "2024-10-01T00:00:00",&#xD;
                    "uniqueStreetReferenceNumber": [&#xD;
                      {&#xD;
                        "usrn": 39608173&#xD;
                      }&#xD;
                    ]&#xD;
                  }&#xD;
                ],&#xD;
                "directedLineString": "SRID=27700;LINESTRING(323544 124622, 323464 124595)"&#xD;
              }&#xD;
            },&#xD;
            {&#xD;
              "type": "diversionRoute",&#xD;
              "description": "Diversion Route - through traffic - Toneway Wickes roundabout (A38) - Priory Avenue (A3038) - Trenchard Way (A3087) - Staplegrove Road (A3027/A338) - Silk Mills Road (A3065) - Galmington Roundabout (A38) - bi-directional",&#xD;
              "linearGeometry": {&#xD;
                "version": 1,&#xD;
                "direction": "bidirectional",&#xD;
                "linestring": "SRID=27700;LINESTRING(323589 125149, 323340 125227, 321986 125569, 320737 126347, 320715 124191)",&#xD;
                "representation": "linear",&#xD;
                "lateralPosition": "centreline",&#xD;
                "externalReference": [&#xD;
                  {&#xD;
                    "lastUpdateDate": "2024-10-01T00:00:00",&#xD;
                    "uniqueStreetReferenceNumber": [&#xD;
                      {&#xD;
                        "usrn": 39609331&#xD;
                      },&#xD;
                      {&#xD;
                        "usrn": 39605119&#xD;
                      },&#xD;
                      {&#xD;
                        "usrn": 39609519&#xD;
                      },&#xD;
                      {&#xD;
                        "usrn": 39609406&#xD;
                      },&#xD;
                      {&#xD;
                        "usrn": 39605180&#xD;
                      },&#xD;
                      {&#xD;
                        "usrn": 39609179&#xD;
                      },&#xD;
                      {&#xD;
                        "usrn": 39605082&#xD;
                      },&#xD;
                      {&#xD;
                        "usrn": 39605158&#xD;
                      },&#xD;
                      {&#xD;
                        "usrn": 39607389&#xD;
                      },&#xD;
                      {&#xD;
                        "usrn": 39605156&#xD;
                      },&#xD;
                      {&#xD;
                        "usrn": 39606013&#xD;
                      }&#xD;
                    ]&#xD;
                  }&#xD;
                ]&#xD;
              }&#xD;
            }&#xD;
          ],&#xD;
          "orderReportingPoint": "ttroTtmoNoticeOfIntention",&#xD;
          "provisionDescription": "Temporary full road closure, for combined utility works and carriageway repair"&#xD;
        },&#xD;
        {&#xD;
          "_comment": "Provision 2: Permanent TRO - parking controls, with day - time restrictions, rate table, and versioned RegulatedPlace instances",&#xD;
          "reference": "c962b51f-e1aa-416e-8f0b-aefe39a4c099",&#xD;
          "regulation": [&#xD;
            {&#xD;
              "timeZone": "Europe/London",&#xD;
              "condition": [&#xD;
                {&#xD;
                  "negate": false,&#xD;
                  "timeValidity": {&#xD;
                    "start": "2024-12-10T09:00:00",&#xD;
                    "validPeriod": [&#xD;
                      {&#xD;
                        "recurringTimePeriodOfDay": [&#xD;
                          {&#xD;
                            "endTimeOfPeriod": "20:00:00",&#xD;
                            "startTimeOfPeriod": "09:00:00"&#xD;
                          }&#xD;
                        ],&#xD;
                        "recurringDayWeekMonthPeriod": [&#xD;
                          {&#xD;
                            "applicableDay": [&#xD;
                              "friday",&#xD;
                              "monday",&#xD;
                              "saturday",&#xD;
                              "sunday",&#xD;
                              "thursday",&#xD;
                              "tuesday",&#xD;
                              "wednesday"&#xD;
                            ]&#xD;
                          }&#xD;
                        ]&#xD;
                      }&#xD;
                    ]&#xD;
                  }&#xD;
                }&#xD;
              ],&#xD;
              "rateTable": {&#xD;
                "type": "hourly",&#xD;
                "_comment": "trial rates table, with increments \u00A31 first hour, \u00A32 cumulative for first two hours, \u00A37.20 thereafter, between 9am and 8pm",&#xD;
                "rateLineCollection": [&#xD;
                  {&#xD;
                    "maxTime": 660,&#xD;
                    "minTime": 60,&#xD;
                    "rateLine": [&#xD;
                      {&#xD;
                        "type": "flatRateTier",&#xD;
                        "value": 1.0,&#xD;
                        "maxValue": 7.2,&#xD;
                        "minValue": 1.0,&#xD;
                        "sequence": 1,&#xD;
                        "durationEnd": 59,&#xD;
                        "durationStart": 1,&#xD;
                        "usageCondition": "fixedDuration",&#xD;
                        "incrementPeriod": 58&#xD;
                      },&#xD;
                      {&#xD;
                        "type": "flatRateTier",&#xD;
                        "value": 1.0,&#xD;
                        "maxValue": 7.2,&#xD;
                        "minValue": 2.0,&#xD;
                        "sequence": 2,&#xD;
                        "durationEnd": 119,&#xD;
                        "durationStart": 60,&#xD;
                        "usageCondition": "fixedDuration",&#xD;
                        "incrementPeriod": 59&#xD;
                      },&#xD;
                      {&#xD;
                        "type": "flatRateTier",&#xD;
                        "value": 5.2,&#xD;
                        "maxValue": 7.2,&#xD;
                        "minValue": 2.02,&#xD;
                        "sequence": 3,&#xD;
                        "durationEnd": 660,&#xD;
                        "durationStart": 120,&#xD;
                        "usageCondition": "fixedDuration",&#xD;
                        "incrementPeriod": 540&#xD;
                      }&#xD;
                    ],&#xD;
                    "sequence": 1,&#xD;
                    "resetTime": "23:59:59",&#xD;
                    "applicableCurrency": "GBP",&#xD;
                    "maxValueCollection": 7.2,&#xD;
                    "minValueCollection": 1.0,&#xD;
                    "endValidUsagePeriod": "2024-12-31T20:00:00",&#xD;
                    "startValidUsagePeriod": "2024-08-10T09:00:00"&#xD;
                  },&#xD;
                  {&#xD;
                    "maxTime": 660,&#xD;
                    "minTime": 60,&#xD;
                    "rateLine": [&#xD;
                      {&#xD;
                        "type": "flatRateTier",&#xD;
                        "value": 1.0,&#xD;
                        "maxValue": 7.3,&#xD;
                        "minValue": 1.0,&#xD;
                        "sequence": 1,&#xD;
                        "durationEnd": 59,&#xD;
                        "durationStart": 1,&#xD;
                        "usageCondition": "fixedDuration",&#xD;
                        "incrementPeriod": 58&#xD;
                      },&#xD;
                      {&#xD;
                        "type": "flatRateTier",&#xD;
                        "value": 1.0,&#xD;
                        "maxValue": 7.3,&#xD;
                        "minValue": 2.0,&#xD;
                        "sequence": 2,&#xD;
                        "durationEnd": 119,&#xD;
                        "durationStart": 60,&#xD;
                        "usageCondition": "fixedDuration",&#xD;
                        "incrementPeriod": 59&#xD;
                      },&#xD;
                      {&#xD;
                        "type": "flatRateTier",&#xD;
                        "value": 5.3,&#xD;
                        "maxValue": 7.3,&#xD;
                        "minValue": 2.0,&#xD;
                        "sequence": 3,&#xD;
                        "durationEnd": 660,&#xD;
                        "durationStart": 120,&#xD;
                        "usageCondition": "fixedDuration",&#xD;
                        "incrementPeriod": 540&#xD;
                      }&#xD;
                    ],&#xD;
                    "sequence": 2,&#xD;
                    "resetTime": "23:59:59",&#xD;
                    "applicableCurrency": "GBP",&#xD;
                    "maxValueCollection": 7.2,&#xD;
                    "minValueCollection": 1.0,&#xD;
                    "startValidUsagePeriod": "2025-01-01T09:00:00"&#xD;
                  }&#xD;
                ],&#xD;
                "additionalInformation": "http://www.somewhere.something.gov.uk"&#xD;
              },&#xD;
              "isDynamic": false,&#xD;
              "generalRegulation": {&#xD;
                "regulationType": "kerbsidePaymentParkingPlace"&#xD;
              }&#xD;
            }&#xD;
          ],&#xD;
          "actionType": "new",&#xD;
          "regulatedPlace": [&#xD;
            {&#xD;
              "type": "regulationLocation",&#xD;
              "_comment": "First location - Two versions of same regulated location - version 1",&#xD;
              "description": "East Reach, Taunton, northside / eastbound, between 10 metres east from the junction with Tancred Street to 15 metres west of the junction with South Street {approximate - linear}",&#xD;
              "directedLinear": {&#xD;
                "version": 1,&#xD;
                "externalReference": [&#xD;
                  {&#xD;
                    "lastUpdateDate": "2024-10-01T00:00:00",&#xD;
                    "uniqueStreetReferenceNumber": [&#xD;
                      {&#xD;
                        "usrn": 39608173&#xD;
                      }&#xD;
                    ]&#xD;
                  }&#xD;
                ],&#xD;
                "directedLineString": "SRID=27700;LINESTRING(323158 124529,323252 124546)"&#xD;
              }&#xD;
            },&#xD;
            {&#xD;
              "type": "regulationLocation",&#xD;
              "geometry": {&#xD;
                "version": 2,&#xD;
                "geometry": "SRID=27700;POLYGON((323158 124529, 323156 124529, 323587 125149,323589 125149,323158 124529))",&#xD;
                "externalReference": [&#xD;
                  {&#xD;
                    "lastUpdateDate": "2024-10-01T00:00:00",&#xD;
                    "uniqueStreetReferenceNumber": [&#xD;
                      {&#xD;
                        "usrn": 39608173&#xD;
                      }&#xD;
                    ]&#xD;
                  }&#xD;
                ]&#xD;
              },&#xD;
              "_comment": "First location - Two versions of same regulated location - version 2",&#xD;
              "description": "East Reach, Taunton, northside / eastbound, between 10 metres east from the junction with Tancred Street to 15 metres west of the junction with South Street {approximate - polygon}"&#xD;
            },&#xD;
            {&#xD;
              "type": "regulationLocation",&#xD;
              "_comment": "Second location",&#xD;
              "description": "East Reach, Taunton, southside / westbound, between 15 metres west from the junction with Victoria Street to 23 metres east of the junction with Haydon Road {approximate - linear}",&#xD;
              "linearGeometry": {&#xD;
                "version": 1,&#xD;
                "direction": "startToEnd",&#xD;
                "linestring": "SRID=27700;LINESTRING(323549 124618,323478 124594,323381 124569)",&#xD;
                "representation": "linear",&#xD;
                "lateralPosition": "onKerb",&#xD;
                "externalReference": [&#xD;
                  {&#xD;
                    "lastUpdateDate": "2024-10-01T00:00:00",&#xD;
                    "uniqueStreetReferenceNumber": [&#xD;
                      {&#xD;
                        "usrn": 39608173,&#xD;
                        "nsgStreetName": "East Reach",&#xD;
                        "nsgStreetNumber": "A38",&#xD;
                        "elementaryStreetUnit": [&#xD;
                          {&#xD;
                            "esu": 3235350124617&#xD;
                          },&#xD;
                          {&#xD;
                            "esu": 3235700124630&#xD;
                          }&#xD;
                        ]&#xD;
                      }&#xD;
                    ]&#xD;
                  }&#xD;
                ]&#xD;
              }&#xD;
            }&#xD;
          ],&#xD;
          "orderReportingPoint": "permanentNoticeOfMaking",&#xD;
          "provisionDescription": "Parking restrictions, East Reach, Pay \u0026 Display Parking Places - Monday to Sunday 9.00 am to 8.00 pm"&#xD;
        },&#xD;
        {&#xD;
          "_comment": "Provision 3: Speed Limits - defined speed in mph",&#xD;
          "reference": "c962b51f-e1aa-416e-8f0b-aefe39a4c089",&#xD;
          "regulation": [&#xD;
            {&#xD;
              "timeZone": "Europe/London",&#xD;
              "condition": [&#xD;
                {&#xD;
                  "negate": false,&#xD;
                  "timeValidity": {&#xD;
                    "start": "2024-12-01T00:00:00"&#xD;
                  }&#xD;
                }&#xD;
              ],&#xD;
              "isDynamic": false,&#xD;
              "speedLimitValueBased": {&#xD;
                "type": "maximumSpeedLimit",&#xD;
                "mphValue": 40&#xD;
              }&#xD;
            }&#xD;
          ],&#xD;
          "actionType": "fullAmendment",&#xD;
          "regulatedPlace": [&#xD;
            {&#xD;
              "type": "regulationLocation",&#xD;
              "_comment": "First location - Toneway - Eastbound {linear}",&#xD;
              "description": "Toneway Eastbound (A38, A358) {approximate - linear}",&#xD;
              "linearGeometry": {&#xD;
                "version": 1,&#xD;
                "direction": "startToEnd",&#xD;
                "linestring": "SRID=27700;LINESTRING(323628 125167,325437 124895)",&#xD;
                "representation": "linear",&#xD;
                "lateralPosition": "centreline",&#xD;
                "externalReference": [&#xD;
                  {&#xD;
                    "lastUpdateDate": "2024-10-01T00:00:00",&#xD;
                    "uniqueStreetReferenceNumber": [&#xD;
                      {&#xD;
                        "usrn": 39612030,&#xD;
                        "nsgStreetName": "Toneway",&#xD;
                        "nsgStreetNumber": "A38"&#xD;
                      },&#xD;
                      {&#xD;
                        "usrn": 39686520,&#xD;
                        "nsgStreetName": "Hankridge Dual Carriageway",&#xD;
                        "nsgStreetNumber": "A358"&#xD;
                      },&#xD;
                      {&#xD;
                        "usrn": 39604745,&#xD;
                        "nsgStreetName": "Hankridge Roundabout",&#xD;
                        "nsgStreetNumber": "A358"&#xD;
                      }&#xD;
                    ]&#xD;
                  }&#xD;
                ]&#xD;
              }&#xD;
            },&#xD;
            {&#xD;
              "type": "regulationLocation",&#xD;
              "_comment": "Second location - Toneway - Westbound {linear}",&#xD;
              "description": "Toneway Westbound (A38, A358) {approximate - linear}",&#xD;
              "linearGeometry": {&#xD;
                "version": 1,&#xD;
                "direction": "endToStart",&#xD;
                "linestring": "SRID=27700;LINESTRING(323634 125151,325393 124859)",&#xD;
                "representation": "linear",&#xD;
                "lateralPosition": "centreline",&#xD;
                "externalReference": [&#xD;
                  {&#xD;
                    "lastUpdateDate": "2024-10-01T00:00:00",&#xD;
                    "uniqueStreetReferenceNumber": [&#xD;
                      {&#xD;
                        "usrn": 39612030,&#xD;
                        "nsgStreetName": "Toneway",&#xD;
                        "nsgStreetNumber": "A38"&#xD;
                      },&#xD;
                      {&#xD;
                        "usrn": 39686520,&#xD;
                        "nsgStreetName": "Hankridge Dual Carriageway",&#xD;
                        "nsgStreetNumber": "A358"&#xD;
                      },&#xD;
                      {&#xD;
                        "usrn": 39604745,&#xD;
                        "nsgStreetName": "Hankridge Roundabout",&#xD;
                        "nsgStreetNumber": "A358"&#xD;
                      }&#xD;
                    ]&#xD;
                  }&#xD;
                ]&#xD;
              }&#xD;
            }&#xD;
          ],&#xD;
          "orderReportingPoint": "permanentNoticeOfMaking",&#xD;
          "provisionDescription": "Speed limit, Toneway, Taunton"&#xD;
        },&#xD;
        {&#xD;
          "_comment": "Provision 4: Speed Limits - defined by profile",&#xD;
          "reference": "c962b51f-e1aa-416e-8f0b-bcfe39a4d089",&#xD;
          "regulation": [&#xD;
            {&#xD;
              "timeZone": "Europe/London",&#xD;
              "condition": [&#xD;
                {&#xD;
                  "negate": false,&#xD;
                  "timeValidity": {&#xD;
                    "start": "2024-12-12T00:00:00"&#xD;
                  }&#xD;
                }&#xD;
              ],&#xD;
              "isDynamic": false,&#xD;
              "speedLimitProfileBased": {&#xD;
                "type": "nationalSpeedLimitSingleCarriageway"&#xD;
              }&#xD;
            }&#xD;
          ],&#xD;
          "actionType": "new",&#xD;
          "regulatedPlace": [&#xD;
            {&#xD;
              "type": "regulationLocation",&#xD;
              "_comment": "Only location in Provision - A38 between Taunton and North Petherton {linear}",&#xD;
              "description": "A38 between Boome Lane and 147 metres north of the northern boundary of Bell House {approximate - linear}",&#xD;
              "linearGeometry": {&#xD;
                "version": 1,&#xD;
                "direction": "startToEnd",&#xD;
                "linestring": "SRID=27700;LINESTRING(327506 128646,325437 124895)",&#xD;
                "representation": "linear",&#xD;
                "lateralPosition": "centreline",&#xD;
                "externalReference": [&#xD;
                  {&#xD;
                    "lastUpdateDate": "2024-10-01T00:00:00",&#xD;
                    "uniqueStreetReferenceNumber": [&#xD;
                      {&#xD;
                        "usrn": 39604805,&#xD;
                        "nsgStreetNumber": "A38"&#xD;
                      },&#xD;
                      {&#xD;
                        "usrn": 34004899,&#xD;
                        "nsgStreetNumber": "A38"&#xD;
                      },&#xD;
                      {&#xD;
                        "usrn": 34000991,&#xD;
                        "nsgStreetNumber": "A38"&#xD;
                      }&#xD;
                    ]&#xD;
                  }&#xD;
                ]&#xD;
              }&#xD;
            },&#xD;
            {&#xD;
              "type": "regulationLocation",&#xD;
              "_comment": "Second location - Toneway - Westbound {linear}",&#xD;
              "description": "Toneway Westbound (A38, A358) {approximate - linear}",&#xD;
              "linearGeometry": {&#xD;
                "version": 1,&#xD;
                "direction": "endToStart",&#xD;
                "linestring": "SRID=27700;LINESTRING(323634 125151,325393 124859)",&#xD;
                "representation": "linear",&#xD;
                "lateralPosition": "centreline",&#xD;
                "externalReference": [&#xD;
                  {&#xD;
                    "lastUpdateDate": "2024-10-01T00:00:00",&#xD;
                    "uniqueStreetReferenceNumber": [&#xD;
                      {&#xD;
                        "usrn": 39612030,&#xD;
                        "nsgStreetName": "Toneway",&#xD;
                        "nsgStreetNumber": "A38"&#xD;
                      },&#xD;
                      {&#xD;
                        "usrn": 39686520,&#xD;
                        "nsgStreetName": "Hankridge Dual Carriageway",&#xD;
                        "nsgStreetNumber": "A358"&#xD;
                      },&#xD;
                      {&#xD;
                        "usrn": 39604745,&#xD;
                        "nsgStreetName": "Hankridge Roundabout",&#xD;
                        "nsgStreetNumber": "A358"&#xD;
                      }&#xD;
                    ]&#xD;
                  }&#xD;
                ]&#xD;
              }&#xD;
            }&#xD;
          ],&#xD;
          "orderReportingPoint": "permanentNoticeOfMaking",&#xD;
          "provisionDescription": "Speed limit, national speed limit, A38 between Boome Lane and 147 metres north of the northern boundary of Bell House {approximate}"&#xD;
        },&#xD;
        {&#xD;
          "_comment": "Provision 5: Bus Lane restriction, with fictitious non-trivial time restrictions, and other conditions",&#xD;
          "reference": "c962b51f-e1aa-416e-8f0b-bcfd09a4d089",&#xD;
          "regulation": [&#xD;
            {&#xD;
              "timeZone": "Europe/London",&#xD;
              "isDynamic": false,&#xD;
              "conditionSet": [&#xD;
                {&#xD;
                  "operator": "and",&#xD;
                  "condition": [&#xD;
                    {&#xD;
                      "negate": false,&#xD;
                      "timeValidity": {&#xD;
                        "start": "2024-09-22T08:00:00",&#xD;
                        "validPeriod": [&#xD;
                          {&#xD;
                            "recurringTimePeriodOfDay": [&#xD;
                              {&#xD;
                                "endTimeOfPeriod": "09:30:00",&#xD;
                                "startTimeOfPeriod": "08:00:00"&#xD;
                              },&#xD;
                              {&#xD;
                                "endTimeOfPeriod": "18:30:00",&#xD;
                                "startTimeOfPeriod": "16:30:00:00"&#xD;
                              }&#xD;
                            ],&#xD;
                            "recurringDayWeekMonthPeriod": [&#xD;
                              {&#xD;
                                "applicableDay": [&#xD;
                                  "monday",&#xD;
                                  "tuesday",&#xD;
                                  "wednesday",&#xD;
                                  "thursday",&#xD;
                                  "friday"&#xD;
                                ]&#xD;
                              }&#xD;
                            ]&#xD;
                          }&#xD;
                        ],&#xD;
                        "exceptionPeriod": [&#xD;
                          {&#xD;
                            "recurringSpecialDay": [&#xD;
                              {&#xD;
                                "specialDayType": "publicHoliday",&#xD;
                                "intersectWithApplicableDays": true&#xD;
                              },&#xD;
                              {&#xD;
                                "specialDayType": "matchDay",&#xD;
                                "intersectWithApplicableDays": true&#xD;
                              }&#xD;
                            ]&#xD;
                          },&#xD;
                          {&#xD;
                            "changeableTimePeriodStart": [&#xD;
                              {&#xD;
                                "startType": "external",&#xD;
                                "changeableTimePeriodSource": {&#xD;
                                  "source": "http://www.schooldiaries.com",&#xD;
                                  "definition": "Source of start of non-school day periods, in \u0027Any\u0027 county"&#xD;
                                }&#xD;
                              }&#xD;
                            ]&#xD;
                          },&#xD;
                          {&#xD;
                            "changeableTimePeriodEnd": [&#xD;
                              {&#xD;
                                "startType": "external",&#xD;
                                "changeableTimePeriodSource": {&#xD;
                                  "source": "http:\\www.schooldiaries.com",&#xD;
                                  "definition": "Source of end of non-school day periods, in \u0027Any\u0027 county"&#xD;
                                }&#xD;
                              }&#xD;
                            ]&#xD;
                          }&#xD;
                        ]&#xD;
                      }&#xD;
                    }&#xD;
                  ],&#xD;
                  "conditionSet": [&#xD;
                    {&#xD;
                      "operator": "or",&#xD;
                      "conditions": [&#xD;
                        {&#xD;
                          "negate": true,&#xD;
                          "vehicleCharacteristics": {&#xD;
                            "vehicleType": "anyVehicle"&#xD;
                          }&#xD;
                        },&#xD;
                        {&#xD;
                          "negate": false,&#xD;
                          "vehicleCharacteristics": {&#xD;
                            "vehicleType": "bus"&#xD;
                          }&#xD;
                        },&#xD;
                        {&#xD;
                          "negate": false,&#xD;
                          "vehicleCharacteristics": {&#xD;
                            "vehicleType": "pedalCycle"&#xD;
                          }&#xD;
                        },&#xD;
                        {&#xD;
                          "negate": false,&#xD;
                          "occupantCondition": {&#xD;
                            "disabledWithPermit": true&#xD;
                          }&#xD;
                        },&#xD;
                        {&#xD;
                          "negate": false,&#xD;
                          "occupantCondition": {&#xD;
                            "numberOfOccupants": {&#xD;
                              "value": 2,&#xD;
                              "operator": "greaterThan"&#xD;
                            }&#xD;
                          }&#xD;
                        },&#xD;
                        {&#xD;
                          "negate": false,&#xD;
                          "permitCondition": {&#xD;
                            "type": "resident",&#xD;
                            "authority": {&#xD;
                              "name": "Somerset Council"&#xD;
                            },&#xD;
                            "schemeIdentifier": "ABC123"&#xD;
                          }&#xD;
                        }&#xD;
                      ]&#xD;
                    }&#xD;
                  ]&#xD;
                }&#xD;
              ],&#xD;
              "generalRegulation": {&#xD;
                "regulationType": "miscBusGate"&#xD;
              }&#xD;
            }&#xD;
          ],&#xD;
          "actionType": "new",&#xD;
          "regulatedPlace": [&#xD;
            {&#xD;
              "type": "regulationLocation",&#xD;
              "_comment": "Only location in Provision - Collett Road - version 1 {linear}",&#xD;
              "description": "Collett Road, from 125 metres to 158 metres from the junction with Great Western Way Roundabout {approximate - linear}",&#xD;
              "linearGeometry": {&#xD;
                "version": 1,&#xD;
                "direction": "startToEnd",&#xD;
                "linestring": "SRID=27700;LINESTRING(320336 126142,320315 126172)",&#xD;
                "representation": "linear",&#xD;
                "lateralPosition": "centreline",&#xD;
                "externalReference": [&#xD;
                  {&#xD;
                    "lastUpdateDate": "2024-10-01T00:00:00",&#xD;
                    "uniqueStreetReferenceNumber": [&#xD;
                      {&#xD;
                        "usrn": 39609232,&#xD;
                        "nsgStreetName": "Collett Road"&#xD;
                      }&#xD;
                    ]&#xD;
                  }&#xD;
                ]&#xD;
              }&#xD;
            },&#xD;
            {&#xD;
              "type": "regulationLocation",&#xD;
              "_comment": "Only location in Provision - Collett Road - version 2 {point}",&#xD;
              "description": "Collett Road, from 125 metres to 158 metres from the junction with Great Western Way Roundabout {approximate - notational point of effect}",&#xD;
              "pointGeometry": {&#xD;
                "point": "SRID=27700;POINT(320329 126155)",&#xD;
                "version": 2,&#xD;
                "representation": "centreLinePoint",&#xD;
                "externalReference": [&#xD;
                  {&#xD;
                    "lastUpdateDate": "2024-10-01T00:00:00",&#xD;
                    "uniqueStreetReferenceNumber": [&#xD;
                      {&#xD;
                        "usrn": 39609234&#xD;
                      }&#xD;
                    ]&#xD;
                  }&#xD;
                ]&#xD;
              }&#xD;
            }&#xD;
          ],&#xD;
          "orderReportingPoint": "permanentNoticeOfMaking",&#xD;
          "provisionDescription": "Bus Lane restriction, Collett Road, Norton Fitzwarren {approximate} with fictitious time restrictions"&#xD;
        },&#xD;
        {&#xD;
          "_comment": "Provision 6: Off List regulation - escooter restriction",&#xD;
          "reference": "c962b51f-e1aa-416e-8f0b-bcfd09a4d060",&#xD;
          "regulation": [&#xD;
            {&#xD;
              "timeZone": "Europe/London",&#xD;
              "isDynamic": false,&#xD;
              "conditionSet": [&#xD;
                {&#xD;
                  "operator": "and",&#xD;
                  "condition": [&#xD;
                    {&#xD;
                      "negate": false,&#xD;
                      "timeValidity": {&#xD;
                        "end": "2024-10-30T20:00:00",&#xD;
                        "start": "2024-09-22T08:00:00",&#xD;
                        "validPeriod": [&#xD;
                          {&#xD;
                            "recurringTimePeriodOfDay": [&#xD;
                              {&#xD;
                                "endTimeOfPeriod": "09:30:00",&#xD;
                                "startTimeOfPeriod": "08:00:00"&#xD;
                              },&#xD;
                              {&#xD;
                                "endTimeOfPeriod": "18:30:00",&#xD;
                                "startTimeOfPeriod": "16:30:00:00"&#xD;
                              }&#xD;
                            ],&#xD;
                            "recurringDayWeekMonthPeriod": [&#xD;
                              {&#xD;
                                "applicableDay": [&#xD;
                                  "monday",&#xD;
                                  "tuesday",&#xD;
                                  "wednesday",&#xD;
                                  "thursday",&#xD;
                                  "friday"&#xD;
                                ]&#xD;
                              }&#xD;
                            ]&#xD;
                          }&#xD;
                        ],&#xD;
                        "exceptionPeriod": [&#xD;
                          {&#xD;
                            "recurringSpecialDay": [&#xD;
                              {&#xD;
                                "specialDayType": "publicHoliday",&#xD;
                                "intersectWithApplicableDays": true&#xD;
                              },&#xD;
                              {&#xD;
                                "specialDayType": "matchDay",&#xD;
                                "intersectWithApplicableDays": true&#xD;
                              }&#xD;
                            ]&#xD;
                          },&#xD;
                          {&#xD;
                            "changeableTimePeriodStart": [&#xD;
                              {&#xD;
                                "startType": "external",&#xD;
                                "changeableTimePeriodSource": {&#xD;
                                  "source": "http://www.schooldiaries.com",&#xD;
                                  "definition": "Source of start of non-school day periods, in \u0027Any\u0027 county"&#xD;
                                }&#xD;
                              }&#xD;
                            ]&#xD;
                          },&#xD;
                          {&#xD;
                            "changeableTimePeriodEnd": [&#xD;
                              {&#xD;
                                "startType": "external",&#xD;
                                "changeableTimePeriodSource": {&#xD;
                                  "source": "http:\\www.schooldiaries.com",&#xD;
                                  "definition": "Source of end of non-school day periods, in \u0027Any\u0027 county"&#xD;
                                }&#xD;
                              }&#xD;
                            ]&#xD;
                          }&#xD;
                        ]&#xD;
                      }&#xD;
                    }&#xD;
                  ],&#xD;
                  "conditionSet": [&#xD;
                    {&#xD;
                      "operator": "or",&#xD;
                      "conditions": [&#xD;
                        {&#xD;
                          "negate": true,&#xD;
                          "vehicleCharacteristics": {&#xD;
                            "maximumWidthCharacteristic": {&#xD;
                              "vehicleWidth": 12.1&#xD;
                            }&#xD;
                          }&#xD;
                        },&#xD;
                        {&#xD;
                          "negate": true,&#xD;
                          "vehicleCharacteristics": {&#xD;
                            "maximumHeightCharacteristic": {&#xD;
                              "vehicleHeight": 15.19&#xD;
                            }&#xD;
                          }&#xD;
                        },&#xD;
                        {&#xD;
                          "negate": true,&#xD;
                          "vehicleCharacteristics": {&#xD;
                            "maximumLengthCharacteristic": {&#xD;
                              "vehicleLength": 55.2&#xD;
                            }&#xD;
                          }&#xD;
                        },&#xD;
                        {&#xD;
                          "negate": true,&#xD;
                          "vehicleCharacteristics": {&#xD;
                            "maximumGrossWeightCharacteristic": {&#xD;
                              "grossVehicleWeight": 78.0&#xD;
                            }&#xD;
                          }&#xD;
                        },&#xD;
                        {&#xD;
                          "negate": true,&#xD;
                          "vehicleCharacteristics": {&#xD;
                            "heaviestAxleWeightCharacteristic": {&#xD;
                              "heaviestAxleWeight": 72.5&#xD;
                            }&#xD;
                          }&#xD;
                        }&#xD;
                      ]&#xD;
                    }&#xD;
                  ]&#xD;
                }&#xD;
              ],&#xD;
              "offListRegulation": {&#xD;
                "regulationFullText": "e-scooter regs",&#xD;
                "regulationShortName": "Regulations for the use of e-scooters in Anytown",&#xD;
                "legislationCrossReference": [&#xD;
                  "regulation no.1",&#xD;
                  "regulation no.2"&#xD;
                ]&#xD;
              }&#xD;
            }&#xD;
          ],&#xD;
          "actionType": "new",&#xD;
          "regulatedPlace": [&#xD;
            {&#xD;
              "type": "regulationLocation",&#xD;
              "_comment": "Only location in Provision - Collett Road - version 1 {linear}",&#xD;
              "description": "Collett Road, from 125 metres to 158 metres from the junction with Great Western Way Roundabout {approximate - linear}",&#xD;
              "linearGeometry": {&#xD;
                "version": 1,&#xD;
                "direction": "startToEnd",&#xD;
                "linestring": "SRID=27700;LINESTRING(320336 126142,320315 126172)",&#xD;
                "representation": "linear",&#xD;
                "lateralPosition": "centreline",&#xD;
                "externalReference": [&#xD;
                  {&#xD;
                    "lastUpdateDate": "2024-10-01T00:00:00",&#xD;
                    "uniqueStreetReferenceNumber": [&#xD;
                      {&#xD;
                        "usrn": 39609232,&#xD;
                        "nsgStreetName": "Collett Road"&#xD;
                      }&#xD;
                    ]&#xD;
                  }&#xD;
                ]&#xD;
              }&#xD;
            }&#xD;
          ],&#xD;
          "orderReportingPoint": "permanentNoticeOfMaking",&#xD;
          "provisionDescription": "Use of e-scooter restriction, Collett Road, Norton Fitzwarren"&#xD;
        }&#xD;
      ],&#xD;
      "reference": "abc",&#xD;
      "actionType": "new",&#xD;
      "traCreator": 903695393,&#xD;
      "traAffected": [&#xD;
        903695393&#xD;
      ],&#xD;
      "currentTraOwner": 903695393&#xD;
    }&#xD;
  }&#xD;
}&#xD;
=================================&#xD;
Comparing JSON...&#xD;
{&#xD;
  "data": {&#xD;
    "source": {&#xD;
      "_comment": "dft example d-tro, multiple provisions, multiple conditions, temporaryregulation, offlistregulation, permits, rates",&#xD;
      "actiontype": "new",&#xD;
      "currenttraowner": 903695393,&#xD;
      "provision": [&#xD;
        {&#xD;
          "_comment": "provision 1: ttro with diversion route, and use of temporily overridden regulation {provision}",&#xD;
          "actiontype": "new",&#xD;
          "orderreportingpoint": "ttrottmonoticeofintention",&#xD;
          "provisiondescription": "temporary full road closure, for combined utility works and carriageway repair",&#xD;
          "reference": "b1618e6f-f65c-48c7-9cc7-45da9f45fbda",&#xD;
          "regulatedplace": [&#xD;
            {&#xD;
              "description": "east reach, taunton, bi-directional",&#xD;
              "directedlinear": {&#xD;
                "directedlinestring": "srid=27700;linestring(323544 124622, 323464 124595)",&#xD;
                "externalreference": [&#xD;
                  {&#xD;
                    "lastupdatedate": "2024-10-01t00:00:00",&#xD;
                    "uniquestreetreferencenumber": [&#xD;
                      {&#xD;
                        "usrn": 39608173&#xD;
                      }&#xD;
                    ]&#xD;
                  }&#xD;
                ],&#xD;
                "version": 1&#xD;
              },&#xD;
              "type": "regulationlocation"&#xD;
            },&#xD;
            {&#xD;
              "description": "diversion route - through traffic - toneway wickes roundabout (a38) - priory avenue (a3038) - trenchard way (a3087) - staplegrove road (a3027/a338) - silk mills road (a3065) - galmington roundabout (a38) - bi-directional",&#xD;
              "lineargeometry": {&#xD;
                "direction": "bidirectional",&#xD;
                "externalreference": [&#xD;
                  {&#xD;
                    "lastupdatedate": "2024-10-01t00:00:00",&#xD;
                    "uniquestreetreferencenumber": [&#xD;
                      {&#xD;
                        "usrn": 39609331&#xD;
                      },&#xD;
                      {&#xD;
                        "usrn": 39605119&#xD;
                      },&#xD;
                      {&#xD;
                        "usrn": 39609519&#xD;
                      },&#xD;
                      {&#xD;
                        "usrn": 39609406&#xD;
                      },&#xD;
                      {&#xD;
                        "usrn": 39605180&#xD;
                      },&#xD;
                      {&#xD;
                        "usrn": 39609179&#xD;
                      },&#xD;
                      {&#xD;
                        "usrn": 39605082&#xD;
                      },&#xD;
                      {&#xD;
                        "usrn": 39605158&#xD;
                      },&#xD;
                      {&#xD;
                        "usrn": 39607389&#xD;
                      },&#xD;
                      {&#xD;
                        "usrn": 39605156&#xD;
                      },&#xD;
                      {&#xD;
                        "usrn": 39606013&#xD;
                      }&#xD;
                    ]&#xD;
                  }&#xD;
                ],&#xD;
                "lateralposition": "centreline",&#xD;
                "linestring": "srid=27700;linestring(323589 125149, 323340 125227, 321986 125569, 320737 126347, 320715 124191)",&#xD;
                "representation": "linear",&#xD;
                "version": 1&#xD;
              },&#xD;
              "type": "diversionroute"&#xD;
            }&#xD;
          ],&#xD;
          "regulation": [&#xD;
            {&#xD;
              "condition": [&#xD;
                {&#xD;
                  "timevalidity": {&#xD;
                    "end": "2024-10-24t20:00:00",&#xD;
                    "start": "2024-10-22t06:00:00"&#xD;
                  }&#xD;
                }&#xD;
              ],&#xD;
              "generalregulation": {&#xD;
                "regulationtype": "miscroadclosure"&#xD;
              },&#xD;
              "isdynamic": false,&#xD;
              "temporaryregulation": {&#xD;
                "temporaryoverriddenprovision": {&#xD;
                  "actiontype": "new",&#xD;
                  "orderreportingpoint": "permanentnoticeofmaking",&#xD;
                  "provisiondescription": "speed limit, east reach",&#xD;
                  "reference": "da3c3631-7710-4ea5-b654-62cd316d487a"&#xD;
                }&#xD;
              },&#xD;
              "timezone": "europe/london"&#xD;
            }&#xD;
          ]&#xD;
        },&#xD;
        {&#xD;
          "_comment": "provision 2: permanent tro - parking controls, with day - time restrictions, rate table, and versioned regulatedplace instances",&#xD;
          "actiontype": "new",&#xD;
          "orderreportingpoint": "permanentnoticeofmaking",&#xD;
          "provisiondescription": "parking restrictions, east reach, pay &amp; display parking places - monday to sunday 9.00 am to 8.00 pm",&#xD;
          "reference": "c962b51f-e1aa-416e-8f0b-aefe39a4c099",&#xD;
          "regulatedplace": [&#xD;
            {&#xD;
              "_comment": "first location - two versions of same regulated location - version 1",&#xD;
              "description": "east reach, taunton, northside / eastbound, between 10 metres east from the junction with tancred street to 15 metres west of the junction with south street {approximate - linear}",&#xD;
              "directedlinear": {&#xD;
                "directedlinestring": "srid=27700;linestring(323158 124529,323252 124546)",&#xD;
                "externalreference": [&#xD;
                  {&#xD;
                    "lastupdatedate": "2024-10-01t00:00:00",&#xD;
                    "uniquestreetreferencenumber": [&#xD;
                      {&#xD;
                        "usrn": 39608173&#xD;
                      }&#xD;
                    ]&#xD;
                  }&#xD;
                ],&#xD;
                "version": 1&#xD;
              },&#xD;
              "type": "regulationlocation"&#xD;
            },&#xD;
            {&#xD;
              "_comment": "first location - two versions of same regulated location - version 2",&#xD;
              "description": "east reach, taunton, northside / eastbound, between 10 metres east from the junction with tancred street to 15 metres west of the junction with south street {approximate - polygon}",&#xD;
              "geometry": {&#xD;
                "externalreference": [&#xD;
                  {&#xD;
                    "lastupdatedate": "2024-10-01t00:00:00",&#xD;
                    "uniquestreetreferencenumber": [&#xD;
                      {&#xD;
                        "usrn": 39608173&#xD;
                      }&#xD;
                    ]&#xD;
                  }&#xD;
                ],&#xD;
                "geometry": "srid=27700;polygon((323158 124529, 323156 124529, 323587 125149,323589 125149,323158 124529))",&#xD;
                "version": 2&#xD;
              },&#xD;
              "type": "regulationlocation"&#xD;
            },&#xD;
            {&#xD;
              "_comment": "second location",&#xD;
              "description": "east reach, taunton, southside / westbound, between 15 metres west from the junction with victoria street to 23 metres east of the junction with haydon road {approximate - linear}",&#xD;
              "lineargeometry": {&#xD;
                "direction": "starttoend",&#xD;
                "externalreference": [&#xD;
                  {&#xD;
                    "lastupdatedate": "2024-10-01t00:00:00",&#xD;
                    "uniquestreetreferencenumber": [&#xD;
                      {&#xD;
                        "elementarystreetunit": [&#xD;
                          {&#xD;
                            "esu": 3235350124617&#xD;
                          },&#xD;
                          {&#xD;
                            "esu": 3235700124630&#xD;
                          }&#xD;
                        ],&#xD;
                        "nsgstreetname": "east reach",&#xD;
                        "nsgstreetnumber": "a38",&#xD;
                        "usrn": 39608173&#xD;
                      }&#xD;
                    ]&#xD;
                  }&#xD;
                ],&#xD;
                "lateralposition": "onkerb",&#xD;
                "linestring": "srid=27700;linestring(323549 124618,323478 124594,323381 124569)",&#xD;
                "representation": "linear",&#xD;
                "version": 1&#xD;
              },&#xD;
              "type": "regulationlocation"&#xD;
            }&#xD;
          ],&#xD;
          "regulation": [&#xD;
            {&#xD;
              "condition": [&#xD;
                {&#xD;
                  "negate": false,&#xD;
                  "timevalidity": {&#xD;
                    "start": "2024-12-10t09:00:00",&#xD;
                    "validperiod": [&#xD;
                      {&#xD;
                        "recurringdayweekmonthperiod": [&#xD;
                          {&#xD;
                            "applicableday": [&#xD;
                              "friday",&#xD;
                              "monday",&#xD;
                              "saturday",&#xD;
                              "sunday",&#xD;
                              "thursday",&#xD;
                              "tuesday",&#xD;
                              "wednesday"&#xD;
                            ]&#xD;
                          }&#xD;
                        ],&#xD;
                        "recurringtimeperiodofday": [&#xD;
                          {&#xD;
                            "endtimeofperiod": "20:00:00",&#xD;
                            "starttimeofperiod": "09:00:00"&#xD;
                          }&#xD;
                        ]&#xD;
                      }&#xD;
                    ]&#xD;
                  }&#xD;
                }&#xD;
              ],&#xD;
              "generalregulation": {&#xD;
                "regulationtype": "kerbsidepaymentparkingplace"&#xD;
              },&#xD;
              "isdynamic": false,&#xD;
              "ratetable": {&#xD;
                "_comment": "trial rates table, with increments �1 first hour, �2 cumulative for first two hours, �7.20 thereafter, between 9am and 8pm",&#xD;
                "additionalinformation": "http://www.somewhere.something.gov.uk",&#xD;
                "ratelinecollection": [&#xD;
                  {&#xD;
                    "applicablecurrency": "gbp",&#xD;
                    "endvalidusageperiod": "2024-12-31t20:00:00",&#xD;
                    "maxtime": 660,&#xD;
                    "maxvaluecollection": 7.2,&#xD;
                    "mintime": 60,&#xD;
                    "minvaluecollection": 1.0,&#xD;
                    "rateline": [&#xD;
                      {&#xD;
                        "durationend": 59,&#xD;
                        "durationstart": 1,&#xD;
                        "incrementperiod": 58,&#xD;
                        "maxvalue": 7.2,&#xD;
                        "minvalue": 1.0,&#xD;
                        "sequence": 1,&#xD;
                        "type": "flatratetier",&#xD;
                        "usagecondition": "fixedduration",&#xD;
                        "value": 1.0&#xD;
                      },&#xD;
                      {&#xD;
                        "durationend": 119,&#xD;
                        "durationstart": 60,&#xD;
                        "incrementperiod": 59,&#xD;
                        "maxvalue": 7.2,&#xD;
                        "minvalue": 2.0,&#xD;
                        "sequence": 2,&#xD;
                        "type": "flatratetier",&#xD;
                        "usagecondition": "fixedduration",&#xD;
                        "value": 1.0&#xD;
                      },&#xD;
                      {&#xD;
                        "durationend": 660,&#xD;
                        "durationstart": 120,&#xD;
                        "incrementperiod": 540,&#xD;
                        "maxvalue": 7.2,&#xD;
                        "minvalue": 2.02,&#xD;
                        "sequence": 3,&#xD;
                        "type": "flatratetier",&#xD;
                        "usagecondition": "fixedduration",&#xD;
                        "value": 5.2&#xD;
                      }&#xD;
                    ],&#xD;
                    "resettime": "23:59:59",&#xD;
                    "sequence": 1,&#xD;
                    "startvalidusageperiod": "2024-08-10t09:00:00"&#xD;
                  },&#xD;
                  {&#xD;
                    "applicablecurrency": "gbp",&#xD;
                    "maxtime": 660,&#xD;
                    "maxvaluecollection": 7.2,&#xD;
                    "mintime": 60,&#xD;
                    "minvaluecollection": 1.0,&#xD;
                    "rateline": [&#xD;
                      {&#xD;
                        "durationend": 59,&#xD;
                        "durationstart": 1,&#xD;
                        "incrementperiod": 58,&#xD;
                        "maxvalue": 7.3,&#xD;
                        "minvalue": 1.0,&#xD;
                        "sequence": 1,&#xD;
                        "type": "flatratetier",&#xD;
                        "usagecondition": "fixedduration",&#xD;
                        "value": 1.0&#xD;
                      },&#xD;
                      {&#xD;
                        "durationend": 119,&#xD;
                        "durationstart": 60,&#xD;
                        "incrementperiod": 59,&#xD;
                        "maxvalue": 7.3,&#xD;
                        "minvalue": 2.0,&#xD;
                        "sequence": 2,&#xD;
                        "type": "flatratetier",&#xD;
                        "usagecondition": "fixedduration",&#xD;
                        "value": 1.0&#xD;
                      },&#xD;
                      {&#xD;
                        "durationend": 660,&#xD;
                        "durationstart": 120,&#xD;
                        "incrementperiod": 540,&#xD;
                        "maxvalue": 7.3,&#xD;
                        "minvalue": 2.0,&#xD;
                        "sequence": 3,&#xD;
                        "type": "flatratetier",&#xD;
                        "usagecondition": "fixedduration",&#xD;
                        "value": 5.3&#xD;
                      }&#xD;
                    ],&#xD;
                    "resettime": "23:59:59",&#xD;
                    "sequence": 2,&#xD;
                    "startvalidusageperiod": "2025-01-01t09:00:00"&#xD;
                  }&#xD;
                ],&#xD;
                "type": "hourly"&#xD;
              },&#xD;
              "timezone": "europe/london"&#xD;
            }&#xD;
          ]&#xD;
        },&#xD;
        {&#xD;
          "_comment": "provision 3: speed limits - defined speed in mph",&#xD;
          "actiontype": "fullamendment",&#xD;
          "orderreportingpoint": "permanentnoticeofmaking",&#xD;
          "provisiondescription": "speed limit, toneway, taunton",&#xD;
          "reference": "c962b51f-e1aa-416e-8f0b-aefe39a4c089",&#xD;
          "regulatedplace": [&#xD;
            {&#xD;
              "_comment": "first location - toneway - eastbound {linear}",&#xD;
              "description": "toneway eastbound (a38, a358) {approximate - linear}",&#xD;
              "lineargeometry": {&#xD;
                "direction": "starttoend",&#xD;
                "externalreference": [&#xD;
                  {&#xD;
                    "lastupdatedate": "2024-10-01t00:00:00",&#xD;
                    "uniquestreetreferencenumber": [&#xD;
                      {&#xD;
                        "nsgstreetname": "toneway",&#xD;
                        "nsgstreetnumber": "a38",&#xD;
                        "usrn": 39612030&#xD;
                      },&#xD;
                      {&#xD;
                        "nsgstreetname": "hankridge dual carriageway",&#xD;
                        "nsgstreetnumber": "a358",&#xD;
                        "usrn": 39686520&#xD;
                      },&#xD;
                      {&#xD;
                        "nsgstreetname": "hankridge roundabout",&#xD;
                        "nsgstreetnumber": "a358",&#xD;
                        "usrn": 39604745&#xD;
                      }&#xD;
                    ]&#xD;
                  }&#xD;
                ],&#xD;
                "lateralposition": "centreline",&#xD;
                "linestring": "srid=27700;linestring(323628 125167,325437 124895)",&#xD;
                "representation": "linear",&#xD;
                "version": 1&#xD;
              },&#xD;
              "type": "regulationlocation"&#xD;
            },&#xD;
            {&#xD;
              "_comment": "second location - toneway - westbound {linear}",&#xD;
              "description": "toneway westbound (a38, a358) {approximate - linear}",&#xD;
              "lineargeometry": {&#xD;
                "direction": "endtostart",&#xD;
                "externalreference": [&#xD;
                  {&#xD;
                    "lastupdatedate": "2024-10-01t00:00:00",&#xD;
                    "uniquestreetreferencenumber": [&#xD;
                      {&#xD;
                        "nsgstreetname": "toneway",&#xD;
                        "nsgstreetnumber": "a38",&#xD;
                        "usrn": 39612030&#xD;
                      },&#xD;
                      {&#xD;
                        "nsgstreetname": "hankridge dual carriageway",&#xD;
                        "nsgstreetnumber": "a358",&#xD;
                        "usrn": 39686520&#xD;
                      },&#xD;
                      {&#xD;
                        "nsgstreetname": "hankridge roundabout",&#xD;
                        "nsgstreetnumber": "a358",&#xD;
                        "usrn": 39604745&#xD;
                      }&#xD;
                    ]&#xD;
                  }&#xD;
                ],&#xD;
                "lateralposition": "centreline",&#xD;
                "linestring": "srid=27700;linestring(323634 125151,325393 124859)",&#xD;
                "representation": "linear",&#xD;
                "version": 1&#xD;
              },&#xD;
              "type": "regulationlocation"&#xD;
            }&#xD;
          ],&#xD;
          "regulation": [&#xD;
            {&#xD;
              "condition": [&#xD;
                {&#xD;
                  "negate": false,&#xD;
                  "timevalidity": {&#xD;
                    "start": "2024-12-01t00:00:00"&#xD;
                  }&#xD;
                }&#xD;
              ],&#xD;
              "isdynamic": false,&#xD;
              "speedlimitvaluebased": {&#xD;
                "mphvalue": 40,&#xD;
                "type": "maximumspeedlimit"&#xD;
              },&#xD;
              "timezone": "europe/london"&#xD;
            }&#xD;
          ]&#xD;
        },&#xD;
        {&#xD;
          "_comment": "provision 4: speed limits - defined by profile",&#xD;
          "actiontype": "new",&#xD;
          "orderreportingpoint": "permanentnoticeofmaking",&#xD;
          "provisiondescription": "speed limit, national speed limit, a38 between boome lane and 147 metres north of the northern boundary of bell house {approximate}",&#xD;
          "reference": "c962b51f-e1aa-416e-8f0b-bcfe39a4d089",&#xD;
          "regulatedplace": [&#xD;
            {&#xD;
              "_comment": "only location in provision - a38 between taunton and north petherton {linear}",&#xD;
              "description": "a38 between boome lane and 147 metres north of the northern boundary of bell house {approximate - linear}",&#xD;
              "lineargeometry": {&#xD;
                "direction": "starttoend",&#xD;
                "externalreference": [&#xD;
                  {&#xD;
                    "lastupdatedate": "2024-10-01t00:00:00",&#xD;
                    "uniquestreetreferencenumber": [&#xD;
                      {&#xD;
                        "nsgstreetnumber": "a38",&#xD;
                        "usrn": 39604805&#xD;
                      },&#xD;
                      {&#xD;
                        "nsgstreetnumber": "a38",&#xD;
                        "usrn": 34004899&#xD;
                      },&#xD;
                      {&#xD;
                        "nsgstreetnumber": "a38",&#xD;
                        "usrn": 34000991&#xD;
                      }&#xD;
                    ]&#xD;
                  }&#xD;
                ],&#xD;
                "lateralposition": "centreline",&#xD;
                "linestring": "srid=27700;linestring(327506 128646,325437 124895)",&#xD;
                "representation": "linear",&#xD;
                "version": 1&#xD;
              },&#xD;
              "type": "regulationlocation"&#xD;
            },&#xD;
            {&#xD;
              "_comment": "second location - toneway - westbound {linear}",&#xD;
              "description": "toneway westbound (a38, a358) {approximate - linear}",&#xD;
              "lineargeometry": {&#xD;
                "direction": "endtostart",&#xD;
                "externalreference": [&#xD;
                  {&#xD;
                    "lastupdatedate": "2024-10-01t00:00:00",&#xD;
                    "uniquestreetreferencenumber": [&#xD;
                      {&#xD;
                        "nsgstreetname": "toneway",&#xD;
                        "nsgstreetnumber": "a38",&#xD;
                        "usrn": 39612030&#xD;
                      },&#xD;
                      {&#xD;
                        "nsgstreetname": "hankridge dual carriageway",&#xD;
                        "nsgstreetnumber": "a358",&#xD;
                        "usrn": 39686520&#xD;
                      },&#xD;
                      {&#xD;
                        "nsgstreetname": "hankridge roundabout",&#xD;
                        "nsgstreetnumber": "a358",&#xD;
                        "usrn": 39604745&#xD;
                      }&#xD;
                    ]&#xD;
                  }&#xD;
                ],&#xD;
                "lateralposition": "centreline",&#xD;
                "linestring": "srid=27700;linestring(323634 125151,325393 124859)",&#xD;
                "representation": "linear",&#xD;
                "version": 1&#xD;
              },&#xD;
              "type": "regulationlocation"&#xD;
            }&#xD;
          ],&#xD;
          "regulation": [&#xD;
            {&#xD;
              "condition": [&#xD;
                {&#xD;
                  "negate": false,&#xD;
                  "timevalidity": {&#xD;
                    "start": "2024-12-12t00:00:00"&#xD;
                  }&#xD;
                }&#xD;
              ],&#xD;
              "isdynamic": false,&#xD;
              "speedlimitprofilebased": {&#xD;
                "type": "nationalspeedlimitsinglecarriageway"&#xD;
              },&#xD;
              "timezone": "europe/london"&#xD;
            }&#xD;
          ]&#xD;
        },&#xD;
        {&#xD;
          "_comment": "provision 5: bus lane restriction, with fictitious non-trivial time restrictions, and other conditions",&#xD;
          "actiontype": "new",&#xD;
          "orderreportingpoint": "permanentnoticeofmaking",&#xD;
          "provisiondescription": "bus lane restriction, collett road, norton fitzwarren {approximate} with fictitious time restrictions",&#xD;
          "reference": "c962b51f-e1aa-416e-8f0b-bcfd09a4d089",&#xD;
          "regulatedplace": [&#xD;
            {&#xD;
              "_comment": "only location in provision - collett road - version 1 {linear}",&#xD;
              "description": "collett road, from 125 metres to 158 metres from the junction with great western way roundabout {approximate - linear}",&#xD;
              "lineargeometry": {&#xD;
                "direction": "starttoend",&#xD;
                "externalreference": [&#xD;
                  {&#xD;
                    "lastupdatedate": "2024-10-01t00:00:00",&#xD;
                    "uniquestreetreferencenumber": [&#xD;
                      {&#xD;
                        "nsgstreetname": "collett road",&#xD;
                        "usrn": 39609232&#xD;
                      }&#xD;
                    ]&#xD;
                  }&#xD;
                ],&#xD;
                "lateralposition": "centreline",&#xD;
                "linestring": "srid=27700;linestring(320336 126142,320315 126172)",&#xD;
                "representation": "linear",&#xD;
                "version": 1&#xD;
              },&#xD;
              "type": "regulationlocation"&#xD;
            },&#xD;
            {&#xD;
              "_comment": "only location in provision - collett road - version 2 {point}",&#xD;
              "description": "collett road, from 125 metres to 158 metres from the junction with great western way roundabout {approximate - notational point of effect}",&#xD;
              "pointgeometry": {&#xD;
                "externalreference": [&#xD;
                  {&#xD;
                    "lastupdatedate": "2024-10-01t00:00:00",&#xD;
                    "uniquestreetreferencenumber": [&#xD;
                      {&#xD;
                        "usrn": 39609234&#xD;
                      }&#xD;
                    ]&#xD;
                  }&#xD;
                ],&#xD;
                "point": "srid=27700;point(320329 126155)",&#xD;
                "representation": "centrelinepoint",&#xD;
                "version": 2&#xD;
              },&#xD;
              "type": "regulationlocation"&#xD;
            }&#xD;
          ],&#xD;
          "regulation": [&#xD;
            {&#xD;
              "conditionset": [&#xD;
                {&#xD;
                  "condition": [&#xD;
                    {&#xD;
                      "negate": false,&#xD;
                      "timevalidity": {&#xD;
                        "exceptionperiod": [&#xD;
                          {&#xD;
                            "recurringspecialday": [&#xD;
                              {&#xD;
                                "intersectwithapplicabledays": true,&#xD;
                                "specialdaytype": "publicholiday"&#xD;
                              },&#xD;
                              {&#xD;
                                "intersectwithapplicabledays": true,&#xD;
                                "specialdaytype": "matchday"&#xD;
                              }&#xD;
                            ]&#xD;
                          },&#xD;
                          {&#xD;
                            "changeabletimeperiodstart": [&#xD;
                              {&#xD;
                                "changeabletimeperiodsource": {&#xD;
                                  "definition": "source of start of non-school day periods, in 'any' county",&#xD;
                                  "source": "http://www.schooldiaries.com"&#xD;
                                },&#xD;
                                "starttype": "external"&#xD;
                              }&#xD;
                            ]&#xD;
                          },&#xD;
                          {&#xD;
                            "changeabletimeperiodend": [&#xD;
                              {&#xD;
                                "changeabletimeperiodsource": {&#xD;
                                  "definition": "source of end of non-school day periods, in 'any' county",&#xD;
                                  "source": "http:\\www.schooldiaries.com"&#xD;
                                },&#xD;
                                "starttype": "external"&#xD;
                              }&#xD;
                            ]&#xD;
                          }&#xD;
                        ],&#xD;
                        "start": "2024-09-22t08:00:00",&#xD;
                        "validperiod": [&#xD;
                          {&#xD;
                            "recurringdayweekmonthperiod": [&#xD;
                              {&#xD;
                                "applicableday": [&#xD;
                                  "monday",&#xD;
                                  "tuesday",&#xD;
                                  "wednesday",&#xD;
                                  "thursday",&#xD;
                                  "friday"&#xD;
                                ]&#xD;
                              }&#xD;
                            ],&#xD;
                            "recurringtimeperiodofday": [&#xD;
                              {&#xD;
                                "endtimeofperiod": "09:30:00",&#xD;
                                "starttimeofperiod": "08:00:00"&#xD;
                              },&#xD;
                              {&#xD;
                                "endtimeofperiod": "18:30:00",&#xD;
                                "starttimeofperiod": "16:30:00:00"&#xD;
                              }&#xD;
                            ]&#xD;
                          }&#xD;
                        ]&#xD;
                      }&#xD;
                    }&#xD;
                  ],&#xD;
                  "conditionset": [&#xD;
                    {&#xD;
                      "conditions": [&#xD;
                        {&#xD;
                          "negate": true,&#xD;
                          "vehiclecharacteristics": {&#xD;
                            "vehicletype": "anyvehicle"&#xD;
                          }&#xD;
                        },&#xD;
                        {&#xD;
                          "negate": false,&#xD;
                          "vehiclecharacteristics": {&#xD;
                            "vehicletype": "bus"&#xD;
                          }&#xD;
                        },&#xD;
                        {&#xD;
                          "negate": false,&#xD;
                          "vehiclecharacteristics": {&#xD;
                            "vehicletype": "pedalcycle"&#xD;
                          }&#xD;
                        },&#xD;
                        {&#xD;
                          "negate": false,&#xD;
                          "occupantcondition": {&#xD;
                            "disabledwithpermit": true&#xD;
                          }&#xD;
                        },&#xD;
                        {&#xD;
                          "negate": false,&#xD;
                          "occupantcondition": {&#xD;
                            "numberofoccupants": {&#xD;
                              "operator": "greaterthan",&#xD;
                              "value": 2&#xD;
                            }&#xD;
                          }&#xD;
                        },&#xD;
                        {&#xD;
                          "negate": false,&#xD;
                          "permitcondition": {&#xD;
                            "authority": {&#xD;
                              "name": "somerset council"&#xD;
                            },&#xD;
                            "schemeidentifier": "abc123",&#xD;
                            "type": "resident"&#xD;
                          }&#xD;
                        }&#xD;
                      ],&#xD;
                      "operator": "or"&#xD;
                    }&#xD;
                  ],&#xD;
                  "operator": "and"&#xD;
                }&#xD;
              ],&#xD;
              "generalregulation": {&#xD;
                "regulationtype": "miscbusgate"&#xD;
              },&#xD;
              "isdynamic": false,&#xD;
              "timezone": "europe/london"&#xD;
            }&#xD;
          ]&#xD;
        },&#xD;
        {&#xD;
          "_comment": "provision 6: off list regulation - escooter restriction",&#xD;
          "actiontype": "new",&#xD;
          "orderreportingpoint": "permanentnoticeofmaking",&#xD;
          "provisiondescription": "use of e-scooter restriction, collett road, norton fitzwarren",&#xD;
          "reference": "c962b51f-e1aa-416e-8f0b-bcfd09a4d060",&#xD;
          "regulatedplace": [&#xD;
            {&#xD;
              "_comment": "only location in provision - collett road - version 1 {linear}",&#xD;
              "description": "collett road, from 125 metres to 158 metres from the junction with great western way roundabout {approximate - linear}",&#xD;
              "lineargeometry": {&#xD;
                "direction": "starttoend",&#xD;
                "externalreference": [&#xD;
                  {&#xD;
                    "lastupdatedate": "2024-10-01t00:00:00",&#xD;
                    "uniquestreetreferencenumber": [&#xD;
                      {&#xD;
                        "nsgstreetname": "collett road",&#xD;
                        "usrn": 39609232&#xD;
                      }&#xD;
                    ]&#xD;
                  }&#xD;
                ],&#xD;
                "lateralposition": "centreline",&#xD;
                "linestring": "srid=27700;linestring(320336 126142,320315 126172)",&#xD;
                "representation": "linear",&#xD;
                "version": 1&#xD;
              },&#xD;
              "type": "regulationlocation"&#xD;
            }&#xD;
          ],&#xD;
          "regulation": [&#xD;
            {&#xD;
              "conditionset": [&#xD;
                {&#xD;
                  "condition": [&#xD;
                    {&#xD;
                      "negate": false,&#xD;
                      "timevalidity": {&#xD;
                        "end": "2024-10-30t20:00:00",&#xD;
                        "exceptionperiod": [&#xD;
                          {&#xD;
                            "recurringspecialday": [&#xD;
                              {&#xD;
                                "intersectwithapplicabledays": true,&#xD;
                                "specialdaytype": "publicholiday"&#xD;
                              },&#xD;
                              {&#xD;
                                "intersectwithapplicabledays": true,&#xD;
                                "specialdaytype": "matchday"&#xD;
                              }&#xD;
                            ]&#xD;
                          },&#xD;
                          {&#xD;
                            "changeabletimeperiodstart": [&#xD;
                              {&#xD;
                                "changeabletimeperiodsource": {&#xD;
                                  "definition": "source of start of non-school day periods, in 'any' county",&#xD;
                                  "source": "http://www.schooldiaries.com"&#xD;
                                },&#xD;
                                "starttype": "external"&#xD;
                              }&#xD;
                            ]&#xD;
                          },&#xD;
                          {&#xD;
                            "changeabletimeperiodend": [&#xD;
                              {&#xD;
                                "changeabletimeperiodsource": {&#xD;
                                  "definition": "source of end of non-school day periods, in 'any' county",&#xD;
                                  "source": "http:\\www.schooldiaries.com"&#xD;
                                },&#xD;
                                "starttype": "external"&#xD;
                              }&#xD;
                            ]&#xD;
                          }&#xD;
                        ],&#xD;
                        "start": "2024-09-22t08:00:00",&#xD;
                        "validperiod": [&#xD;
                          {&#xD;
                            "recurringdayweekmonthperiod": [&#xD;
                              {&#xD;
                                "applicableday": [&#xD;
                                  "monday",&#xD;
                                  "tuesday",&#xD;
                                  "wednesday",&#xD;
                                  "thursday",&#xD;
                                  "friday"&#xD;
                                ]&#xD;
                              }&#xD;
                            ],&#xD;
                            "recurringtimeperiodofday": [&#xD;
                              {&#xD;
                                "endtimeofperiod": "09:30:00",&#xD;
                                "starttimeofperiod": "08:00:00"&#xD;
                              },&#xD;
                              {&#xD;
                                "endtimeofperiod": "18:30:00",&#xD;
                                "starttimeofperiod": "16:30:00:00"&#xD;
                              }&#xD;
                            ]&#xD;
                          }&#xD;
                        ]&#xD;
                      }&#xD;
                    }&#xD;
                  ],&#xD;
                  "conditionset": [&#xD;
                    {&#xD;
                      "conditions": [&#xD;
                        {&#xD;
                          "negate": true,&#xD;
                          "vehiclecharacteristics": {&#xD;
                            "maximumwidthcharacteristic": {&#xD;
                              "vehiclewidth": 12.1&#xD;
                            }&#xD;
                          }&#xD;
                        },&#xD;
                        {&#xD;
                          "negate": true,&#xD;
                          "vehiclecharacteristics": {&#xD;
                            "maximumheightcharacteristic": {&#xD;
                              "vehicleheight": 15.19&#xD;
                            }&#xD;
                          }&#xD;
                        },&#xD;
                        {&#xD;
                          "negate": true,&#xD;
                          "vehiclecharacteristics": {&#xD;
                            "maximumlengthcharacteristic": {&#xD;
                              "vehiclelength": 55.2&#xD;
                            }&#xD;
                          }&#xD;
                        },&#xD;
                        {&#xD;
                          "negate": true,&#xD;
                          "vehiclecharacteristics": {&#xD;
                            "maximumgrossweightcharacteristic": {&#xD;
                              "grossvehicleweight": 78.0&#xD;
                            }&#xD;
                          }&#xD;
                        },&#xD;
                        {&#xD;
                          "negate": true,&#xD;
                          "vehiclecharacteristics": {&#xD;
                            "heaviestaxleweightcharacteristic": {&#xD;
                              "heaviestaxleweight": 72.5&#xD;
                            }&#xD;
                          }&#xD;
                        }&#xD;
                      ],&#xD;
                      "operator": "or"&#xD;
                    }&#xD;
                  ],&#xD;
                  "operator": "and"&#xD;
                }&#xD;
              ],&#xD;
              "isdynamic": false,&#xD;
              "offlistregulation": {&#xD;
                "legislationcrossreference": [&#xD;
                  "regulation no.1",&#xD;
                  "regulation no.2"&#xD;
                ],&#xD;
                "regulationfulltext": "e-scooter regs",&#xD;
                "regulationshortname": "regulations for the use of e-scooters in anytown"&#xD;
              },&#xD;
              "timezone": "europe/london"&#xD;
            }&#xD;
          ]&#xD;
        }&#xD;
      ],&#xD;
      "reference": "abc",&#xD;
      "section": "all sections",&#xD;
      "traaffected": [&#xD;
        903695393&#xD;
      ],&#xD;
      "tracreator": 903695393,&#xD;
      "troname": "dft example - more complex v2, jan. 2025"&#xD;
    }&#xD;
  },&#xD;
  "id": "47302698-dd82-482c-8a77-5ac0ec9c1d70",&#xD;
  "schemaversion": "3.3.1"&#xD;
}&#xD;
JSONs match!&#xD;
Global async teardown after each test...&#xD;
Do before each test...&#xD;
========= cURL request =========&#xD;
curl -k -X GET "https://localhost:5001/dtroUsers" -H "x-App-Id: 8c5dd928-2c6b-4104-a000-283f8b366cf2"&#xD;
================================&#xD;
========= HTTP response =========&#xD;
Response status code: OK&#xD;
Response headers:&#xD;
  Date: Fri, 28 Feb 2025 10:34:10 GMT&#xD;
  Server: Kestrel&#xD;
  Cache-Control: no-store, must-revalidate, no-cache&#xD;
  Pragma: no-cache&#xD;
  Cross-Origin-Embedder-Policy: unsafe-none&#xD;
  Cross-Origin-Opener-Policy: same-origin&#xD;
  Cross-Origin-Resource-Policy: cross-origin&#xD;
  permissions-policy: geolocation=(), midi=(), sync-xhr=(), microphone=(), camera=(), magnetometer=(), gyroscope=(), fullscreen=(), payment=()&#xD;
  Referrer-Policy: no-referrer&#xD;
  X-Content-Type-Options: nosniff&#xD;
  X-Frame-Options: DENY&#xD;
  X-Permitted-Cross-Domain-Policies: none&#xD;
  X-XSS-Protection: 1; mode=block&#xD;
  X-UA-Compatible: IE=Edge&#xD;
  Strict-Transport-Security: max-age=31536000&#xD;
  X-Correlation-ID: ef8e69fa-7b1d-4986-a0ec-f22e9e7be3b7&#xD;
Response body:&#xD;
[&#xD;
  {&#xD;
    "id": "45a56949-dac9-4e87-947d-df989afa0b83",&#xD;
    "xAppId": "5c9cc1b2-5504-484a-96bb-3072ffbc79b2",&#xD;
    "traId": 903695393,&#xD;
    "name": "A Publisher / Tra",&#xD;
    "prefix": "AB",&#xD;
    "userGroup": "tra"&#xD;
  }&#xD;
]&#xD;
=================================&#xD;
========= cURL request =========&#xD;
curl -k -X DELETE "https://localhost:5001/dtroUsers/redundant" -H "x-App-Id: 8c5dd928-2c6b-4104-a000-283f8b366cf2" -H "Content-Type: application/json" -d "{\"ids\":[\"45a56949-dac9-4e87-947d-df989afa0b83\"]}"&#xD;
================================&#xD;
========= HTTP response =========&#xD;
Response status code: OK&#xD;
Response headers:&#xD;
  Date: Fri, 28 Feb 2025 10:34:10 GMT&#xD;
  Server: Kestrel&#xD;
  Cache-Control: no-store, must-revalidate, no-cache&#xD;
  Pragma: no-cache&#xD;
  Cross-Origin-Embedder-Policy: unsafe-none&#xD;
  Cross-Origin-Opener-Policy: same-origin&#xD;
  Cross-Origin-Resource-Policy: cross-origin&#xD;
  permissions-policy: geolocation=(), midi=(), sync-xhr=(), microphone=(), camera=(), magnetometer=(), gyroscope=(), fullscreen=(), payment=()&#xD;
  Referrer-Policy: no-referrer&#xD;
  X-Content-Type-Options: nosniff&#xD;
  X-Frame-Options: DENY&#xD;
  X-Permitted-Cross-Domain-Policies: none&#xD;
  X-XSS-Protection: 1; mode=block&#xD;
  X-UA-Compatible: IE=Edge&#xD;
  Strict-Transport-Security: max-age=31536000&#xD;
  X-Correlation-ID: edf48993-d3b2-497b-9b82-decb0a738c83&#xD;
Response body:&#xD;
true&#xD;
=================================&#xD;
Dtros table truncated successfully!&#xD;
Testing with file JSON-3.3.1-example-TTRO-TempOneWayWithConditions.json...&#xD;
App ID: 27776408-8e31-4e29-a7e9-41e3f16f3193&#xD;
TRA ID: 910469747&#xD;
Group ID: 1&#xD;
========= cURL request =========&#xD;
curl -k -X POST "https://localhost:5001/dtroUsers/createFromBody" -H "x-App-Id: 45e4926e-7b7d-47e5-ae63-d3c85998166e" -H "Content-Type: application/json" -d "{\r    \"id\": \"26fc4211-fa5b-442b-9978-fda7b1109a3c\",\r    \"traId\": 910469747,\r    \"name\": \"A publisher / TRA\",\r    \"prefix\": \"AB\",\r    \"userGroup\": 1,\r    \"xAppId\": \"45e4926e-7b7d-47e5-ae63-d3c85998166e\"\r}"&#xD;
================================&#xD;
========= HTTP response =========&#xD;
Response status code: Created&#xD;
Response headers:&#xD;
  Date: Fri, 28 Feb 2025 10:34:10 GMT&#xD;
  Server: Kestrel&#xD;
  Cache-Control: no-store, must-revalidate, no-cache&#xD;
  Location: https://localhost:5001/dtroUsers/createFromBody?id=f6161fd0-0dc5-49a7-a41d-881900b95b72&#xD;
  Pragma: no-cache&#xD;
  Cross-Origin-Embedder-Policy: unsafe-none&#xD;
  Cross-Origin-Opener-Policy: same-origin&#xD;
  Cross-Origin-Resource-Policy: cross-origin&#xD;
  permissions-policy: geolocation=(), midi=(), sync-xhr=(), microphone=(), camera=(), magnetometer=(), gyroscope=(), fullscreen=(), payment=()&#xD;
  Referrer-Policy: no-referrer&#xD;
  X-Content-Type-Options: nosniff&#xD;
  X-Frame-Options: DENY&#xD;
  X-Permitted-Cross-Domain-Policies: none&#xD;
  X-XSS-Protection: 1; mode=block&#xD;
  X-UA-Compatible: IE=Edge&#xD;
  Strict-Transport-Security: max-age=31536000&#xD;
  X-Correlation-ID: 554b455d-c8fc-4913-8cc4-cb3cd844a177&#xD;
Response body:&#xD;
{&#xD;
  "id": "f6161fd0-0dc5-49a7-a41d-881900b95b72"&#xD;
}&#xD;
=================================&#xD;
========= cURL request =========&#xD;
curl -k -X POST "https://localhost:5001/dtros/createFromBody" -H "x-App-Id: 45e4926e-7b7d-47e5-ae63-d3c85998166e" -H "Content-Type: application/json" -d "{\r  \"schemaVersion\": \"3.3.1\",\r  \"data\": {\r    \"Source\": {\r      \"actionType\": \"new\",\r      \"currentTraOwner\": 910469747,\r      \"Provision\": [\r        {\r          \"actionType\": \"new\",\r          \"orderReportingPoint\": \"ttroTtmoNoticeOfIntention\",\r          \"provisionDescription\": \"Temporary one way\",\r          \"reference\": \"b1618e6f-f65c-48c7-9cc7-45da9f45fbda\",\r          \"RegulatedPlace\": [\r            {\r              \"description\": \"Bishops Hull Road, between Waterfield Drive and Quartly Drive\",\r              \"DirectedLinear\": {\r                \"version\": 1,\r                \"directedLineString\": \"SRID=27700;LINESTRING(320317 124226, 320319 124259)\",\r                \"ExternalReference\": [\r                  {\r                    \"lastUpdateDate\": \"2024-10-01T00:00:00\",\r                    \"UniqueStreetReferenceNumber\": [\r                      {\r                        \"usrn\": 39605548\r                      }\r                    ]\r                  }\r                ]\r              },\r              \"type\": \"regulationLocation\"\r            }\r          ],\r          \"Regulation\": [\r            {\r              \"Condition\": [\r                {\r                  \"RoadCondition\": {\r                    \"roadType\": \"other\"\r                  }\r                }\r              ],\r              \"GeneralRegulation\": {\r                \"regulationType\": \"mandatoryDirectionOneWay\"\r              },\r              \"isDynamic\": false,\r              \"timeZone\": \"Europe/London\"\r            }\r          ]\r        }\r      ],\r      \"reference\": \"c962b51f-e1aa-416e-8f0b-aefe39a4c099\",\r      \"section\": \"All sections\",\r      \"traAffected\": [\r        910469747\r      ],\r      \"traCreator\": 910469747,\r      \"troName\": \"DfT Example - TTRO temporary one way v2, Jan. 2025\"\r    }\r  }\r}"&#xD;
================================&#xD;
========= HTTP response =========&#xD;
Response status code: Created&#xD;
Response headers:&#xD;
  Date: Fri, 28 Feb 2025 10:34:10 GMT&#xD;
  Server: Kestrel&#xD;
  Cache-Control: no-store, must-revalidate, no-cache&#xD;
  Location: https://localhost:5001/dtros/683b5686-5016-4960-982e-b2205a624b29&#xD;
  Pragma: no-cache&#xD;
  Cross-Origin-Embedder-Policy: unsafe-none&#xD;
  Cross-Origin-Opener-Policy: same-origin&#xD;
  Cross-Origin-Resource-Policy: cross-origin&#xD;
  permissions-policy: geolocation=(), midi=(), sync-xhr=(), microphone=(), camera=(), magnetometer=(), gyroscope=(), fullscreen=(), payment=()&#xD;
  Referrer-Policy: no-referrer&#xD;
  X-Content-Type-Options: nosniff&#xD;
  X-Frame-Options: DENY&#xD;
  X-Permitted-Cross-Domain-Policies: none&#xD;
  X-XSS-Protection: 1; mode=block&#xD;
  X-UA-Compatible: IE=Edge&#xD;
  Strict-Transport-Security: max-age=31536000&#xD;
  X-Correlation-ID: bee7c716-c928-44cf-b22c-f9ad0c173fed&#xD;
Response body:&#xD;
{&#xD;
  "id": "683b5686-5016-4960-982e-b2205a624b29"&#xD;
}&#xD;
=================================&#xD;
========= cURL request =========&#xD;
curl -k -X GET "https://localhost:5001/dtros/683b5686-5016-4960-982e-b2205a624b29" -H "x-App-Id: 45e4926e-7b7d-47e5-ae63-d3c85998166e"&#xD;
================================&#xD;
========= HTTP response =========&#xD;
Response status code: OK&#xD;
Response headers:&#xD;
  Date: Fri, 28 Feb 2025 10:34:10 GMT&#xD;
  Server: Kestrel&#xD;
  Cache-Control: no-store, must-revalidate, no-cache&#xD;
  Pragma: no-cache&#xD;
  Cross-Origin-Embedder-Policy: unsafe-none&#xD;
  Cross-Origin-Opener-Policy: same-origin&#xD;
  Cross-Origin-Resource-Policy: cross-origin&#xD;
  permissions-policy: geolocation=(), midi=(), sync-xhr=(), microphone=(), camera=(), magnetometer=(), gyroscope=(), fullscreen=(), payment=()&#xD;
  Referrer-Policy: no-referrer&#xD;
  X-Content-Type-Options: nosniff&#xD;
  X-Frame-Options: DENY&#xD;
  X-Permitted-Cross-Domain-Policies: none&#xD;
  X-XSS-Protection: 1; mode=block&#xD;
  X-UA-Compatible: IE=Edge&#xD;
  Strict-Transport-Security: max-age=31536000&#xD;
  X-Correlation-ID: 6ffa7de2-e016-4b35-bcf8-46e6b9a2d11f&#xD;
Response body:&#xD;
{&#xD;
  "id": "683b5686-5016-4960-982e-b2205a624b29",&#xD;
  "schemaVersion": "3.3.1",&#xD;
  "data": {&#xD;
    "source": {&#xD;
      "section": "All sections",&#xD;
      "troName": "DfT Example - TTRO temporary one way v2, Jan. 2025",&#xD;
      "provision": [&#xD;
        {&#xD;
          "reference": "b1618e6f-f65c-48c7-9cc7-45da9f45fbda",&#xD;
          "regulation": [&#xD;
            {&#xD;
              "timeZone": "Europe/London",&#xD;
              "condition": [&#xD;
                {&#xD;
                  "roadCondition": {&#xD;
                    "roadType": "other"&#xD;
                  }&#xD;
                }&#xD;
              ],&#xD;
              "isDynamic": false,&#xD;
              "generalRegulation": {&#xD;
                "regulationType": "mandatoryDirectionOneWay"&#xD;
              }&#xD;
            }&#xD;
          ],&#xD;
          "actionType": "new",&#xD;
          "regulatedPlace": [&#xD;
            {&#xD;
              "type": "regulationLocation",&#xD;
              "description": "Bishops Hull Road, between Waterfield Drive and Quartly Drive",&#xD;
              "directedLinear": {&#xD;
                "version": 1,&#xD;
                "externalReference": [&#xD;
                  {&#xD;
                    "lastUpdateDate": "2024-10-01T00:00:00",&#xD;
                    "uniqueStreetReferenceNumber": [&#xD;
                      {&#xD;
                        "usrn": 39605548&#xD;
                      }&#xD;
                    ]&#xD;
                  }&#xD;
                ],&#xD;
                "directedLineString": "SRID=27700;LINESTRING(320317 124226, 320319 124259)"&#xD;
              }&#xD;
            }&#xD;
          ],&#xD;
          "orderReportingPoint": "ttroTtmoNoticeOfIntention",&#xD;
          "provisionDescription": "Temporary one way"&#xD;
        }&#xD;
      ],&#xD;
      "reference": "c962b51f-e1aa-416e-8f0b-aefe39a4c099",&#xD;
      "actionType": "new",&#xD;
      "traCreator": 910469747,&#xD;
      "traAffected": [&#xD;
        910469747&#xD;
      ],&#xD;
      "currentTraOwner": 910469747&#xD;
    }&#xD;
  }&#xD;
}&#xD;
=================================&#xD;
Comparing JSON...&#xD;
{&#xD;
  "data": {&#xD;
    "source": {&#xD;
      "actiontype": "new",&#xD;
      "currenttraowner": 910469747,&#xD;
      "provision": [&#xD;
        {&#xD;
          "actiontype": "new",&#xD;
          "orderreportingpoint": "ttrottmonoticeofintention",&#xD;
          "provisiondescription": "temporary one way",&#xD;
          "reference": "b1618e6f-f65c-48c7-9cc7-45da9f45fbda",&#xD;
          "regulatedplace": [&#xD;
            {&#xD;
              "description": "bishops hull road, between waterfield drive and quartly drive",&#xD;
              "directedlinear": {&#xD;
                "directedlinestring": "srid=27700;linestring(320317 124226, 320319 124259)",&#xD;
                "externalreference": [&#xD;
                  {&#xD;
                    "lastupdatedate": "2024-10-01t00:00:00",&#xD;
                    "uniquestreetreferencenumber": [&#xD;
                      {&#xD;
                        "usrn": 39605548&#xD;
                      }&#xD;
                    ]&#xD;
                  }&#xD;
                ],&#xD;
                "version": 1&#xD;
              },&#xD;
              "type": "regulationlocation"&#xD;
            }&#xD;
          ],&#xD;
          "regulation": [&#xD;
            {&#xD;
              "condition": [&#xD;
                {&#xD;
                  "roadcondition": {&#xD;
                    "roadtype": "other"&#xD;
                  }&#xD;
                }&#xD;
              ],&#xD;
              "generalregulation": {&#xD;
                "regulationtype": "mandatorydirectiononeway"&#xD;
              },&#xD;
              "isdynamic": false,&#xD;
              "timezone": "europe/london"&#xD;
            }&#xD;
          ]&#xD;
        }&#xD;
      ],&#xD;
      "reference": "c962b51f-e1aa-416e-8f0b-aefe39a4c099",&#xD;
      "section": "all sections",&#xD;
      "traaffected": [&#xD;
        910469747&#xD;
      ],&#xD;
      "tracreator": 910469747,&#xD;
      "troname": "dft example - ttro temporary one way v2, jan. 2025"&#xD;
    }&#xD;
  },&#xD;
  "id": "683b5686-5016-4960-982e-b2205a624b29",&#xD;
  "schemaversion": "3.3.1"&#xD;
}&#xD;
JSONs match!&#xD;
Global async teardown after each test...&#xD;
Do before each test...&#xD;
========= cURL request =========&#xD;
curl -k -X GET "https://localhost:5001/dtroUsers" -H "x-App-Id: 8c5dd928-2c6b-4104-a000-283f8b366cf2"&#xD;
================================&#xD;
========= HTTP response =========&#xD;
Response status code: OK&#xD;
Response headers:&#xD;
  Date: Fri, 28 Feb 2025 10:34:10 GMT&#xD;
  Server: Kestrel&#xD;
  Cache-Control: no-store, must-revalidate, no-cache&#xD;
  Pragma: no-cache&#xD;
  Cross-Origin-Embedder-Policy: unsafe-none&#xD;
  Cross-Origin-Opener-Policy: same-origin&#xD;
  Cross-Origin-Resource-Policy: cross-origin&#xD;
  permissions-policy: geolocation=(), midi=(), sync-xhr=(), microphone=(), camera=(), magnetometer=(), gyroscope=(), fullscreen=(), payment=()&#xD;
  Referrer-Policy: no-referrer&#xD;
  X-Content-Type-Options: nosniff&#xD;
  X-Frame-Options: DENY&#xD;
  X-Permitted-Cross-Domain-Policies: none&#xD;
  X-XSS-Protection: 1; mode=block&#xD;
  X-UA-Compatible: IE=Edge&#xD;
  Strict-Transport-Security: max-age=31536000&#xD;
  X-Correlation-ID: 62f6d953-cd2e-4aa5-bc20-5685414877bf&#xD;
Response body:&#xD;
[&#xD;
  {&#xD;
    "id": "f6161fd0-0dc5-49a7-a41d-881900b95b72",&#xD;
    "xAppId": "45e4926e-7b7d-47e5-ae63-d3c85998166e",&#xD;
    "traId": 910469747,&#xD;
    "name": "A Publisher / Tra",&#xD;
    "prefix": "AB",&#xD;
    "userGroup": "tra"&#xD;
  }&#xD;
]&#xD;
=================================&#xD;
========= cURL request =========&#xD;
curl -k -X DELETE "https://localhost:5001/dtroUsers/redundant" -H "x-App-Id: 8c5dd928-2c6b-4104-a000-283f8b366cf2" -H "Content-Type: application/json" -d "{\"ids\":[\"f6161fd0-0dc5-49a7-a41d-881900b95b72\"]}"&#xD;
================================&#xD;
========= HTTP response =========&#xD;
Response status code: OK&#xD;
Response headers:&#xD;
  Date: Fri, 28 Feb 2025 10:34:10 GMT&#xD;
  Server: Kestrel&#xD;
  Cache-Control: no-store, must-revalidate, no-cache&#xD;
  Pragma: no-cache&#xD;
  Cross-Origin-Embedder-Policy: unsafe-none&#xD;
  Cross-Origin-Opener-Policy: same-origin&#xD;
  Cross-Origin-Resource-Policy: cross-origin&#xD;
  permissions-policy: geolocation=(), midi=(), sync-xhr=(), microphone=(), camera=(), magnetometer=(), gyroscope=(), fullscreen=(), payment=()&#xD;
  Referrer-Policy: no-referrer&#xD;
  X-Content-Type-Options: nosniff&#xD;
  X-Frame-Options: DENY&#xD;
  X-Permitted-Cross-Domain-Policies: none&#xD;
  X-XSS-Protection: 1; mode=block&#xD;
  X-UA-Compatible: IE=Edge&#xD;
  Strict-Transport-Security: max-age=31536000&#xD;
  X-Correlation-ID: 446e5a9f-ed7b-4ff6-8452-8ca49a03eda5&#xD;
Response body:&#xD;
true&#xD;
=================================&#xD;
Dtros table truncated successfully!&#xD;
Testing with file JSON-3.3.1-example-TTRO-SuspensionOneWay.json...&#xD;
App ID: 5bce5818-5f43-485a-b03e-4665bf50b8e0&#xD;
TRA ID: 915104225&#xD;
Group ID: 1&#xD;
========= cURL request =========&#xD;
curl -k -X POST "https://localhost:5001/dtroUsers/createFromBody" -H "x-App-Id: cbac9d97-450e-4eab-9b2e-0a4f86d40401" -H "Content-Type: application/json" -d "{\r    \"id\": \"26fc4211-fa5b-442b-9978-fda7b1109a3c\",\r    \"traId\": 915104225,\r    \"name\": \"A publisher / TRA\",\r    \"prefix\": \"AB\",\r    \"userGroup\": 1,\r    \"xAppId\": \"cbac9d97-450e-4eab-9b2e-0a4f86d40401\"\r}"&#xD;
================================&#xD;
========= HTTP response =========&#xD;
Response status code: Created&#xD;
Response headers:&#xD;
  Date: Fri, 28 Feb 2025 10:34:10 GMT&#xD;
  Server: Kestrel&#xD;
  Cache-Control: no-store, must-revalidate, no-cache&#xD;
  Location: https://localhost:5001/dtroUsers/createFromBody?id=9a9052b3-e12f-4c12-a330-900c7ff57ae4&#xD;
  Pragma: no-cache&#xD;
  Cross-Origin-Embedder-Policy: unsafe-none&#xD;
  Cross-Origin-Opener-Policy: same-origin&#xD;
  Cross-Origin-Resource-Policy: cross-origin&#xD;
  permissions-policy: geolocation=(), midi=(), sync-xhr=(), microphone=(), camera=(), magnetometer=(), gyroscope=(), fullscreen=(), payment=()&#xD;
  Referrer-Policy: no-referrer&#xD;
  X-Content-Type-Options: nosniff&#xD;
  X-Frame-Options: DENY&#xD;
  X-Permitted-Cross-Domain-Policies: none&#xD;
  X-XSS-Protection: 1; mode=block&#xD;
  X-UA-Compatible: IE=Edge&#xD;
  Strict-Transport-Security: max-age=31536000&#xD;
  X-Correlation-ID: 47551ed5-e7c4-4392-a150-5bbd6469c5c5&#xD;
Response body:&#xD;
{&#xD;
  "id": "9a9052b3-e12f-4c12-a330-900c7ff57ae4"&#xD;
}&#xD;
=================================&#xD;
========= cURL request =========&#xD;
curl -k -X POST "https://localhost:5001/dtros/createFromBody" -H "x-App-Id: cbac9d97-450e-4eab-9b2e-0a4f86d40401" -H "Content-Type: application/json" -d "{\r  \"schemaVersion\": \"3.3.1\",\r  \"data\": {\r    \"Source\": {\r      \"actionType\": \"new\",\r      \"currentTraOwner\": 915104225,\r      \"Provision\": [\r        {\r          \"actionType\": \"new\",\r          \"orderReportingPoint\": \"ttroTtmoNoticeAfterMaking\",\r          \"provisionDescription\": \"Suspension of one way on Haydon Road, perhaps to be linked to placement of temporary traffic signals\",\r          \"reference\": \"b1618e6f-f65c-48c7-9cc7-45da9f45fbda\",\r          \"RegulatedPlace\": [\r            {\r              \"description\": \"Haydon Road\",\r              \"LinearGeometry\": {\r                \"version\": 1,\r                \"direction\": \"bidirectional\",\r                \"lateralPosition\": \"centreline\",\r                \"linestring\": \"SRID=27700;LINESTRING(323357 124578, 323338 124640)\",\r                \"representation\": \"representingZone\",\r                \"ExternalReference\": [\r                  {\r                    \"lastUpdateDate\": \"2024-10-01T00:00:00\",\r                    \"UniqueStreetReferenceNumber\": [\r                      {\r                        \"usrn\": 39605715\r                      }\r                    ]\r                  }\r                ]\r              },\r              \"type\": \"regulationLocation\"\r            }\r          ],\r          \"Regulation\": [\r            {\r              \"Condition\": [\r                {\r                  \"TimeValidity\": {\r                    \"start\": \"2024-10-23T08:00:00\",\r                    \"end\": \"2024-10-23T20:00:00\"\r                  }\r                }\r              ],\r              \"GeneralRegulation\": {\r                \"regulationType\": \"miscSuspensionOfOneWay\"\r              },\r              \"isDynamic\": false,\r              \"timeZone\": \"Europe/London\"\r            }\r          ]\r        }\r      ],\r      \"reference\": \"c962b51f-e1aa-416e-8f0b-aefe39a4c099\",\r      \"section\": \"All sections\",\r      \"traAffected\": [\r        915104225\r      ],\r      \"traCreator\": 915104225,\r      \"troName\": \"DfT Example - TTRO suspension of one way v3, Jan. 2025\"\r    }\r  }\r}"&#xD;
================================&#xD;
========= HTTP response =========&#xD;
Response status code: Created&#xD;
Response headers:&#xD;
  Date: Fri, 28 Feb 2025 10:34:10 GMT&#xD;
  Server: Kestrel&#xD;
  Cache-Control: no-store, must-revalidate, no-cache&#xD;
  Location: https://localhost:5001/dtros/fdd5a384-8ed5-4d05-94b4-5dc4ee8f23cc&#xD;
  Pragma: no-cache&#xD;
  Cross-Origin-Embedder-Policy: unsafe-none&#xD;
  Cross-Origin-Opener-Policy: same-origin&#xD;
  Cross-Origin-Resource-Policy: cross-origin&#xD;
  permissions-policy: geolocation=(), midi=(), sync-xhr=(), microphone=(), camera=(), magnetometer=(), gyroscope=(), fullscreen=(), payment=()&#xD;
  Referrer-Policy: no-referrer&#xD;
  X-Content-Type-Options: nosniff&#xD;
  X-Frame-Options: DENY&#xD;
  X-Permitted-Cross-Domain-Policies: none&#xD;
  X-XSS-Protection: 1; mode=block&#xD;
  X-UA-Compatible: IE=Edge&#xD;
  Strict-Transport-Security: max-age=31536000&#xD;
  X-Correlation-ID: 62078018-e473-4c32-ab33-84da0109484f&#xD;
Response body:&#xD;
{&#xD;
  "id": "fdd5a384-8ed5-4d05-94b4-5dc4ee8f23cc"&#xD;
}&#xD;
=================================&#xD;
========= cURL request =========&#xD;
curl -k -X GET "https://localhost:5001/dtros/fdd5a384-8ed5-4d05-94b4-5dc4ee8f23cc" -H "x-App-Id: cbac9d97-450e-4eab-9b2e-0a4f86d40401"&#xD;
================================&#xD;
========= HTTP response =========&#xD;
Response status code: OK&#xD;
Response headers:&#xD;
  Date: Fri, 28 Feb 2025 10:34:10 GMT&#xD;
  Server: Kestrel&#xD;
  Cache-Control: no-store, must-revalidate, no-cache&#xD;
  Pragma: no-cache&#xD;
  Cross-Origin-Embedder-Policy: unsafe-none&#xD;
  Cross-Origin-Opener-Policy: same-origin&#xD;
  Cross-Origin-Resource-Policy: cross-origin&#xD;
  permissions-policy: geolocation=(), midi=(), sync-xhr=(), microphone=(), camera=(), magnetometer=(), gyroscope=(), fullscreen=(), payment=()&#xD;
  Referrer-Policy: no-referrer&#xD;
  X-Content-Type-Options: nosniff&#xD;
  X-Frame-Options: DENY&#xD;
  X-Permitted-Cross-Domain-Policies: none&#xD;
  X-XSS-Protection: 1; mode=block&#xD;
  X-UA-Compatible: IE=Edge&#xD;
  Strict-Transport-Security: max-age=31536000&#xD;
  X-Correlation-ID: c4b85057-7a56-4dc6-a567-84d66ed54572&#xD;
Response body:&#xD;
{&#xD;
  "id": "fdd5a384-8ed5-4d05-94b4-5dc4ee8f23cc",&#xD;
  "schemaVersion": "3.3.1",&#xD;
  "data": {&#xD;
    "source": {&#xD;
      "section": "All sections",&#xD;
      "troName": "DfT Example - TTRO suspension of one way v3, Jan. 2025",&#xD;
      "provision": [&#xD;
        {&#xD;
          "reference": "b1618e6f-f65c-48c7-9cc7-45da9f45fbda",&#xD;
          "regulation": [&#xD;
            {&#xD;
              "timeZone": "Europe/London",&#xD;
              "condition": [&#xD;
                {&#xD;
                  "timeValidity": {&#xD;
                    "end": "2024-10-23T20:00:00",&#xD;
                    "start": "2024-10-23T08:00:00"&#xD;
                  }&#xD;
                }&#xD;
              ],&#xD;
              "isDynamic": false,&#xD;
              "generalRegulation": {&#xD;
                "regulationType": "miscSuspensionOfOneWay"&#xD;
              }&#xD;
            }&#xD;
          ],&#xD;
          "actionType": "new",&#xD;
          "regulatedPlace": [&#xD;
            {&#xD;
              "type": "regulationLocation",&#xD;
              "description": "Haydon Road",&#xD;
              "linearGeometry": {&#xD;
                "version": 1,&#xD;
                "direction": "bidirectional",&#xD;
                "linestring": "SRID=27700;LINESTRING(323357 124578, 323338 124640)",&#xD;
                "representation": "representingZone",&#xD;
                "lateralPosition": "centreline",&#xD;
                "externalReference": [&#xD;
                  {&#xD;
                    "lastUpdateDate": "2024-10-01T00:00:00",&#xD;
                    "uniqueStreetReferenceNumber": [&#xD;
                      {&#xD;
                        "usrn": 39605715&#xD;
                      }&#xD;
                    ]&#xD;
                  }&#xD;
                ]&#xD;
              }&#xD;
            }&#xD;
          ],&#xD;
          "orderReportingPoint": "ttroTtmoNoticeAfterMaking",&#xD;
          "provisionDescription": "Suspension of one way on Haydon Road, perhaps to be linked to placement of temporary traffic signals"&#xD;
        }&#xD;
      ],&#xD;
      "reference": "c962b51f-e1aa-416e-8f0b-aefe39a4c099",&#xD;
      "actionType": "new",&#xD;
      "traCreator": 915104225,&#xD;
      "traAffected": [&#xD;
        915104225&#xD;
      ],&#xD;
      "currentTraOwner": 915104225&#xD;
    }&#xD;
  }&#xD;
}&#xD;
=================================&#xD;
Comparing JSON...&#xD;
{&#xD;
  "data": {&#xD;
    "source": {&#xD;
      "actiontype": "new",&#xD;
      "currenttraowner": 915104225,&#xD;
      "provision": [&#xD;
        {&#xD;
          "actiontype": "new",&#xD;
          "orderreportingpoint": "ttrottmonoticeaftermaking",&#xD;
          "provisiondescription": "suspension of one way on haydon road, perhaps to be linked to placement of temporary traffic signals",&#xD;
          "reference": "b1618e6f-f65c-48c7-9cc7-45da9f45fbda",&#xD;
          "regulatedplace": [&#xD;
            {&#xD;
              "description": "haydon road",&#xD;
              "lineargeometry": {&#xD;
                "direction": "bidirectional",&#xD;
                "externalreference": [&#xD;
                  {&#xD;
                    "lastupdatedate": "2024-10-01t00:00:00",&#xD;
                    "uniquestreetreferencenumber": [&#xD;
                      {&#xD;
                        "usrn": 39605715&#xD;
                      }&#xD;
                    ]&#xD;
                  }&#xD;
                ],&#xD;
                "lateralposition": "centreline",&#xD;
                "linestring": "srid=27700;linestring(323357 124578, 323338 124640)",&#xD;
                "representation": "representingzone",&#xD;
                "version": 1&#xD;
              },&#xD;
              "type": "regulationlocation"&#xD;
            }&#xD;
          ],&#xD;
          "regulation": [&#xD;
            {&#xD;
              "condition": [&#xD;
                {&#xD;
                  "timevalidity": {&#xD;
                    "end": "2024-10-23t20:00:00",&#xD;
                    "start": "2024-10-23t08:00:00"&#xD;
                  }&#xD;
                }&#xD;
              ],&#xD;
              "generalregulation": {&#xD;
                "regulationtype": "miscsuspensionofoneway"&#xD;
              },&#xD;
              "isdynamic": false,&#xD;
              "timezone": "europe/london"&#xD;
            }&#xD;
          ]&#xD;
        }&#xD;
      ],&#xD;
      "reference": "c962b51f-e1aa-416e-8f0b-aefe39a4c099",&#xD;
      "section": "all sections",&#xD;
      "traaffected": [&#xD;
        915104225&#xD;
      ],&#xD;
      "tracreator": 915104225,&#xD;
      "troname": "dft example - ttro suspension of one way v3, jan. 2025"&#xD;
    }&#xD;
  },&#xD;
  "id": "fdd5a384-8ed5-4d05-94b4-5dc4ee8f23cc",&#xD;
  "schemaversion": "3.3.1"&#xD;
}&#xD;
JSONs match!&#xD;
Global async teardown after each test...&#xD;
Do before each test...&#xD;
========= cURL request =========&#xD;
curl -k -X GET "https://localhost:5001/dtroUsers" -H "x-App-Id: 8c5dd928-2c6b-4104-a000-283f8b366cf2"&#xD;
================================&#xD;
========= HTTP response =========&#xD;
Response status code: OK&#xD;
Response headers:&#xD;
  Date: Fri, 28 Feb 2025 10:34:10 GMT&#xD;
  Server: Kestrel&#xD;
  Cache-Control: no-store, must-revalidate, no-cache&#xD;
  Pragma: no-cache&#xD;
  Cross-Origin-Embedder-Policy: unsafe-none&#xD;
  Cross-Origin-Opener-Policy: same-origin&#xD;
  Cross-Origin-Resource-Policy: cross-origin&#xD;
  permissions-policy: geolocation=(), midi=(), sync-xhr=(), microphone=(), camera=(), magnetometer=(), gyroscope=(), fullscreen=(), payment=()&#xD;
  Referrer-Policy: no-referrer&#xD;
  X-Content-Type-Options: nosniff&#xD;
  X-Frame-Options: DENY&#xD;
  X-Permitted-Cross-Domain-Policies: none&#xD;
  X-XSS-Protection: 1; mode=block&#xD;
  X-UA-Compatible: IE=Edge&#xD;
  Strict-Transport-Security: max-age=31536000&#xD;
  X-Correlation-ID: f747ecf1-db5e-4084-a345-f69dbd49262a&#xD;
Response body:&#xD;
[&#xD;
  {&#xD;
    "id": "9a9052b3-e12f-4c12-a330-900c7ff57ae4",&#xD;
    "xAppId": "cbac9d97-450e-4eab-9b2e-0a4f86d40401",&#xD;
    "traId": 915104225,&#xD;
    "name": "A Publisher / Tra",&#xD;
    "prefix": "AB",&#xD;
    "userGroup": "tra"&#xD;
  }&#xD;
]&#xD;
=================================&#xD;
========= cURL request =========&#xD;
curl -k -X DELETE "https://localhost:5001/dtroUsers/redundant" -H "x-App-Id: 8c5dd928-2c6b-4104-a000-283f8b366cf2" -H "Content-Type: application/json" -d "{\"ids\":[\"9a9052b3-e12f-4c12-a330-900c7ff57ae4\"]}"&#xD;
================================&#xD;
========= HTTP response =========&#xD;
Response status code: OK&#xD;
Response headers:&#xD;
  Date: Fri, 28 Feb 2025 10:34:11 GMT&#xD;
  Server: Kestrel&#xD;
  Cache-Control: no-store, must-revalidate, no-cache&#xD;
  Pragma: no-cache&#xD;
  Cross-Origin-Embedder-Policy: unsafe-none&#xD;
  Cross-Origin-Opener-Policy: same-origin&#xD;
  Cross-Origin-Resource-Policy: cross-origin&#xD;
  permissions-policy: geolocation=(), midi=(), sync-xhr=(), microphone=(), camera=(), magnetometer=(), gyroscope=(), fullscreen=(), payment=()&#xD;
  Referrer-Policy: no-referrer&#xD;
  X-Content-Type-Options: nosniff&#xD;
  X-Frame-Options: DENY&#xD;
  X-Permitted-Cross-Domain-Policies: none&#xD;
  X-XSS-Protection: 1; mode=block&#xD;
  X-UA-Compatible: IE=Edge&#xD;
  Strict-Transport-Security: max-age=31536000&#xD;
  X-Correlation-ID: ff862ad9-8378-4da6-9500-de5530d24575&#xD;
Response body:&#xD;
true&#xD;
=================================&#xD;
Dtros table truncated successfully!&#xD;
Testing with file JSON-3.3.1-example-TTRO-multiple-nested-ConditionSet.json...&#xD;
App ID: 61748b29-fab1-4874-a9e6-4eb6a1b79b81&#xD;
TRA ID: 918735282&#xD;
Group ID: 1&#xD;
========= cURL request =========&#xD;
curl -k -X POST "https://localhost:5001/dtroUsers/createFromBody" -H "x-App-Id: 3c349f6a-5c91-4e2f-906a-874a086f45ca" -H "Content-Type: application/json" -d "{\r    \"id\": \"26fc4211-fa5b-442b-9978-fda7b1109a3c\",\r    \"traId\": 918735282,\r    \"name\": \"A publisher / TRA\",\r    \"prefix\": \"AB\",\r    \"userGroup\": 1,\r    \"xAppId\": \"3c349f6a-5c91-4e2f-906a-874a086f45ca\"\r}"&#xD;
================================&#xD;
========= HTTP response =========&#xD;
Response status code: Created&#xD;
Response headers:&#xD;
  Date: Fri, 28 Feb 2025 10:34:11 GMT&#xD;
  Server: Kestrel&#xD;
  Cache-Control: no-store, must-revalidate, no-cache&#xD;
  Location: https://localhost:5001/dtroUsers/createFromBody?id=64a8252e-a22a-4f8b-b6fb-02953435f155&#xD;
  Pragma: no-cache&#xD;
  Cross-Origin-Embedder-Policy: unsafe-none&#xD;
  Cross-Origin-Opener-Policy: same-origin&#xD;
  Cross-Origin-Resource-Policy: cross-origin&#xD;
  permissions-policy: geolocation=(), midi=(), sync-xhr=(), microphone=(), camera=(), magnetometer=(), gyroscope=(), fullscreen=(), payment=()&#xD;
  Referrer-Policy: no-referrer&#xD;
  X-Content-Type-Options: nosniff&#xD;
  X-Frame-Options: DENY&#xD;
  X-Permitted-Cross-Domain-Policies: none&#xD;
  X-XSS-Protection: 1; mode=block&#xD;
  X-UA-Compatible: IE=Edge&#xD;
  Strict-Transport-Security: max-age=31536000&#xD;
  X-Correlation-ID: 7cbd2ef8-48bd-41b9-b835-b854b409c668&#xD;
Response body:&#xD;
{&#xD;
  "id": "64a8252e-a22a-4f8b-b6fb-02953435f155"&#xD;
}&#xD;
=================================&#xD;
========= cURL request =========&#xD;
curl -k -X POST "https://localhost:5001/dtros/createFromBody" -H "x-App-Id: 3c349f6a-5c91-4e2f-906a-874a086f45ca" -H "Content-Type: application/json" -d "{\r  \"schemaVersion\": \"3.3.1\",\r  \"data\": {\r    \"Source\": {\r      \"actionType\": \"new\",\r      \"currentTraOwner\": 918735282,\r      \"Provision\": [\r        {\r          \"actionType\": \"new\",\r          \"orderReportingPoint\": \"ttroTtmoNoticeOfIntention\",\r          \"provisionDescription\": \"Temporary height and length restriction\",\r          \"reference\": \"b1618e6f-f65c-48c7-9cc7-45da9f45fbda\",\r          \"RegulatedPlace\": [\r            {\r              \"description\": \"East Reach - Taunton\",\r              \"type\": \"regulationLocation\",\r              \"PointGeometry\": {\r                \"version\": 1,\r                \"point\": \"SRID=27700;POINT(323544 124622)\",\r                \"representation\": \"centreLinePoint\",\r                \"ExternalReference\": [\r                  {\r                    \"lastUpdateDate\": \"2024-08-01T00:00:00\",\r                    \"UniqueStreetReferenceNumber\": [\r                      {\r                        \"usrn\": 39608173\r                      }\r                    ]\r                  }\r                ]\r              }\r            }\r          ],\r          \"Regulation\": [\r            {\r              \"isDynamic\": false,\r              \"timeZone\": \"Europe/London\",\r              \"GeneralRegulation\": {\r                \"regulationType\": \"dimensionMaximumHeightWithTRO\"\r              },\r              \"ConditionSet\": [\r                {\r                  \"Condition\": [\r                    {\r                      \"negate\": false,\r                      \"TimeValidity\": {\r                        \"start\": \"2024-08-22T08:00:00\",\r                        \"end\": \"2024-08-22T20:00:00\"\r                      }\r                    }\r                  ],\r                  \"ConditionSet\": [\r                    {\r                      \"conditions\": [\r                        {\r                          \"negate\": false,\r                          \"VehicleCharacteristics\": {\r                            \"MaximumHeightCharacteristic\": {\r                              \"vehicleHeight\": 2.5\r                            }\r                          }\r                        },\r                        {\r                          \"negate\": true,\r                          \"VehicleCharacteristics\": {\r                            \"vehicleType\": \"bus\"\r                          }\r                        },\r                        {\r                          \"ConditionSet\": [\r                            {\r                              \"conditions\": [\r                                {\r                                  \"negate\": false,\r                                  \"VehicleCharacteristics\": {\r                                    \"vehicleType\": \"taxi\"\r                                  }\r                                },\r                                {\r                                  \"negate\": false,\r                                  \"VehicleCharacteristics\": {\r                                    \"vehicleUsage\": \"access\"\r                                  }\r                                }\r                              ],\r                              \"operator\": \"and\"\r                            }\r                          ]\r                        }\r                      ],\r                      \"operator\": \"or\"\r                    }\r                  ],\r                  \"operator\": \"and\"\r                }\r              ]\r            }\r          ]\r        }\r      ],\r      \"reference\": \"c962b51f-e1aa-416e-8f0b-aefe39a4c099\",\r      \"section\": \"All sections\",\r      \"traAffected\": [\r        918735282\r      ],\r      \"traCreator\": 918735282,\r      \"troName\": \"DfT Example - TTRO height restriction and length with multiple conditions v2, Nov. 2024\"\r    }\r  }\r}"&#xD;
================================&#xD;
========= HTTP response =========&#xD;
Response status code: Created&#xD;
Response headers:&#xD;
  Date: Fri, 28 Feb 2025 10:34:11 GMT&#xD;
  Server: Kestrel&#xD;
  Cache-Control: no-store, must-revalidate, no-cache&#xD;
  Location: https://localhost:5001/dtros/d4a01230-c196-4f42-9845-d86201620aba&#xD;
  Pragma: no-cache&#xD;
  Cross-Origin-Embedder-Policy: unsafe-none&#xD;
  Cross-Origin-Opener-Policy: same-origin&#xD;
  Cross-Origin-Resource-Policy: cross-origin&#xD;
  permissions-policy: geolocation=(), midi=(), sync-xhr=(), microphone=(), camera=(), magnetometer=(), gyroscope=(), fullscreen=(), payment=()&#xD;
  Referrer-Policy: no-referrer&#xD;
  X-Content-Type-Options: nosniff&#xD;
  X-Frame-Options: DENY&#xD;
  X-Permitted-Cross-Domain-Policies: none&#xD;
  X-XSS-Protection: 1; mode=block&#xD;
  X-UA-Compatible: IE=Edge&#xD;
  Strict-Transport-Security: max-age=31536000&#xD;
  X-Correlation-ID: e9b2a195-85ea-4c0d-af24-fd4ae42491c3&#xD;
Response body:&#xD;
{&#xD;
  "id": "d4a01230-c196-4f42-9845-d86201620aba"&#xD;
}&#xD;
=================================&#xD;
========= cURL request =========&#xD;
curl -k -X GET "https://localhost:5001/dtros/d4a01230-c196-4f42-9845-d86201620aba" -H "x-App-Id: 3c349f6a-5c91-4e2f-906a-874a086f45ca"&#xD;
================================&#xD;
========= HTTP response =========&#xD;
Response status code: OK&#xD;
Response headers:&#xD;
  Date: Fri, 28 Feb 2025 10:34:11 GMT&#xD;
  Server: Kestrel&#xD;
  Cache-Control: no-store, must-revalidate, no-cache&#xD;
  Pragma: no-cache&#xD;
  Cross-Origin-Embedder-Policy: unsafe-none&#xD;
  Cross-Origin-Opener-Policy: same-origin&#xD;
  Cross-Origin-Resource-Policy: cross-origin&#xD;
  permissions-policy: geolocation=(), midi=(), sync-xhr=(), microphone=(), camera=(), magnetometer=(), gyroscope=(), fullscreen=(), payment=()&#xD;
  Referrer-Policy: no-referrer&#xD;
  X-Content-Type-Options: nosniff&#xD;
  X-Frame-Options: DENY&#xD;
  X-Permitted-Cross-Domain-Policies: none&#xD;
  X-XSS-Protection: 1; mode=block&#xD;
  X-UA-Compatible: IE=Edge&#xD;
  Strict-Transport-Security: max-age=31536000&#xD;
  X-Correlation-ID: f331d73c-fa4a-4192-be0b-34b13c860139&#xD;
Response body:&#xD;
{&#xD;
  "id": "d4a01230-c196-4f42-9845-d86201620aba",&#xD;
  "schemaVersion": "3.3.1",&#xD;
  "data": {&#xD;
    "source": {&#xD;
      "section": "All sections",&#xD;
      "troName": "DfT Example - TTRO height restriction and length with multiple conditions v2, Nov. 2024",&#xD;
      "provision": [&#xD;
        {&#xD;
          "reference": "b1618e6f-f65c-48c7-9cc7-45da9f45fbda",&#xD;
          "regulation": [&#xD;
            {&#xD;
              "timeZone": "Europe/London",&#xD;
              "isDynamic": false,&#xD;
              "conditionSet": [&#xD;
                {&#xD;
                  "operator": "and",&#xD;
                  "condition": [&#xD;
                    {&#xD;
                      "negate": false,&#xD;
                      "timeValidity": {&#xD;
                        "end": "2024-08-22T20:00:00",&#xD;
                        "start": "2024-08-22T08:00:00"&#xD;
                      }&#xD;
                    }&#xD;
                  ],&#xD;
                  "conditionSet": [&#xD;
                    {&#xD;
                      "operator": "or",&#xD;
                      "conditions": [&#xD;
                        {&#xD;
                          "negate": false,&#xD;
                          "vehicleCharacteristics": {&#xD;
                            "maximumHeightCharacteristic": {&#xD;
                              "vehicleHeight": 2.5&#xD;
                            }&#xD;
                          }&#xD;
                        },&#xD;
                        {&#xD;
                          "negate": true,&#xD;
                          "vehicleCharacteristics": {&#xD;
                            "vehicleType": "bus"&#xD;
                          }&#xD;
                        },&#xD;
                        {&#xD;
                          "conditionSet": [&#xD;
                            {&#xD;
                              "operator": "and",&#xD;
                              "conditions": [&#xD;
                                {&#xD;
                                  "negate": false,&#xD;
                                  "vehicleCharacteristics": {&#xD;
                                    "vehicleType": "taxi"&#xD;
                                  }&#xD;
                                },&#xD;
                                {&#xD;
                                  "negate": false,&#xD;
                                  "vehicleCharacteristics": {&#xD;
                                    "vehicleUsage": "access"&#xD;
                                  }&#xD;
                                }&#xD;
                              ]&#xD;
                            }&#xD;
                          ]&#xD;
                        }&#xD;
                      ]&#xD;
                    }&#xD;
                  ]&#xD;
                }&#xD;
              ],&#xD;
              "generalRegulation": {&#xD;
                "regulationType": "dimensionMaximumHeightWithTRO"&#xD;
              }&#xD;
            }&#xD;
          ],&#xD;
          "actionType": "new",&#xD;
          "regulatedPlace": [&#xD;
            {&#xD;
              "type": "regulationLocation",&#xD;
              "description": "East Reach - Taunton",&#xD;
              "pointGeometry": {&#xD;
                "point": "SRID=27700;POINT(323544 124622)",&#xD;
                "version": 1,&#xD;
                "representation": "centreLinePoint",&#xD;
                "externalReference": [&#xD;
                  {&#xD;
                    "lastUpdateDate": "2024-08-01T00:00:00",&#xD;
                    "uniqueStreetReferenceNumber": [&#xD;
                      {&#xD;
                        "usrn": 39608173&#xD;
                      }&#xD;
                    ]&#xD;
                  }&#xD;
                ]&#xD;
              }&#xD;
            }&#xD;
          ],&#xD;
          "orderReportingPoint": "ttroTtmoNoticeOfIntention",&#xD;
          "provisionDescription": "Temporary height and length restriction"&#xD;
        }&#xD;
      ],&#xD;
      "reference": "c962b51f-e1aa-416e-8f0b-aefe39a4c099",&#xD;
      "actionType": "new",&#xD;
      "traCreator": 918735282,&#xD;
      "traAffected": [&#xD;
        918735282&#xD;
      ],&#xD;
      "currentTraOwner": 918735282&#xD;
    }&#xD;
  }&#xD;
}&#xD;
=================================&#xD;
Comparing JSON...&#xD;
{&#xD;
  "data": {&#xD;
    "source": {&#xD;
      "actiontype": "new",&#xD;
      "currenttraowner": 918735282,&#xD;
      "provision": [&#xD;
        {&#xD;
          "actiontype": "new",&#xD;
          "orderreportingpoint": "ttrottmonoticeofintention",&#xD;
          "provisiondescription": "temporary height and length restriction",&#xD;
          "reference": "b1618e6f-f65c-48c7-9cc7-45da9f45fbda",&#xD;
          "regulatedplace": [&#xD;
            {&#xD;
              "description": "east reach - taunton",&#xD;
              "pointgeometry": {&#xD;
                "externalreference": [&#xD;
                  {&#xD;
                    "lastupdatedate": "2024-08-01t00:00:00",&#xD;
                    "uniquestreetreferencenumber": [&#xD;
                      {&#xD;
                        "usrn": 39608173&#xD;
                      }&#xD;
                    ]&#xD;
                  }&#xD;
                ],&#xD;
                "point": "srid=27700;point(323544 124622)",&#xD;
                "representation": "centrelinepoint",&#xD;
                "version": 1&#xD;
              },&#xD;
              "type": "regulationlocation"&#xD;
            }&#xD;
          ],&#xD;
          "regulation": [&#xD;
            {&#xD;
              "conditionset": [&#xD;
                {&#xD;
                  "condition": [&#xD;
                    {&#xD;
                      "negate": false,&#xD;
                      "timevalidity": {&#xD;
                        "end": "2024-08-22t20:00:00",&#xD;
                        "start": "2024-08-22t08:00:00"&#xD;
                      }&#xD;
                    }&#xD;
                  ],&#xD;
                  "conditionset": [&#xD;
                    {&#xD;
                      "conditions": [&#xD;
                        {&#xD;
                          "negate": false,&#xD;
                          "vehiclecharacteristics": {&#xD;
                            "maximumheightcharacteristic": {&#xD;
                              "vehicleheight": 2.5&#xD;
                            }&#xD;
                          }&#xD;
                        },&#xD;
                        {&#xD;
                          "negate": true,&#xD;
                          "vehiclecharacteristics": {&#xD;
                            "vehicletype": "bus"&#xD;
                          }&#xD;
                        },&#xD;
                        {&#xD;
                          "conditionset": [&#xD;
                            {&#xD;
                              "conditions": [&#xD;
                                {&#xD;
                                  "negate": false,&#xD;
                                  "vehiclecharacteristics": {&#xD;
                                    "vehicletype": "taxi"&#xD;
                                  }&#xD;
                                },&#xD;
                                {&#xD;
                                  "negate": false,&#xD;
                                  "vehiclecharacteristics": {&#xD;
                                    "vehicleusage": "access"&#xD;
                                  }&#xD;
                                }&#xD;
                              ],&#xD;
                              "operator": "and"&#xD;
                            }&#xD;
                          ]&#xD;
                        }&#xD;
                      ],&#xD;
                      "operator": "or"&#xD;
                    }&#xD;
                  ],&#xD;
                  "operator": "and"&#xD;
                }&#xD;
              ],&#xD;
              "generalregulation": {&#xD;
                "regulationtype": "dimensionmaximumheightwithtro"&#xD;
              },&#xD;
              "isdynamic": false,&#xD;
              "timezone": "europe/london"&#xD;
            }&#xD;
          ]&#xD;
        }&#xD;
      ],&#xD;
      "reference": "c962b51f-e1aa-416e-8f0b-aefe39a4c099",&#xD;
      "section": "all sections",&#xD;
      "traaffected": [&#xD;
        918735282&#xD;
      ],&#xD;
      "tracreator": 918735282,&#xD;
      "troname": "dft example - ttro height restriction and length with multiple conditions v2, nov. 2024"&#xD;
    }&#xD;
  },&#xD;
  "id": "d4a01230-c196-4f42-9845-d86201620aba",&#xD;
  "schemaversion": "3.3.1"&#xD;
}&#xD;
JSONs match!&#xD;
Global async teardown after each test...&#xD;
Do before each test...&#xD;
========= cURL request =========&#xD;
curl -k -X GET "https://localhost:5001/dtroUsers" -H "x-App-Id: 8c5dd928-2c6b-4104-a000-283f8b366cf2"&#xD;
================================&#xD;
========= HTTP response =========&#xD;
Response status code: OK&#xD;
Response headers:&#xD;
  Date: Fri, 28 Feb 2025 10:34:11 GMT&#xD;
  Server: Kestrel&#xD;
  Cache-Control: no-store, must-revalidate, no-cache&#xD;
  Pragma: no-cache&#xD;
  Cross-Origin-Embedder-Policy: unsafe-none&#xD;
  Cross-Origin-Opener-Policy: same-origin&#xD;
  Cross-Origin-Resource-Policy: cross-origin&#xD;
  permissions-policy: geolocation=(), midi=(), sync-xhr=(), microphone=(), camera=(), magnetometer=(), gyroscope=(), fullscreen=(), payment=()&#xD;
  Referrer-Policy: no-referrer&#xD;
  X-Content-Type-Options: nosniff&#xD;
  X-Frame-Options: DENY&#xD;
  X-Permitted-Cross-Domain-Policies: none&#xD;
  X-XSS-Protection: 1; mode=block&#xD;
  X-UA-Compatible: IE=Edge&#xD;
  Strict-Transport-Security: max-age=31536000&#xD;
  X-Correlation-ID: 8a295edc-b462-4193-a998-29509a7df82d&#xD;
Response body:&#xD;
[&#xD;
  {&#xD;
    "id": "64a8252e-a22a-4f8b-b6fb-02953435f155",&#xD;
    "xAppId": "3c349f6a-5c91-4e2f-906a-874a086f45ca",&#xD;
    "traId": 918735282,&#xD;
    "name": "A Publisher / Tra",&#xD;
    "prefix": "AB",&#xD;
    "userGroup": "tra"&#xD;
  }&#xD;
]&#xD;
=================================&#xD;
========= cURL request =========&#xD;
curl -k -X DELETE "https://localhost:5001/dtroUsers/redundant" -H "x-App-Id: 8c5dd928-2c6b-4104-a000-283f8b366cf2" -H "Content-Type: application/json" -d "{\"ids\":[\"64a8252e-a22a-4f8b-b6fb-02953435f155\"]}"&#xD;
================================&#xD;
========= HTTP response =========&#xD;
Response status code: OK&#xD;
Response headers:&#xD;
  Date: Fri, 28 Feb 2025 10:34:11 GMT&#xD;
  Server: Kestrel&#xD;
  Cache-Control: no-store, must-revalidate, no-cache&#xD;
  Pragma: no-cache&#xD;
  Cross-Origin-Embedder-Policy: unsafe-none&#xD;
  Cross-Origin-Opener-Policy: same-origin&#xD;
  Cross-Origin-Resource-Policy: cross-origin&#xD;
  permissions-policy: geolocation=(), midi=(), sync-xhr=(), microphone=(), camera=(), magnetometer=(), gyroscope=(), fullscreen=(), payment=()&#xD;
  Referrer-Policy: no-referrer&#xD;
  X-Content-Type-Options: nosniff&#xD;
  X-Frame-Options: DENY&#xD;
  X-Permitted-Cross-Domain-Policies: none&#xD;
  X-XSS-Protection: 1; mode=block&#xD;
  X-UA-Compatible: IE=Edge&#xD;
  Strict-Transport-Security: max-age=31536000&#xD;
  X-Correlation-ID: bffe6e37-22fc-48d9-85f6-ea8735a8ab37&#xD;
Response body:&#xD;
true&#xD;
=================================&#xD;
Dtros table truncated successfully!&#xD;
Testing with file JSON-3.3.1-example-Derbyshire 2024 DJ388 partial.json...&#xD;
App ID: ec6724e2-d98d-4174-8b5b-52318b39a9ac&#xD;
TRA ID: 922744480&#xD;
Group ID: 1&#xD;
========= cURL request =========&#xD;
curl -k -X POST "https://localhost:5001/dtroUsers/createFromBody" -H "x-App-Id: 6b38ffb3-a8c4-4788-924b-e6448c68a6c1" -H "Content-Type: application/json" -d "{\r    \"id\": \"26fc4211-fa5b-442b-9978-fda7b1109a3c\",\r    \"traId\": 922744480,\r    \"name\": \"A publisher / TRA\",\r    \"prefix\": \"AB\",\r    \"userGroup\": 1,\r    \"xAppId\": \"6b38ffb3-a8c4-4788-924b-e6448c68a6c1\"\r}"&#xD;
================================&#xD;
========= HTTP response =========&#xD;
Response status code: Created&#xD;
Response headers:&#xD;
  Date: Fri, 28 Feb 2025 10:34:11 GMT&#xD;
  Server: Kestrel&#xD;
  Cache-Control: no-store, must-revalidate, no-cache&#xD;
  Location: https://localhost:5001/dtroUsers/createFromBody?id=50cd09a1-f13e-401e-8109-1155e53640f5&#xD;
  Pragma: no-cache&#xD;
  Cross-Origin-Embedder-Policy: unsafe-none&#xD;
  Cross-Origin-Opener-Policy: same-origin&#xD;
  Cross-Origin-Resource-Policy: cross-origin&#xD;
  permissions-policy: geolocation=(), midi=(), sync-xhr=(), microphone=(), camera=(), magnetometer=(), gyroscope=(), fullscreen=(), payment=()&#xD;
  Referrer-Policy: no-referrer&#xD;
  X-Content-Type-Options: nosniff&#xD;
  X-Frame-Options: DENY&#xD;
  X-Permitted-Cross-Domain-Policies: none&#xD;
  X-XSS-Protection: 1; mode=block&#xD;
  X-UA-Compatible: IE=Edge&#xD;
  Strict-Transport-Security: max-age=31536000&#xD;
  X-Correlation-ID: 994e8e91-6b3d-4e06-905b-f0d3811690db&#xD;
Response body:&#xD;
{&#xD;
  "id": "50cd09a1-f13e-401e-8109-1155e53640f5"&#xD;
}&#xD;
=================================&#xD;
========= cURL request =========&#xD;
curl -k -X POST "https://localhost:5001/dtros/createFromBody" -H "x-App-Id: 6b38ffb3-a8c4-4788-924b-e6448c68a6c1" -H "Content-Type: application/json" -d "{\r  \"schemaVersion\": \"3.3.1\",\r  \"data\": {\r    \"Source\": {\r      \"actionType\": \"new\",\r      \"currentTraOwner\": 922744480,\r      \"Provision\": [\r        {\r          \"actionType\": \"new\",\r          \"orderReportingPoint\": \"permanentNoticeOfMaking\",\r          \"provisionDescription\": \"Schedule 1: No Waiting Monday to Saturday, 8am to 6pm\",\r          \"reference\": \"A3448229-1DFA-48CD-A785-376ACB9F7C56\",\r          \"RegulatedPlace\": [\r            {\r              \"description\": \"West side, Market Street, Draycott\",\r              \"type\": \"regulationLocation\",\r              \"LinearGeometry\": {\r                \"direction\": \"bidirectional\",\r                \"ExternalReference\": [\r                  {\r                    \"lastUpdateDate\": \"2024-10-01T08:00:00\",\r                    \"UniqueStreetReferenceNumber\": [\r                      {\r                        \"usrn\": 14000759\r                      }\r                    ]\r                  }\r                ],\r                \"lateralPosition\": \"onKerb\",\r                \"linestring\": \"SRID=27700;LINESTRING(444284 333253, 444284 333253)\",\r                \"representation\": \"linear\",\r                \"version\": 1\r              }\r            }\r          ],\r          \"Regulation\": [\r            {\r              \"Condition\": [\r                {\r                  \"TimeValidity\": {\r                    \"start\": \"2024-08-01T08:00:00\",\r                    \"validPeriod\": [\r                      {\r                        \"recurringDayWeekMonthPeriod\": [\r                          {\r                            \"applicableDay\": [\r                              \"friday\",\r                              \"monday\",\r                              \"saturday\",\r                              \"thursday\",\r                              \"tuesday\",\r                              \"wednesday\"\r                            ]\r                          }\r                        ],\r                        \"recurringTimePeriodOfDay\": [\r                          {\r                            \"endTimeOfPeriod\": \"18:00:00T00:00:00\",\r                            \"startTimeOfPeriod\": \"08:00:00T00:00:00\"\r                          }\r                        ]\r                      }\r                    ]\r                  }\r                }\r              ],\r              \"GeneralRegulation\": {\r                \"regulationType\": \"kerbsideLimitedWaiting\"\r              },\r              \"isDynamic\": false,\r              \"timeZone\": \"Europe/London\"\r            }\r          ]\r        }\r      ],\r      \"reference\": \"B2787FE2-AD74-432A-BB32-76FDB065F3E8\",\r      \"section\": \"Schedule 1\",\r      \"traAffected\": [\r        922744480\r      ],\r      \"traCreator\": 922744480,\r      \"troName\": \"DfT Example - Oct. 2024 - partial extract of THE DERBYSHIRE COUNTY COUNCIL (MARKET STREET AND TOWN END ROAD, DRAYCOTT) (RESTRICTION AND LIMITED WAITING) TRAFFIC REGULATION ORDER 2024 (DfT mockup, v2)\"\r    }\r  }\r}"&#xD;
================================&#xD;
========= HTTP response =========&#xD;
Response status code: Created&#xD;
Response headers:&#xD;
  Date: Fri, 28 Feb 2025 10:34:11 GMT&#xD;
  Server: Kestrel&#xD;
  Cache-Control: no-store, must-revalidate, no-cache&#xD;
  Location: https://localhost:5001/dtros/bf395a5d-a7d9-4b02-854a-ef92fd45f5e2&#xD;
  Pragma: no-cache&#xD;
  Cross-Origin-Embedder-Policy: unsafe-none&#xD;
  Cross-Origin-Opener-Policy: same-origin&#xD;
  Cross-Origin-Resource-Policy: cross-origin&#xD;
  permissions-policy: geolocation=(), midi=(), sync-xhr=(), microphone=(), camera=(), magnetometer=(), gyroscope=(), fullscreen=(), payment=()&#xD;
  Referrer-Policy: no-referrer&#xD;
  X-Content-Type-Options: nosniff&#xD;
  X-Frame-Options: DENY&#xD;
  X-Permitted-Cross-Domain-Policies: none&#xD;
  X-XSS-Protection: 1; mode=block&#xD;
  X-UA-Compatible: IE=Edge&#xD;
  Strict-Transport-Security: max-age=31536000&#xD;
  X-Correlation-ID: 99f6e83c-8e4b-4d5c-ada3-57cf6de3a7f3&#xD;
Response body:&#xD;
{&#xD;
  "id": "bf395a5d-a7d9-4b02-854a-ef92fd45f5e2"&#xD;
}&#xD;
=================================&#xD;
========= cURL request =========&#xD;
curl -k -X GET "https://localhost:5001/dtros/bf395a5d-a7d9-4b02-854a-ef92fd45f5e2" -H "x-App-Id: 6b38ffb3-a8c4-4788-924b-e6448c68a6c1"&#xD;
================================&#xD;
========= HTTP response =========&#xD;
Response status code: OK&#xD;
Response headers:&#xD;
  Date: Fri, 28 Feb 2025 10:34:11 GMT&#xD;
  Server: Kestrel&#xD;
  Cache-Control: no-store, must-revalidate, no-cache&#xD;
  Pragma: no-cache&#xD;
  Cross-Origin-Embedder-Policy: unsafe-none&#xD;
  Cross-Origin-Opener-Policy: same-origin&#xD;
  Cross-Origin-Resource-Policy: cross-origin&#xD;
  permissions-policy: geolocation=(), midi=(), sync-xhr=(), microphone=(), camera=(), magnetometer=(), gyroscope=(), fullscreen=(), payment=()&#xD;
  Referrer-Policy: no-referrer&#xD;
  X-Content-Type-Options: nosniff&#xD;
  X-Frame-Options: DENY&#xD;
  X-Permitted-Cross-Domain-Policies: none&#xD;
  X-XSS-Protection: 1; mode=block&#xD;
  X-UA-Compatible: IE=Edge&#xD;
  Strict-Transport-Security: max-age=31536000&#xD;
  X-Correlation-ID: 349e3feb-867d-43a7-915c-ec017c2aa38c&#xD;
Response body:&#xD;
{&#xD;
  "id": "bf395a5d-a7d9-4b02-854a-ef92fd45f5e2",&#xD;
  "schemaVersion": "3.3.1",&#xD;
  "data": {&#xD;
    "source": {&#xD;
      "section": "Schedule 1",&#xD;
      "troName": "DfT Example - Oct. 2024 - partial extract of THE DERBYSHIRE COUNTY COUNCIL (MARKET STREET AND TOWN END ROAD, DRAYCOTT) (RESTRICTION AND LIMITED WAITING) TRAFFIC REGULATION ORDER 2024 (DfT mockup, v2)",&#xD;
      "provision": [&#xD;
        {&#xD;
          "reference": "A3448229-1DFA-48CD-A785-376ACB9F7C56",&#xD;
          "regulation": [&#xD;
            {&#xD;
              "timeZone": "Europe/London",&#xD;
              "condition": [&#xD;
                {&#xD;
                  "timeValidity": {&#xD;
                    "start": "2024-08-01T08:00:00",&#xD;
                    "validPeriod": [&#xD;
                      {&#xD;
                        "recurringTimePeriodOfDay": [&#xD;
                          {&#xD;
                            "endTimeOfPeriod": "18:00:00T00:00:00",&#xD;
                            "startTimeOfPeriod": "08:00:00T00:00:00"&#xD;
                          }&#xD;
                        ],&#xD;
                        "recurringDayWeekMonthPeriod": [&#xD;
                          {&#xD;
                            "applicableDay": [&#xD;
                              "friday",&#xD;
                              "monday",&#xD;
                              "saturday",&#xD;
                              "thursday",&#xD;
                              "tuesday",&#xD;
                              "wednesday"&#xD;
                            ]&#xD;
                          }&#xD;
                        ]&#xD;
                      }&#xD;
                    ]&#xD;
                  }&#xD;
                }&#xD;
              ],&#xD;
              "isDynamic": false,&#xD;
              "generalRegulation": {&#xD;
                "regulationType": "kerbsideLimitedWaiting"&#xD;
              }&#xD;
            }&#xD;
          ],&#xD;
          "actionType": "new",&#xD;
          "regulatedPlace": [&#xD;
            {&#xD;
              "type": "regulationLocation",&#xD;
              "description": "West side, Market Street, Draycott",&#xD;
              "linearGeometry": {&#xD;
                "version": 1,&#xD;
                "direction": "bidirectional",&#xD;
                "linestring": "SRID=27700;LINESTRING(444284 333253, 444284 333253)",&#xD;
                "representation": "linear",&#xD;
                "lateralPosition": "onKerb",&#xD;
                "externalReference": [&#xD;
                  {&#xD;
                    "lastUpdateDate": "2024-10-01T08:00:00",&#xD;
                    "uniqueStreetReferenceNumber": [&#xD;
                      {&#xD;
                        "usrn": 14000759&#xD;
                      }&#xD;
                    ]&#xD;
                  }&#xD;
                ]&#xD;
              }&#xD;
            }&#xD;
          ],&#xD;
          "orderReportingPoint": "permanentNoticeOfMaking",&#xD;
          "provisionDescription": "Schedule 1: No Waiting Monday to Saturday, 8am to 6pm"&#xD;
        }&#xD;
      ],&#xD;
      "reference": "B2787FE2-AD74-432A-BB32-76FDB065F3E8",&#xD;
      "actionType": "new",&#xD;
      "traCreator": 922744480,&#xD;
      "traAffected": [&#xD;
        922744480&#xD;
      ],&#xD;
      "currentTraOwner": 922744480&#xD;
    }&#xD;
  }&#xD;
}&#xD;
=================================&#xD;
Comparing JSON...&#xD;
{&#xD;
  "data": {&#xD;
    "source": {&#xD;
      "actiontype": "new",&#xD;
      "currenttraowner": 922744480,&#xD;
      "provision": [&#xD;
        {&#xD;
          "actiontype": "new",&#xD;
          "orderreportingpoint": "permanentnoticeofmaking",&#xD;
          "provisiondescription": "schedule 1: no waiting monday to saturday, 8am to 6pm",&#xD;
          "reference": "a3448229-1dfa-48cd-a785-376acb9f7c56",&#xD;
          "regulatedplace": [&#xD;
            {&#xD;
              "description": "west side, market street, draycott",&#xD;
              "lineargeometry": {&#xD;
                "direction": "bidirectional",&#xD;
                "externalreference": [&#xD;
                  {&#xD;
                    "lastupdatedate": "2024-10-01t08:00:00",&#xD;
                    "uniquestreetreferencenumber": [&#xD;
                      {&#xD;
                        "usrn": 14000759&#xD;
                      }&#xD;
                    ]&#xD;
                  }&#xD;
                ],&#xD;
                "lateralposition": "onkerb",&#xD;
                "linestring": "srid=27700;linestring(444284 333253, 444284 333253)",&#xD;
                "representation": "linear",&#xD;
                "version": 1&#xD;
              },&#xD;
              "type": "regulationlocation"&#xD;
            }&#xD;
          ],&#xD;
          "regulation": [&#xD;
            {&#xD;
              "condition": [&#xD;
                {&#xD;
                  "timevalidity": {&#xD;
                    "start": "2024-08-01t08:00:00",&#xD;
                    "validperiod": [&#xD;
                      {&#xD;
                        "recurringdayweekmonthperiod": [&#xD;
                          {&#xD;
                            "applicableday": [&#xD;
                              "friday",&#xD;
                              "monday",&#xD;
                              "saturday",&#xD;
                              "thursday",&#xD;
                              "tuesday",&#xD;
                              "wednesday"&#xD;
                            ]&#xD;
                          }&#xD;
                        ],&#xD;
                        "recurringtimeperiodofday": [&#xD;
                          {&#xD;
                            "endtimeofperiod": "18:00:00t00:00:00",&#xD;
                            "starttimeofperiod": "08:00:00t00:00:00"&#xD;
                          }&#xD;
                        ]&#xD;
                      }&#xD;
                    ]&#xD;
                  }&#xD;
                }&#xD;
              ],&#xD;
              "generalregulation": {&#xD;
                "regulationtype": "kerbsidelimitedwaiting"&#xD;
              },&#xD;
              "isdynamic": false,&#xD;
              "timezone": "europe/london"&#xD;
            }&#xD;
          ]&#xD;
        }&#xD;
      ],&#xD;
      "reference": "b2787fe2-ad74-432a-bb32-76fdb065f3e8",&#xD;
      "section": "schedule 1",&#xD;
      "traaffected": [&#xD;
        922744480&#xD;
      ],&#xD;
      "tracreator": 922744480,&#xD;
      "troname": "dft example - oct. 2024 - partial extract of the derbyshire county council (market street and town end road, draycott) (restriction and limited waiting) traffic regulation order 2024 (dft mockup, v2)"&#xD;
    }&#xD;
  },&#xD;
  "id": "bf395a5d-a7d9-4b02-854a-ef92fd45f5e2",&#xD;
  "schemaversion": "3.3.1"&#xD;
}&#xD;
JSONs match!&#xD;
Global async teardown after each test...&#xD;
Do before each test...&#xD;
========= cURL request =========&#xD;
curl -k -X GET "https://localhost:5001/dtroUsers" -H "x-App-Id: 8c5dd928-2c6b-4104-a000-283f8b366cf2"&#xD;
================================&#xD;
========= HTTP response =========&#xD;
Response status code: OK&#xD;
Response headers:&#xD;
  Date: Fri, 28 Feb 2025 10:34:11 GMT&#xD;
  Server: Kestrel&#xD;
  Cache-Control: no-store, must-revalidate, no-cache&#xD;
  Pragma: no-cache&#xD;
  Cross-Origin-Embedder-Policy: unsafe-none&#xD;
  Cross-Origin-Opener-Policy: same-origin&#xD;
  Cross-Origin-Resource-Policy: cross-origin&#xD;
  permissions-policy: geolocation=(), midi=(), sync-xhr=(), microphone=(), camera=(), magnetometer=(), gyroscope=(), fullscreen=(), payment=()&#xD;
  Referrer-Policy: no-referrer&#xD;
  X-Content-Type-Options: nosniff&#xD;
  X-Frame-Options: DENY&#xD;
  X-Permitted-Cross-Domain-Policies: none&#xD;
  X-XSS-Protection: 1; mode=block&#xD;
  X-UA-Compatible: IE=Edge&#xD;
  Strict-Transport-Security: max-age=31536000&#xD;
  X-Correlation-ID: 0be57482-946a-438c-b5e3-6ba7db64d152&#xD;
Response body:&#xD;
[&#xD;
  {&#xD;
    "id": "50cd09a1-f13e-401e-8109-1155e53640f5",&#xD;
    "xAppId": "6b38ffb3-a8c4-4788-924b-e6448c68a6c1",&#xD;
    "traId": 922744480,&#xD;
    "name": "A Publisher / Tra",&#xD;
    "prefix": "AB",&#xD;
    "userGroup": "tra"&#xD;
  }&#xD;
]&#xD;
=================================&#xD;
========= cURL request =========&#xD;
curl -k -X DELETE "https://localhost:5001/dtroUsers/redundant" -H "x-App-Id: 8c5dd928-2c6b-4104-a000-283f8b366cf2" -H "Content-Type: application/json" -d "{\"ids\":[\"50cd09a1-f13e-401e-8109-1155e53640f5\"]}"&#xD;
================================&#xD;
========= HTTP response =========&#xD;
Response status code: OK&#xD;
Response headers:&#xD;
  Date: Fri, 28 Feb 2025 10:34:11 GMT&#xD;
  Server: Kestrel&#xD;
  Cache-Control: no-store, must-revalidate, no-cache&#xD;
  Pragma: no-cache&#xD;
  Cross-Origin-Embedder-Policy: unsafe-none&#xD;
  Cross-Origin-Opener-Policy: same-origin&#xD;
  Cross-Origin-Resource-Policy: cross-origin&#xD;
  permissions-policy: geolocation=(), midi=(), sync-xhr=(), microphone=(), camera=(), magnetometer=(), gyroscope=(), fullscreen=(), payment=()&#xD;
  Referrer-Policy: no-referrer&#xD;
  X-Content-Type-Options: nosniff&#xD;
  X-Frame-Options: DENY&#xD;
  X-Permitted-Cross-Domain-Policies: none&#xD;
  X-XSS-Protection: 1; mode=block&#xD;
  X-UA-Compatible: IE=Edge&#xD;
  Strict-Transport-Security: max-age=31536000&#xD;
  X-Correlation-ID: c2ff0786-a110-4f02-8e10-d1439d751ace&#xD;
Response body:&#xD;
true&#xD;
=================================&#xD;
Dtros table truncated successfully!&#xD;
Testing with file JSON-3.3.1-example-TTRO-RoadClosureWithDiversionRoute.json...&#xD;
App ID: 82041938-0b17-42ab-a7f2-996331d76eca&#xD;
TRA ID: 926980381&#xD;
Group ID: 1&#xD;
========= cURL request =========&#xD;
curl -k -X POST "https://localhost:5001/dtroUsers/createFromBody" -H "x-App-Id: 7832d572-9908-4614-8bc1-69eee132b9cf" -H "Content-Type: application/json" -d "{\r    \"id\": \"26fc4211-fa5b-442b-9978-fda7b1109a3c\",\r    \"traId\": 926980381,\r    \"name\": \"A publisher / TRA\",\r    \"prefix\": \"AB\",\r    \"userGroup\": 1,\r    \"xAppId\": \"7832d572-9908-4614-8bc1-69eee132b9cf\"\r}"&#xD;
================================&#xD;
========= HTTP response =========&#xD;
Response status code: Created&#xD;
Response headers:&#xD;
  Date: Fri, 28 Feb 2025 10:34:11 GMT&#xD;
  Server: Kestrel&#xD;
  Cache-Control: no-store, must-revalidate, no-cache&#xD;
  Location: https://localhost:5001/dtroUsers/createFromBody?id=0f73a578-0f41-4e08-97fc-a9ef11313ab7&#xD;
  Pragma: no-cache&#xD;
  Cross-Origin-Embedder-Policy: unsafe-none&#xD;
  Cross-Origin-Opener-Policy: same-origin&#xD;
  Cross-Origin-Resource-Policy: cross-origin&#xD;
  permissions-policy: geolocation=(), midi=(), sync-xhr=(), microphone=(), camera=(), magnetometer=(), gyroscope=(), fullscreen=(), payment=()&#xD;
  Referrer-Policy: no-referrer&#xD;
  X-Content-Type-Options: nosniff&#xD;
  X-Frame-Options: DENY&#xD;
  X-Permitted-Cross-Domain-Policies: none&#xD;
  X-XSS-Protection: 1; mode=block&#xD;
  X-UA-Compatible: IE=Edge&#xD;
  Strict-Transport-Security: max-age=31536000&#xD;
  X-Correlation-ID: 1df840b2-9c8b-43c3-baf2-12df46f27133&#xD;
Response body:&#xD;
{&#xD;
  "id": "0f73a578-0f41-4e08-97fc-a9ef11313ab7"&#xD;
}&#xD;
=================================&#xD;
========= cURL request =========&#xD;
curl -k -X POST "https://localhost:5001/dtros/createFromBody" -H "x-App-Id: 7832d572-9908-4614-8bc1-69eee132b9cf" -H "Content-Type: application/json" -d "{\r  \"schemaVersion\": \"3.3.1\",\r  \"data\": {\r    \"Source\": {\r      \"actionType\": \"new\",\r      \"currentTraOwner\": 926980381,\r      \"Provision\": [\r        {\r          \"actionType\": \"new\",\r          \"orderReportingPoint\": \"ttroTtmoNoticeOfIntention\",\r          \"provisionDescription\": \"Temporary full road closure, for combined utility works and carriageway repair\",\r          \"reference\": \"b1618e6f-f65c-48c7-9cc7-45da9f45fbda\",\r          \"RegulatedPlace\": [\r            {\r              \"description\": \"East Reach, Taunton, both directions\",\r              \"type\": \"regulationLocation\",\r              \"DirectedLinear\": {\r                \"version\": 1,\r                \"directedLineString\": \"SRID=27700;LINESTRING(323544 124622, 323464 124595)\",\r                \"ExternalReference\": [\r                  {\r                    \"lastUpdateDate\": \"2024-10-01T00:00:00\",\r                    \"UniqueStreetReferenceNumber\": [\r                      {\r                        \"usrn\": 39608173\r                      }\r                    ]\r                  }\r                ]\r              }\r            },\r            {\r              \"description\": \"Diversion Route - through traffic - Toneway Wickes roundabout (A38) - Priory Avenue (A3038) - Trenchard Way (A3087) - Staplegrove Road (A3027/A338) - Silk Mills Road (A3065) - Galmington Roundabout (A38) - bi-directional\",\r              \"type\": \"diversionRoute\",\r              \"LinearGeometry\": {\r                \"version\": 1,\r                \"linestring\": \"SRID=27700;LINESTRING(323589 125149, 323340 125227, 321986 125569, 320737 126347, 320715 124191)\",\r                \"representation\": \"linear\",\r                \"direction\": \"bidirectional\",\r                \"lateralPosition\": \"centreline\",\r                \"ExternalReference\": [\r                  {\r                    \"lastUpdateDate\": \"2024-10-01T00:00:00\",\r                    \"UniqueStreetReferenceNumber\": [\r                      {\r                        \"usrn\": 39609331\r                      },\r                      {\r                        \"usrn\": 39605119\r                      },\r                      {\r                        \"usrn\": 39609519\r                      },\r                      {\r                        \"usrn\": 39609406\r                      },\r                      {\r                        \"usrn\": 39605180\r                      },\r                      {\r                        \"usrn\": 39609179\r                      },\r                      {\r                        \"usrn\": 39605082\r                      },\r                      {\r                        \"usrn\": 39605158\r                      },\r                      {\r                        \"usrn\": 39607389\r                      },\r                      {\r                        \"usrn\": 39605156\r                      },\r                      {\r                        \"usrn\": 39606013\r                      }\r                    ]\r                  }\r                ]\r              }\r            }\r          ],\r          \"Regulation\": [\r            {\r              \"Condition\": [\r                {\r                  \"TimeValidity\": {\r                    \"start\": \"2024-10-22T06:00:00\",\r                    \"end\": \"2024-10-24T20:00:00\"\r                  }\r                }\r              ],\r              \"GeneralRegulation\": {\r                \"regulationType\": \"miscRoadClosure\"\r              },\r              \"isDynamic\": false,\r              \"timeZone\": \"Europe/London\"\r            }\r          ]\r        }\r      ],\r      \"reference\": \"c962b51f-e1aa-416e-8f0b-aefe39a4c099\",\r      \"section\": \"All sections\",\r      \"traAffected\": [\r        926980381\r      ],\r      \"traCreator\": 926980381,\r      \"troName\": \"DfT Example - TTRO road closure v2, Jan. 2025\"\r    }\r  }\r}"&#xD;
================================&#xD;
========= HTTP response =========&#xD;
Response status code: Created&#xD;
Response headers:&#xD;
  Date: Fri, 28 Feb 2025 10:34:12 GMT&#xD;
  Server: Kestrel&#xD;
  Cache-Control: no-store, must-revalidate, no-cache&#xD;
  Location: https://localhost:5001/dtros/0ea82b41-799d-4911-a240-52f709cbc006&#xD;
  Pragma: no-cache&#xD;
  Cross-Origin-Embedder-Policy: unsafe-none&#xD;
  Cross-Origin-Opener-Policy: same-origin&#xD;
  Cross-Origin-Resource-Policy: cross-origin&#xD;
  permissions-policy: geolocation=(), midi=(), sync-xhr=(), microphone=(), camera=(), magnetometer=(), gyroscope=(), fullscreen=(), payment=()&#xD;
  Referrer-Policy: no-referrer&#xD;
  X-Content-Type-Options: nosniff&#xD;
  X-Frame-Options: DENY&#xD;
  X-Permitted-Cross-Domain-Policies: none&#xD;
  X-XSS-Protection: 1; mode=block&#xD;
  X-UA-Compatible: IE=Edge&#xD;
  Strict-Transport-Security: max-age=31536000&#xD;
  X-Correlation-ID: 8b367495-65ab-4bf0-be6c-d0f20c556985&#xD;
Response body:&#xD;
{&#xD;
  "id": "0ea82b41-799d-4911-a240-52f709cbc006"&#xD;
}&#xD;
=================================&#xD;
========= cURL request =========&#xD;
curl -k -X GET "https://localhost:5001/dtros/0ea82b41-799d-4911-a240-52f709cbc006" -H "x-App-Id: 7832d572-9908-4614-8bc1-69eee132b9cf"&#xD;
================================&#xD;
========= HTTP response =========&#xD;
Response status code: OK&#xD;
Response headers:&#xD;
  Date: Fri, 28 Feb 2025 10:34:12 GMT&#xD;
  Server: Kestrel&#xD;
  Cache-Control: no-store, must-revalidate, no-cache&#xD;
  Pragma: no-cache&#xD;
  Cross-Origin-Embedder-Policy: unsafe-none&#xD;
  Cross-Origin-Opener-Policy: same-origin&#xD;
  Cross-Origin-Resource-Policy: cross-origin&#xD;
  permissions-policy: geolocation=(), midi=(), sync-xhr=(), microphone=(), camera=(), magnetometer=(), gyroscope=(), fullscreen=(), payment=()&#xD;
  Referrer-Policy: no-referrer&#xD;
  X-Content-Type-Options: nosniff&#xD;
  X-Frame-Options: DENY&#xD;
  X-Permitted-Cross-Domain-Policies: none&#xD;
  X-XSS-Protection: 1; mode=block&#xD;
  X-UA-Compatible: IE=Edge&#xD;
  Strict-Transport-Security: max-age=31536000&#xD;
  X-Correlation-ID: d72b5145-5515-456e-a122-d8b580f0b7e7&#xD;
Response body:&#xD;
{&#xD;
  "id": "0ea82b41-799d-4911-a240-52f709cbc006",&#xD;
  "schemaVersion": "3.3.1",&#xD;
  "data": {&#xD;
    "source": {&#xD;
      "section": "All sections",&#xD;
      "troName": "DfT Example - TTRO road closure v2, Jan. 2025",&#xD;
      "provision": [&#xD;
        {&#xD;
          "reference": "b1618e6f-f65c-48c7-9cc7-45da9f45fbda",&#xD;
          "regulation": [&#xD;
            {&#xD;
              "timeZone": "Europe/London",&#xD;
              "condition": [&#xD;
                {&#xD;
                  "timeValidity": {&#xD;
                    "end": "2024-10-24T20:00:00",&#xD;
                    "start": "2024-10-22T06:00:00"&#xD;
                  }&#xD;
                }&#xD;
              ],&#xD;
              "isDynamic": false,&#xD;
              "generalRegulation": {&#xD;
                "regulationType": "miscRoadClosure"&#xD;
              }&#xD;
            }&#xD;
          ],&#xD;
          "actionType": "new",&#xD;
          "regulatedPlace": [&#xD;
            {&#xD;
              "type": "regulationLocation",&#xD;
              "description": "East Reach, Taunton, both directions",&#xD;
              "directedLinear": {&#xD;
                "version": 1,&#xD;
                "externalReference": [&#xD;
                  {&#xD;
                    "lastUpdateDate": "2024-10-01T00:00:00",&#xD;
                    "uniqueStreetReferenceNumber": [&#xD;
                      {&#xD;
                        "usrn": 39608173&#xD;
                      }&#xD;
                    ]&#xD;
                  }&#xD;
                ],&#xD;
                "directedLineString": "SRID=27700;LINESTRING(323544 124622, 323464 124595)"&#xD;
              }&#xD;
            },&#xD;
            {&#xD;
              "type": "diversionRoute",&#xD;
              "description": "Diversion Route - through traffic - Toneway Wickes roundabout (A38) - Priory Avenue (A3038) - Trenchard Way (A3087) - Staplegrove Road (A3027/A338) - Silk Mills Road (A3065) - Galmington Roundabout (A38) - bi-directional",&#xD;
              "linearGeometry": {&#xD;
                "version": 1,&#xD;
                "direction": "bidirectional",&#xD;
                "linestring": "SRID=27700;LINESTRING(323589 125149, 323340 125227, 321986 125569, 320737 126347, 320715 124191)",&#xD;
                "representation": "linear",&#xD;
                "lateralPosition": "centreline",&#xD;
                "externalReference": [&#xD;
                  {&#xD;
                    "lastUpdateDate": "2024-10-01T00:00:00",&#xD;
                    "uniqueStreetReferenceNumber": [&#xD;
                      {&#xD;
                        "usrn": 39609331&#xD;
                      },&#xD;
                      {&#xD;
                        "usrn": 39605119&#xD;
                      },&#xD;
                      {&#xD;
                        "usrn": 39609519&#xD;
                      },&#xD;
                      {&#xD;
                        "usrn": 39609406&#xD;
                      },&#xD;
                      {&#xD;
                        "usrn": 39605180&#xD;
                      },&#xD;
                      {&#xD;
                        "usrn": 39609179&#xD;
                      },&#xD;
                      {&#xD;
                        "usrn": 39605082&#xD;
                      },&#xD;
                      {&#xD;
                        "usrn": 39605158&#xD;
                      },&#xD;
                      {&#xD;
                        "usrn": 39607389&#xD;
                      },&#xD;
                      {&#xD;
                        "usrn": 39605156&#xD;
                      },&#xD;
                      {&#xD;
                        "usrn": 39606013&#xD;
                      }&#xD;
                    ]&#xD;
                  }&#xD;
                ]&#xD;
              }&#xD;
            }&#xD;
          ],&#xD;
          "orderReportingPoint": "ttroTtmoNoticeOfIntention",&#xD;
          "provisionDescription": "Temporary full road closure, for combined utility works and carriageway repair"&#xD;
        }&#xD;
      ],&#xD;
      "reference": "c962b51f-e1aa-416e-8f0b-aefe39a4c099",&#xD;
      "actionType": "new",&#xD;
      "traCreator": 926980381,&#xD;
      "traAffected": [&#xD;
        926980381&#xD;
      ],&#xD;
      "currentTraOwner": 926980381&#xD;
    }&#xD;
  }&#xD;
}&#xD;
=================================&#xD;
Comparing JSON...&#xD;
{&#xD;
  "data": {&#xD;
    "source": {&#xD;
      "actiontype": "new",&#xD;
      "currenttraowner": 926980381,&#xD;
      "provision": [&#xD;
        {&#xD;
          "actiontype": "new",&#xD;
          "orderreportingpoint": "ttrottmonoticeofintention",&#xD;
          "provisiondescription": "temporary full road closure, for combined utility works and carriageway repair",&#xD;
          "reference": "b1618e6f-f65c-48c7-9cc7-45da9f45fbda",&#xD;
          "regulatedplace": [&#xD;
            {&#xD;
              "description": "east reach, taunton, both directions",&#xD;
              "directedlinear": {&#xD;
                "directedlinestring": "srid=27700;linestring(323544 124622, 323464 124595)",&#xD;
                "externalreference": [&#xD;
                  {&#xD;
                    "lastupdatedate": "2024-10-01t00:00:00",&#xD;
                    "uniquestreetreferencenumber": [&#xD;
                      {&#xD;
                        "usrn": 39608173&#xD;
                      }&#xD;
                    ]&#xD;
                  }&#xD;
                ],&#xD;
                "version": 1&#xD;
              },&#xD;
              "type": "regulationlocation"&#xD;
            },&#xD;
            {&#xD;
              "description": "diversion route - through traffic - toneway wickes roundabout (a38) - priory avenue (a3038) - trenchard way (a3087) - staplegrove road (a3027/a338) - silk mills road (a3065) - galmington roundabout (a38) - bi-directional",&#xD;
              "lineargeometry": {&#xD;
                "direction": "bidirectional",&#xD;
                "externalreference": [&#xD;
                  {&#xD;
                    "lastupdatedate": "2024-10-01t00:00:00",&#xD;
                    "uniquestreetreferencenumber": [&#xD;
                      {&#xD;
                        "usrn": 39609331&#xD;
                      },&#xD;
                      {&#xD;
                        "usrn": 39605119&#xD;
                      },&#xD;
                      {&#xD;
                        "usrn": 39609519&#xD;
                      },&#xD;
                      {&#xD;
                        "usrn": 39609406&#xD;
                      },&#xD;
                      {&#xD;
                        "usrn": 39605180&#xD;
                      },&#xD;
                      {&#xD;
                        "usrn": 39609179&#xD;
                      },&#xD;
                      {&#xD;
                        "usrn": 39605082&#xD;
                      },&#xD;
                      {&#xD;
                        "usrn": 39605158&#xD;
                      },&#xD;
                      {&#xD;
                        "usrn": 39607389&#xD;
                      },&#xD;
                      {&#xD;
                        "usrn": 39605156&#xD;
                      },&#xD;
                      {&#xD;
                        "usrn": 39606013&#xD;
                      }&#xD;
                    ]&#xD;
                  }&#xD;
                ],&#xD;
                "lateralposition": "centreline",&#xD;
                "linestring": "srid=27700;linestring(323589 125149, 323340 125227, 321986 125569, 320737 126347, 320715 124191)",&#xD;
                "representation": "linear",&#xD;
                "version": 1&#xD;
              },&#xD;
              "type": "diversionroute"&#xD;
            }&#xD;
          ],&#xD;
          "regulation": [&#xD;
            {&#xD;
              "condition": [&#xD;
                {&#xD;
                  "timevalidity": {&#xD;
                    "end": "2024-10-24t20:00:00",&#xD;
                    "start": "2024-10-22t06:00:00"&#xD;
                  }&#xD;
                }&#xD;
              ],&#xD;
              "generalregulation": {&#xD;
                "regulationtype": "miscroadclosure"&#xD;
              },&#xD;
              "isdynamic": false,&#xD;
              "timezone": "europe/london"&#xD;
            }&#xD;
          ]&#xD;
        }&#xD;
      ],&#xD;
      "reference": "c962b51f-e1aa-416e-8f0b-aefe39a4c099",&#xD;
      "section": "all sections",&#xD;
      "traaffected": [&#xD;
        926980381&#xD;
      ],&#xD;
      "tracreator": 926980381,&#xD;
      "troname": "dft example - ttro road closure v2, jan. 2025"&#xD;
    }&#xD;
  },&#xD;
  "id": "0ea82b41-799d-4911-a240-52f709cbc006",&#xD;
  "schemaversion": "3.3.1"&#xD;
}&#xD;
JSONs match!&#xD;
Global async teardown after each test...&#xD;
Do before each test...&#xD;
========= cURL request =========&#xD;
curl -k -X GET "https://localhost:5001/dtroUsers" -H "x-App-Id: 8c5dd928-2c6b-4104-a000-283f8b366cf2"&#xD;
================================&#xD;
========= HTTP response =========&#xD;
Response status code: OK&#xD;
Response headers:&#xD;
  Date: Fri, 28 Feb 2025 10:34:12 GMT&#xD;
  Server: Kestrel&#xD;
  Cache-Control: no-store, must-revalidate, no-cache&#xD;
  Pragma: no-cache&#xD;
  Cross-Origin-Embedder-Policy: unsafe-none&#xD;
  Cross-Origin-Opener-Policy: same-origin&#xD;
  Cross-Origin-Resource-Policy: cross-origin&#xD;
  permissions-policy: geolocation=(), midi=(), sync-xhr=(), microphone=(), camera=(), magnetometer=(), gyroscope=(), fullscreen=(), payment=()&#xD;
  Referrer-Policy: no-referrer&#xD;
  X-Content-Type-Options: nosniff&#xD;
  X-Frame-Options: DENY&#xD;
  X-Permitted-Cross-Domain-Policies: none&#xD;
  X-XSS-Protection: 1; mode=block&#xD;
  X-UA-Compatible: IE=Edge&#xD;
  Strict-Transport-Security: max-age=31536000&#xD;
  X-Correlation-ID: b5363eef-5c89-4d45-9ed2-749fc783c0a0&#xD;
Response body:&#xD;
[&#xD;
  {&#xD;
    "id": "0f73a578-0f41-4e08-97fc-a9ef11313ab7",&#xD;
    "xAppId": "7832d572-9908-4614-8bc1-69eee132b9cf",&#xD;
    "traId": 926980381,&#xD;
    "name": "A Publisher / Tra",&#xD;
    "prefix": "AB",&#xD;
    "userGroup": "tra"&#xD;
  }&#xD;
]&#xD;
=================================&#xD;
========= cURL request =========&#xD;
curl -k -X DELETE "https://localhost:5001/dtroUsers/redundant" -H "x-App-Id: 8c5dd928-2c6b-4104-a000-283f8b366cf2" -H "Content-Type: application/json" -d "{\"ids\":[\"0f73a578-0f41-4e08-97fc-a9ef11313ab7\"]}"&#xD;
================================&#xD;
========= HTTP response =========&#xD;
Response status code: OK&#xD;
Response headers:&#xD;
  Date: Fri, 28 Feb 2025 10:34:12 GMT&#xD;
  Server: Kestrel&#xD;
  Cache-Control: no-store, must-revalidate, no-cache&#xD;
  Pragma: no-cache&#xD;
  Cross-Origin-Embedder-Policy: unsafe-none&#xD;
  Cross-Origin-Opener-Policy: same-origin&#xD;
  Cross-Origin-Resource-Policy: cross-origin&#xD;
  permissions-policy: geolocation=(), midi=(), sync-xhr=(), microphone=(), camera=(), magnetometer=(), gyroscope=(), fullscreen=(), payment=()&#xD;
  Referrer-Policy: no-referrer&#xD;
  X-Content-Type-Options: nosniff&#xD;
  X-Frame-Options: DENY&#xD;
  X-Permitted-Cross-Domain-Policies: none&#xD;
  X-XSS-Protection: 1; mode=block&#xD;
  X-UA-Compatible: IE=Edge&#xD;
  Strict-Transport-Security: max-age=31536000&#xD;
  X-Correlation-ID: 279a4485-0230-4480-baa5-21789b1405f4&#xD;
Response body:&#xD;
true&#xD;
=================================&#xD;
Dtros table truncated successfully!&#xD;
Testing with file JSON-3.3.1-example-TTRO-WeightRestriction.json...&#xD;
App ID: faa8e51e-527a-4a3b-9d2f-d729ec032187&#xD;
TRA ID: 930744774&#xD;
Group ID: 1&#xD;
========= cURL request =========&#xD;
curl -k -X POST "https://localhost:5001/dtroUsers/createFromBody" -H "x-App-Id: 28239597-e21c-4a47-a986-e409ae7af6e9" -H "Content-Type: application/json" -d "{\r    \"id\": \"26fc4211-fa5b-442b-9978-fda7b1109a3c\",\r    \"traId\": 930744774,\r    \"name\": \"A publisher / TRA\",\r    \"prefix\": \"AB\",\r    \"userGroup\": 1,\r    \"xAppId\": \"28239597-e21c-4a47-a986-e409ae7af6e9\"\r}"&#xD;
================================&#xD;
========= HTTP response =========&#xD;
Response status code: Created&#xD;
Response headers:&#xD;
  Date: Fri, 28 Feb 2025 10:34:12 GMT&#xD;
  Server: Kestrel&#xD;
  Cache-Control: no-store, must-revalidate, no-cache&#xD;
  Location: https://localhost:5001/dtroUsers/createFromBody?id=6f84bca0-87ec-493e-bcaa-8993e61af424&#xD;
  Pragma: no-cache&#xD;
  Cross-Origin-Embedder-Policy: unsafe-none&#xD;
  Cross-Origin-Opener-Policy: same-origin&#xD;
  Cross-Origin-Resource-Policy: cross-origin&#xD;
  permissions-policy: geolocation=(), midi=(), sync-xhr=(), microphone=(), camera=(), magnetometer=(), gyroscope=(), fullscreen=(), payment=()&#xD;
  Referrer-Policy: no-referrer&#xD;
  X-Content-Type-Options: nosniff&#xD;
  X-Frame-Options: DENY&#xD;
  X-Permitted-Cross-Domain-Policies: none&#xD;
  X-XSS-Protection: 1; mode=block&#xD;
  X-UA-Compatible: IE=Edge&#xD;
  Strict-Transport-Security: max-age=31536000&#xD;
  X-Correlation-ID: 6ce5b80b-dbc2-4be7-896a-c85788cf454d&#xD;
Response body:&#xD;
{&#xD;
  "id": "6f84bca0-87ec-493e-bcaa-8993e61af424"&#xD;
}&#xD;
=================================&#xD;
========= cURL request =========&#xD;
curl -k -X POST "https://localhost:5001/dtros/createFromFile" -H "x-App-Id: 28239597-e21c-4a47-a986-e409ae7af6e9" -H "Content-Type: multipart/form-data" --form 'file=@"C:\Users\BELGP3\OneDrive - PA Consulting Group\Documents\Work\Code\PA\Clients\DfT\dft-dtro-beta/examples/temp/JSON-3.3.1-example-TTRO-WeightRestriction.json"'&#xD;
================================&#xD;
========= HTTP response =========&#xD;
Response status code: Created&#xD;
Response headers:&#xD;
  Date: Fri, 28 Feb 2025 10:34:12 GMT&#xD;
  Server: Kestrel&#xD;
  Cache-Control: no-store, must-revalidate, no-cache&#xD;
  Location: https://localhost:5001/dtros/a1dddbb7-34d6-40e3-9783-2f05833b16a6&#xD;
  Pragma: no-cache&#xD;
  Cross-Origin-Embedder-Policy: unsafe-none&#xD;
  Cross-Origin-Opener-Policy: same-origin&#xD;
  Cross-Origin-Resource-Policy: cross-origin&#xD;
  permissions-policy: geolocation=(), midi=(), sync-xhr=(), microphone=(), camera=(), magnetometer=(), gyroscope=(), fullscreen=(), payment=()&#xD;
  Referrer-Policy: no-referrer&#xD;
  X-Content-Type-Options: nosniff&#xD;
  X-Frame-Options: DENY&#xD;
  X-Permitted-Cross-Domain-Policies: none&#xD;
  X-XSS-Protection: 1; mode=block&#xD;
  X-UA-Compatible: IE=Edge&#xD;
  Strict-Transport-Security: max-age=31536000&#xD;
  X-Correlation-ID: 881cd6fb-4c23-42f1-88df-60447cae0820&#xD;
Response body:&#xD;
{&#xD;
  "id": "a1dddbb7-34d6-40e3-9783-2f05833b16a6"&#xD;
}&#xD;
=================================&#xD;
========= cURL request =========&#xD;
curl -k -X GET "https://localhost:5001/dtros/a1dddbb7-34d6-40e3-9783-2f05833b16a6" -H "x-App-Id: 28239597-e21c-4a47-a986-e409ae7af6e9"&#xD;
================================&#xD;
========= HTTP response =========&#xD;
Response status code: OK&#xD;
Response headers:&#xD;
  Date: Fri, 28 Feb 2025 10:34:12 GMT&#xD;
  Server: Kestrel&#xD;
  Cache-Control: no-store, must-revalidate, no-cache&#xD;
  Pragma: no-cache&#xD;
  Cross-Origin-Embedder-Policy: unsafe-none&#xD;
  Cross-Origin-Opener-Policy: same-origin&#xD;
  Cross-Origin-Resource-Policy: cross-origin&#xD;
  permissions-policy: geolocation=(), midi=(), sync-xhr=(), microphone=(), camera=(), magnetometer=(), gyroscope=(), fullscreen=(), payment=()&#xD;
  Referrer-Policy: no-referrer&#xD;
  X-Content-Type-Options: nosniff&#xD;
  X-Frame-Options: DENY&#xD;
  X-Permitted-Cross-Domain-Policies: none&#xD;
  X-XSS-Protection: 1; mode=block&#xD;
  X-UA-Compatible: IE=Edge&#xD;
  Strict-Transport-Security: max-age=31536000&#xD;
  X-Correlation-ID: d2cc739e-68cf-46ae-9434-981c61d10975&#xD;
Response body:&#xD;
{&#xD;
  "id": "a1dddbb7-34d6-40e3-9783-2f05833b16a6",&#xD;
  "schemaVersion": "3.3.1",&#xD;
  "data": {&#xD;
    "source": {&#xD;
      "section": "All sections",&#xD;
      "troName": "DfT Example - TTRO weight restriction v2, Jan. 2025",&#xD;
      "provision": [&#xD;
        {&#xD;
          "reference": "b1618e6f-f65c-48c7-9cc7-45da9f45fbda",&#xD;
          "regulation": [&#xD;
            {&#xD;
              "timeZone": "Europe/London",&#xD;
              "isDynamic": false,&#xD;
              "conditionSet": [&#xD;
                {&#xD;
                  "operator": "and",&#xD;
                  "conditions": [&#xD;
                    {&#xD;
                      "negate": false,&#xD;
                      "timeValidity": {&#xD;
                        "end": "2024-11-29T18:00:00",&#xD;
                        "start": "2024-08-01T08:00:00"&#xD;
                      }&#xD;
                    },&#xD;
                    {&#xD;
                      "negate": false,&#xD;
                      "vehicleCharacteristics": {&#xD;
                        "maximumGrossWeightCharacteristic": {&#xD;
                          "typeOfWeight": "maximumPermitted",&#xD;
                          "grossVehicleWeight": 2&#xD;
                        }&#xD;
                      }&#xD;
                    }&#xD;
                  ]&#xD;
                }&#xD;
              ],&#xD;
              "generalRegulation": {&#xD;
                "regulationType": "dimensionMaximumWeightStructural"&#xD;
              },&#xD;
              "temporaryRegulation": {&#xD;
                "temporaryOverriddenProvision": {&#xD;
                  "reference": "DA3C3631-7710-4EA5-B654-62CD316D487A",&#xD;
                  "actionType": "new",&#xD;
                  "orderReportingPoint": "permanentNoticeOfMaking",&#xD;
                  "provisionDescription": "3 Tonnes Structural Weight Limit, Netherclay Bridge"&#xD;
                }&#xD;
              }&#xD;
            }&#xD;
          ],&#xD;
          "actionType": "new",&#xD;
          "regulatedPlace": [&#xD;
            {&#xD;
              "type": "regulationLocation",&#xD;
              "description": "Netherclay Bridge, Bishops Hull, Taunton",&#xD;
              "linearGeometry": {&#xD;
                "version": 1,&#xD;
                "direction": "bidirectional",&#xD;
                "linestring": "SRID=27700;LINESTRING(320620 124993, 320621 124997, 320625 125007)",&#xD;
                "representation": "representingZone",&#xD;
                "lateralPosition": "centreline",&#xD;
                "externalReference": [&#xD;
                  {&#xD;
                    "lastUpdateDate": "2024-08-01T00:00:00",&#xD;
                    "uniqueStreetReferenceNumber": [&#xD;
                      {&#xD;
                        "usrn": 39605836&#xD;
                      }&#xD;
                    ]&#xD;
                  }&#xD;
                ]&#xD;
              }&#xD;
            }&#xD;
          ],&#xD;
          "orderReportingPoint": "ttroTtmoNoticeOfIntention",&#xD;
          "provisionDescription": "Temporary weight restriction Netherclay Bridge (2 tonnes)"&#xD;
        }&#xD;
      ],&#xD;
      "reference": "c962b51f-e1aa-416e-8f0b-aefe39a4c099",&#xD;
      "actionType": "new",&#xD;
      "traCreator": 930744774,&#xD;
      "traAffected": [&#xD;
        930744774&#xD;
      ],&#xD;
      "currentTraOwner": 930744774&#xD;
    }&#xD;
  }&#xD;
}&#xD;
=================================&#xD;
Comparing JSON...&#xD;
{&#xD;
  "data": {&#xD;
    "source": {&#xD;
      "actiontype": "new",&#xD;
      "currenttraowner": 930744774,&#xD;
      "provision": [&#xD;
        {&#xD;
          "actiontype": "new",&#xD;
          "orderreportingpoint": "ttrottmonoticeofintention",&#xD;
          "provisiondescription": "temporary weight restriction netherclay bridge (2 tonnes)",&#xD;
          "reference": "b1618e6f-f65c-48c7-9cc7-45da9f45fbda",&#xD;
          "regulatedplace": [&#xD;
            {&#xD;
              "description": "netherclay bridge, bishops hull, taunton",&#xD;
              "lineargeometry": {&#xD;
                "direction": "bidirectional",&#xD;
                "externalreference": [&#xD;
                  {&#xD;
                    "lastupdatedate": "2024-08-01t00:00:00",&#xD;
                    "uniquestreetreferencenumber": [&#xD;
                      {&#xD;
                        "usrn": 39605836&#xD;
                      }&#xD;
                    ]&#xD;
                  }&#xD;
                ],&#xD;
                "lateralposition": "centreline",&#xD;
                "linestring": "srid=27700;linestring(320620 124993, 320621 124997, 320625 125007)",&#xD;
                "representation": "representingzone",&#xD;
                "version": 1&#xD;
              },&#xD;
              "type": "regulationlocation"&#xD;
            }&#xD;
          ],&#xD;
          "regulation": [&#xD;
            {&#xD;
              "conditionset": [&#xD;
                {&#xD;
                  "conditions": [&#xD;
                    {&#xD;
                      "negate": false,&#xD;
                      "timevalidity": {&#xD;
                        "end": "2024-11-29t18:00:00",&#xD;
                        "start": "2024-08-01t08:00:00"&#xD;
                      }&#xD;
                    },&#xD;
                    {&#xD;
                      "negate": false,&#xD;
                      "vehiclecharacteristics": {&#xD;
                        "maximumgrossweightcharacteristic": {&#xD;
                          "grossvehicleweight": 2,&#xD;
                          "typeofweight": "maximumpermitted"&#xD;
                        }&#xD;
                      }&#xD;
                    }&#xD;
                  ],&#xD;
                  "operator": "and"&#xD;
                }&#xD;
              ],&#xD;
              "generalregulation": {&#xD;
                "regulationtype": "dimensionmaximumweightstructural"&#xD;
              },&#xD;
              "isdynamic": false,&#xD;
              "temporaryregulation": {&#xD;
                "temporaryoverriddenprovision": {&#xD;
                  "actiontype": "new",&#xD;
                  "orderreportingpoint": "permanentnoticeofmaking",&#xD;
                  "provisiondescription": "3 tonnes structural weight limit, netherclay bridge",&#xD;
                  "reference": "da3c3631-7710-4ea5-b654-62cd316d487a"&#xD;
                }&#xD;
              },&#xD;
              "timezone": "europe/london"&#xD;
            }&#xD;
          ]&#xD;
        }&#xD;
      ],&#xD;
      "reference": "c962b51f-e1aa-416e-8f0b-aefe39a4c099",&#xD;
      "section": "all sections",&#xD;
      "traaffected": [&#xD;
        930744774&#xD;
      ],&#xD;
      "tracreator": 930744774,&#xD;
      "troname": "dft example - ttro weight restriction v2, jan. 2025"&#xD;
    }&#xD;
  },&#xD;
  "id": "a1dddbb7-34d6-40e3-9783-2f05833b16a6",&#xD;
  "schemaversion": "3.3.1"&#xD;
}&#xD;
JSONs match!&#xD;
Global async teardown after each test...&#xD;
Do before each test...&#xD;
========= cURL request =========&#xD;
curl -k -X GET "https://localhost:5001/dtroUsers" -H "x-App-Id: 8c5dd928-2c6b-4104-a000-283f8b366cf2"&#xD;
================================&#xD;
========= HTTP response =========&#xD;
Response status code: OK&#xD;
Response headers:&#xD;
  Date: Fri, 28 Feb 2025 10:34:12 GMT&#xD;
  Server: Kestrel&#xD;
  Cache-Control: no-store, must-revalidate, no-cache&#xD;
  Pragma: no-cache&#xD;
  Cross-Origin-Embedder-Policy: unsafe-none&#xD;
  Cross-Origin-Opener-Policy: same-origin&#xD;
  Cross-Origin-Resource-Policy: cross-origin&#xD;
  permissions-policy: geolocation=(), midi=(), sync-xhr=(), microphone=(), camera=(), magnetometer=(), gyroscope=(), fullscreen=(), payment=()&#xD;
  Referrer-Policy: no-referrer&#xD;
  X-Content-Type-Options: nosniff&#xD;
  X-Frame-Options: DENY&#xD;
  X-Permitted-Cross-Domain-Policies: none&#xD;
  X-XSS-Protection: 1; mode=block&#xD;
  X-UA-Compatible: IE=Edge&#xD;
  Strict-Transport-Security: max-age=31536000&#xD;
  X-Correlation-ID: 503dc702-836e-48b1-8130-7e8ea5fe31b5&#xD;
Response body:&#xD;
[&#xD;
  {&#xD;
    "id": "6f84bca0-87ec-493e-bcaa-8993e61af424",&#xD;
    "xAppId": "28239597-e21c-4a47-a986-e409ae7af6e9",&#xD;
    "traId": 930744774,&#xD;
    "name": "A Publisher / Tra",&#xD;
    "prefix": "AB",&#xD;
    "userGroup": "tra"&#xD;
  }&#xD;
]&#xD;
=================================&#xD;
========= cURL request =========&#xD;
curl -k -X DELETE "https://localhost:5001/dtroUsers/redundant" -H "x-App-Id: 8c5dd928-2c6b-4104-a000-283f8b366cf2" -H "Content-Type: application/json" -d "{\"ids\":[\"6f84bca0-87ec-493e-bcaa-8993e61af424\"]}"&#xD;
================================&#xD;
========= HTTP response =========&#xD;
Response status code: OK&#xD;
Response headers:&#xD;
  Date: Fri, 28 Feb 2025 10:34:12 GMT&#xD;
  Server: Kestrel&#xD;
  Cache-Control: no-store, must-revalidate, no-cache&#xD;
  Pragma: no-cache&#xD;
  Cross-Origin-Embedder-Policy: unsafe-none&#xD;
  Cross-Origin-Opener-Policy: same-origin&#xD;
  Cross-Origin-Resource-Policy: cross-origin&#xD;
  permissions-policy: geolocation=(), midi=(), sync-xhr=(), microphone=(), camera=(), magnetometer=(), gyroscope=(), fullscreen=(), payment=()&#xD;
  Referrer-Policy: no-referrer&#xD;
  X-Content-Type-Options: nosniff&#xD;
  X-Frame-Options: DENY&#xD;
  X-Permitted-Cross-Domain-Policies: none&#xD;
  X-XSS-Protection: 1; mode=block&#xD;
  X-UA-Compatible: IE=Edge&#xD;
  Strict-Transport-Security: max-age=31536000&#xD;
  X-Correlation-ID: 9ff57e89-f229-4eeb-a216-ff603a03ab44&#xD;
Response body:&#xD;
true&#xD;
=================================&#xD;
Dtros table truncated successfully!&#xD;
Testing with file JSON-3.3.1-example-TTRO-HeightRestrictionwithConditions.json...&#xD;
App ID: ef759663-cbe7-48ea-9307-ff78e7f1b8c9&#xD;
TRA ID: 935180190&#xD;
Group ID: 1&#xD;
========= cURL request =========&#xD;
curl -k -X POST "https://localhost:5001/dtroUsers/createFromBody" -H "x-App-Id: 26bd0cc6-7ea4-4395-92d8-7d43143eb608" -H "Content-Type: application/json" -d "{\r    \"id\": \"26fc4211-fa5b-442b-9978-fda7b1109a3c\",\r    \"traId\": 935180190,\r    \"name\": \"A publisher / TRA\",\r    \"prefix\": \"AB\",\r    \"userGroup\": 1,\r    \"xAppId\": \"26bd0cc6-7ea4-4395-92d8-7d43143eb608\"\r}"&#xD;
================================&#xD;
========= HTTP response =========&#xD;
Response status code: Created&#xD;
Response headers:&#xD;
  Date: Fri, 28 Feb 2025 10:34:12 GMT&#xD;
  Server: Kestrel&#xD;
  Cache-Control: no-store, must-revalidate, no-cache&#xD;
  Location: https://localhost:5001/dtroUsers/createFromBody?id=ebe530b4-0920-4954-9c1d-1381eabeb03a&#xD;
  Pragma: no-cache&#xD;
  Cross-Origin-Embedder-Policy: unsafe-none&#xD;
  Cross-Origin-Opener-Policy: same-origin&#xD;
  Cross-Origin-Resource-Policy: cross-origin&#xD;
  permissions-policy: geolocation=(), midi=(), sync-xhr=(), microphone=(), camera=(), magnetometer=(), gyroscope=(), fullscreen=(), payment=()&#xD;
  Referrer-Policy: no-referrer&#xD;
  X-Content-Type-Options: nosniff&#xD;
  X-Frame-Options: DENY&#xD;
  X-Permitted-Cross-Domain-Policies: none&#xD;
  X-XSS-Protection: 1; mode=block&#xD;
  X-UA-Compatible: IE=Edge&#xD;
  Strict-Transport-Security: max-age=31536000&#xD;
  X-Correlation-ID: a5e13c77-d8c8-4f54-b27e-89670b1f61fd&#xD;
Response body:&#xD;
{&#xD;
  "id": "ebe530b4-0920-4954-9c1d-1381eabeb03a"&#xD;
}&#xD;
=================================&#xD;
========= cURL request =========&#xD;
curl -k -X POST "https://localhost:5001/dtros/createFromFile" -H "x-App-Id: 26bd0cc6-7ea4-4395-92d8-7d43143eb608" -H "Content-Type: multipart/form-data" --form 'file=@"C:\Users\BELGP3\OneDrive - PA Consulting Group\Documents\Work\Code\PA\Clients\DfT\dft-dtro-beta/examples/temp/JSON-3.3.1-example-TTRO-HeightRestrictionwithConditions.json"'&#xD;
================================&#xD;
========= HTTP response =========&#xD;
Response status code: Created&#xD;
Response headers:&#xD;
  Date: Fri, 28 Feb 2025 10:34:12 GMT&#xD;
  Server: Kestrel&#xD;
  Cache-Control: no-store, must-revalidate, no-cache&#xD;
  Location: https://localhost:5001/dtros/54b137fd-eca5-4836-8dda-96a78d8400e7&#xD;
  Pragma: no-cache&#xD;
  Cross-Origin-Embedder-Policy: unsafe-none&#xD;
  Cross-Origin-Opener-Policy: same-origin&#xD;
  Cross-Origin-Resource-Policy: cross-origin&#xD;
  permissions-policy: geolocation=(), midi=(), sync-xhr=(), microphone=(), camera=(), magnetometer=(), gyroscope=(), fullscreen=(), payment=()&#xD;
  Referrer-Policy: no-referrer&#xD;
  X-Content-Type-Options: nosniff&#xD;
  X-Frame-Options: DENY&#xD;
  X-Permitted-Cross-Domain-Policies: none&#xD;
  X-XSS-Protection: 1; mode=block&#xD;
  X-UA-Compatible: IE=Edge&#xD;
  Strict-Transport-Security: max-age=31536000&#xD;
  X-Correlation-ID: af91119c-faab-4ffe-9a98-cbf0fe111375&#xD;
Response body:&#xD;
{&#xD;
  "id": "54b137fd-eca5-4836-8dda-96a78d8400e7"&#xD;
}&#xD;
=================================&#xD;
========= cURL request =========&#xD;
curl -k -X GET "https://localhost:5001/dtros/54b137fd-eca5-4836-8dda-96a78d8400e7" -H "x-App-Id: 26bd0cc6-7ea4-4395-92d8-7d43143eb608"&#xD;
================================&#xD;
========= HTTP response =========&#xD;
Response status code: OK&#xD;
Response headers:&#xD;
  Date: Fri, 28 Feb 2025 10:34:12 GMT&#xD;
  Server: Kestrel&#xD;
  Cache-Control: no-store, must-revalidate, no-cache&#xD;
  Pragma: no-cache&#xD;
  Cross-Origin-Embedder-Policy: unsafe-none&#xD;
  Cross-Origin-Opener-Policy: same-origin&#xD;
  Cross-Origin-Resource-Policy: cross-origin&#xD;
  permissions-policy: geolocation=(), midi=(), sync-xhr=(), microphone=(), camera=(), magnetometer=(), gyroscope=(), fullscreen=(), payment=()&#xD;
  Referrer-Policy: no-referrer&#xD;
  X-Content-Type-Options: nosniff&#xD;
  X-Frame-Options: DENY&#xD;
  X-Permitted-Cross-Domain-Policies: none&#xD;
  X-XSS-Protection: 1; mode=block&#xD;
  X-UA-Compatible: IE=Edge&#xD;
  Strict-Transport-Security: max-age=31536000&#xD;
  X-Correlation-ID: aff70c1e-5a35-43a1-b783-d82a7a2af658&#xD;
Response body:&#xD;
{&#xD;
  "id": "54b137fd-eca5-4836-8dda-96a78d8400e7",&#xD;
  "schemaVersion": "3.3.1",&#xD;
  "data": {&#xD;
    "source": {&#xD;
      "section": "All sections",&#xD;
      "troName": "DfT Example - TTRO height restriction with multiple conditions v2, Nov. 2024",&#xD;
      "provision": [&#xD;
        {&#xD;
          "reference": "c962b51f-e1aa-416e-8f0b-aefe39a4c099",&#xD;
          "regulation": [&#xD;
            {&#xD;
              "timeZone": "Europe/London",&#xD;
              "isDynamic": false,&#xD;
              "conditionSet": [&#xD;
                {&#xD;
                  "operator": "and",&#xD;
                  "conditions": [&#xD;
                    {&#xD;
                      "negate": false,&#xD;
                      "timeValidity": {&#xD;
                        "end": "2024-08-22T20:00:00",&#xD;
                        "start": "2024-08-22T08:00:00"&#xD;
                      }&#xD;
                    },&#xD;
                    {&#xD;
                      "negate": false,&#xD;
                      "vehicleCharacteristics": {&#xD;
                        "maximumHeightCharacteristic": {&#xD;
                          "vehicleHeight": 2.5&#xD;
                        }&#xD;
                      }&#xD;
                    }&#xD;
                  ]&#xD;
                }&#xD;
              ],&#xD;
              "generalRegulation": {&#xD;
                "regulationType": "dimensionMaximumHeightWithTRO"&#xD;
              }&#xD;
            }&#xD;
          ],&#xD;
          "actionType": "new",&#xD;
          "regulatedPlace": [&#xD;
            {&#xD;
              "type": "regulationLocation",&#xD;
              "description": "East Reach - Taunton",&#xD;
              "pointGeometry": {&#xD;
                "point": "SRID=27700;POINT(323544 124622)",&#xD;
                "version": 1,&#xD;
                "representation": "centreLinePoint",&#xD;
                "externalReference": [&#xD;
                  {&#xD;
                    "lastUpdateDate": "2024-08-01T00:00:00",&#xD;
                    "uniqueStreetReferenceNumber": [&#xD;
                      {&#xD;
                        "usrn": 39608173&#xD;
                      }&#xD;
                    ]&#xD;
                  }&#xD;
                ]&#xD;
              }&#xD;
            }&#xD;
          ],&#xD;
          "orderReportingPoint": "ttroTtmoNoticeOfIntention",&#xD;
          "provisionDescription": "Temporary height restriction (2.5m)"&#xD;
        }&#xD;
      ],&#xD;
      "reference": "c962b51f-e1aa-416e-8f0b-aefe39a4c099",&#xD;
      "actionType": "new",&#xD;
      "traCreator": 935180190,&#xD;
      "traAffected": [&#xD;
        935180190&#xD;
      ],&#xD;
      "currentTraOwner": 935180190&#xD;
    }&#xD;
  }&#xD;
}&#xD;
=================================&#xD;
Comparing JSON...&#xD;
{&#xD;
  "data": {&#xD;
    "source": {&#xD;
      "actiontype": "new",&#xD;
      "currenttraowner": 935180190,&#xD;
      "provision": [&#xD;
        {&#xD;
          "actiontype": "new",&#xD;
          "orderreportingpoint": "ttrottmonoticeofintention",&#xD;
          "provisiondescription": "temporary height restriction (2.5m)",&#xD;
          "reference": "c962b51f-e1aa-416e-8f0b-aefe39a4c099",&#xD;
          "regulatedplace": [&#xD;
            {&#xD;
              "description": "east reach - taunton",&#xD;
              "pointgeometry": {&#xD;
                "externalreference": [&#xD;
                  {&#xD;
                    "lastupdatedate": "2024-08-01t00:00:00",&#xD;
                    "uniquestreetreferencenumber": [&#xD;
                      {&#xD;
                        "usrn": 39608173&#xD;
                      }&#xD;
                    ]&#xD;
                  }&#xD;
                ],&#xD;
                "point": "srid=27700;point(323544 124622)",&#xD;
                "representation": "centrelinepoint",&#xD;
                "version": 1&#xD;
              },&#xD;
              "type": "regulationlocation"&#xD;
            }&#xD;
          ],&#xD;
          "regulation": [&#xD;
            {&#xD;
              "conditionset": [&#xD;
                {&#xD;
                  "conditions": [&#xD;
                    {&#xD;
                      "negate": false,&#xD;
                      "timevalidity": {&#xD;
                        "end": "2024-08-22t20:00:00",&#xD;
                        "start": "2024-08-22t08:00:00"&#xD;
                      }&#xD;
                    },&#xD;
                    {&#xD;
                      "negate": false,&#xD;
                      "vehiclecharacteristics": {&#xD;
                        "maximumheightcharacteristic": {&#xD;
                          "vehicleheight": 2.5&#xD;
                        }&#xD;
                      }&#xD;
                    }&#xD;
                  ],&#xD;
                  "operator": "and"&#xD;
                }&#xD;
              ],&#xD;
              "generalregulation": {&#xD;
                "regulationtype": "dimensionmaximumheightwithtro"&#xD;
              },&#xD;
              "isdynamic": false,&#xD;
              "timezone": "europe/london"&#xD;
            }&#xD;
          ]&#xD;
        }&#xD;
      ],&#xD;
      "reference": "c962b51f-e1aa-416e-8f0b-aefe39a4c099",&#xD;
      "section": "all sections",&#xD;
      "traaffected": [&#xD;
        935180190&#xD;
      ],&#xD;
      "tracreator": 935180190,&#xD;
      "troname": "dft example - ttro height restriction with multiple conditions v2, nov. 2024"&#xD;
    }&#xD;
  },&#xD;
  "id": "54b137fd-eca5-4836-8dda-96a78d8400e7",&#xD;
  "schemaversion": "3.3.1"&#xD;
}&#xD;
JSONs match!&#xD;
Global async teardown after each test...&#xD;
Do before each test...&#xD;
========= cURL request =========&#xD;
curl -k -X GET "https://localhost:5001/dtroUsers" -H "x-App-Id: 8c5dd928-2c6b-4104-a000-283f8b366cf2"&#xD;
================================&#xD;
========= HTTP response =========&#xD;
Response status code: OK&#xD;
Response headers:&#xD;
  Date: Fri, 28 Feb 2025 10:34:13 GMT&#xD;
  Server: Kestrel&#xD;
  Cache-Control: no-store, must-revalidate, no-cache&#xD;
  Pragma: no-cache&#xD;
  Cross-Origin-Embedder-Policy: unsafe-none&#xD;
  Cross-Origin-Opener-Policy: same-origin&#xD;
  Cross-Origin-Resource-Policy: cross-origin&#xD;
  permissions-policy: geolocation=(), midi=(), sync-xhr=(), microphone=(), camera=(), magnetometer=(), gyroscope=(), fullscreen=(), payment=()&#xD;
  Referrer-Policy: no-referrer&#xD;
  X-Content-Type-Options: nosniff&#xD;
  X-Frame-Options: DENY&#xD;
  X-Permitted-Cross-Domain-Policies: none&#xD;
  X-XSS-Protection: 1; mode=block&#xD;
  X-UA-Compatible: IE=Edge&#xD;
  Strict-Transport-Security: max-age=31536000&#xD;
  X-Correlation-ID: 5b0b1674-4467-4cdc-9ff7-410779fa16f8&#xD;
Response body:&#xD;
[&#xD;
  {&#xD;
    "id": "ebe530b4-0920-4954-9c1d-1381eabeb03a",&#xD;
    "xAppId": "26bd0cc6-7ea4-4395-92d8-7d43143eb608",&#xD;
    "traId": 935180190,&#xD;
    "name": "A Publisher / Tra",&#xD;
    "prefix": "AB",&#xD;
    "userGroup": "tra"&#xD;
  }&#xD;
]&#xD;
=================================&#xD;
========= cURL request =========&#xD;
curl -k -X DELETE "https://localhost:5001/dtroUsers/redundant" -H "x-App-Id: 8c5dd928-2c6b-4104-a000-283f8b366cf2" -H "Content-Type: application/json" -d "{\"ids\":[\"ebe530b4-0920-4954-9c1d-1381eabeb03a\"]}"&#xD;
================================&#xD;
========= HTTP response =========&#xD;
Response status code: OK&#xD;
Response headers:&#xD;
  Date: Fri, 28 Feb 2025 10:34:13 GMT&#xD;
  Server: Kestrel&#xD;
  Cache-Control: no-store, must-revalidate, no-cache&#xD;
  Pragma: no-cache&#xD;
  Cross-Origin-Embedder-Policy: unsafe-none&#xD;
  Cross-Origin-Opener-Policy: same-origin&#xD;
  Cross-Origin-Resource-Policy: cross-origin&#xD;
  permissions-policy: geolocation=(), midi=(), sync-xhr=(), microphone=(), camera=(), magnetometer=(), gyroscope=(), fullscreen=(), payment=()&#xD;
  Referrer-Policy: no-referrer&#xD;
  X-Content-Type-Options: nosniff&#xD;
  X-Frame-Options: DENY&#xD;
  X-Permitted-Cross-Domain-Policies: none&#xD;
  X-XSS-Protection: 1; mode=block&#xD;
  X-UA-Compatible: IE=Edge&#xD;
  Strict-Transport-Security: max-age=31536000&#xD;
  X-Correlation-ID: 572196fa-6a8c-425c-b42d-54544540b534&#xD;
Response body:&#xD;
true&#xD;
=================================&#xD;
Dtros table truncated successfully!&#xD;
Testing with file JSON-3.3.1-example-TTRO-RoadClosureWithDiversionRoute.json...&#xD;
App ID: 96347c3d-6263-491c-b808-27fa8f91ebe7&#xD;
TRA ID: 939433665&#xD;
Group ID: 1&#xD;
========= cURL request =========&#xD;
curl -k -X POST "https://localhost:5001/dtroUsers/createFromBody" -H "x-App-Id: fd97dd4d-8f43-44ca-9d29-3ee840b897c4" -H "Content-Type: application/json" -d "{\r    \"id\": \"26fc4211-fa5b-442b-9978-fda7b1109a3c\",\r    \"traId\": 939433665,\r    \"name\": \"A publisher / TRA\",\r    \"prefix\": \"AB\",\r    \"userGroup\": 1,\r    \"xAppId\": \"fd97dd4d-8f43-44ca-9d29-3ee840b897c4\"\r}"&#xD;
================================&#xD;
========= HTTP response =========&#xD;
Response status code: Created&#xD;
Response headers:&#xD;
  Date: Fri, 28 Feb 2025 10:34:13 GMT&#xD;
  Server: Kestrel&#xD;
  Cache-Control: no-store, must-revalidate, no-cache&#xD;
  Location: https://localhost:5001/dtroUsers/createFromBody?id=a30e31a5-efe3-42b0-85e4-76be348bc525&#xD;
  Pragma: no-cache&#xD;
  Cross-Origin-Embedder-Policy: unsafe-none&#xD;
  Cross-Origin-Opener-Policy: same-origin&#xD;
  Cross-Origin-Resource-Policy: cross-origin&#xD;
  permissions-policy: geolocation=(), midi=(), sync-xhr=(), microphone=(), camera=(), magnetometer=(), gyroscope=(), fullscreen=(), payment=()&#xD;
  Referrer-Policy: no-referrer&#xD;
  X-Content-Type-Options: nosniff&#xD;
  X-Frame-Options: DENY&#xD;
  X-Permitted-Cross-Domain-Policies: none&#xD;
  X-XSS-Protection: 1; mode=block&#xD;
  X-UA-Compatible: IE=Edge&#xD;
  Strict-Transport-Security: max-age=31536000&#xD;
  X-Correlation-ID: 45af701e-b412-4979-afed-1d0551fcc328&#xD;
Response body:&#xD;
{&#xD;
  "id": "a30e31a5-efe3-42b0-85e4-76be348bc525"&#xD;
}&#xD;
=================================&#xD;
========= cURL request =========&#xD;
curl -k -X POST "https://localhost:5001/dtros/createFromFile" -H "x-App-Id: fd97dd4d-8f43-44ca-9d29-3ee840b897c4" -H "Content-Type: multipart/form-data" --form 'file=@"C:\Users\BELGP3\OneDrive - PA Consulting Group\Documents\Work\Code\PA\Clients\DfT\dft-dtro-beta/examples/temp/JSON-3.3.1-example-TTRO-RoadClosureWithDiversionRoute.json"'&#xD;
================================&#xD;
========= HTTP response =========&#xD;
Response status code: Created&#xD;
Response headers:&#xD;
  Date: Fri, 28 Feb 2025 10:34:13 GMT&#xD;
  Server: Kestrel&#xD;
  Cache-Control: no-store, must-revalidate, no-cache&#xD;
  Location: https://localhost:5001/dtros/dd59e8ce-b0b5-4cbf-9717-e84efa4f2859&#xD;
  Pragma: no-cache&#xD;
  Cross-Origin-Embedder-Policy: unsafe-none&#xD;
  Cross-Origin-Opener-Policy: same-origin&#xD;
  Cross-Origin-Resource-Policy: cross-origin&#xD;
  permissions-policy: geolocation=(), midi=(), sync-xhr=(), microphone=(), camera=(), magnetometer=(), gyroscope=(), fullscreen=(), payment=()&#xD;
  Referrer-Policy: no-referrer&#xD;
  X-Content-Type-Options: nosniff&#xD;
  X-Frame-Options: DENY&#xD;
  X-Permitted-Cross-Domain-Policies: none&#xD;
  X-XSS-Protection: 1; mode=block&#xD;
  X-UA-Compatible: IE=Edge&#xD;
  Strict-Transport-Security: max-age=31536000&#xD;
  X-Correlation-ID: 5d6d3f63-09cf-4f37-acf0-b96bacfcb2ac&#xD;
Response body:&#xD;
{&#xD;
  "id": "dd59e8ce-b0b5-4cbf-9717-e84efa4f2859"&#xD;
}&#xD;
=================================&#xD;
========= cURL request =========&#xD;
curl -k -X GET "https://localhost:5001/dtros/dd59e8ce-b0b5-4cbf-9717-e84efa4f2859" -H "x-App-Id: fd97dd4d-8f43-44ca-9d29-3ee840b897c4"&#xD;
================================&#xD;
========= HTTP response =========&#xD;
Response status code: OK&#xD;
Response headers:&#xD;
  Date: Fri, 28 Feb 2025 10:34:13 GMT&#xD;
  Server: Kestrel&#xD;
  Cache-Control: no-store, must-revalidate, no-cache&#xD;
  Pragma: no-cache&#xD;
  Cross-Origin-Embedder-Policy: unsafe-none&#xD;
  Cross-Origin-Opener-Policy: same-origin&#xD;
  Cross-Origin-Resource-Policy: cross-origin&#xD;
  permissions-policy: geolocation=(), midi=(), sync-xhr=(), microphone=(), camera=(), magnetometer=(), gyroscope=(), fullscreen=(), payment=()&#xD;
  Referrer-Policy: no-referrer&#xD;
  X-Content-Type-Options: nosniff&#xD;
  X-Frame-Options: DENY&#xD;
  X-Permitted-Cross-Domain-Policies: none&#xD;
  X-XSS-Protection: 1; mode=block&#xD;
  X-UA-Compatible: IE=Edge&#xD;
  Strict-Transport-Security: max-age=31536000&#xD;
  X-Correlation-ID: 3aa13223-0b6e-4d6d-b21f-6909feb168fd&#xD;
Response body:&#xD;
{&#xD;
  "id": "dd59e8ce-b0b5-4cbf-9717-e84efa4f2859",&#xD;
  "schemaVersion": "3.3.1",&#xD;
  "data": {&#xD;
    "source": {&#xD;
      "section": "All sections",&#xD;
      "troName": "DfT Example - TTRO road closure v2, Jan. 2025",&#xD;
      "provision": [&#xD;
        {&#xD;
          "reference": "b1618e6f-f65c-48c7-9cc7-45da9f45fbda",&#xD;
          "regulation": [&#xD;
            {&#xD;
              "timeZone": "Europe/London",&#xD;
              "condition": [&#xD;
                {&#xD;
                  "timeValidity": {&#xD;
                    "end": "2024-10-24T20:00:00",&#xD;
                    "start": "2024-10-22T06:00:00"&#xD;
                  }&#xD;
                }&#xD;
              ],&#xD;
              "isDynamic": false,&#xD;
              "generalRegulation": {&#xD;
                "regulationType": "miscRoadClosure"&#xD;
              }&#xD;
            }&#xD;
          ],&#xD;
          "actionType": "new",&#xD;
          "regulatedPlace": [&#xD;
            {&#xD;
              "type": "regulationLocation",&#xD;
              "description": "East Reach, Taunton, both directions",&#xD;
              "directedLinear": {&#xD;
                "version": 1,&#xD;
                "externalReference": [&#xD;
                  {&#xD;
                    "lastUpdateDate": "2024-10-01T00:00:00",&#xD;
                    "uniqueStreetReferenceNumber": [&#xD;
                      {&#xD;
                        "usrn": 39608173&#xD;
                      }&#xD;
                    ]&#xD;
                  }&#xD;
                ],&#xD;
                "directedLineString": "SRID=27700;LINESTRING(323544 124622, 323464 124595)"&#xD;
              }&#xD;
            },&#xD;
            {&#xD;
              "type": "diversionRoute",&#xD;
              "description": "Diversion Route - through traffic - Toneway Wickes roundabout (A38) - Priory Avenue (A3038) - Trenchard Way (A3087) - Staplegrove Road (A3027/A338) - Silk Mills Road (A3065) - Galmington Roundabout (A38) - bi-directional",&#xD;
              "linearGeometry": {&#xD;
                "version": 1,&#xD;
                "direction": "bidirectional",&#xD;
                "linestring": "SRID=27700;LINESTRING(323589 125149, 323340 125227, 321986 125569, 320737 126347, 320715 124191)",&#xD;
                "representation": "linear",&#xD;
                "lateralPosition": "centreline",&#xD;
                "externalReference": [&#xD;
                  {&#xD;
                    "lastUpdateDate": "2024-10-01T00:00:00",&#xD;
                    "uniqueStreetReferenceNumber": [&#xD;
                      {&#xD;
                        "usrn": 39609331&#xD;
                      },&#xD;
                      {&#xD;
                        "usrn": 39605119&#xD;
                      },&#xD;
                      {&#xD;
                        "usrn": 39609519&#xD;
                      },&#xD;
                      {&#xD;
                        "usrn": 39609406&#xD;
                      },&#xD;
                      {&#xD;
                        "usrn": 39605180&#xD;
                      },&#xD;
                      {&#xD;
                        "usrn": 39609179&#xD;
                      },&#xD;
                      {&#xD;
                        "usrn": 39605082&#xD;
                      },&#xD;
                      {&#xD;
                        "usrn": 39605158&#xD;
                      },&#xD;
                      {&#xD;
                        "usrn": 39607389&#xD;
                      },&#xD;
                      {&#xD;
                        "usrn": 39605156&#xD;
                      },&#xD;
                      {&#xD;
                        "usrn": 39606013&#xD;
                      }&#xD;
                    ]&#xD;
                  }&#xD;
                ]&#xD;
              }&#xD;
            }&#xD;
          ],&#xD;
          "orderReportingPoint": "ttroTtmoNoticeOfIntention",&#xD;
          "provisionDescription": "Temporary full road closure, for combined utility works and carriageway repair"&#xD;
        }&#xD;
      ],&#xD;
      "reference": "c962b51f-e1aa-416e-8f0b-aefe39a4c099",&#xD;
      "actionType": "new",&#xD;
      "traCreator": 939433665,&#xD;
      "traAffected": [&#xD;
        939433665&#xD;
      ],&#xD;
      "currentTraOwner": 939433665&#xD;
    }&#xD;
  }&#xD;
}&#xD;
=================================&#xD;
Comparing JSON...&#xD;
{&#xD;
  "data": {&#xD;
    "source": {&#xD;
      "actiontype": "new",&#xD;
      "currenttraowner": 939433665,&#xD;
      "provision": [&#xD;
        {&#xD;
          "actiontype": "new",&#xD;
          "orderreportingpoint": "ttrottmonoticeofintention",&#xD;
          "provisiondescription": "temporary full road closure, for combined utility works and carriageway repair",&#xD;
          "reference": "b1618e6f-f65c-48c7-9cc7-45da9f45fbda",&#xD;
          "regulatedplace": [&#xD;
            {&#xD;
              "description": "east reach, taunton, both directions",&#xD;
              "directedlinear": {&#xD;
                "directedlinestring": "srid=27700;linestring(323544 124622, 323464 124595)",&#xD;
                "externalreference": [&#xD;
                  {&#xD;
                    "lastupdatedate": "2024-10-01t00:00:00",&#xD;
                    "uniquestreetreferencenumber": [&#xD;
                      {&#xD;
                        "usrn": 39608173&#xD;
                      }&#xD;
                    ]&#xD;
                  }&#xD;
                ],&#xD;
                "version": 1&#xD;
              },&#xD;
              "type": "regulationlocation"&#xD;
            },&#xD;
            {&#xD;
              "description": "diversion route - through traffic - toneway wickes roundabout (a38) - priory avenue (a3038) - trenchard way (a3087) - staplegrove road (a3027/a338) - silk mills road (a3065) - galmington roundabout (a38) - bi-directional",&#xD;
              "lineargeometry": {&#xD;
                "direction": "bidirectional",&#xD;
                "externalreference": [&#xD;
                  {&#xD;
                    "lastupdatedate": "2024-10-01t00:00:00",&#xD;
                    "uniquestreetreferencenumber": [&#xD;
                      {&#xD;
                        "usrn": 39609331&#xD;
                      },&#xD;
                      {&#xD;
                        "usrn": 39605119&#xD;
                      },&#xD;
                      {&#xD;
                        "usrn": 39609519&#xD;
                      },&#xD;
                      {&#xD;
                        "usrn": 39609406&#xD;
                      },&#xD;
                      {&#xD;
                        "usrn": 39605180&#xD;
                      },&#xD;
                      {&#xD;
                        "usrn": 39609179&#xD;
                      },&#xD;
                      {&#xD;
                        "usrn": 39605082&#xD;
                      },&#xD;
                      {&#xD;
                        "usrn": 39605158&#xD;
                      },&#xD;
                      {&#xD;
                        "usrn": 39607389&#xD;
                      },&#xD;
                      {&#xD;
                        "usrn": 39605156&#xD;
                      },&#xD;
                      {&#xD;
                        "usrn": 39606013&#xD;
                      }&#xD;
                    ]&#xD;
                  }&#xD;
                ],&#xD;
                "lateralposition": "centreline",&#xD;
                "linestring": "srid=27700;linestring(323589 125149, 323340 125227, 321986 125569, 320737 126347, 320715 124191)",&#xD;
                "representation": "linear",&#xD;
                "version": 1&#xD;
              },&#xD;
              "type": "diversionroute"&#xD;
            }&#xD;
          ],&#xD;
          "regulation": [&#xD;
            {&#xD;
              "condition": [&#xD;
                {&#xD;
                  "timevalidity": {&#xD;
                    "end": "2024-10-24t20:00:00",&#xD;
                    "start": "2024-10-22t06:00:00"&#xD;
                  }&#xD;
                }&#xD;
              ],&#xD;
              "generalregulation": {&#xD;
                "regulationtype": "miscroadclosure"&#xD;
              },&#xD;
              "isdynamic": false,&#xD;
              "timezone": "europe/london"&#xD;
            }&#xD;
          ]&#xD;
        }&#xD;
      ],&#xD;
      "reference": "c962b51f-e1aa-416e-8f0b-aefe39a4c099",&#xD;
      "section": "all sections",&#xD;
      "traaffected": [&#xD;
        939433665&#xD;
      ],&#xD;
      "tracreator": 939433665,&#xD;
      "troname": "dft example - ttro road closure v2, jan. 2025"&#xD;
    }&#xD;
  },&#xD;
  "id": "dd59e8ce-b0b5-4cbf-9717-e84efa4f2859",&#xD;
  "schemaversion": "3.3.1"&#xD;
}&#xD;
JSONs match!&#xD;
Global async teardown after each test...&#xD;
Do before each test...&#xD;
========= cURL request =========&#xD;
curl -k -X GET "https://localhost:5001/dtroUsers" -H "x-App-Id: 8c5dd928-2c6b-4104-a000-283f8b366cf2"&#xD;
================================&#xD;
========= HTTP response =========&#xD;
Response status code: OK&#xD;
Response headers:&#xD;
  Date: Fri, 28 Feb 2025 10:34:13 GMT&#xD;
  Server: Kestrel&#xD;
  Cache-Control: no-store, must-revalidate, no-cache&#xD;
  Pragma: no-cache&#xD;
  Cross-Origin-Embedder-Policy: unsafe-none&#xD;
  Cross-Origin-Opener-Policy: same-origin&#xD;
  Cross-Origin-Resource-Policy: cross-origin&#xD;
  permissions-policy: geolocation=(), midi=(), sync-xhr=(), microphone=(), camera=(), magnetometer=(), gyroscope=(), fullscreen=(), payment=()&#xD;
  Referrer-Policy: no-referrer&#xD;
  X-Content-Type-Options: nosniff&#xD;
  X-Frame-Options: DENY&#xD;
  X-Permitted-Cross-Domain-Policies: none&#xD;
  X-XSS-Protection: 1; mode=block&#xD;
  X-UA-Compatible: IE=Edge&#xD;
  Strict-Transport-Security: max-age=31536000&#xD;
  X-Correlation-ID: 075d7906-d604-4d03-acde-5c6fe0b0fb73&#xD;
Response body:&#xD;
[&#xD;
  {&#xD;
    "id": "a30e31a5-efe3-42b0-85e4-76be348bc525",&#xD;
    "xAppId": "fd97dd4d-8f43-44ca-9d29-3ee840b897c4",&#xD;
    "traId": 939433665,&#xD;
    "name": "A Publisher / Tra",&#xD;
    "prefix": "AB",&#xD;
    "userGroup": "tra"&#xD;
  }&#xD;
]&#xD;
=================================&#xD;
========= cURL request =========&#xD;
curl -k -X DELETE "https://localhost:5001/dtroUsers/redundant" -H "x-App-Id: 8c5dd928-2c6b-4104-a000-283f8b366cf2" -H "Content-Type: application/json" -d "{\"ids\":[\"a30e31a5-efe3-42b0-85e4-76be348bc525\"]}"&#xD;
================================&#xD;
========= HTTP response =========&#xD;
Response status code: OK&#xD;
Response headers:&#xD;
  Date: Fri, 28 Feb 2025 10:34:13 GMT&#xD;
  Server: Kestrel&#xD;
  Cache-Control: no-store, must-revalidate, no-cache&#xD;
  Pragma: no-cache&#xD;
  Cross-Origin-Embedder-Policy: unsafe-none&#xD;
  Cross-Origin-Opener-Policy: same-origin&#xD;
  Cross-Origin-Resource-Policy: cross-origin&#xD;
  permissions-policy: geolocation=(), midi=(), sync-xhr=(), microphone=(), camera=(), magnetometer=(), gyroscope=(), fullscreen=(), payment=()&#xD;
  Referrer-Policy: no-referrer&#xD;
  X-Content-Type-Options: nosniff&#xD;
  X-Frame-Options: DENY&#xD;
  X-Permitted-Cross-Domain-Policies: none&#xD;
  X-XSS-Protection: 1; mode=block&#xD;
  X-UA-Compatible: IE=Edge&#xD;
  Strict-Transport-Security: max-age=31536000&#xD;
  X-Correlation-ID: 5173be9f-0d2e-41e2-8c31-2a9483b682ef&#xD;
Response body:&#xD;
true&#xD;
=================================&#xD;
Dtros table truncated successfully!&#xD;
Testing with file JSON-3.3.1-example-TTRO-multiple-nested-ConditionSet.json...&#xD;
App ID: d9423e14-b628-408a-97a9-38a4c7468459&#xD;
TRA ID: 943217121&#xD;
Group ID: 1&#xD;
========= cURL request =========&#xD;
curl -k -X POST "https://localhost:5001/dtroUsers/createFromBody" -H "x-App-Id: 1b4ae882-6524-4a33-9ec1-cfde34046dd3" -H "Content-Type: application/json" -d "{\r    \"id\": \"26fc4211-fa5b-442b-9978-fda7b1109a3c\",\r    \"traId\": 943217121,\r    \"name\": \"A publisher / TRA\",\r    \"prefix\": \"AB\",\r    \"userGroup\": 1,\r    \"xAppId\": \"1b4ae882-6524-4a33-9ec1-cfde34046dd3\"\r}"&#xD;
================================&#xD;
========= HTTP response =========&#xD;
Response status code: Created&#xD;
Response headers:&#xD;
  Date: Fri, 28 Feb 2025 10:34:13 GMT&#xD;
  Server: Kestrel&#xD;
  Cache-Control: no-store, must-revalidate, no-cache&#xD;
  Location: https://localhost:5001/dtroUsers/createFromBody?id=cfbaf591-e047-4c47-bd78-97abf7dc4ebf&#xD;
  Pragma: no-cache&#xD;
  Cross-Origin-Embedder-Policy: unsafe-none&#xD;
  Cross-Origin-Opener-Policy: same-origin&#xD;
  Cross-Origin-Resource-Policy: cross-origin&#xD;
  permissions-policy: geolocation=(), midi=(), sync-xhr=(), microphone=(), camera=(), magnetometer=(), gyroscope=(), fullscreen=(), payment=()&#xD;
  Referrer-Policy: no-referrer&#xD;
  X-Content-Type-Options: nosniff&#xD;
  X-Frame-Options: DENY&#xD;
  X-Permitted-Cross-Domain-Policies: none&#xD;
  X-XSS-Protection: 1; mode=block&#xD;
  X-UA-Compatible: IE=Edge&#xD;
  Strict-Transport-Security: max-age=31536000&#xD;
  X-Correlation-ID: 1a82ee86-2334-4853-9e79-cd70826bd5cd&#xD;
Response body:&#xD;
{&#xD;
  "id": "cfbaf591-e047-4c47-bd78-97abf7dc4ebf"&#xD;
}&#xD;
=================================&#xD;
========= cURL request =========&#xD;
curl -k -X POST "https://localhost:5001/dtros/createFromFile" -H "x-App-Id: 1b4ae882-6524-4a33-9ec1-cfde34046dd3" -H "Content-Type: multipart/form-data" --form 'file=@"C:\Users\BELGP3\OneDrive - PA Consulting Group\Documents\Work\Code\PA\Clients\DfT\dft-dtro-beta/examples/temp/JSON-3.3.1-example-TTRO-multiple-nested-ConditionSet.json"'&#xD;
================================&#xD;
========= HTTP response =========&#xD;
Response status code: Created&#xD;
Response headers:&#xD;
  Date: Fri, 28 Feb 2025 10:34:13 GMT&#xD;
  Server: Kestrel&#xD;
  Cache-Control: no-store, must-revalidate, no-cache&#xD;
  Location: https://localhost:5001/dtros/0cd54f0d-efbb-4bf8-9ccc-cdbe1c892f58&#xD;
  Pragma: no-cache&#xD;
  Cross-Origin-Embedder-Policy: unsafe-none&#xD;
  Cross-Origin-Opener-Policy: same-origin&#xD;
  Cross-Origin-Resource-Policy: cross-origin&#xD;
  permissions-policy: geolocation=(), midi=(), sync-xhr=(), microphone=(), camera=(), magnetometer=(), gyroscope=(), fullscreen=(), payment=()&#xD;
  Referrer-Policy: no-referrer&#xD;
  X-Content-Type-Options: nosniff&#xD;
  X-Frame-Options: DENY&#xD;
  X-Permitted-Cross-Domain-Policies: none&#xD;
  X-XSS-Protection: 1; mode=block&#xD;
  X-UA-Compatible: IE=Edge&#xD;
  Strict-Transport-Security: max-age=31536000&#xD;
  X-Correlation-ID: af63d45a-64d2-4596-8479-5b95a20a8d87&#xD;
Response body:&#xD;
{&#xD;
  "id": "0cd54f0d-efbb-4bf8-9ccc-cdbe1c892f58"&#xD;
}&#xD;
=================================&#xD;
========= cURL request =========&#xD;
curl -k -X GET "https://localhost:5001/dtros/0cd54f0d-efbb-4bf8-9ccc-cdbe1c892f58" -H "x-App-Id: 1b4ae882-6524-4a33-9ec1-cfde34046dd3"&#xD;
================================&#xD;
========= HTTP response =========&#xD;
Response status code: OK&#xD;
Response headers:&#xD;
  Date: Fri, 28 Feb 2025 10:34:13 GMT&#xD;
  Server: Kestrel&#xD;
  Cache-Control: no-store, must-revalidate, no-cache&#xD;
  Pragma: no-cache&#xD;
  Cross-Origin-Embedder-Policy: unsafe-none&#xD;
  Cross-Origin-Opener-Policy: same-origin&#xD;
  Cross-Origin-Resource-Policy: cross-origin&#xD;
  permissions-policy: geolocation=(), midi=(), sync-xhr=(), microphone=(), camera=(), magnetometer=(), gyroscope=(), fullscreen=(), payment=()&#xD;
  Referrer-Policy: no-referrer&#xD;
  X-Content-Type-Options: nosniff&#xD;
  X-Frame-Options: DENY&#xD;
  X-Permitted-Cross-Domain-Policies: none&#xD;
  X-XSS-Protection: 1; mode=block&#xD;
  X-UA-Compatible: IE=Edge&#xD;
  Strict-Transport-Security: max-age=31536000&#xD;
  X-Correlation-ID: ebee8b52-34d3-43dc-bd1d-ec636ff4690e&#xD;
Response body:&#xD;
{&#xD;
  "id": "0cd54f0d-efbb-4bf8-9ccc-cdbe1c892f58",&#xD;
  "schemaVersion": "3.3.1",&#xD;
  "data": {&#xD;
    "source": {&#xD;
      "section": "All sections",&#xD;
      "troName": "DfT Example - TTRO height restriction and length with multiple conditions v2, Nov. 2024",&#xD;
      "provision": [&#xD;
        {&#xD;
          "reference": "b1618e6f-f65c-48c7-9cc7-45da9f45fbda",&#xD;
          "regulation": [&#xD;
            {&#xD;
              "timeZone": "Europe/London",&#xD;
              "isDynamic": false,&#xD;
              "conditionSet": [&#xD;
                {&#xD;
                  "operator": "and",&#xD;
                  "condition": [&#xD;
                    {&#xD;
                      "negate": false,&#xD;
                      "timeValidity": {&#xD;
                        "end": "2024-08-22T20:00:00",&#xD;
                        "start": "2024-08-22T08:00:00"&#xD;
                      }&#xD;
                    }&#xD;
                  ],&#xD;
                  "conditionSet": [&#xD;
                    {&#xD;
                      "operator": "or",&#xD;
                      "conditions": [&#xD;
                        {&#xD;
                          "negate": false,&#xD;
                          "vehicleCharacteristics": {&#xD;
                            "maximumHeightCharacteristic": {&#xD;
                              "vehicleHeight": 2.5&#xD;
                            }&#xD;
                          }&#xD;
                        },&#xD;
                        {&#xD;
                          "negate": true,&#xD;
                          "vehicleCharacteristics": {&#xD;
                            "vehicleType": "bus"&#xD;
                          }&#xD;
                        },&#xD;
                        {&#xD;
                          "conditionSet": [&#xD;
                            {&#xD;
                              "operator": "and",&#xD;
                              "conditions": [&#xD;
                                {&#xD;
                                  "negate": false,&#xD;
                                  "vehicleCharacteristics": {&#xD;
                                    "vehicleType": "taxi"&#xD;
                                  }&#xD;
                                },&#xD;
                                {&#xD;
                                  "negate": false,&#xD;
                                  "vehicleCharacteristics": {&#xD;
                                    "vehicleUsage": "access"&#xD;
                                  }&#xD;
                                }&#xD;
                              ]&#xD;
                            }&#xD;
                          ]&#xD;
                        }&#xD;
                      ]&#xD;
                    }&#xD;
                  ]&#xD;
                }&#xD;
              ],&#xD;
              "generalRegulation": {&#xD;
                "regulationType": "dimensionMaximumHeightWithTRO"&#xD;
              }&#xD;
            }&#xD;
          ],&#xD;
          "actionType": "new",&#xD;
          "regulatedPlace": [&#xD;
            {&#xD;
              "type": "regulationLocation",&#xD;
              "description": "East Reach - Taunton",&#xD;
              "pointGeometry": {&#xD;
                "point": "SRID=27700;POINT(323544 124622)",&#xD;
                "version": 1,&#xD;
                "representation": "centreLinePoint",&#xD;
                "externalReference": [&#xD;
                  {&#xD;
                    "lastUpdateDate": "2024-08-01T00:00:00",&#xD;
                    "uniqueStreetReferenceNumber": [&#xD;
                      {&#xD;
                        "usrn": 39608173&#xD;
                      }&#xD;
                    ]&#xD;
                  }&#xD;
                ]&#xD;
              }&#xD;
            }&#xD;
          ],&#xD;
          "orderReportingPoint": "ttroTtmoNoticeOfIntention",&#xD;
          "provisionDescription": "Temporary height and length restriction"&#xD;
        }&#xD;
      ],&#xD;
      "reference": "c962b51f-e1aa-416e-8f0b-aefe39a4c099",&#xD;
      "actionType": "new",&#xD;
      "traCreator": 943217121,&#xD;
      "traAffected": [&#xD;
        943217121&#xD;
      ],&#xD;
      "currentTraOwner": 943217121&#xD;
    }&#xD;
  }&#xD;
}&#xD;
=================================&#xD;
Comparing JSON...&#xD;
{&#xD;
  "data": {&#xD;
    "source": {&#xD;
      "actiontype": "new",&#xD;
      "currenttraowner": 943217121,&#xD;
      "provision": [&#xD;
        {&#xD;
          "actiontype": "new",&#xD;
          "orderreportingpoint": "ttrottmonoticeofintention",&#xD;
          "provisiondescription": "temporary height and length restriction",&#xD;
          "reference": "b1618e6f-f65c-48c7-9cc7-45da9f45fbda",&#xD;
          "regulatedplace": [&#xD;
            {&#xD;
              "description": "east reach - taunton",&#xD;
              "pointgeometry": {&#xD;
                "externalreference": [&#xD;
                  {&#xD;
                    "lastupdatedate": "2024-08-01t00:00:00",&#xD;
                    "uniquestreetreferencenumber": [&#xD;
                      {&#xD;
                        "usrn": 39608173&#xD;
                      }&#xD;
                    ]&#xD;
                  }&#xD;
                ],&#xD;
                "point": "srid=27700;point(323544 124622)",&#xD;
                "representation": "centrelinepoint",&#xD;
                "version": 1&#xD;
              },&#xD;
              "type": "regulationlocation"&#xD;
            }&#xD;
          ],&#xD;
          "regulation": [&#xD;
            {&#xD;
              "conditionset": [&#xD;
                {&#xD;
                  "condition": [&#xD;
                    {&#xD;
                      "negate": false,&#xD;
                      "timevalidity": {&#xD;
                        "end": "2024-08-22t20:00:00",&#xD;
                        "start": "2024-08-22t08:00:00"&#xD;
                      }&#xD;
                    }&#xD;
                  ],&#xD;
                  "conditionset": [&#xD;
                    {&#xD;
                      "conditions": [&#xD;
                        {&#xD;
                          "negate": false,&#xD;
                          "vehiclecharacteristics": {&#xD;
                            "maximumheightcharacteristic": {&#xD;
                              "vehicleheight": 2.5&#xD;
                            }&#xD;
                          }&#xD;
                        },&#xD;
                        {&#xD;
                          "negate": true,&#xD;
                          "vehiclecharacteristics": {&#xD;
                            "vehicletype": "bus"&#xD;
                          }&#xD;
                        },&#xD;
                        {&#xD;
                          "conditionset": [&#xD;
                            {&#xD;
                              "conditions": [&#xD;
                                {&#xD;
                                  "negate": false,&#xD;
                                  "vehiclecharacteristics": {&#xD;
                                    "vehicletype": "taxi"&#xD;
                                  }&#xD;
                                },&#xD;
                                {&#xD;
                                  "negate": false,&#xD;
                                  "vehiclecharacteristics": {&#xD;
                                    "vehicleusage": "access"&#xD;
                                  }&#xD;
                                }&#xD;
                              ],&#xD;
                              "operator": "and"&#xD;
                            }&#xD;
                          ]&#xD;
                        }&#xD;
                      ],&#xD;
                      "operator": "or"&#xD;
                    }&#xD;
                  ],&#xD;
                  "operator": "and"&#xD;
                }&#xD;
              ],&#xD;
              "generalregulation": {&#xD;
                "regulationtype": "dimensionmaximumheightwithtro"&#xD;
              },&#xD;
              "isdynamic": false,&#xD;
              "timezone": "europe/london"&#xD;
            }&#xD;
          ]&#xD;
        }&#xD;
      ],&#xD;
      "reference": "c962b51f-e1aa-416e-8f0b-aefe39a4c099",&#xD;
      "section": "all sections",&#xD;
      "traaffected": [&#xD;
        943217121&#xD;
      ],&#xD;
      "tracreator": 943217121,&#xD;
      "troname": "dft example - ttro height restriction and length with multiple conditions v2, nov. 2024"&#xD;
    }&#xD;
  },&#xD;
  "id": "0cd54f0d-efbb-4bf8-9ccc-cdbe1c892f58",&#xD;
  "schemaversion": "3.3.1"&#xD;
}&#xD;
JSONs match!&#xD;
Global async teardown after each test...&#xD;
Do before each test...&#xD;
========= cURL request =========&#xD;
curl -k -X GET "https://localhost:5001/dtroUsers" -H "x-App-Id: 8c5dd928-2c6b-4104-a000-283f8b366cf2"&#xD;
================================&#xD;
========= HTTP response =========&#xD;
Response status code: OK&#xD;
Response headers:&#xD;
  Date: Fri, 28 Feb 2025 10:34:13 GMT&#xD;
  Server: Kestrel&#xD;
  Cache-Control: no-store, must-revalidate, no-cache&#xD;
  Pragma: no-cache&#xD;
  Cross-Origin-Embedder-Policy: unsafe-none&#xD;
  Cross-Origin-Opener-Policy: same-origin&#xD;
  Cross-Origin-Resource-Policy: cross-origin&#xD;
  permissions-policy: geolocation=(), midi=(), sync-xhr=(), microphone=(), camera=(), magnetometer=(), gyroscope=(), fullscreen=(), payment=()&#xD;
  Referrer-Policy: no-referrer&#xD;
  X-Content-Type-Options: nosniff&#xD;
  X-Frame-Options: DENY&#xD;
  X-Permitted-Cross-Domain-Policies: none&#xD;
  X-XSS-Protection: 1; mode=block&#xD;
  X-UA-Compatible: IE=Edge&#xD;
  Strict-Transport-Security: max-age=31536000&#xD;
  X-Correlation-ID: 6f6f2373-621f-4db7-831b-22a5749ef4ae&#xD;
Response body:&#xD;
[&#xD;
  {&#xD;
    "id": "cfbaf591-e047-4c47-bd78-97abf7dc4ebf",&#xD;
    "xAppId": "1b4ae882-6524-4a33-9ec1-cfde34046dd3",&#xD;
    "traId": 943217121,&#xD;
    "name": "A Publisher / Tra",&#xD;
    "prefix": "AB",&#xD;
    "userGroup": "tra"&#xD;
  }&#xD;
]&#xD;
=================================&#xD;
========= cURL request =========&#xD;
curl -k -X DELETE "https://localhost:5001/dtroUsers/redundant" -H "x-App-Id: 8c5dd928-2c6b-4104-a000-283f8b366cf2" -H "Content-Type: application/json" -d "{\"ids\":[\"cfbaf591-e047-4c47-bd78-97abf7dc4ebf\"]}"&#xD;
================================&#xD;
========= HTTP response =========&#xD;
Response status code: OK&#xD;
Response headers:&#xD;
  Date: Fri, 28 Feb 2025 10:34:13 GMT&#xD;
  Server: Kestrel&#xD;
  Cache-Control: no-store, must-revalidate, no-cache&#xD;
  Pragma: no-cache&#xD;
  Cross-Origin-Embedder-Policy: unsafe-none&#xD;
  Cross-Origin-Opener-Policy: same-origin&#xD;
  Cross-Origin-Resource-Policy: cross-origin&#xD;
  permissions-policy: geolocation=(), midi=(), sync-xhr=(), microphone=(), camera=(), magnetometer=(), gyroscope=(), fullscreen=(), payment=()&#xD;
  Referrer-Policy: no-referrer&#xD;
  X-Content-Type-Options: nosniff&#xD;
  X-Frame-Options: DENY&#xD;
  X-Permitted-Cross-Domain-Policies: none&#xD;
  X-XSS-Protection: 1; mode=block&#xD;
  X-UA-Compatible: IE=Edge&#xD;
  Strict-Transport-Security: max-age=31536000&#xD;
  X-Correlation-ID: 09e95783-18ee-439a-b7c4-efcb7abb8f6d&#xD;
Response body:&#xD;
true&#xD;
=================================&#xD;
Dtros table truncated successfully!&#xD;
Testing with file JSON-3.3.1-example-TTRO-MoreComplexExample.json...&#xD;
App ID: bf27f320-c334-42d7-8d14-7fe4c01b6c30&#xD;
TRA ID: 948128579&#xD;
Group ID: 1&#xD;
========= cURL request =========&#xD;
curl -k -X POST "https://localhost:5001/dtroUsers/createFromBody" -H "x-App-Id: 97fbdb2a-814f-4c3d-b920-f057accf8ba4" -H "Content-Type: application/json" -d "{\r    \"id\": \"26fc4211-fa5b-442b-9978-fda7b1109a3c\",\r    \"traId\": 948128579,\r    \"name\": \"A publisher / TRA\",\r    \"prefix\": \"AB\",\r    \"userGroup\": 1,\r    \"xAppId\": \"97fbdb2a-814f-4c3d-b920-f057accf8ba4\"\r}"&#xD;
================================&#xD;
========= HTTP response =========&#xD;
Response status code: Created&#xD;
Response headers:&#xD;
  Date: Fri, 28 Feb 2025 10:34:14 GMT&#xD;
  Server: Kestrel&#xD;
  Cache-Control: no-store, must-revalidate, no-cache&#xD;
  Location: https://localhost:5001/dtroUsers/createFromBody?id=6ad76693-db53-41dc-b373-23e20bdb2455&#xD;
  Pragma: no-cache&#xD;
  Cross-Origin-Embedder-Policy: unsafe-none&#xD;
  Cross-Origin-Opener-Policy: same-origin&#xD;
  Cross-Origin-Resource-Policy: cross-origin&#xD;
  permissions-policy: geolocation=(), midi=(), sync-xhr=(), microphone=(), camera=(), magnetometer=(), gyroscope=(), fullscreen=(), payment=()&#xD;
  Referrer-Policy: no-referrer&#xD;
  X-Content-Type-Options: nosniff&#xD;
  X-Frame-Options: DENY&#xD;
  X-Permitted-Cross-Domain-Policies: none&#xD;
  X-XSS-Protection: 1; mode=block&#xD;
  X-UA-Compatible: IE=Edge&#xD;
  Strict-Transport-Security: max-age=31536000&#xD;
  X-Correlation-ID: f5cdc00a-eebd-4f4c-a447-0b9afcffe65e&#xD;
Response body:&#xD;
{&#xD;
  "id": "6ad76693-db53-41dc-b373-23e20bdb2455"&#xD;
}&#xD;
=================================&#xD;
========= cURL request =========&#xD;
curl -k -X POST "https://localhost:5001/dtros/createFromFile" -H "x-App-Id: 97fbdb2a-814f-4c3d-b920-f057accf8ba4" -H "Content-Type: multipart/form-data" --form 'file=@"C:\Users\BELGP3\OneDrive - PA Consulting Group\Documents\Work\Code\PA\Clients\DfT\dft-dtro-beta/examples/temp/JSON-3.3.1-example-TTRO-MoreComplexExample.json"'&#xD;
================================&#xD;
========= HTTP response =========&#xD;
Response status code: Created&#xD;
Response headers:&#xD;
  Date: Fri, 28 Feb 2025 10:34:14 GMT&#xD;
  Server: Kestrel&#xD;
  Cache-Control: no-store, must-revalidate, no-cache&#xD;
  Location: https://localhost:5001/dtros/0238bb7c-d3f5-443c-bbb0-3d9ca73aa637&#xD;
  Pragma: no-cache&#xD;
  Cross-Origin-Embedder-Policy: unsafe-none&#xD;
  Cross-Origin-Opener-Policy: same-origin&#xD;
  Cross-Origin-Resource-Policy: cross-origin&#xD;
  permissions-policy: geolocation=(), midi=(), sync-xhr=(), microphone=(), camera=(), magnetometer=(), gyroscope=(), fullscreen=(), payment=()&#xD;
  Referrer-Policy: no-referrer&#xD;
  X-Content-Type-Options: nosniff&#xD;
  X-Frame-Options: DENY&#xD;
  X-Permitted-Cross-Domain-Policies: none&#xD;
  X-XSS-Protection: 1; mode=block&#xD;
  X-UA-Compatible: IE=Edge&#xD;
  Strict-Transport-Security: max-age=31536000&#xD;
  X-Correlation-ID: d896af60-0a74-4190-8533-c69e41a76184&#xD;
Response body:&#xD;
{&#xD;
  "id": "0238bb7c-d3f5-443c-bbb0-3d9ca73aa637"&#xD;
}&#xD;
=================================&#xD;
========= cURL request =========&#xD;
curl -k -X GET "https://localhost:5001/dtros/0238bb7c-d3f5-443c-bbb0-3d9ca73aa637" -H "x-App-Id: 97fbdb2a-814f-4c3d-b920-f057accf8ba4"&#xD;
================================&#xD;
========= HTTP response =========&#xD;
Response status code: OK&#xD;
Response headers:&#xD;
  Date: Fri, 28 Feb 2025 10:34:14 GMT&#xD;
  Server: Kestrel&#xD;
  Cache-Control: no-store, must-revalidate, no-cache&#xD;
  Pragma: no-cache&#xD;
  Cross-Origin-Embedder-Policy: unsafe-none&#xD;
  Cross-Origin-Opener-Policy: same-origin&#xD;
  Cross-Origin-Resource-Policy: cross-origin&#xD;
  permissions-policy: geolocation=(), midi=(), sync-xhr=(), microphone=(), camera=(), magnetometer=(), gyroscope=(), fullscreen=(), payment=()&#xD;
  Referrer-Policy: no-referrer&#xD;
  X-Content-Type-Options: nosniff&#xD;
  X-Frame-Options: DENY&#xD;
  X-Permitted-Cross-Domain-Policies: none&#xD;
  X-XSS-Protection: 1; mode=block&#xD;
  X-UA-Compatible: IE=Edge&#xD;
  Strict-Transport-Security: max-age=31536000&#xD;
  X-Correlation-ID: 7cac1fe9-c054-4890-88af-438dee52f90f&#xD;
Response body:&#xD;
{&#xD;
  "id": "0238bb7c-d3f5-443c-bbb0-3d9ca73aa637",&#xD;
  "schemaVersion": "3.3.1",&#xD;
  "data": {&#xD;
    "source": {&#xD;
      "section": "All sections",&#xD;
      "troName": "DfT Example - More complex v2, Jan. 2025",&#xD;
      "_comment": "DfT example D-TRO, multiple provisions, multiple conditions, TemporaryRegulation, OffListRegulation, Permits, Rates",&#xD;
      "provision": [&#xD;
        {&#xD;
          "_comment": "Provision 1: TTRO with Diversion route, and use of temporily overridden regulation {Provision}",&#xD;
          "reference": "b1618e6f-f65c-48c7-9cc7-45da9f45fbda",&#xD;
          "regulation": [&#xD;
            {&#xD;
              "timeZone": "Europe/London",&#xD;
              "condition": [&#xD;
                {&#xD;
                  "timeValidity": {&#xD;
                    "end": "2024-10-24T20:00:00",&#xD;
                    "start": "2024-10-22T06:00:00"&#xD;
                  }&#xD;
                }&#xD;
              ],&#xD;
              "isDynamic": false,&#xD;
              "generalRegulation": {&#xD;
                "regulationType": "miscRoadClosure"&#xD;
              },&#xD;
              "temporaryRegulation": {&#xD;
                "temporaryOverriddenProvision": {&#xD;
                  "reference": "DA3C3631-7710-4EA5-B654-62CD316D487A",&#xD;
                  "actionType": "new",&#xD;
                  "orderReportingPoint": "permanentNoticeOfMaking",&#xD;
                  "provisionDescription": "Speed Limit, East Reach"&#xD;
                }&#xD;
              }&#xD;
            }&#xD;
          ],&#xD;
          "actionType": "new",&#xD;
          "regulatedPlace": [&#xD;
            {&#xD;
              "type": "regulationLocation",&#xD;
              "description": "East Reach, Taunton, bi-directional",&#xD;
              "directedLinear": {&#xD;
                "version": 1,&#xD;
                "externalReference": [&#xD;
                  {&#xD;
                    "lastUpdateDate": "2024-10-01T00:00:00",&#xD;
                    "uniqueStreetReferenceNumber": [&#xD;
                      {&#xD;
                        "usrn": 39608173&#xD;
                      }&#xD;
                    ]&#xD;
                  }&#xD;
                ],&#xD;
                "directedLineString": "SRID=27700;LINESTRING(323544 124622, 323464 124595)"&#xD;
              }&#xD;
            },&#xD;
            {&#xD;
              "type": "diversionRoute",&#xD;
              "description": "Diversion Route - through traffic - Toneway Wickes roundabout (A38) - Priory Avenue (A3038) - Trenchard Way (A3087) - Staplegrove Road (A3027/A338) - Silk Mills Road (A3065) - Galmington Roundabout (A38) - bi-directional",&#xD;
              "linearGeometry": {&#xD;
                "version": 1,&#xD;
                "direction": "bidirectional",&#xD;
                "linestring": "SRID=27700;LINESTRING(323589 125149, 323340 125227, 321986 125569, 320737 126347, 320715 124191)",&#xD;
                "representation": "linear",&#xD;
                "lateralPosition": "centreline",&#xD;
                "externalReference": [&#xD;
                  {&#xD;
                    "lastUpdateDate": "2024-10-01T00:00:00",&#xD;
                    "uniqueStreetReferenceNumber": [&#xD;
                      {&#xD;
                        "usrn": 39609331&#xD;
                      },&#xD;
                      {&#xD;
                        "usrn": 39605119&#xD;
                      },&#xD;
                      {&#xD;
                        "usrn": 39609519&#xD;
                      },&#xD;
                      {&#xD;
                        "usrn": 39609406&#xD;
                      },&#xD;
                      {&#xD;
                        "usrn": 39605180&#xD;
                      },&#xD;
                      {&#xD;
                        "usrn": 39609179&#xD;
                      },&#xD;
                      {&#xD;
                        "usrn": 39605082&#xD;
                      },&#xD;
                      {&#xD;
                        "usrn": 39605158&#xD;
                      },&#xD;
                      {&#xD;
                        "usrn": 39607389&#xD;
                      },&#xD;
                      {&#xD;
                        "usrn": 39605156&#xD;
                      },&#xD;
                      {&#xD;
                        "usrn": 39606013&#xD;
                      }&#xD;
                    ]&#xD;
                  }&#xD;
                ]&#xD;
              }&#xD;
            }&#xD;
          ],&#xD;
          "orderReportingPoint": "ttroTtmoNoticeOfIntention",&#xD;
          "provisionDescription": "Temporary full road closure, for combined utility works and carriageway repair"&#xD;
        },&#xD;
        {&#xD;
          "_comment": "Provision 2: Permanent TRO - parking controls, with day - time restrictions, rate table, and versioned RegulatedPlace instances",&#xD;
          "reference": "c962b51f-e1aa-416e-8f0b-aefe39a4c099",&#xD;
          "regulation": [&#xD;
            {&#xD;
              "timeZone": "Europe/London",&#xD;
              "condition": [&#xD;
                {&#xD;
                  "negate": false,&#xD;
                  "timeValidity": {&#xD;
                    "start": "2024-12-10T09:00:00",&#xD;
                    "validPeriod": [&#xD;
                      {&#xD;
                        "recurringTimePeriodOfDay": [&#xD;
                          {&#xD;
                            "endTimeOfPeriod": "20:00:00",&#xD;
                            "startTimeOfPeriod": "09:00:00"&#xD;
                          }&#xD;
                        ],&#xD;
                        "recurringDayWeekMonthPeriod": [&#xD;
                          {&#xD;
                            "applicableDay": [&#xD;
                              "friday",&#xD;
                              "monday",&#xD;
                              "saturday",&#xD;
                              "sunday",&#xD;
                              "thursday",&#xD;
                              "tuesday",&#xD;
                              "wednesday"&#xD;
                            ]&#xD;
                          }&#xD;
                        ]&#xD;
                      }&#xD;
                    ]&#xD;
                  }&#xD;
                }&#xD;
              ],&#xD;
              "rateTable": {&#xD;
                "type": "hourly",&#xD;
                "_comment": "trial rates table, with increments \u00A31 first hour, \u00A32 cumulative for first two hours, \u00A37.20 thereafter, between 9am and 8pm",&#xD;
                "rateLineCollection": [&#xD;
                  {&#xD;
                    "maxTime": 660,&#xD;
                    "minTime": 60,&#xD;
                    "rateLine": [&#xD;
                      {&#xD;
                        "type": "flatRateTier",&#xD;
                        "value": 1.0,&#xD;
                        "maxValue": 7.2,&#xD;
                        "minValue": 1.0,&#xD;
                        "sequence": 1,&#xD;
                        "durationEnd": 59,&#xD;
                        "durationStart": 1,&#xD;
                        "usageCondition": "fixedDuration",&#xD;
                        "incrementPeriod": 58&#xD;
                      },&#xD;
                      {&#xD;
                        "type": "flatRateTier",&#xD;
                        "value": 1.0,&#xD;
                        "maxValue": 7.2,&#xD;
                        "minValue": 2.0,&#xD;
                        "sequence": 2,&#xD;
                        "durationEnd": 119,&#xD;
                        "durationStart": 60,&#xD;
                        "usageCondition": "fixedDuration",&#xD;
                        "incrementPeriod": 59&#xD;
                      },&#xD;
                      {&#xD;
                        "type": "flatRateTier",&#xD;
                        "value": 5.2,&#xD;
                        "maxValue": 7.2,&#xD;
                        "minValue": 2.02,&#xD;
                        "sequence": 3,&#xD;
                        "durationEnd": 660,&#xD;
                        "durationStart": 120,&#xD;
                        "usageCondition": "fixedDuration",&#xD;
                        "incrementPeriod": 540&#xD;
                      }&#xD;
                    ],&#xD;
                    "sequence": 1,&#xD;
                    "resetTime": "23:59:59",&#xD;
                    "applicableCurrency": "GBP",&#xD;
                    "maxValueCollection": 7.2,&#xD;
                    "minValueCollection": 1.0,&#xD;
                    "endValidUsagePeriod": "2024-12-31T20:00:00",&#xD;
                    "startValidUsagePeriod": "2024-08-10T09:00:00"&#xD;
                  },&#xD;
                  {&#xD;
                    "maxTime": 660,&#xD;
                    "minTime": 60,&#xD;
                    "rateLine": [&#xD;
                      {&#xD;
                        "type": "flatRateTier",&#xD;
                        "value": 1.0,&#xD;
                        "maxValue": 7.3,&#xD;
                        "minValue": 1.0,&#xD;
                        "sequence": 1,&#xD;
                        "durationEnd": 59,&#xD;
                        "durationStart": 1,&#xD;
                        "usageCondition": "fixedDuration",&#xD;
                        "incrementPeriod": 58&#xD;
                      },&#xD;
                      {&#xD;
                        "type": "flatRateTier",&#xD;
                        "value": 1.0,&#xD;
                        "maxValue": 7.3,&#xD;
                        "minValue": 2.0,&#xD;
                        "sequence": 2,&#xD;
                        "durationEnd": 119,&#xD;
                        "durationStart": 60,&#xD;
                        "usageCondition": "fixedDuration",&#xD;
                        "incrementPeriod": 59&#xD;
                      },&#xD;
                      {&#xD;
                        "type": "flatRateTier",&#xD;
                        "value": 5.3,&#xD;
                        "maxValue": 7.3,&#xD;
                        "minValue": 2.0,&#xD;
                        "sequence": 3,&#xD;
                        "durationEnd": 660,&#xD;
                        "durationStart": 120,&#xD;
                        "usageCondition": "fixedDuration",&#xD;
                        "incrementPeriod": 540&#xD;
                      }&#xD;
                    ],&#xD;
                    "sequence": 2,&#xD;
                    "resetTime": "23:59:59",&#xD;
                    "applicableCurrency": "GBP",&#xD;
                    "maxValueCollection": 7.2,&#xD;
                    "minValueCollection": 1.0,&#xD;
                    "startValidUsagePeriod": "2025-01-01T09:00:00"&#xD;
                  }&#xD;
                ],&#xD;
                "additionalInformation": "http://www.somewhere.something.gov.uk"&#xD;
              },&#xD;
              "isDynamic": false,&#xD;
              "generalRegulation": {&#xD;
                "regulationType": "kerbsidePaymentParkingPlace"&#xD;
              }&#xD;
            }&#xD;
          ],&#xD;
          "actionType": "new",&#xD;
          "regulatedPlace": [&#xD;
            {&#xD;
              "type": "regulationLocation",&#xD;
              "_comment": "First location - Two versions of same regulated location - version 1",&#xD;
              "description": "East Reach, Taunton, northside / eastbound, between 10 metres east from the junction with Tancred Street to 15 metres west of the junction with South Street {approximate - linear}",&#xD;
              "directedLinear": {&#xD;
                "version": 1,&#xD;
                "externalReference": [&#xD;
                  {&#xD;
                    "lastUpdateDate": "2024-10-01T00:00:00",&#xD;
                    "uniqueStreetReferenceNumber": [&#xD;
                      {&#xD;
                        "usrn": 39608173&#xD;
                      }&#xD;
                    ]&#xD;
                  }&#xD;
                ],&#xD;
                "directedLineString": "SRID=27700;LINESTRING(323158 124529,323252 124546)"&#xD;
              }&#xD;
            },&#xD;
            {&#xD;
              "type": "regulationLocation",&#xD;
              "geometry": {&#xD;
                "version": 2,&#xD;
                "geometry": "SRID=27700;POLYGON((323158 124529, 323156 124529, 323587 125149,323589 125149,323158 124529))",&#xD;
                "externalReference": [&#xD;
                  {&#xD;
                    "lastUpdateDate": "2024-10-01T00:00:00",&#xD;
                    "uniqueStreetReferenceNumber": [&#xD;
                      {&#xD;
                        "usrn": 39608173&#xD;
                      }&#xD;
                    ]&#xD;
                  }&#xD;
                ]&#xD;
              },&#xD;
              "_comment": "First location - Two versions of same regulated location - version 2",&#xD;
              "description": "East Reach, Taunton, northside / eastbound, between 10 metres east from the junction with Tancred Street to 15 metres west of the junction with South Street {approximate - polygon}"&#xD;
            },&#xD;
            {&#xD;
              "type": "regulationLocation",&#xD;
              "_comment": "Second location",&#xD;
              "description": "East Reach, Taunton, southside / westbound, between 15 metres west from the junction with Victoria Street to 23 metres east of the junction with Haydon Road {approximate - linear}",&#xD;
              "linearGeometry": {&#xD;
                "version": 1,&#xD;
                "direction": "startToEnd",&#xD;
                "linestring": "SRID=27700;LINESTRING(323549 124618,323478 124594,323381 124569)",&#xD;
                "representation": "linear",&#xD;
                "lateralPosition": "onKerb",&#xD;
                "externalReference": [&#xD;
                  {&#xD;
                    "lastUpdateDate": "2024-10-01T00:00:00",&#xD;
                    "uniqueStreetReferenceNumber": [&#xD;
                      {&#xD;
                        "usrn": 39608173,&#xD;
                        "nsgStreetName": "East Reach",&#xD;
                        "nsgStreetNumber": "A38",&#xD;
                        "elementaryStreetUnit": [&#xD;
                          {&#xD;
                            "esu": 3235350124617&#xD;
                          },&#xD;
                          {&#xD;
                            "esu": 3235700124630&#xD;
                          }&#xD;
                        ]&#xD;
                      }&#xD;
                    ]&#xD;
                  }&#xD;
                ]&#xD;
              }&#xD;
            }&#xD;
          ],&#xD;
          "orderReportingPoint": "permanentNoticeOfMaking",&#xD;
          "provisionDescription": "Parking restrictions, East Reach, Pay \u0026 Display Parking Places - Monday to Sunday 9.00 am to 8.00 pm"&#xD;
        },&#xD;
        {&#xD;
          "_comment": "Provision 3: Speed Limits - defined speed in mph",&#xD;
          "reference": "c962b51f-e1aa-416e-8f0b-aefe39a4c089",&#xD;
          "regulation": [&#xD;
            {&#xD;
              "timeZone": "Europe/London",&#xD;
              "condition": [&#xD;
                {&#xD;
                  "negate": false,&#xD;
                  "timeValidity": {&#xD;
                    "start": "2024-12-01T00:00:00"&#xD;
                  }&#xD;
                }&#xD;
              ],&#xD;
              "isDynamic": false,&#xD;
              "speedLimitValueBased": {&#xD;
                "type": "maximumSpeedLimit",&#xD;
                "mphValue": 40&#xD;
              }&#xD;
            }&#xD;
          ],&#xD;
          "actionType": "fullAmendment",&#xD;
          "regulatedPlace": [&#xD;
            {&#xD;
              "type": "regulationLocation",&#xD;
              "_comment": "First location - Toneway - Eastbound {linear}",&#xD;
              "description": "Toneway Eastbound (A38, A358) {approximate - linear}",&#xD;
              "linearGeometry": {&#xD;
                "version": 1,&#xD;
                "direction": "startToEnd",&#xD;
                "linestring": "SRID=27700;LINESTRING(323628 125167,325437 124895)",&#xD;
                "representation": "linear",&#xD;
                "lateralPosition": "centreline",&#xD;
                "externalReference": [&#xD;
                  {&#xD;
                    "lastUpdateDate": "2024-10-01T00:00:00",&#xD;
                    "uniqueStreetReferenceNumber": [&#xD;
                      {&#xD;
                        "usrn": 39612030,&#xD;
                        "nsgStreetName": "Toneway",&#xD;
                        "nsgStreetNumber": "A38"&#xD;
                      },&#xD;
                      {&#xD;
                        "usrn": 39686520,&#xD;
                        "nsgStreetName": "Hankridge Dual Carriageway",&#xD;
                        "nsgStreetNumber": "A358"&#xD;
                      },&#xD;
                      {&#xD;
                        "usrn": 39604745,&#xD;
                        "nsgStreetName": "Hankridge Roundabout",&#xD;
                        "nsgStreetNumber": "A358"&#xD;
                      }&#xD;
                    ]&#xD;
                  }&#xD;
                ]&#xD;
              }&#xD;
            },&#xD;
            {&#xD;
              "type": "regulationLocation",&#xD;
              "_comment": "Second location - Toneway - Westbound {linear}",&#xD;
              "description": "Toneway Westbound (A38, A358) {approximate - linear}",&#xD;
              "linearGeometry": {&#xD;
                "version": 1,&#xD;
                "direction": "endToStart",&#xD;
                "linestring": "SRID=27700;LINESTRING(323634 125151,325393 124859)",&#xD;
                "representation": "linear",&#xD;
                "lateralPosition": "centreline",&#xD;
                "externalReference": [&#xD;
                  {&#xD;
                    "lastUpdateDate": "2024-10-01T00:00:00",&#xD;
                    "uniqueStreetReferenceNumber": [&#xD;
                      {&#xD;
                        "usrn": 39612030,&#xD;
                        "nsgStreetName": "Toneway",&#xD;
                        "nsgStreetNumber": "A38"&#xD;
                      },&#xD;
                      {&#xD;
                        "usrn": 39686520,&#xD;
                        "nsgStreetName": "Hankridge Dual Carriageway",&#xD;
                        "nsgStreetNumber": "A358"&#xD;
                      },&#xD;
                      {&#xD;
                        "usrn": 39604745,&#xD;
                        "nsgStreetName": "Hankridge Roundabout",&#xD;
                        "nsgStreetNumber": "A358"&#xD;
                      }&#xD;
                    ]&#xD;
                  }&#xD;
                ]&#xD;
              }&#xD;
            }&#xD;
          ],&#xD;
          "orderReportingPoint": "permanentNoticeOfMaking",&#xD;
          "provisionDescription": "Speed limit, Toneway, Taunton"&#xD;
        },&#xD;
        {&#xD;
          "_comment": "Provision 4: Speed Limits - defined by profile",&#xD;
          "reference": "c962b51f-e1aa-416e-8f0b-bcfe39a4d089",&#xD;
          "regulation": [&#xD;
            {&#xD;
              "timeZone": "Europe/London",&#xD;
              "condition": [&#xD;
                {&#xD;
                  "negate": false,&#xD;
                  "timeValidity": {&#xD;
                    "start": "2024-12-12T00:00:00"&#xD;
                  }&#xD;
                }&#xD;
              ],&#xD;
              "isDynamic": false,&#xD;
              "speedLimitProfileBased": {&#xD;
                "type": "nationalSpeedLimitSingleCarriageway"&#xD;
              }&#xD;
            }&#xD;
          ],&#xD;
          "actionType": "new",&#xD;
          "regulatedPlace": [&#xD;
            {&#xD;
              "type": "regulationLocation",&#xD;
              "_comment": "Only location in Provision - A38 between Taunton and North Petherton {linear}",&#xD;
              "description": "A38 between Boome Lane and 147 metres north of the northern boundary of Bell House {approximate - linear}",&#xD;
              "linearGeometry": {&#xD;
                "version": 1,&#xD;
                "direction": "startToEnd",&#xD;
                "linestring": "SRID=27700;LINESTRING(327506 128646,325437 124895)",&#xD;
                "representation": "linear",&#xD;
                "lateralPosition": "centreline",&#xD;
                "externalReference": [&#xD;
                  {&#xD;
                    "lastUpdateDate": "2024-10-01T00:00:00",&#xD;
                    "uniqueStreetReferenceNumber": [&#xD;
                      {&#xD;
                        "usrn": 39604805,&#xD;
                        "nsgStreetNumber": "A38"&#xD;
                      },&#xD;
                      {&#xD;
                        "usrn": 34004899,&#xD;
                        "nsgStreetNumber": "A38"&#xD;
                      },&#xD;
                      {&#xD;
                        "usrn": 34000991,&#xD;
                        "nsgStreetNumber": "A38"&#xD;
                      }&#xD;
                    ]&#xD;
                  }&#xD;
                ]&#xD;
              }&#xD;
            },&#xD;
            {&#xD;
              "type": "regulationLocation",&#xD;
              "_comment": "Second location - Toneway - Westbound {linear}",&#xD;
              "description": "Toneway Westbound (A38, A358) {approximate - linear}",&#xD;
              "linearGeometry": {&#xD;
                "version": 1,&#xD;
                "direction": "endToStart",&#xD;
                "linestring": "SRID=27700;LINESTRING(323634 125151,325393 124859)",&#xD;
                "representation": "linear",&#xD;
                "lateralPosition": "centreline",&#xD;
                "externalReference": [&#xD;
                  {&#xD;
                    "lastUpdateDate": "2024-10-01T00:00:00",&#xD;
                    "uniqueStreetReferenceNumber": [&#xD;
                      {&#xD;
                        "usrn": 39612030,&#xD;
                        "nsgStreetName": "Toneway",&#xD;
                        "nsgStreetNumber": "A38"&#xD;
                      },&#xD;
                      {&#xD;
                        "usrn": 39686520,&#xD;
                        "nsgStreetName": "Hankridge Dual Carriageway",&#xD;
                        "nsgStreetNumber": "A358"&#xD;
                      },&#xD;
                      {&#xD;
                        "usrn": 39604745,&#xD;
                        "nsgStreetName": "Hankridge Roundabout",&#xD;
                        "nsgStreetNumber": "A358"&#xD;
                      }&#xD;
                    ]&#xD;
                  }&#xD;
                ]&#xD;
              }&#xD;
            }&#xD;
          ],&#xD;
          "orderReportingPoint": "permanentNoticeOfMaking",&#xD;
          "provisionDescription": "Speed limit, national speed limit, A38 between Boome Lane and 147 metres north of the northern boundary of Bell House {approximate}"&#xD;
        },&#xD;
        {&#xD;
          "_comment": "Provision 5: Bus Lane restriction, with fictitious non-trivial time restrictions, and other conditions",&#xD;
          "reference": "c962b51f-e1aa-416e-8f0b-bcfd09a4d089",&#xD;
          "regulation": [&#xD;
            {&#xD;
              "timeZone": "Europe/London",&#xD;
              "isDynamic": false,&#xD;
              "conditionSet": [&#xD;
                {&#xD;
                  "operator": "and",&#xD;
                  "condition": [&#xD;
                    {&#xD;
                      "negate": false,&#xD;
                      "timeValidity": {&#xD;
                        "start": "2024-09-22T08:00:00",&#xD;
                        "validPeriod": [&#xD;
                          {&#xD;
                            "recurringTimePeriodOfDay": [&#xD;
                              {&#xD;
                                "endTimeOfPeriod": "09:30:00",&#xD;
                                "startTimeOfPeriod": "08:00:00"&#xD;
                              },&#xD;
                              {&#xD;
                                "endTimeOfPeriod": "18:30:00",&#xD;
                                "startTimeOfPeriod": "16:30:00:00"&#xD;
                              }&#xD;
                            ],&#xD;
                            "recurringDayWeekMonthPeriod": [&#xD;
                              {&#xD;
                                "applicableDay": [&#xD;
                                  "monday",&#xD;
                                  "tuesday",&#xD;
                                  "wednesday",&#xD;
                                  "thursday",&#xD;
                                  "friday"&#xD;
                                ]&#xD;
                              }&#xD;
                            ]&#xD;
                          }&#xD;
                        ],&#xD;
                        "exceptionPeriod": [&#xD;
                          {&#xD;
                            "recurringSpecialDay": [&#xD;
                              {&#xD;
                                "specialDayType": "publicHoliday",&#xD;
                                "intersectWithApplicableDays": true&#xD;
                              },&#xD;
                              {&#xD;
                                "specialDayType": "matchDay",&#xD;
                                "intersectWithApplicableDays": true&#xD;
                              }&#xD;
                            ]&#xD;
                          },&#xD;
                          {&#xD;
                            "changeableTimePeriodStart": [&#xD;
                              {&#xD;
                                "startType": "external",&#xD;
                                "changeableTimePeriodSource": {&#xD;
                                  "source": "http://www.schooldiaries.com",&#xD;
                                  "definition": "Source of start of non-school day periods, in \u0027Any\u0027 county"&#xD;
                                }&#xD;
                              }&#xD;
                            ]&#xD;
                          },&#xD;
                          {&#xD;
                            "changeableTimePeriodEnd": [&#xD;
                              {&#xD;
                                "startType": "external",&#xD;
                                "changeableTimePeriodSource": {&#xD;
                                  "source": "http:\\www.schooldiaries.com",&#xD;
                                  "definition": "Source of end of non-school day periods, in \u0027Any\u0027 county"&#xD;
                                }&#xD;
                              }&#xD;
                            ]&#xD;
                          }&#xD;
                        ]&#xD;
                      }&#xD;
                    }&#xD;
                  ],&#xD;
                  "conditionSet": [&#xD;
                    {&#xD;
                      "operator": "or",&#xD;
                      "conditions": [&#xD;
                        {&#xD;
                          "negate": true,&#xD;
                          "vehicleCharacteristics": {&#xD;
                            "vehicleType": "anyVehicle"&#xD;
                          }&#xD;
                        },&#xD;
                        {&#xD;
                          "negate": false,&#xD;
                          "vehicleCharacteristics": {&#xD;
                            "vehicleType": "bus"&#xD;
                          }&#xD;
                        },&#xD;
                        {&#xD;
                          "negate": false,&#xD;
                          "vehicleCharacteristics": {&#xD;
                            "vehicleType": "pedalCycle"&#xD;
                          }&#xD;
                        },&#xD;
                        {&#xD;
                          "negate": false,&#xD;
                          "occupantCondition": {&#xD;
                            "disabledWithPermit": true&#xD;
                          }&#xD;
                        },&#xD;
                        {&#xD;
                          "negate": false,&#xD;
                          "occupantCondition": {&#xD;
                            "numberOfOccupants": {&#xD;
                              "value": 2,&#xD;
                              "operator": "greaterThan"&#xD;
                            }&#xD;
                          }&#xD;
                        },&#xD;
                        {&#xD;
                          "negate": false,&#xD;
                          "permitCondition": {&#xD;
                            "type": "resident",&#xD;
                            "authority": {&#xD;
                              "name": "Somerset Council"&#xD;
                            },&#xD;
                            "schemeIdentifier": "ABC123"&#xD;
                          }&#xD;
                        }&#xD;
                      ]&#xD;
                    }&#xD;
                  ]&#xD;
                }&#xD;
              ],&#xD;
              "generalRegulation": {&#xD;
                "regulationType": "miscBusGate"&#xD;
              }&#xD;
            }&#xD;
          ],&#xD;
          "actionType": "new",&#xD;
          "regulatedPlace": [&#xD;
            {&#xD;
              "type": "regulationLocation",&#xD;
              "_comment": "Only location in Provision - Collett Road - version 1 {linear}",&#xD;
              "description": "Collett Road, from 125 metres to 158 metres from the junction with Great Western Way Roundabout {approximate - linear}",&#xD;
              "linearGeometry": {&#xD;
                "version": 1,&#xD;
                "direction": "startToEnd",&#xD;
                "linestring": "SRID=27700;LINESTRING(320336 126142,320315 126172)",&#xD;
                "representation": "linear",&#xD;
                "lateralPosition": "centreline",&#xD;
                "externalReference": [&#xD;
                  {&#xD;
                    "lastUpdateDate": "2024-10-01T00:00:00",&#xD;
                    "uniqueStreetReferenceNumber": [&#xD;
                      {&#xD;
                        "usrn": 39609232,&#xD;
                        "nsgStreetName": "Collett Road"&#xD;
                      }&#xD;
                    ]&#xD;
                  }&#xD;
                ]&#xD;
              }&#xD;
            },&#xD;
            {&#xD;
              "type": "regulationLocation",&#xD;
              "_comment": "Only location in Provision - Collett Road - version 2 {point}",&#xD;
              "description": "Collett Road, from 125 metres to 158 metres from the junction with Great Western Way Roundabout {approximate - notational point of effect}",&#xD;
              "pointGeometry": {&#xD;
                "point": "SRID=27700;POINT(320329 126155)",&#xD;
                "version": 2,&#xD;
                "representation": "centreLinePoint",&#xD;
                "externalReference": [&#xD;
                  {&#xD;
                    "lastUpdateDate": "2024-10-01T00:00:00",&#xD;
                    "uniqueStreetReferenceNumber": [&#xD;
                      {&#xD;
                        "usrn": 39609234&#xD;
                      }&#xD;
                    ]&#xD;
                  }&#xD;
                ]&#xD;
              }&#xD;
            }&#xD;
          ],&#xD;
          "orderReportingPoint": "permanentNoticeOfMaking",&#xD;
          "provisionDescription": "Bus Lane restriction, Collett Road, Norton Fitzwarren {approximate} with fictitious time restrictions"&#xD;
        },&#xD;
        {&#xD;
          "_comment": "Provision 6: Off List regulation - escooter restriction",&#xD;
          "reference": "c962b51f-e1aa-416e-8f0b-bcfd09a4d060",&#xD;
          "regulation": [&#xD;
            {&#xD;
              "timeZone": "Europe/London",&#xD;
              "isDynamic": false,&#xD;
              "conditionSet": [&#xD;
                {&#xD;
                  "operator": "and",&#xD;
                  "condition": [&#xD;
                    {&#xD;
                      "negate": false,&#xD;
                      "timeValidity": {&#xD;
                        "end": "2024-10-30T20:00:00",&#xD;
                        "start": "2024-09-22T08:00:00",&#xD;
                        "validPeriod": [&#xD;
                          {&#xD;
                            "recurringTimePeriodOfDay": [&#xD;
                              {&#xD;
                                "endTimeOfPeriod": "09:30:00",&#xD;
                                "startTimeOfPeriod": "08:00:00"&#xD;
                              },&#xD;
                              {&#xD;
                                "endTimeOfPeriod": "18:30:00",&#xD;
                                "startTimeOfPeriod": "16:30:00:00"&#xD;
                              }&#xD;
                            ],&#xD;
                            "recurringDayWeekMonthPeriod": [&#xD;
                              {&#xD;
                                "applicableDay": [&#xD;
                                  "monday",&#xD;
                                  "tuesday",&#xD;
                                  "wednesday",&#xD;
                                  "thursday",&#xD;
                                  "friday"&#xD;
                                ]&#xD;
                              }&#xD;
                            ]&#xD;
                          }&#xD;
                        ],&#xD;
                        "exceptionPeriod": [&#xD;
                          {&#xD;
                            "recurringSpecialDay": [&#xD;
                              {&#xD;
                                "specialDayType": "publicHoliday",&#xD;
                                "intersectWithApplicableDays": true&#xD;
                              },&#xD;
                              {&#xD;
                                "specialDayType": "matchDay",&#xD;
                                "intersectWithApplicableDays": true&#xD;
                              }&#xD;
                            ]&#xD;
                          },&#xD;
                          {&#xD;
                            "changeableTimePeriodStart": [&#xD;
                              {&#xD;
                                "startType": "external",&#xD;
                                "changeableTimePeriodSource": {&#xD;
                                  "source": "http://www.schooldiaries.com",&#xD;
                                  "definition": "Source of start of non-school day periods, in \u0027Any\u0027 county"&#xD;
                                }&#xD;
                              }&#xD;
                            ]&#xD;
                          },&#xD;
                          {&#xD;
                            "changeableTimePeriodEnd": [&#xD;
                              {&#xD;
                                "startType": "external",&#xD;
                                "changeableTimePeriodSource": {&#xD;
                                  "source": "http:\\www.schooldiaries.com",&#xD;
                                  "definition": "Source of end of non-school day periods, in \u0027Any\u0027 county"&#xD;
                                }&#xD;
                              }&#xD;
                            ]&#xD;
                          }&#xD;
                        ]&#xD;
                      }&#xD;
                    }&#xD;
                  ],&#xD;
                  "conditionSet": [&#xD;
                    {&#xD;
                      "operator": "or",&#xD;
                      "conditions": [&#xD;
                        {&#xD;
                          "negate": true,&#xD;
                          "vehicleCharacteristics": {&#xD;
                            "maximumWidthCharacteristic": {&#xD;
                              "vehicleWidth": 12.1&#xD;
                            }&#xD;
                          }&#xD;
                        },&#xD;
                        {&#xD;
                          "negate": true,&#xD;
                          "vehicleCharacteristics": {&#xD;
                            "maximumHeightCharacteristic": {&#xD;
                              "vehicleHeight": 15.19&#xD;
                            }&#xD;
                          }&#xD;
                        },&#xD;
                        {&#xD;
                          "negate": true,&#xD;
                          "vehicleCharacteristics": {&#xD;
                            "maximumLengthCharacteristic": {&#xD;
                              "vehicleLength": 55.2&#xD;
                            }&#xD;
                          }&#xD;
                        },&#xD;
                        {&#xD;
                          "negate": true,&#xD;
                          "vehicleCharacteristics": {&#xD;
                            "maximumGrossWeightCharacteristic": {&#xD;
                              "grossVehicleWeight": 78.0&#xD;
                            }&#xD;
                          }&#xD;
                        },&#xD;
                        {&#xD;
                          "negate": true,&#xD;
                          "vehicleCharacteristics": {&#xD;
                            "heaviestAxleWeightCharacteristic": {&#xD;
                              "heaviestAxleWeight": 72.5&#xD;
                            }&#xD;
                          }&#xD;
                        }&#xD;
                      ]&#xD;
                    }&#xD;
                  ]&#xD;
                }&#xD;
              ],&#xD;
              "offListRegulation": {&#xD;
                "regulationFullText": "e-scooter regs",&#xD;
                "regulationShortName": "Regulations for the use of e-scooters in Anytown",&#xD;
                "legislationCrossReference": [&#xD;
                  "regulation no.1",&#xD;
                  "regulation no.2"&#xD;
                ]&#xD;
              }&#xD;
            }&#xD;
          ],&#xD;
          "actionType": "new",&#xD;
          "regulatedPlace": [&#xD;
            {&#xD;
              "type": "regulationLocation",&#xD;
              "_comment": "Only location in Provision - Collett Road - version 1 {linear}",&#xD;
              "description": "Collett Road, from 125 metres to 158 metres from the junction with Great Western Way Roundabout {approximate - linear}",&#xD;
              "linearGeometry": {&#xD;
                "version": 1,&#xD;
                "direction": "startToEnd",&#xD;
                "linestring": "SRID=27700;LINESTRING(320336 126142,320315 126172)",&#xD;
                "representation": "linear",&#xD;
                "lateralPosition": "centreline",&#xD;
                "externalReference": [&#xD;
                  {&#xD;
                    "lastUpdateDate": "2024-10-01T00:00:00",&#xD;
                    "uniqueStreetReferenceNumber": [&#xD;
                      {&#xD;
                        "usrn": 39609232,&#xD;
                        "nsgStreetName": "Collett Road"&#xD;
                      }&#xD;
                    ]&#xD;
                  }&#xD;
                ]&#xD;
              }&#xD;
            }&#xD;
          ],&#xD;
          "orderReportingPoint": "permanentNoticeOfMaking",&#xD;
          "provisionDescription": "Use of e-scooter restriction, Collett Road, Norton Fitzwarren"&#xD;
        }&#xD;
      ],&#xD;
      "reference": "abc",&#xD;
      "actionType": "new",&#xD;
      "traCreator": 948128579,&#xD;
      "traAffected": [&#xD;
        948128579&#xD;
      ],&#xD;
      "currentTraOwner": 948128579&#xD;
    }&#xD;
  }&#xD;
}&#xD;
=================================&#xD;
Comparing JSON...&#xD;
{&#xD;
  "data": {&#xD;
    "source": {&#xD;
      "_comment": "dft example d-tro, multiple provisions, multiple conditions, temporaryregulation, offlistregulation, permits, rates",&#xD;
      "actiontype": "new",&#xD;
      "currenttraowner": 948128579,&#xD;
      "provision": [&#xD;
        {&#xD;
          "_comment": "provision 1: ttro with diversion route, and use of temporily overridden regulation {provision}",&#xD;
          "actiontype": "new",&#xD;
          "orderreportingpoint": "ttrottmonoticeofintention",&#xD;
          "provisiondescription": "temporary full road closure, for combined utility works and carriageway repair",&#xD;
          "reference": "b1618e6f-f65c-48c7-9cc7-45da9f45fbda",&#xD;
          "regulatedplace": [&#xD;
            {&#xD;
              "description": "east reach, taunton, bi-directional",&#xD;
              "directedlinear": {&#xD;
                "directedlinestring": "srid=27700;linestring(323544 124622, 323464 124595)",&#xD;
                "externalreference": [&#xD;
                  {&#xD;
                    "lastupdatedate": "2024-10-01t00:00:00",&#xD;
                    "uniquestreetreferencenumber": [&#xD;
                      {&#xD;
                        "usrn": 39608173&#xD;
                      }&#xD;
                    ]&#xD;
                  }&#xD;
                ],&#xD;
                "version": 1&#xD;
              },&#xD;
              "type": "regulationlocation"&#xD;
            },&#xD;
            {&#xD;
              "description": "diversion route - through traffic - toneway wickes roundabout (a38) - priory avenue (a3038) - trenchard way (a3087) - staplegrove road (a3027/a338) - silk mills road (a3065) - galmington roundabout (a38) - bi-directional",&#xD;
              "lineargeometry": {&#xD;
                "direction": "bidirectional",&#xD;
                "externalreference": [&#xD;
                  {&#xD;
                    "lastupdatedate": "2024-10-01t00:00:00",&#xD;
                    "uniquestreetreferencenumber": [&#xD;
                      {&#xD;
                        "usrn": 39609331&#xD;
                      },&#xD;
                      {&#xD;
                        "usrn": 39605119&#xD;
                      },&#xD;
                      {&#xD;
                        "usrn": 39609519&#xD;
                      },&#xD;
                      {&#xD;
                        "usrn": 39609406&#xD;
                      },&#xD;
                      {&#xD;
                        "usrn": 39605180&#xD;
                      },&#xD;
                      {&#xD;
                        "usrn": 39609179&#xD;
                      },&#xD;
                      {&#xD;
                        "usrn": 39605082&#xD;
                      },&#xD;
                      {&#xD;
                        "usrn": 39605158&#xD;
                      },&#xD;
                      {&#xD;
                        "usrn": 39607389&#xD;
                      },&#xD;
                      {&#xD;
                        "usrn": 39605156&#xD;
                      },&#xD;
                      {&#xD;
                        "usrn": 39606013&#xD;
                      }&#xD;
                    ]&#xD;
                  }&#xD;
                ],&#xD;
                "lateralposition": "centreline",&#xD;
                "linestring": "srid=27700;linestring(323589 125149, 323340 125227, 321986 125569, 320737 126347, 320715 124191)",&#xD;
                "representation": "linear",&#xD;
                "version": 1&#xD;
              },&#xD;
              "type": "diversionroute"&#xD;
            }&#xD;
          ],&#xD;
          "regulation": [&#xD;
            {&#xD;
              "condition": [&#xD;
                {&#xD;
                  "timevalidity": {&#xD;
                    "end": "2024-10-24t20:00:00",&#xD;
                    "start": "2024-10-22t06:00:00"&#xD;
                  }&#xD;
                }&#xD;
              ],&#xD;
              "generalregulation": {&#xD;
                "regulationtype": "miscroadclosure"&#xD;
              },&#xD;
              "isdynamic": false,&#xD;
              "temporaryregulation": {&#xD;
                "temporaryoverriddenprovision": {&#xD;
                  "actiontype": "new",&#xD;
                  "orderreportingpoint": "permanentnoticeofmaking",&#xD;
                  "provisiondescription": "speed limit, east reach",&#xD;
                  "reference": "da3c3631-7710-4ea5-b654-62cd316d487a"&#xD;
                }&#xD;
              },&#xD;
              "timezone": "europe/london"&#xD;
            }&#xD;
          ]&#xD;
        },&#xD;
        {&#xD;
          "_comment": "provision 2: permanent tro - parking controls, with day - time restrictions, rate table, and versioned regulatedplace instances",&#xD;
          "actiontype": "new",&#xD;
          "orderreportingpoint": "permanentnoticeofmaking",&#xD;
          "provisiondescription": "parking restrictions, east reach, pay &amp; display parking places - monday to sunday 9.00 am to 8.00 pm",&#xD;
          "reference": "c962b51f-e1aa-416e-8f0b-aefe39a4c099",&#xD;
          "regulatedplace": [&#xD;
            {&#xD;
              "_comment": "first location - two versions of same regulated location - version 1",&#xD;
              "description": "east reach, taunton, northside / eastbound, between 10 metres east from the junction with tancred street to 15 metres west of the junction with south street {approximate - linear}",&#xD;
              "directedlinear": {&#xD;
                "directedlinestring": "srid=27700;linestring(323158 124529,323252 124546)",&#xD;
                "externalreference": [&#xD;
                  {&#xD;
                    "lastupdatedate": "2024-10-01t00:00:00",&#xD;
                    "uniquestreetreferencenumber": [&#xD;
                      {&#xD;
                        "usrn": 39608173&#xD;
                      }&#xD;
                    ]&#xD;
                  }&#xD;
                ],&#xD;
                "version": 1&#xD;
              },&#xD;
              "type": "regulationlocation"&#xD;
            },&#xD;
            {&#xD;
              "_comment": "first location - two versions of same regulated location - version 2",&#xD;
              "description": "east reach, taunton, northside / eastbound, between 10 metres east from the junction with tancred street to 15 metres west of the junction with south street {approximate - polygon}",&#xD;
              "geometry": {&#xD;
                "externalreference": [&#xD;
                  {&#xD;
                    "lastupdatedate": "2024-10-01t00:00:00",&#xD;
                    "uniquestreetreferencenumber": [&#xD;
                      {&#xD;
                        "usrn": 39608173&#xD;
                      }&#xD;
                    ]&#xD;
                  }&#xD;
                ],&#xD;
                "geometry": "srid=27700;polygon((323158 124529, 323156 124529, 323587 125149,323589 125149,323158 124529))",&#xD;
                "version": 2&#xD;
              },&#xD;
              "type": "regulationlocation"&#xD;
            },&#xD;
            {&#xD;
              "_comment": "second location",&#xD;
              "description": "east reach, taunton, southside / westbound, between 15 metres west from the junction with victoria street to 23 metres east of the junction with haydon road {approximate - linear}",&#xD;
              "lineargeometry": {&#xD;
                "direction": "starttoend",&#xD;
                "externalreference": [&#xD;
                  {&#xD;
                    "lastupdatedate": "2024-10-01t00:00:00",&#xD;
                    "uniquestreetreferencenumber": [&#xD;
                      {&#xD;
                        "elementarystreetunit": [&#xD;
                          {&#xD;
                            "esu": 3235350124617&#xD;
                          },&#xD;
                          {&#xD;
                            "esu": 3235700124630&#xD;
                          }&#xD;
                        ],&#xD;
                        "nsgstreetname": "east reach",&#xD;
                        "nsgstreetnumber": "a38",&#xD;
                        "usrn": 39608173&#xD;
                      }&#xD;
                    ]&#xD;
                  }&#xD;
                ],&#xD;
                "lateralposition": "onkerb",&#xD;
                "linestring": "srid=27700;linestring(323549 124618,323478 124594,323381 124569)",&#xD;
                "representation": "linear",&#xD;
                "version": 1&#xD;
              },&#xD;
              "type": "regulationlocation"&#xD;
            }&#xD;
          ],&#xD;
          "regulation": [&#xD;
            {&#xD;
              "condition": [&#xD;
                {&#xD;
                  "negate": false,&#xD;
                  "timevalidity": {&#xD;
                    "start": "2024-12-10t09:00:00",&#xD;
                    "validperiod": [&#xD;
                      {&#xD;
                        "recurringdayweekmonthperiod": [&#xD;
                          {&#xD;
                            "applicableday": [&#xD;
                              "friday",&#xD;
                              "monday",&#xD;
                              "saturday",&#xD;
                              "sunday",&#xD;
                              "thursday",&#xD;
                              "tuesday",&#xD;
                              "wednesday"&#xD;
                            ]&#xD;
                          }&#xD;
                        ],&#xD;
                        "recurringtimeperiodofday": [&#xD;
                          {&#xD;
                            "endtimeofperiod": "20:00:00",&#xD;
                            "starttimeofperiod": "09:00:00"&#xD;
                          }&#xD;
                        ]&#xD;
                      }&#xD;
                    ]&#xD;
                  }&#xD;
                }&#xD;
              ],&#xD;
              "generalregulation": {&#xD;
                "regulationtype": "kerbsidepaymentparkingplace"&#xD;
              },&#xD;
              "isdynamic": false,&#xD;
              "ratetable": {&#xD;
                "_comment": "trial rates table, with increments �1 first hour, �2 cumulative for first two hours, �7.20 thereafter, between 9am and 8pm",&#xD;
                "additionalinformation": "http://www.somewhere.something.gov.uk",&#xD;
                "ratelinecollection": [&#xD;
                  {&#xD;
                    "applicablecurrency": "gbp",&#xD;
                    "endvalidusageperiod": "2024-12-31t20:00:00",&#xD;
                    "maxtime": 660,&#xD;
                    "maxvaluecollection": 7.2,&#xD;
                    "mintime": 60,&#xD;
                    "minvaluecollection": 1.0,&#xD;
                    "rateline": [&#xD;
                      {&#xD;
                        "durationend": 59,&#xD;
                        "durationstart": 1,&#xD;
                        "incrementperiod": 58,&#xD;
                        "maxvalue": 7.2,&#xD;
                        "minvalue": 1.0,&#xD;
                        "sequence": 1,&#xD;
                        "type": "flatratetier",&#xD;
                        "usagecondition": "fixedduration",&#xD;
                        "value": 1.0&#xD;
                      },&#xD;
                      {&#xD;
                        "durationend": 119,&#xD;
                        "durationstart": 60,&#xD;
                        "incrementperiod": 59,&#xD;
                        "maxvalue": 7.2,&#xD;
                        "minvalue": 2.0,&#xD;
                        "sequence": 2,&#xD;
                        "type": "flatratetier",&#xD;
                        "usagecondition": "fixedduration",&#xD;
                        "value": 1.0&#xD;
                      },&#xD;
                      {&#xD;
                        "durationend": 660,&#xD;
                        "durationstart": 120,&#xD;
                        "incrementperiod": 540,&#xD;
                        "maxvalue": 7.2,&#xD;
                        "minvalue": 2.02,&#xD;
                        "sequence": 3,&#xD;
                        "type": "flatratetier",&#xD;
                        "usagecondition": "fixedduration",&#xD;
                        "value": 5.2&#xD;
                      }&#xD;
                    ],&#xD;
                    "resettime": "23:59:59",&#xD;
                    "sequence": 1,&#xD;
                    "startvalidusageperiod": "2024-08-10t09:00:00"&#xD;
                  },&#xD;
                  {&#xD;
                    "applicablecurrency": "gbp",&#xD;
                    "maxtime": 660,&#xD;
                    "maxvaluecollection": 7.2,&#xD;
                    "mintime": 60,&#xD;
                    "minvaluecollection": 1.0,&#xD;
                    "rateline": [&#xD;
                      {&#xD;
                        "durationend": 59,&#xD;
                        "durationstart": 1,&#xD;
                        "incrementperiod": 58,&#xD;
                        "maxvalue": 7.3,&#xD;
                        "minvalue": 1.0,&#xD;
                        "sequence": 1,&#xD;
                        "type": "flatratetier",&#xD;
                        "usagecondition": "fixedduration",&#xD;
                        "value": 1.0&#xD;
                      },&#xD;
                      {&#xD;
                        "durationend": 119,&#xD;
                        "durationstart": 60,&#xD;
                        "incrementperiod": 59,&#xD;
                        "maxvalue": 7.3,&#xD;
                        "minvalue": 2.0,&#xD;
                        "sequence": 2,&#xD;
                        "type": "flatratetier",&#xD;
                        "usagecondition": "fixedduration",&#xD;
                        "value": 1.0&#xD;
                      },&#xD;
                      {&#xD;
                        "durationend": 660,&#xD;
                        "durationstart": 120,&#xD;
                        "incrementperiod": 540,&#xD;
                        "maxvalue": 7.3,&#xD;
                        "minvalue": 2.0,&#xD;
                        "sequence": 3,&#xD;
                        "type": "flatratetier",&#xD;
                        "usagecondition": "fixedduration",&#xD;
                        "value": 5.3&#xD;
                      }&#xD;
                    ],&#xD;
                    "resettime": "23:59:59",&#xD;
                    "sequence": 2,&#xD;
                    "startvalidusageperiod": "2025-01-01t09:00:00"&#xD;
                  }&#xD;
                ],&#xD;
                "type": "hourly"&#xD;
              },&#xD;
              "timezone": "europe/london"&#xD;
            }&#xD;
          ]&#xD;
        },&#xD;
        {&#xD;
          "_comment": "provision 3: speed limits - defined speed in mph",&#xD;
          "actiontype": "fullamendment",&#xD;
          "orderreportingpoint": "permanentnoticeofmaking",&#xD;
          "provisiondescription": "speed limit, toneway, taunton",&#xD;
          "reference": "c962b51f-e1aa-416e-8f0b-aefe39a4c089",&#xD;
          "regulatedplace": [&#xD;
            {&#xD;
              "_comment": "first location - toneway - eastbound {linear}",&#xD;
              "description": "toneway eastbound (a38, a358) {approximate - linear}",&#xD;
              "lineargeometry": {&#xD;
                "direction": "starttoend",&#xD;
                "externalreference": [&#xD;
                  {&#xD;
                    "lastupdatedate": "2024-10-01t00:00:00",&#xD;
                    "uniquestreetreferencenumber": [&#xD;
                      {&#xD;
                        "nsgstreetname": "toneway",&#xD;
                        "nsgstreetnumber": "a38",&#xD;
                        "usrn": 39612030&#xD;
                      },&#xD;
                      {&#xD;
                        "nsgstreetname": "hankridge dual carriageway",&#xD;
                        "nsgstreetnumber": "a358",&#xD;
                        "usrn": 39686520&#xD;
                      },&#xD;
                      {&#xD;
                        "nsgstreetname": "hankridge roundabout",&#xD;
                        "nsgstreetnumber": "a358",&#xD;
                        "usrn": 39604745&#xD;
                      }&#xD;
                    ]&#xD;
                  }&#xD;
                ],&#xD;
                "lateralposition": "centreline",&#xD;
                "linestring": "srid=27700;linestring(323628 125167,325437 124895)",&#xD;
                "representation": "linear",&#xD;
                "version": 1&#xD;
              },&#xD;
              "type": "regulationlocation"&#xD;
            },&#xD;
            {&#xD;
              "_comment": "second location - toneway - westbound {linear}",&#xD;
              "description": "toneway westbound (a38, a358) {approximate - linear}",&#xD;
              "lineargeometry": {&#xD;
                "direction": "endtostart",&#xD;
                "externalreference": [&#xD;
                  {&#xD;
                    "lastupdatedate": "2024-10-01t00:00:00",&#xD;
                    "uniquestreetreferencenumber": [&#xD;
                      {&#xD;
                        "nsgstreetname": "toneway",&#xD;
                        "nsgstreetnumber": "a38",&#xD;
                        "usrn": 39612030&#xD;
                      },&#xD;
                      {&#xD;
                        "nsgstreetname": "hankridge dual carriageway",&#xD;
                        "nsgstreetnumber": "a358",&#xD;
                        "usrn": 39686520&#xD;
                      },&#xD;
                      {&#xD;
                        "nsgstreetname": "hankridge roundabout",&#xD;
                        "nsgstreetnumber": "a358",&#xD;
                        "usrn": 39604745&#xD;
                      }&#xD;
                    ]&#xD;
                  }&#xD;
                ],&#xD;
                "lateralposition": "centreline",&#xD;
                "linestring": "srid=27700;linestring(323634 125151,325393 124859)",&#xD;
                "representation": "linear",&#xD;
                "version": 1&#xD;
              },&#xD;
              "type": "regulationlocation"&#xD;
            }&#xD;
          ],&#xD;
          "regulation": [&#xD;
            {&#xD;
              "condition": [&#xD;
                {&#xD;
                  "negate": false,&#xD;
                  "timevalidity": {&#xD;
                    "start": "2024-12-01t00:00:00"&#xD;
                  }&#xD;
                }&#xD;
              ],&#xD;
              "isdynamic": false,&#xD;
              "speedlimitvaluebased": {&#xD;
                "mphvalue": 40,&#xD;
                "type": "maximumspeedlimit"&#xD;
              },&#xD;
              "timezone": "europe/london"&#xD;
            }&#xD;
          ]&#xD;
        },&#xD;
        {&#xD;
          "_comment": "provision 4: speed limits - defined by profile",&#xD;
          "actiontype": "new",&#xD;
          "orderreportingpoint": "permanentnoticeofmaking",&#xD;
          "provisiondescription": "speed limit, national speed limit, a38 between boome lane and 147 metres north of the northern boundary of bell house {approximate}",&#xD;
          "reference": "c962b51f-e1aa-416e-8f0b-bcfe39a4d089",&#xD;
          "regulatedplace": [&#xD;
            {&#xD;
              "_comment": "only location in provision - a38 between taunton and north petherton {linear}",&#xD;
              "description": "a38 between boome lane and 147 metres north of the northern boundary of bell house {approximate - linear}",&#xD;
              "lineargeometry": {&#xD;
                "direction": "starttoend",&#xD;
                "externalreference": [&#xD;
                  {&#xD;
                    "lastupdatedate": "2024-10-01t00:00:00",&#xD;
                    "uniquestreetreferencenumber": [&#xD;
                      {&#xD;
                        "nsgstreetnumber": "a38",&#xD;
                        "usrn": 39604805&#xD;
                      },&#xD;
                      {&#xD;
                        "nsgstreetnumber": "a38",&#xD;
                        "usrn": 34004899&#xD;
                      },&#xD;
                      {&#xD;
                        "nsgstreetnumber": "a38",&#xD;
                        "usrn": 34000991&#xD;
                      }&#xD;
                    ]&#xD;
                  }&#xD;
                ],&#xD;
                "lateralposition": "centreline",&#xD;
                "linestring": "srid=27700;linestring(327506 128646,325437 124895)",&#xD;
                "representation": "linear",&#xD;
                "version": 1&#xD;
              },&#xD;
              "type": "regulationlocation"&#xD;
            },&#xD;
            {&#xD;
              "_comment": "second location - toneway - westbound {linear}",&#xD;
              "description": "toneway westbound (a38, a358) {approximate - linear}",&#xD;
              "lineargeometry": {&#xD;
                "direction": "endtostart",&#xD;
                "externalreference": [&#xD;
                  {&#xD;
                    "lastupdatedate": "2024-10-01t00:00:00",&#xD;
                    "uniquestreetreferencenumber": [&#xD;
                      {&#xD;
                        "nsgstreetname": "toneway",&#xD;
                        "nsgstreetnumber": "a38",&#xD;
                        "usrn": 39612030&#xD;
                      },&#xD;
                      {&#xD;
                        "nsgstreetname": "hankridge dual carriageway",&#xD;
                        "nsgstreetnumber": "a358",&#xD;
                        "usrn": 39686520&#xD;
                      },&#xD;
                      {&#xD;
                        "nsgstreetname": "hankridge roundabout",&#xD;
                        "nsgstreetnumber": "a358",&#xD;
                        "usrn": 39604745&#xD;
                      }&#xD;
                    ]&#xD;
                  }&#xD;
                ],&#xD;
                "lateralposition": "centreline",&#xD;
                "linestring": "srid=27700;linestring(323634 125151,325393 124859)",&#xD;
                "representation": "linear",&#xD;
                "version": 1&#xD;
              },&#xD;
              "type": "regulationlocation"&#xD;
            }&#xD;
          ],&#xD;
          "regulation": [&#xD;
            {&#xD;
              "condition": [&#xD;
                {&#xD;
                  "negate": false,&#xD;
                  "timevalidity": {&#xD;
                    "start": "2024-12-12t00:00:00"&#xD;
                  }&#xD;
                }&#xD;
              ],&#xD;
              "isdynamic": false,&#xD;
              "speedlimitprofilebased": {&#xD;
                "type": "nationalspeedlimitsinglecarriageway"&#xD;
              },&#xD;
              "timezone": "europe/london"&#xD;
            }&#xD;
          ]&#xD;
        },&#xD;
        {&#xD;
          "_comment": "provision 5: bus lane restriction, with fictitious non-trivial time restrictions, and other conditions",&#xD;
          "actiontype": "new",&#xD;
          "orderreportingpoint": "permanentnoticeofmaking",&#xD;
          "provisiondescription": "bus lane restriction, collett road, norton fitzwarren {approximate} with fictitious time restrictions",&#xD;
          "reference": "c962b51f-e1aa-416e-8f0b-bcfd09a4d089",&#xD;
          "regulatedplace": [&#xD;
            {&#xD;
              "_comment": "only location in provision - collett road - version 1 {linear}",&#xD;
              "description": "collett road, from 125 metres to 158 metres from the junction with great western way roundabout {approximate - linear}",&#xD;
              "lineargeometry": {&#xD;
                "direction": "starttoend",&#xD;
                "externalreference": [&#xD;
                  {&#xD;
                    "lastupdatedate": "2024-10-01t00:00:00",&#xD;
                    "uniquestreetreferencenumber": [&#xD;
                      {&#xD;
                        "nsgstreetname": "collett road",&#xD;
                        "usrn": 39609232&#xD;
                      }&#xD;
                    ]&#xD;
                  }&#xD;
                ],&#xD;
                "lateralposition": "centreline",&#xD;
                "linestring": "srid=27700;linestring(320336 126142,320315 126172)",&#xD;
                "representation": "linear",&#xD;
                "version": 1&#xD;
              },&#xD;
              "type": "regulationlocation"&#xD;
            },&#xD;
            {&#xD;
              "_comment": "only location in provision - collett road - version 2 {point}",&#xD;
              "description": "collett road, from 125 metres to 158 metres from the junction with great western way roundabout {approximate - notational point of effect}",&#xD;
              "pointgeometry": {&#xD;
                "externalreference": [&#xD;
                  {&#xD;
                    "lastupdatedate": "2024-10-01t00:00:00",&#xD;
                    "uniquestreetreferencenumber": [&#xD;
                      {&#xD;
                        "usrn": 39609234&#xD;
                      }&#xD;
                    ]&#xD;
                  }&#xD;
                ],&#xD;
                "point": "srid=27700;point(320329 126155)",&#xD;
                "representation": "centrelinepoint",&#xD;
                "version": 2&#xD;
              },&#xD;
              "type": "regulationlocation"&#xD;
            }&#xD;
          ],&#xD;
          "regulation": [&#xD;
            {&#xD;
              "conditionset": [&#xD;
                {&#xD;
                  "condition": [&#xD;
                    {&#xD;
                      "negate": false,&#xD;
                      "timevalidity": {&#xD;
                        "exceptionperiod": [&#xD;
                          {&#xD;
                            "recurringspecialday": [&#xD;
                              {&#xD;
                                "intersectwithapplicabledays": true,&#xD;
                                "specialdaytype": "publicholiday"&#xD;
                              },&#xD;
                              {&#xD;
                                "intersectwithapplicabledays": true,&#xD;
                                "specialdaytype": "matchday"&#xD;
                              }&#xD;
                            ]&#xD;
                          },&#xD;
                          {&#xD;
                            "changeabletimeperiodstart": [&#xD;
                              {&#xD;
                                "changeabletimeperiodsource": {&#xD;
                                  "definition": "source of start of non-school day periods, in 'any' county",&#xD;
                                  "source": "http://www.schooldiaries.com"&#xD;
                                },&#xD;
                                "starttype": "external"&#xD;
                              }&#xD;
                            ]&#xD;
                          },&#xD;
                          {&#xD;
                            "changeabletimeperiodend": [&#xD;
                              {&#xD;
                                "changeabletimeperiodsource": {&#xD;
                                  "definition": "source of end of non-school day periods, in 'any' county",&#xD;
                                  "source": "http:\\www.schooldiaries.com"&#xD;
                                },&#xD;
                                "starttype": "external"&#xD;
                              }&#xD;
                            ]&#xD;
                          }&#xD;
                        ],&#xD;
                        "start": "2024-09-22t08:00:00",&#xD;
                        "validperiod": [&#xD;
                          {&#xD;
                            "recurringdayweekmonthperiod": [&#xD;
                              {&#xD;
                                "applicableday": [&#xD;
                                  "monday",&#xD;
                                  "tuesday",&#xD;
                                  "wednesday",&#xD;
                                  "thursday",&#xD;
                                  "friday"&#xD;
                                ]&#xD;
                              }&#xD;
                            ],&#xD;
                            "recurringtimeperiodofday": [&#xD;
                              {&#xD;
                                "endtimeofperiod": "09:30:00",&#xD;
                                "starttimeofperiod": "08:00:00"&#xD;
                              },&#xD;
                              {&#xD;
                                "endtimeofperiod": "18:30:00",&#xD;
                                "starttimeofperiod": "16:30:00:00"&#xD;
                              }&#xD;
                            ]&#xD;
                          }&#xD;
                        ]&#xD;
                      }&#xD;
                    }&#xD;
                  ],&#xD;
                  "conditionset": [&#xD;
                    {&#xD;
                      "conditions": [&#xD;
                        {&#xD;
                          "negate": true,&#xD;
                          "vehiclecharacteristics": {&#xD;
                            "vehicletype": "anyvehicle"&#xD;
                          }&#xD;
                        },&#xD;
                        {&#xD;
                          "negate": false,&#xD;
                          "vehiclecharacteristics": {&#xD;
                            "vehicletype": "bus"&#xD;
                          }&#xD;
                        },&#xD;
                        {&#xD;
                          "negate": false,&#xD;
                          "vehiclecharacteristics": {&#xD;
                            "vehicletype": "pedalcycle"&#xD;
                          }&#xD;
                        },&#xD;
                        {&#xD;
                          "negate": false,&#xD;
                          "occupantcondition": {&#xD;
                            "disabledwithpermit": true&#xD;
                          }&#xD;
                        },&#xD;
                        {&#xD;
                          "negate": false,&#xD;
                          "occupantcondition": {&#xD;
                            "numberofoccupants": {&#xD;
                              "operator": "greaterthan",&#xD;
                              "value": 2&#xD;
                            }&#xD;
                          }&#xD;
                        },&#xD;
                        {&#xD;
                          "negate": false,&#xD;
                          "permitcondition": {&#xD;
                            "authority": {&#xD;
                              "name": "somerset council"&#xD;
                            },&#xD;
                            "schemeidentifier": "abc123",&#xD;
                            "type": "resident"&#xD;
                          }&#xD;
                        }&#xD;
                      ],&#xD;
                      "operator": "or"&#xD;
                    }&#xD;
                  ],&#xD;
                  "operator": "and"&#xD;
                }&#xD;
              ],&#xD;
              "generalregulation": {&#xD;
                "regulationtype": "miscbusgate"&#xD;
              },&#xD;
              "isdynamic": false,&#xD;
              "timezone": "europe/london"&#xD;
            }&#xD;
          ]&#xD;
        },&#xD;
        {&#xD;
          "_comment": "provision 6: off list regulation - escooter restriction",&#xD;
          "actiontype": "new",&#xD;
          "orderreportingpoint": "permanentnoticeofmaking",&#xD;
          "provisiondescription": "use of e-scooter restriction, collett road, norton fitzwarren",&#xD;
          "reference": "c962b51f-e1aa-416e-8f0b-bcfd09a4d060",&#xD;
          "regulatedplace": [&#xD;
            {&#xD;
              "_comment": "only location in provision - collett road - version 1 {linear}",&#xD;
              "description": "collett road, from 125 metres to 158 metres from the junction with great western way roundabout {approximate - linear}",&#xD;
              "lineargeometry": {&#xD;
                "direction": "starttoend",&#xD;
                "externalreference": [&#xD;
                  {&#xD;
                    "lastupdatedate": "2024-10-01t00:00:00",&#xD;
                    "uniquestreetreferencenumber": [&#xD;
                      {&#xD;
                        "nsgstreetname": "collett road",&#xD;
                        "usrn": 39609232&#xD;
                      }&#xD;
                    ]&#xD;
                  }&#xD;
                ],&#xD;
                "lateralposition": "centreline",&#xD;
                "linestring": "srid=27700;linestring(320336 126142,320315 126172)",&#xD;
                "representation": "linear",&#xD;
                "version": 1&#xD;
              },&#xD;
              "type": "regulationlocation"&#xD;
            }&#xD;
          ],&#xD;
          "regulation": [&#xD;
            {&#xD;
              "conditionset": [&#xD;
                {&#xD;
                  "condition": [&#xD;
                    {&#xD;
                      "negate": false,&#xD;
                      "timevalidity": {&#xD;
                        "end": "2024-10-30t20:00:00",&#xD;
                        "exceptionperiod": [&#xD;
                          {&#xD;
                            "recurringspecialday": [&#xD;
                              {&#xD;
                                "intersectwithapplicabledays": true,&#xD;
                                "specialdaytype": "publicholiday"&#xD;
                              },&#xD;
                              {&#xD;
                                "intersectwithapplicabledays": true,&#xD;
                                "specialdaytype": "matchday"&#xD;
                              }&#xD;
                            ]&#xD;
                          },&#xD;
                          {&#xD;
                            "changeabletimeperiodstart": [&#xD;
                              {&#xD;
                                "changeabletimeperiodsource": {&#xD;
                                  "definition": "source of start of non-school day periods, in 'any' county",&#xD;
                                  "source": "http://www.schooldiaries.com"&#xD;
                                },&#xD;
                                "starttype": "external"&#xD;
                              }&#xD;
                            ]&#xD;
                          },&#xD;
                          {&#xD;
                            "changeabletimeperiodend": [&#xD;
                              {&#xD;
                                "changeabletimeperiodsource": {&#xD;
                                  "definition": "source of end of non-school day periods, in 'any' county",&#xD;
                                  "source": "http:\\www.schooldiaries.com"&#xD;
                                },&#xD;
                                "starttype": "external"&#xD;
                              }&#xD;
                            ]&#xD;
                          }&#xD;
                        ],&#xD;
                        "start": "2024-09-22t08:00:00",&#xD;
                        "validperiod": [&#xD;
                          {&#xD;
                            "recurringdayweekmonthperiod": [&#xD;
                              {&#xD;
                                "applicableday": [&#xD;
                                  "monday",&#xD;
                                  "tuesday",&#xD;
                                  "wednesday",&#xD;
                                  "thursday",&#xD;
                                  "friday"&#xD;
                                ]&#xD;
                              }&#xD;
                            ],&#xD;
                            "recurringtimeperiodofday": [&#xD;
                              {&#xD;
                                "endtimeofperiod": "09:30:00",&#xD;
                                "starttimeofperiod": "08:00:00"&#xD;
                              },&#xD;
                              {&#xD;
                                "endtimeofperiod": "18:30:00",&#xD;
                                "starttimeofperiod": "16:30:00:00"&#xD;
                              }&#xD;
                            ]&#xD;
                          }&#xD;
                        ]&#xD;
                      }&#xD;
                    }&#xD;
                  ],&#xD;
                  "conditionset": [&#xD;
                    {&#xD;
                      "conditions": [&#xD;
                        {&#xD;
                          "negate": true,&#xD;
                          "vehiclecharacteristics": {&#xD;
                            "maximumwidthcharacteristic": {&#xD;
                              "vehiclewidth": 12.1&#xD;
                            }&#xD;
                          }&#xD;
                        },&#xD;
                        {&#xD;
                          "negate": true,&#xD;
                          "vehiclecharacteristics": {&#xD;
                            "maximumheightcharacteristic": {&#xD;
                              "vehicleheight": 15.19&#xD;
                            }&#xD;
                          }&#xD;
                        },&#xD;
                        {&#xD;
                          "negate": true,&#xD;
                          "vehiclecharacteristics": {&#xD;
                            "maximumlengthcharacteristic": {&#xD;
                              "vehiclelength": 55.2&#xD;
                            }&#xD;
                          }&#xD;
                        },&#xD;
                        {&#xD;
                          "negate": true,&#xD;
                          "vehiclecharacteristics": {&#xD;
                            "maximumgrossweightcharacteristic": {&#xD;
                              "grossvehicleweight": 78.0&#xD;
                            }&#xD;
                          }&#xD;
                        },&#xD;
                        {&#xD;
                          "negate": true,&#xD;
                          "vehiclecharacteristics": {&#xD;
                            "heaviestaxleweightcharacteristic": {&#xD;
                              "heaviestaxleweight": 72.5&#xD;
                            }&#xD;
                          }&#xD;
                        }&#xD;
                      ],&#xD;
                      "operator": "or"&#xD;
                    }&#xD;
                  ],&#xD;
                  "operator": "and"&#xD;
                }&#xD;
              ],&#xD;
              "isdynamic": false,&#xD;
              "offlistregulation": {&#xD;
                "legislationcrossreference": [&#xD;
                  "regulation no.1",&#xD;
                  "regulation no.2"&#xD;
                ],&#xD;
                "regulationfulltext": "e-scooter regs",&#xD;
                "regulationshortname": "regulations for the use of e-scooters in anytown"&#xD;
              },&#xD;
              "timezone": "europe/london"&#xD;
            }&#xD;
          ]&#xD;
        }&#xD;
      ],&#xD;
      "reference": "abc",&#xD;
      "section": "all sections",&#xD;
      "traaffected": [&#xD;
        948128579&#xD;
      ],&#xD;
      "tracreator": 948128579,&#xD;
      "troname": "dft example - more complex v2, jan. 2025"&#xD;
    }&#xD;
  },&#xD;
  "id": "0238bb7c-d3f5-443c-bbb0-3d9ca73aa637",&#xD;
  "schemaversion": "3.3.1"&#xD;
}&#xD;
JSONs match!&#xD;
Global async teardown after each test...&#xD;
Do before each test...&#xD;
========= cURL request =========&#xD;
curl -k -X GET "https://localhost:5001/dtroUsers" -H "x-App-Id: 8c5dd928-2c6b-4104-a000-283f8b366cf2"&#xD;
================================&#xD;
========= HTTP response =========&#xD;
Response status code: OK&#xD;
Response headers:&#xD;
  Date: Fri, 28 Feb 2025 10:34:14 GMT&#xD;
  Server: Kestrel&#xD;
  Cache-Control: no-store, must-revalidate, no-cache&#xD;
  Pragma: no-cache&#xD;
  Cross-Origin-Embedder-Policy: unsafe-none&#xD;
  Cross-Origin-Opener-Policy: same-origin&#xD;
  Cross-Origin-Resource-Policy: cross-origin&#xD;
  permissions-policy: geolocation=(), midi=(), sync-xhr=(), microphone=(), camera=(), magnetometer=(), gyroscope=(), fullscreen=(), payment=()&#xD;
  Referrer-Policy: no-referrer&#xD;
  X-Content-Type-Options: nosniff&#xD;
  X-Frame-Options: DENY&#xD;
  X-Permitted-Cross-Domain-Policies: none&#xD;
  X-XSS-Protection: 1; mode=block&#xD;
  X-UA-Compatible: IE=Edge&#xD;
  Strict-Transport-Security: max-age=31536000&#xD;
  X-Correlation-ID: 9c4300a9-1098-489f-bb22-9b57437c2147&#xD;
Response body:&#xD;
[&#xD;
  {&#xD;
    "id": "6ad76693-db53-41dc-b373-23e20bdb2455",&#xD;
    "xAppId": "97fbdb2a-814f-4c3d-b920-f057accf8ba4",&#xD;
    "traId": 948128579,&#xD;
    "name": "A Publisher / Tra",&#xD;
    "prefix": "AB",&#xD;
    "userGroup": "tra"&#xD;
  }&#xD;
]&#xD;
=================================&#xD;
========= cURL request =========&#xD;
curl -k -X DELETE "https://localhost:5001/dtroUsers/redundant" -H "x-App-Id: 8c5dd928-2c6b-4104-a000-283f8b366cf2" -H "Content-Type: application/json" -d "{\"ids\":[\"6ad76693-db53-41dc-b373-23e20bdb2455\"]}"&#xD;
================================&#xD;
========= HTTP response =========&#xD;
Response status code: OK&#xD;
Response headers:&#xD;
  Date: Fri, 28 Feb 2025 10:34:14 GMT&#xD;
  Server: Kestrel&#xD;
  Cache-Control: no-store, must-revalidate, no-cache&#xD;
  Pragma: no-cache&#xD;
  Cross-Origin-Embedder-Policy: unsafe-none&#xD;
  Cross-Origin-Opener-Policy: same-origin&#xD;
  Cross-Origin-Resource-Policy: cross-origin&#xD;
  permissions-policy: geolocation=(), midi=(), sync-xhr=(), microphone=(), camera=(), magnetometer=(), gyroscope=(), fullscreen=(), payment=()&#xD;
  Referrer-Policy: no-referrer&#xD;
  X-Content-Type-Options: nosniff&#xD;
  X-Frame-Options: DENY&#xD;
  X-Permitted-Cross-Domain-Policies: none&#xD;
  X-XSS-Protection: 1; mode=block&#xD;
  X-UA-Compatible: IE=Edge&#xD;
  Strict-Transport-Security: max-age=31536000&#xD;
  X-Correlation-ID: 74fbfd8a-7d7f-4888-bf49-39c3025fbfec&#xD;
Response body:&#xD;
true&#xD;
=================================&#xD;
Dtros table truncated successfully!&#xD;
Testing with file JSON-3.3.1-example-TTRO-TempOneWayWithConditions.json...&#xD;
App ID: 7634a041-0869-4279-ac74-af4fdbd4bca0&#xD;
TRA ID: 953879792&#xD;
Group ID: 1&#xD;
========= cURL request =========&#xD;
curl -k -X POST "https://localhost:5001/dtroUsers/createFromBody" -H "x-App-Id: 5afe1d91-83e3-4249-9e17-b13b131c7a89" -H "Content-Type: application/json" -d "{\r    \"id\": \"26fc4211-fa5b-442b-9978-fda7b1109a3c\",\r    \"traId\": 953879792,\r    \"name\": \"A publisher / TRA\",\r    \"prefix\": \"AB\",\r    \"userGroup\": 1,\r    \"xAppId\": \"5afe1d91-83e3-4249-9e17-b13b131c7a89\"\r}"&#xD;
================================&#xD;
========= HTTP response =========&#xD;
Response status code: Created&#xD;
Response headers:&#xD;
  Date: Fri, 28 Feb 2025 10:34:14 GMT&#xD;
  Server: Kestrel&#xD;
  Cache-Control: no-store, must-revalidate, no-cache&#xD;
  Location: https://localhost:5001/dtroUsers/createFromBody?id=d17f54c4-efd6-4ad3-8160-fd8238124a03&#xD;
  Pragma: no-cache&#xD;
  Cross-Origin-Embedder-Policy: unsafe-none&#xD;
  Cross-Origin-Opener-Policy: same-origin&#xD;
  Cross-Origin-Resource-Policy: cross-origin&#xD;
  permissions-policy: geolocation=(), midi=(), sync-xhr=(), microphone=(), camera=(), magnetometer=(), gyroscope=(), fullscreen=(), payment=()&#xD;
  Referrer-Policy: no-referrer&#xD;
  X-Content-Type-Options: nosniff&#xD;
  X-Frame-Options: DENY&#xD;
  X-Permitted-Cross-Domain-Policies: none&#xD;
  X-XSS-Protection: 1; mode=block&#xD;
  X-UA-Compatible: IE=Edge&#xD;
  Strict-Transport-Security: max-age=31536000&#xD;
  X-Correlation-ID: c973b41f-282a-484a-b915-332e0a74f538&#xD;
Response body:&#xD;
{&#xD;
  "id": "d17f54c4-efd6-4ad3-8160-fd8238124a03"&#xD;
}&#xD;
=================================&#xD;
========= cURL request =========&#xD;
curl -k -X POST "https://localhost:5001/dtros/createFromFile" -H "x-App-Id: 5afe1d91-83e3-4249-9e17-b13b131c7a89" -H "Content-Type: multipart/form-data" --form 'file=@"C:\Users\BELGP3\OneDrive - PA Consulting Group\Documents\Work\Code\PA\Clients\DfT\dft-dtro-beta/examples/temp/JSON-3.3.1-example-TTRO-TempOneWayWithConditions.json"'&#xD;
================================&#xD;
========= HTTP response =========&#xD;
Response status code: Created&#xD;
Response headers:&#xD;
  Date: Fri, 28 Feb 2025 10:34:14 GMT&#xD;
  Server: Kestrel&#xD;
  Cache-Control: no-store, must-revalidate, no-cache&#xD;
  Location: https://localhost:5001/dtros/17f7101e-d7c3-44bd-b77b-f6ee706f2cd0&#xD;
  Pragma: no-cache&#xD;
  Cross-Origin-Embedder-Policy: unsafe-none&#xD;
  Cross-Origin-Opener-Policy: same-origin&#xD;
  Cross-Origin-Resource-Policy: cross-origin&#xD;
  permissions-policy: geolocation=(), midi=(), sync-xhr=(), microphone=(), camera=(), magnetometer=(), gyroscope=(), fullscreen=(), payment=()&#xD;
  Referrer-Policy: no-referrer&#xD;
  X-Content-Type-Options: nosniff&#xD;
  X-Frame-Options: DENY&#xD;
  X-Permitted-Cross-Domain-Policies: none&#xD;
  X-XSS-Protection: 1; mode=block&#xD;
  X-UA-Compatible: IE=Edge&#xD;
  Strict-Transport-Security: max-age=31536000&#xD;
  X-Correlation-ID: e15ed584-5fd3-4f98-8d8b-3783df22d353&#xD;
Response body:&#xD;
{&#xD;
  "id": "17f7101e-d7c3-44bd-b77b-f6ee706f2cd0"&#xD;
}&#xD;
=================================&#xD;
========= cURL request =========&#xD;
curl -k -X GET "https://localhost:5001/dtros/17f7101e-d7c3-44bd-b77b-f6ee706f2cd0" -H "x-App-Id: 5afe1d91-83e3-4249-9e17-b13b131c7a89"&#xD;
================================&#xD;
========= HTTP response =========&#xD;
Response status code: OK&#xD;
Response headers:&#xD;
  Date: Fri, 28 Feb 2025 10:34:14 GMT&#xD;
  Server: Kestrel&#xD;
  Cache-Control: no-store, must-revalidate, no-cache&#xD;
  Pragma: no-cache&#xD;
  Cross-Origin-Embedder-Policy: unsafe-none&#xD;
  Cross-Origin-Opener-Policy: same-origin&#xD;
  Cross-Origin-Resource-Policy: cross-origin&#xD;
  permissions-policy: geolocation=(), midi=(), sync-xhr=(), microphone=(), camera=(), magnetometer=(), gyroscope=(), fullscreen=(), payment=()&#xD;
  Referrer-Policy: no-referrer&#xD;
  X-Content-Type-Options: nosniff&#xD;
  X-Frame-Options: DENY&#xD;
  X-Permitted-Cross-Domain-Policies: none&#xD;
  X-XSS-Protection: 1; mode=block&#xD;
  X-UA-Compatible: IE=Edge&#xD;
  Strict-Transport-Security: max-age=31536000&#xD;
  X-Correlation-ID: 63cccb5c-62e8-45e3-b97a-c79df566584a&#xD;
Response body:&#xD;
{&#xD;
  "id": "17f7101e-d7c3-44bd-b77b-f6ee706f2cd0",&#xD;
  "schemaVersion": "3.3.1",&#xD;
  "data": {&#xD;
    "source": {&#xD;
      "section": "All sections",&#xD;
      "troName": "DfT Example - TTRO temporary one way v2, Jan. 2025",&#xD;
      "provision": [&#xD;
        {&#xD;
          "reference": "b1618e6f-f65c-48c7-9cc7-45da9f45fbda",&#xD;
          "regulation": [&#xD;
            {&#xD;
              "timeZone": "Europe/London",&#xD;
              "condition": [&#xD;
                {&#xD;
                  "roadCondition": {&#xD;
                    "roadType": "other"&#xD;
                  }&#xD;
                }&#xD;
              ],&#xD;
              "isDynamic": false,&#xD;
              "generalRegulation": {&#xD;
                "regulationType": "mandatoryDirectionOneWay"&#xD;
              }&#xD;
            }&#xD;
          ],&#xD;
          "actionType": "new",&#xD;
          "regulatedPlace": [&#xD;
            {&#xD;
              "type": "regulationLocation",&#xD;
              "description": "Bishops Hull Road, between Waterfield Drive and Quartly Drive",&#xD;
              "directedLinear": {&#xD;
                "version": 1,&#xD;
                "externalReference": [&#xD;
                  {&#xD;
                    "lastUpdateDate": "2024-10-01T00:00:00",&#xD;
                    "uniqueStreetReferenceNumber": [&#xD;
                      {&#xD;
                        "usrn": 39605548&#xD;
                      }&#xD;
                    ]&#xD;
                  }&#xD;
                ],&#xD;
                "directedLineString": "SRID=27700;LINESTRING(320317 124226, 320319 124259)"&#xD;
              }&#xD;
            }&#xD;
          ],&#xD;
          "orderReportingPoint": "ttroTtmoNoticeOfIntention",&#xD;
          "provisionDescription": "Temporary one way"&#xD;
        }&#xD;
      ],&#xD;
      "reference": "c962b51f-e1aa-416e-8f0b-aefe39a4c099",&#xD;
      "actionType": "new",&#xD;
      "traCreator": 953879792,&#xD;
      "traAffected": [&#xD;
        953879792&#xD;
      ],&#xD;
      "currentTraOwner": 953879792&#xD;
    }&#xD;
  }&#xD;
}&#xD;
=================================&#xD;
Comparing JSON...&#xD;
{&#xD;
  "data": {&#xD;
    "source": {&#xD;
      "actiontype": "new",&#xD;
      "currenttraowner": 953879792,&#xD;
      "provision": [&#xD;
        {&#xD;
          "actiontype": "new",&#xD;
          "orderreportingpoint": "ttrottmonoticeofintention",&#xD;
          "provisiondescription": "temporary one way",&#xD;
          "reference": "b1618e6f-f65c-48c7-9cc7-45da9f45fbda",&#xD;
          "regulatedplace": [&#xD;
            {&#xD;
              "description": "bishops hull road, between waterfield drive and quartly drive",&#xD;
              "directedlinear": {&#xD;
                "directedlinestring": "srid=27700;linestring(320317 124226, 320319 124259)",&#xD;
                "externalreference": [&#xD;
                  {&#xD;
                    "lastupdatedate": "2024-10-01t00:00:00",&#xD;
                    "uniquestreetreferencenumber": [&#xD;
                      {&#xD;
                        "usrn": 39605548&#xD;
                      }&#xD;
                    ]&#xD;
                  }&#xD;
                ],&#xD;
                "version": 1&#xD;
              },&#xD;
              "type": "regulationlocation"&#xD;
            }&#xD;
          ],&#xD;
          "regulation": [&#xD;
            {&#xD;
              "condition": [&#xD;
                {&#xD;
                  "roadcondition": {&#xD;
                    "roadtype": "other"&#xD;
                  }&#xD;
                }&#xD;
              ],&#xD;
              "generalregulation": {&#xD;
                "regulationtype": "mandatorydirectiononeway"&#xD;
              },&#xD;
              "isdynamic": false,&#xD;
              "timezone": "europe/london"&#xD;
            }&#xD;
          ]&#xD;
        }&#xD;
      ],&#xD;
      "reference": "c962b51f-e1aa-416e-8f0b-aefe39a4c099",&#xD;
      "section": "all sections",&#xD;
      "traaffected": [&#xD;
        953879792&#xD;
      ],&#xD;
      "tracreator": 953879792,&#xD;
      "troname": "dft example - ttro temporary one way v2, jan. 2025"&#xD;
    }&#xD;
  },&#xD;
  "id": "17f7101e-d7c3-44bd-b77b-f6ee706f2cd0",&#xD;
  "schemaversion": "3.3.1"&#xD;
}&#xD;
JSONs match!&#xD;
Global async teardown after each test...&#xD;
Do before each test...&#xD;
========= cURL request =========&#xD;
curl -k -X GET "https://localhost:5001/dtroUsers" -H "x-App-Id: 8c5dd928-2c6b-4104-a000-283f8b366cf2"&#xD;
================================&#xD;
========= HTTP response =========&#xD;
Response status code: OK&#xD;
Response headers:&#xD;
  Date: Fri, 28 Feb 2025 10:34:14 GMT&#xD;
  Server: Kestrel&#xD;
  Cache-Control: no-store, must-revalidate, no-cache&#xD;
  Pragma: no-cache&#xD;
  Cross-Origin-Embedder-Policy: unsafe-none&#xD;
  Cross-Origin-Opener-Policy: same-origin&#xD;
  Cross-Origin-Resource-Policy: cross-origin&#xD;
  permissions-policy: geolocation=(), midi=(), sync-xhr=(), microphone=(), camera=(), magnetometer=(), gyroscope=(), fullscreen=(), payment=()&#xD;
  Referrer-Policy: no-referrer&#xD;
  X-Content-Type-Options: nosniff&#xD;
  X-Frame-Options: DENY&#xD;
  X-Permitted-Cross-Domain-Policies: none&#xD;
  X-XSS-Protection: 1; mode=block&#xD;
  X-UA-Compatible: IE=Edge&#xD;
  Strict-Transport-Security: max-age=31536000&#xD;
  X-Correlation-ID: 9e7578bb-8860-4642-b7aa-cee1c89068fb&#xD;
Response body:&#xD;
[&#xD;
  {&#xD;
    "id": "d17f54c4-efd6-4ad3-8160-fd8238124a03",&#xD;
    "xAppId": "5afe1d91-83e3-4249-9e17-b13b131c7a89",&#xD;
    "traId": 953879792,&#xD;
    "name": "A Publisher / Tra",&#xD;
    "prefix": "AB",&#xD;
    "userGroup": "tra"&#xD;
  }&#xD;
]&#xD;
=================================&#xD;
========= cURL request =========&#xD;
curl -k -X DELETE "https://localhost:5001/dtroUsers/redundant" -H "x-App-Id: 8c5dd928-2c6b-4104-a000-283f8b366cf2" -H "Content-Type: application/json" -d "{\"ids\":[\"d17f54c4-efd6-4ad3-8160-fd8238124a03\"]}"&#xD;
================================&#xD;
========= HTTP response =========&#xD;
Response status code: OK&#xD;
Response headers:&#xD;
  Date: Fri, 28 Feb 2025 10:34:14 GMT&#xD;
  Server: Kestrel&#xD;
  Cache-Control: no-store, must-revalidate, no-cache&#xD;
  Pragma: no-cache&#xD;
  Cross-Origin-Embedder-Policy: unsafe-none&#xD;
  Cross-Origin-Opener-Policy: same-origin&#xD;
  Cross-Origin-Resource-Policy: cross-origin&#xD;
  permissions-policy: geolocation=(), midi=(), sync-xhr=(), microphone=(), camera=(), magnetometer=(), gyroscope=(), fullscreen=(), payment=()&#xD;
  Referrer-Policy: no-referrer&#xD;
  X-Content-Type-Options: nosniff&#xD;
  X-Frame-Options: DENY&#xD;
  X-Permitted-Cross-Domain-Policies: none&#xD;
  X-XSS-Protection: 1; mode=block&#xD;
  X-UA-Compatible: IE=Edge&#xD;
  Strict-Transport-Security: max-age=31536000&#xD;
  X-Correlation-ID: ef472a2d-e75a-44ea-ae0f-58bb59cbb1c7&#xD;
Response body:&#xD;
true&#xD;
=================================&#xD;
Dtros table truncated successfully!&#xD;
Testing with file JSON-3.3.1-example-Derbyshire 2024 DJ388 partial.json...&#xD;
App ID: e6414dbd-003d-4008-87ec-18fbeeb8cf69&#xD;
TRA ID: 957353799&#xD;
Group ID: 1&#xD;
========= cURL request =========&#xD;
curl -k -X POST "https://localhost:5001/dtroUsers/createFromBody" -H "x-App-Id: 56efbbcb-b6d0-4110-8a85-39444d173e0b" -H "Content-Type: application/json" -d "{\r    \"id\": \"26fc4211-fa5b-442b-9978-fda7b1109a3c\",\r    \"traId\": 957353799,\r    \"name\": \"A publisher / TRA\",\r    \"prefix\": \"AB\",\r    \"userGroup\": 1,\r    \"xAppId\": \"56efbbcb-b6d0-4110-8a85-39444d173e0b\"\r}"&#xD;
================================&#xD;
========= HTTP response =========&#xD;
Response status code: Created&#xD;
Response headers:&#xD;
  Date: Fri, 28 Feb 2025 10:34:14 GMT&#xD;
  Server: Kestrel&#xD;
  Cache-Control: no-store, must-revalidate, no-cache&#xD;
  Location: https://localhost:5001/dtroUsers/createFromBody?id=c438f0c0-241c-4047-9a21-be3b73b04eac&#xD;
  Pragma: no-cache&#xD;
  Cross-Origin-Embedder-Policy: unsafe-none&#xD;
  Cross-Origin-Opener-Policy: same-origin&#xD;
  Cross-Origin-Resource-Policy: cross-origin&#xD;
  permissions-policy: geolocation=(), midi=(), sync-xhr=(), microphone=(), camera=(), magnetometer=(), gyroscope=(), fullscreen=(), payment=()&#xD;
  Referrer-Policy: no-referrer&#xD;
  X-Content-Type-Options: nosniff&#xD;
  X-Frame-Options: DENY&#xD;
  X-Permitted-Cross-Domain-Policies: none&#xD;
  X-XSS-Protection: 1; mode=block&#xD;
  X-UA-Compatible: IE=Edge&#xD;
  Strict-Transport-Security: max-age=31536000&#xD;
  X-Correlation-ID: 48204e98-0334-4c42-9027-e49804a17532&#xD;
Response body:&#xD;
{&#xD;
  "id": "c438f0c0-241c-4047-9a21-be3b73b04eac"&#xD;
}&#xD;
=================================&#xD;
========= cURL request =========&#xD;
curl -k -X POST "https://localhost:5001/dtros/createFromFile" -H "x-App-Id: 56efbbcb-b6d0-4110-8a85-39444d173e0b" -H "Content-Type: multipart/form-data" --form 'file=@"C:\Users\BELGP3\OneDrive - PA Consulting Group\Documents\Work\Code\PA\Clients\DfT\dft-dtro-beta/examples/temp/JSON-3.3.1-example-Derbyshire 2024 DJ388 partial.json"'&#xD;
================================&#xD;
========= HTTP response =========&#xD;
Response status code: Created&#xD;
Response headers:&#xD;
  Date: Fri, 28 Feb 2025 10:34:15 GMT&#xD;
  Server: Kestrel&#xD;
  Cache-Control: no-store, must-revalidate, no-cache&#xD;
  Location: https://localhost:5001/dtros/b0af044d-52be-4f2b-9d79-ce8bfbfa2542&#xD;
  Pragma: no-cache&#xD;
  Cross-Origin-Embedder-Policy: unsafe-none&#xD;
  Cross-Origin-Opener-Policy: same-origin&#xD;
  Cross-Origin-Resource-Policy: cross-origin&#xD;
  permissions-policy: geolocation=(), midi=(), sync-xhr=(), microphone=(), camera=(), magnetometer=(), gyroscope=(), fullscreen=(), payment=()&#xD;
  Referrer-Policy: no-referrer&#xD;
  X-Content-Type-Options: nosniff&#xD;
  X-Frame-Options: DENY&#xD;
  X-Permitted-Cross-Domain-Policies: none&#xD;
  X-XSS-Protection: 1; mode=block&#xD;
  X-UA-Compatible: IE=Edge&#xD;
  Strict-Transport-Security: max-age=31536000&#xD;
  X-Correlation-ID: 09ecda14-11ab-4ce0-a123-6d0947ee04d6&#xD;
Response body:&#xD;
{&#xD;
  "id": "b0af044d-52be-4f2b-9d79-ce8bfbfa2542"&#xD;
}&#xD;
=================================&#xD;
========= cURL request =========&#xD;
curl -k -X GET "https://localhost:5001/dtros/b0af044d-52be-4f2b-9d79-ce8bfbfa2542" -H "x-App-Id: 56efbbcb-b6d0-4110-8a85-39444d173e0b"&#xD;
================================&#xD;
========= HTTP response =========&#xD;
Response status code: OK&#xD;
Response headers:&#xD;
  Date: Fri, 28 Feb 2025 10:34:15 GMT&#xD;
  Server: Kestrel&#xD;
  Cache-Control: no-store, must-revalidate, no-cache&#xD;
  Pragma: no-cache&#xD;
  Cross-Origin-Embedder-Policy: unsafe-none&#xD;
  Cross-Origin-Opener-Policy: same-origin&#xD;
  Cross-Origin-Resource-Policy: cross-origin&#xD;
  permissions-policy: geolocation=(), midi=(), sync-xhr=(), microphone=(), camera=(), magnetometer=(), gyroscope=(), fullscreen=(), payment=()&#xD;
  Referrer-Policy: no-referrer&#xD;
  X-Content-Type-Options: nosniff&#xD;
  X-Frame-Options: DENY&#xD;
  X-Permitted-Cross-Domain-Policies: none&#xD;
  X-XSS-Protection: 1; mode=block&#xD;
  X-UA-Compatible: IE=Edge&#xD;
  Strict-Transport-Security: max-age=31536000&#xD;
  X-Correlation-ID: fa3f1000-0e66-4875-b489-c1b95d1f92f2&#xD;
Response body:&#xD;
{&#xD;
  "id": "b0af044d-52be-4f2b-9d79-ce8bfbfa2542",&#xD;
  "schemaVersion": "3.3.1",&#xD;
  "data": {&#xD;
    "source": {&#xD;
      "section": "Schedule 1",&#xD;
      "troName": "DfT Example - Oct. 2024 - partial extract of THE DERBYSHIRE COUNTY COUNCIL (MARKET STREET AND TOWN END ROAD, DRAYCOTT) (RESTRICTION AND LIMITED WAITING) TRAFFIC REGULATION ORDER 2024 (DfT mockup, v2)",&#xD;
      "provision": [&#xD;
        {&#xD;
          "reference": "A3448229-1DFA-48CD-A785-376ACB9F7C56",&#xD;
          "regulation": [&#xD;
            {&#xD;
              "timeZone": "Europe/London",&#xD;
              "condition": [&#xD;
                {&#xD;
                  "timeValidity": {&#xD;
                    "start": "2024-08-01T08:00:00",&#xD;
                    "validPeriod": [&#xD;
                      {&#xD;
                        "recurringTimePeriodOfDay": [&#xD;
                          {&#xD;
                            "endTimeOfPeriod": "18:00:00T00:00:00",&#xD;
                            "startTimeOfPeriod": "08:00:00T00:00:00"&#xD;
                          }&#xD;
                        ],&#xD;
                        "recurringDayWeekMonthPeriod": [&#xD;
                          {&#xD;
                            "applicableDay": [&#xD;
                              "friday",&#xD;
                              "monday",&#xD;
                              "saturday",&#xD;
                              "thursday",&#xD;
                              "tuesday",&#xD;
                              "wednesday"&#xD;
                            ]&#xD;
                          }&#xD;
                        ]&#xD;
                      }&#xD;
                    ]&#xD;
                  }&#xD;
                }&#xD;
              ],&#xD;
              "isDynamic": false,&#xD;
              "generalRegulation": {&#xD;
                "regulationType": "kerbsideLimitedWaiting"&#xD;
              }&#xD;
            }&#xD;
          ],&#xD;
          "actionType": "new",&#xD;
          "regulatedPlace": [&#xD;
            {&#xD;
              "type": "regulationLocation",&#xD;
              "description": "West side, Market Street, Draycott",&#xD;
              "linearGeometry": {&#xD;
                "version": 1,&#xD;
                "direction": "bidirectional",&#xD;
                "linestring": "SRID=27700;LINESTRING(444284 333253, 444284 333253)",&#xD;
                "representation": "linear",&#xD;
                "lateralPosition": "onKerb",&#xD;
                "externalReference": [&#xD;
                  {&#xD;
                    "lastUpdateDate": "2024-10-01T08:00:00",&#xD;
                    "uniqueStreetReferenceNumber": [&#xD;
                      {&#xD;
                        "usrn": 14000759&#xD;
                      }&#xD;
                    ]&#xD;
                  }&#xD;
                ]&#xD;
              }&#xD;
            }&#xD;
          ],&#xD;
          "orderReportingPoint": "permanentNoticeOfMaking",&#xD;
          "provisionDescription": "Schedule 1: No Waiting Monday to Saturday, 8am to 6pm"&#xD;
        }&#xD;
      ],&#xD;
      "reference": "B2787FE2-AD74-432A-BB32-76FDB065F3E8",&#xD;
      "actionType": "new",&#xD;
      "traCreator": 957353799,&#xD;
      "traAffected": [&#xD;
        957353799&#xD;
      ],&#xD;
      "currentTraOwner": 957353799&#xD;
    }&#xD;
  }&#xD;
}&#xD;
=================================&#xD;
Comparing JSON...&#xD;
{&#xD;
  "data": {&#xD;
    "source": {&#xD;
      "actiontype": "new",&#xD;
      "currenttraowner": 957353799,&#xD;
      "provision": [&#xD;
        {&#xD;
          "actiontype": "new",&#xD;
          "orderreportingpoint": "permanentnoticeofmaking",&#xD;
          "provisiondescription": "schedule 1: no waiting monday to saturday, 8am to 6pm",&#xD;
          "reference": "a3448229-1dfa-48cd-a785-376acb9f7c56",&#xD;
          "regulatedplace": [&#xD;
            {&#xD;
              "description": "west side, market street, draycott",&#xD;
              "lineargeometry": {&#xD;
                "direction": "bidirectional",&#xD;
                "externalreference": [&#xD;
                  {&#xD;
                    "lastupdatedate": "2024-10-01t08:00:00",&#xD;
                    "uniquestreetreferencenumber": [&#xD;
                      {&#xD;
                        "usrn": 14000759&#xD;
                      }&#xD;
                    ]&#xD;
                  }&#xD;
                ],&#xD;
                "lateralposition": "onkerb",&#xD;
                "linestring": "srid=27700;linestring(444284 333253, 444284 333253)",&#xD;
                "representation": "linear",&#xD;
                "version": 1&#xD;
              },&#xD;
              "type": "regulationlocation"&#xD;
            }&#xD;
          ],&#xD;
          "regulation": [&#xD;
            {&#xD;
              "condition": [&#xD;
                {&#xD;
                  "timevalidity": {&#xD;
                    "start": "2024-08-01t08:00:00",&#xD;
                    "validperiod": [&#xD;
                      {&#xD;
                        "recurringdayweekmonthperiod": [&#xD;
                          {&#xD;
                            "applicableday": [&#xD;
                              "friday",&#xD;
                              "monday",&#xD;
                              "saturday",&#xD;
                              "thursday",&#xD;
                              "tuesday",&#xD;
                              "wednesday"&#xD;
                            ]&#xD;
                          }&#xD;
                        ],&#xD;
                        "recurringtimeperiodofday": [&#xD;
                          {&#xD;
                            "endtimeofperiod": "18:00:00t00:00:00",&#xD;
                            "starttimeofperiod": "08:00:00t00:00:00"&#xD;
                          }&#xD;
                        ]&#xD;
                      }&#xD;
                    ]&#xD;
                  }&#xD;
                }&#xD;
              ],&#xD;
              "generalregulation": {&#xD;
                "regulationtype": "kerbsidelimitedwaiting"&#xD;
              },&#xD;
              "isdynamic": false,&#xD;
              "timezone": "europe/london"&#xD;
            }&#xD;
          ]&#xD;
        }&#xD;
      ],&#xD;
      "reference": "b2787fe2-ad74-432a-bb32-76fdb065f3e8",&#xD;
      "section": "schedule 1",&#xD;
      "traaffected": [&#xD;
        957353799&#xD;
      ],&#xD;
      "tracreator": 957353799,&#xD;
      "troname": "dft example - oct. 2024 - partial extract of the derbyshire county council (market street and town end road, draycott) (restriction and limited waiting) traffic regulation order 2024 (dft mockup, v2)"&#xD;
    }&#xD;
  },&#xD;
  "id": "b0af044d-52be-4f2b-9d79-ce8bfbfa2542",&#xD;
  "schemaversion": "3.3.1"&#xD;
}&#xD;
JSONs match!&#xD;
Global async teardown after each test...&#xD;
Do before each test...&#xD;
========= cURL request =========&#xD;
curl -k -X GET "https://localhost:5001/dtroUsers" -H "x-App-Id: 8c5dd928-2c6b-4104-a000-283f8b366cf2"&#xD;
================================&#xD;
========= HTTP response =========&#xD;
Response status code: OK&#xD;
Response headers:&#xD;
  Date: Fri, 28 Feb 2025 10:34:15 GMT&#xD;
  Server: Kestrel&#xD;
  Cache-Control: no-store, must-revalidate, no-cache&#xD;
  Pragma: no-cache&#xD;
  Cross-Origin-Embedder-Policy: unsafe-none&#xD;
  Cross-Origin-Opener-Policy: same-origin&#xD;
  Cross-Origin-Resource-Policy: cross-origin&#xD;
  permissions-policy: geolocation=(), midi=(), sync-xhr=(), microphone=(), camera=(), magnetometer=(), gyroscope=(), fullscreen=(), payment=()&#xD;
  Referrer-Policy: no-referrer&#xD;
  X-Content-Type-Options: nosniff&#xD;
  X-Frame-Options: DENY&#xD;
  X-Permitted-Cross-Domain-Policies: none&#xD;
  X-XSS-Protection: 1; mode=block&#xD;
  X-UA-Compatible: IE=Edge&#xD;
  Strict-Transport-Security: max-age=31536000&#xD;
  X-Correlation-ID: 66d71ef8-b38c-4094-a3b7-875169d1af9d&#xD;
Response body:&#xD;
[&#xD;
  {&#xD;
    "id": "c438f0c0-241c-4047-9a21-be3b73b04eac",&#xD;
    "xAppId": "56efbbcb-b6d0-4110-8a85-39444d173e0b",&#xD;
    "traId": 957353799,&#xD;
    "name": "A Publisher / Tra",&#xD;
    "prefix": "AB",&#xD;
    "userGroup": "tra"&#xD;
  }&#xD;
]&#xD;
=================================&#xD;
========= cURL request =========&#xD;
curl -k -X DELETE "https://localhost:5001/dtroUsers/redundant" -H "x-App-Id: 8c5dd928-2c6b-4104-a000-283f8b366cf2" -H "Content-Type: application/json" -d "{\"ids\":[\"c438f0c0-241c-4047-9a21-be3b73b04eac\"]}"&#xD;
================================&#xD;
========= HTTP response =========&#xD;
Response status code: OK&#xD;
Response headers:&#xD;
  Date: Fri, 28 Feb 2025 10:34:15 GMT&#xD;
  Server: Kestrel&#xD;
  Cache-Control: no-store, must-revalidate, no-cache&#xD;
  Pragma: no-cache&#xD;
  Cross-Origin-Embedder-Policy: unsafe-none&#xD;
  Cross-Origin-Opener-Policy: same-origin&#xD;
  Cross-Origin-Resource-Policy: cross-origin&#xD;
  permissions-policy: geolocation=(), midi=(), sync-xhr=(), microphone=(), camera=(), magnetometer=(), gyroscope=(), fullscreen=(), payment=()&#xD;
  Referrer-Policy: no-referrer&#xD;
  X-Content-Type-Options: nosniff&#xD;
  X-Frame-Options: DENY&#xD;
  X-Permitted-Cross-Domain-Policies: none&#xD;
  X-XSS-Protection: 1; mode=block&#xD;
  X-UA-Compatible: IE=Edge&#xD;
  Strict-Transport-Security: max-age=31536000&#xD;
  X-Correlation-ID: afcbee4c-865e-498f-84e8-531240b0ced9&#xD;
Response body:&#xD;
true&#xD;
=================================&#xD;
Dtros table truncated successfully!&#xD;
Testing with file JSON-3.3.1-example-TTRO-SuspensionOneWay.json...&#xD;
App ID: 20bc94f5-0ff3-4234-8610-4b5b632529c6&#xD;
TRA ID: 960764433&#xD;
Group ID: 1&#xD;
========= cURL request =========&#xD;
curl -k -X POST "https://localhost:5001/dtroUsers/createFromBody" -H "x-App-Id: 1ede76e0-824e-4777-8199-be4095e65f13" -H "Content-Type: application/json" -d "{\r    \"id\": \"26fc4211-fa5b-442b-9978-fda7b1109a3c\",\r    \"traId\": 960764433,\r    \"name\": \"A publisher / TRA\",\r    \"prefix\": \"AB\",\r    \"userGroup\": 1,\r    \"xAppId\": \"1ede76e0-824e-4777-8199-be4095e65f13\"\r}"&#xD;
================================&#xD;
========= HTTP response =========&#xD;
Response status code: Created&#xD;
Response headers:&#xD;
  Date: Fri, 28 Feb 2025 10:34:15 GMT&#xD;
  Server: Kestrel&#xD;
  Cache-Control: no-store, must-revalidate, no-cache&#xD;
  Location: https://localhost:5001/dtroUsers/createFromBody?id=bea3549f-8178-4a0e-a0c1-f6cd469cc684&#xD;
  Pragma: no-cache&#xD;
  Cross-Origin-Embedder-Policy: unsafe-none&#xD;
  Cross-Origin-Opener-Policy: same-origin&#xD;
  Cross-Origin-Resource-Policy: cross-origin&#xD;
  permissions-policy: geolocation=(), midi=(), sync-xhr=(), microphone=(), camera=(), magnetometer=(), gyroscope=(), fullscreen=(), payment=()&#xD;
  Referrer-Policy: no-referrer&#xD;
  X-Content-Type-Options: nosniff&#xD;
  X-Frame-Options: DENY&#xD;
  X-Permitted-Cross-Domain-Policies: none&#xD;
  X-XSS-Protection: 1; mode=block&#xD;
  X-UA-Compatible: IE=Edge&#xD;
  Strict-Transport-Security: max-age=31536000&#xD;
  X-Correlation-ID: 25068f17-4333-434a-852e-5828a1066011&#xD;
Response body:&#xD;
{&#xD;
  "id": "bea3549f-8178-4a0e-a0c1-f6cd469cc684"&#xD;
}&#xD;
=================================&#xD;
========= cURL request =========&#xD;
curl -k -X POST "https://localhost:5001/dtros/createFromFile" -H "x-App-Id: 1ede76e0-824e-4777-8199-be4095e65f13" -H "Content-Type: multipart/form-data" --form 'file=@"C:\Users\BELGP3\OneDrive - PA Consulting Group\Documents\Work\Code\PA\Clients\DfT\dft-dtro-beta/examples/temp/JSON-3.3.1-example-TTRO-SuspensionOneWay.json"'&#xD;
================================&#xD;
========= HTTP response =========&#xD;
Response status code: Created&#xD;
Response headers:&#xD;
  Date: Fri, 28 Feb 2025 10:34:15 GMT&#xD;
  Server: Kestrel&#xD;
  Cache-Control: no-store, must-revalidate, no-cache&#xD;
  Location: https://localhost:5001/dtros/b7ca7aaa-c0a1-44ee-9d34-7f25e04bf192&#xD;
  Pragma: no-cache&#xD;
  Cross-Origin-Embedder-Policy: unsafe-none&#xD;
  Cross-Origin-Opener-Policy: same-origin&#xD;
  Cross-Origin-Resource-Policy: cross-origin&#xD;
  permissions-policy: geolocation=(), midi=(), sync-xhr=(), microphone=(), camera=(), magnetometer=(), gyroscope=(), fullscreen=(), payment=()&#xD;
  Referrer-Policy: no-referrer&#xD;
  X-Content-Type-Options: nosniff&#xD;
  X-Frame-Options: DENY&#xD;
  X-Permitted-Cross-Domain-Policies: none&#xD;
  X-XSS-Protection: 1; mode=block&#xD;
  X-UA-Compatible: IE=Edge&#xD;
  Strict-Transport-Security: max-age=31536000&#xD;
  X-Correlation-ID: 94cee4fd-4852-4595-9690-d2c083900599&#xD;
Response body:&#xD;
{&#xD;
  "id": "b7ca7aaa-c0a1-44ee-9d34-7f25e04bf192"&#xD;
}&#xD;
=================================&#xD;
========= cURL request =========&#xD;
curl -k -X GET "https://localhost:5001/dtros/b7ca7aaa-c0a1-44ee-9d34-7f25e04bf192" -H "x-App-Id: 1ede76e0-824e-4777-8199-be4095e65f13"&#xD;
================================&#xD;
========= HTTP response =========&#xD;
Response status code: OK&#xD;
Response headers:&#xD;
  Date: Fri, 28 Feb 2025 10:34:15 GMT&#xD;
  Server: Kestrel&#xD;
  Cache-Control: no-store, must-revalidate, no-cache&#xD;
  Pragma: no-cache&#xD;
  Cross-Origin-Embedder-Policy: unsafe-none&#xD;
  Cross-Origin-Opener-Policy: same-origin&#xD;
  Cross-Origin-Resource-Policy: cross-origin&#xD;
  permissions-policy: geolocation=(), midi=(), sync-xhr=(), microphone=(), camera=(), magnetometer=(), gyroscope=(), fullscreen=(), payment=()&#xD;
  Referrer-Policy: no-referrer&#xD;
  X-Content-Type-Options: nosniff&#xD;
  X-Frame-Options: DENY&#xD;
  X-Permitted-Cross-Domain-Policies: none&#xD;
  X-XSS-Protection: 1; mode=block&#xD;
  X-UA-Compatible: IE=Edge&#xD;
  Strict-Transport-Security: max-age=31536000&#xD;
  X-Correlation-ID: 495dbffc-37fd-469c-b664-b4747d2b2b95&#xD;
Response body:&#xD;
{&#xD;
  "id": "b7ca7aaa-c0a1-44ee-9d34-7f25e04bf192",&#xD;
  "schemaVersion": "3.3.1",&#xD;
  "data": {&#xD;
    "source": {&#xD;
      "section": "All sections",&#xD;
      "troName": "DfT Example - TTRO suspension of one way v3, Jan. 2025",&#xD;
      "provision": [&#xD;
        {&#xD;
          "reference": "b1618e6f-f65c-48c7-9cc7-45da9f45fbda",&#xD;
          "regulation": [&#xD;
            {&#xD;
              "timeZone": "Europe/London",&#xD;
              "condition": [&#xD;
                {&#xD;
                  "timeValidity": {&#xD;
                    "end": "2024-10-23T20:00:00",&#xD;
                    "start": "2024-10-23T08:00:00"&#xD;
                  }&#xD;
                }&#xD;
              ],&#xD;
              "isDynamic": false,&#xD;
              "generalRegulation": {&#xD;
                "regulationType": "miscSuspensionOfOneWay"&#xD;
              }&#xD;
            }&#xD;
          ],&#xD;
          "actionType": "new",&#xD;
          "regulatedPlace": [&#xD;
            {&#xD;
              "type": "regulationLocation",&#xD;
              "description": "Haydon Road",&#xD;
              "linearGeometry": {&#xD;
                "version": 1,&#xD;
                "direction": "bidirectional",&#xD;
                "linestring": "SRID=27700;LINESTRING(323357 124578, 323338 124640)",&#xD;
                "representation": "representingZone",&#xD;
                "lateralPosition": "centreline",&#xD;
                "externalReference": [&#xD;
                  {&#xD;
                    "lastUpdateDate": "2024-10-01T00:00:00",&#xD;
                    "uniqueStreetReferenceNumber": [&#xD;
                      {&#xD;
                        "usrn": 39605715&#xD;
                      }&#xD;
                    ]&#xD;
                  }&#xD;
                ]&#xD;
              }&#xD;
            }&#xD;
          ],&#xD;
          "orderReportingPoint": "ttroTtmoNoticeAfterMaking",&#xD;
          "provisionDescription": "Suspension of one way on Haydon Road, perhaps to be linked to placement of temporary traffic signals"&#xD;
        }&#xD;
      ],&#xD;
      "reference": "c962b51f-e1aa-416e-8f0b-aefe39a4c099",&#xD;
      "actionType": "new",&#xD;
      "traCreator": 960764433,&#xD;
      "traAffected": [&#xD;
        960764433&#xD;
      ],&#xD;
      "currentTraOwner": 960764433&#xD;
    }&#xD;
  }&#xD;
}&#xD;
=================================&#xD;
Comparing JSON...&#xD;
{&#xD;
  "data": {&#xD;
    "source": {&#xD;
      "actiontype": "new",&#xD;
      "currenttraowner": 960764433,&#xD;
      "provision": [&#xD;
        {&#xD;
          "actiontype": "new",&#xD;
          "orderreportingpoint": "ttrottmonoticeaftermaking",&#xD;
          "provisiondescription": "suspension of one way on haydon road, perhaps to be linked to placement of temporary traffic signals",&#xD;
          "reference": "b1618e6f-f65c-48c7-9cc7-45da9f45fbda",&#xD;
          "regulatedplace": [&#xD;
            {&#xD;
              "description": "haydon road",&#xD;
              "lineargeometry": {&#xD;
                "direction": "bidirectional",&#xD;
                "externalreference": [&#xD;
                  {&#xD;
                    "lastupdatedate": "2024-10-01t00:00:00",&#xD;
                    "uniquestreetreferencenumber": [&#xD;
                      {&#xD;
                        "usrn": 39605715&#xD;
                      }&#xD;
                    ]&#xD;
                  }&#xD;
                ],&#xD;
                "lateralposition": "centreline",&#xD;
                "linestring": "srid=27700;linestring(323357 124578, 323338 124640)",&#xD;
                "representation": "representingzone",&#xD;
                "version": 1&#xD;
              },&#xD;
              "type": "regulationlocation"&#xD;
            }&#xD;
          ],&#xD;
          "regulation": [&#xD;
            {&#xD;
              "condition": [&#xD;
                {&#xD;
                  "timevalidity": {&#xD;
                    "end": "2024-10-23t20:00:00",&#xD;
                    "start": "2024-10-23t08:00:00"&#xD;
                  }&#xD;
                }&#xD;
              ],&#xD;
              "generalregulation": {&#xD;
                "regulationtype": "miscsuspensionofoneway"&#xD;
              },&#xD;
              "isdynamic": false,&#xD;
              "timezone": "europe/london"&#xD;
            }&#xD;
          ]&#xD;
        }&#xD;
      ],&#xD;
      "reference": "c962b51f-e1aa-416e-8f0b-aefe39a4c099",&#xD;
      "section": "all sections",&#xD;
      "traaffected": [&#xD;
        960764433&#xD;
      ],&#xD;
      "tracreator": 960764433,&#xD;
      "troname": "dft example - ttro suspension of one way v3, jan. 2025"&#xD;
    }&#xD;
  },&#xD;
  "id": "b7ca7aaa-c0a1-44ee-9d34-7f25e04bf192",&#xD;
  "schemaversion": "3.3.1"&#xD;
}&#xD;
JSONs match!&#xD;
Global async teardown after each test...&#xD;
Do before each test...&#xD;
========= cURL request =========&#xD;
curl -k -X GET "https://localhost:5001/dtroUsers" -H "x-App-Id: 8c5dd928-2c6b-4104-a000-283f8b366cf2"&#xD;
================================&#xD;
========= HTTP response =========&#xD;
Response status code: OK&#xD;
Response headers:&#xD;
  Date: Fri, 28 Feb 2025 10:34:15 GMT&#xD;
  Server: Kestrel&#xD;
  Cache-Control: no-store, must-revalidate, no-cache&#xD;
  Pragma: no-cache&#xD;
  Cross-Origin-Embedder-Policy: unsafe-none&#xD;
  Cross-Origin-Opener-Policy: same-origin&#xD;
  Cross-Origin-Resource-Policy: cross-origin&#xD;
  permissions-policy: geolocation=(), midi=(), sync-xhr=(), microphone=(), camera=(), magnetometer=(), gyroscope=(), fullscreen=(), payment=()&#xD;
  Referrer-Policy: no-referrer&#xD;
  X-Content-Type-Options: nosniff&#xD;
  X-Frame-Options: DENY&#xD;
  X-Permitted-Cross-Domain-Policies: none&#xD;
  X-XSS-Protection: 1; mode=block&#xD;
  X-UA-Compatible: IE=Edge&#xD;
  Strict-Transport-Security: max-age=31536000&#xD;
  X-Correlation-ID: 5de786f5-51ad-46e3-92f6-5883526e79ba&#xD;
Response body:&#xD;
[&#xD;
  {&#xD;
    "id": "bea3549f-8178-4a0e-a0c1-f6cd469cc684",&#xD;
    "xAppId": "1ede76e0-824e-4777-8199-be4095e65f13",&#xD;
    "traId": 960764433,&#xD;
    "name": "A Publisher / Tra",&#xD;
    "prefix": "AB",&#xD;
    "userGroup": "tra"&#xD;
  }&#xD;
]&#xD;
=================================&#xD;
========= cURL request =========&#xD;
curl -k -X DELETE "https://localhost:5001/dtroUsers/redundant" -H "x-App-Id: 8c5dd928-2c6b-4104-a000-283f8b366cf2" -H "Content-Type: application/json" -d "{\"ids\":[\"bea3549f-8178-4a0e-a0c1-f6cd469cc684\"]}"&#xD;
================================&#xD;
========= HTTP response =========&#xD;
Response status code: OK&#xD;
Response headers:&#xD;
  Date: Fri, 28 Feb 2025 10:34:15 GMT&#xD;
  Server: Kestrel&#xD;
  Cache-Control: no-store, must-revalidate, no-cache&#xD;
  Pragma: no-cache&#xD;
  Cross-Origin-Embedder-Policy: unsafe-none&#xD;
  Cross-Origin-Opener-Policy: same-origin&#xD;
  Cross-Origin-Resource-Policy: cross-origin&#xD;
  permissions-policy: geolocation=(), midi=(), sync-xhr=(), microphone=(), camera=(), magnetometer=(), gyroscope=(), fullscreen=(), payment=()&#xD;
  Referrer-Policy: no-referrer&#xD;
  X-Content-Type-Options: nosniff&#xD;
  X-Frame-Options: DENY&#xD;
  X-Permitted-Cross-Domain-Policies: none&#xD;
  X-XSS-Protection: 1; mode=block&#xD;
  X-UA-Compatible: IE=Edge&#xD;
  Strict-Transport-Security: max-age=31536000&#xD;
  X-Correlation-ID: 6f4329c8-87e3-4296-9e8f-fe2e3df9215d&#xD;
Response body:&#xD;
true&#xD;
=================================&#xD;
Dtros table truncated successfully!&#xD;
Testing with file JSON-3.3.1-example-TTRO-RatesExample.json...&#xD;
App ID: 950ecd4d-0887-4ebd-8147-799c38e4f086&#xD;
TRA ID: 964375998&#xD;
Group ID: 1&#xD;
========= cURL request =========&#xD;
curl -k -X POST "https://localhost:5001/dtroUsers/createFromBody" -H "x-App-Id: 15b78025-f8fe-4289-98fe-56ca1b61c9f1" -H "Content-Type: application/json" -d "{\r    \"id\": \"26fc4211-fa5b-442b-9978-fda7b1109a3c\",\r    \"traId\": 964375998,\r    \"name\": \"A publisher / TRA\",\r    \"prefix\": \"AB\",\r    \"userGroup\": 1,\r    \"xAppId\": \"15b78025-f8fe-4289-98fe-56ca1b61c9f1\"\r}"&#xD;
================================&#xD;
========= HTTP response =========&#xD;
Response status code: Created&#xD;
Response headers:&#xD;
  Date: Fri, 28 Feb 2025 10:34:15 GMT&#xD;
  Server: Kestrel&#xD;
  Cache-Control: no-store, must-revalidate, no-cache&#xD;
  Location: https://localhost:5001/dtroUsers/createFromBody?id=0da5a26a-c51b-40f9-bba8-ba509b6d357c&#xD;
  Pragma: no-cache&#xD;
  Cross-Origin-Embedder-Policy: unsafe-none&#xD;
  Cross-Origin-Opener-Policy: same-origin&#xD;
  Cross-Origin-Resource-Policy: cross-origin&#xD;
  permissions-policy: geolocation=(), midi=(), sync-xhr=(), microphone=(), camera=(), magnetometer=(), gyroscope=(), fullscreen=(), payment=()&#xD;
  Referrer-Policy: no-referrer&#xD;
  X-Content-Type-Options: nosniff&#xD;
  X-Frame-Options: DENY&#xD;
  X-Permitted-Cross-Domain-Policies: none&#xD;
  X-XSS-Protection: 1; mode=block&#xD;
  X-UA-Compatible: IE=Edge&#xD;
  Strict-Transport-Security: max-age=31536000&#xD;
  X-Correlation-ID: a762372e-12dd-4acf-8efa-df18ce2af23b&#xD;
Response body:&#xD;
{&#xD;
  "id": "0da5a26a-c51b-40f9-bba8-ba509b6d357c"&#xD;
}&#xD;
=================================&#xD;
========= cURL request =========&#xD;
curl -k -X POST "https://localhost:5001/dtros/createFromFile" -H "x-App-Id: 15b78025-f8fe-4289-98fe-56ca1b61c9f1" -H "Content-Type: multipart/form-data" --form 'file=@"C:\Users\BELGP3\OneDrive - PA Consulting Group\Documents\Work\Code\PA\Clients\DfT\dft-dtro-beta/examples/temp/JSON-3.3.1-example-TTRO-RatesExample.json"'&#xD;
================================&#xD;
========= HTTP response =========&#xD;
Response status code: Created&#xD;
Response headers:&#xD;
  Date: Fri, 28 Feb 2025 10:34:15 GMT&#xD;
  Server: Kestrel&#xD;
  Cache-Control: no-store, must-revalidate, no-cache&#xD;
  Location: https://localhost:5001/dtros/31b4ba6d-52d7-49b7-a827-8d043277a9c3&#xD;
  Pragma: no-cache&#xD;
  Cross-Origin-Embedder-Policy: unsafe-none&#xD;
  Cross-Origin-Opener-Policy: same-origin&#xD;
  Cross-Origin-Resource-Policy: cross-origin&#xD;
  permissions-policy: geolocation=(), midi=(), sync-xhr=(), microphone=(), camera=(), magnetometer=(), gyroscope=(), fullscreen=(), payment=()&#xD;
  Referrer-Policy: no-referrer&#xD;
  X-Content-Type-Options: nosniff&#xD;
  X-Frame-Options: DENY&#xD;
  X-Permitted-Cross-Domain-Policies: none&#xD;
  X-XSS-Protection: 1; mode=block&#xD;
  X-UA-Compatible: IE=Edge&#xD;
  Strict-Transport-Security: max-age=31536000&#xD;
  X-Correlation-ID: 1b686699-045a-488c-be37-9bd7df5246cf&#xD;
Response body:&#xD;
{&#xD;
  "id": "31b4ba6d-52d7-49b7-a827-8d043277a9c3"&#xD;
}&#xD;
=================================&#xD;
========= cURL request =========&#xD;
curl -k -X GET "https://localhost:5001/dtros/31b4ba6d-52d7-49b7-a827-8d043277a9c3" -H "x-App-Id: 15b78025-f8fe-4289-98fe-56ca1b61c9f1"&#xD;
================================&#xD;
========= HTTP response =========&#xD;
Response status code: OK&#xD;
Response headers:&#xD;
  Date: Fri, 28 Feb 2025 10:34:15 GMT&#xD;
  Server: Kestrel&#xD;
  Cache-Control: no-store, must-revalidate, no-cache&#xD;
  Pragma: no-cache&#xD;
  Cross-Origin-Embedder-Policy: unsafe-none&#xD;
  Cross-Origin-Opener-Policy: same-origin&#xD;
  Cross-Origin-Resource-Policy: cross-origin&#xD;
  permissions-policy: geolocation=(), midi=(), sync-xhr=(), microphone=(), camera=(), magnetometer=(), gyroscope=(), fullscreen=(), payment=()&#xD;
  Referrer-Policy: no-referrer&#xD;
  X-Content-Type-Options: nosniff&#xD;
  X-Frame-Options: DENY&#xD;
  X-Permitted-Cross-Domain-Policies: none&#xD;
  X-XSS-Protection: 1; mode=block&#xD;
  X-UA-Compatible: IE=Edge&#xD;
  Strict-Transport-Security: max-age=31536000&#xD;
  X-Correlation-ID: 9815c70e-66c0-438a-9de9-eb5ce7f0e484&#xD;
Response body:&#xD;
{&#xD;
  "id": "31b4ba6d-52d7-49b7-a827-8d043277a9c3",&#xD;
  "schemaVersion": "3.3.1",&#xD;
  "data": {&#xD;
    "source": {&#xD;
      "section": "All sections",&#xD;
      "troName": "DfT Example - Rates example v1, Jan. 2025",&#xD;
      "_comment": "DfT example D-TRO, multiple provisions, multiple conditions, TemporaryRegulation, OffListRegulation, Permits, Rates",&#xD;
      "provision": [&#xD;
        {&#xD;
          "_comment": "Provision 1: Permanent TRO - parking controls, with day - time restrictions, rate table",&#xD;
          "reference": "c962b51f-e1aa-416e-8f0b-aefe39a4c099",&#xD;
          "regulation": [&#xD;
            {&#xD;
              "timeZone": "Europe/London",&#xD;
              "rateTable": {&#xD;
                "type": "hourly",&#xD;
                "_comment": "trial rates table, with increments \u00A31 first hour, \u00A32 cumulative for first two hours, \u00A37.20 thereafter, between 9am and 8pm",&#xD;
                "rateLineCollection": [&#xD;
                  {&#xD;
                    "maxTime": 660,&#xD;
                    "minTime": 60,&#xD;
                    "rateLine": [&#xD;
                      {&#xD;
                        "type": "flatRateTier",&#xD;
                        "value": 1,&#xD;
                        "maxValue": 7.2,&#xD;
                        "minValue": 1,&#xD;
                        "sequence": 1,&#xD;
                        "durationEnd": 59,&#xD;
                        "durationStart": 1,&#xD;
                        "usageCondition": "fixedDuration",&#xD;
                        "incrementPeriod": 58&#xD;
                      },&#xD;
                      {&#xD;
                        "type": "flatRateTier",&#xD;
                        "value": 1,&#xD;
                        "maxValue": 7.2,&#xD;
                        "minValue": 2,&#xD;
                        "sequence": 2,&#xD;
                        "durationEnd": 119,&#xD;
                        "durationStart": 60,&#xD;
                        "usageCondition": "fixedDuration",&#xD;
                        "incrementPeriod": 59&#xD;
                      },&#xD;
                      {&#xD;
                        "type": "flatRateTier",&#xD;
                        "value": 5.2,&#xD;
                        "maxValue": 7.2,&#xD;
                        "minValue": 2,&#xD;
                        "sequence": 3,&#xD;
                        "durationEnd": 660,&#xD;
                        "durationStart": 120,&#xD;
                        "usageCondition": "fixedDuration",&#xD;
                        "incrementPeriod": 540&#xD;
                      }&#xD;
                    ],&#xD;
                    "sequence": 1,&#xD;
                    "resetTime": "20:00:00",&#xD;
                    "applicableCurrency": "GBP",&#xD;
                    "maxValueCollection": 7.2,&#xD;
                    "minValueCollection": 1.0,&#xD;
                    "startValidUsagePeriod": "2024-12-10T09:00:00"&#xD;
                  }&#xD;
                ],&#xD;
                "additionalInformation": "http://www.somewhere.something.gov.uk"&#xD;
              },&#xD;
              "isDynamic": false,&#xD;
              "conditionSet": [&#xD;
                {&#xD;
                  "operator": "and",&#xD;
                  "condition": [&#xD;
                    {&#xD;
                      "negate": false,&#xD;
                      "timeValidity": {&#xD;
                        "start": "2024-09-22T08:00:00",&#xD;
                        "validPeriod": [&#xD;
                          {&#xD;
                            "recurringTimePeriodOfDay": [&#xD;
                              {&#xD;
                                "endTimeOfPeriod": "20:00:00",&#xD;
                                "startTimeOfPeriod": "09:00:00"&#xD;
                              }&#xD;
                            ],&#xD;
                            "recurringDayWeekMonthPeriod": [&#xD;
                              {&#xD;
                                "applicableDay": [&#xD;
                                  "monday",&#xD;
                                  "tuesday",&#xD;
                                  "wednesday",&#xD;
                                  "thursday",&#xD;
                                  "friday",&#xD;
                                  "saturday",&#xD;
                                  "sunday"&#xD;
                                ]&#xD;
                              }&#xD;
                            ]&#xD;
                          }&#xD;
                        ],&#xD;
                        "exceptionPeriod": [&#xD;
                          {&#xD;
                            "recurringSpecialDay": [&#xD;
                              {&#xD;
                                "specialDayType": "publicHoliday",&#xD;
                                "intersectWithApplicableDays": true&#xD;
                              }&#xD;
                            ]&#xD;
                          }&#xD;
                        ]&#xD;
                      }&#xD;
                    }&#xD;
                  ],&#xD;
                  "conditionSet": [&#xD;
                    {&#xD;
                      "operator": "or",&#xD;
                      "conditions": [&#xD;
                        {&#xD;
                          "negate": false,&#xD;
                          "vehicleCharacteristics": {&#xD;
                            "vehicleType": "car"&#xD;
                          }&#xD;
                        },&#xD;
                        {&#xD;
                          "negate": true,&#xD;
                          "vehicleCharacteristics": {&#xD;
                            "vehicleType": "caravan"&#xD;
                          }&#xD;
                        },&#xD;
                        {&#xD;
                          "negate": true,&#xD;
                          "vehicleCharacteristics": {&#xD;
                            "vehicleType": "vehicleWithTrailer"&#xD;
                          }&#xD;
                        }&#xD;
                      ]&#xD;
                    }&#xD;
                  ]&#xD;
                }&#xD;
              ],&#xD;
              "generalRegulation": {&#xD;
                "regulationType": "kerbsidePaymentParkingPlace"&#xD;
              }&#xD;
            }&#xD;
          ],&#xD;
          "actionType": "new",&#xD;
          "regulatedPlace": [&#xD;
            {&#xD;
              "type": "regulationLocation",&#xD;
              "description": "East Reach, Taunton, northside / eastbound, between 10 metres east from the junction with Tancred Street to 15 metres west of the junction with South Street {approximate - linear}",&#xD;
              "directedLinear": {&#xD;
                "version": 1,&#xD;
                "externalReference": [&#xD;
                  {&#xD;
                    "lastUpdateDate": "2024-10-01T00:00:00",&#xD;
                    "uniqueStreetReferenceNumber": [&#xD;
                      {&#xD;
                        "usrn": 39608173&#xD;
                      }&#xD;
                    ]&#xD;
                  }&#xD;
                ],&#xD;
                "directedLineString": "SRID=27700;LINESTRING(323158 124529,323252 124546)"&#xD;
              }&#xD;
            }&#xD;
          ],&#xD;
          "orderReportingPoint": "permanentNoticeOfMaking",&#xD;
          "provisionDescription": "Parking restrictions, East Reach, Pay \u0026 Display Parking Places - Monday to Sunday 9.00 am to 8.00 pm"&#xD;
        },&#xD;
        {&#xD;
          "_comment": "Provision 2: Permanent TRO - parking controls, with day - time restrictions, rate table",&#xD;
          "reference": "c962b51f-e1aa-416e-8f0b-aefe39a4c098",&#xD;
          "regulation": [&#xD;
            {&#xD;
              "timeZone": "Europe/London",&#xD;
              "condition": [&#xD;
                {&#xD;
                  "negate": false,&#xD;
                  "timeValidity": {&#xD;
                    "start": "2024-09-22T08:00:00",&#xD;
                    "validPeriod": [&#xD;
                      {&#xD;
                        "recurringTimePeriodOfDay": [&#xD;
                          {&#xD;
                            "endTimeOfPeriod": "18:00:00",&#xD;
                            "startTimeOfPeriod": "08:00:00"&#xD;
                          }&#xD;
                        ],&#xD;
                        "recurringDayWeekMonthPeriod": [&#xD;
                          {&#xD;
                            "applicableDay": [&#xD;
                              "monday",&#xD;
                              "tuesday",&#xD;
                              "wednesday",&#xD;
                              "thursday",&#xD;
                              "friday"&#xD;
                            ]&#xD;
                          }&#xD;
                        ]&#xD;
                      }&#xD;
                    ],&#xD;
                    "exceptionPeriod": [&#xD;
                      {&#xD;
                        "recurringSpecialDay": [&#xD;
                          {&#xD;
                            "specialDayType": "publicHoliday",&#xD;
                            "intersectWithApplicableDays": true&#xD;
                          }&#xD;
                        ]&#xD;
                      }&#xD;
                    ]&#xD;
                  }&#xD;
                }&#xD;
              ],&#xD;
              "rateTable": {&#xD;
                "type": "hourly",&#xD;
                "_comment": "trial rates table, with increments \u00A31 first hour, \u00A32 cumulative for first two hours, \u00A37.20 thereafter, between 9am and 8pm",&#xD;
                "rateLineCollection": [&#xD;
                  {&#xD;
                    "maxTime": 660,&#xD;
                    "minTime": 60,&#xD;
                    "rateLine": [&#xD;
                      {&#xD;
                        "type": "flatRateTier",&#xD;
                        "value": 1,&#xD;
                        "maxValue": 7.2,&#xD;
                        "minValue": 1,&#xD;
                        "sequence": 1,&#xD;
                        "durationEnd": 59,&#xD;
                        "durationStart": 1,&#xD;
                        "usageCondition": "fixedDuration",&#xD;
                        "incrementPeriod": 58&#xD;
                      },&#xD;
                      {&#xD;
                        "type": "flatRateTier",&#xD;
                        "value": 1,&#xD;
                        "maxValue": 7.2,&#xD;
                        "minValue": 2,&#xD;
                        "sequence": 2,&#xD;
                        "durationEnd": 119,&#xD;
                        "durationStart": 60,&#xD;
                        "usageCondition": "fixedDuration",&#xD;
                        "incrementPeriod": 59&#xD;
                      },&#xD;
                      {&#xD;
                        "type": "flatRateTier",&#xD;
                        "value": 5.2,&#xD;
                        "maxValue": 7.2,&#xD;
                        "minValue": 2,&#xD;
                        "sequence": 3,&#xD;
                        "durationEnd": 660,&#xD;
                        "durationStart": 120,&#xD;
                        "usageCondition": "fixedDuration",&#xD;
                        "incrementPeriod": 540&#xD;
                      }&#xD;
                    ],&#xD;
                    "sequence": 1,&#xD;
                    "resetTime": "18:00:00",&#xD;
                    "applicableCurrency": "GBP",&#xD;
                    "maxValueCollection": 7.2,&#xD;
                    "minValueCollection": 1.0,&#xD;
                    "startValidUsagePeriod": "2024-12-10T08:00:00"&#xD;
                  }&#xD;
                ],&#xD;
                "additionalInformation": "http://www.somewhere.something.gov.uk"&#xD;
              },&#xD;
              "isDynamic": false,&#xD;
              "generalRegulation": {&#xD;
                "regulationType": "kerbsidePaymentParkingPlace"&#xD;
              }&#xD;
            }&#xD;
          ],&#xD;
          "actionType": "new",&#xD;
          "regulatedPlace": [&#xD;
            {&#xD;
              "type": "regulationLocation",&#xD;
              "description": "East Reach, Taunton, southside / westbound, between 15 metres west from the junction with Victoria Street to 23 metres east of the junction with Haydon Road {approximate - linear}",&#xD;
              "linearGeometry": {&#xD;
                "version": 1,&#xD;
                "direction": "startToEnd",&#xD;
                "linestring": "SRID=27700;LINESTRING(323549 124618,323478 124594,323381 124569)",&#xD;
                "representation": "linear",&#xD;
                "lateralPosition": "onKerb",&#xD;
                "externalReference": [&#xD;
                  {&#xD;
                    "lastUpdateDate": "2024-10-01T00:00:00",&#xD;
                    "uniqueStreetReferenceNumber": [&#xD;
                      {&#xD;
                        "usrn": 39608173,&#xD;
                        "nsgStreetName": "East Reach",&#xD;
                        "nsgStreetNumber": "A38"&#xD;
                      }&#xD;
                    ]&#xD;
                  }&#xD;
                ]&#xD;
              }&#xD;
            }&#xD;
          ],&#xD;
          "orderReportingPoint": "permanentNoticeOfMaking",&#xD;
          "provisionDescription": "Parking restrictions, East Reach, southside / westbound, Pay \u0026 Display Parking Places - Monday to Friday 8.00 am to 6.00 pm"&#xD;
        }&#xD;
      ],&#xD;
      "reference": "abc",&#xD;
      "actionType": "new",&#xD;
      "traCreator": 964375998,&#xD;
      "traAffected": [&#xD;
        964375998&#xD;
      ],&#xD;
      "currentTraOwner": 964375998&#xD;
    }&#xD;
  }&#xD;
}&#xD;
=================================&#xD;
Comparing JSON...&#xD;
{&#xD;
  "data": {&#xD;
    "source": {&#xD;
      "_comment": "dft example d-tro, multiple provisions, multiple conditions, temporaryregulation, offlistregulation, permits, rates",&#xD;
      "actiontype": "new",&#xD;
      "currenttraowner": 964375998,&#xD;
      "provision": [&#xD;
        {&#xD;
          "_comment": "provision 1: permanent tro - parking controls, with day - time restrictions, rate table",&#xD;
          "actiontype": "new",&#xD;
          "orderreportingpoint": "permanentnoticeofmaking",&#xD;
          "provisiondescription": "parking restrictions, east reach, pay &amp; display parking places - monday to sunday 9.00 am to 8.00 pm",&#xD;
          "reference": "c962b51f-e1aa-416e-8f0b-aefe39a4c099",&#xD;
          "regulatedplace": [&#xD;
            {&#xD;
              "description": "east reach, taunton, northside / eastbound, between 10 metres east from the junction with tancred street to 15 metres west of the junction with south street {approximate - linear}",&#xD;
              "directedlinear": {&#xD;
                "directedlinestring": "srid=27700;linestring(323158 124529,323252 124546)",&#xD;
                "externalreference": [&#xD;
                  {&#xD;
                    "lastupdatedate": "2024-10-01t00:00:00",&#xD;
                    "uniquestreetreferencenumber": [&#xD;
                      {&#xD;
                        "usrn": 39608173&#xD;
                      }&#xD;
                    ]&#xD;
                  }&#xD;
                ],&#xD;
                "version": 1&#xD;
              },&#xD;
              "type": "regulationlocation"&#xD;
            }&#xD;
          ],&#xD;
          "regulation": [&#xD;
            {&#xD;
              "conditionset": [&#xD;
                {&#xD;
                  "condition": [&#xD;
                    {&#xD;
                      "negate": false,&#xD;
                      "timevalidity": {&#xD;
                        "exceptionperiod": [&#xD;
                          {&#xD;
                            "recurringspecialday": [&#xD;
                              {&#xD;
                                "intersectwithapplicabledays": true,&#xD;
                                "specialdaytype": "publicholiday"&#xD;
                              }&#xD;
                            ]&#xD;
                          }&#xD;
                        ],&#xD;
                        "start": "2024-09-22t08:00:00",&#xD;
                        "validperiod": [&#xD;
                          {&#xD;
                            "recurringdayweekmonthperiod": [&#xD;
                              {&#xD;
                                "applicableday": [&#xD;
                                  "monday",&#xD;
                                  "tuesday",&#xD;
                                  "wednesday",&#xD;
                                  "thursday",&#xD;
                                  "friday",&#xD;
                                  "saturday",&#xD;
                                  "sunday"&#xD;
                                ]&#xD;
                              }&#xD;
                            ],&#xD;
                            "recurringtimeperiodofday": [&#xD;
                              {&#xD;
                                "endtimeofperiod": "20:00:00",&#xD;
                                "starttimeofperiod": "09:00:00"&#xD;
                              }&#xD;
                            ]&#xD;
                          }&#xD;
                        ]&#xD;
                      }&#xD;
                    }&#xD;
                  ],&#xD;
                  "conditionset": [&#xD;
                    {&#xD;
                      "conditions": [&#xD;
                        {&#xD;
                          "negate": false,&#xD;
                          "vehiclecharacteristics": {&#xD;
                            "vehicletype": "car"&#xD;
                          }&#xD;
                        },&#xD;
                        {&#xD;
                          "negate": true,&#xD;
                          "vehiclecharacteristics": {&#xD;
                            "vehicletype": "caravan"&#xD;
                          }&#xD;
                        },&#xD;
                        {&#xD;
                          "negate": true,&#xD;
                          "vehiclecharacteristics": {&#xD;
                            "vehicletype": "vehiclewithtrailer"&#xD;
                          }&#xD;
                        }&#xD;
                      ],&#xD;
                      "operator": "or"&#xD;
                    }&#xD;
                  ],&#xD;
                  "operator": "and"&#xD;
                }&#xD;
              ],&#xD;
              "generalregulation": {&#xD;
                "regulationtype": "kerbsidepaymentparkingplace"&#xD;
              },&#xD;
              "isdynamic": false,&#xD;
              "ratetable": {&#xD;
                "_comment": "trial rates table, with increments �1 first hour, �2 cumulative for first two hours, �7.20 thereafter, between 9am and 8pm",&#xD;
                "additionalinformation": "http://www.somewhere.something.gov.uk",&#xD;
                "ratelinecollection": [&#xD;
                  {&#xD;
                    "applicablecurrency": "gbp",&#xD;
                    "maxtime": 660,&#xD;
                    "maxvaluecollection": 7.2,&#xD;
                    "mintime": 60,&#xD;
                    "minvaluecollection": 1.0,&#xD;
                    "rateline": [&#xD;
                      {&#xD;
                        "durationend": 59,&#xD;
                        "durationstart": 1,&#xD;
                        "incrementperiod": 58,&#xD;
                        "maxvalue": 7.2,&#xD;
                        "minvalue": 1,&#xD;
                        "sequence": 1,&#xD;
                        "type": "flatratetier",&#xD;
                        "usagecondition": "fixedduration",&#xD;
                        "value": 1&#xD;
                      },&#xD;
                      {&#xD;
                        "durationend": 119,&#xD;
                        "durationstart": 60,&#xD;
                        "incrementperiod": 59,&#xD;
                        "maxvalue": 7.2,&#xD;
                        "minvalue": 2,&#xD;
                        "sequence": 2,&#xD;
                        "type": "flatratetier",&#xD;
                        "usagecondition": "fixedduration",&#xD;
                        "value": 1&#xD;
                      },&#xD;
                      {&#xD;
                        "durationend": 660,&#xD;
                        "durationstart": 120,&#xD;
                        "incrementperiod": 540,&#xD;
                        "maxvalue": 7.2,&#xD;
                        "minvalue": 2,&#xD;
                        "sequence": 3,&#xD;
                        "type": "flatratetier",&#xD;
                        "usagecondition": "fixedduration",&#xD;
                        "value": 5.2&#xD;
                      }&#xD;
                    ],&#xD;
                    "resettime": "20:00:00",&#xD;
                    "sequence": 1,&#xD;
                    "startvalidusageperiod": "2024-12-10t09:00:00"&#xD;
                  }&#xD;
                ],&#xD;
                "type": "hourly"&#xD;
              },&#xD;
              "timezone": "europe/london"&#xD;
            }&#xD;
          ]&#xD;
        },&#xD;
        {&#xD;
          "_comment": "provision 2: permanent tro - parking controls, with day - time restrictions, rate table",&#xD;
          "actiontype": "new",&#xD;
          "orderreportingpoint": "permanentnoticeofmaking",&#xD;
          "provisiondescription": "parking restrictions, east reach, southside / westbound, pay &amp; display parking places - monday to friday 8.00 am to 6.00 pm",&#xD;
          "reference": "c962b51f-e1aa-416e-8f0b-aefe39a4c098",&#xD;
          "regulatedplace": [&#xD;
            {&#xD;
              "description": "east reach, taunton, southside / westbound, between 15 metres west from the junction with victoria street to 23 metres east of the junction with haydon road {approximate - linear}",&#xD;
              "lineargeometry": {&#xD;
                "direction": "starttoend",&#xD;
                "externalreference": [&#xD;
                  {&#xD;
                    "lastupdatedate": "2024-10-01t00:00:00",&#xD;
                    "uniquestreetreferencenumber": [&#xD;
                      {&#xD;
                        "nsgstreetname": "east reach",&#xD;
                        "nsgstreetnumber": "a38",&#xD;
                        "usrn": 39608173&#xD;
                      }&#xD;
                    ]&#xD;
                  }&#xD;
                ],&#xD;
                "lateralposition": "onkerb",&#xD;
                "linestring": "srid=27700;linestring(323549 124618,323478 124594,323381 124569)",&#xD;
                "representation": "linear",&#xD;
                "version": 1&#xD;
              },&#xD;
              "type": "regulationlocation"&#xD;
            }&#xD;
          ],&#xD;
          "regulation": [&#xD;
            {&#xD;
              "condition": [&#xD;
                {&#xD;
                  "negate": false,&#xD;
                  "timevalidity": {&#xD;
                    "exceptionperiod": [&#xD;
                      {&#xD;
                        "recurringspecialday": [&#xD;
                          {&#xD;
                            "intersectwithapplicabledays": true,&#xD;
                            "specialdaytype": "publicholiday"&#xD;
                          }&#xD;
                        ]&#xD;
                      }&#xD;
                    ],&#xD;
                    "start": "2024-09-22t08:00:00",&#xD;
                    "validperiod": [&#xD;
                      {&#xD;
                        "recurringdayweekmonthperiod": [&#xD;
                          {&#xD;
                            "applicableday": [&#xD;
                              "monday",&#xD;
                              "tuesday",&#xD;
                              "wednesday",&#xD;
                              "thursday",&#xD;
                              "friday"&#xD;
                            ]&#xD;
                          }&#xD;
                        ],&#xD;
                        "recurringtimeperiodofday": [&#xD;
                          {&#xD;
                            "endtimeofperiod": "18:00:00",&#xD;
                            "starttimeofperiod": "08:00:00"&#xD;
                          }&#xD;
                        ]&#xD;
                      }&#xD;
                    ]&#xD;
                  }&#xD;
                }&#xD;
              ],&#xD;
              "generalregulation": {&#xD;
                "regulationtype": "kerbsidepaymentparkingplace"&#xD;
              },&#xD;
              "isdynamic": false,&#xD;
              "ratetable": {&#xD;
                "_comment": "trial rates table, with increments �1 first hour, �2 cumulative for first two hours, �7.20 thereafter, between 9am and 8pm",&#xD;
                "additionalinformation": "http://www.somewhere.something.gov.uk",&#xD;
                "ratelinecollection": [&#xD;
                  {&#xD;
                    "applicablecurrency": "gbp",&#xD;
                    "maxtime": 660,&#xD;
                    "maxvaluecollection": 7.2,&#xD;
                    "mintime": 60,&#xD;
                    "minvaluecollection": 1.0,&#xD;
                    "rateline": [&#xD;
                      {&#xD;
                        "durationend": 59,&#xD;
                        "durationstart": 1,&#xD;
                        "incrementperiod": 58,&#xD;
                        "maxvalue": 7.2,&#xD;
                        "minvalue": 1,&#xD;
                        "sequence": 1,&#xD;
                        "type": "flatratetier",&#xD;
                        "usagecondition": "fixedduration",&#xD;
                        "value": 1&#xD;
                      },&#xD;
                      {&#xD;
                        "durationend": 119,&#xD;
                        "durationstart": 60,&#xD;
                        "incrementperiod": 59,&#xD;
                        "maxvalue": 7.2,&#xD;
                        "minvalue": 2,&#xD;
                        "sequence": 2,&#xD;
                        "type": "flatratetier",&#xD;
                        "usagecondition": "fixedduration",&#xD;
                        "value": 1&#xD;
                      },&#xD;
                      {&#xD;
                        "durationend": 660,&#xD;
                        "durationstart": 120,&#xD;
                        "incrementperiod": 540,&#xD;
                        "maxvalue": 7.2,&#xD;
                        "minvalue": 2,&#xD;
                        "sequence": 3,&#xD;
                        "type": "flatratetier",&#xD;
                        "usagecondition": "fixedduration",&#xD;
                        "value": 5.2&#xD;
                      }&#xD;
                    ],&#xD;
                    "resettime": "18:00:00",&#xD;
                    "sequence": 1,&#xD;
                    "startvalidusageperiod": "2024-12-10t08:00:00"&#xD;
                  }&#xD;
                ],&#xD;
                "type": "hourly"&#xD;
              },&#xD;
              "timezone": "europe/london"&#xD;
            }&#xD;
          ]&#xD;
        }&#xD;
      ],&#xD;
      "reference": "abc",&#xD;
      "section": "all sections",&#xD;
      "traaffected": [&#xD;
        964375998&#xD;
      ],&#xD;
      "tracreator": 964375998,&#xD;
      "troname": "dft example - rates example v1, jan. 2025"&#xD;
    }&#xD;
  },&#xD;
  "id": "31b4ba6d-52d7-49b7-a827-8d043277a9c3",&#xD;
  "schemaversion": "3.3.1"&#xD;
}&#xD;
JSONs match!&#xD;
Global async teardown after each test...&#xD;
[xUnit.net 00:00:14.01]   Finished:    DfT.DTRO.IntegrationTests&#xD;
</StdOut>
    </Output>
  </ResultSummary>
</TestRun>